[2023-05-10T10:46:34.299+0000] {taskinstance.py:1165} INFO - Dependencies all met for <TaskInstance: extr_proc_aug_pipl.train_bert_text scheduled__2022-12-26T15:30:00+00:00 [queued]>
[2023-05-10T10:46:34.340+0000] {taskinstance.py:1165} INFO - Dependencies all met for <TaskInstance: extr_proc_aug_pipl.train_bert_text scheduled__2022-12-26T15:30:00+00:00 [queued]>
[2023-05-10T10:46:34.341+0000] {taskinstance.py:1362} INFO - 
--------------------------------------------------------------------------------
[2023-05-10T10:46:34.342+0000] {taskinstance.py:1363} INFO - Starting attempt 1 of 4
[2023-05-10T10:46:34.342+0000] {taskinstance.py:1364} INFO - 
--------------------------------------------------------------------------------
[2023-05-10T10:46:34.396+0000] {taskinstance.py:1383} INFO - Executing <Task(BashOperator): train_bert_text> on 2022-12-26 15:30:00+00:00
[2023-05-10T10:46:34.410+0000] {standard_task_runner.py:55} INFO - Started process 990 to run task
[2023-05-10T10:46:34.417+0000] {standard_task_runner.py:82} INFO - Running: ['***', 'tasks', 'run', 'extr_proc_aug_pipl', 'train_bert_text', 'scheduled__2022-12-26T15:30:00+00:00', '--job-id', '5693', '--raw', '--subdir', 'DAGS_FOLDER/extr_processing_augmentation.py', '--cfg-path', '/tmp/tmpb32xlsm5']
[2023-05-10T10:46:34.421+0000] {standard_task_runner.py:83} INFO - Job 5693: Subtask train_bert_text
[2023-05-10T10:46:34.461+0000] {logging_mixin.py:120} WARNING - /home/***/.local/lib/python3.7/site-packages/***/configuration.py:545 DeprecationWarning: The sql_alchemy_conn option in [core] has been moved to the sql_alchemy_conn option in [database] - the old setting has been used, but please update your config.
[2023-05-10T10:46:34.660+0000] {task_command.py:376} INFO - Running <TaskInstance: extr_proc_aug_pipl.train_bert_text scheduled__2022-12-26T15:30:00+00:00 [running]> on host 0961b7a3874f
[2023-05-10T10:46:35.010+0000] {taskinstance.py:1592} INFO - Exporting the following env vars:
AIRFLOW_CTX_DAG_EMAIL=***@***.com
AIRFLOW_CTX_DAG_OWNER=***
AIRFLOW_CTX_DAG_ID=extr_proc_aug_pipl
AIRFLOW_CTX_TASK_ID=train_bert_text
AIRFLOW_CTX_EXECUTION_DATE=2022-12-26T15:30:00+00:00
AIRFLOW_CTX_TRY_NUMBER=1
AIRFLOW_CTX_DAG_RUN_ID=scheduled__2022-12-26T15:30:00+00:00
[2023-05-10T10:46:35.014+0000] {subprocess.py:63} INFO - Tmp dir root location: 
 /tmp
[2023-05-10T10:46:35.021+0000] {subprocess.py:75} INFO - Running command: ['/bin/bash', '-c', 'sleep 5']
[2023-05-10T10:46:35.063+0000] {subprocess.py:86} INFO - Output:
[2023-05-10T10:46:40.070+0000] {subprocess.py:97} INFO - Command exited with return code 0
[2023-05-10T10:46:40.119+0000] {taskinstance.py:1406} INFO - Marking task as SUCCESS. dag_id=extr_proc_aug_pipl, task_id=train_bert_text, execution_date=20221226T153000, start_date=20230510T104634, end_date=20230510T104640
[2023-05-10T10:46:40.181+0000] {local_task_job.py:164} INFO - Task exited with return code 0
[2023-05-10T10:46:40.299+0000] {local_task_job.py:273} INFO - 1 downstream tasks scheduled from follow-on schedule check
