[2023-05-10T10:49:15.082+0000] {taskinstance.py:1165} INFO - Dependencies all met for <TaskInstance: extr_proc_aug_pipl.extract_data scheduled__2022-12-28T04:30:00+00:00 [queued]>
[2023-05-10T10:49:15.114+0000] {taskinstance.py:1165} INFO - Dependencies all met for <TaskInstance: extr_proc_aug_pipl.extract_data scheduled__2022-12-28T04:30:00+00:00 [queued]>
[2023-05-10T10:49:15.115+0000] {taskinstance.py:1362} INFO - 
--------------------------------------------------------------------------------
[2023-05-10T10:49:15.115+0000] {taskinstance.py:1363} INFO - Starting attempt 1 of 2
[2023-05-10T10:49:15.116+0000] {taskinstance.py:1364} INFO - 
--------------------------------------------------------------------------------
[2023-05-10T10:49:15.264+0000] {taskinstance.py:1383} INFO - Executing <Task(BashOperator): extract_data> on 2022-12-28 04:30:00+00:00
[2023-05-10T10:49:15.308+0000] {standard_task_runner.py:55} INFO - Started process 2070 to run task
[2023-05-10T10:49:15.397+0000] {standard_task_runner.py:82} INFO - Running: ['***', 'tasks', 'run', 'extr_proc_aug_pipl', 'extract_data', 'scheduled__2022-12-28T04:30:00+00:00', '--job-id', '6000', '--raw', '--subdir', 'DAGS_FOLDER/extr_processing_augmentation.py', '--cfg-path', '/tmp/tmpro7gqe4g']
[2023-05-10T10:49:15.411+0000] {standard_task_runner.py:83} INFO - Job 6000: Subtask extract_data
[2023-05-10T10:49:15.613+0000] {logging_mixin.py:120} WARNING - /home/***/.local/lib/python3.7/site-packages/***/configuration.py:545 DeprecationWarning: The sql_alchemy_conn option in [core] has been moved to the sql_alchemy_conn option in [database] - the old setting has been used, but please update your config.
[2023-05-10T10:49:16.147+0000] {task_command.py:376} INFO - Running <TaskInstance: extr_proc_aug_pipl.extract_data scheduled__2022-12-28T04:30:00+00:00 [running]> on host 0961b7a3874f
[2023-05-10T10:49:17.207+0000] {taskinstance.py:1592} INFO - Exporting the following env vars:
AIRFLOW_CTX_DAG_EMAIL=***@***.com
AIRFLOW_CTX_DAG_OWNER=***
AIRFLOW_CTX_DAG_ID=extr_proc_aug_pipl
AIRFLOW_CTX_TASK_ID=extract_data
AIRFLOW_CTX_EXECUTION_DATE=2022-12-28T04:30:00+00:00
AIRFLOW_CTX_TRY_NUMBER=1
AIRFLOW_CTX_DAG_RUN_ID=scheduled__2022-12-28T04:30:00+00:00
[2023-05-10T10:49:17.245+0000] {subprocess.py:63} INFO - Tmp dir root location: 
 /tmp
[2023-05-10T10:49:17.246+0000] {subprocess.py:75} INFO - Running command: ['/bin/bash', '-c', 'date']
[2023-05-10T10:49:17.323+0000] {subprocess.py:86} INFO - Output:
[2023-05-10T10:49:17.356+0000] {subprocess.py:93} INFO - Wed May 10 10:49:17 UTC 2023
[2023-05-10T10:49:17.358+0000] {subprocess.py:97} INFO - Command exited with return code 0
[2023-05-10T10:49:17.572+0000] {taskinstance.py:1406} INFO - Marking task as SUCCESS. dag_id=extr_proc_aug_pipl, task_id=extract_data, execution_date=20221228T043000, start_date=20230510T104915, end_date=20230510T104917
[2023-05-10T10:49:17.879+0000] {local_task_job.py:164} INFO - Task exited with return code 0
[2023-05-10T10:49:18.107+0000] {local_task_job.py:273} INFO - 1 downstream tasks scheduled from follow-on schedule check
