[2022-12-15T06:15:44.080+0000] {processor.py:154} INFO - Started process (PID=173) to work on /opt/airflow/dags/extr_processing_augmentation.py
[2022-12-15T06:15:44.083+0000] {processor.py:756} INFO - Processing file /opt/airflow/dags/extr_processing_augmentation.py for tasks to queue
[2022-12-15T06:15:44.084+0000] {logging_mixin.py:120} INFO - [2022-12-15T06:15:44.083+0000] {dagbag.py:537} INFO - Filling up the DagBag from /opt/airflow/dags/extr_processing_augmentation.py
[2022-12-15T06:15:44.146+0000] {processor.py:766} INFO - DAG(s) dict_keys(['extr_proc_aug_pipl']) retrieved from /opt/airflow/dags/extr_processing_augmentation.py
[2022-12-15T06:15:44.457+0000] {logging_mixin.py:120} INFO - [2022-12-15T06:15:44.457+0000] {dag.py:2585} INFO - Sync 1 DAGs
[2022-12-15T06:15:44.493+0000] {logging_mixin.py:120} INFO - [2022-12-15T06:15:44.493+0000] {dag.py:3340} INFO - Setting next_dagrun for extr_proc_aug_pipl to 2022-12-11T00:00:00+00:00, run_after=2022-12-12T00:00:00+00:00
[2022-12-15T06:15:44.533+0000] {processor.py:176} INFO - Processing /opt/airflow/dags/extr_processing_augmentation.py took 0.462 seconds
[2022-12-15T06:16:14.697+0000] {processor.py:154} INFO - Started process (PID=331) to work on /opt/airflow/dags/extr_processing_augmentation.py
[2022-12-15T06:16:14.698+0000] {processor.py:756} INFO - Processing file /opt/airflow/dags/extr_processing_augmentation.py for tasks to queue
[2022-12-15T06:16:14.699+0000] {logging_mixin.py:120} INFO - [2022-12-15T06:16:14.699+0000] {dagbag.py:537} INFO - Filling up the DagBag from /opt/airflow/dags/extr_processing_augmentation.py
[2022-12-15T06:16:14.825+0000] {processor.py:766} INFO - DAG(s) dict_keys(['extr_proc_aug_pipl']) retrieved from /opt/airflow/dags/extr_processing_augmentation.py
[2022-12-15T06:16:14.855+0000] {logging_mixin.py:120} INFO - [2022-12-15T06:16:14.855+0000] {dag.py:2585} INFO - Sync 1 DAGs
[2022-12-15T06:16:14.879+0000] {logging_mixin.py:120} INFO - [2022-12-15T06:16:14.879+0000] {dag.py:3340} INFO - Setting next_dagrun for extr_proc_aug_pipl to 2022-12-15T00:00:00+00:00, run_after=2022-12-16T00:00:00+00:00
[2022-12-15T06:16:14.895+0000] {processor.py:176} INFO - Processing /opt/airflow/dags/extr_processing_augmentation.py took 0.201 seconds
[2022-12-15T06:16:44.929+0000] {processor.py:154} INFO - Started process (PID=368) to work on /opt/airflow/dags/extr_processing_augmentation.py
[2022-12-15T06:16:44.930+0000] {processor.py:756} INFO - Processing file /opt/airflow/dags/extr_processing_augmentation.py for tasks to queue
[2022-12-15T06:16:44.931+0000] {logging_mixin.py:120} INFO - [2022-12-15T06:16:44.931+0000] {dagbag.py:537} INFO - Filling up the DagBag from /opt/airflow/dags/extr_processing_augmentation.py
[2022-12-15T06:16:44.946+0000] {processor.py:766} INFO - DAG(s) dict_keys(['extr_proc_aug_pipl']) retrieved from /opt/airflow/dags/extr_processing_augmentation.py
[2022-12-15T06:16:44.989+0000] {logging_mixin.py:120} INFO - [2022-12-15T06:16:44.989+0000] {dag.py:2585} INFO - Sync 1 DAGs
[2022-12-15T06:16:45.014+0000] {logging_mixin.py:120} INFO - [2022-12-15T06:16:45.014+0000] {dag.py:3340} INFO - Setting next_dagrun for extr_proc_aug_pipl to 2022-12-15T00:00:00+00:00, run_after=2022-12-16T00:00:00+00:00
[2022-12-15T06:16:45.031+0000] {processor.py:176} INFO - Processing /opt/airflow/dags/extr_processing_augmentation.py took 0.105 seconds
[2022-12-15T06:17:15.170+0000] {processor.py:154} INFO - Started process (PID=397) to work on /opt/airflow/dags/extr_processing_augmentation.py
[2022-12-15T06:17:15.171+0000] {processor.py:756} INFO - Processing file /opt/airflow/dags/extr_processing_augmentation.py for tasks to queue
[2022-12-15T06:17:15.172+0000] {logging_mixin.py:120} INFO - [2022-12-15T06:17:15.172+0000] {dagbag.py:537} INFO - Filling up the DagBag from /opt/airflow/dags/extr_processing_augmentation.py
[2022-12-15T06:17:15.187+0000] {processor.py:766} INFO - DAG(s) dict_keys(['extr_proc_aug_pipl']) retrieved from /opt/airflow/dags/extr_processing_augmentation.py
[2022-12-15T06:17:15.228+0000] {logging_mixin.py:120} INFO - [2022-12-15T06:17:15.228+0000] {dag.py:2585} INFO - Sync 1 DAGs
[2022-12-15T06:17:15.253+0000] {logging_mixin.py:120} INFO - [2022-12-15T06:17:15.253+0000] {dag.py:3340} INFO - Setting next_dagrun for extr_proc_aug_pipl to 2022-12-15T00:00:00+00:00, run_after=2022-12-16T00:00:00+00:00
[2022-12-15T06:17:15.271+0000] {processor.py:176} INFO - Processing /opt/airflow/dags/extr_processing_augmentation.py took 0.105 seconds
[2022-12-15T06:17:45.428+0000] {processor.py:154} INFO - Started process (PID=434) to work on /opt/airflow/dags/extr_processing_augmentation.py
[2022-12-15T06:17:45.429+0000] {processor.py:756} INFO - Processing file /opt/airflow/dags/extr_processing_augmentation.py for tasks to queue
[2022-12-15T06:17:45.429+0000] {logging_mixin.py:120} INFO - [2022-12-15T06:17:45.429+0000] {dagbag.py:537} INFO - Filling up the DagBag from /opt/airflow/dags/extr_processing_augmentation.py
[2022-12-15T06:17:45.446+0000] {processor.py:766} INFO - DAG(s) dict_keys(['extr_proc_aug_pipl']) retrieved from /opt/airflow/dags/extr_processing_augmentation.py
[2022-12-15T06:17:45.487+0000] {logging_mixin.py:120} INFO - [2022-12-15T06:17:45.487+0000] {dag.py:2585} INFO - Sync 1 DAGs
[2022-12-15T06:17:45.511+0000] {logging_mixin.py:120} INFO - [2022-12-15T06:17:45.511+0000] {dag.py:3340} INFO - Setting next_dagrun for extr_proc_aug_pipl to 2022-12-15T00:00:00+00:00, run_after=2022-12-16T00:00:00+00:00
[2022-12-15T06:17:45.529+0000] {processor.py:176} INFO - Processing /opt/airflow/dags/extr_processing_augmentation.py took 0.104 seconds
[2022-12-15T06:18:15.635+0000] {processor.py:154} INFO - Started process (PID=471) to work on /opt/airflow/dags/extr_processing_augmentation.py
[2022-12-15T06:18:15.637+0000] {processor.py:756} INFO - Processing file /opt/airflow/dags/extr_processing_augmentation.py for tasks to queue
[2022-12-15T06:18:15.638+0000] {logging_mixin.py:120} INFO - [2022-12-15T06:18:15.638+0000] {dagbag.py:537} INFO - Filling up the DagBag from /opt/airflow/dags/extr_processing_augmentation.py
[2022-12-15T06:18:15.654+0000] {processor.py:766} INFO - DAG(s) dict_keys(['extr_proc_aug_pipl']) retrieved from /opt/airflow/dags/extr_processing_augmentation.py
[2022-12-15T06:18:15.697+0000] {logging_mixin.py:120} INFO - [2022-12-15T06:18:15.696+0000] {dag.py:2585} INFO - Sync 1 DAGs
[2022-12-15T06:18:15.727+0000] {logging_mixin.py:120} INFO - [2022-12-15T06:18:15.726+0000] {dag.py:3340} INFO - Setting next_dagrun for extr_proc_aug_pipl to 2022-12-15T00:00:00+00:00, run_after=2022-12-16T00:00:00+00:00
[2022-12-15T06:18:15.761+0000] {processor.py:176} INFO - Processing /opt/airflow/dags/extr_processing_augmentation.py took 0.129 seconds
[2022-12-15T06:18:45.921+0000] {processor.py:154} INFO - Started process (PID=499) to work on /opt/airflow/dags/extr_processing_augmentation.py
[2022-12-15T06:18:45.922+0000] {processor.py:756} INFO - Processing file /opt/airflow/dags/extr_processing_augmentation.py for tasks to queue
[2022-12-15T06:18:45.923+0000] {logging_mixin.py:120} INFO - [2022-12-15T06:18:45.923+0000] {dagbag.py:537} INFO - Filling up the DagBag from /opt/airflow/dags/extr_processing_augmentation.py
[2022-12-15T06:18:45.939+0000] {processor.py:766} INFO - DAG(s) dict_keys(['extr_proc_aug_pipl']) retrieved from /opt/airflow/dags/extr_processing_augmentation.py
[2022-12-15T06:18:45.982+0000] {logging_mixin.py:120} INFO - [2022-12-15T06:18:45.982+0000] {dag.py:2585} INFO - Sync 1 DAGs
[2022-12-15T06:18:46.008+0000] {logging_mixin.py:120} INFO - [2022-12-15T06:18:46.008+0000] {dag.py:3340} INFO - Setting next_dagrun for extr_proc_aug_pipl to 2022-12-15T00:00:00+00:00, run_after=2022-12-16T00:00:00+00:00
[2022-12-15T06:18:46.028+0000] {processor.py:176} INFO - Processing /opt/airflow/dags/extr_processing_augmentation.py took 0.111 seconds
[2022-12-15T06:19:16.175+0000] {processor.py:154} INFO - Started process (PID=536) to work on /opt/airflow/dags/extr_processing_augmentation.py
[2022-12-15T06:19:16.176+0000] {processor.py:756} INFO - Processing file /opt/airflow/dags/extr_processing_augmentation.py for tasks to queue
[2022-12-15T06:19:16.177+0000] {logging_mixin.py:120} INFO - [2022-12-15T06:19:16.177+0000] {dagbag.py:537} INFO - Filling up the DagBag from /opt/airflow/dags/extr_processing_augmentation.py
[2022-12-15T06:19:16.192+0000] {processor.py:766} INFO - DAG(s) dict_keys(['extr_proc_aug_pipl']) retrieved from /opt/airflow/dags/extr_processing_augmentation.py
[2022-12-15T06:19:16.227+0000] {logging_mixin.py:120} INFO - [2022-12-15T06:19:16.227+0000] {dag.py:2585} INFO - Sync 1 DAGs
[2022-12-15T06:19:16.249+0000] {logging_mixin.py:120} INFO - [2022-12-15T06:19:16.249+0000] {dag.py:3340} INFO - Setting next_dagrun for extr_proc_aug_pipl to 2022-12-15T00:00:00+00:00, run_after=2022-12-16T00:00:00+00:00
[2022-12-15T06:19:16.264+0000] {processor.py:176} INFO - Processing /opt/airflow/dags/extr_processing_augmentation.py took 0.094 seconds
[2022-12-15T06:19:46.298+0000] {processor.py:154} INFO - Started process (PID=573) to work on /opt/airflow/dags/extr_processing_augmentation.py
[2022-12-15T06:19:46.299+0000] {processor.py:756} INFO - Processing file /opt/airflow/dags/extr_processing_augmentation.py for tasks to queue
[2022-12-15T06:19:46.299+0000] {logging_mixin.py:120} INFO - [2022-12-15T06:19:46.299+0000] {dagbag.py:537} INFO - Filling up the DagBag from /opt/airflow/dags/extr_processing_augmentation.py
[2022-12-15T06:19:46.314+0000] {processor.py:766} INFO - DAG(s) dict_keys(['extr_proc_aug_pipl']) retrieved from /opt/airflow/dags/extr_processing_augmentation.py
[2022-12-15T06:19:46.350+0000] {logging_mixin.py:120} INFO - [2022-12-15T06:19:46.350+0000] {dag.py:2585} INFO - Sync 1 DAGs
[2022-12-15T06:19:46.373+0000] {logging_mixin.py:120} INFO - [2022-12-15T06:19:46.373+0000] {dag.py:3340} INFO - Setting next_dagrun for extr_proc_aug_pipl to 2022-12-15T00:00:00+00:00, run_after=2022-12-16T00:00:00+00:00
[2022-12-15T06:19:46.390+0000] {processor.py:176} INFO - Processing /opt/airflow/dags/extr_processing_augmentation.py took 0.095 seconds
[2022-12-15T06:20:16.481+0000] {processor.py:154} INFO - Started process (PID=610) to work on /opt/airflow/dags/extr_processing_augmentation.py
[2022-12-15T06:20:16.482+0000] {processor.py:756} INFO - Processing file /opt/airflow/dags/extr_processing_augmentation.py for tasks to queue
[2022-12-15T06:20:16.483+0000] {logging_mixin.py:120} INFO - [2022-12-15T06:20:16.483+0000] {dagbag.py:537} INFO - Filling up the DagBag from /opt/airflow/dags/extr_processing_augmentation.py
[2022-12-15T06:20:16.497+0000] {processor.py:766} INFO - DAG(s) dict_keys(['extr_proc_aug_pipl']) retrieved from /opt/airflow/dags/extr_processing_augmentation.py
[2022-12-15T06:20:16.533+0000] {logging_mixin.py:120} INFO - [2022-12-15T06:20:16.533+0000] {dag.py:2585} INFO - Sync 1 DAGs
[2022-12-15T06:20:16.557+0000] {logging_mixin.py:120} INFO - [2022-12-15T06:20:16.557+0000] {dag.py:3340} INFO - Setting next_dagrun for extr_proc_aug_pipl to 2022-12-15T00:00:00+00:00, run_after=2022-12-16T00:00:00+00:00
[2022-12-15T06:20:16.575+0000] {processor.py:176} INFO - Processing /opt/airflow/dags/extr_processing_augmentation.py took 0.097 seconds
[2022-12-15T06:20:46.616+0000] {processor.py:154} INFO - Started process (PID=638) to work on /opt/airflow/dags/extr_processing_augmentation.py
[2022-12-15T06:20:46.617+0000] {processor.py:756} INFO - Processing file /opt/airflow/dags/extr_processing_augmentation.py for tasks to queue
[2022-12-15T06:20:46.618+0000] {logging_mixin.py:120} INFO - [2022-12-15T06:20:46.618+0000] {dagbag.py:537} INFO - Filling up the DagBag from /opt/airflow/dags/extr_processing_augmentation.py
[2022-12-15T06:20:46.631+0000] {processor.py:766} INFO - DAG(s) dict_keys(['extr_proc_aug_pipl']) retrieved from /opt/airflow/dags/extr_processing_augmentation.py
[2022-12-15T06:20:46.667+0000] {logging_mixin.py:120} INFO - [2022-12-15T06:20:46.667+0000] {dag.py:2585} INFO - Sync 1 DAGs
[2022-12-15T06:20:46.689+0000] {logging_mixin.py:120} INFO - [2022-12-15T06:20:46.689+0000] {dag.py:3340} INFO - Setting next_dagrun for extr_proc_aug_pipl to 2022-12-15T00:00:00+00:00, run_after=2022-12-16T00:00:00+00:00
[2022-12-15T06:20:46.707+0000] {processor.py:176} INFO - Processing /opt/airflow/dags/extr_processing_augmentation.py took 0.093 seconds
[2022-12-15T06:21:16.839+0000] {processor.py:154} INFO - Started process (PID=675) to work on /opt/airflow/dags/extr_processing_augmentation.py
[2022-12-15T06:21:16.840+0000] {processor.py:756} INFO - Processing file /opt/airflow/dags/extr_processing_augmentation.py for tasks to queue
[2022-12-15T06:21:16.841+0000] {logging_mixin.py:120} INFO - [2022-12-15T06:21:16.841+0000] {dagbag.py:537} INFO - Filling up the DagBag from /opt/airflow/dags/extr_processing_augmentation.py
[2022-12-15T06:21:16.855+0000] {processor.py:766} INFO - DAG(s) dict_keys(['extr_proc_aug_pipl']) retrieved from /opt/airflow/dags/extr_processing_augmentation.py
[2022-12-15T06:21:16.891+0000] {logging_mixin.py:120} INFO - [2022-12-15T06:21:16.891+0000] {dag.py:2585} INFO - Sync 1 DAGs
[2022-12-15T06:21:16.915+0000] {logging_mixin.py:120} INFO - [2022-12-15T06:21:16.915+0000] {dag.py:3340} INFO - Setting next_dagrun for extr_proc_aug_pipl to 2022-12-15T00:00:00+00:00, run_after=2022-12-16T00:00:00+00:00
[2022-12-15T06:21:16.931+0000] {processor.py:176} INFO - Processing /opt/airflow/dags/extr_processing_augmentation.py took 0.096 seconds
[2022-12-15T06:21:46.964+0000] {processor.py:154} INFO - Started process (PID=712) to work on /opt/airflow/dags/extr_processing_augmentation.py
[2022-12-15T06:21:46.965+0000] {processor.py:756} INFO - Processing file /opt/airflow/dags/extr_processing_augmentation.py for tasks to queue
[2022-12-15T06:21:46.965+0000] {logging_mixin.py:120} INFO - [2022-12-15T06:21:46.965+0000] {dagbag.py:537} INFO - Filling up the DagBag from /opt/airflow/dags/extr_processing_augmentation.py
[2022-12-15T06:21:46.978+0000] {processor.py:766} INFO - DAG(s) dict_keys(['extr_proc_aug_pipl']) retrieved from /opt/airflow/dags/extr_processing_augmentation.py
[2022-12-15T06:21:47.015+0000] {logging_mixin.py:120} INFO - [2022-12-15T06:21:47.014+0000] {dag.py:2585} INFO - Sync 1 DAGs
[2022-12-15T06:21:47.037+0000] {logging_mixin.py:120} INFO - [2022-12-15T06:21:47.037+0000] {dag.py:3340} INFO - Setting next_dagrun for extr_proc_aug_pipl to 2022-12-15T00:00:00+00:00, run_after=2022-12-16T00:00:00+00:00
[2022-12-15T06:21:47.054+0000] {processor.py:176} INFO - Processing /opt/airflow/dags/extr_processing_augmentation.py took 0.094 seconds
[2022-12-15T06:22:17.190+0000] {processor.py:154} INFO - Started process (PID=748) to work on /opt/airflow/dags/extr_processing_augmentation.py
[2022-12-15T06:22:17.191+0000] {processor.py:756} INFO - Processing file /opt/airflow/dags/extr_processing_augmentation.py for tasks to queue
[2022-12-15T06:22:17.191+0000] {logging_mixin.py:120} INFO - [2022-12-15T06:22:17.191+0000] {dagbag.py:537} INFO - Filling up the DagBag from /opt/airflow/dags/extr_processing_augmentation.py
[2022-12-15T06:22:17.209+0000] {processor.py:766} INFO - DAG(s) dict_keys(['extr_proc_aug_pipl']) retrieved from /opt/airflow/dags/extr_processing_augmentation.py
[2022-12-15T06:22:17.254+0000] {logging_mixin.py:120} INFO - [2022-12-15T06:22:17.254+0000] {dag.py:2585} INFO - Sync 1 DAGs
[2022-12-15T06:22:17.283+0000] {logging_mixin.py:120} INFO - [2022-12-15T06:22:17.283+0000] {dag.py:3340} INFO - Setting next_dagrun for extr_proc_aug_pipl to 2022-12-15T00:00:00+00:00, run_after=2022-12-16T00:00:00+00:00
[2022-12-15T06:22:17.301+0000] {processor.py:176} INFO - Processing /opt/airflow/dags/extr_processing_augmentation.py took 0.114 seconds
[2022-12-15T06:22:47.409+0000] {processor.py:154} INFO - Started process (PID=778) to work on /opt/airflow/dags/extr_processing_augmentation.py
[2022-12-15T06:22:47.409+0000] {processor.py:756} INFO - Processing file /opt/airflow/dags/extr_processing_augmentation.py for tasks to queue
[2022-12-15T06:22:47.410+0000] {logging_mixin.py:120} INFO - [2022-12-15T06:22:47.410+0000] {dagbag.py:537} INFO - Filling up the DagBag from /opt/airflow/dags/extr_processing_augmentation.py
[2022-12-15T06:22:47.423+0000] {processor.py:766} INFO - DAG(s) dict_keys(['extr_proc_aug_pipl']) retrieved from /opt/airflow/dags/extr_processing_augmentation.py
[2022-12-15T06:22:47.459+0000] {logging_mixin.py:120} INFO - [2022-12-15T06:22:47.459+0000] {dag.py:2585} INFO - Sync 1 DAGs
[2022-12-15T06:22:47.482+0000] {logging_mixin.py:120} INFO - [2022-12-15T06:22:47.481+0000] {dag.py:3340} INFO - Setting next_dagrun for extr_proc_aug_pipl to 2022-12-15T00:00:00+00:00, run_after=2022-12-16T00:00:00+00:00
[2022-12-15T06:22:47.498+0000] {processor.py:176} INFO - Processing /opt/airflow/dags/extr_processing_augmentation.py took 0.092 seconds
[2022-12-15T06:23:17.537+0000] {processor.py:154} INFO - Started process (PID=815) to work on /opt/airflow/dags/extr_processing_augmentation.py
[2022-12-15T06:23:17.538+0000] {processor.py:756} INFO - Processing file /opt/airflow/dags/extr_processing_augmentation.py for tasks to queue
[2022-12-15T06:23:17.539+0000] {logging_mixin.py:120} INFO - [2022-12-15T06:23:17.539+0000] {dagbag.py:537} INFO - Filling up the DagBag from /opt/airflow/dags/extr_processing_augmentation.py
[2022-12-15T06:23:17.555+0000] {processor.py:766} INFO - DAG(s) dict_keys(['extr_proc_aug_pipl']) retrieved from /opt/airflow/dags/extr_processing_augmentation.py
[2022-12-15T06:23:17.598+0000] {logging_mixin.py:120} INFO - [2022-12-15T06:23:17.597+0000] {dag.py:2585} INFO - Sync 1 DAGs
[2022-12-15T06:23:17.628+0000] {logging_mixin.py:120} INFO - [2022-12-15T06:23:17.627+0000] {dag.py:3340} INFO - Setting next_dagrun for extr_proc_aug_pipl to 2022-12-15T00:00:00+00:00, run_after=2022-12-16T00:00:00+00:00
[2022-12-15T06:23:17.653+0000] {processor.py:176} INFO - Processing /opt/airflow/dags/extr_processing_augmentation.py took 0.120 seconds
[2022-12-15T06:23:47.808+0000] {processor.py:154} INFO - Started process (PID=853) to work on /opt/airflow/dags/extr_processing_augmentation.py
[2022-12-15T06:23:47.809+0000] {processor.py:756} INFO - Processing file /opt/airflow/dags/extr_processing_augmentation.py for tasks to queue
[2022-12-15T06:23:47.810+0000] {logging_mixin.py:120} INFO - [2022-12-15T06:23:47.810+0000] {dagbag.py:537} INFO - Filling up the DagBag from /opt/airflow/dags/extr_processing_augmentation.py
[2022-12-15T06:23:47.824+0000] {processor.py:766} INFO - DAG(s) dict_keys(['extr_proc_aug_pipl']) retrieved from /opt/airflow/dags/extr_processing_augmentation.py
[2022-12-15T06:23:47.864+0000] {logging_mixin.py:120} INFO - [2022-12-15T06:23:47.863+0000] {dag.py:2585} INFO - Sync 1 DAGs
[2022-12-15T06:23:47.887+0000] {logging_mixin.py:120} INFO - [2022-12-15T06:23:47.887+0000] {dag.py:3340} INFO - Setting next_dagrun for extr_proc_aug_pipl to 2022-12-15T00:00:00+00:00, run_after=2022-12-16T00:00:00+00:00
[2022-12-15T06:23:47.906+0000] {processor.py:176} INFO - Processing /opt/airflow/dags/extr_processing_augmentation.py took 0.101 seconds
[2022-12-15T06:24:17.949+0000] {processor.py:154} INFO - Started process (PID=881) to work on /opt/airflow/dags/extr_processing_augmentation.py
[2022-12-15T06:24:17.961+0000] {processor.py:756} INFO - Processing file /opt/airflow/dags/extr_processing_augmentation.py for tasks to queue
[2022-12-15T06:24:17.961+0000] {logging_mixin.py:120} INFO - [2022-12-15T06:24:17.961+0000] {dagbag.py:537} INFO - Filling up the DagBag from /opt/airflow/dags/extr_processing_augmentation.py
[2022-12-15T06:24:17.977+0000] {processor.py:766} INFO - DAG(s) dict_keys(['extr_proc_aug_pipl']) retrieved from /opt/airflow/dags/extr_processing_augmentation.py
[2022-12-15T06:24:18.018+0000] {logging_mixin.py:120} INFO - [2022-12-15T06:24:18.017+0000] {dag.py:2585} INFO - Sync 1 DAGs
[2022-12-15T06:24:18.044+0000] {logging_mixin.py:120} INFO - [2022-12-15T06:24:18.044+0000] {dag.py:3340} INFO - Setting next_dagrun for extr_proc_aug_pipl to 2022-12-15T00:00:00+00:00, run_after=2022-12-16T00:00:00+00:00
[2022-12-15T06:24:18.074+0000] {processor.py:176} INFO - Processing /opt/airflow/dags/extr_processing_augmentation.py took 0.129 seconds
[2022-12-15T06:24:48.122+0000] {processor.py:154} INFO - Started process (PID=918) to work on /opt/airflow/dags/extr_processing_augmentation.py
[2022-12-15T06:24:48.123+0000] {processor.py:756} INFO - Processing file /opt/airflow/dags/extr_processing_augmentation.py for tasks to queue
[2022-12-15T06:24:48.123+0000] {logging_mixin.py:120} INFO - [2022-12-15T06:24:48.123+0000] {dagbag.py:537} INFO - Filling up the DagBag from /opt/airflow/dags/extr_processing_augmentation.py
[2022-12-15T06:24:48.136+0000] {processor.py:766} INFO - DAG(s) dict_keys(['extr_proc_aug_pipl']) retrieved from /opt/airflow/dags/extr_processing_augmentation.py
[2022-12-15T06:24:48.172+0000] {logging_mixin.py:120} INFO - [2022-12-15T06:24:48.172+0000] {dag.py:2585} INFO - Sync 1 DAGs
[2022-12-15T06:24:48.195+0000] {logging_mixin.py:120} INFO - [2022-12-15T06:24:48.195+0000] {dag.py:3340} INFO - Setting next_dagrun for extr_proc_aug_pipl to 2022-12-15T00:00:00+00:00, run_after=2022-12-16T00:00:00+00:00
[2022-12-15T06:24:48.214+0000] {processor.py:176} INFO - Processing /opt/airflow/dags/extr_processing_augmentation.py took 0.097 seconds
[2022-12-15T06:25:18.290+0000] {processor.py:154} INFO - Started process (PID=956) to work on /opt/airflow/dags/extr_processing_augmentation.py
[2022-12-15T06:25:18.291+0000] {processor.py:756} INFO - Processing file /opt/airflow/dags/extr_processing_augmentation.py for tasks to queue
[2022-12-15T06:25:18.292+0000] {logging_mixin.py:120} INFO - [2022-12-15T06:25:18.292+0000] {dagbag.py:537} INFO - Filling up the DagBag from /opt/airflow/dags/extr_processing_augmentation.py
[2022-12-15T06:25:18.306+0000] {processor.py:766} INFO - DAG(s) dict_keys(['extr_proc_aug_pipl']) retrieved from /opt/airflow/dags/extr_processing_augmentation.py
[2022-12-15T06:25:18.346+0000] {logging_mixin.py:120} INFO - [2022-12-15T06:25:18.346+0000] {dag.py:2585} INFO - Sync 1 DAGs
[2022-12-15T06:25:18.375+0000] {logging_mixin.py:120} INFO - [2022-12-15T06:25:18.375+0000] {dag.py:3340} INFO - Setting next_dagrun for extr_proc_aug_pipl to 2022-12-15T00:00:00+00:00, run_after=2022-12-16T00:00:00+00:00
[2022-12-15T06:25:18.394+0000] {processor.py:176} INFO - Processing /opt/airflow/dags/extr_processing_augmentation.py took 0.107 seconds
[2022-12-15T06:25:48.454+0000] {processor.py:154} INFO - Started process (PID=984) to work on /opt/airflow/dags/extr_processing_augmentation.py
[2022-12-15T06:25:48.455+0000] {processor.py:756} INFO - Processing file /opt/airflow/dags/extr_processing_augmentation.py for tasks to queue
[2022-12-15T06:25:48.456+0000] {logging_mixin.py:120} INFO - [2022-12-15T06:25:48.456+0000] {dagbag.py:537} INFO - Filling up the DagBag from /opt/airflow/dags/extr_processing_augmentation.py
[2022-12-15T06:25:48.471+0000] {processor.py:766} INFO - DAG(s) dict_keys(['extr_proc_aug_pipl']) retrieved from /opt/airflow/dags/extr_processing_augmentation.py
[2022-12-15T06:25:48.513+0000] {logging_mixin.py:120} INFO - [2022-12-15T06:25:48.513+0000] {dag.py:2585} INFO - Sync 1 DAGs
[2022-12-15T06:25:48.544+0000] {logging_mixin.py:120} INFO - [2022-12-15T06:25:48.544+0000] {dag.py:3340} INFO - Setting next_dagrun for extr_proc_aug_pipl to 2022-12-15T00:00:00+00:00, run_after=2022-12-16T00:00:00+00:00
[2022-12-15T06:25:48.563+0000] {processor.py:176} INFO - Processing /opt/airflow/dags/extr_processing_augmentation.py took 0.113 seconds
[2022-12-15T06:26:18.606+0000] {processor.py:154} INFO - Started process (PID=1021) to work on /opt/airflow/dags/extr_processing_augmentation.py
[2022-12-15T06:26:18.608+0000] {processor.py:756} INFO - Processing file /opt/airflow/dags/extr_processing_augmentation.py for tasks to queue
[2022-12-15T06:26:18.609+0000] {logging_mixin.py:120} INFO - [2022-12-15T06:26:18.609+0000] {dagbag.py:537} INFO - Filling up the DagBag from /opt/airflow/dags/extr_processing_augmentation.py
[2022-12-15T06:26:18.624+0000] {processor.py:766} INFO - DAG(s) dict_keys(['extr_proc_aug_pipl']) retrieved from /opt/airflow/dags/extr_processing_augmentation.py
[2022-12-15T06:26:18.663+0000] {logging_mixin.py:120} INFO - [2022-12-15T06:26:18.663+0000] {dag.py:2585} INFO - Sync 1 DAGs
[2022-12-15T06:26:18.690+0000] {logging_mixin.py:120} INFO - [2022-12-15T06:26:18.690+0000] {dag.py:3340} INFO - Setting next_dagrun for extr_proc_aug_pipl to 2022-12-15T00:00:00+00:00, run_after=2022-12-16T00:00:00+00:00
[2022-12-15T06:26:18.712+0000] {processor.py:176} INFO - Processing /opt/airflow/dags/extr_processing_augmentation.py took 0.109 seconds
[2022-12-15T06:26:48.849+0000] {processor.py:154} INFO - Started process (PID=1058) to work on /opt/airflow/dags/extr_processing_augmentation.py
[2022-12-15T06:26:48.850+0000] {processor.py:756} INFO - Processing file /opt/airflow/dags/extr_processing_augmentation.py for tasks to queue
[2022-12-15T06:26:48.851+0000] {logging_mixin.py:120} INFO - [2022-12-15T06:26:48.851+0000] {dagbag.py:537} INFO - Filling up the DagBag from /opt/airflow/dags/extr_processing_augmentation.py
[2022-12-15T06:26:48.866+0000] {processor.py:766} INFO - DAG(s) dict_keys(['extr_proc_aug_pipl']) retrieved from /opt/airflow/dags/extr_processing_augmentation.py
[2022-12-15T06:26:48.904+0000] {logging_mixin.py:120} INFO - [2022-12-15T06:26:48.904+0000] {dag.py:2585} INFO - Sync 1 DAGs
[2022-12-15T06:26:48.931+0000] {logging_mixin.py:120} INFO - [2022-12-15T06:26:48.931+0000] {dag.py:3340} INFO - Setting next_dagrun for extr_proc_aug_pipl to 2022-12-15T00:00:00+00:00, run_after=2022-12-16T00:00:00+00:00
[2022-12-15T06:26:48.953+0000] {processor.py:176} INFO - Processing /opt/airflow/dags/extr_processing_augmentation.py took 0.109 seconds
[2022-12-15T06:27:19.060+0000] {processor.py:154} INFO - Started process (PID=1095) to work on /opt/airflow/dags/extr_processing_augmentation.py
[2022-12-15T06:27:19.062+0000] {processor.py:756} INFO - Processing file /opt/airflow/dags/extr_processing_augmentation.py for tasks to queue
[2022-12-15T06:27:19.062+0000] {logging_mixin.py:120} INFO - [2022-12-15T06:27:19.062+0000] {dagbag.py:537} INFO - Filling up the DagBag from /opt/airflow/dags/extr_processing_augmentation.py
[2022-12-15T06:27:19.083+0000] {processor.py:766} INFO - DAG(s) dict_keys(['extr_proc_aug_pipl']) retrieved from /opt/airflow/dags/extr_processing_augmentation.py
[2022-12-15T06:27:19.159+0000] {logging_mixin.py:120} INFO - [2022-12-15T06:27:19.159+0000] {dag.py:2585} INFO - Sync 1 DAGs
[2022-12-15T06:27:19.184+0000] {logging_mixin.py:120} INFO - [2022-12-15T06:27:19.184+0000] {dag.py:3340} INFO - Setting next_dagrun for extr_proc_aug_pipl to 2022-12-15T00:00:00+00:00, run_after=2022-12-16T00:00:00+00:00
[2022-12-15T06:27:19.206+0000] {processor.py:176} INFO - Processing /opt/airflow/dags/extr_processing_augmentation.py took 0.149 seconds
[2022-12-15T06:27:49.318+0000] {processor.py:154} INFO - Started process (PID=1123) to work on /opt/airflow/dags/extr_processing_augmentation.py
[2022-12-15T06:27:49.319+0000] {processor.py:756} INFO - Processing file /opt/airflow/dags/extr_processing_augmentation.py for tasks to queue
[2022-12-15T06:27:49.320+0000] {logging_mixin.py:120} INFO - [2022-12-15T06:27:49.319+0000] {dagbag.py:537} INFO - Filling up the DagBag from /opt/airflow/dags/extr_processing_augmentation.py
[2022-12-15T06:27:49.335+0000] {processor.py:766} INFO - DAG(s) dict_keys(['extr_proc_aug_pipl']) retrieved from /opt/airflow/dags/extr_processing_augmentation.py
[2022-12-15T06:27:49.372+0000] {logging_mixin.py:120} INFO - [2022-12-15T06:27:49.372+0000] {dag.py:2585} INFO - Sync 1 DAGs
[2022-12-15T06:27:49.396+0000] {logging_mixin.py:120} INFO - [2022-12-15T06:27:49.396+0000] {dag.py:3340} INFO - Setting next_dagrun for extr_proc_aug_pipl to 2022-12-15T00:00:00+00:00, run_after=2022-12-16T00:00:00+00:00
[2022-12-15T06:27:49.445+0000] {processor.py:176} INFO - Processing /opt/airflow/dags/extr_processing_augmentation.py took 0.130 seconds
[2022-12-15T06:28:19.553+0000] {processor.py:154} INFO - Started process (PID=1160) to work on /opt/airflow/dags/extr_processing_augmentation.py
[2022-12-15T06:28:19.557+0000] {processor.py:756} INFO - Processing file /opt/airflow/dags/extr_processing_augmentation.py for tasks to queue
[2022-12-15T06:28:19.558+0000] {logging_mixin.py:120} INFO - [2022-12-15T06:28:19.558+0000] {dagbag.py:537} INFO - Filling up the DagBag from /opt/airflow/dags/extr_processing_augmentation.py
[2022-12-15T06:28:19.575+0000] {processor.py:766} INFO - DAG(s) dict_keys(['extr_proc_aug_pipl']) retrieved from /opt/airflow/dags/extr_processing_augmentation.py
[2022-12-15T06:28:19.610+0000] {logging_mixin.py:120} INFO - [2022-12-15T06:28:19.609+0000] {dag.py:2585} INFO - Sync 1 DAGs
[2022-12-15T06:28:19.634+0000] {logging_mixin.py:120} INFO - [2022-12-15T06:28:19.634+0000] {dag.py:3340} INFO - Setting next_dagrun for extr_proc_aug_pipl to 2022-12-15T00:00:00+00:00, run_after=2022-12-16T00:00:00+00:00
[2022-12-15T06:28:19.661+0000] {processor.py:176} INFO - Processing /opt/airflow/dags/extr_processing_augmentation.py took 0.111 seconds
[2022-12-15T06:28:49.799+0000] {processor.py:154} INFO - Started process (PID=1198) to work on /opt/airflow/dags/extr_processing_augmentation.py
[2022-12-15T06:28:49.800+0000] {processor.py:756} INFO - Processing file /opt/airflow/dags/extr_processing_augmentation.py for tasks to queue
[2022-12-15T06:28:49.801+0000] {logging_mixin.py:120} INFO - [2022-12-15T06:28:49.801+0000] {dagbag.py:537} INFO - Filling up the DagBag from /opt/airflow/dags/extr_processing_augmentation.py
[2022-12-15T06:28:49.822+0000] {processor.py:766} INFO - DAG(s) dict_keys(['extr_proc_aug_pipl']) retrieved from /opt/airflow/dags/extr_processing_augmentation.py
[2022-12-15T06:28:49.872+0000] {logging_mixin.py:120} INFO - [2022-12-15T06:28:49.872+0000] {dag.py:2585} INFO - Sync 1 DAGs
[2022-12-15T06:28:49.907+0000] {logging_mixin.py:120} INFO - [2022-12-15T06:28:49.906+0000] {dag.py:3340} INFO - Setting next_dagrun for extr_proc_aug_pipl to 2022-12-15T00:00:00+00:00, run_after=2022-12-16T00:00:00+00:00
[2022-12-15T06:28:49.927+0000] {processor.py:176} INFO - Processing /opt/airflow/dags/extr_processing_augmentation.py took 0.133 seconds
[2022-12-15T06:29:20.058+0000] {processor.py:154} INFO - Started process (PID=1226) to work on /opt/airflow/dags/extr_processing_augmentation.py
[2022-12-15T06:29:20.060+0000] {processor.py:756} INFO - Processing file /opt/airflow/dags/extr_processing_augmentation.py for tasks to queue
[2022-12-15T06:29:20.061+0000] {logging_mixin.py:120} INFO - [2022-12-15T06:29:20.061+0000] {dagbag.py:537} INFO - Filling up the DagBag from /opt/airflow/dags/extr_processing_augmentation.py
[2022-12-15T06:29:20.076+0000] {processor.py:766} INFO - DAG(s) dict_keys(['extr_proc_aug_pipl']) retrieved from /opt/airflow/dags/extr_processing_augmentation.py
[2022-12-15T06:29:20.114+0000] {logging_mixin.py:120} INFO - [2022-12-15T06:29:20.114+0000] {dag.py:2585} INFO - Sync 1 DAGs
[2022-12-15T06:29:20.137+0000] {logging_mixin.py:120} INFO - [2022-12-15T06:29:20.136+0000] {dag.py:3340} INFO - Setting next_dagrun for extr_proc_aug_pipl to 2022-12-15T00:00:00+00:00, run_after=2022-12-16T00:00:00+00:00
[2022-12-15T06:29:20.364+0000] {processor.py:176} INFO - Processing /opt/airflow/dags/extr_processing_augmentation.py took 0.310 seconds
[2022-12-15T06:29:50.494+0000] {processor.py:154} INFO - Started process (PID=1263) to work on /opt/airflow/dags/extr_processing_augmentation.py
[2022-12-15T06:29:50.495+0000] {processor.py:756} INFO - Processing file /opt/airflow/dags/extr_processing_augmentation.py for tasks to queue
[2022-12-15T06:29:50.496+0000] {logging_mixin.py:120} INFO - [2022-12-15T06:29:50.496+0000] {dagbag.py:537} INFO - Filling up the DagBag from /opt/airflow/dags/extr_processing_augmentation.py
[2022-12-15T06:29:50.510+0000] {processor.py:766} INFO - DAG(s) dict_keys(['extr_proc_aug_pipl']) retrieved from /opt/airflow/dags/extr_processing_augmentation.py
[2022-12-15T06:29:50.549+0000] {logging_mixin.py:120} INFO - [2022-12-15T06:29:50.549+0000] {dag.py:2585} INFO - Sync 1 DAGs
[2022-12-15T06:29:50.572+0000] {logging_mixin.py:120} INFO - [2022-12-15T06:29:50.572+0000] {dag.py:3340} INFO - Setting next_dagrun for extr_proc_aug_pipl to 2022-12-15T00:00:00+00:00, run_after=2022-12-16T00:00:00+00:00
[2022-12-15T06:29:50.588+0000] {processor.py:176} INFO - Processing /opt/airflow/dags/extr_processing_augmentation.py took 0.098 seconds
[2022-12-15T06:30:20.721+0000] {processor.py:154} INFO - Started process (PID=1300) to work on /opt/airflow/dags/extr_processing_augmentation.py
[2022-12-15T06:30:20.722+0000] {processor.py:756} INFO - Processing file /opt/airflow/dags/extr_processing_augmentation.py for tasks to queue
[2022-12-15T06:30:20.722+0000] {logging_mixin.py:120} INFO - [2022-12-15T06:30:20.722+0000] {dagbag.py:537} INFO - Filling up the DagBag from /opt/airflow/dags/extr_processing_augmentation.py
[2022-12-15T06:30:20.737+0000] {processor.py:766} INFO - DAG(s) dict_keys(['extr_proc_aug_pipl']) retrieved from /opt/airflow/dags/extr_processing_augmentation.py
[2022-12-15T06:30:20.775+0000] {logging_mixin.py:120} INFO - [2022-12-15T06:30:20.775+0000] {dag.py:2585} INFO - Sync 1 DAGs
[2022-12-15T06:30:20.800+0000] {logging_mixin.py:120} INFO - [2022-12-15T06:30:20.800+0000] {dag.py:3340} INFO - Setting next_dagrun for extr_proc_aug_pipl to 2022-12-15T00:00:00+00:00, run_after=2022-12-16T00:00:00+00:00
[2022-12-15T06:30:20.818+0000] {processor.py:176} INFO - Processing /opt/airflow/dags/extr_processing_augmentation.py took 0.101 seconds
[2022-12-15T06:30:50.965+0000] {processor.py:154} INFO - Started process (PID=1328) to work on /opt/airflow/dags/extr_processing_augmentation.py
[2022-12-15T06:30:50.966+0000] {processor.py:756} INFO - Processing file /opt/airflow/dags/extr_processing_augmentation.py for tasks to queue
[2022-12-15T06:30:50.967+0000] {logging_mixin.py:120} INFO - [2022-12-15T06:30:50.967+0000] {dagbag.py:537} INFO - Filling up the DagBag from /opt/airflow/dags/extr_processing_augmentation.py
[2022-12-15T06:30:50.982+0000] {processor.py:766} INFO - DAG(s) dict_keys(['extr_proc_aug_pipl']) retrieved from /opt/airflow/dags/extr_processing_augmentation.py
[2022-12-15T06:30:51.018+0000] {logging_mixin.py:120} INFO - [2022-12-15T06:30:51.018+0000] {dag.py:2585} INFO - Sync 1 DAGs
[2022-12-15T06:30:51.043+0000] {logging_mixin.py:120} INFO - [2022-12-15T06:30:51.043+0000] {dag.py:3340} INFO - Setting next_dagrun for extr_proc_aug_pipl to 2022-12-15T00:00:00+00:00, run_after=2022-12-16T00:00:00+00:00
[2022-12-15T06:30:51.061+0000] {processor.py:176} INFO - Processing /opt/airflow/dags/extr_processing_augmentation.py took 0.098 seconds
[2022-12-15T06:31:21.209+0000] {processor.py:154} INFO - Started process (PID=1365) to work on /opt/airflow/dags/extr_processing_augmentation.py
[2022-12-15T06:31:21.210+0000] {processor.py:756} INFO - Processing file /opt/airflow/dags/extr_processing_augmentation.py for tasks to queue
[2022-12-15T06:31:21.211+0000] {logging_mixin.py:120} INFO - [2022-12-15T06:31:21.211+0000] {dagbag.py:537} INFO - Filling up the DagBag from /opt/airflow/dags/extr_processing_augmentation.py
[2022-12-15T06:31:21.225+0000] {processor.py:766} INFO - DAG(s) dict_keys(['extr_proc_aug_pipl']) retrieved from /opt/airflow/dags/extr_processing_augmentation.py
[2022-12-15T06:31:21.259+0000] {logging_mixin.py:120} INFO - [2022-12-15T06:31:21.259+0000] {dag.py:2585} INFO - Sync 1 DAGs
[2022-12-15T06:31:21.284+0000] {logging_mixin.py:120} INFO - [2022-12-15T06:31:21.284+0000] {dag.py:3340} INFO - Setting next_dagrun for extr_proc_aug_pipl to 2022-12-15T00:00:00+00:00, run_after=2022-12-16T00:00:00+00:00
[2022-12-15T06:31:21.302+0000] {processor.py:176} INFO - Processing /opt/airflow/dags/extr_processing_augmentation.py took 0.096 seconds
[2022-12-15T06:31:51.445+0000] {processor.py:154} INFO - Started process (PID=1402) to work on /opt/airflow/dags/extr_processing_augmentation.py
[2022-12-15T06:31:51.446+0000] {processor.py:756} INFO - Processing file /opt/airflow/dags/extr_processing_augmentation.py for tasks to queue
[2022-12-15T06:31:51.446+0000] {logging_mixin.py:120} INFO - [2022-12-15T06:31:51.446+0000] {dagbag.py:537} INFO - Filling up the DagBag from /opt/airflow/dags/extr_processing_augmentation.py
[2022-12-15T06:31:51.459+0000] {processor.py:766} INFO - DAG(s) dict_keys(['extr_proc_aug_pipl']) retrieved from /opt/airflow/dags/extr_processing_augmentation.py
[2022-12-15T06:31:51.495+0000] {logging_mixin.py:120} INFO - [2022-12-15T06:31:51.495+0000] {dag.py:2585} INFO - Sync 1 DAGs
[2022-12-15T06:31:51.518+0000] {logging_mixin.py:120} INFO - [2022-12-15T06:31:51.518+0000] {dag.py:3340} INFO - Setting next_dagrun for extr_proc_aug_pipl to 2022-12-15T00:00:00+00:00, run_after=2022-12-16T00:00:00+00:00
[2022-12-15T06:31:51.534+0000] {processor.py:176} INFO - Processing /opt/airflow/dags/extr_processing_augmentation.py took 0.091 seconds
[2022-12-15T06:32:21.675+0000] {processor.py:154} INFO - Started process (PID=1430) to work on /opt/airflow/dags/extr_processing_augmentation.py
[2022-12-15T06:32:21.676+0000] {processor.py:756} INFO - Processing file /opt/airflow/dags/extr_processing_augmentation.py for tasks to queue
[2022-12-15T06:32:21.677+0000] {logging_mixin.py:120} INFO - [2022-12-15T06:32:21.677+0000] {dagbag.py:537} INFO - Filling up the DagBag from /opt/airflow/dags/extr_processing_augmentation.py
[2022-12-15T06:32:21.691+0000] {processor.py:766} INFO - DAG(s) dict_keys(['extr_proc_aug_pipl']) retrieved from /opt/airflow/dags/extr_processing_augmentation.py
[2022-12-15T06:32:21.728+0000] {logging_mixin.py:120} INFO - [2022-12-15T06:32:21.728+0000] {dag.py:2585} INFO - Sync 1 DAGs
[2022-12-15T06:32:21.754+0000] {logging_mixin.py:120} INFO - [2022-12-15T06:32:21.754+0000] {dag.py:3340} INFO - Setting next_dagrun for extr_proc_aug_pipl to 2022-12-15T00:00:00+00:00, run_after=2022-12-16T00:00:00+00:00
[2022-12-15T06:32:21.771+0000] {processor.py:176} INFO - Processing /opt/airflow/dags/extr_processing_augmentation.py took 0.100 seconds
[2022-12-15T06:32:51.907+0000] {processor.py:154} INFO - Started process (PID=1467) to work on /opt/airflow/dags/extr_processing_augmentation.py
[2022-12-15T06:32:51.908+0000] {processor.py:756} INFO - Processing file /opt/airflow/dags/extr_processing_augmentation.py for tasks to queue
[2022-12-15T06:32:51.908+0000] {logging_mixin.py:120} INFO - [2022-12-15T06:32:51.908+0000] {dagbag.py:537} INFO - Filling up the DagBag from /opt/airflow/dags/extr_processing_augmentation.py
[2022-12-15T06:32:51.923+0000] {processor.py:766} INFO - DAG(s) dict_keys(['extr_proc_aug_pipl']) retrieved from /opt/airflow/dags/extr_processing_augmentation.py
[2022-12-15T06:32:51.962+0000] {logging_mixin.py:120} INFO - [2022-12-15T06:32:51.962+0000] {dag.py:2585} INFO - Sync 1 DAGs
[2022-12-15T06:32:51.987+0000] {logging_mixin.py:120} INFO - [2022-12-15T06:32:51.986+0000] {dag.py:3340} INFO - Setting next_dagrun for extr_proc_aug_pipl to 2022-12-15T00:00:00+00:00, run_after=2022-12-16T00:00:00+00:00
[2022-12-15T06:32:52.005+0000] {processor.py:176} INFO - Processing /opt/airflow/dags/extr_processing_augmentation.py took 0.102 seconds
[2022-12-15T06:33:22.142+0000] {processor.py:154} INFO - Started process (PID=1504) to work on /opt/airflow/dags/extr_processing_augmentation.py
[2022-12-15T06:33:22.143+0000] {processor.py:756} INFO - Processing file /opt/airflow/dags/extr_processing_augmentation.py for tasks to queue
[2022-12-15T06:33:22.144+0000] {logging_mixin.py:120} INFO - [2022-12-15T06:33:22.144+0000] {dagbag.py:537} INFO - Filling up the DagBag from /opt/airflow/dags/extr_processing_augmentation.py
[2022-12-15T06:33:22.159+0000] {processor.py:766} INFO - DAG(s) dict_keys(['extr_proc_aug_pipl']) retrieved from /opt/airflow/dags/extr_processing_augmentation.py
[2022-12-15T06:33:22.254+0000] {logging_mixin.py:120} INFO - [2022-12-15T06:33:22.253+0000] {dag.py:2585} INFO - Sync 1 DAGs
[2022-12-15T06:33:22.283+0000] {logging_mixin.py:120} INFO - [2022-12-15T06:33:22.283+0000] {dag.py:3340} INFO - Setting next_dagrun for extr_proc_aug_pipl to 2022-12-15T00:00:00+00:00, run_after=2022-12-16T00:00:00+00:00
[2022-12-15T06:33:22.304+0000] {processor.py:176} INFO - Processing /opt/airflow/dags/extr_processing_augmentation.py took 0.165 seconds
[2022-12-15T06:33:52.387+0000] {processor.py:154} INFO - Started process (PID=1542) to work on /opt/airflow/dags/extr_processing_augmentation.py
[2022-12-15T06:33:52.388+0000] {processor.py:756} INFO - Processing file /opt/airflow/dags/extr_processing_augmentation.py for tasks to queue
[2022-12-15T06:33:52.389+0000] {logging_mixin.py:120} INFO - [2022-12-15T06:33:52.389+0000] {dagbag.py:537} INFO - Filling up the DagBag from /opt/airflow/dags/extr_processing_augmentation.py
[2022-12-15T06:33:52.403+0000] {processor.py:766} INFO - DAG(s) dict_keys(['extr_proc_aug_pipl']) retrieved from /opt/airflow/dags/extr_processing_augmentation.py
[2022-12-15T06:33:52.441+0000] {logging_mixin.py:120} INFO - [2022-12-15T06:33:52.440+0000] {dag.py:2585} INFO - Sync 1 DAGs
[2022-12-15T06:33:52.464+0000] {logging_mixin.py:120} INFO - [2022-12-15T06:33:52.464+0000] {dag.py:3340} INFO - Setting next_dagrun for extr_proc_aug_pipl to 2022-12-15T00:00:00+00:00, run_after=2022-12-16T00:00:00+00:00
[2022-12-15T06:33:52.481+0000] {processor.py:176} INFO - Processing /opt/airflow/dags/extr_processing_augmentation.py took 0.096 seconds
[2022-12-15T06:34:22.502+0000] {processor.py:154} INFO - Started process (PID=1570) to work on /opt/airflow/dags/extr_processing_augmentation.py
[2022-12-15T06:34:22.503+0000] {processor.py:756} INFO - Processing file /opt/airflow/dags/extr_processing_augmentation.py for tasks to queue
[2022-12-15T06:34:22.504+0000] {logging_mixin.py:120} INFO - [2022-12-15T06:34:22.504+0000] {dagbag.py:537} INFO - Filling up the DagBag from /opt/airflow/dags/extr_processing_augmentation.py
[2022-12-15T06:34:22.519+0000] {processor.py:766} INFO - DAG(s) dict_keys(['extr_proc_aug_pipl']) retrieved from /opt/airflow/dags/extr_processing_augmentation.py
[2022-12-15T06:34:22.565+0000] {logging_mixin.py:120} INFO - [2022-12-15T06:34:22.565+0000] {dag.py:2585} INFO - Sync 1 DAGs
[2022-12-15T06:34:22.602+0000] {logging_mixin.py:120} INFO - [2022-12-15T06:34:22.601+0000] {dag.py:3340} INFO - Setting next_dagrun for extr_proc_aug_pipl to 2022-12-15T00:00:00+00:00, run_after=2022-12-16T00:00:00+00:00
[2022-12-15T06:34:22.633+0000] {processor.py:176} INFO - Processing /opt/airflow/dags/extr_processing_augmentation.py took 0.135 seconds
[2022-12-15T06:34:52.767+0000] {processor.py:154} INFO - Started process (PID=1607) to work on /opt/airflow/dags/extr_processing_augmentation.py
[2022-12-15T06:34:52.767+0000] {processor.py:756} INFO - Processing file /opt/airflow/dags/extr_processing_augmentation.py for tasks to queue
[2022-12-15T06:34:52.768+0000] {logging_mixin.py:120} INFO - [2022-12-15T06:34:52.768+0000] {dagbag.py:537} INFO - Filling up the DagBag from /opt/airflow/dags/extr_processing_augmentation.py
[2022-12-15T06:34:52.781+0000] {processor.py:766} INFO - DAG(s) dict_keys(['extr_proc_aug_pipl']) retrieved from /opt/airflow/dags/extr_processing_augmentation.py
[2022-12-15T06:34:52.816+0000] {logging_mixin.py:120} INFO - [2022-12-15T06:34:52.816+0000] {dag.py:2585} INFO - Sync 1 DAGs
[2022-12-15T06:34:52.838+0000] {logging_mixin.py:120} INFO - [2022-12-15T06:34:52.838+0000] {dag.py:3340} INFO - Setting next_dagrun for extr_proc_aug_pipl to 2022-12-15T00:00:00+00:00, run_after=2022-12-16T00:00:00+00:00
[2022-12-15T06:34:52.855+0000] {processor.py:176} INFO - Processing /opt/airflow/dags/extr_processing_augmentation.py took 0.091 seconds
[2022-12-15T06:35:22.989+0000] {processor.py:154} INFO - Started process (PID=1643) to work on /opt/airflow/dags/extr_processing_augmentation.py
[2022-12-15T06:35:22.990+0000] {processor.py:756} INFO - Processing file /opt/airflow/dags/extr_processing_augmentation.py for tasks to queue
[2022-12-15T06:35:22.990+0000] {logging_mixin.py:120} INFO - [2022-12-15T06:35:22.990+0000] {dagbag.py:537} INFO - Filling up the DagBag from /opt/airflow/dags/extr_processing_augmentation.py
[2022-12-15T06:35:23.004+0000] {processor.py:766} INFO - DAG(s) dict_keys(['extr_proc_aug_pipl']) retrieved from /opt/airflow/dags/extr_processing_augmentation.py
[2022-12-15T06:35:23.048+0000] {logging_mixin.py:120} INFO - [2022-12-15T06:35:23.047+0000] {dag.py:2585} INFO - Sync 1 DAGs
[2022-12-15T06:35:23.070+0000] {logging_mixin.py:120} INFO - [2022-12-15T06:35:23.070+0000] {dag.py:3340} INFO - Setting next_dagrun for extr_proc_aug_pipl to 2022-12-15T00:00:00+00:00, run_after=2022-12-16T00:00:00+00:00
[2022-12-15T06:35:23.086+0000] {processor.py:176} INFO - Processing /opt/airflow/dags/extr_processing_augmentation.py took 0.100 seconds
[2022-12-15T06:35:53.232+0000] {processor.py:154} INFO - Started process (PID=1671) to work on /opt/airflow/dags/extr_processing_augmentation.py
[2022-12-15T06:35:53.233+0000] {processor.py:756} INFO - Processing file /opt/airflow/dags/extr_processing_augmentation.py for tasks to queue
[2022-12-15T06:35:53.234+0000] {logging_mixin.py:120} INFO - [2022-12-15T06:35:53.234+0000] {dagbag.py:537} INFO - Filling up the DagBag from /opt/airflow/dags/extr_processing_augmentation.py
[2022-12-15T06:35:53.247+0000] {processor.py:766} INFO - DAG(s) dict_keys(['extr_proc_aug_pipl']) retrieved from /opt/airflow/dags/extr_processing_augmentation.py
[2022-12-15T06:35:53.282+0000] {logging_mixin.py:120} INFO - [2022-12-15T06:35:53.282+0000] {dag.py:2585} INFO - Sync 1 DAGs
[2022-12-15T06:35:53.304+0000] {logging_mixin.py:120} INFO - [2022-12-15T06:35:53.304+0000] {dag.py:3340} INFO - Setting next_dagrun for extr_proc_aug_pipl to 2022-12-15T00:00:00+00:00, run_after=2022-12-16T00:00:00+00:00
[2022-12-15T06:35:53.320+0000] {processor.py:176} INFO - Processing /opt/airflow/dags/extr_processing_augmentation.py took 0.090 seconds
[2022-12-15T06:36:23.467+0000] {processor.py:154} INFO - Started process (PID=1708) to work on /opt/airflow/dags/extr_processing_augmentation.py
[2022-12-15T06:36:23.468+0000] {processor.py:756} INFO - Processing file /opt/airflow/dags/extr_processing_augmentation.py for tasks to queue
[2022-12-15T06:36:23.468+0000] {logging_mixin.py:120} INFO - [2022-12-15T06:36:23.468+0000] {dagbag.py:537} INFO - Filling up the DagBag from /opt/airflow/dags/extr_processing_augmentation.py
[2022-12-15T06:36:23.481+0000] {processor.py:766} INFO - DAG(s) dict_keys(['extr_proc_aug_pipl']) retrieved from /opt/airflow/dags/extr_processing_augmentation.py
[2022-12-15T06:36:23.517+0000] {logging_mixin.py:120} INFO - [2022-12-15T06:36:23.517+0000] {dag.py:2585} INFO - Sync 1 DAGs
[2022-12-15T06:36:23.542+0000] {logging_mixin.py:120} INFO - [2022-12-15T06:36:23.542+0000] {dag.py:3340} INFO - Setting next_dagrun for extr_proc_aug_pipl to 2022-12-15T00:00:00+00:00, run_after=2022-12-16T00:00:00+00:00
[2022-12-15T06:36:23.559+0000] {processor.py:176} INFO - Processing /opt/airflow/dags/extr_processing_augmentation.py took 0.094 seconds
[2022-12-15T06:36:53.699+0000] {processor.py:154} INFO - Started process (PID=1745) to work on /opt/airflow/dags/extr_processing_augmentation.py
[2022-12-15T06:36:53.699+0000] {processor.py:756} INFO - Processing file /opt/airflow/dags/extr_processing_augmentation.py for tasks to queue
[2022-12-15T06:36:53.700+0000] {logging_mixin.py:120} INFO - [2022-12-15T06:36:53.700+0000] {dagbag.py:537} INFO - Filling up the DagBag from /opt/airflow/dags/extr_processing_augmentation.py
[2022-12-15T06:36:53.719+0000] {processor.py:766} INFO - DAG(s) dict_keys(['extr_proc_aug_pipl']) retrieved from /opt/airflow/dags/extr_processing_augmentation.py
[2022-12-15T06:36:53.757+0000] {logging_mixin.py:120} INFO - [2022-12-15T06:36:53.757+0000] {dag.py:2585} INFO - Sync 1 DAGs
[2022-12-15T06:36:53.782+0000] {logging_mixin.py:120} INFO - [2022-12-15T06:36:53.782+0000] {dag.py:3340} INFO - Setting next_dagrun for extr_proc_aug_pipl to 2022-12-15T00:00:00+00:00, run_after=2022-12-16T00:00:00+00:00
[2022-12-15T06:36:53.801+0000] {processor.py:176} INFO - Processing /opt/airflow/dags/extr_processing_augmentation.py took 0.105 seconds
[2022-12-15T06:37:23.833+0000] {processor.py:154} INFO - Started process (PID=1783) to work on /opt/airflow/dags/extr_processing_augmentation.py
[2022-12-15T06:37:23.834+0000] {processor.py:756} INFO - Processing file /opt/airflow/dags/extr_processing_augmentation.py for tasks to queue
[2022-12-15T06:37:23.835+0000] {logging_mixin.py:120} INFO - [2022-12-15T06:37:23.835+0000] {dagbag.py:537} INFO - Filling up the DagBag from /opt/airflow/dags/extr_processing_augmentation.py
[2022-12-15T06:37:23.850+0000] {processor.py:766} INFO - DAG(s) dict_keys(['extr_proc_aug_pipl']) retrieved from /opt/airflow/dags/extr_processing_augmentation.py
[2022-12-15T06:37:23.892+0000] {logging_mixin.py:120} INFO - [2022-12-15T06:37:23.892+0000] {dag.py:2585} INFO - Sync 1 DAGs
[2022-12-15T06:37:23.919+0000] {logging_mixin.py:120} INFO - [2022-12-15T06:37:23.919+0000] {dag.py:3340} INFO - Setting next_dagrun for extr_proc_aug_pipl to 2022-12-15T00:00:00+00:00, run_after=2022-12-16T00:00:00+00:00
[2022-12-15T06:37:23.937+0000] {processor.py:176} INFO - Processing /opt/airflow/dags/extr_processing_augmentation.py took 0.108 seconds
[2022-12-15T06:37:54.082+0000] {processor.py:154} INFO - Started process (PID=1811) to work on /opt/airflow/dags/extr_processing_augmentation.py
[2022-12-15T06:37:54.083+0000] {processor.py:756} INFO - Processing file /opt/airflow/dags/extr_processing_augmentation.py for tasks to queue
[2022-12-15T06:37:54.083+0000] {logging_mixin.py:120} INFO - [2022-12-15T06:37:54.083+0000] {dagbag.py:537} INFO - Filling up the DagBag from /opt/airflow/dags/extr_processing_augmentation.py
[2022-12-15T06:37:54.100+0000] {processor.py:766} INFO - DAG(s) dict_keys(['extr_proc_aug_pipl']) retrieved from /opt/airflow/dags/extr_processing_augmentation.py
[2022-12-15T06:37:54.143+0000] {logging_mixin.py:120} INFO - [2022-12-15T06:37:54.143+0000] {dag.py:2585} INFO - Sync 1 DAGs
[2022-12-15T06:37:54.175+0000] {logging_mixin.py:120} INFO - [2022-12-15T06:37:54.175+0000] {dag.py:3340} INFO - Setting next_dagrun for extr_proc_aug_pipl to 2022-12-15T00:00:00+00:00, run_after=2022-12-16T00:00:00+00:00
[2022-12-15T06:37:54.195+0000] {processor.py:176} INFO - Processing /opt/airflow/dags/extr_processing_augmentation.py took 0.117 seconds
[2022-12-15T06:38:24.338+0000] {processor.py:154} INFO - Started process (PID=1848) to work on /opt/airflow/dags/extr_processing_augmentation.py
[2022-12-15T06:38:24.339+0000] {processor.py:756} INFO - Processing file /opt/airflow/dags/extr_processing_augmentation.py for tasks to queue
[2022-12-15T06:38:24.340+0000] {logging_mixin.py:120} INFO - [2022-12-15T06:38:24.340+0000] {dagbag.py:537} INFO - Filling up the DagBag from /opt/airflow/dags/extr_processing_augmentation.py
[2022-12-15T06:38:24.358+0000] {processor.py:766} INFO - DAG(s) dict_keys(['extr_proc_aug_pipl']) retrieved from /opt/airflow/dags/extr_processing_augmentation.py
[2022-12-15T06:38:24.402+0000] {logging_mixin.py:120} INFO - [2022-12-15T06:38:24.402+0000] {dag.py:2585} INFO - Sync 1 DAGs
[2022-12-15T06:38:24.426+0000] {logging_mixin.py:120} INFO - [2022-12-15T06:38:24.426+0000] {dag.py:3340} INFO - Setting next_dagrun for extr_proc_aug_pipl to 2022-12-15T00:00:00+00:00, run_after=2022-12-16T00:00:00+00:00
[2022-12-15T06:38:24.446+0000] {processor.py:176} INFO - Processing /opt/airflow/dags/extr_processing_augmentation.py took 0.111 seconds
[2022-12-15T06:38:54.600+0000] {processor.py:154} INFO - Started process (PID=1885) to work on /opt/airflow/dags/extr_processing_augmentation.py
[2022-12-15T06:38:54.601+0000] {processor.py:756} INFO - Processing file /opt/airflow/dags/extr_processing_augmentation.py for tasks to queue
[2022-12-15T06:38:54.601+0000] {logging_mixin.py:120} INFO - [2022-12-15T06:38:54.601+0000] {dagbag.py:537} INFO - Filling up the DagBag from /opt/airflow/dags/extr_processing_augmentation.py
[2022-12-15T06:38:54.618+0000] {processor.py:766} INFO - DAG(s) dict_keys(['extr_proc_aug_pipl']) retrieved from /opt/airflow/dags/extr_processing_augmentation.py
[2022-12-15T06:38:54.711+0000] {logging_mixin.py:120} INFO - [2022-12-15T06:38:54.711+0000] {dag.py:2585} INFO - Sync 1 DAGs
[2022-12-15T06:38:54.743+0000] {logging_mixin.py:120} INFO - [2022-12-15T06:38:54.743+0000] {dag.py:3340} INFO - Setting next_dagrun for extr_proc_aug_pipl to 2022-12-15T00:00:00+00:00, run_after=2022-12-16T00:00:00+00:00
[2022-12-15T06:38:54.766+0000] {processor.py:176} INFO - Processing /opt/airflow/dags/extr_processing_augmentation.py took 0.170 seconds
[2022-12-15T06:39:24.856+0000] {processor.py:154} INFO - Started process (PID=1913) to work on /opt/airflow/dags/extr_processing_augmentation.py
[2022-12-15T06:39:24.857+0000] {processor.py:756} INFO - Processing file /opt/airflow/dags/extr_processing_augmentation.py for tasks to queue
[2022-12-15T06:39:24.858+0000] {logging_mixin.py:120} INFO - [2022-12-15T06:39:24.858+0000] {dagbag.py:537} INFO - Filling up the DagBag from /opt/airflow/dags/extr_processing_augmentation.py
[2022-12-15T06:39:24.884+0000] {processor.py:766} INFO - DAG(s) dict_keys(['extr_proc_aug_pipl']) retrieved from /opt/airflow/dags/extr_processing_augmentation.py
[2022-12-15T06:39:24.939+0000] {logging_mixin.py:120} INFO - [2022-12-15T06:39:24.938+0000] {dag.py:2585} INFO - Sync 1 DAGs
[2022-12-15T06:39:24.985+0000] {logging_mixin.py:120} INFO - [2022-12-15T06:39:24.985+0000] {dag.py:3340} INFO - Setting next_dagrun for extr_proc_aug_pipl to 2022-12-15T00:00:00+00:00, run_after=2022-12-16T00:00:00+00:00
[2022-12-15T06:39:25.017+0000] {processor.py:176} INFO - Processing /opt/airflow/dags/extr_processing_augmentation.py took 0.166 seconds
[2022-12-15T06:39:55.141+0000] {processor.py:154} INFO - Started process (PID=1949) to work on /opt/airflow/dags/extr_processing_augmentation.py
[2022-12-15T06:39:55.141+0000] {processor.py:756} INFO - Processing file /opt/airflow/dags/extr_processing_augmentation.py for tasks to queue
[2022-12-15T06:39:55.142+0000] {logging_mixin.py:120} INFO - [2022-12-15T06:39:55.142+0000] {dagbag.py:537} INFO - Filling up the DagBag from /opt/airflow/dags/extr_processing_augmentation.py
[2022-12-15T06:39:55.159+0000] {processor.py:766} INFO - DAG(s) dict_keys(['extr_proc_aug_pipl']) retrieved from /opt/airflow/dags/extr_processing_augmentation.py
[2022-12-15T06:39:55.198+0000] {logging_mixin.py:120} INFO - [2022-12-15T06:39:55.198+0000] {dag.py:2585} INFO - Sync 1 DAGs
[2022-12-15T06:39:55.223+0000] {logging_mixin.py:120} INFO - [2022-12-15T06:39:55.223+0000] {dag.py:3340} INFO - Setting next_dagrun for extr_proc_aug_pipl to 2022-12-15T00:00:00+00:00, run_after=2022-12-16T00:00:00+00:00
[2022-12-15T06:39:55.241+0000] {processor.py:176} INFO - Processing /opt/airflow/dags/extr_processing_augmentation.py took 0.104 seconds
[2022-12-15T06:40:25.383+0000] {processor.py:154} INFO - Started process (PID=1987) to work on /opt/airflow/dags/extr_processing_augmentation.py
[2022-12-15T06:40:25.384+0000] {processor.py:756} INFO - Processing file /opt/airflow/dags/extr_processing_augmentation.py for tasks to queue
[2022-12-15T06:40:25.384+0000] {logging_mixin.py:120} INFO - [2022-12-15T06:40:25.384+0000] {dagbag.py:537} INFO - Filling up the DagBag from /opt/airflow/dags/extr_processing_augmentation.py
[2022-12-15T06:40:25.401+0000] {processor.py:766} INFO - DAG(s) dict_keys(['extr_proc_aug_pipl']) retrieved from /opt/airflow/dags/extr_processing_augmentation.py
[2022-12-15T06:40:25.442+0000] {logging_mixin.py:120} INFO - [2022-12-15T06:40:25.442+0000] {dag.py:2585} INFO - Sync 1 DAGs
[2022-12-15T06:40:25.469+0000] {logging_mixin.py:120} INFO - [2022-12-15T06:40:25.469+0000] {dag.py:3340} INFO - Setting next_dagrun for extr_proc_aug_pipl to 2022-12-15T00:00:00+00:00, run_after=2022-12-16T00:00:00+00:00
[2022-12-15T06:40:25.492+0000] {processor.py:176} INFO - Processing /opt/airflow/dags/extr_processing_augmentation.py took 0.111 seconds
[2022-12-15T06:40:55.665+0000] {processor.py:154} INFO - Started process (PID=2015) to work on /opt/airflow/dags/extr_processing_augmentation.py
[2022-12-15T06:40:55.666+0000] {processor.py:756} INFO - Processing file /opt/airflow/dags/extr_processing_augmentation.py for tasks to queue
[2022-12-15T06:40:55.667+0000] {logging_mixin.py:120} INFO - [2022-12-15T06:40:55.666+0000] {dagbag.py:537} INFO - Filling up the DagBag from /opt/airflow/dags/extr_processing_augmentation.py
[2022-12-15T06:40:55.685+0000] {processor.py:766} INFO - DAG(s) dict_keys(['extr_proc_aug_pipl']) retrieved from /opt/airflow/dags/extr_processing_augmentation.py
[2022-12-15T06:40:55.740+0000] {logging_mixin.py:120} INFO - [2022-12-15T06:40:55.740+0000] {dag.py:2585} INFO - Sync 1 DAGs
[2022-12-15T06:40:55.771+0000] {logging_mixin.py:120} INFO - [2022-12-15T06:40:55.771+0000] {dag.py:3340} INFO - Setting next_dagrun for extr_proc_aug_pipl to 2022-12-15T00:00:00+00:00, run_after=2022-12-16T00:00:00+00:00
[2022-12-15T06:40:55.792+0000] {processor.py:176} INFO - Processing /opt/airflow/dags/extr_processing_augmentation.py took 0.131 seconds
[2022-12-15T06:41:25.911+0000] {processor.py:154} INFO - Started process (PID=2052) to work on /opt/airflow/dags/extr_processing_augmentation.py
[2022-12-15T06:41:25.912+0000] {processor.py:756} INFO - Processing file /opt/airflow/dags/extr_processing_augmentation.py for tasks to queue
[2022-12-15T06:41:25.912+0000] {logging_mixin.py:120} INFO - [2022-12-15T06:41:25.912+0000] {dagbag.py:537} INFO - Filling up the DagBag from /opt/airflow/dags/extr_processing_augmentation.py
[2022-12-15T06:41:25.927+0000] {processor.py:766} INFO - DAG(s) dict_keys(['extr_proc_aug_pipl']) retrieved from /opt/airflow/dags/extr_processing_augmentation.py
[2022-12-15T06:41:25.967+0000] {logging_mixin.py:120} INFO - [2022-12-15T06:41:25.967+0000] {dag.py:2585} INFO - Sync 1 DAGs
[2022-12-15T06:41:26.000+0000] {logging_mixin.py:120} INFO - [2022-12-15T06:41:26.000+0000] {dag.py:3340} INFO - Setting next_dagrun for extr_proc_aug_pipl to 2022-12-15T00:00:00+00:00, run_after=2022-12-16T00:00:00+00:00
[2022-12-15T06:41:26.019+0000] {processor.py:176} INFO - Processing /opt/airflow/dags/extr_processing_augmentation.py took 0.113 seconds
[2022-12-15T06:41:56.042+0000] {processor.py:154} INFO - Started process (PID=2089) to work on /opt/airflow/dags/extr_processing_augmentation.py
[2022-12-15T06:41:56.042+0000] {processor.py:756} INFO - Processing file /opt/airflow/dags/extr_processing_augmentation.py for tasks to queue
[2022-12-15T06:41:56.043+0000] {logging_mixin.py:120} INFO - [2022-12-15T06:41:56.043+0000] {dagbag.py:537} INFO - Filling up the DagBag from /opt/airflow/dags/extr_processing_augmentation.py
[2022-12-15T06:41:56.058+0000] {processor.py:766} INFO - DAG(s) dict_keys(['extr_proc_aug_pipl']) retrieved from /opt/airflow/dags/extr_processing_augmentation.py
[2022-12-15T06:41:56.099+0000] {logging_mixin.py:120} INFO - [2022-12-15T06:41:56.098+0000] {dag.py:2585} INFO - Sync 1 DAGs
[2022-12-15T06:41:56.128+0000] {logging_mixin.py:120} INFO - [2022-12-15T06:41:56.128+0000] {dag.py:3340} INFO - Setting next_dagrun for extr_proc_aug_pipl to 2022-12-15T00:00:00+00:00, run_after=2022-12-16T00:00:00+00:00
[2022-12-15T06:41:56.147+0000] {processor.py:176} INFO - Processing /opt/airflow/dags/extr_processing_augmentation.py took 0.108 seconds
[2022-12-15T06:42:26.302+0000] {processor.py:154} INFO - Started process (PID=2117) to work on /opt/airflow/dags/extr_processing_augmentation.py
[2022-12-15T06:42:26.303+0000] {processor.py:756} INFO - Processing file /opt/airflow/dags/extr_processing_augmentation.py for tasks to queue
[2022-12-15T06:42:26.303+0000] {logging_mixin.py:120} INFO - [2022-12-15T06:42:26.303+0000] {dagbag.py:537} INFO - Filling up the DagBag from /opt/airflow/dags/extr_processing_augmentation.py
[2022-12-15T06:42:26.318+0000] {processor.py:766} INFO - DAG(s) dict_keys(['extr_proc_aug_pipl']) retrieved from /opt/airflow/dags/extr_processing_augmentation.py
[2022-12-15T06:42:26.357+0000] {logging_mixin.py:120} INFO - [2022-12-15T06:42:26.357+0000] {dag.py:2585} INFO - Sync 1 DAGs
[2022-12-15T06:42:26.380+0000] {logging_mixin.py:120} INFO - [2022-12-15T06:42:26.380+0000] {dag.py:3340} INFO - Setting next_dagrun for extr_proc_aug_pipl to 2022-12-15T00:00:00+00:00, run_after=2022-12-16T00:00:00+00:00
[2022-12-15T06:42:26.397+0000] {processor.py:176} INFO - Processing /opt/airflow/dags/extr_processing_augmentation.py took 0.099 seconds
[2022-12-15T06:42:56.539+0000] {processor.py:154} INFO - Started process (PID=2154) to work on /opt/airflow/dags/extr_processing_augmentation.py
[2022-12-15T06:42:56.539+0000] {processor.py:756} INFO - Processing file /opt/airflow/dags/extr_processing_augmentation.py for tasks to queue
[2022-12-15T06:42:56.540+0000] {logging_mixin.py:120} INFO - [2022-12-15T06:42:56.540+0000] {dagbag.py:537} INFO - Filling up the DagBag from /opt/airflow/dags/extr_processing_augmentation.py
[2022-12-15T06:42:56.556+0000] {processor.py:766} INFO - DAG(s) dict_keys(['extr_proc_aug_pipl']) retrieved from /opt/airflow/dags/extr_processing_augmentation.py
[2022-12-15T06:42:56.596+0000] {logging_mixin.py:120} INFO - [2022-12-15T06:42:56.596+0000] {dag.py:2585} INFO - Sync 1 DAGs
[2022-12-15T06:42:56.622+0000] {logging_mixin.py:120} INFO - [2022-12-15T06:42:56.622+0000] {dag.py:3340} INFO - Setting next_dagrun for extr_proc_aug_pipl to 2022-12-15T00:00:00+00:00, run_after=2022-12-16T00:00:00+00:00
[2022-12-15T06:42:56.642+0000] {processor.py:176} INFO - Processing /opt/airflow/dags/extr_processing_augmentation.py took 0.107 seconds
[2022-12-15T06:43:26.781+0000] {processor.py:154} INFO - Started process (PID=2191) to work on /opt/airflow/dags/extr_processing_augmentation.py
[2022-12-15T06:43:26.782+0000] {processor.py:756} INFO - Processing file /opt/airflow/dags/extr_processing_augmentation.py for tasks to queue
[2022-12-15T06:43:26.783+0000] {logging_mixin.py:120} INFO - [2022-12-15T06:43:26.783+0000] {dagbag.py:537} INFO - Filling up the DagBag from /opt/airflow/dags/extr_processing_augmentation.py
[2022-12-15T06:43:26.799+0000] {processor.py:766} INFO - DAG(s) dict_keys(['extr_proc_aug_pipl']) retrieved from /opt/airflow/dags/extr_processing_augmentation.py
[2022-12-15T06:43:26.837+0000] {logging_mixin.py:120} INFO - [2022-12-15T06:43:26.836+0000] {dag.py:2585} INFO - Sync 1 DAGs
[2022-12-15T06:43:26.862+0000] {logging_mixin.py:120} INFO - [2022-12-15T06:43:26.862+0000] {dag.py:3340} INFO - Setting next_dagrun for extr_proc_aug_pipl to 2022-12-15T00:00:00+00:00, run_after=2022-12-16T00:00:00+00:00
[2022-12-15T06:43:26.880+0000] {processor.py:176} INFO - Processing /opt/airflow/dags/extr_processing_augmentation.py took 0.102 seconds
[2022-12-15T06:43:57.017+0000] {processor.py:154} INFO - Started process (PID=2219) to work on /opt/airflow/dags/extr_processing_augmentation.py
[2022-12-15T06:43:57.018+0000] {processor.py:756} INFO - Processing file /opt/airflow/dags/extr_processing_augmentation.py for tasks to queue
[2022-12-15T06:43:57.019+0000] {logging_mixin.py:120} INFO - [2022-12-15T06:43:57.019+0000] {dagbag.py:537} INFO - Filling up the DagBag from /opt/airflow/dags/extr_processing_augmentation.py
[2022-12-15T06:43:57.040+0000] {processor.py:766} INFO - DAG(s) dict_keys(['extr_proc_aug_pipl']) retrieved from /opt/airflow/dags/extr_processing_augmentation.py
[2022-12-15T06:43:57.087+0000] {logging_mixin.py:120} INFO - [2022-12-15T06:43:57.087+0000] {dag.py:2585} INFO - Sync 1 DAGs
[2022-12-15T06:43:57.118+0000] {logging_mixin.py:120} INFO - [2022-12-15T06:43:57.118+0000] {dag.py:3340} INFO - Setting next_dagrun for extr_proc_aug_pipl to 2022-12-15T00:00:00+00:00, run_after=2022-12-16T00:00:00+00:00
[2022-12-15T06:43:57.143+0000] {processor.py:176} INFO - Processing /opt/airflow/dags/extr_processing_augmentation.py took 0.132 seconds
[2022-12-15T06:44:27.331+0000] {processor.py:154} INFO - Started process (PID=2257) to work on /opt/airflow/dags/extr_processing_augmentation.py
[2022-12-15T06:44:27.333+0000] {processor.py:756} INFO - Processing file /opt/airflow/dags/extr_processing_augmentation.py for tasks to queue
[2022-12-15T06:44:27.334+0000] {logging_mixin.py:120} INFO - [2022-12-15T06:44:27.333+0000] {dagbag.py:537} INFO - Filling up the DagBag from /opt/airflow/dags/extr_processing_augmentation.py
[2022-12-15T06:44:27.350+0000] {processor.py:766} INFO - DAG(s) dict_keys(['extr_proc_aug_pipl']) retrieved from /opt/airflow/dags/extr_processing_augmentation.py
[2022-12-15T06:44:27.394+0000] {logging_mixin.py:120} INFO - [2022-12-15T06:44:27.394+0000] {dag.py:2585} INFO - Sync 1 DAGs
[2022-12-15T06:44:27.424+0000] {logging_mixin.py:120} INFO - [2022-12-15T06:44:27.424+0000] {dag.py:3340} INFO - Setting next_dagrun for extr_proc_aug_pipl to 2022-12-15T00:00:00+00:00, run_after=2022-12-16T00:00:00+00:00
[2022-12-15T06:44:27.445+0000] {processor.py:176} INFO - Processing /opt/airflow/dags/extr_processing_augmentation.py took 0.117 seconds
[2022-12-15T08:01:54.870+0000] {processor.py:154} INFO - Started process (PID=173) to work on /opt/airflow/dags/extr_processing_augmentation.py
[2022-12-15T08:01:54.872+0000] {processor.py:756} INFO - Processing file /opt/airflow/dags/extr_processing_augmentation.py for tasks to queue
[2022-12-15T08:01:54.874+0000] {logging_mixin.py:120} INFO - [2022-12-15T08:01:54.873+0000] {dagbag.py:537} INFO - Filling up the DagBag from /opt/airflow/dags/extr_processing_augmentation.py
[2022-12-15T08:01:54.909+0000] {processor.py:766} INFO - DAG(s) dict_keys(['extr_proc_aug_pipl']) retrieved from /opt/airflow/dags/extr_processing_augmentation.py
[2022-12-15T08:01:55.146+0000] {logging_mixin.py:120} INFO - [2022-12-15T08:01:55.146+0000] {dag.py:2585} INFO - Sync 1 DAGs
[2022-12-15T08:01:55.171+0000] {logging_mixin.py:120} INFO - [2022-12-15T08:01:55.171+0000] {dag.py:3340} INFO - Setting next_dagrun for extr_proc_aug_pipl to 2022-12-15T00:00:00+00:00, run_after=2022-12-16T00:00:00+00:00
[2022-12-15T08:01:55.191+0000] {processor.py:176} INFO - Processing /opt/airflow/dags/extr_processing_augmentation.py took 0.331 seconds
[2022-12-15T08:02:25.885+0000] {processor.py:154} INFO - Started process (PID=211) to work on /opt/airflow/dags/extr_processing_augmentation.py
[2022-12-15T08:02:25.886+0000] {processor.py:756} INFO - Processing file /opt/airflow/dags/extr_processing_augmentation.py for tasks to queue
[2022-12-15T08:02:25.887+0000] {logging_mixin.py:120} INFO - [2022-12-15T08:02:25.887+0000] {dagbag.py:537} INFO - Filling up the DagBag from /opt/airflow/dags/extr_processing_augmentation.py
[2022-12-15T08:02:26.025+0000] {processor.py:766} INFO - DAG(s) dict_keys(['extr_proc_aug_pipl']) retrieved from /opt/airflow/dags/extr_processing_augmentation.py
[2022-12-15T08:02:26.055+0000] {logging_mixin.py:120} INFO - [2022-12-15T08:02:26.055+0000] {dag.py:2585} INFO - Sync 1 DAGs
[2022-12-15T08:02:26.076+0000] {logging_mixin.py:120} INFO - [2022-12-15T08:02:26.076+0000] {dag.py:3340} INFO - Setting next_dagrun for extr_proc_aug_pipl to 2022-12-15T00:00:00+00:00, run_after=2022-12-16T00:00:00+00:00
[2022-12-15T08:02:26.125+0000] {processor.py:176} INFO - Processing /opt/airflow/dags/extr_processing_augmentation.py took 0.242 seconds
[2022-12-15T08:02:56.373+0000] {processor.py:154} INFO - Started process (PID=239) to work on /opt/airflow/dags/extr_processing_augmentation.py
[2022-12-15T08:02:56.385+0000] {processor.py:756} INFO - Processing file /opt/airflow/dags/extr_processing_augmentation.py for tasks to queue
[2022-12-15T08:02:56.385+0000] {logging_mixin.py:120} INFO - [2022-12-15T08:02:56.385+0000] {dagbag.py:537} INFO - Filling up the DagBag from /opt/airflow/dags/extr_processing_augmentation.py
[2022-12-15T08:02:56.399+0000] {processor.py:766} INFO - DAG(s) dict_keys(['extr_proc_aug_pipl']) retrieved from /opt/airflow/dags/extr_processing_augmentation.py
[2022-12-15T08:02:56.438+0000] {logging_mixin.py:120} INFO - [2022-12-15T08:02:56.438+0000] {dag.py:2585} INFO - Sync 1 DAGs
[2022-12-15T08:02:56.461+0000] {logging_mixin.py:120} INFO - [2022-12-15T08:02:56.461+0000] {dag.py:3340} INFO - Setting next_dagrun for extr_proc_aug_pipl to 2022-12-15T00:00:00+00:00, run_after=2022-12-16T00:00:00+00:00
[2022-12-15T08:02:56.485+0000] {processor.py:176} INFO - Processing /opt/airflow/dags/extr_processing_augmentation.py took 0.115 seconds
[2022-12-15T08:03:26.675+0000] {processor.py:154} INFO - Started process (PID=277) to work on /opt/airflow/dags/extr_processing_augmentation.py
[2022-12-15T08:03:26.676+0000] {processor.py:756} INFO - Processing file /opt/airflow/dags/extr_processing_augmentation.py for tasks to queue
[2022-12-15T08:03:26.677+0000] {logging_mixin.py:120} INFO - [2022-12-15T08:03:26.676+0000] {dagbag.py:537} INFO - Filling up the DagBag from /opt/airflow/dags/extr_processing_augmentation.py
[2022-12-15T08:03:26.693+0000] {processor.py:766} INFO - DAG(s) dict_keys(['extr_proc_aug_pipl']) retrieved from /opt/airflow/dags/extr_processing_augmentation.py
[2022-12-15T08:03:26.736+0000] {logging_mixin.py:120} INFO - [2022-12-15T08:03:26.736+0000] {dag.py:2585} INFO - Sync 1 DAGs
[2022-12-15T08:03:26.781+0000] {logging_mixin.py:120} INFO - [2022-12-15T08:03:26.781+0000] {dag.py:3340} INFO - Setting next_dagrun for extr_proc_aug_pipl to 2022-12-15T00:00:00+00:00, run_after=2022-12-16T00:00:00+00:00
[2022-12-15T08:03:26.805+0000] {processor.py:176} INFO - Processing /opt/airflow/dags/extr_processing_augmentation.py took 0.134 seconds
[2022-12-15T08:03:56.915+0000] {processor.py:154} INFO - Started process (PID=314) to work on /opt/airflow/dags/extr_processing_augmentation.py
[2022-12-15T08:03:56.916+0000] {processor.py:756} INFO - Processing file /opt/airflow/dags/extr_processing_augmentation.py for tasks to queue
[2022-12-15T08:03:56.917+0000] {logging_mixin.py:120} INFO - [2022-12-15T08:03:56.916+0000] {dagbag.py:537} INFO - Filling up the DagBag from /opt/airflow/dags/extr_processing_augmentation.py
[2022-12-15T08:03:56.932+0000] {processor.py:766} INFO - DAG(s) dict_keys(['extr_proc_aug_pipl']) retrieved from /opt/airflow/dags/extr_processing_augmentation.py
[2022-12-15T08:03:56.972+0000] {logging_mixin.py:120} INFO - [2022-12-15T08:03:56.972+0000] {dag.py:2585} INFO - Sync 1 DAGs
[2022-12-15T08:03:56.995+0000] {logging_mixin.py:120} INFO - [2022-12-15T08:03:56.995+0000] {dag.py:3340} INFO - Setting next_dagrun for extr_proc_aug_pipl to 2022-12-15T00:00:00+00:00, run_after=2022-12-16T00:00:00+00:00
[2022-12-15T08:03:57.011+0000] {processor.py:176} INFO - Processing /opt/airflow/dags/extr_processing_augmentation.py took 0.099 seconds
[2022-12-15T08:04:27.055+0000] {processor.py:154} INFO - Started process (PID=351) to work on /opt/airflow/dags/extr_processing_augmentation.py
[2022-12-15T08:04:27.056+0000] {processor.py:756} INFO - Processing file /opt/airflow/dags/extr_processing_augmentation.py for tasks to queue
[2022-12-15T08:04:27.057+0000] {logging_mixin.py:120} INFO - [2022-12-15T08:04:27.057+0000] {dagbag.py:537} INFO - Filling up the DagBag from /opt/airflow/dags/extr_processing_augmentation.py
[2022-12-15T08:04:27.073+0000] {processor.py:766} INFO - DAG(s) dict_keys(['extr_proc_aug_pipl']) retrieved from /opt/airflow/dags/extr_processing_augmentation.py
[2022-12-15T08:04:27.116+0000] {logging_mixin.py:120} INFO - [2022-12-15T08:04:27.116+0000] {dag.py:2585} INFO - Sync 1 DAGs
[2022-12-15T08:04:27.156+0000] {logging_mixin.py:120} INFO - [2022-12-15T08:04:27.153+0000] {dag.py:3340} INFO - Setting next_dagrun for extr_proc_aug_pipl to 2022-12-15T00:00:00+00:00, run_after=2022-12-16T00:00:00+00:00
[2022-12-15T08:04:27.180+0000] {processor.py:176} INFO - Processing /opt/airflow/dags/extr_processing_augmentation.py took 0.129 seconds
[2022-12-15T15:57:13.650+0000] {processor.py:154} INFO - Started process (PID=173) to work on /opt/airflow/dags/extr_processing_augmentation.py
[2022-12-15T15:57:13.653+0000] {processor.py:756} INFO - Processing file /opt/airflow/dags/extr_processing_augmentation.py for tasks to queue
[2022-12-15T15:57:13.654+0000] {logging_mixin.py:120} INFO - [2022-12-15T15:57:13.654+0000] {dagbag.py:537} INFO - Filling up the DagBag from /opt/airflow/dags/extr_processing_augmentation.py
[2022-12-15T15:57:13.708+0000] {processor.py:766} INFO - DAG(s) dict_keys(['extr_proc_aug_pipl']) retrieved from /opt/airflow/dags/extr_processing_augmentation.py
[2022-12-15T15:57:14.003+0000] {logging_mixin.py:120} INFO - [2022-12-15T15:57:14.003+0000] {dag.py:2585} INFO - Sync 1 DAGs
[2022-12-15T15:57:14.053+0000] {logging_mixin.py:120} INFO - [2022-12-15T15:57:14.052+0000] {dag.py:3340} INFO - Setting next_dagrun for extr_proc_aug_pipl to 2022-12-15T00:00:00+00:00, run_after=2022-12-16T00:00:00+00:00
[2022-12-15T15:57:14.083+0000] {processor.py:176} INFO - Processing /opt/airflow/dags/extr_processing_augmentation.py took 0.439 seconds
