[2022-12-15T06:15:44.086+0000] {processor.py:154} INFO - Started process (PID=176) to work on /opt/airflow/dags/tuto.py
[2022-12-15T06:15:44.087+0000] {processor.py:756} INFO - Processing file /opt/airflow/dags/tuto.py for tasks to queue
[2022-12-15T06:15:44.088+0000] {logging_mixin.py:120} INFO - [2022-12-15T06:15:44.088+0000] {dagbag.py:537} INFO - Filling up the DagBag from /opt/airflow/dags/tuto.py
[2022-12-15T06:15:44.146+0000] {processor.py:766} INFO - DAG(s) dict_keys(['tutorial']) retrieved from /opt/airflow/dags/tuto.py
[2022-12-15T06:15:44.448+0000] {logging_mixin.py:120} INFO - [2022-12-15T06:15:44.448+0000] {dag.py:2585} INFO - Sync 1 DAGs
[2022-12-15T06:15:44.483+0000] {logging_mixin.py:120} INFO - [2022-12-15T06:15:44.483+0000] {dag.py:3340} INFO - Setting next_dagrun for tutorial to 2019-07-27T00:00:00+00:00, run_after=2019-07-28T00:00:00+00:00
[2022-12-15T06:15:44.526+0000] {processor.py:176} INFO - Processing /opt/airflow/dags/tuto.py took 0.444 seconds
[2022-12-15T06:16:14.701+0000] {processor.py:154} INFO - Started process (PID=334) to work on /opt/airflow/dags/tuto.py
[2022-12-15T06:16:14.702+0000] {processor.py:756} INFO - Processing file /opt/airflow/dags/tuto.py for tasks to queue
[2022-12-15T06:16:14.702+0000] {logging_mixin.py:120} INFO - [2022-12-15T06:16:14.702+0000] {dagbag.py:537} INFO - Filling up the DagBag from /opt/airflow/dags/tuto.py
[2022-12-15T06:16:14.827+0000] {processor.py:766} INFO - DAG(s) dict_keys(['tutorial']) retrieved from /opt/airflow/dags/tuto.py
[2022-12-15T06:16:14.857+0000] {logging_mixin.py:120} INFO - [2022-12-15T06:16:14.857+0000] {dag.py:2585} INFO - Sync 1 DAGs
[2022-12-15T06:16:14.881+0000] {logging_mixin.py:120} INFO - [2022-12-15T06:16:14.881+0000] {dag.py:3340} INFO - Setting next_dagrun for tutorial to 2019-07-27T00:00:00+00:00, run_after=2019-07-28T00:00:00+00:00
[2022-12-15T06:16:14.896+0000] {processor.py:176} INFO - Processing /opt/airflow/dags/tuto.py took 0.198 seconds
[2022-12-15T06:16:44.934+0000] {processor.py:154} INFO - Started process (PID=371) to work on /opt/airflow/dags/tuto.py
[2022-12-15T06:16:44.935+0000] {processor.py:756} INFO - Processing file /opt/airflow/dags/tuto.py for tasks to queue
[2022-12-15T06:16:44.936+0000] {logging_mixin.py:120} INFO - [2022-12-15T06:16:44.935+0000] {dagbag.py:537} INFO - Filling up the DagBag from /opt/airflow/dags/tuto.py
[2022-12-15T06:16:44.951+0000] {processor.py:766} INFO - DAG(s) dict_keys(['tutorial']) retrieved from /opt/airflow/dags/tuto.py
[2022-12-15T06:16:44.993+0000] {logging_mixin.py:120} INFO - [2022-12-15T06:16:44.993+0000] {dag.py:2585} INFO - Sync 1 DAGs
[2022-12-15T06:16:45.018+0000] {logging_mixin.py:120} INFO - [2022-12-15T06:16:45.018+0000] {dag.py:3340} INFO - Setting next_dagrun for tutorial to 2019-07-27T00:00:00+00:00, run_after=2019-07-28T00:00:00+00:00
[2022-12-15T06:16:45.035+0000] {processor.py:176} INFO - Processing /opt/airflow/dags/tuto.py took 0.104 seconds
[2022-12-15T06:17:15.175+0000] {processor.py:154} INFO - Started process (PID=400) to work on /opt/airflow/dags/tuto.py
[2022-12-15T06:17:15.176+0000] {processor.py:756} INFO - Processing file /opt/airflow/dags/tuto.py for tasks to queue
[2022-12-15T06:17:15.177+0000] {logging_mixin.py:120} INFO - [2022-12-15T06:17:15.176+0000] {dagbag.py:537} INFO - Filling up the DagBag from /opt/airflow/dags/tuto.py
[2022-12-15T06:17:15.190+0000] {processor.py:766} INFO - DAG(s) dict_keys(['tutorial']) retrieved from /opt/airflow/dags/tuto.py
[2022-12-15T06:17:15.231+0000] {logging_mixin.py:120} INFO - [2022-12-15T06:17:15.231+0000] {dag.py:2585} INFO - Sync 1 DAGs
[2022-12-15T06:17:15.256+0000] {logging_mixin.py:120} INFO - [2022-12-15T06:17:15.255+0000] {dag.py:3340} INFO - Setting next_dagrun for tutorial to 2019-07-27T00:00:00+00:00, run_after=2019-07-28T00:00:00+00:00
[2022-12-15T06:17:15.273+0000] {processor.py:176} INFO - Processing /opt/airflow/dags/tuto.py took 0.101 seconds
[2022-12-15T06:17:45.433+0000] {processor.py:154} INFO - Started process (PID=437) to work on /opt/airflow/dags/tuto.py
[2022-12-15T06:17:45.434+0000] {processor.py:756} INFO - Processing file /opt/airflow/dags/tuto.py for tasks to queue
[2022-12-15T06:17:45.435+0000] {logging_mixin.py:120} INFO - [2022-12-15T06:17:45.434+0000] {dagbag.py:537} INFO - Filling up the DagBag from /opt/airflow/dags/tuto.py
[2022-12-15T06:17:45.449+0000] {processor.py:766} INFO - DAG(s) dict_keys(['tutorial']) retrieved from /opt/airflow/dags/tuto.py
[2022-12-15T06:17:45.489+0000] {logging_mixin.py:120} INFO - [2022-12-15T06:17:45.488+0000] {dag.py:2585} INFO - Sync 1 DAGs
[2022-12-15T06:17:45.512+0000] {logging_mixin.py:120} INFO - [2022-12-15T06:17:45.512+0000] {dag.py:3340} INFO - Setting next_dagrun for tutorial to 2019-07-27T00:00:00+00:00, run_after=2019-07-28T00:00:00+00:00
[2022-12-15T06:17:45.529+0000] {processor.py:176} INFO - Processing /opt/airflow/dags/tuto.py took 0.100 seconds
[2022-12-15T06:18:15.640+0000] {processor.py:154} INFO - Started process (PID=474) to work on /opt/airflow/dags/tuto.py
[2022-12-15T06:18:15.641+0000] {processor.py:756} INFO - Processing file /opt/airflow/dags/tuto.py for tasks to queue
[2022-12-15T06:18:15.642+0000] {logging_mixin.py:120} INFO - [2022-12-15T06:18:15.642+0000] {dagbag.py:537} INFO - Filling up the DagBag from /opt/airflow/dags/tuto.py
[2022-12-15T06:18:15.657+0000] {processor.py:766} INFO - DAG(s) dict_keys(['tutorial']) retrieved from /opt/airflow/dags/tuto.py
[2022-12-15T06:18:15.698+0000] {logging_mixin.py:120} INFO - [2022-12-15T06:18:15.698+0000] {dag.py:2585} INFO - Sync 1 DAGs
[2022-12-15T06:18:15.730+0000] {logging_mixin.py:120} INFO - [2022-12-15T06:18:15.730+0000] {dag.py:3340} INFO - Setting next_dagrun for tutorial to 2019-07-27T00:00:00+00:00, run_after=2019-07-28T00:00:00+00:00
[2022-12-15T06:18:15.768+0000] {processor.py:176} INFO - Processing /opt/airflow/dags/tuto.py took 0.130 seconds
[2022-12-15T06:18:45.927+0000] {processor.py:154} INFO - Started process (PID=502) to work on /opt/airflow/dags/tuto.py
[2022-12-15T06:18:45.927+0000] {processor.py:756} INFO - Processing file /opt/airflow/dags/tuto.py for tasks to queue
[2022-12-15T06:18:45.928+0000] {logging_mixin.py:120} INFO - [2022-12-15T06:18:45.928+0000] {dagbag.py:537} INFO - Filling up the DagBag from /opt/airflow/dags/tuto.py
[2022-12-15T06:18:45.942+0000] {processor.py:766} INFO - DAG(s) dict_keys(['tutorial']) retrieved from /opt/airflow/dags/tuto.py
[2022-12-15T06:18:45.989+0000] {logging_mixin.py:120} INFO - [2022-12-15T06:18:45.989+0000] {dag.py:2585} INFO - Sync 1 DAGs
[2022-12-15T06:18:46.016+0000] {logging_mixin.py:120} INFO - [2022-12-15T06:18:46.016+0000] {dag.py:3340} INFO - Setting next_dagrun for tutorial to 2019-07-27T00:00:00+00:00, run_after=2019-07-28T00:00:00+00:00
[2022-12-15T06:18:46.038+0000] {processor.py:176} INFO - Processing /opt/airflow/dags/tuto.py took 0.114 seconds
[2022-12-15T06:19:16.178+0000] {processor.py:154} INFO - Started process (PID=539) to work on /opt/airflow/dags/tuto.py
[2022-12-15T06:19:16.179+0000] {processor.py:756} INFO - Processing file /opt/airflow/dags/tuto.py for tasks to queue
[2022-12-15T06:19:16.180+0000] {logging_mixin.py:120} INFO - [2022-12-15T06:19:16.180+0000] {dagbag.py:537} INFO - Filling up the DagBag from /opt/airflow/dags/tuto.py
[2022-12-15T06:19:16.194+0000] {processor.py:766} INFO - DAG(s) dict_keys(['tutorial']) retrieved from /opt/airflow/dags/tuto.py
[2022-12-15T06:19:16.228+0000] {logging_mixin.py:120} INFO - [2022-12-15T06:19:16.228+0000] {dag.py:2585} INFO - Sync 1 DAGs
[2022-12-15T06:19:16.250+0000] {logging_mixin.py:120} INFO - [2022-12-15T06:19:16.250+0000] {dag.py:3340} INFO - Setting next_dagrun for tutorial to 2019-07-27T00:00:00+00:00, run_after=2019-07-28T00:00:00+00:00
[2022-12-15T06:19:16.265+0000] {processor.py:176} INFO - Processing /opt/airflow/dags/tuto.py took 0.091 seconds
[2022-12-15T06:19:46.302+0000] {processor.py:154} INFO - Started process (PID=576) to work on /opt/airflow/dags/tuto.py
[2022-12-15T06:19:46.303+0000] {processor.py:756} INFO - Processing file /opt/airflow/dags/tuto.py for tasks to queue
[2022-12-15T06:19:46.304+0000] {logging_mixin.py:120} INFO - [2022-12-15T06:19:46.304+0000] {dagbag.py:537} INFO - Filling up the DagBag from /opt/airflow/dags/tuto.py
[2022-12-15T06:19:46.317+0000] {processor.py:766} INFO - DAG(s) dict_keys(['tutorial']) retrieved from /opt/airflow/dags/tuto.py
[2022-12-15T06:19:46.353+0000] {logging_mixin.py:120} INFO - [2022-12-15T06:19:46.353+0000] {dag.py:2585} INFO - Sync 1 DAGs
[2022-12-15T06:19:46.375+0000] {logging_mixin.py:120} INFO - [2022-12-15T06:19:46.375+0000] {dag.py:3340} INFO - Setting next_dagrun for tutorial to 2019-07-27T00:00:00+00:00, run_after=2019-07-28T00:00:00+00:00
[2022-12-15T06:19:46.392+0000] {processor.py:176} INFO - Processing /opt/airflow/dags/tuto.py took 0.092 seconds
[2022-12-15T06:20:16.485+0000] {processor.py:154} INFO - Started process (PID=613) to work on /opt/airflow/dags/tuto.py
[2022-12-15T06:20:16.486+0000] {processor.py:756} INFO - Processing file /opt/airflow/dags/tuto.py for tasks to queue
[2022-12-15T06:20:16.486+0000] {logging_mixin.py:120} INFO - [2022-12-15T06:20:16.486+0000] {dagbag.py:537} INFO - Filling up the DagBag from /opt/airflow/dags/tuto.py
[2022-12-15T06:20:16.499+0000] {processor.py:766} INFO - DAG(s) dict_keys(['tutorial']) retrieved from /opt/airflow/dags/tuto.py
[2022-12-15T06:20:16.535+0000] {logging_mixin.py:120} INFO - [2022-12-15T06:20:16.535+0000] {dag.py:2585} INFO - Sync 1 DAGs
[2022-12-15T06:20:16.559+0000] {logging_mixin.py:120} INFO - [2022-12-15T06:20:16.558+0000] {dag.py:3340} INFO - Setting next_dagrun for tutorial to 2019-07-27T00:00:00+00:00, run_after=2019-07-28T00:00:00+00:00
[2022-12-15T06:20:16.577+0000] {processor.py:176} INFO - Processing /opt/airflow/dags/tuto.py took 0.095 seconds
[2022-12-15T06:20:46.620+0000] {processor.py:154} INFO - Started process (PID=641) to work on /opt/airflow/dags/tuto.py
[2022-12-15T06:20:46.621+0000] {processor.py:756} INFO - Processing file /opt/airflow/dags/tuto.py for tasks to queue
[2022-12-15T06:20:46.621+0000] {logging_mixin.py:120} INFO - [2022-12-15T06:20:46.621+0000] {dagbag.py:537} INFO - Filling up the DagBag from /opt/airflow/dags/tuto.py
[2022-12-15T06:20:46.634+0000] {processor.py:766} INFO - DAG(s) dict_keys(['tutorial']) retrieved from /opt/airflow/dags/tuto.py
[2022-12-15T06:20:46.671+0000] {logging_mixin.py:120} INFO - [2022-12-15T06:20:46.671+0000] {dag.py:2585} INFO - Sync 1 DAGs
[2022-12-15T06:20:46.693+0000] {logging_mixin.py:120} INFO - [2022-12-15T06:20:46.693+0000] {dag.py:3340} INFO - Setting next_dagrun for tutorial to 2019-07-27T00:00:00+00:00, run_after=2019-07-28T00:00:00+00:00
[2022-12-15T06:20:46.711+0000] {processor.py:176} INFO - Processing /opt/airflow/dags/tuto.py took 0.094 seconds
[2022-12-15T06:21:16.843+0000] {processor.py:154} INFO - Started process (PID=678) to work on /opt/airflow/dags/tuto.py
[2022-12-15T06:21:16.843+0000] {processor.py:756} INFO - Processing file /opt/airflow/dags/tuto.py for tasks to queue
[2022-12-15T06:21:16.844+0000] {logging_mixin.py:120} INFO - [2022-12-15T06:21:16.844+0000] {dagbag.py:537} INFO - Filling up the DagBag from /opt/airflow/dags/tuto.py
[2022-12-15T06:21:16.857+0000] {processor.py:766} INFO - DAG(s) dict_keys(['tutorial']) retrieved from /opt/airflow/dags/tuto.py
[2022-12-15T06:21:16.892+0000] {logging_mixin.py:120} INFO - [2022-12-15T06:21:16.892+0000] {dag.py:2585} INFO - Sync 1 DAGs
[2022-12-15T06:21:16.916+0000] {logging_mixin.py:120} INFO - [2022-12-15T06:21:16.915+0000] {dag.py:3340} INFO - Setting next_dagrun for tutorial to 2019-07-27T00:00:00+00:00, run_after=2019-07-28T00:00:00+00:00
[2022-12-15T06:21:16.932+0000] {processor.py:176} INFO - Processing /opt/airflow/dags/tuto.py took 0.092 seconds
[2022-12-15T06:21:46.968+0000] {processor.py:154} INFO - Started process (PID=715) to work on /opt/airflow/dags/tuto.py
[2022-12-15T06:21:46.968+0000] {processor.py:756} INFO - Processing file /opt/airflow/dags/tuto.py for tasks to queue
[2022-12-15T06:21:46.969+0000] {logging_mixin.py:120} INFO - [2022-12-15T06:21:46.969+0000] {dagbag.py:537} INFO - Filling up the DagBag from /opt/airflow/dags/tuto.py
[2022-12-15T06:21:46.981+0000] {processor.py:766} INFO - DAG(s) dict_keys(['tutorial']) retrieved from /opt/airflow/dags/tuto.py
[2022-12-15T06:21:47.018+0000] {logging_mixin.py:120} INFO - [2022-12-15T06:21:47.018+0000] {dag.py:2585} INFO - Sync 1 DAGs
[2022-12-15T06:21:47.041+0000] {logging_mixin.py:120} INFO - [2022-12-15T06:21:47.041+0000] {dag.py:3340} INFO - Setting next_dagrun for tutorial to 2019-07-27T00:00:00+00:00, run_after=2019-07-28T00:00:00+00:00
[2022-12-15T06:21:47.057+0000] {processor.py:176} INFO - Processing /opt/airflow/dags/tuto.py took 0.093 seconds
[2022-12-15T06:22:17.194+0000] {processor.py:154} INFO - Started process (PID=751) to work on /opt/airflow/dags/tuto.py
[2022-12-15T06:22:17.195+0000] {processor.py:756} INFO - Processing file /opt/airflow/dags/tuto.py for tasks to queue
[2022-12-15T06:22:17.195+0000] {logging_mixin.py:120} INFO - [2022-12-15T06:22:17.195+0000] {dagbag.py:537} INFO - Filling up the DagBag from /opt/airflow/dags/tuto.py
[2022-12-15T06:22:17.213+0000] {processor.py:766} INFO - DAG(s) dict_keys(['tutorial']) retrieved from /opt/airflow/dags/tuto.py
[2022-12-15T06:22:17.256+0000] {logging_mixin.py:120} INFO - [2022-12-15T06:22:17.255+0000] {dag.py:2585} INFO - Sync 1 DAGs
[2022-12-15T06:22:17.283+0000] {logging_mixin.py:120} INFO - [2022-12-15T06:22:17.283+0000] {dag.py:3340} INFO - Setting next_dagrun for tutorial to 2019-07-27T00:00:00+00:00, run_after=2019-07-28T00:00:00+00:00
[2022-12-15T06:22:17.302+0000] {processor.py:176} INFO - Processing /opt/airflow/dags/tuto.py took 0.111 seconds
[2022-12-15T06:22:47.413+0000] {processor.py:154} INFO - Started process (PID=781) to work on /opt/airflow/dags/tuto.py
[2022-12-15T06:22:47.414+0000] {processor.py:756} INFO - Processing file /opt/airflow/dags/tuto.py for tasks to queue
[2022-12-15T06:22:47.414+0000] {logging_mixin.py:120} INFO - [2022-12-15T06:22:47.414+0000] {dagbag.py:537} INFO - Filling up the DagBag from /opt/airflow/dags/tuto.py
[2022-12-15T06:22:47.426+0000] {processor.py:766} INFO - DAG(s) dict_keys(['tutorial']) retrieved from /opt/airflow/dags/tuto.py
[2022-12-15T06:22:47.461+0000] {logging_mixin.py:120} INFO - [2022-12-15T06:22:47.461+0000] {dag.py:2585} INFO - Sync 1 DAGs
[2022-12-15T06:22:47.484+0000] {logging_mixin.py:120} INFO - [2022-12-15T06:22:47.484+0000] {dag.py:3340} INFO - Setting next_dagrun for tutorial to 2019-07-27T00:00:00+00:00, run_after=2019-07-28T00:00:00+00:00
[2022-12-15T06:22:47.500+0000] {processor.py:176} INFO - Processing /opt/airflow/dags/tuto.py took 0.090 seconds
[2022-12-15T06:23:17.544+0000] {processor.py:154} INFO - Started process (PID=818) to work on /opt/airflow/dags/tuto.py
[2022-12-15T06:23:17.546+0000] {processor.py:756} INFO - Processing file /opt/airflow/dags/tuto.py for tasks to queue
[2022-12-15T06:23:17.546+0000] {logging_mixin.py:120} INFO - [2022-12-15T06:23:17.546+0000] {dagbag.py:537} INFO - Filling up the DagBag from /opt/airflow/dags/tuto.py
[2022-12-15T06:23:17.564+0000] {processor.py:766} INFO - DAG(s) dict_keys(['tutorial']) retrieved from /opt/airflow/dags/tuto.py
[2022-12-15T06:23:17.612+0000] {logging_mixin.py:120} INFO - [2022-12-15T06:23:17.612+0000] {dag.py:2585} INFO - Sync 1 DAGs
[2022-12-15T06:23:17.642+0000] {logging_mixin.py:120} INFO - [2022-12-15T06:23:17.642+0000] {dag.py:3340} INFO - Setting next_dagrun for tutorial to 2019-07-27T00:00:00+00:00, run_after=2019-07-28T00:00:00+00:00
[2022-12-15T06:23:17.667+0000] {processor.py:176} INFO - Processing /opt/airflow/dags/tuto.py took 0.127 seconds
[2022-12-15T06:23:47.810+0000] {processor.py:154} INFO - Started process (PID=855) to work on /opt/airflow/dags/tuto.py
[2022-12-15T06:23:47.811+0000] {processor.py:756} INFO - Processing file /opt/airflow/dags/tuto.py for tasks to queue
[2022-12-15T06:23:47.811+0000] {logging_mixin.py:120} INFO - [2022-12-15T06:23:47.811+0000] {dagbag.py:537} INFO - Filling up the DagBag from /opt/airflow/dags/tuto.py
[2022-12-15T06:23:47.824+0000] {processor.py:766} INFO - DAG(s) dict_keys(['tutorial']) retrieved from /opt/airflow/dags/tuto.py
[2022-12-15T06:23:47.864+0000] {logging_mixin.py:120} INFO - [2022-12-15T06:23:47.864+0000] {dag.py:2585} INFO - Sync 1 DAGs
[2022-12-15T06:23:47.888+0000] {logging_mixin.py:120} INFO - [2022-12-15T06:23:47.888+0000] {dag.py:3340} INFO - Setting next_dagrun for tutorial to 2019-07-27T00:00:00+00:00, run_after=2019-07-28T00:00:00+00:00
[2022-12-15T06:23:47.906+0000] {processor.py:176} INFO - Processing /opt/airflow/dags/tuto.py took 0.100 seconds
[2022-12-15T06:24:17.954+0000] {processor.py:154} INFO - Started process (PID=884) to work on /opt/airflow/dags/tuto.py
[2022-12-15T06:24:17.961+0000] {processor.py:756} INFO - Processing file /opt/airflow/dags/tuto.py for tasks to queue
[2022-12-15T06:24:17.961+0000] {logging_mixin.py:120} INFO - [2022-12-15T06:24:17.961+0000] {dagbag.py:537} INFO - Filling up the DagBag from /opt/airflow/dags/tuto.py
[2022-12-15T06:24:17.976+0000] {processor.py:766} INFO - DAG(s) dict_keys(['tutorial']) retrieved from /opt/airflow/dags/tuto.py
[2022-12-15T06:24:18.018+0000] {logging_mixin.py:120} INFO - [2022-12-15T06:24:18.018+0000] {dag.py:2585} INFO - Sync 1 DAGs
[2022-12-15T06:24:18.044+0000] {logging_mixin.py:120} INFO - [2022-12-15T06:24:18.044+0000] {dag.py:3340} INFO - Setting next_dagrun for tutorial to 2019-07-27T00:00:00+00:00, run_after=2019-07-28T00:00:00+00:00
[2022-12-15T06:24:18.074+0000] {processor.py:176} INFO - Processing /opt/airflow/dags/tuto.py took 0.124 seconds
[2022-12-15T06:24:48.126+0000] {processor.py:154} INFO - Started process (PID=921) to work on /opt/airflow/dags/tuto.py
[2022-12-15T06:24:48.127+0000] {processor.py:756} INFO - Processing file /opt/airflow/dags/tuto.py for tasks to queue
[2022-12-15T06:24:48.127+0000] {logging_mixin.py:120} INFO - [2022-12-15T06:24:48.127+0000] {dagbag.py:537} INFO - Filling up the DagBag from /opt/airflow/dags/tuto.py
[2022-12-15T06:24:48.139+0000] {processor.py:766} INFO - DAG(s) dict_keys(['tutorial']) retrieved from /opt/airflow/dags/tuto.py
[2022-12-15T06:24:48.175+0000] {logging_mixin.py:120} INFO - [2022-12-15T06:24:48.175+0000] {dag.py:2585} INFO - Sync 1 DAGs
[2022-12-15T06:24:48.198+0000] {logging_mixin.py:120} INFO - [2022-12-15T06:24:48.198+0000] {dag.py:3340} INFO - Setting next_dagrun for tutorial to 2019-07-27T00:00:00+00:00, run_after=2019-07-28T00:00:00+00:00
[2022-12-15T06:24:48.216+0000] {processor.py:176} INFO - Processing /opt/airflow/dags/tuto.py took 0.094 seconds
[2022-12-15T06:25:18.294+0000] {processor.py:154} INFO - Started process (PID=959) to work on /opt/airflow/dags/tuto.py
[2022-12-15T06:25:18.296+0000] {processor.py:756} INFO - Processing file /opt/airflow/dags/tuto.py for tasks to queue
[2022-12-15T06:25:18.297+0000] {logging_mixin.py:120} INFO - [2022-12-15T06:25:18.296+0000] {dagbag.py:537} INFO - Filling up the DagBag from /opt/airflow/dags/tuto.py
[2022-12-15T06:25:18.309+0000] {processor.py:766} INFO - DAG(s) dict_keys(['tutorial']) retrieved from /opt/airflow/dags/tuto.py
[2022-12-15T06:25:18.349+0000] {logging_mixin.py:120} INFO - [2022-12-15T06:25:18.348+0000] {dag.py:2585} INFO - Sync 1 DAGs
[2022-12-15T06:25:18.378+0000] {logging_mixin.py:120} INFO - [2022-12-15T06:25:18.378+0000] {dag.py:3340} INFO - Setting next_dagrun for tutorial to 2019-07-27T00:00:00+00:00, run_after=2019-07-28T00:00:00+00:00
[2022-12-15T06:25:18.396+0000] {processor.py:176} INFO - Processing /opt/airflow/dags/tuto.py took 0.104 seconds
[2022-12-15T06:25:48.460+0000] {processor.py:154} INFO - Started process (PID=987) to work on /opt/airflow/dags/tuto.py
[2022-12-15T06:25:48.461+0000] {processor.py:756} INFO - Processing file /opt/airflow/dags/tuto.py for tasks to queue
[2022-12-15T06:25:48.461+0000] {logging_mixin.py:120} INFO - [2022-12-15T06:25:48.461+0000] {dagbag.py:537} INFO - Filling up the DagBag from /opt/airflow/dags/tuto.py
[2022-12-15T06:25:48.475+0000] {processor.py:766} INFO - DAG(s) dict_keys(['tutorial']) retrieved from /opt/airflow/dags/tuto.py
[2022-12-15T06:25:48.515+0000] {logging_mixin.py:120} INFO - [2022-12-15T06:25:48.514+0000] {dag.py:2585} INFO - Sync 1 DAGs
[2022-12-15T06:25:48.545+0000] {logging_mixin.py:120} INFO - [2022-12-15T06:25:48.544+0000] {dag.py:3340} INFO - Setting next_dagrun for tutorial to 2019-07-27T00:00:00+00:00, run_after=2019-07-28T00:00:00+00:00
[2022-12-15T06:25:48.562+0000] {processor.py:176} INFO - Processing /opt/airflow/dags/tuto.py took 0.106 seconds
[2022-12-15T06:26:18.611+0000] {processor.py:154} INFO - Started process (PID=1024) to work on /opt/airflow/dags/tuto.py
[2022-12-15T06:26:18.612+0000] {processor.py:756} INFO - Processing file /opt/airflow/dags/tuto.py for tasks to queue
[2022-12-15T06:26:18.613+0000] {logging_mixin.py:120} INFO - [2022-12-15T06:26:18.613+0000] {dagbag.py:537} INFO - Filling up the DagBag from /opt/airflow/dags/tuto.py
[2022-12-15T06:26:18.627+0000] {processor.py:766} INFO - DAG(s) dict_keys(['tutorial']) retrieved from /opt/airflow/dags/tuto.py
[2022-12-15T06:26:18.666+0000] {logging_mixin.py:120} INFO - [2022-12-15T06:26:18.666+0000] {dag.py:2585} INFO - Sync 1 DAGs
[2022-12-15T06:26:18.695+0000] {logging_mixin.py:120} INFO - [2022-12-15T06:26:18.694+0000] {dag.py:3340} INFO - Setting next_dagrun for tutorial to 2019-07-27T00:00:00+00:00, run_after=2019-07-28T00:00:00+00:00
[2022-12-15T06:26:18.716+0000] {processor.py:176} INFO - Processing /opt/airflow/dags/tuto.py took 0.108 seconds
[2022-12-15T06:26:48.851+0000] {processor.py:154} INFO - Started process (PID=1061) to work on /opt/airflow/dags/tuto.py
[2022-12-15T06:26:48.851+0000] {processor.py:756} INFO - Processing file /opt/airflow/dags/tuto.py for tasks to queue
[2022-12-15T06:26:48.852+0000] {logging_mixin.py:120} INFO - [2022-12-15T06:26:48.852+0000] {dagbag.py:537} INFO - Filling up the DagBag from /opt/airflow/dags/tuto.py
[2022-12-15T06:26:48.865+0000] {processor.py:766} INFO - DAG(s) dict_keys(['tutorial']) retrieved from /opt/airflow/dags/tuto.py
[2022-12-15T06:26:48.904+0000] {logging_mixin.py:120} INFO - [2022-12-15T06:26:48.904+0000] {dag.py:2585} INFO - Sync 1 DAGs
[2022-12-15T06:26:48.931+0000] {logging_mixin.py:120} INFO - [2022-12-15T06:26:48.931+0000] {dag.py:3340} INFO - Setting next_dagrun for tutorial to 2019-07-27T00:00:00+00:00, run_after=2019-07-28T00:00:00+00:00
[2022-12-15T06:26:48.954+0000] {processor.py:176} INFO - Processing /opt/airflow/dags/tuto.py took 0.107 seconds
[2022-12-15T06:27:19.067+0000] {processor.py:154} INFO - Started process (PID=1098) to work on /opt/airflow/dags/tuto.py
[2022-12-15T06:27:19.069+0000] {processor.py:756} INFO - Processing file /opt/airflow/dags/tuto.py for tasks to queue
[2022-12-15T06:27:19.071+0000] {logging_mixin.py:120} INFO - [2022-12-15T06:27:19.070+0000] {dagbag.py:537} INFO - Filling up the DagBag from /opt/airflow/dags/tuto.py
[2022-12-15T06:27:19.095+0000] {processor.py:766} INFO - DAG(s) dict_keys(['tutorial']) retrieved from /opt/airflow/dags/tuto.py
[2022-12-15T06:27:19.147+0000] {logging_mixin.py:120} INFO - [2022-12-15T06:27:19.147+0000] {dag.py:2585} INFO - Sync 1 DAGs
[2022-12-15T06:27:19.180+0000] {logging_mixin.py:120} INFO - [2022-12-15T06:27:19.180+0000] {dag.py:3340} INFO - Setting next_dagrun for tutorial to 2019-07-27T00:00:00+00:00, run_after=2019-07-28T00:00:00+00:00
[2022-12-15T06:27:19.205+0000] {processor.py:176} INFO - Processing /opt/airflow/dags/tuto.py took 0.142 seconds
[2022-12-15T06:27:49.321+0000] {processor.py:154} INFO - Started process (PID=1126) to work on /opt/airflow/dags/tuto.py
[2022-12-15T06:27:49.322+0000] {processor.py:756} INFO - Processing file /opt/airflow/dags/tuto.py for tasks to queue
[2022-12-15T06:27:49.323+0000] {logging_mixin.py:120} INFO - [2022-12-15T06:27:49.322+0000] {dagbag.py:537} INFO - Filling up the DagBag from /opt/airflow/dags/tuto.py
[2022-12-15T06:27:49.336+0000] {processor.py:766} INFO - DAG(s) dict_keys(['tutorial']) retrieved from /opt/airflow/dags/tuto.py
[2022-12-15T06:27:49.375+0000] {logging_mixin.py:120} INFO - [2022-12-15T06:27:49.375+0000] {dag.py:2585} INFO - Sync 1 DAGs
[2022-12-15T06:27:49.401+0000] {logging_mixin.py:120} INFO - [2022-12-15T06:27:49.401+0000] {dag.py:3340} INFO - Setting next_dagrun for tutorial to 2019-07-27T00:00:00+00:00, run_after=2019-07-28T00:00:00+00:00
[2022-12-15T06:27:49.444+0000] {processor.py:176} INFO - Processing /opt/airflow/dags/tuto.py took 0.126 seconds
[2022-12-15T06:28:19.558+0000] {processor.py:154} INFO - Started process (PID=1163) to work on /opt/airflow/dags/tuto.py
[2022-12-15T06:28:19.571+0000] {processor.py:756} INFO - Processing file /opt/airflow/dags/tuto.py for tasks to queue
[2022-12-15T06:28:19.572+0000] {logging_mixin.py:120} INFO - [2022-12-15T06:28:19.572+0000] {dagbag.py:537} INFO - Filling up the DagBag from /opt/airflow/dags/tuto.py
[2022-12-15T06:28:19.587+0000] {processor.py:766} INFO - DAG(s) dict_keys(['tutorial']) retrieved from /opt/airflow/dags/tuto.py
[2022-12-15T06:28:19.622+0000] {logging_mixin.py:120} INFO - [2022-12-15T06:28:19.622+0000] {dag.py:2585} INFO - Sync 1 DAGs
[2022-12-15T06:28:19.648+0000] {logging_mixin.py:120} INFO - [2022-12-15T06:28:19.648+0000] {dag.py:3340} INFO - Setting next_dagrun for tutorial to 2019-07-27T00:00:00+00:00, run_after=2019-07-28T00:00:00+00:00
[2022-12-15T06:28:19.677+0000] {processor.py:176} INFO - Processing /opt/airflow/dags/tuto.py took 0.122 seconds
[2022-12-15T06:28:49.804+0000] {processor.py:154} INFO - Started process (PID=1201) to work on /opt/airflow/dags/tuto.py
[2022-12-15T06:28:49.810+0000] {processor.py:756} INFO - Processing file /opt/airflow/dags/tuto.py for tasks to queue
[2022-12-15T06:28:49.811+0000] {logging_mixin.py:120} INFO - [2022-12-15T06:28:49.811+0000] {dagbag.py:537} INFO - Filling up the DagBag from /opt/airflow/dags/tuto.py
[2022-12-15T06:28:49.828+0000] {processor.py:766} INFO - DAG(s) dict_keys(['tutorial']) retrieved from /opt/airflow/dags/tuto.py
[2022-12-15T06:28:49.874+0000] {logging_mixin.py:120} INFO - [2022-12-15T06:28:49.873+0000] {dag.py:2585} INFO - Sync 1 DAGs
[2022-12-15T06:28:49.903+0000] {logging_mixin.py:120} INFO - [2022-12-15T06:28:49.903+0000] {dag.py:3340} INFO - Setting next_dagrun for tutorial to 2019-07-27T00:00:00+00:00, run_after=2019-07-28T00:00:00+00:00
[2022-12-15T06:28:49.923+0000] {processor.py:176} INFO - Processing /opt/airflow/dags/tuto.py took 0.123 seconds
[2022-12-15T06:29:20.063+0000] {processor.py:154} INFO - Started process (PID=1229) to work on /opt/airflow/dags/tuto.py
[2022-12-15T06:29:20.063+0000] {processor.py:756} INFO - Processing file /opt/airflow/dags/tuto.py for tasks to queue
[2022-12-15T06:29:20.064+0000] {logging_mixin.py:120} INFO - [2022-12-15T06:29:20.064+0000] {dagbag.py:537} INFO - Filling up the DagBag from /opt/airflow/dags/tuto.py
[2022-12-15T06:29:20.079+0000] {processor.py:766} INFO - DAG(s) dict_keys(['tutorial']) retrieved from /opt/airflow/dags/tuto.py
[2022-12-15T06:29:20.117+0000] {logging_mixin.py:120} INFO - [2022-12-15T06:29:20.117+0000] {dag.py:2585} INFO - Sync 1 DAGs
[2022-12-15T06:29:20.140+0000] {logging_mixin.py:120} INFO - [2022-12-15T06:29:20.140+0000] {dag.py:3340} INFO - Setting next_dagrun for tutorial to 2019-07-27T00:00:00+00:00, run_after=2019-07-28T00:00:00+00:00
[2022-12-15T06:29:20.707+0000] {processor.py:176} INFO - Processing /opt/airflow/dags/tuto.py took 0.648 seconds
[2022-12-15T06:29:51.501+0000] {processor.py:154} INFO - Started process (PID=1268) to work on /opt/airflow/dags/tuto.py
[2022-12-15T06:29:51.502+0000] {processor.py:756} INFO - Processing file /opt/airflow/dags/tuto.py for tasks to queue
[2022-12-15T06:29:51.503+0000] {logging_mixin.py:120} INFO - [2022-12-15T06:29:51.503+0000] {dagbag.py:537} INFO - Filling up the DagBag from /opt/airflow/dags/tuto.py
[2022-12-15T06:29:51.516+0000] {processor.py:766} INFO - DAG(s) dict_keys(['tutorial']) retrieved from /opt/airflow/dags/tuto.py
[2022-12-15T06:29:51.554+0000] {logging_mixin.py:120} INFO - [2022-12-15T06:29:51.554+0000] {dag.py:2585} INFO - Sync 1 DAGs
[2022-12-15T06:29:51.578+0000] {logging_mixin.py:120} INFO - [2022-12-15T06:29:51.578+0000] {dag.py:3340} INFO - Setting next_dagrun for tutorial to 2019-07-27T00:00:00+00:00, run_after=2019-07-28T00:00:00+00:00
[2022-12-15T06:29:51.633+0000] {processor.py:176} INFO - Processing /opt/airflow/dags/tuto.py took 0.135 seconds
[2022-12-15T06:30:21.739+0000] {processor.py:154} INFO - Started process (PID=1305) to work on /opt/airflow/dags/tuto.py
[2022-12-15T06:30:21.741+0000] {processor.py:756} INFO - Processing file /opt/airflow/dags/tuto.py for tasks to queue
[2022-12-15T06:30:21.742+0000] {logging_mixin.py:120} INFO - [2022-12-15T06:30:21.741+0000] {dagbag.py:537} INFO - Filling up the DagBag from /opt/airflow/dags/tuto.py
[2022-12-15T06:30:21.755+0000] {processor.py:766} INFO - DAG(s) dict_keys(['tutorial']) retrieved from /opt/airflow/dags/tuto.py
[2022-12-15T06:30:21.791+0000] {logging_mixin.py:120} INFO - [2022-12-15T06:30:21.791+0000] {dag.py:2585} INFO - Sync 1 DAGs
[2022-12-15T06:30:21.815+0000] {logging_mixin.py:120} INFO - [2022-12-15T06:30:21.815+0000] {dag.py:3340} INFO - Setting next_dagrun for tutorial to 2019-07-27T00:00:00+00:00, run_after=2019-07-28T00:00:00+00:00
[2022-12-15T06:30:21.833+0000] {processor.py:176} INFO - Processing /opt/airflow/dags/tuto.py took 0.097 seconds
[2022-12-15T06:30:51.980+0000] {processor.py:154} INFO - Started process (PID=1333) to work on /opt/airflow/dags/tuto.py
[2022-12-15T06:30:51.981+0000] {processor.py:756} INFO - Processing file /opt/airflow/dags/tuto.py for tasks to queue
[2022-12-15T06:30:51.982+0000] {logging_mixin.py:120} INFO - [2022-12-15T06:30:51.982+0000] {dagbag.py:537} INFO - Filling up the DagBag from /opt/airflow/dags/tuto.py
[2022-12-15T06:30:51.996+0000] {processor.py:766} INFO - DAG(s) dict_keys(['tutorial']) retrieved from /opt/airflow/dags/tuto.py
[2022-12-15T06:30:52.036+0000] {logging_mixin.py:120} INFO - [2022-12-15T06:30:52.036+0000] {dag.py:2585} INFO - Sync 1 DAGs
[2022-12-15T06:30:52.060+0000] {logging_mixin.py:120} INFO - [2022-12-15T06:30:52.060+0000] {dag.py:3340} INFO - Setting next_dagrun for tutorial to 2019-07-27T00:00:00+00:00, run_after=2019-07-28T00:00:00+00:00
[2022-12-15T06:30:52.080+0000] {processor.py:176} INFO - Processing /opt/airflow/dags/tuto.py took 0.104 seconds
[2022-12-15T06:31:22.223+0000] {processor.py:154} INFO - Started process (PID=1370) to work on /opt/airflow/dags/tuto.py
[2022-12-15T06:31:22.224+0000] {processor.py:756} INFO - Processing file /opt/airflow/dags/tuto.py for tasks to queue
[2022-12-15T06:31:22.224+0000] {logging_mixin.py:120} INFO - [2022-12-15T06:31:22.224+0000] {dagbag.py:537} INFO - Filling up the DagBag from /opt/airflow/dags/tuto.py
[2022-12-15T06:31:22.237+0000] {processor.py:766} INFO - DAG(s) dict_keys(['tutorial']) retrieved from /opt/airflow/dags/tuto.py
[2022-12-15T06:31:22.274+0000] {logging_mixin.py:120} INFO - [2022-12-15T06:31:22.274+0000] {dag.py:2585} INFO - Sync 1 DAGs
[2022-12-15T06:31:22.303+0000] {logging_mixin.py:120} INFO - [2022-12-15T06:31:22.303+0000] {dag.py:3340} INFO - Setting next_dagrun for tutorial to 2019-07-27T00:00:00+00:00, run_after=2019-07-28T00:00:00+00:00
[2022-12-15T06:31:22.322+0000] {processor.py:176} INFO - Processing /opt/airflow/dags/tuto.py took 0.102 seconds
[2022-12-15T06:31:52.459+0000] {processor.py:154} INFO - Started process (PID=1407) to work on /opt/airflow/dags/tuto.py
[2022-12-15T06:31:52.460+0000] {processor.py:756} INFO - Processing file /opt/airflow/dags/tuto.py for tasks to queue
[2022-12-15T06:31:52.460+0000] {logging_mixin.py:120} INFO - [2022-12-15T06:31:52.460+0000] {dagbag.py:537} INFO - Filling up the DagBag from /opt/airflow/dags/tuto.py
[2022-12-15T06:31:52.473+0000] {processor.py:766} INFO - DAG(s) dict_keys(['tutorial']) retrieved from /opt/airflow/dags/tuto.py
[2022-12-15T06:31:52.508+0000] {logging_mixin.py:120} INFO - [2022-12-15T06:31:52.508+0000] {dag.py:2585} INFO - Sync 1 DAGs
[2022-12-15T06:31:52.536+0000] {logging_mixin.py:120} INFO - [2022-12-15T06:31:52.536+0000] {dag.py:3340} INFO - Setting next_dagrun for tutorial to 2019-07-27T00:00:00+00:00, run_after=2019-07-28T00:00:00+00:00
[2022-12-15T06:31:52.555+0000] {processor.py:176} INFO - Processing /opt/airflow/dags/tuto.py took 0.099 seconds
[2022-12-15T06:32:22.691+0000] {processor.py:154} INFO - Started process (PID=1442) to work on /opt/airflow/dags/tuto.py
[2022-12-15T06:32:22.692+0000] {processor.py:756} INFO - Processing file /opt/airflow/dags/tuto.py for tasks to queue
[2022-12-15T06:32:22.693+0000] {logging_mixin.py:120} INFO - [2022-12-15T06:32:22.692+0000] {dagbag.py:537} INFO - Filling up the DagBag from /opt/airflow/dags/tuto.py
[2022-12-15T06:32:22.711+0000] {processor.py:766} INFO - DAG(s) dict_keys(['tutorial']) retrieved from /opt/airflow/dags/tuto.py
[2022-12-15T06:32:22.751+0000] {logging_mixin.py:120} INFO - [2022-12-15T06:32:22.750+0000] {dag.py:2585} INFO - Sync 1 DAGs
[2022-12-15T06:32:22.775+0000] {logging_mixin.py:120} INFO - [2022-12-15T06:32:22.774+0000] {dag.py:3340} INFO - Setting next_dagrun for tutorial to 2019-07-27T00:00:00+00:00, run_after=2019-07-28T00:00:00+00:00
[2022-12-15T06:32:22.792+0000] {processor.py:176} INFO - Processing /opt/airflow/dags/tuto.py took 0.105 seconds
[2022-12-15T06:32:52.923+0000] {processor.py:154} INFO - Started process (PID=1472) to work on /opt/airflow/dags/tuto.py
[2022-12-15T06:32:52.924+0000] {processor.py:756} INFO - Processing file /opt/airflow/dags/tuto.py for tasks to queue
[2022-12-15T06:32:52.924+0000] {logging_mixin.py:120} INFO - [2022-12-15T06:32:52.924+0000] {dagbag.py:537} INFO - Filling up the DagBag from /opt/airflow/dags/tuto.py
[2022-12-15T06:32:52.940+0000] {processor.py:766} INFO - DAG(s) dict_keys(['tutorial']) retrieved from /opt/airflow/dags/tuto.py
[2022-12-15T06:32:52.984+0000] {logging_mixin.py:120} INFO - [2022-12-15T06:32:52.984+0000] {dag.py:2585} INFO - Sync 1 DAGs
[2022-12-15T06:32:53.018+0000] {logging_mixin.py:120} INFO - [2022-12-15T06:32:53.018+0000] {dag.py:3340} INFO - Setting next_dagrun for tutorial to 2019-07-27T00:00:00+00:00, run_after=2019-07-28T00:00:00+00:00
[2022-12-15T06:32:53.039+0000] {processor.py:176} INFO - Processing /opt/airflow/dags/tuto.py took 0.121 seconds
[2022-12-15T06:33:23.157+0000] {processor.py:154} INFO - Started process (PID=1509) to work on /opt/airflow/dags/tuto.py
[2022-12-15T06:33:23.158+0000] {processor.py:756} INFO - Processing file /opt/airflow/dags/tuto.py for tasks to queue
[2022-12-15T06:33:23.159+0000] {logging_mixin.py:120} INFO - [2022-12-15T06:33:23.159+0000] {dagbag.py:537} INFO - Filling up the DagBag from /opt/airflow/dags/tuto.py
[2022-12-15T06:33:23.176+0000] {processor.py:766} INFO - DAG(s) dict_keys(['tutorial']) retrieved from /opt/airflow/dags/tuto.py
[2022-12-15T06:33:23.225+0000] {logging_mixin.py:120} INFO - [2022-12-15T06:33:23.225+0000] {dag.py:2585} INFO - Sync 1 DAGs
[2022-12-15T06:33:23.256+0000] {logging_mixin.py:120} INFO - [2022-12-15T06:33:23.256+0000] {dag.py:3340} INFO - Setting next_dagrun for tutorial to 2019-07-27T00:00:00+00:00, run_after=2019-07-28T00:00:00+00:00
[2022-12-15T06:33:23.282+0000] {processor.py:176} INFO - Processing /opt/airflow/dags/tuto.py took 0.127 seconds
[2022-12-15T06:33:53.394+0000] {processor.py:154} INFO - Started process (PID=1547) to work on /opt/airflow/dags/tuto.py
[2022-12-15T06:33:53.395+0000] {processor.py:756} INFO - Processing file /opt/airflow/dags/tuto.py for tasks to queue
[2022-12-15T06:33:53.396+0000] {logging_mixin.py:120} INFO - [2022-12-15T06:33:53.396+0000] {dagbag.py:537} INFO - Filling up the DagBag from /opt/airflow/dags/tuto.py
[2022-12-15T06:33:53.409+0000] {processor.py:766} INFO - DAG(s) dict_keys(['tutorial']) retrieved from /opt/airflow/dags/tuto.py
[2022-12-15T06:33:53.443+0000] {logging_mixin.py:120} INFO - [2022-12-15T06:33:53.443+0000] {dag.py:2585} INFO - Sync 1 DAGs
[2022-12-15T06:33:53.464+0000] {logging_mixin.py:120} INFO - [2022-12-15T06:33:53.464+0000] {dag.py:3340} INFO - Setting next_dagrun for tutorial to 2019-07-27T00:00:00+00:00, run_after=2019-07-28T00:00:00+00:00
[2022-12-15T06:33:53.480+0000] {processor.py:176} INFO - Processing /opt/airflow/dags/tuto.py took 0.088 seconds
[2022-12-15T06:34:23.592+0000] {processor.py:154} INFO - Started process (PID=1575) to work on /opt/airflow/dags/tuto.py
[2022-12-15T06:34:23.593+0000] {processor.py:756} INFO - Processing file /opt/airflow/dags/tuto.py for tasks to queue
[2022-12-15T06:34:23.594+0000] {logging_mixin.py:120} INFO - [2022-12-15T06:34:23.594+0000] {dagbag.py:537} INFO - Filling up the DagBag from /opt/airflow/dags/tuto.py
[2022-12-15T06:34:23.609+0000] {processor.py:766} INFO - DAG(s) dict_keys(['tutorial']) retrieved from /opt/airflow/dags/tuto.py
[2022-12-15T06:34:23.706+0000] {logging_mixin.py:120} INFO - [2022-12-15T06:34:23.706+0000] {dag.py:2585} INFO - Sync 1 DAGs
[2022-12-15T06:34:23.734+0000] {logging_mixin.py:120} INFO - [2022-12-15T06:34:23.734+0000] {dag.py:3340} INFO - Setting next_dagrun for tutorial to 2019-07-27T00:00:00+00:00, run_after=2019-07-28T00:00:00+00:00
[2022-12-15T06:34:23.753+0000] {processor.py:176} INFO - Processing /opt/airflow/dags/tuto.py took 0.164 seconds
[2022-12-15T06:34:53.865+0000] {processor.py:154} INFO - Started process (PID=1612) to work on /opt/airflow/dags/tuto.py
[2022-12-15T06:34:53.865+0000] {processor.py:756} INFO - Processing file /opt/airflow/dags/tuto.py for tasks to queue
[2022-12-15T06:34:53.866+0000] {logging_mixin.py:120} INFO - [2022-12-15T06:34:53.866+0000] {dagbag.py:537} INFO - Filling up the DagBag from /opt/airflow/dags/tuto.py
[2022-12-15T06:34:53.878+0000] {processor.py:766} INFO - DAG(s) dict_keys(['tutorial']) retrieved from /opt/airflow/dags/tuto.py
[2022-12-15T06:34:53.911+0000] {logging_mixin.py:120} INFO - [2022-12-15T06:34:53.911+0000] {dag.py:2585} INFO - Sync 1 DAGs
[2022-12-15T06:34:53.933+0000] {logging_mixin.py:120} INFO - [2022-12-15T06:34:53.933+0000] {dag.py:3340} INFO - Setting next_dagrun for tutorial to 2019-07-27T00:00:00+00:00, run_after=2019-07-28T00:00:00+00:00
[2022-12-15T06:34:53.949+0000] {processor.py:176} INFO - Processing /opt/airflow/dags/tuto.py took 0.087 seconds
[2022-12-15T06:35:24.053+0000] {processor.py:154} INFO - Started process (PID=1648) to work on /opt/airflow/dags/tuto.py
[2022-12-15T06:35:24.054+0000] {processor.py:756} INFO - Processing file /opt/airflow/dags/tuto.py for tasks to queue
[2022-12-15T06:35:24.054+0000] {logging_mixin.py:120} INFO - [2022-12-15T06:35:24.054+0000] {dagbag.py:537} INFO - Filling up the DagBag from /opt/airflow/dags/tuto.py
[2022-12-15T06:35:24.068+0000] {processor.py:766} INFO - DAG(s) dict_keys(['tutorial']) retrieved from /opt/airflow/dags/tuto.py
[2022-12-15T06:35:24.105+0000] {logging_mixin.py:120} INFO - [2022-12-15T06:35:24.105+0000] {dag.py:2585} INFO - Sync 1 DAGs
[2022-12-15T06:35:24.127+0000] {logging_mixin.py:120} INFO - [2022-12-15T06:35:24.127+0000] {dag.py:3340} INFO - Setting next_dagrun for tutorial to 2019-07-27T00:00:00+00:00, run_after=2019-07-28T00:00:00+00:00
[2022-12-15T06:35:24.144+0000] {processor.py:176} INFO - Processing /opt/airflow/dags/tuto.py took 0.093 seconds
[2022-12-15T06:35:54.251+0000] {processor.py:154} INFO - Started process (PID=1685) to work on /opt/airflow/dags/tuto.py
[2022-12-15T06:35:54.252+0000] {processor.py:756} INFO - Processing file /opt/airflow/dags/tuto.py for tasks to queue
[2022-12-15T06:35:54.253+0000] {logging_mixin.py:120} INFO - [2022-12-15T06:35:54.253+0000] {dagbag.py:537} INFO - Filling up the DagBag from /opt/airflow/dags/tuto.py
[2022-12-15T06:35:54.265+0000] {processor.py:766} INFO - DAG(s) dict_keys(['tutorial']) retrieved from /opt/airflow/dags/tuto.py
[2022-12-15T06:35:54.301+0000] {logging_mixin.py:120} INFO - [2022-12-15T06:35:54.301+0000] {dag.py:2585} INFO - Sync 1 DAGs
[2022-12-15T06:35:54.323+0000] {logging_mixin.py:120} INFO - [2022-12-15T06:35:54.323+0000] {dag.py:3340} INFO - Setting next_dagrun for tutorial to 2019-07-27T00:00:00+00:00, run_after=2019-07-28T00:00:00+00:00
[2022-12-15T06:35:54.339+0000] {processor.py:176} INFO - Processing /opt/airflow/dags/tuto.py took 0.091 seconds
[2022-12-15T06:36:24.482+0000] {processor.py:154} INFO - Started process (PID=1713) to work on /opt/airflow/dags/tuto.py
[2022-12-15T06:36:24.483+0000] {processor.py:756} INFO - Processing file /opt/airflow/dags/tuto.py for tasks to queue
[2022-12-15T06:36:24.484+0000] {logging_mixin.py:120} INFO - [2022-12-15T06:36:24.484+0000] {dagbag.py:537} INFO - Filling up the DagBag from /opt/airflow/dags/tuto.py
[2022-12-15T06:36:24.500+0000] {processor.py:766} INFO - DAG(s) dict_keys(['tutorial']) retrieved from /opt/airflow/dags/tuto.py
[2022-12-15T06:36:24.556+0000] {logging_mixin.py:120} INFO - [2022-12-15T06:36:24.556+0000] {dag.py:2585} INFO - Sync 1 DAGs
[2022-12-15T06:36:24.591+0000] {logging_mixin.py:120} INFO - [2022-12-15T06:36:24.591+0000] {dag.py:3340} INFO - Setting next_dagrun for tutorial to 2019-07-27T00:00:00+00:00, run_after=2019-07-28T00:00:00+00:00
[2022-12-15T06:36:24.607+0000] {processor.py:176} INFO - Processing /opt/airflow/dags/tuto.py took 0.128 seconds
[2022-12-15T06:36:54.711+0000] {processor.py:154} INFO - Started process (PID=1750) to work on /opt/airflow/dags/tuto.py
[2022-12-15T06:36:54.712+0000] {processor.py:756} INFO - Processing file /opt/airflow/dags/tuto.py for tasks to queue
[2022-12-15T06:36:54.712+0000] {logging_mixin.py:120} INFO - [2022-12-15T06:36:54.712+0000] {dagbag.py:537} INFO - Filling up the DagBag from /opt/airflow/dags/tuto.py
[2022-12-15T06:36:54.725+0000] {processor.py:766} INFO - DAG(s) dict_keys(['tutorial']) retrieved from /opt/airflow/dags/tuto.py
[2022-12-15T06:36:54.758+0000] {logging_mixin.py:120} INFO - [2022-12-15T06:36:54.758+0000] {dag.py:2585} INFO - Sync 1 DAGs
[2022-12-15T06:36:54.781+0000] {logging_mixin.py:120} INFO - [2022-12-15T06:36:54.781+0000] {dag.py:3340} INFO - Setting next_dagrun for tutorial to 2019-07-27T00:00:00+00:00, run_after=2019-07-28T00:00:00+00:00
[2022-12-15T06:36:54.807+0000] {processor.py:176} INFO - Processing /opt/airflow/dags/tuto.py took 0.099 seconds
[2022-12-15T06:37:24.919+0000] {processor.py:154} INFO - Started process (PID=1788) to work on /opt/airflow/dags/tuto.py
[2022-12-15T06:37:24.920+0000] {processor.py:756} INFO - Processing file /opt/airflow/dags/tuto.py for tasks to queue
[2022-12-15T06:37:24.920+0000] {logging_mixin.py:120} INFO - [2022-12-15T06:37:24.920+0000] {dagbag.py:537} INFO - Filling up the DagBag from /opt/airflow/dags/tuto.py
[2022-12-15T06:37:24.934+0000] {processor.py:766} INFO - DAG(s) dict_keys(['tutorial']) retrieved from /opt/airflow/dags/tuto.py
[2022-12-15T06:37:24.976+0000] {logging_mixin.py:120} INFO - [2022-12-15T06:37:24.976+0000] {dag.py:2585} INFO - Sync 1 DAGs
[2022-12-15T06:37:25.003+0000] {logging_mixin.py:120} INFO - [2022-12-15T06:37:25.002+0000] {dag.py:3340} INFO - Setting next_dagrun for tutorial to 2019-07-27T00:00:00+00:00, run_after=2019-07-28T00:00:00+00:00
[2022-12-15T06:37:25.028+0000] {processor.py:176} INFO - Processing /opt/airflow/dags/tuto.py took 0.112 seconds
[2022-12-15T06:37:55.143+0000] {processor.py:154} INFO - Started process (PID=1816) to work on /opt/airflow/dags/tuto.py
[2022-12-15T06:37:55.144+0000] {processor.py:756} INFO - Processing file /opt/airflow/dags/tuto.py for tasks to queue
[2022-12-15T06:37:55.144+0000] {logging_mixin.py:120} INFO - [2022-12-15T06:37:55.144+0000] {dagbag.py:537} INFO - Filling up the DagBag from /opt/airflow/dags/tuto.py
[2022-12-15T06:37:55.159+0000] {processor.py:766} INFO - DAG(s) dict_keys(['tutorial']) retrieved from /opt/airflow/dags/tuto.py
[2022-12-15T06:37:55.204+0000] {logging_mixin.py:120} INFO - [2022-12-15T06:37:55.204+0000] {dag.py:2585} INFO - Sync 1 DAGs
[2022-12-15T06:37:55.233+0000] {logging_mixin.py:120} INFO - [2022-12-15T06:37:55.232+0000] {dag.py:3340} INFO - Setting next_dagrun for tutorial to 2019-07-27T00:00:00+00:00, run_after=2019-07-28T00:00:00+00:00
[2022-12-15T06:37:55.255+0000] {processor.py:176} INFO - Processing /opt/airflow/dags/tuto.py took 0.116 seconds
[2022-12-15T06:38:25.377+0000] {processor.py:154} INFO - Started process (PID=1853) to work on /opt/airflow/dags/tuto.py
[2022-12-15T06:38:25.378+0000] {processor.py:756} INFO - Processing file /opt/airflow/dags/tuto.py for tasks to queue
[2022-12-15T06:38:25.379+0000] {logging_mixin.py:120} INFO - [2022-12-15T06:38:25.379+0000] {dagbag.py:537} INFO - Filling up the DagBag from /opt/airflow/dags/tuto.py
[2022-12-15T06:38:25.399+0000] {processor.py:766} INFO - DAG(s) dict_keys(['tutorial']) retrieved from /opt/airflow/dags/tuto.py
[2022-12-15T06:38:25.443+0000] {logging_mixin.py:120} INFO - [2022-12-15T06:38:25.443+0000] {dag.py:2585} INFO - Sync 1 DAGs
[2022-12-15T06:38:25.471+0000] {logging_mixin.py:120} INFO - [2022-12-15T06:38:25.470+0000] {dag.py:3340} INFO - Setting next_dagrun for tutorial to 2019-07-27T00:00:00+00:00, run_after=2019-07-28T00:00:00+00:00
[2022-12-15T06:38:25.490+0000] {processor.py:176} INFO - Processing /opt/airflow/dags/tuto.py took 0.117 seconds
[2022-12-15T06:38:55.629+0000] {processor.py:154} INFO - Started process (PID=1890) to work on /opt/airflow/dags/tuto.py
[2022-12-15T06:38:55.630+0000] {processor.py:756} INFO - Processing file /opt/airflow/dags/tuto.py for tasks to queue
[2022-12-15T06:38:55.630+0000] {logging_mixin.py:120} INFO - [2022-12-15T06:38:55.630+0000] {dagbag.py:537} INFO - Filling up the DagBag from /opt/airflow/dags/tuto.py
[2022-12-15T06:38:55.650+0000] {processor.py:766} INFO - DAG(s) dict_keys(['tutorial']) retrieved from /opt/airflow/dags/tuto.py
[2022-12-15T06:38:55.697+0000] {logging_mixin.py:120} INFO - [2022-12-15T06:38:55.697+0000] {dag.py:2585} INFO - Sync 1 DAGs
[2022-12-15T06:38:55.722+0000] {logging_mixin.py:120} INFO - [2022-12-15T06:38:55.722+0000] {dag.py:3340} INFO - Setting next_dagrun for tutorial to 2019-07-27T00:00:00+00:00, run_after=2019-07-28T00:00:00+00:00
[2022-12-15T06:38:55.739+0000] {processor.py:176} INFO - Processing /opt/airflow/dags/tuto.py took 0.113 seconds
[2022-12-15T06:39:25.862+0000] {processor.py:154} INFO - Started process (PID=1918) to work on /opt/airflow/dags/tuto.py
[2022-12-15T06:39:25.863+0000] {processor.py:756} INFO - Processing file /opt/airflow/dags/tuto.py for tasks to queue
[2022-12-15T06:39:25.864+0000] {logging_mixin.py:120} INFO - [2022-12-15T06:39:25.864+0000] {dagbag.py:537} INFO - Filling up the DagBag from /opt/airflow/dags/tuto.py
[2022-12-15T06:39:25.886+0000] {processor.py:766} INFO - DAG(s) dict_keys(['tutorial']) retrieved from /opt/airflow/dags/tuto.py
[2022-12-15T06:39:25.945+0000] {logging_mixin.py:120} INFO - [2022-12-15T06:39:25.944+0000] {dag.py:2585} INFO - Sync 1 DAGs
[2022-12-15T06:39:25.983+0000] {logging_mixin.py:120} INFO - [2022-12-15T06:39:25.982+0000] {dag.py:3340} INFO - Setting next_dagrun for tutorial to 2019-07-27T00:00:00+00:00, run_after=2019-07-28T00:00:00+00:00
[2022-12-15T06:39:26.020+0000] {processor.py:176} INFO - Processing /opt/airflow/dags/tuto.py took 0.161 seconds
[2022-12-15T06:39:56.148+0000] {processor.py:154} INFO - Started process (PID=1954) to work on /opt/airflow/dags/tuto.py
[2022-12-15T06:39:56.149+0000] {processor.py:756} INFO - Processing file /opt/airflow/dags/tuto.py for tasks to queue
[2022-12-15T06:39:56.149+0000] {logging_mixin.py:120} INFO - [2022-12-15T06:39:56.149+0000] {dagbag.py:537} INFO - Filling up the DagBag from /opt/airflow/dags/tuto.py
[2022-12-15T06:39:56.164+0000] {processor.py:766} INFO - DAG(s) dict_keys(['tutorial']) retrieved from /opt/airflow/dags/tuto.py
[2022-12-15T06:39:56.201+0000] {logging_mixin.py:120} INFO - [2022-12-15T06:39:56.200+0000] {dag.py:2585} INFO - Sync 1 DAGs
[2022-12-15T06:39:56.230+0000] {logging_mixin.py:120} INFO - [2022-12-15T06:39:56.230+0000] {dag.py:3340} INFO - Setting next_dagrun for tutorial to 2019-07-27T00:00:00+00:00, run_after=2019-07-28T00:00:00+00:00
[2022-12-15T06:39:56.249+0000] {processor.py:176} INFO - Processing /opt/airflow/dags/tuto.py took 0.104 seconds
[2022-12-15T06:40:26.399+0000] {processor.py:154} INFO - Started process (PID=1992) to work on /opt/airflow/dags/tuto.py
[2022-12-15T06:40:26.400+0000] {processor.py:756} INFO - Processing file /opt/airflow/dags/tuto.py for tasks to queue
[2022-12-15T06:40:26.401+0000] {logging_mixin.py:120} INFO - [2022-12-15T06:40:26.401+0000] {dagbag.py:537} INFO - Filling up the DagBag from /opt/airflow/dags/tuto.py
[2022-12-15T06:40:26.418+0000] {processor.py:766} INFO - DAG(s) dict_keys(['tutorial']) retrieved from /opt/airflow/dags/tuto.py
[2022-12-15T06:40:26.454+0000] {logging_mixin.py:120} INFO - [2022-12-15T06:40:26.454+0000] {dag.py:2585} INFO - Sync 1 DAGs
[2022-12-15T06:40:26.481+0000] {logging_mixin.py:120} INFO - [2022-12-15T06:40:26.480+0000] {dag.py:3340} INFO - Setting next_dagrun for tutorial to 2019-07-27T00:00:00+00:00, run_after=2019-07-28T00:00:00+00:00
[2022-12-15T06:40:26.500+0000] {processor.py:176} INFO - Processing /opt/airflow/dags/tuto.py took 0.105 seconds
[2022-12-15T06:40:56.679+0000] {processor.py:154} INFO - Started process (PID=2020) to work on /opt/airflow/dags/tuto.py
[2022-12-15T06:40:56.680+0000] {processor.py:756} INFO - Processing file /opt/airflow/dags/tuto.py for tasks to queue
[2022-12-15T06:40:56.682+0000] {logging_mixin.py:120} INFO - [2022-12-15T06:40:56.681+0000] {dagbag.py:537} INFO - Filling up the DagBag from /opt/airflow/dags/tuto.py
[2022-12-15T06:40:56.698+0000] {processor.py:766} INFO - DAG(s) dict_keys(['tutorial']) retrieved from /opt/airflow/dags/tuto.py
[2022-12-15T06:40:56.740+0000] {logging_mixin.py:120} INFO - [2022-12-15T06:40:56.740+0000] {dag.py:2585} INFO - Sync 1 DAGs
[2022-12-15T06:40:56.770+0000] {logging_mixin.py:120} INFO - [2022-12-15T06:40:56.770+0000] {dag.py:3340} INFO - Setting next_dagrun for tutorial to 2019-07-27T00:00:00+00:00, run_after=2019-07-28T00:00:00+00:00
[2022-12-15T06:40:56.788+0000] {processor.py:176} INFO - Processing /opt/airflow/dags/tuto.py took 0.113 seconds
[2022-12-15T06:41:26.918+0000] {processor.py:154} INFO - Started process (PID=2057) to work on /opt/airflow/dags/tuto.py
[2022-12-15T06:41:26.919+0000] {processor.py:756} INFO - Processing file /opt/airflow/dags/tuto.py for tasks to queue
[2022-12-15T06:41:26.919+0000] {logging_mixin.py:120} INFO - [2022-12-15T06:41:26.919+0000] {dagbag.py:537} INFO - Filling up the DagBag from /opt/airflow/dags/tuto.py
[2022-12-15T06:41:26.933+0000] {processor.py:766} INFO - DAG(s) dict_keys(['tutorial']) retrieved from /opt/airflow/dags/tuto.py
[2022-12-15T06:41:26.974+0000] {logging_mixin.py:120} INFO - [2022-12-15T06:41:26.974+0000] {dag.py:2585} INFO - Sync 1 DAGs
[2022-12-15T06:41:27.003+0000] {logging_mixin.py:120} INFO - [2022-12-15T06:41:27.003+0000] {dag.py:3340} INFO - Setting next_dagrun for tutorial to 2019-07-27T00:00:00+00:00, run_after=2019-07-28T00:00:00+00:00
[2022-12-15T06:41:27.021+0000] {processor.py:176} INFO - Processing /opt/airflow/dags/tuto.py took 0.106 seconds
[2022-12-15T06:41:57.144+0000] {processor.py:154} INFO - Started process (PID=2094) to work on /opt/airflow/dags/tuto.py
[2022-12-15T06:41:57.145+0000] {processor.py:756} INFO - Processing file /opt/airflow/dags/tuto.py for tasks to queue
[2022-12-15T06:41:57.147+0000] {logging_mixin.py:120} INFO - [2022-12-15T06:41:57.147+0000] {dagbag.py:537} INFO - Filling up the DagBag from /opt/airflow/dags/tuto.py
[2022-12-15T06:41:57.171+0000] {processor.py:766} INFO - DAG(s) dict_keys(['tutorial']) retrieved from /opt/airflow/dags/tuto.py
[2022-12-15T06:41:57.214+0000] {logging_mixin.py:120} INFO - [2022-12-15T06:41:57.214+0000] {dag.py:2585} INFO - Sync 1 DAGs
[2022-12-15T06:41:57.241+0000] {logging_mixin.py:120} INFO - [2022-12-15T06:41:57.241+0000] {dag.py:3340} INFO - Setting next_dagrun for tutorial to 2019-07-27T00:00:00+00:00, run_after=2019-07-28T00:00:00+00:00
[2022-12-15T06:41:57.260+0000] {processor.py:176} INFO - Processing /opt/airflow/dags/tuto.py took 0.118 seconds
[2022-12-15T06:42:27.394+0000] {processor.py:154} INFO - Started process (PID=2122) to work on /opt/airflow/dags/tuto.py
[2022-12-15T06:42:27.395+0000] {processor.py:756} INFO - Processing file /opt/airflow/dags/tuto.py for tasks to queue
[2022-12-15T06:42:27.395+0000] {logging_mixin.py:120} INFO - [2022-12-15T06:42:27.395+0000] {dagbag.py:537} INFO - Filling up the DagBag from /opt/airflow/dags/tuto.py
[2022-12-15T06:42:27.417+0000] {processor.py:766} INFO - DAG(s) dict_keys(['tutorial']) retrieved from /opt/airflow/dags/tuto.py
[2022-12-15T06:42:27.457+0000] {logging_mixin.py:120} INFO - [2022-12-15T06:42:27.457+0000] {dag.py:2585} INFO - Sync 1 DAGs
[2022-12-15T06:42:27.482+0000] {logging_mixin.py:120} INFO - [2022-12-15T06:42:27.482+0000] {dag.py:3340} INFO - Setting next_dagrun for tutorial to 2019-07-27T00:00:00+00:00, run_after=2019-07-28T00:00:00+00:00
[2022-12-15T06:42:27.501+0000] {processor.py:176} INFO - Processing /opt/airflow/dags/tuto.py took 0.111 seconds
[2022-12-15T06:42:57.614+0000] {processor.py:154} INFO - Started process (PID=2159) to work on /opt/airflow/dags/tuto.py
[2022-12-15T06:42:57.616+0000] {processor.py:756} INFO - Processing file /opt/airflow/dags/tuto.py for tasks to queue
[2022-12-15T06:42:57.616+0000] {logging_mixin.py:120} INFO - [2022-12-15T06:42:57.616+0000] {dagbag.py:537} INFO - Filling up the DagBag from /opt/airflow/dags/tuto.py
[2022-12-15T06:42:57.632+0000] {processor.py:766} INFO - DAG(s) dict_keys(['tutorial']) retrieved from /opt/airflow/dags/tuto.py
[2022-12-15T06:42:57.675+0000] {logging_mixin.py:120} INFO - [2022-12-15T06:42:57.674+0000] {dag.py:2585} INFO - Sync 1 DAGs
[2022-12-15T06:42:57.701+0000] {logging_mixin.py:120} INFO - [2022-12-15T06:42:57.701+0000] {dag.py:3340} INFO - Setting next_dagrun for tutorial to 2019-07-27T00:00:00+00:00, run_after=2019-07-28T00:00:00+00:00
[2022-12-15T06:42:57.719+0000] {processor.py:176} INFO - Processing /opt/airflow/dags/tuto.py took 0.108 seconds
[2022-12-15T06:43:27.825+0000] {processor.py:154} INFO - Started process (PID=2196) to work on /opt/airflow/dags/tuto.py
[2022-12-15T06:43:27.826+0000] {processor.py:756} INFO - Processing file /opt/airflow/dags/tuto.py for tasks to queue
[2022-12-15T06:43:27.826+0000] {logging_mixin.py:120} INFO - [2022-12-15T06:43:27.826+0000] {dagbag.py:537} INFO - Filling up the DagBag from /opt/airflow/dags/tuto.py
[2022-12-15T06:43:27.840+0000] {processor.py:766} INFO - DAG(s) dict_keys(['tutorial']) retrieved from /opt/airflow/dags/tuto.py
[2022-12-15T06:43:27.880+0000] {logging_mixin.py:120} INFO - [2022-12-15T06:43:27.880+0000] {dag.py:2585} INFO - Sync 1 DAGs
[2022-12-15T06:43:27.906+0000] {logging_mixin.py:120} INFO - [2022-12-15T06:43:27.906+0000] {dag.py:3340} INFO - Setting next_dagrun for tutorial to 2019-07-27T00:00:00+00:00, run_after=2019-07-28T00:00:00+00:00
[2022-12-15T06:43:27.927+0000] {processor.py:176} INFO - Processing /opt/airflow/dags/tuto.py took 0.106 seconds
[2022-12-15T06:43:58.045+0000] {processor.py:154} INFO - Started process (PID=2224) to work on /opt/airflow/dags/tuto.py
[2022-12-15T06:43:58.046+0000] {processor.py:756} INFO - Processing file /opt/airflow/dags/tuto.py for tasks to queue
[2022-12-15T06:43:58.047+0000] {logging_mixin.py:120} INFO - [2022-12-15T06:43:58.046+0000] {dagbag.py:537} INFO - Filling up the DagBag from /opt/airflow/dags/tuto.py
[2022-12-15T06:43:58.066+0000] {processor.py:766} INFO - DAG(s) dict_keys(['tutorial']) retrieved from /opt/airflow/dags/tuto.py
[2022-12-15T06:43:58.121+0000] {logging_mixin.py:120} INFO - [2022-12-15T06:43:58.121+0000] {dag.py:2585} INFO - Sync 1 DAGs
[2022-12-15T06:43:58.160+0000] {logging_mixin.py:120} INFO - [2022-12-15T06:43:58.160+0000] {dag.py:3340} INFO - Setting next_dagrun for tutorial to 2019-07-27T00:00:00+00:00, run_after=2019-07-28T00:00:00+00:00
[2022-12-15T06:43:58.189+0000] {processor.py:176} INFO - Processing /opt/airflow/dags/tuto.py took 0.149 seconds
[2022-12-15T06:44:28.350+0000] {processor.py:154} INFO - Started process (PID=2262) to work on /opt/airflow/dags/tuto.py
[2022-12-15T06:44:28.351+0000] {processor.py:756} INFO - Processing file /opt/airflow/dags/tuto.py for tasks to queue
[2022-12-15T06:44:28.352+0000] {logging_mixin.py:120} INFO - [2022-12-15T06:44:28.351+0000] {dagbag.py:537} INFO - Filling up the DagBag from /opt/airflow/dags/tuto.py
[2022-12-15T06:44:28.370+0000] {processor.py:766} INFO - DAG(s) dict_keys(['tutorial']) retrieved from /opt/airflow/dags/tuto.py
[2022-12-15T06:44:28.417+0000] {logging_mixin.py:120} INFO - [2022-12-15T06:44:28.417+0000] {dag.py:2585} INFO - Sync 1 DAGs
[2022-12-15T06:44:28.448+0000] {logging_mixin.py:120} INFO - [2022-12-15T06:44:28.448+0000] {dag.py:3340} INFO - Setting next_dagrun for tutorial to 2019-07-27T00:00:00+00:00, run_after=2019-07-28T00:00:00+00:00
[2022-12-15T06:44:28.472+0000] {processor.py:176} INFO - Processing /opt/airflow/dags/tuto.py took 0.125 seconds
[2022-12-15T08:01:54.874+0000] {processor.py:154} INFO - Started process (PID=175) to work on /opt/airflow/dags/tuto.py
[2022-12-15T08:01:54.931+0000] {processor.py:756} INFO - Processing file /opt/airflow/dags/tuto.py for tasks to queue
[2022-12-15T08:01:54.931+0000] {logging_mixin.py:120} INFO - [2022-12-15T08:01:54.931+0000] {dagbag.py:537} INFO - Filling up the DagBag from /opt/airflow/dags/tuto.py
[2022-12-15T08:01:54.960+0000] {processor.py:766} INFO - DAG(s) dict_keys(['tutorial']) retrieved from /opt/airflow/dags/tuto.py
[2022-12-15T08:01:55.187+0000] {logging_mixin.py:120} INFO - [2022-12-15T08:01:55.187+0000] {dag.py:2585} INFO - Sync 1 DAGs
[2022-12-15T08:01:55.211+0000] {logging_mixin.py:120} INFO - [2022-12-15T08:01:55.211+0000] {dag.py:3340} INFO - Setting next_dagrun for tutorial to 2019-07-27T00:00:00+00:00, run_after=2019-07-28T00:00:00+00:00
[2022-12-15T08:01:55.228+0000] {processor.py:176} INFO - Processing /opt/airflow/dags/tuto.py took 0.360 seconds
[2022-12-15T08:02:25.888+0000] {processor.py:154} INFO - Started process (PID=214) to work on /opt/airflow/dags/tuto.py
[2022-12-15T08:02:25.888+0000] {processor.py:756} INFO - Processing file /opt/airflow/dags/tuto.py for tasks to queue
[2022-12-15T08:02:25.889+0000] {logging_mixin.py:120} INFO - [2022-12-15T08:02:25.889+0000] {dagbag.py:537} INFO - Filling up the DagBag from /opt/airflow/dags/tuto.py
[2022-12-15T08:02:26.026+0000] {processor.py:766} INFO - DAG(s) dict_keys(['tutorial']) retrieved from /opt/airflow/dags/tuto.py
[2022-12-15T08:02:26.058+0000] {logging_mixin.py:120} INFO - [2022-12-15T08:02:26.057+0000] {dag.py:2585} INFO - Sync 1 DAGs
[2022-12-15T08:02:26.080+0000] {logging_mixin.py:120} INFO - [2022-12-15T08:02:26.079+0000] {dag.py:3340} INFO - Setting next_dagrun for tutorial to 2019-07-27T00:00:00+00:00, run_after=2019-07-28T00:00:00+00:00
[2022-12-15T08:02:26.163+0000] {processor.py:176} INFO - Processing /opt/airflow/dags/tuto.py took 0.277 seconds
[2022-12-15T08:02:56.376+0000] {processor.py:154} INFO - Started process (PID=242) to work on /opt/airflow/dags/tuto.py
[2022-12-15T08:02:56.385+0000] {processor.py:756} INFO - Processing file /opt/airflow/dags/tuto.py for tasks to queue
[2022-12-15T08:02:56.385+0000] {logging_mixin.py:120} INFO - [2022-12-15T08:02:56.385+0000] {dagbag.py:537} INFO - Filling up the DagBag from /opt/airflow/dags/tuto.py
[2022-12-15T08:02:56.398+0000] {processor.py:766} INFO - DAG(s) dict_keys(['tutorial']) retrieved from /opt/airflow/dags/tuto.py
[2022-12-15T08:02:56.439+0000] {logging_mixin.py:120} INFO - [2022-12-15T08:02:56.439+0000] {dag.py:2585} INFO - Sync 1 DAGs
[2022-12-15T08:02:56.462+0000] {logging_mixin.py:120} INFO - [2022-12-15T08:02:56.462+0000] {dag.py:3340} INFO - Setting next_dagrun for tutorial to 2019-07-27T00:00:00+00:00, run_after=2019-07-28T00:00:00+00:00
[2022-12-15T08:02:56.485+0000] {processor.py:176} INFO - Processing /opt/airflow/dags/tuto.py took 0.111 seconds
[2022-12-15T08:03:26.680+0000] {processor.py:154} INFO - Started process (PID=280) to work on /opt/airflow/dags/tuto.py
[2022-12-15T08:03:26.681+0000] {processor.py:756} INFO - Processing file /opt/airflow/dags/tuto.py for tasks to queue
[2022-12-15T08:03:26.681+0000] {logging_mixin.py:120} INFO - [2022-12-15T08:03:26.681+0000] {dagbag.py:537} INFO - Filling up the DagBag from /opt/airflow/dags/tuto.py
[2022-12-15T08:03:26.697+0000] {processor.py:766} INFO - DAG(s) dict_keys(['tutorial']) retrieved from /opt/airflow/dags/tuto.py
[2022-12-15T08:03:26.738+0000] {logging_mixin.py:120} INFO - [2022-12-15T08:03:26.738+0000] {dag.py:2585} INFO - Sync 1 DAGs
[2022-12-15T08:03:26.762+0000] {logging_mixin.py:120} INFO - [2022-12-15T08:03:26.762+0000] {dag.py:3340} INFO - Setting next_dagrun for tutorial to 2019-07-27T00:00:00+00:00, run_after=2019-07-28T00:00:00+00:00
[2022-12-15T08:03:26.782+0000] {processor.py:176} INFO - Processing /opt/airflow/dags/tuto.py took 0.106 seconds
[2022-12-15T08:03:56.918+0000] {processor.py:154} INFO - Started process (PID=317) to work on /opt/airflow/dags/tuto.py
[2022-12-15T08:03:56.918+0000] {processor.py:756} INFO - Processing file /opt/airflow/dags/tuto.py for tasks to queue
[2022-12-15T08:03:56.919+0000] {logging_mixin.py:120} INFO - [2022-12-15T08:03:56.919+0000] {dagbag.py:537} INFO - Filling up the DagBag from /opt/airflow/dags/tuto.py
[2022-12-15T08:03:56.933+0000] {processor.py:766} INFO - DAG(s) dict_keys(['tutorial']) retrieved from /opt/airflow/dags/tuto.py
[2022-12-15T08:03:56.972+0000] {logging_mixin.py:120} INFO - [2022-12-15T08:03:56.972+0000] {dag.py:2585} INFO - Sync 1 DAGs
[2022-12-15T08:03:56.995+0000] {logging_mixin.py:120} INFO - [2022-12-15T08:03:56.995+0000] {dag.py:3340} INFO - Setting next_dagrun for tutorial to 2019-07-27T00:00:00+00:00, run_after=2019-07-28T00:00:00+00:00
[2022-12-15T08:03:57.012+0000] {processor.py:176} INFO - Processing /opt/airflow/dags/tuto.py took 0.097 seconds
[2022-12-15T08:04:27.059+0000] {processor.py:154} INFO - Started process (PID=354) to work on /opt/airflow/dags/tuto.py
[2022-12-15T08:04:27.060+0000] {processor.py:756} INFO - Processing file /opt/airflow/dags/tuto.py for tasks to queue
[2022-12-15T08:04:27.061+0000] {logging_mixin.py:120} INFO - [2022-12-15T08:04:27.060+0000] {dagbag.py:537} INFO - Filling up the DagBag from /opt/airflow/dags/tuto.py
[2022-12-15T08:04:27.075+0000] {processor.py:766} INFO - DAG(s) dict_keys(['tutorial']) retrieved from /opt/airflow/dags/tuto.py
[2022-12-15T08:04:27.120+0000] {logging_mixin.py:120} INFO - [2022-12-15T08:04:27.120+0000] {dag.py:2585} INFO - Sync 1 DAGs
[2022-12-15T08:04:27.149+0000] {logging_mixin.py:120} INFO - [2022-12-15T08:04:27.148+0000] {dag.py:3340} INFO - Setting next_dagrun for tutorial to 2019-07-27T00:00:00+00:00, run_after=2019-07-28T00:00:00+00:00
[2022-12-15T08:04:27.174+0000] {processor.py:176} INFO - Processing /opt/airflow/dags/tuto.py took 0.118 seconds
[2022-12-15T15:57:13.654+0000] {processor.py:154} INFO - Started process (PID=176) to work on /opt/airflow/dags/tuto.py
[2022-12-15T15:57:13.656+0000] {processor.py:756} INFO - Processing file /opt/airflow/dags/tuto.py for tasks to queue
[2022-12-15T15:57:13.657+0000] {logging_mixin.py:120} INFO - [2022-12-15T15:57:13.657+0000] {dagbag.py:537} INFO - Filling up the DagBag from /opt/airflow/dags/tuto.py
[2022-12-15T15:57:13.708+0000] {processor.py:766} INFO - DAG(s) dict_keys(['tutorial']) retrieved from /opt/airflow/dags/tuto.py
[2022-12-15T15:57:14.002+0000] {logging_mixin.py:120} INFO - [2022-12-15T15:57:14.002+0000] {dag.py:2585} INFO - Sync 1 DAGs
[2022-12-15T15:57:14.051+0000] {logging_mixin.py:120} INFO - [2022-12-15T15:57:14.051+0000] {dag.py:3340} INFO - Setting next_dagrun for tutorial to 2019-07-27T00:00:00+00:00, run_after=2019-07-28T00:00:00+00:00
[2022-12-15T15:57:14.083+0000] {processor.py:176} INFO - Processing /opt/airflow/dags/tuto.py took 0.432 seconds
