[2022-11-13T12:38:32.224+0000] {processor.py:154} INFO - Started process (PID=193) to work on /opt/airflow/dags/data_processing.py
[2022-11-13T12:38:32.225+0000] {processor.py:756} INFO - Processing file /opt/airflow/dags/data_processing.py for tasks to queue
[2022-11-13T12:38:32.226+0000] {logging_mixin.py:120} INFO - [2022-11-13T12:38:32.226+0000] {dagbag.py:537} INFO - Filling up the DagBag from /opt/airflow/dags/data_processing.py
[2022-11-13T12:38:32.243+0000] {processor.py:766} INFO - DAG(s) dict_keys(['data_processing']) retrieved from /opt/airflow/dags/data_processing.py
[2022-11-13T12:38:32.463+0000] {logging_mixin.py:120} INFO - [2022-11-13T12:38:32.463+0000] {dag.py:2585} INFO - Sync 1 DAGs
[2022-11-13T12:38:32.500+0000] {logging_mixin.py:120} INFO - [2022-11-13T12:38:32.500+0000] {dag.py:3340} INFO - Setting next_dagrun for data_processing to 2022-11-07T00:00:00+00:00, run_after=2022-11-08T00:00:00+00:00
[2022-11-13T12:38:32.530+0000] {processor.py:176} INFO - Processing /opt/airflow/dags/data_processing.py took 0.309 seconds
[2022-11-13T12:39:03.240+0000] {processor.py:154} INFO - Started process (PID=250) to work on /opt/airflow/dags/data_processing.py
[2022-11-13T12:39:03.244+0000] {processor.py:756} INFO - Processing file /opt/airflow/dags/data_processing.py for tasks to queue
[2022-11-13T12:39:03.245+0000] {logging_mixin.py:120} INFO - [2022-11-13T12:39:03.245+0000] {dagbag.py:537} INFO - Filling up the DagBag from /opt/airflow/dags/data_processing.py
[2022-11-13T12:39:03.606+0000] {processor.py:766} INFO - DAG(s) dict_keys(['data_processing']) retrieved from /opt/airflow/dags/data_processing.py
[2022-11-13T12:39:03.668+0000] {logging_mixin.py:120} INFO - [2022-11-13T12:39:03.668+0000] {dag.py:2585} INFO - Sync 1 DAGs
[2022-11-13T12:39:03.709+0000] {logging_mixin.py:120} INFO - [2022-11-13T12:39:03.709+0000] {dag.py:3340} INFO - Setting next_dagrun for data_processing to 2022-11-07T00:00:00+00:00, run_after=2022-11-08T00:00:00+00:00
[2022-11-13T12:39:03.743+0000] {processor.py:176} INFO - Processing /opt/airflow/dags/data_processing.py took 0.508 seconds
[2022-11-13T12:39:34.557+0000] {processor.py:154} INFO - Started process (PID=310) to work on /opt/airflow/dags/data_processing.py
[2022-11-13T12:39:34.569+0000] {processor.py:756} INFO - Processing file /opt/airflow/dags/data_processing.py for tasks to queue
[2022-11-13T12:39:34.570+0000] {logging_mixin.py:120} INFO - [2022-11-13T12:39:34.570+0000] {dagbag.py:537} INFO - Filling up the DagBag from /opt/airflow/dags/data_processing.py
[2022-11-13T12:39:34.586+0000] {processor.py:766} INFO - DAG(s) dict_keys(['data_processing']) retrieved from /opt/airflow/dags/data_processing.py
[2022-11-13T12:39:34.629+0000] {logging_mixin.py:120} INFO - [2022-11-13T12:39:34.629+0000] {dag.py:2585} INFO - Sync 1 DAGs
[2022-11-13T12:39:34.658+0000] {logging_mixin.py:120} INFO - [2022-11-13T12:39:34.657+0000] {dag.py:3340} INFO - Setting next_dagrun for data_processing to 2022-11-07T00:00:00+00:00, run_after=2022-11-08T00:00:00+00:00
[2022-11-13T12:39:34.684+0000] {processor.py:176} INFO - Processing /opt/airflow/dags/data_processing.py took 0.131 seconds
[2022-11-13T12:40:05.084+0000] {processor.py:154} INFO - Started process (PID=358) to work on /opt/airflow/dags/data_processing.py
[2022-11-13T12:40:05.085+0000] {processor.py:756} INFO - Processing file /opt/airflow/dags/data_processing.py for tasks to queue
[2022-11-13T12:40:05.086+0000] {logging_mixin.py:120} INFO - [2022-11-13T12:40:05.085+0000] {dagbag.py:537} INFO - Filling up the DagBag from /opt/airflow/dags/data_processing.py
[2022-11-13T12:40:05.100+0000] {processor.py:766} INFO - DAG(s) dict_keys(['data_processing']) retrieved from /opt/airflow/dags/data_processing.py
[2022-11-13T12:40:05.150+0000] {logging_mixin.py:120} INFO - [2022-11-13T12:40:05.149+0000] {dag.py:2585} INFO - Sync 1 DAGs
[2022-11-13T12:40:05.177+0000] {logging_mixin.py:120} INFO - [2022-11-13T12:40:05.176+0000] {dag.py:3340} INFO - Setting next_dagrun for data_processing to 2022-11-07T00:00:00+00:00, run_after=2022-11-08T00:00:00+00:00
[2022-11-13T12:40:05.196+0000] {processor.py:176} INFO - Processing /opt/airflow/dags/data_processing.py took 0.115 seconds
[2022-11-13T12:40:35.391+0000] {processor.py:154} INFO - Started process (PID=415) to work on /opt/airflow/dags/data_processing.py
[2022-11-13T12:40:35.392+0000] {processor.py:756} INFO - Processing file /opt/airflow/dags/data_processing.py for tasks to queue
[2022-11-13T12:40:35.393+0000] {logging_mixin.py:120} INFO - [2022-11-13T12:40:35.393+0000] {dagbag.py:537} INFO - Filling up the DagBag from /opt/airflow/dags/data_processing.py
[2022-11-13T12:40:35.411+0000] {processor.py:766} INFO - DAG(s) dict_keys(['data_processing']) retrieved from /opt/airflow/dags/data_processing.py
[2022-11-13T12:40:35.472+0000] {logging_mixin.py:120} INFO - [2022-11-13T12:40:35.472+0000] {dag.py:2585} INFO - Sync 1 DAGs
[2022-11-13T12:40:35.498+0000] {logging_mixin.py:120} INFO - [2022-11-13T12:40:35.497+0000] {dag.py:3340} INFO - Setting next_dagrun for data_processing to 2022-11-07T00:00:00+00:00, run_after=2022-11-08T00:00:00+00:00
[2022-11-13T12:40:35.529+0000] {processor.py:176} INFO - Processing /opt/airflow/dags/data_processing.py took 0.141 seconds
[2022-11-13T12:41:05.765+0000] {processor.py:154} INFO - Started process (PID=472) to work on /opt/airflow/dags/data_processing.py
[2022-11-13T12:41:05.766+0000] {processor.py:756} INFO - Processing file /opt/airflow/dags/data_processing.py for tasks to queue
[2022-11-13T12:41:05.767+0000] {logging_mixin.py:120} INFO - [2022-11-13T12:41:05.767+0000] {dagbag.py:537} INFO - Filling up the DagBag from /opt/airflow/dags/data_processing.py
[2022-11-13T12:41:05.786+0000] {processor.py:766} INFO - DAG(s) dict_keys(['data_processing']) retrieved from /opt/airflow/dags/data_processing.py
[2022-11-13T12:41:05.824+0000] {logging_mixin.py:120} INFO - [2022-11-13T12:41:05.824+0000] {dag.py:2585} INFO - Sync 1 DAGs
[2022-11-13T12:41:05.853+0000] {logging_mixin.py:120} INFO - [2022-11-13T12:41:05.852+0000] {dag.py:3340} INFO - Setting next_dagrun for data_processing to 2022-11-07T00:00:00+00:00, run_after=2022-11-08T00:00:00+00:00
[2022-11-13T12:41:05.876+0000] {processor.py:176} INFO - Processing /opt/airflow/dags/data_processing.py took 0.114 seconds
[2022-11-13T12:41:36.332+0000] {processor.py:154} INFO - Started process (PID=519) to work on /opt/airflow/dags/data_processing.py
[2022-11-13T12:41:36.333+0000] {processor.py:756} INFO - Processing file /opt/airflow/dags/data_processing.py for tasks to queue
[2022-11-13T12:41:36.334+0000] {logging_mixin.py:120} INFO - [2022-11-13T12:41:36.334+0000] {dagbag.py:537} INFO - Filling up the DagBag from /opt/airflow/dags/data_processing.py
[2022-11-13T12:41:36.348+0000] {processor.py:766} INFO - DAG(s) dict_keys(['data_processing']) retrieved from /opt/airflow/dags/data_processing.py
[2022-11-13T12:41:36.401+0000] {logging_mixin.py:120} INFO - [2022-11-13T12:41:36.401+0000] {dag.py:2585} INFO - Sync 1 DAGs
[2022-11-13T12:41:36.427+0000] {logging_mixin.py:120} INFO - [2022-11-13T12:41:36.427+0000] {dag.py:3340} INFO - Setting next_dagrun for data_processing to 2022-11-07T00:00:00+00:00, run_after=2022-11-08T00:00:00+00:00
[2022-11-13T12:41:36.445+0000] {processor.py:176} INFO - Processing /opt/airflow/dags/data_processing.py took 0.117 seconds
[2022-11-13T12:42:06.866+0000] {processor.py:154} INFO - Started process (PID=576) to work on /opt/airflow/dags/data_processing.py
[2022-11-13T12:42:06.867+0000] {processor.py:756} INFO - Processing file /opt/airflow/dags/data_processing.py for tasks to queue
[2022-11-13T12:42:06.868+0000] {logging_mixin.py:120} INFO - [2022-11-13T12:42:06.868+0000] {dagbag.py:537} INFO - Filling up the DagBag from /opt/airflow/dags/data_processing.py
[2022-11-13T12:42:06.883+0000] {processor.py:766} INFO - DAG(s) dict_keys(['data_processing']) retrieved from /opt/airflow/dags/data_processing.py
[2022-11-13T12:42:06.923+0000] {logging_mixin.py:120} INFO - [2022-11-13T12:42:06.923+0000] {dag.py:2585} INFO - Sync 1 DAGs
[2022-11-13T12:42:06.964+0000] {logging_mixin.py:120} INFO - [2022-11-13T12:42:06.964+0000] {dag.py:3340} INFO - Setting next_dagrun for data_processing to 2022-11-07T00:00:00+00:00, run_after=2022-11-08T00:00:00+00:00
[2022-11-13T12:42:06.984+0000] {processor.py:176} INFO - Processing /opt/airflow/dags/data_processing.py took 0.121 seconds
[2022-11-13T12:42:37.287+0000] {processor.py:154} INFO - Started process (PID=633) to work on /opt/airflow/dags/data_processing.py
[2022-11-13T12:42:37.288+0000] {processor.py:756} INFO - Processing file /opt/airflow/dags/data_processing.py for tasks to queue
[2022-11-13T12:42:37.289+0000] {logging_mixin.py:120} INFO - [2022-11-13T12:42:37.289+0000] {dagbag.py:537} INFO - Filling up the DagBag from /opt/airflow/dags/data_processing.py
[2022-11-13T12:42:37.304+0000] {processor.py:766} INFO - DAG(s) dict_keys(['data_processing']) retrieved from /opt/airflow/dags/data_processing.py
[2022-11-13T12:42:37.345+0000] {logging_mixin.py:120} INFO - [2022-11-13T12:42:37.345+0000] {dag.py:2585} INFO - Sync 1 DAGs
[2022-11-13T12:42:37.372+0000] {logging_mixin.py:120} INFO - [2022-11-13T12:42:37.372+0000] {dag.py:3340} INFO - Setting next_dagrun for data_processing to 2022-11-07T00:00:00+00:00, run_after=2022-11-08T00:00:00+00:00
[2022-11-13T12:42:37.397+0000] {processor.py:176} INFO - Processing /opt/airflow/dags/data_processing.py took 0.114 seconds
[2022-11-13T12:43:07.968+0000] {processor.py:154} INFO - Started process (PID=688) to work on /opt/airflow/dags/data_processing.py
[2022-11-13T12:43:07.969+0000] {processor.py:756} INFO - Processing file /opt/airflow/dags/data_processing.py for tasks to queue
[2022-11-13T12:43:07.970+0000] {logging_mixin.py:120} INFO - [2022-11-13T12:43:07.970+0000] {dagbag.py:537} INFO - Filling up the DagBag from /opt/airflow/dags/data_processing.py
[2022-11-13T12:43:08.009+0000] {processor.py:766} INFO - DAG(s) dict_keys(['data_processing']) retrieved from /opt/airflow/dags/data_processing.py
[2022-11-13T12:43:08.067+0000] {logging_mixin.py:120} INFO - [2022-11-13T12:43:08.067+0000] {dag.py:2585} INFO - Sync 1 DAGs
[2022-11-13T12:43:08.118+0000] {logging_mixin.py:120} INFO - [2022-11-13T12:43:08.118+0000] {dag.py:3340} INFO - Setting next_dagrun for data_processing to 2022-11-07T00:00:00+00:00, run_after=2022-11-08T00:00:00+00:00
[2022-11-13T12:43:08.144+0000] {processor.py:176} INFO - Processing /opt/airflow/dags/data_processing.py took 0.186 seconds
[2022-11-13T12:43:38.376+0000] {processor.py:154} INFO - Started process (PID=738) to work on /opt/airflow/dags/data_processing.py
[2022-11-13T12:43:38.378+0000] {processor.py:756} INFO - Processing file /opt/airflow/dags/data_processing.py for tasks to queue
[2022-11-13T12:43:38.379+0000] {logging_mixin.py:120} INFO - [2022-11-13T12:43:38.378+0000] {dagbag.py:537} INFO - Filling up the DagBag from /opt/airflow/dags/data_processing.py
[2022-11-13T12:43:38.393+0000] {processor.py:766} INFO - DAG(s) dict_keys(['data_processing']) retrieved from /opt/airflow/dags/data_processing.py
[2022-11-13T12:43:38.435+0000] {logging_mixin.py:120} INFO - [2022-11-13T12:43:38.435+0000] {dag.py:2585} INFO - Sync 1 DAGs
[2022-11-13T12:43:38.461+0000] {logging_mixin.py:120} INFO - [2022-11-13T12:43:38.461+0000] {dag.py:3340} INFO - Setting next_dagrun for data_processing to 2022-11-07T00:00:00+00:00, run_after=2022-11-08T00:00:00+00:00
[2022-11-13T12:43:38.481+0000] {processor.py:176} INFO - Processing /opt/airflow/dags/data_processing.py took 0.109 seconds
[2022-11-13T12:44:08.783+0000] {processor.py:154} INFO - Started process (PID=795) to work on /opt/airflow/dags/data_processing.py
[2022-11-13T12:44:08.783+0000] {processor.py:756} INFO - Processing file /opt/airflow/dags/data_processing.py for tasks to queue
[2022-11-13T12:44:08.784+0000] {logging_mixin.py:120} INFO - [2022-11-13T12:44:08.784+0000] {dagbag.py:537} INFO - Filling up the DagBag from /opt/airflow/dags/data_processing.py
[2022-11-13T12:44:08.798+0000] {processor.py:766} INFO - DAG(s) dict_keys(['data_processing']) retrieved from /opt/airflow/dags/data_processing.py
[2022-11-13T12:44:08.837+0000] {logging_mixin.py:120} INFO - [2022-11-13T12:44:08.837+0000] {dag.py:2585} INFO - Sync 1 DAGs
[2022-11-13T12:44:08.862+0000] {logging_mixin.py:120} INFO - [2022-11-13T12:44:08.862+0000] {dag.py:3340} INFO - Setting next_dagrun for data_processing to 2022-11-07T00:00:00+00:00, run_after=2022-11-08T00:00:00+00:00
[2022-11-13T12:44:08.883+0000] {processor.py:176} INFO - Processing /opt/airflow/dags/data_processing.py took 0.105 seconds
[2022-11-13T12:44:39.304+0000] {processor.py:154} INFO - Started process (PID=853) to work on /opt/airflow/dags/data_processing.py
[2022-11-13T12:44:39.306+0000] {processor.py:756} INFO - Processing file /opt/airflow/dags/data_processing.py for tasks to queue
[2022-11-13T12:44:39.307+0000] {logging_mixin.py:120} INFO - [2022-11-13T12:44:39.307+0000] {dagbag.py:537} INFO - Filling up the DagBag from /opt/airflow/dags/data_processing.py
[2022-11-13T12:44:39.325+0000] {processor.py:766} INFO - DAG(s) dict_keys(['data_processing']) retrieved from /opt/airflow/dags/data_processing.py
[2022-11-13T12:44:39.366+0000] {logging_mixin.py:120} INFO - [2022-11-13T12:44:39.366+0000] {dag.py:2585} INFO - Sync 1 DAGs
[2022-11-13T12:44:39.397+0000] {logging_mixin.py:120} INFO - [2022-11-13T12:44:39.397+0000] {dag.py:3340} INFO - Setting next_dagrun for data_processing to 2022-11-07T00:00:00+00:00, run_after=2022-11-08T00:00:00+00:00
[2022-11-13T12:44:39.418+0000] {processor.py:176} INFO - Processing /opt/airflow/dags/data_processing.py took 0.118 seconds
[2022-11-13T12:45:09.826+0000] {processor.py:154} INFO - Started process (PID=901) to work on /opt/airflow/dags/data_processing.py
[2022-11-13T12:45:09.827+0000] {processor.py:756} INFO - Processing file /opt/airflow/dags/data_processing.py for tasks to queue
[2022-11-13T12:45:09.827+0000] {logging_mixin.py:120} INFO - [2022-11-13T12:45:09.827+0000] {dagbag.py:537} INFO - Filling up the DagBag from /opt/airflow/dags/data_processing.py
[2022-11-13T12:45:09.846+0000] {processor.py:766} INFO - DAG(s) dict_keys(['data_processing']) retrieved from /opt/airflow/dags/data_processing.py
[2022-11-13T12:45:09.916+0000] {logging_mixin.py:120} INFO - [2022-11-13T12:45:09.916+0000] {dag.py:2585} INFO - Sync 1 DAGs
[2022-11-13T12:45:09.947+0000] {logging_mixin.py:120} INFO - [2022-11-13T12:45:09.947+0000] {dag.py:3340} INFO - Setting next_dagrun for data_processing to 2022-11-07T00:00:00+00:00, run_after=2022-11-08T00:00:00+00:00
[2022-11-13T12:45:09.966+0000] {processor.py:176} INFO - Processing /opt/airflow/dags/data_processing.py took 0.143 seconds
[2022-11-13T12:45:40.308+0000] {processor.py:154} INFO - Started process (PID=958) to work on /opt/airflow/dags/data_processing.py
[2022-11-13T12:45:40.309+0000] {processor.py:756} INFO - Processing file /opt/airflow/dags/data_processing.py for tasks to queue
[2022-11-13T12:45:40.310+0000] {logging_mixin.py:120} INFO - [2022-11-13T12:45:40.309+0000] {dagbag.py:537} INFO - Filling up the DagBag from /opt/airflow/dags/data_processing.py
[2022-11-13T12:45:40.325+0000] {processor.py:766} INFO - DAG(s) dict_keys(['data_processing']) retrieved from /opt/airflow/dags/data_processing.py
[2022-11-13T12:45:40.368+0000] {logging_mixin.py:120} INFO - [2022-11-13T12:45:40.368+0000] {dag.py:2585} INFO - Sync 1 DAGs
[2022-11-13T12:45:40.394+0000] {logging_mixin.py:120} INFO - [2022-11-13T12:45:40.394+0000] {dag.py:3340} INFO - Setting next_dagrun for data_processing to 2022-11-07T00:00:00+00:00, run_after=2022-11-08T00:00:00+00:00
[2022-11-13T12:45:40.413+0000] {processor.py:176} INFO - Processing /opt/airflow/dags/data_processing.py took 0.108 seconds
[2022-11-13T12:46:10.846+0000] {processor.py:154} INFO - Started process (PID=1016) to work on /opt/airflow/dags/data_processing.py
[2022-11-13T12:46:10.846+0000] {processor.py:756} INFO - Processing file /opt/airflow/dags/data_processing.py for tasks to queue
[2022-11-13T12:46:10.847+0000] {logging_mixin.py:120} INFO - [2022-11-13T12:46:10.847+0000] {dagbag.py:537} INFO - Filling up the DagBag from /opt/airflow/dags/data_processing.py
[2022-11-13T12:46:10.860+0000] {processor.py:766} INFO - DAG(s) dict_keys(['data_processing']) retrieved from /opt/airflow/dags/data_processing.py
[2022-11-13T12:46:10.898+0000] {logging_mixin.py:120} INFO - [2022-11-13T12:46:10.898+0000] {dag.py:2585} INFO - Sync 1 DAGs
[2022-11-13T12:46:10.925+0000] {logging_mixin.py:120} INFO - [2022-11-13T12:46:10.925+0000] {dag.py:3340} INFO - Setting next_dagrun for data_processing to 2022-11-07T00:00:00+00:00, run_after=2022-11-08T00:00:00+00:00
[2022-11-13T12:46:10.945+0000] {processor.py:176} INFO - Processing /opt/airflow/dags/data_processing.py took 0.103 seconds
[2022-11-13T12:46:41.227+0000] {processor.py:154} INFO - Started process (PID=1059) to work on /opt/airflow/dags/data_processing.py
[2022-11-13T12:46:41.228+0000] {processor.py:756} INFO - Processing file /opt/airflow/dags/data_processing.py for tasks to queue
[2022-11-13T12:46:41.229+0000] {logging_mixin.py:120} INFO - [2022-11-13T12:46:41.229+0000] {dagbag.py:537} INFO - Filling up the DagBag from /opt/airflow/dags/data_processing.py
[2022-11-13T12:46:41.244+0000] {processor.py:766} INFO - DAG(s) dict_keys(['data_processing']) retrieved from /opt/airflow/dags/data_processing.py
[2022-11-13T12:46:41.284+0000] {logging_mixin.py:120} INFO - [2022-11-13T12:46:41.284+0000] {dag.py:2585} INFO - Sync 1 DAGs
[2022-11-13T12:46:41.307+0000] {logging_mixin.py:120} INFO - [2022-11-13T12:46:41.307+0000] {dag.py:3340} INFO - Setting next_dagrun for data_processing to 2022-11-07T00:00:00+00:00, run_after=2022-11-08T00:00:00+00:00
[2022-11-13T12:46:41.325+0000] {processor.py:176} INFO - Processing /opt/airflow/dags/data_processing.py took 0.101 seconds
[2022-11-13T12:47:11.616+0000] {processor.py:154} INFO - Started process (PID=1111) to work on /opt/airflow/dags/data_processing.py
[2022-11-13T12:47:11.617+0000] {processor.py:756} INFO - Processing file /opt/airflow/dags/data_processing.py for tasks to queue
[2022-11-13T12:47:11.618+0000] {logging_mixin.py:120} INFO - [2022-11-13T12:47:11.618+0000] {dagbag.py:537} INFO - Filling up the DagBag from /opt/airflow/dags/data_processing.py
[2022-11-13T12:47:11.632+0000] {processor.py:766} INFO - DAG(s) dict_keys(['data_processing']) retrieved from /opt/airflow/dags/data_processing.py
[2022-11-13T12:47:11.671+0000] {logging_mixin.py:120} INFO - [2022-11-13T12:47:11.671+0000] {dag.py:2585} INFO - Sync 1 DAGs
[2022-11-13T12:47:11.695+0000] {logging_mixin.py:120} INFO - [2022-11-13T12:47:11.694+0000] {dag.py:3340} INFO - Setting next_dagrun for data_processing to 2022-11-07T00:00:00+00:00, run_after=2022-11-08T00:00:00+00:00
[2022-11-13T12:47:11.716+0000] {processor.py:176} INFO - Processing /opt/airflow/dags/data_processing.py took 0.103 seconds
[2022-11-13T12:47:41.896+0000] {processor.py:154} INFO - Started process (PID=1163) to work on /opt/airflow/dags/data_processing.py
[2022-11-13T12:47:41.898+0000] {processor.py:756} INFO - Processing file /opt/airflow/dags/data_processing.py for tasks to queue
[2022-11-13T12:47:41.899+0000] {logging_mixin.py:120} INFO - [2022-11-13T12:47:41.898+0000] {dagbag.py:537} INFO - Filling up the DagBag from /opt/airflow/dags/data_processing.py
[2022-11-13T12:47:41.916+0000] {processor.py:766} INFO - DAG(s) dict_keys(['data_processing']) retrieved from /opt/airflow/dags/data_processing.py
[2022-11-13T12:47:41.960+0000] {logging_mixin.py:120} INFO - [2022-11-13T12:47:41.959+0000] {dag.py:2585} INFO - Sync 1 DAGs
[2022-11-13T12:47:41.990+0000] {logging_mixin.py:120} INFO - [2022-11-13T12:47:41.990+0000] {dag.py:3340} INFO - Setting next_dagrun for data_processing to 2022-11-07T00:00:00+00:00, run_after=2022-11-08T00:00:00+00:00
[2022-11-13T12:47:42.008+0000] {processor.py:176} INFO - Processing /opt/airflow/dags/data_processing.py took 0.116 seconds
[2022-11-13T12:48:12.311+0000] {processor.py:154} INFO - Started process (PID=1206) to work on /opt/airflow/dags/data_processing.py
[2022-11-13T12:48:12.312+0000] {processor.py:756} INFO - Processing file /opt/airflow/dags/data_processing.py for tasks to queue
[2022-11-13T12:48:12.313+0000] {logging_mixin.py:120} INFO - [2022-11-13T12:48:12.313+0000] {dagbag.py:537} INFO - Filling up the DagBag from /opt/airflow/dags/data_processing.py
[2022-11-13T12:48:12.327+0000] {processor.py:766} INFO - DAG(s) dict_keys(['data_processing']) retrieved from /opt/airflow/dags/data_processing.py
[2022-11-13T12:48:12.366+0000] {logging_mixin.py:120} INFO - [2022-11-13T12:48:12.366+0000] {dag.py:2585} INFO - Sync 1 DAGs
[2022-11-13T12:48:12.398+0000] {logging_mixin.py:120} INFO - [2022-11-13T12:48:12.398+0000] {dag.py:3340} INFO - Setting next_dagrun for data_processing to 2022-11-07T00:00:00+00:00, run_after=2022-11-08T00:00:00+00:00
[2022-11-13T12:48:12.418+0000] {processor.py:176} INFO - Processing /opt/airflow/dags/data_processing.py took 0.110 seconds
[2022-11-13T12:48:42.730+0000] {processor.py:154} INFO - Started process (PID=1263) to work on /opt/airflow/dags/data_processing.py
[2022-11-13T12:48:42.731+0000] {processor.py:756} INFO - Processing file /opt/airflow/dags/data_processing.py for tasks to queue
[2022-11-13T12:48:42.731+0000] {logging_mixin.py:120} INFO - [2022-11-13T12:48:42.731+0000] {dagbag.py:537} INFO - Filling up the DagBag from /opt/airflow/dags/data_processing.py
[2022-11-13T12:48:42.744+0000] {processor.py:766} INFO - DAG(s) dict_keys(['data_processing']) retrieved from /opt/airflow/dags/data_processing.py
[2022-11-13T12:48:42.783+0000] {logging_mixin.py:120} INFO - [2022-11-13T12:48:42.783+0000] {dag.py:2585} INFO - Sync 1 DAGs
[2022-11-13T12:48:42.808+0000] {logging_mixin.py:120} INFO - [2022-11-13T12:48:42.807+0000] {dag.py:3340} INFO - Setting next_dagrun for data_processing to 2022-11-07T00:00:00+00:00, run_after=2022-11-08T00:00:00+00:00
[2022-11-13T12:48:42.827+0000] {processor.py:176} INFO - Processing /opt/airflow/dags/data_processing.py took 0.101 seconds
[2022-11-13T12:49:13.106+0000] {processor.py:154} INFO - Started process (PID=1320) to work on /opt/airflow/dags/data_processing.py
[2022-11-13T12:49:13.106+0000] {processor.py:756} INFO - Processing file /opt/airflow/dags/data_processing.py for tasks to queue
[2022-11-13T12:49:13.107+0000] {logging_mixin.py:120} INFO - [2022-11-13T12:49:13.107+0000] {dagbag.py:537} INFO - Filling up the DagBag from /opt/airflow/dags/data_processing.py
[2022-11-13T12:49:13.120+0000] {processor.py:766} INFO - DAG(s) dict_keys(['data_processing']) retrieved from /opt/airflow/dags/data_processing.py
[2022-11-13T12:49:13.159+0000] {logging_mixin.py:120} INFO - [2022-11-13T12:49:13.159+0000] {dag.py:2585} INFO - Sync 1 DAGs
[2022-11-13T12:49:13.185+0000] {logging_mixin.py:120} INFO - [2022-11-13T12:49:13.184+0000] {dag.py:3340} INFO - Setting next_dagrun for data_processing to 2022-11-07T00:00:00+00:00, run_after=2022-11-08T00:00:00+00:00
[2022-11-13T12:49:13.203+0000] {processor.py:176} INFO - Processing /opt/airflow/dags/data_processing.py took 0.101 seconds
[2022-11-13T12:49:43.500+0000] {processor.py:154} INFO - Started process (PID=1377) to work on /opt/airflow/dags/data_processing.py
[2022-11-13T12:49:43.501+0000] {processor.py:756} INFO - Processing file /opt/airflow/dags/data_processing.py for tasks to queue
[2022-11-13T12:49:43.502+0000] {logging_mixin.py:120} INFO - [2022-11-13T12:49:43.501+0000] {dagbag.py:537} INFO - Filling up the DagBag from /opt/airflow/dags/data_processing.py
[2022-11-13T12:49:43.514+0000] {processor.py:766} INFO - DAG(s) dict_keys(['data_processing']) retrieved from /opt/airflow/dags/data_processing.py
[2022-11-13T12:49:43.554+0000] {logging_mixin.py:120} INFO - [2022-11-13T12:49:43.553+0000] {dag.py:2585} INFO - Sync 1 DAGs
[2022-11-13T12:49:43.576+0000] {logging_mixin.py:120} INFO - [2022-11-13T12:49:43.576+0000] {dag.py:3340} INFO - Setting next_dagrun for data_processing to 2022-11-07T00:00:00+00:00, run_after=2022-11-08T00:00:00+00:00
[2022-11-13T12:49:43.597+0000] {processor.py:176} INFO - Processing /opt/airflow/dags/data_processing.py took 0.102 seconds
[2022-11-13T12:50:13.871+0000] {processor.py:154} INFO - Started process (PID=1425) to work on /opt/airflow/dags/data_processing.py
[2022-11-13T12:50:13.872+0000] {processor.py:756} INFO - Processing file /opt/airflow/dags/data_processing.py for tasks to queue
[2022-11-13T12:50:13.873+0000] {logging_mixin.py:120} INFO - [2022-11-13T12:50:13.872+0000] {dagbag.py:537} INFO - Filling up the DagBag from /opt/airflow/dags/data_processing.py
[2022-11-13T12:50:13.886+0000] {processor.py:766} INFO - DAG(s) dict_keys(['data_processing']) retrieved from /opt/airflow/dags/data_processing.py
[2022-11-13T12:50:13.923+0000] {logging_mixin.py:120} INFO - [2022-11-13T12:50:13.923+0000] {dag.py:2585} INFO - Sync 1 DAGs
[2022-11-13T12:50:13.946+0000] {logging_mixin.py:120} INFO - [2022-11-13T12:50:13.946+0000] {dag.py:3340} INFO - Setting next_dagrun for data_processing to 2022-11-07T00:00:00+00:00, run_after=2022-11-08T00:00:00+00:00
[2022-11-13T12:50:13.966+0000] {processor.py:176} INFO - Processing /opt/airflow/dags/data_processing.py took 0.098 seconds
[2022-11-13T12:50:44.251+0000] {processor.py:154} INFO - Started process (PID=1482) to work on /opt/airflow/dags/data_processing.py
[2022-11-13T12:50:44.252+0000] {processor.py:756} INFO - Processing file /opt/airflow/dags/data_processing.py for tasks to queue
[2022-11-13T12:50:44.253+0000] {logging_mixin.py:120} INFO - [2022-11-13T12:50:44.252+0000] {dagbag.py:537} INFO - Filling up the DagBag from /opt/airflow/dags/data_processing.py
[2022-11-13T12:50:44.265+0000] {processor.py:766} INFO - DAG(s) dict_keys(['data_processing']) retrieved from /opt/airflow/dags/data_processing.py
[2022-11-13T12:50:44.302+0000] {logging_mixin.py:120} INFO - [2022-11-13T12:50:44.302+0000] {dag.py:2585} INFO - Sync 1 DAGs
[2022-11-13T12:50:44.326+0000] {logging_mixin.py:120} INFO - [2022-11-13T12:50:44.326+0000] {dag.py:3340} INFO - Setting next_dagrun for data_processing to 2022-11-07T00:00:00+00:00, run_after=2022-11-08T00:00:00+00:00
[2022-11-13T12:50:44.343+0000] {processor.py:176} INFO - Processing /opt/airflow/dags/data_processing.py took 0.096 seconds
[2022-11-13T12:51:14.625+0000] {processor.py:154} INFO - Started process (PID=1539) to work on /opt/airflow/dags/data_processing.py
[2022-11-13T12:51:14.626+0000] {processor.py:756} INFO - Processing file /opt/airflow/dags/data_processing.py for tasks to queue
[2022-11-13T12:51:14.627+0000] {logging_mixin.py:120} INFO - [2022-11-13T12:51:14.627+0000] {dagbag.py:537} INFO - Filling up the DagBag from /opt/airflow/dags/data_processing.py
[2022-11-13T12:51:14.643+0000] {processor.py:766} INFO - DAG(s) dict_keys(['data_processing']) retrieved from /opt/airflow/dags/data_processing.py
[2022-11-13T12:51:14.690+0000] {logging_mixin.py:120} INFO - [2022-11-13T12:51:14.690+0000] {dag.py:2585} INFO - Sync 1 DAGs
[2022-11-13T12:51:14.719+0000] {logging_mixin.py:120} INFO - [2022-11-13T12:51:14.719+0000] {dag.py:3340} INFO - Setting next_dagrun for data_processing to 2022-11-07T00:00:00+00:00, run_after=2022-11-08T00:00:00+00:00
[2022-11-13T12:51:14.740+0000] {processor.py:176} INFO - Processing /opt/airflow/dags/data_processing.py took 0.119 seconds
[2022-11-13T12:51:45.064+0000] {processor.py:154} INFO - Started process (PID=1589) to work on /opt/airflow/dags/data_processing.py
[2022-11-13T12:51:45.065+0000] {processor.py:756} INFO - Processing file /opt/airflow/dags/data_processing.py for tasks to queue
[2022-11-13T12:51:45.066+0000] {logging_mixin.py:120} INFO - [2022-11-13T12:51:45.066+0000] {dagbag.py:537} INFO - Filling up the DagBag from /opt/airflow/dags/data_processing.py
[2022-11-13T12:51:45.080+0000] {processor.py:766} INFO - DAG(s) dict_keys(['data_processing']) retrieved from /opt/airflow/dags/data_processing.py
[2022-11-13T12:51:45.143+0000] {logging_mixin.py:120} INFO - [2022-11-13T12:51:45.143+0000] {dag.py:2585} INFO - Sync 1 DAGs
[2022-11-13T12:51:45.168+0000] {logging_mixin.py:120} INFO - [2022-11-13T12:51:45.167+0000] {dag.py:3340} INFO - Setting next_dagrun for data_processing to 2022-11-07T00:00:00+00:00, run_after=2022-11-08T00:00:00+00:00
[2022-11-13T12:51:45.187+0000] {processor.py:176} INFO - Processing /opt/airflow/dags/data_processing.py took 0.127 seconds
[2022-11-13T12:52:15.572+0000] {processor.py:154} INFO - Started process (PID=1644) to work on /opt/airflow/dags/data_processing.py
[2022-11-13T12:52:15.572+0000] {processor.py:756} INFO - Processing file /opt/airflow/dags/data_processing.py for tasks to queue
[2022-11-13T12:52:15.573+0000] {logging_mixin.py:120} INFO - [2022-11-13T12:52:15.573+0000] {dagbag.py:537} INFO - Filling up the DagBag from /opt/airflow/dags/data_processing.py
[2022-11-13T12:52:15.589+0000] {processor.py:766} INFO - DAG(s) dict_keys(['data_processing']) retrieved from /opt/airflow/dags/data_processing.py
[2022-11-13T12:52:15.631+0000] {logging_mixin.py:120} INFO - [2022-11-13T12:52:15.631+0000] {dag.py:2585} INFO - Sync 1 DAGs
[2022-11-13T12:52:15.656+0000] {logging_mixin.py:120} INFO - [2022-11-13T12:52:15.655+0000] {dag.py:3340} INFO - Setting next_dagrun for data_processing to 2022-11-07T00:00:00+00:00, run_after=2022-11-08T00:00:00+00:00
[2022-11-13T12:52:15.679+0000] {processor.py:176} INFO - Processing /opt/airflow/dags/data_processing.py took 0.114 seconds
[2022-11-13T12:52:46.013+0000] {processor.py:154} INFO - Started process (PID=1701) to work on /opt/airflow/dags/data_processing.py
[2022-11-13T12:52:46.014+0000] {processor.py:756} INFO - Processing file /opt/airflow/dags/data_processing.py for tasks to queue
[2022-11-13T12:52:46.015+0000] {logging_mixin.py:120} INFO - [2022-11-13T12:52:46.015+0000] {dagbag.py:537} INFO - Filling up the DagBag from /opt/airflow/dags/data_processing.py
[2022-11-13T12:52:46.029+0000] {processor.py:766} INFO - DAG(s) dict_keys(['data_processing']) retrieved from /opt/airflow/dags/data_processing.py
[2022-11-13T12:52:46.078+0000] {logging_mixin.py:120} INFO - [2022-11-13T12:52:46.078+0000] {dag.py:2585} INFO - Sync 1 DAGs
[2022-11-13T12:52:46.109+0000] {logging_mixin.py:120} INFO - [2022-11-13T12:52:46.108+0000] {dag.py:3340} INFO - Setting next_dagrun for data_processing to 2022-11-07T00:00:00+00:00, run_after=2022-11-08T00:00:00+00:00
[2022-11-13T12:52:46.126+0000] {processor.py:176} INFO - Processing /opt/airflow/dags/data_processing.py took 0.117 seconds
[2022-11-13T12:53:16.594+0000] {processor.py:154} INFO - Started process (PID=1825) to work on /opt/airflow/dags/data_processing.py
[2022-11-13T12:53:16.598+0000] {processor.py:756} INFO - Processing file /opt/airflow/dags/data_processing.py for tasks to queue
[2022-11-13T12:53:16.603+0000] {logging_mixin.py:120} INFO - [2022-11-13T12:53:16.602+0000] {dagbag.py:537} INFO - Filling up the DagBag from /opt/airflow/dags/data_processing.py
[2022-11-13T12:53:16.656+0000] {processor.py:766} INFO - DAG(s) dict_keys(['data_processing']) retrieved from /opt/airflow/dags/data_processing.py
[2022-11-13T12:53:16.767+0000] {logging_mixin.py:120} INFO - [2022-11-13T12:53:16.766+0000] {dag.py:2585} INFO - Sync 1 DAGs
[2022-11-13T12:53:16.793+0000] {logging_mixin.py:120} INFO - [2022-11-13T12:53:16.793+0000] {dag.py:3340} INFO - Setting next_dagrun for data_processing to 2022-11-07T00:00:00+00:00, run_after=2022-11-08T00:00:00+00:00
[2022-11-13T12:53:16.830+0000] {processor.py:176} INFO - Processing /opt/airflow/dags/data_processing.py took 0.250 seconds
[2022-11-13T12:53:47.544+0000] {processor.py:154} INFO - Started process (PID=1982) to work on /opt/airflow/dags/data_processing.py
[2022-11-13T12:53:47.545+0000] {processor.py:756} INFO - Processing file /opt/airflow/dags/data_processing.py for tasks to queue
[2022-11-13T12:53:47.546+0000] {logging_mixin.py:120} INFO - [2022-11-13T12:53:47.546+0000] {dagbag.py:537} INFO - Filling up the DagBag from /opt/airflow/dags/data_processing.py
[2022-11-13T12:53:47.563+0000] {processor.py:766} INFO - DAG(s) dict_keys(['data_processing']) retrieved from /opt/airflow/dags/data_processing.py
[2022-11-13T12:53:47.605+0000] {logging_mixin.py:120} INFO - [2022-11-13T12:53:47.605+0000] {dag.py:2585} INFO - Sync 1 DAGs
[2022-11-13T12:53:47.635+0000] {logging_mixin.py:120} INFO - [2022-11-13T12:53:47.635+0000] {dag.py:3340} INFO - Setting next_dagrun for data_processing to 2022-11-07T00:00:00+00:00, run_after=2022-11-08T00:00:00+00:00
[2022-11-13T12:53:47.668+0000] {processor.py:176} INFO - Processing /opt/airflow/dags/data_processing.py took 0.127 seconds
[2022-11-13T12:54:18.451+0000] {processor.py:154} INFO - Started process (PID=2186) to work on /opt/airflow/dags/data_processing.py
[2022-11-13T12:54:18.452+0000] {processor.py:756} INFO - Processing file /opt/airflow/dags/data_processing.py for tasks to queue
[2022-11-13T12:54:18.453+0000] {logging_mixin.py:120} INFO - [2022-11-13T12:54:18.453+0000] {dagbag.py:537} INFO - Filling up the DagBag from /opt/airflow/dags/data_processing.py
[2022-11-13T12:54:18.473+0000] {processor.py:766} INFO - DAG(s) dict_keys(['data_processing']) retrieved from /opt/airflow/dags/data_processing.py
[2022-11-13T12:54:18.529+0000] {logging_mixin.py:120} INFO - [2022-11-13T12:54:18.529+0000] {dag.py:2585} INFO - Sync 1 DAGs
[2022-11-13T12:54:18.567+0000] {logging_mixin.py:120} INFO - [2022-11-13T12:54:18.567+0000] {dag.py:3340} INFO - Setting next_dagrun for data_processing to 2022-11-07T00:00:00+00:00, run_after=2022-11-08T00:00:00+00:00
[2022-11-13T12:54:18.596+0000] {processor.py:176} INFO - Processing /opt/airflow/dags/data_processing.py took 0.152 seconds
[2022-11-13T12:54:48.992+0000] {processor.py:154} INFO - Started process (PID=2249) to work on /opt/airflow/dags/data_processing.py
[2022-11-13T12:54:48.993+0000] {processor.py:756} INFO - Processing file /opt/airflow/dags/data_processing.py for tasks to queue
[2022-11-13T12:54:48.994+0000] {logging_mixin.py:120} INFO - [2022-11-13T12:54:48.993+0000] {dagbag.py:537} INFO - Filling up the DagBag from /opt/airflow/dags/data_processing.py
[2022-11-13T12:54:49.009+0000] {processor.py:766} INFO - DAG(s) dict_keys(['data_processing']) retrieved from /opt/airflow/dags/data_processing.py
[2022-11-13T12:54:49.059+0000] {logging_mixin.py:120} INFO - [2022-11-13T12:54:49.059+0000] {dag.py:2585} INFO - Sync 1 DAGs
[2022-11-13T12:54:49.146+0000] {logging_mixin.py:120} INFO - [2022-11-13T12:54:49.145+0000] {dag.py:3340} INFO - Setting next_dagrun for data_processing to 2022-11-07T00:00:00+00:00, run_after=2022-11-08T00:00:00+00:00
[2022-11-13T12:54:49.212+0000] {processor.py:176} INFO - Processing /opt/airflow/dags/data_processing.py took 0.223 seconds
