[2022-11-13T12:48:31.527+0000] {processor.py:154} INFO - Started process (PID=1234) to work on /opt/airflow/dags/extr_processing_augmentation.py
[2022-11-13T12:48:31.528+0000] {processor.py:756} INFO - Processing file /opt/airflow/dags/extr_processing_augmentation.py for tasks to queue
[2022-11-13T12:48:31.528+0000] {logging_mixin.py:120} INFO - [2022-11-13T12:48:31.528+0000] {dagbag.py:537} INFO - Filling up the DagBag from /opt/airflow/dags/extr_processing_augmentation.py
[2022-11-13T12:48:31.543+0000] {processor.py:766} INFO - DAG(s) dict_keys(['text_processing']) retrieved from /opt/airflow/dags/extr_processing_augmentation.py
[2022-11-13T12:48:31.655+0000] {logging_mixin.py:120} INFO - [2022-11-13T12:48:31.655+0000] {dag.py:2585} INFO - Sync 1 DAGs
[2022-11-13T12:48:31.676+0000] {logging_mixin.py:120} INFO - [2022-11-13T12:48:31.676+0000] {dag.py:3340} INFO - Setting next_dagrun for text_processing to 2022-11-12T00:00:00+00:00, run_after=2022-11-13T00:00:00+00:00
[2022-11-13T12:48:31.698+0000] {processor.py:176} INFO - Processing /opt/airflow/dags/extr_processing_augmentation.py took 0.174 seconds
[2022-11-13T12:49:01.931+0000] {processor.py:154} INFO - Started process (PID=1291) to work on /opt/airflow/dags/extr_processing_augmentation.py
[2022-11-13T12:49:01.933+0000] {processor.py:756} INFO - Processing file /opt/airflow/dags/extr_processing_augmentation.py for tasks to queue
[2022-11-13T12:49:01.934+0000] {logging_mixin.py:120} INFO - [2022-11-13T12:49:01.933+0000] {dagbag.py:537} INFO - Filling up the DagBag from /opt/airflow/dags/extr_processing_augmentation.py
[2022-11-13T12:49:01.950+0000] {processor.py:766} INFO - DAG(s) dict_keys(['text_processing']) retrieved from /opt/airflow/dags/extr_processing_augmentation.py
[2022-11-13T12:49:01.993+0000] {logging_mixin.py:120} INFO - [2022-11-13T12:49:01.993+0000] {dag.py:2585} INFO - Sync 1 DAGs
[2022-11-13T12:49:02.017+0000] {logging_mixin.py:120} INFO - [2022-11-13T12:49:02.017+0000] {dag.py:3340} INFO - Setting next_dagrun for text_processing to 2022-11-12T00:00:00+00:00, run_after=2022-11-13T00:00:00+00:00
[2022-11-13T12:49:02.033+0000] {processor.py:176} INFO - Processing /opt/airflow/dags/extr_processing_augmentation.py took 0.105 seconds
[2022-11-13T12:49:32.313+0000] {processor.py:154} INFO - Started process (PID=1348) to work on /opt/airflow/dags/extr_processing_augmentation.py
[2022-11-13T12:49:32.313+0000] {processor.py:756} INFO - Processing file /opt/airflow/dags/extr_processing_augmentation.py for tasks to queue
[2022-11-13T12:49:32.314+0000] {logging_mixin.py:120} INFO - [2022-11-13T12:49:32.314+0000] {dagbag.py:537} INFO - Filling up the DagBag from /opt/airflow/dags/extr_processing_augmentation.py
[2022-11-13T12:49:32.327+0000] {processor.py:766} INFO - DAG(s) dict_keys(['text_processing']) retrieved from /opt/airflow/dags/extr_processing_augmentation.py
[2022-11-13T12:49:32.371+0000] {logging_mixin.py:120} INFO - [2022-11-13T12:49:32.371+0000] {dag.py:2585} INFO - Sync 1 DAGs
[2022-11-13T12:49:32.394+0000] {logging_mixin.py:120} INFO - [2022-11-13T12:49:32.394+0000] {dag.py:3340} INFO - Setting next_dagrun for text_processing to 2022-11-12T00:00:00+00:00, run_after=2022-11-13T00:00:00+00:00
[2022-11-13T12:49:32.410+0000] {processor.py:176} INFO - Processing /opt/airflow/dags/extr_processing_augmentation.py took 0.100 seconds
[2022-11-13T12:50:02.699+0000] {processor.py:154} INFO - Started process (PID=1396) to work on /opt/airflow/dags/extr_processing_augmentation.py
[2022-11-13T12:50:02.700+0000] {processor.py:756} INFO - Processing file /opt/airflow/dags/extr_processing_augmentation.py for tasks to queue
[2022-11-13T12:50:02.701+0000] {logging_mixin.py:120} INFO - [2022-11-13T12:50:02.701+0000] {dagbag.py:537} INFO - Filling up the DagBag from /opt/airflow/dags/extr_processing_augmentation.py
[2022-11-13T12:50:02.714+0000] {processor.py:766} INFO - DAG(s) dict_keys(['text_processing']) retrieved from /opt/airflow/dags/extr_processing_augmentation.py
[2022-11-13T12:50:02.750+0000] {logging_mixin.py:120} INFO - [2022-11-13T12:50:02.750+0000] {dag.py:2585} INFO - Sync 1 DAGs
[2022-11-13T12:50:02.775+0000] {logging_mixin.py:120} INFO - [2022-11-13T12:50:02.774+0000] {dag.py:3340} INFO - Setting next_dagrun for text_processing to 2022-11-12T00:00:00+00:00, run_after=2022-11-13T00:00:00+00:00
[2022-11-13T12:50:02.793+0000] {processor.py:176} INFO - Processing /opt/airflow/dags/extr_processing_augmentation.py took 0.096 seconds
[2022-11-13T12:50:33.069+0000] {processor.py:154} INFO - Started process (PID=1453) to work on /opt/airflow/dags/extr_processing_augmentation.py
[2022-11-13T12:50:33.070+0000] {processor.py:756} INFO - Processing file /opt/airflow/dags/extr_processing_augmentation.py for tasks to queue
[2022-11-13T12:50:33.070+0000] {logging_mixin.py:120} INFO - [2022-11-13T12:50:33.070+0000] {dagbag.py:537} INFO - Filling up the DagBag from /opt/airflow/dags/extr_processing_augmentation.py
[2022-11-13T12:50:33.085+0000] {processor.py:766} INFO - DAG(s) dict_keys(['text_processing']) retrieved from /opt/airflow/dags/extr_processing_augmentation.py
[2022-11-13T12:50:33.120+0000] {logging_mixin.py:120} INFO - [2022-11-13T12:50:33.120+0000] {dag.py:2585} INFO - Sync 1 DAGs
[2022-11-13T12:50:33.143+0000] {logging_mixin.py:120} INFO - [2022-11-13T12:50:33.143+0000] {dag.py:3340} INFO - Setting next_dagrun for text_processing to 2022-11-12T00:00:00+00:00, run_after=2022-11-13T00:00:00+00:00
[2022-11-13T12:50:33.171+0000] {processor.py:176} INFO - Processing /opt/airflow/dags/extr_processing_augmentation.py took 0.105 seconds
[2022-11-13T12:51:03.438+0000] {processor.py:154} INFO - Started process (PID=1510) to work on /opt/airflow/dags/extr_processing_augmentation.py
[2022-11-13T12:51:03.439+0000] {processor.py:756} INFO - Processing file /opt/airflow/dags/extr_processing_augmentation.py for tasks to queue
[2022-11-13T12:51:03.440+0000] {logging_mixin.py:120} INFO - [2022-11-13T12:51:03.440+0000] {dagbag.py:537} INFO - Filling up the DagBag from /opt/airflow/dags/extr_processing_augmentation.py
[2022-11-13T12:51:03.453+0000] {processor.py:766} INFO - DAG(s) dict_keys(['text_processing']) retrieved from /opt/airflow/dags/extr_processing_augmentation.py
[2022-11-13T12:51:03.487+0000] {logging_mixin.py:120} INFO - [2022-11-13T12:51:03.487+0000] {dag.py:2585} INFO - Sync 1 DAGs
[2022-11-13T12:51:03.511+0000] {logging_mixin.py:120} INFO - [2022-11-13T12:51:03.511+0000] {dag.py:3340} INFO - Setting next_dagrun for text_processing to 2022-11-12T00:00:00+00:00, run_after=2022-11-13T00:00:00+00:00
[2022-11-13T12:51:03.528+0000] {processor.py:176} INFO - Processing /opt/airflow/dags/extr_processing_augmentation.py took 0.092 seconds
[2022-11-13T12:51:32.843+0000] {processor.py:154} INFO - Started process (PID=1558) to work on /opt/airflow/dags/extr_processing_augmentation.py
[2022-11-13T12:51:32.843+0000] {processor.py:756} INFO - Processing file /opt/airflow/dags/extr_processing_augmentation.py for tasks to queue
[2022-11-13T12:51:32.844+0000] {logging_mixin.py:120} INFO - [2022-11-13T12:51:32.844+0000] {dagbag.py:537} INFO - Filling up the DagBag from /opt/airflow/dags/extr_processing_augmentation.py
[2022-11-13T12:51:32.860+0000] {processor.py:766} INFO - DAG(s) dict_keys(['text_processing']) retrieved from /opt/airflow/dags/extr_processing_augmentation.py
[2022-11-13T12:51:32.936+0000] {logging_mixin.py:120} INFO - [2022-11-13T12:51:32.936+0000] {dag.py:2585} INFO - Sync 1 DAGs
[2022-11-13T12:51:32.956+0000] {logging_mixin.py:120} INFO - [2022-11-13T12:51:32.956+0000] {dag.py:3340} INFO - Setting next_dagrun for text_processing to 2022-11-12T00:00:00+00:00, run_after=2022-11-13T00:00:00+00:00
[2022-11-13T12:51:32.974+0000] {processor.py:176} INFO - Processing /opt/airflow/dags/extr_processing_augmentation.py took 0.134 seconds
[2022-11-13T12:52:03.353+0000] {processor.py:154} INFO - Started process (PID=1615) to work on /opt/airflow/dags/extr_processing_augmentation.py
[2022-11-13T12:52:03.354+0000] {processor.py:756} INFO - Processing file /opt/airflow/dags/extr_processing_augmentation.py for tasks to queue
[2022-11-13T12:52:03.354+0000] {logging_mixin.py:120} INFO - [2022-11-13T12:52:03.354+0000] {dagbag.py:537} INFO - Filling up the DagBag from /opt/airflow/dags/extr_processing_augmentation.py
[2022-11-13T12:52:03.369+0000] {processor.py:766} INFO - DAG(s) dict_keys(['text_processing']) retrieved from /opt/airflow/dags/extr_processing_augmentation.py
[2022-11-13T12:52:03.410+0000] {logging_mixin.py:120} INFO - [2022-11-13T12:52:03.410+0000] {dag.py:2585} INFO - Sync 1 DAGs
[2022-11-13T12:52:03.434+0000] {logging_mixin.py:120} INFO - [2022-11-13T12:52:03.434+0000] {dag.py:3340} INFO - Setting next_dagrun for text_processing to 2022-11-12T00:00:00+00:00, run_after=2022-11-13T00:00:00+00:00
[2022-11-13T12:52:03.452+0000] {processor.py:176} INFO - Processing /opt/airflow/dags/extr_processing_augmentation.py took 0.101 seconds
[2022-11-13T12:52:33.788+0000] {processor.py:154} INFO - Started process (PID=1672) to work on /opt/airflow/dags/extr_processing_augmentation.py
[2022-11-13T12:52:33.789+0000] {processor.py:756} INFO - Processing file /opt/airflow/dags/extr_processing_augmentation.py for tasks to queue
[2022-11-13T12:52:33.790+0000] {logging_mixin.py:120} INFO - [2022-11-13T12:52:33.790+0000] {dagbag.py:537} INFO - Filling up the DagBag from /opt/airflow/dags/extr_processing_augmentation.py
[2022-11-13T12:52:33.816+0000] {processor.py:766} INFO - DAG(s) dict_keys(['text_processing']) retrieved from /opt/airflow/dags/extr_processing_augmentation.py
[2022-11-13T12:52:33.887+0000] {logging_mixin.py:120} INFO - [2022-11-13T12:52:33.887+0000] {dag.py:2585} INFO - Sync 1 DAGs
[2022-11-13T12:52:33.936+0000] {logging_mixin.py:120} INFO - [2022-11-13T12:52:33.936+0000] {dag.py:3340} INFO - Setting next_dagrun for text_processing to 2022-11-12T00:00:00+00:00, run_after=2022-11-13T00:00:00+00:00
[2022-11-13T12:52:33.978+0000] {processor.py:176} INFO - Processing /opt/airflow/dags/extr_processing_augmentation.py took 0.194 seconds
[2022-11-13T12:52:47.166+0000] {processor.py:154} INFO - Started process (PID=1711) to work on /opt/airflow/dags/extr_processing_augmentation.py
[2022-11-13T12:52:47.167+0000] {processor.py:756} INFO - Processing file /opt/airflow/dags/extr_processing_augmentation.py for tasks to queue
[2022-11-13T12:52:47.168+0000] {logging_mixin.py:120} INFO - [2022-11-13T12:52:47.168+0000] {dagbag.py:537} INFO - Filling up the DagBag from /opt/airflow/dags/extr_processing_augmentation.py
[2022-11-13T12:52:47.210+0000] {processor.py:766} INFO - DAG(s) dict_keys(['extr_proc_aug_pipl']) retrieved from /opt/airflow/dags/extr_processing_augmentation.py
[2022-11-13T12:52:47.567+0000] {logging_mixin.py:120} INFO - [2022-11-13T12:52:47.567+0000] {manager.py:507} INFO - Created Permission View: can read on DAG:extr_proc_aug_pipl
[2022-11-13T12:52:47.585+0000] {logging_mixin.py:120} INFO - [2022-11-13T12:52:47.585+0000] {manager.py:507} INFO - Created Permission View: can delete on DAG:extr_proc_aug_pipl
[2022-11-13T12:52:47.601+0000] {logging_mixin.py:120} INFO - [2022-11-13T12:52:47.601+0000] {manager.py:507} INFO - Created Permission View: can edit on DAG:extr_proc_aug_pipl
[2022-11-13T12:52:47.602+0000] {logging_mixin.py:120} INFO - [2022-11-13T12:52:47.602+0000] {dag.py:2585} INFO - Sync 1 DAGs
[2022-11-13T12:52:47.626+0000] {logging_mixin.py:120} INFO - [2022-11-13T12:52:47.625+0000] {dag.py:2606} INFO - Creating ORM DAG for extr_proc_aug_pipl
[2022-11-13T12:52:47.643+0000] {logging_mixin.py:120} INFO - [2022-11-13T12:52:47.643+0000] {dag.py:3340} INFO - Setting next_dagrun for extr_proc_aug_pipl to 2022-10-30T00:00:00+00:00, run_after=2022-10-31T00:00:00+00:00
[2022-11-13T12:52:47.688+0000] {processor.py:176} INFO - Processing /opt/airflow/dags/extr_processing_augmentation.py took 0.525 seconds
[2022-11-13T12:53:17.911+0000] {processor.py:154} INFO - Started process (PID=1854) to work on /opt/airflow/dags/extr_processing_augmentation.py
[2022-11-13T12:53:17.912+0000] {processor.py:756} INFO - Processing file /opt/airflow/dags/extr_processing_augmentation.py for tasks to queue
[2022-11-13T12:53:17.913+0000] {logging_mixin.py:120} INFO - [2022-11-13T12:53:17.913+0000] {dagbag.py:537} INFO - Filling up the DagBag from /opt/airflow/dags/extr_processing_augmentation.py
[2022-11-13T12:53:17.931+0000] {processor.py:766} INFO - DAG(s) dict_keys(['extr_proc_aug_pipl']) retrieved from /opt/airflow/dags/extr_processing_augmentation.py
[2022-11-13T12:53:17.976+0000] {logging_mixin.py:120} INFO - [2022-11-13T12:53:17.976+0000] {dag.py:2585} INFO - Sync 1 DAGs
[2022-11-13T12:53:18.006+0000] {logging_mixin.py:120} INFO - [2022-11-13T12:53:18.006+0000] {dag.py:3340} INFO - Setting next_dagrun for extr_proc_aug_pipl to 2022-11-13T00:00:00+00:00, run_after=2022-11-14T00:00:00+00:00
[2022-11-13T12:53:18.053+0000] {processor.py:176} INFO - Processing /opt/airflow/dags/extr_processing_augmentation.py took 0.146 seconds
[2022-11-13T12:53:24.943+0000] {processor.py:154} INFO - Started process (PID=1919) to work on /opt/airflow/dags/extr_processing_augmentation.py
[2022-11-13T12:53:24.944+0000] {processor.py:756} INFO - Processing file /opt/airflow/dags/extr_processing_augmentation.py for tasks to queue
[2022-11-13T12:53:24.944+0000] {logging_mixin.py:120} INFO - [2022-11-13T12:53:24.944+0000] {dagbag.py:537} INFO - Filling up the DagBag from /opt/airflow/dags/extr_processing_augmentation.py
[2022-11-13T12:53:24.967+0000] {processor.py:766} INFO - DAG(s) dict_keys(['extr_proc_aug_pipl']) retrieved from /opt/airflow/dags/extr_processing_augmentation.py
[2022-11-13T12:53:25.023+0000] {logging_mixin.py:120} INFO - [2022-11-13T12:53:25.023+0000] {dag.py:2585} INFO - Sync 1 DAGs
[2022-11-13T12:53:25.058+0000] {logging_mixin.py:120} INFO - [2022-11-13T12:53:25.058+0000] {dag.py:3340} INFO - Setting next_dagrun for extr_proc_aug_pipl to 2022-11-13T00:00:00+00:00, run_after=2022-11-14T00:00:00+00:00
[2022-11-13T12:53:25.091+0000] {processor.py:176} INFO - Processing /opt/airflow/dags/extr_processing_augmentation.py took 0.152 seconds
[2022-11-13T12:53:55.818+0000] {processor.py:154} INFO - Started process (PID=2048) to work on /opt/airflow/dags/extr_processing_augmentation.py
[2022-11-13T12:53:55.820+0000] {processor.py:756} INFO - Processing file /opt/airflow/dags/extr_processing_augmentation.py for tasks to queue
[2022-11-13T12:53:55.821+0000] {logging_mixin.py:120} INFO - [2022-11-13T12:53:55.821+0000] {dagbag.py:537} INFO - Filling up the DagBag from /opt/airflow/dags/extr_processing_augmentation.py
[2022-11-13T12:53:55.841+0000] {processor.py:766} INFO - DAG(s) dict_keys(['extr_proc_aug_pipl']) retrieved from /opt/airflow/dags/extr_processing_augmentation.py
[2022-11-13T12:53:55.890+0000] {logging_mixin.py:120} INFO - [2022-11-13T12:53:55.890+0000] {dag.py:2585} INFO - Sync 1 DAGs
[2022-11-13T12:53:55.921+0000] {logging_mixin.py:120} INFO - [2022-11-13T12:53:55.920+0000] {dag.py:3340} INFO - Setting next_dagrun for extr_proc_aug_pipl to 2022-11-13T00:00:00+00:00, run_after=2022-11-14T00:00:00+00:00
[2022-11-13T12:53:55.947+0000] {processor.py:176} INFO - Processing /opt/airflow/dags/extr_processing_augmentation.py took 0.138 seconds
[2022-11-13T12:54:26.681+0000] {processor.py:154} INFO - Started process (PID=2213) to work on /opt/airflow/dags/extr_processing_augmentation.py
[2022-11-13T12:54:26.682+0000] {processor.py:756} INFO - Processing file /opt/airflow/dags/extr_processing_augmentation.py for tasks to queue
[2022-11-13T12:54:26.682+0000] {logging_mixin.py:120} INFO - [2022-11-13T12:54:26.682+0000] {dagbag.py:537} INFO - Filling up the DagBag from /opt/airflow/dags/extr_processing_augmentation.py
[2022-11-13T12:54:26.697+0000] {processor.py:766} INFO - DAG(s) dict_keys(['extr_proc_aug_pipl']) retrieved from /opt/airflow/dags/extr_processing_augmentation.py
[2022-11-13T12:54:26.738+0000] {logging_mixin.py:120} INFO - [2022-11-13T12:54:26.738+0000] {dag.py:2585} INFO - Sync 1 DAGs
[2022-11-13T12:54:26.763+0000] {logging_mixin.py:120} INFO - [2022-11-13T12:54:26.763+0000] {dag.py:3340} INFO - Setting next_dagrun for extr_proc_aug_pipl to 2022-11-13T00:00:00+00:00, run_after=2022-11-14T00:00:00+00:00
[2022-11-13T12:54:26.780+0000] {processor.py:176} INFO - Processing /opt/airflow/dags/extr_processing_augmentation.py took 0.104 seconds
[2022-11-13T12:54:57.308+0000] {processor.py:154} INFO - Started process (PID=2261) to work on /opt/airflow/dags/extr_processing_augmentation.py
[2022-11-13T12:54:57.309+0000] {processor.py:756} INFO - Processing file /opt/airflow/dags/extr_processing_augmentation.py for tasks to queue
[2022-11-13T12:54:57.310+0000] {logging_mixin.py:120} INFO - [2022-11-13T12:54:57.310+0000] {dagbag.py:537} INFO - Filling up the DagBag from /opt/airflow/dags/extr_processing_augmentation.py
[2022-11-13T12:54:57.324+0000] {processor.py:766} INFO - DAG(s) dict_keys(['extr_proc_aug_pipl']) retrieved from /opt/airflow/dags/extr_processing_augmentation.py
[2022-11-13T12:54:57.402+0000] {logging_mixin.py:120} INFO - [2022-11-13T12:54:57.402+0000] {dag.py:2585} INFO - Sync 1 DAGs
[2022-11-13T12:54:57.485+0000] {logging_mixin.py:120} INFO - [2022-11-13T12:54:57.485+0000] {dag.py:3340} INFO - Setting next_dagrun for extr_proc_aug_pipl to 2022-11-13T00:00:00+00:00, run_after=2022-11-14T00:00:00+00:00
[2022-11-13T12:54:57.547+0000] {processor.py:176} INFO - Processing /opt/airflow/dags/extr_processing_augmentation.py took 0.243 seconds
