[2022-11-13T12:38:30.956+0000] {processor.py:154} INFO - Started process (PID=174) to work on /opt/airflow/dags/parsing.py
[2022-11-13T12:38:30.963+0000] {processor.py:756} INFO - Processing file /opt/airflow/dags/parsing.py for tasks to queue
[2022-11-13T12:38:30.964+0000] {logging_mixin.py:120} INFO - [2022-11-13T12:38:30.964+0000] {dagbag.py:537} INFO - Filling up the DagBag from /opt/airflow/dags/parsing.py
[2022-11-13T12:38:31.077+0000] {processor.py:766} INFO - DAG(s) dict_keys(['parsing']) retrieved from /opt/airflow/dags/parsing.py
[2022-11-13T12:38:31.642+0000] {logging_mixin.py:120} INFO - [2022-11-13T12:38:31.642+0000] {dag.py:2585} INFO - Sync 1 DAGs
[2022-11-13T12:38:31.675+0000] {logging_mixin.py:120} INFO - [2022-11-13T12:38:31.675+0000] {dag.py:3340} INFO - Setting next_dagrun for parsing to 2022-11-08T00:00:00+00:00, run_after=2022-11-09T00:00:00+00:00
[2022-11-13T12:38:31.702+0000] {processor.py:176} INFO - Processing /opt/airflow/dags/parsing.py took 0.756 seconds
[2022-11-13T12:39:01.803+0000] {processor.py:154} INFO - Started process (PID=232) to work on /opt/airflow/dags/parsing.py
[2022-11-13T12:39:01.805+0000] {processor.py:756} INFO - Processing file /opt/airflow/dags/parsing.py for tasks to queue
[2022-11-13T12:39:01.806+0000] {logging_mixin.py:120} INFO - [2022-11-13T12:39:01.806+0000] {dagbag.py:537} INFO - Filling up the DagBag from /opt/airflow/dags/parsing.py
[2022-11-13T12:39:02.370+0000] {processor.py:766} INFO - DAG(s) dict_keys(['parsing']) retrieved from /opt/airflow/dags/parsing.py
[2022-11-13T12:39:02.569+0000] {logging_mixin.py:120} INFO - [2022-11-13T12:39:02.569+0000] {dag.py:2585} INFO - Sync 1 DAGs
[2022-11-13T12:39:02.616+0000] {logging_mixin.py:120} INFO - [2022-11-13T12:39:02.616+0000] {dag.py:3340} INFO - Setting next_dagrun for parsing to 2022-11-08T00:00:00+00:00, run_after=2022-11-09T00:00:00+00:00
[2022-11-13T12:39:02.717+0000] {processor.py:176} INFO - Processing /opt/airflow/dags/parsing.py took 0.919 seconds
[2022-11-13T12:39:33.218+0000] {processor.py:154} INFO - Started process (PID=290) to work on /opt/airflow/dags/parsing.py
[2022-11-13T12:39:33.218+0000] {processor.py:756} INFO - Processing file /opt/airflow/dags/parsing.py for tasks to queue
[2022-11-13T12:39:33.219+0000] {logging_mixin.py:120} INFO - [2022-11-13T12:39:33.219+0000] {dagbag.py:537} INFO - Filling up the DagBag from /opt/airflow/dags/parsing.py
[2022-11-13T12:39:33.252+0000] {processor.py:766} INFO - DAG(s) dict_keys(['parsing']) retrieved from /opt/airflow/dags/parsing.py
[2022-11-13T12:39:33.306+0000] {logging_mixin.py:120} INFO - [2022-11-13T12:39:33.306+0000] {dag.py:2585} INFO - Sync 1 DAGs
[2022-11-13T12:39:33.337+0000] {logging_mixin.py:120} INFO - [2022-11-13T12:39:33.337+0000] {dag.py:3340} INFO - Setting next_dagrun for parsing to 2022-11-08T00:00:00+00:00, run_after=2022-11-09T00:00:00+00:00
[2022-11-13T12:39:33.369+0000] {processor.py:176} INFO - Processing /opt/airflow/dags/parsing.py took 0.155 seconds
[2022-11-13T12:40:03.846+0000] {processor.py:154} INFO - Started process (PID=338) to work on /opt/airflow/dags/parsing.py
[2022-11-13T12:40:03.847+0000] {processor.py:756} INFO - Processing file /opt/airflow/dags/parsing.py for tasks to queue
[2022-11-13T12:40:03.848+0000] {logging_mixin.py:120} INFO - [2022-11-13T12:40:03.848+0000] {dagbag.py:537} INFO - Filling up the DagBag from /opt/airflow/dags/parsing.py
[2022-11-13T12:40:03.863+0000] {processor.py:766} INFO - DAG(s) dict_keys(['parsing']) retrieved from /opt/airflow/dags/parsing.py
[2022-11-13T12:40:03.902+0000] {logging_mixin.py:120} INFO - [2022-11-13T12:40:03.902+0000] {dag.py:2585} INFO - Sync 1 DAGs
[2022-11-13T12:40:03.927+0000] {logging_mixin.py:120} INFO - [2022-11-13T12:40:03.927+0000] {dag.py:3340} INFO - Setting next_dagrun for parsing to 2022-11-08T00:00:00+00:00, run_after=2022-11-09T00:00:00+00:00
[2022-11-13T12:40:03.946+0000] {processor.py:176} INFO - Processing /opt/airflow/dags/parsing.py took 0.104 seconds
[2022-11-13T12:40:34.229+0000] {processor.py:154} INFO - Started process (PID=395) to work on /opt/airflow/dags/parsing.py
[2022-11-13T12:40:34.231+0000] {processor.py:756} INFO - Processing file /opt/airflow/dags/parsing.py for tasks to queue
[2022-11-13T12:40:34.231+0000] {logging_mixin.py:120} INFO - [2022-11-13T12:40:34.231+0000] {dagbag.py:537} INFO - Filling up the DagBag from /opt/airflow/dags/parsing.py
[2022-11-13T12:40:34.250+0000] {processor.py:766} INFO - DAG(s) dict_keys(['parsing']) retrieved from /opt/airflow/dags/parsing.py
[2022-11-13T12:40:34.290+0000] {logging_mixin.py:120} INFO - [2022-11-13T12:40:34.290+0000] {dag.py:2585} INFO - Sync 1 DAGs
[2022-11-13T12:40:34.316+0000] {logging_mixin.py:120} INFO - [2022-11-13T12:40:34.316+0000] {dag.py:3340} INFO - Setting next_dagrun for parsing to 2022-11-08T00:00:00+00:00, run_after=2022-11-09T00:00:00+00:00
[2022-11-13T12:40:34.339+0000] {processor.py:176} INFO - Processing /opt/airflow/dags/parsing.py took 0.113 seconds
[2022-11-13T12:41:04.510+0000] {processor.py:154} INFO - Started process (PID=452) to work on /opt/airflow/dags/parsing.py
[2022-11-13T12:41:04.511+0000] {processor.py:756} INFO - Processing file /opt/airflow/dags/parsing.py for tasks to queue
[2022-11-13T12:41:04.512+0000] {logging_mixin.py:120} INFO - [2022-11-13T12:41:04.512+0000] {dagbag.py:537} INFO - Filling up the DagBag from /opt/airflow/dags/parsing.py
[2022-11-13T12:41:04.526+0000] {processor.py:766} INFO - DAG(s) dict_keys(['parsing']) retrieved from /opt/airflow/dags/parsing.py
[2022-11-13T12:41:04.566+0000] {logging_mixin.py:120} INFO - [2022-11-13T12:41:04.566+0000] {dag.py:2585} INFO - Sync 1 DAGs
[2022-11-13T12:41:04.591+0000] {logging_mixin.py:120} INFO - [2022-11-13T12:41:04.591+0000] {dag.py:3340} INFO - Setting next_dagrun for parsing to 2022-11-08T00:00:00+00:00, run_after=2022-11-09T00:00:00+00:00
[2022-11-13T12:41:04.612+0000] {processor.py:176} INFO - Processing /opt/airflow/dags/parsing.py took 0.106 seconds
[2022-11-13T12:41:35.075+0000] {processor.py:154} INFO - Started process (PID=499) to work on /opt/airflow/dags/parsing.py
[2022-11-13T12:41:35.076+0000] {processor.py:756} INFO - Processing file /opt/airflow/dags/parsing.py for tasks to queue
[2022-11-13T12:41:35.077+0000] {logging_mixin.py:120} INFO - [2022-11-13T12:41:35.077+0000] {dagbag.py:537} INFO - Filling up the DagBag from /opt/airflow/dags/parsing.py
[2022-11-13T12:41:35.091+0000] {processor.py:766} INFO - DAG(s) dict_keys(['parsing']) retrieved from /opt/airflow/dags/parsing.py
[2022-11-13T12:41:35.133+0000] {logging_mixin.py:120} INFO - [2022-11-13T12:41:35.133+0000] {dag.py:2585} INFO - Sync 1 DAGs
[2022-11-13T12:41:35.167+0000] {logging_mixin.py:120} INFO - [2022-11-13T12:41:35.167+0000] {dag.py:3340} INFO - Setting next_dagrun for parsing to 2022-11-08T00:00:00+00:00, run_after=2022-11-09T00:00:00+00:00
[2022-11-13T12:41:35.189+0000] {processor.py:176} INFO - Processing /opt/airflow/dags/parsing.py took 0.117 seconds
[2022-11-13T12:42:05.588+0000] {processor.py:154} INFO - Started process (PID=556) to work on /opt/airflow/dags/parsing.py
[2022-11-13T12:42:05.589+0000] {processor.py:756} INFO - Processing file /opt/airflow/dags/parsing.py for tasks to queue
[2022-11-13T12:42:05.589+0000] {logging_mixin.py:120} INFO - [2022-11-13T12:42:05.589+0000] {dagbag.py:537} INFO - Filling up the DagBag from /opt/airflow/dags/parsing.py
[2022-11-13T12:42:05.610+0000] {processor.py:766} INFO - DAG(s) dict_keys(['parsing']) retrieved from /opt/airflow/dags/parsing.py
[2022-11-13T12:42:05.654+0000] {logging_mixin.py:120} INFO - [2022-11-13T12:42:05.653+0000] {dag.py:2585} INFO - Sync 1 DAGs
[2022-11-13T12:42:05.685+0000] {logging_mixin.py:120} INFO - [2022-11-13T12:42:05.685+0000] {dag.py:3340} INFO - Setting next_dagrun for parsing to 2022-11-08T00:00:00+00:00, run_after=2022-11-09T00:00:00+00:00
[2022-11-13T12:42:05.708+0000] {processor.py:176} INFO - Processing /opt/airflow/dags/parsing.py took 0.124 seconds
[2022-11-13T12:42:36.152+0000] {processor.py:154} INFO - Started process (PID=613) to work on /opt/airflow/dags/parsing.py
[2022-11-13T12:42:36.153+0000] {processor.py:756} INFO - Processing file /opt/airflow/dags/parsing.py for tasks to queue
[2022-11-13T12:42:36.154+0000] {logging_mixin.py:120} INFO - [2022-11-13T12:42:36.154+0000] {dagbag.py:537} INFO - Filling up the DagBag from /opt/airflow/dags/parsing.py
[2022-11-13T12:42:36.168+0000] {processor.py:766} INFO - DAG(s) dict_keys(['parsing']) retrieved from /opt/airflow/dags/parsing.py
[2022-11-13T12:42:36.210+0000] {logging_mixin.py:120} INFO - [2022-11-13T12:42:36.209+0000] {dag.py:2585} INFO - Sync 1 DAGs
[2022-11-13T12:42:36.234+0000] {logging_mixin.py:120} INFO - [2022-11-13T12:42:36.234+0000] {dag.py:3340} INFO - Setting next_dagrun for parsing to 2022-11-08T00:00:00+00:00, run_after=2022-11-09T00:00:00+00:00
[2022-11-13T12:42:36.253+0000] {processor.py:176} INFO - Processing /opt/airflow/dags/parsing.py took 0.105 seconds
[2022-11-13T12:43:06.572+0000] {processor.py:154} INFO - Started process (PID=661) to work on /opt/airflow/dags/parsing.py
[2022-11-13T12:43:06.574+0000] {processor.py:756} INFO - Processing file /opt/airflow/dags/parsing.py for tasks to queue
[2022-11-13T12:43:06.577+0000] {logging_mixin.py:120} INFO - [2022-11-13T12:43:06.576+0000] {dagbag.py:537} INFO - Filling up the DagBag from /opt/airflow/dags/parsing.py
[2022-11-13T12:43:06.599+0000] {processor.py:766} INFO - DAG(s) dict_keys(['parsing']) retrieved from /opt/airflow/dags/parsing.py
[2022-11-13T12:43:06.692+0000] {logging_mixin.py:120} INFO - [2022-11-13T12:43:06.692+0000] {dag.py:2585} INFO - Sync 1 DAGs
[2022-11-13T12:43:06.733+0000] {logging_mixin.py:120} INFO - [2022-11-13T12:43:06.733+0000] {dag.py:3340} INFO - Setting next_dagrun for parsing to 2022-11-08T00:00:00+00:00, run_after=2022-11-09T00:00:00+00:00
[2022-11-13T12:43:06.759+0000] {processor.py:176} INFO - Processing /opt/airflow/dags/parsing.py took 0.192 seconds
[2022-11-13T12:43:37.135+0000] {processor.py:154} INFO - Started process (PID=718) to work on /opt/airflow/dags/parsing.py
[2022-11-13T12:43:37.137+0000] {processor.py:756} INFO - Processing file /opt/airflow/dags/parsing.py for tasks to queue
[2022-11-13T12:43:37.138+0000] {logging_mixin.py:120} INFO - [2022-11-13T12:43:37.138+0000] {dagbag.py:537} INFO - Filling up the DagBag from /opt/airflow/dags/parsing.py
[2022-11-13T12:43:37.152+0000] {processor.py:766} INFO - DAG(s) dict_keys(['parsing']) retrieved from /opt/airflow/dags/parsing.py
[2022-11-13T12:43:37.191+0000] {logging_mixin.py:120} INFO - [2022-11-13T12:43:37.191+0000] {dag.py:2585} INFO - Sync 1 DAGs
[2022-11-13T12:43:37.216+0000] {logging_mixin.py:120} INFO - [2022-11-13T12:43:37.215+0000] {dag.py:3340} INFO - Setting next_dagrun for parsing to 2022-11-08T00:00:00+00:00, run_after=2022-11-09T00:00:00+00:00
[2022-11-13T12:43:37.233+0000] {processor.py:176} INFO - Processing /opt/airflow/dags/parsing.py took 0.101 seconds
[2022-11-13T12:44:07.636+0000] {processor.py:154} INFO - Started process (PID=775) to work on /opt/airflow/dags/parsing.py
[2022-11-13T12:44:07.637+0000] {processor.py:756} INFO - Processing file /opt/airflow/dags/parsing.py for tasks to queue
[2022-11-13T12:44:07.638+0000] {logging_mixin.py:120} INFO - [2022-11-13T12:44:07.637+0000] {dagbag.py:537} INFO - Filling up the DagBag from /opt/airflow/dags/parsing.py
[2022-11-13T12:44:07.654+0000] {processor.py:766} INFO - DAG(s) dict_keys(['parsing']) retrieved from /opt/airflow/dags/parsing.py
[2022-11-13T12:44:07.696+0000] {logging_mixin.py:120} INFO - [2022-11-13T12:44:07.696+0000] {dag.py:2585} INFO - Sync 1 DAGs
[2022-11-13T12:44:07.723+0000] {logging_mixin.py:120} INFO - [2022-11-13T12:44:07.723+0000] {dag.py:3340} INFO - Setting next_dagrun for parsing to 2022-11-08T00:00:00+00:00, run_after=2022-11-09T00:00:00+00:00
[2022-11-13T12:44:07.746+0000] {processor.py:176} INFO - Processing /opt/airflow/dags/parsing.py took 0.114 seconds
[2022-11-13T12:44:38.032+0000] {processor.py:154} INFO - Started process (PID=831) to work on /opt/airflow/dags/parsing.py
[2022-11-13T12:44:38.033+0000] {processor.py:756} INFO - Processing file /opt/airflow/dags/parsing.py for tasks to queue
[2022-11-13T12:44:38.034+0000] {logging_mixin.py:120} INFO - [2022-11-13T12:44:38.034+0000] {dagbag.py:537} INFO - Filling up the DagBag from /opt/airflow/dags/parsing.py
[2022-11-13T12:44:38.051+0000] {processor.py:766} INFO - DAG(s) dict_keys(['parsing']) retrieved from /opt/airflow/dags/parsing.py
[2022-11-13T12:44:38.094+0000] {logging_mixin.py:120} INFO - [2022-11-13T12:44:38.094+0000] {dag.py:2585} INFO - Sync 1 DAGs
[2022-11-13T12:44:38.125+0000] {logging_mixin.py:120} INFO - [2022-11-13T12:44:38.124+0000] {dag.py:3340} INFO - Setting next_dagrun for parsing to 2022-11-08T00:00:00+00:00, run_after=2022-11-09T00:00:00+00:00
[2022-11-13T12:44:38.148+0000] {processor.py:176} INFO - Processing /opt/airflow/dags/parsing.py took 0.121 seconds
[2022-11-13T12:45:08.575+0000] {processor.py:154} INFO - Started process (PID=881) to work on /opt/airflow/dags/parsing.py
[2022-11-13T12:45:08.576+0000] {processor.py:756} INFO - Processing file /opt/airflow/dags/parsing.py for tasks to queue
[2022-11-13T12:45:08.577+0000] {logging_mixin.py:120} INFO - [2022-11-13T12:45:08.577+0000] {dagbag.py:537} INFO - Filling up the DagBag from /opt/airflow/dags/parsing.py
[2022-11-13T12:45:08.591+0000] {processor.py:766} INFO - DAG(s) dict_keys(['parsing']) retrieved from /opt/airflow/dags/parsing.py
[2022-11-13T12:45:08.631+0000] {logging_mixin.py:120} INFO - [2022-11-13T12:45:08.631+0000] {dag.py:2585} INFO - Sync 1 DAGs
[2022-11-13T12:45:08.665+0000] {logging_mixin.py:120} INFO - [2022-11-13T12:45:08.665+0000] {dag.py:3340} INFO - Setting next_dagrun for parsing to 2022-11-08T00:00:00+00:00, run_after=2022-11-09T00:00:00+00:00
[2022-11-13T12:45:08.684+0000] {processor.py:176} INFO - Processing /opt/airflow/dags/parsing.py took 0.112 seconds
[2022-11-13T12:45:39.056+0000] {processor.py:154} INFO - Started process (PID=938) to work on /opt/airflow/dags/parsing.py
[2022-11-13T12:45:39.057+0000] {processor.py:756} INFO - Processing file /opt/airflow/dags/parsing.py for tasks to queue
[2022-11-13T12:45:39.057+0000] {logging_mixin.py:120} INFO - [2022-11-13T12:45:39.057+0000] {dagbag.py:537} INFO - Filling up the DagBag from /opt/airflow/dags/parsing.py
[2022-11-13T12:45:39.073+0000] {processor.py:766} INFO - DAG(s) dict_keys(['parsing']) retrieved from /opt/airflow/dags/parsing.py
[2022-11-13T12:45:39.113+0000] {logging_mixin.py:120} INFO - [2022-11-13T12:45:39.113+0000] {dag.py:2585} INFO - Sync 1 DAGs
[2022-11-13T12:45:39.140+0000] {logging_mixin.py:120} INFO - [2022-11-13T12:45:39.140+0000] {dag.py:3340} INFO - Setting next_dagrun for parsing to 2022-11-08T00:00:00+00:00, run_after=2022-11-09T00:00:00+00:00
[2022-11-13T12:45:39.159+0000] {processor.py:176} INFO - Processing /opt/airflow/dags/parsing.py took 0.107 seconds
[2022-11-13T12:46:09.591+0000] {processor.py:154} INFO - Started process (PID=996) to work on /opt/airflow/dags/parsing.py
[2022-11-13T12:46:09.592+0000] {processor.py:756} INFO - Processing file /opt/airflow/dags/parsing.py for tasks to queue
[2022-11-13T12:46:09.593+0000] {logging_mixin.py:120} INFO - [2022-11-13T12:46:09.593+0000] {dagbag.py:537} INFO - Filling up the DagBag from /opt/airflow/dags/parsing.py
[2022-11-13T12:46:09.610+0000] {processor.py:766} INFO - DAG(s) dict_keys(['parsing']) retrieved from /opt/airflow/dags/parsing.py
[2022-11-13T12:46:09.653+0000] {logging_mixin.py:120} INFO - [2022-11-13T12:46:09.653+0000] {dag.py:2585} INFO - Sync 1 DAGs
[2022-11-13T12:46:09.680+0000] {logging_mixin.py:120} INFO - [2022-11-13T12:46:09.680+0000] {dag.py:3340} INFO - Setting next_dagrun for parsing to 2022-11-08T00:00:00+00:00, run_after=2022-11-09T00:00:00+00:00
[2022-11-13T12:46:09.699+0000] {processor.py:176} INFO - Processing /opt/airflow/dags/parsing.py took 0.112 seconds
[2022-11-13T12:46:40.094+0000] {processor.py:154} INFO - Started process (PID=1044) to work on /opt/airflow/dags/parsing.py
[2022-11-13T12:46:40.095+0000] {processor.py:756} INFO - Processing file /opt/airflow/dags/parsing.py for tasks to queue
[2022-11-13T12:46:40.096+0000] {logging_mixin.py:120} INFO - [2022-11-13T12:46:40.096+0000] {dagbag.py:537} INFO - Filling up the DagBag from /opt/airflow/dags/parsing.py
[2022-11-13T12:46:40.110+0000] {processor.py:766} INFO - DAG(s) dict_keys(['parsing']) retrieved from /opt/airflow/dags/parsing.py
[2022-11-13T12:46:40.148+0000] {logging_mixin.py:120} INFO - [2022-11-13T12:46:40.147+0000] {dag.py:2585} INFO - Sync 1 DAGs
[2022-11-13T12:46:40.171+0000] {logging_mixin.py:120} INFO - [2022-11-13T12:46:40.170+0000] {dag.py:3340} INFO - Setting next_dagrun for parsing to 2022-11-08T00:00:00+00:00, run_after=2022-11-09T00:00:00+00:00
[2022-11-13T12:46:40.186+0000] {processor.py:176} INFO - Processing /opt/airflow/dags/parsing.py took 0.096 seconds
[2022-11-13T12:47:10.481+0000] {processor.py:154} INFO - Started process (PID=1096) to work on /opt/airflow/dags/parsing.py
[2022-11-13T12:47:10.482+0000] {processor.py:756} INFO - Processing file /opt/airflow/dags/parsing.py for tasks to queue
[2022-11-13T12:47:10.483+0000] {logging_mixin.py:120} INFO - [2022-11-13T12:47:10.483+0000] {dagbag.py:537} INFO - Filling up the DagBag from /opt/airflow/dags/parsing.py
[2022-11-13T12:47:10.498+0000] {processor.py:766} INFO - DAG(s) dict_keys(['parsing']) retrieved from /opt/airflow/dags/parsing.py
[2022-11-13T12:47:10.539+0000] {logging_mixin.py:120} INFO - [2022-11-13T12:47:10.538+0000] {dag.py:2585} INFO - Sync 1 DAGs
[2022-11-13T12:47:10.564+0000] {logging_mixin.py:120} INFO - [2022-11-13T12:47:10.564+0000] {dag.py:3340} INFO - Setting next_dagrun for parsing to 2022-11-08T00:00:00+00:00, run_after=2022-11-09T00:00:00+00:00
[2022-11-13T12:47:10.586+0000] {processor.py:176} INFO - Processing /opt/airflow/dags/parsing.py took 0.108 seconds
[2022-11-13T12:47:40.759+0000] {processor.py:154} INFO - Started process (PID=1148) to work on /opt/airflow/dags/parsing.py
[2022-11-13T12:47:40.761+0000] {processor.py:756} INFO - Processing file /opt/airflow/dags/parsing.py for tasks to queue
[2022-11-13T12:47:40.762+0000] {logging_mixin.py:120} INFO - [2022-11-13T12:47:40.762+0000] {dagbag.py:537} INFO - Filling up the DagBag from /opt/airflow/dags/parsing.py
[2022-11-13T12:47:40.780+0000] {processor.py:766} INFO - DAG(s) dict_keys(['parsing']) retrieved from /opt/airflow/dags/parsing.py
[2022-11-13T12:47:40.819+0000] {logging_mixin.py:120} INFO - [2022-11-13T12:47:40.819+0000] {dag.py:2585} INFO - Sync 1 DAGs
[2022-11-13T12:47:40.845+0000] {logging_mixin.py:120} INFO - [2022-11-13T12:47:40.845+0000] {dag.py:3340} INFO - Setting next_dagrun for parsing to 2022-11-08T00:00:00+00:00, run_after=2022-11-09T00:00:00+00:00
[2022-11-13T12:47:40.864+0000] {processor.py:176} INFO - Processing /opt/airflow/dags/parsing.py took 0.109 seconds
[2022-11-13T12:48:11.159+0000] {processor.py:154} INFO - Started process (PID=1191) to work on /opt/airflow/dags/parsing.py
[2022-11-13T12:48:11.160+0000] {processor.py:756} INFO - Processing file /opt/airflow/dags/parsing.py for tasks to queue
[2022-11-13T12:48:11.161+0000] {logging_mixin.py:120} INFO - [2022-11-13T12:48:11.161+0000] {dagbag.py:537} INFO - Filling up the DagBag from /opt/airflow/dags/parsing.py
[2022-11-13T12:48:11.175+0000] {processor.py:766} INFO - DAG(s) dict_keys(['parsing']) retrieved from /opt/airflow/dags/parsing.py
[2022-11-13T12:48:11.214+0000] {logging_mixin.py:120} INFO - [2022-11-13T12:48:11.214+0000] {dag.py:2585} INFO - Sync 1 DAGs
[2022-11-13T12:48:11.257+0000] {logging_mixin.py:120} INFO - [2022-11-13T12:48:11.257+0000] {dag.py:3340} INFO - Setting next_dagrun for parsing to 2022-11-08T00:00:00+00:00, run_after=2022-11-09T00:00:00+00:00
[2022-11-13T12:48:11.280+0000] {processor.py:176} INFO - Processing /opt/airflow/dags/parsing.py took 0.124 seconds
[2022-11-13T12:48:41.588+0000] {processor.py:154} INFO - Started process (PID=1248) to work on /opt/airflow/dags/parsing.py
[2022-11-13T12:48:41.589+0000] {processor.py:756} INFO - Processing file /opt/airflow/dags/parsing.py for tasks to queue
[2022-11-13T12:48:41.590+0000] {logging_mixin.py:120} INFO - [2022-11-13T12:48:41.590+0000] {dagbag.py:537} INFO - Filling up the DagBag from /opt/airflow/dags/parsing.py
[2022-11-13T12:48:41.607+0000] {processor.py:766} INFO - DAG(s) dict_keys(['parsing']) retrieved from /opt/airflow/dags/parsing.py
[2022-11-13T12:48:41.649+0000] {logging_mixin.py:120} INFO - [2022-11-13T12:48:41.649+0000] {dag.py:2585} INFO - Sync 1 DAGs
[2022-11-13T12:48:41.676+0000] {logging_mixin.py:120} INFO - [2022-11-13T12:48:41.676+0000] {dag.py:3340} INFO - Setting next_dagrun for parsing to 2022-11-08T00:00:00+00:00, run_after=2022-11-09T00:00:00+00:00
[2022-11-13T12:48:41.694+0000] {processor.py:176} INFO - Processing /opt/airflow/dags/parsing.py took 0.109 seconds
[2022-11-13T12:49:11.978+0000] {processor.py:154} INFO - Started process (PID=1305) to work on /opt/airflow/dags/parsing.py
[2022-11-13T12:49:11.979+0000] {processor.py:756} INFO - Processing file /opt/airflow/dags/parsing.py for tasks to queue
[2022-11-13T12:49:11.980+0000] {logging_mixin.py:120} INFO - [2022-11-13T12:49:11.980+0000] {dagbag.py:537} INFO - Filling up the DagBag from /opt/airflow/dags/parsing.py
[2022-11-13T12:49:11.995+0000] {processor.py:766} INFO - DAG(s) dict_keys(['parsing']) retrieved from /opt/airflow/dags/parsing.py
[2022-11-13T12:49:12.034+0000] {logging_mixin.py:120} INFO - [2022-11-13T12:49:12.034+0000] {dag.py:2585} INFO - Sync 1 DAGs
[2022-11-13T12:49:12.057+0000] {logging_mixin.py:120} INFO - [2022-11-13T12:49:12.057+0000] {dag.py:3340} INFO - Setting next_dagrun for parsing to 2022-11-08T00:00:00+00:00, run_after=2022-11-09T00:00:00+00:00
[2022-11-13T12:49:12.076+0000] {processor.py:176} INFO - Processing /opt/airflow/dags/parsing.py took 0.101 seconds
[2022-11-13T12:49:42.364+0000] {processor.py:154} INFO - Started process (PID=1362) to work on /opt/airflow/dags/parsing.py
[2022-11-13T12:49:42.365+0000] {processor.py:756} INFO - Processing file /opt/airflow/dags/parsing.py for tasks to queue
[2022-11-13T12:49:42.366+0000] {logging_mixin.py:120} INFO - [2022-11-13T12:49:42.366+0000] {dagbag.py:537} INFO - Filling up the DagBag from /opt/airflow/dags/parsing.py
[2022-11-13T12:49:42.380+0000] {processor.py:766} INFO - DAG(s) dict_keys(['parsing']) retrieved from /opt/airflow/dags/parsing.py
[2022-11-13T12:49:42.424+0000] {logging_mixin.py:120} INFO - [2022-11-13T12:49:42.423+0000] {dag.py:2585} INFO - Sync 1 DAGs
[2022-11-13T12:49:42.449+0000] {logging_mixin.py:120} INFO - [2022-11-13T12:49:42.449+0000] {dag.py:3340} INFO - Setting next_dagrun for parsing to 2022-11-08T00:00:00+00:00, run_after=2022-11-09T00:00:00+00:00
[2022-11-13T12:49:42.469+0000] {processor.py:176} INFO - Processing /opt/airflow/dags/parsing.py took 0.108 seconds
[2022-11-13T12:50:12.744+0000] {processor.py:154} INFO - Started process (PID=1410) to work on /opt/airflow/dags/parsing.py
[2022-11-13T12:50:12.745+0000] {processor.py:756} INFO - Processing file /opt/airflow/dags/parsing.py for tasks to queue
[2022-11-13T12:50:12.745+0000] {logging_mixin.py:120} INFO - [2022-11-13T12:50:12.745+0000] {dagbag.py:537} INFO - Filling up the DagBag from /opt/airflow/dags/parsing.py
[2022-11-13T12:50:12.760+0000] {processor.py:766} INFO - DAG(s) dict_keys(['parsing']) retrieved from /opt/airflow/dags/parsing.py
[2022-11-13T12:50:12.798+0000] {logging_mixin.py:120} INFO - [2022-11-13T12:50:12.797+0000] {dag.py:2585} INFO - Sync 1 DAGs
[2022-11-13T12:50:12.822+0000] {logging_mixin.py:120} INFO - [2022-11-13T12:50:12.822+0000] {dag.py:3340} INFO - Setting next_dagrun for parsing to 2022-11-08T00:00:00+00:00, run_after=2022-11-09T00:00:00+00:00
[2022-11-13T12:50:12.841+0000] {processor.py:176} INFO - Processing /opt/airflow/dags/parsing.py took 0.100 seconds
[2022-11-13T12:50:43.123+0000] {processor.py:154} INFO - Started process (PID=1467) to work on /opt/airflow/dags/parsing.py
[2022-11-13T12:50:43.124+0000] {processor.py:756} INFO - Processing file /opt/airflow/dags/parsing.py for tasks to queue
[2022-11-13T12:50:43.124+0000] {logging_mixin.py:120} INFO - [2022-11-13T12:50:43.124+0000] {dagbag.py:537} INFO - Filling up the DagBag from /opt/airflow/dags/parsing.py
[2022-11-13T12:50:43.138+0000] {processor.py:766} INFO - DAG(s) dict_keys(['parsing']) retrieved from /opt/airflow/dags/parsing.py
[2022-11-13T12:50:43.177+0000] {logging_mixin.py:120} INFO - [2022-11-13T12:50:43.177+0000] {dag.py:2585} INFO - Sync 1 DAGs
[2022-11-13T12:50:43.203+0000] {logging_mixin.py:120} INFO - [2022-11-13T12:50:43.203+0000] {dag.py:3340} INFO - Setting next_dagrun for parsing to 2022-11-08T00:00:00+00:00, run_after=2022-11-09T00:00:00+00:00
[2022-11-13T12:50:43.221+0000] {processor.py:176} INFO - Processing /opt/airflow/dags/parsing.py took 0.102 seconds
[2022-11-13T12:51:13.486+0000] {processor.py:154} INFO - Started process (PID=1524) to work on /opt/airflow/dags/parsing.py
[2022-11-13T12:51:13.487+0000] {processor.py:756} INFO - Processing file /opt/airflow/dags/parsing.py for tasks to queue
[2022-11-13T12:51:13.487+0000] {logging_mixin.py:120} INFO - [2022-11-13T12:51:13.487+0000] {dagbag.py:537} INFO - Filling up the DagBag from /opt/airflow/dags/parsing.py
[2022-11-13T12:51:13.502+0000] {processor.py:766} INFO - DAG(s) dict_keys(['parsing']) retrieved from /opt/airflow/dags/parsing.py
[2022-11-13T12:51:13.540+0000] {logging_mixin.py:120} INFO - [2022-11-13T12:51:13.540+0000] {dag.py:2585} INFO - Sync 1 DAGs
[2022-11-13T12:51:13.566+0000] {logging_mixin.py:120} INFO - [2022-11-13T12:51:13.566+0000] {dag.py:3340} INFO - Setting next_dagrun for parsing to 2022-11-08T00:00:00+00:00, run_after=2022-11-09T00:00:00+00:00
[2022-11-13T12:51:13.585+0000] {processor.py:176} INFO - Processing /opt/airflow/dags/parsing.py took 0.102 seconds
[2022-11-13T12:51:43.906+0000] {processor.py:154} INFO - Started process (PID=1572) to work on /opt/airflow/dags/parsing.py
[2022-11-13T12:51:43.907+0000] {processor.py:756} INFO - Processing file /opt/airflow/dags/parsing.py for tasks to queue
[2022-11-13T12:51:43.908+0000] {logging_mixin.py:120} INFO - [2022-11-13T12:51:43.908+0000] {dagbag.py:537} INFO - Filling up the DagBag from /opt/airflow/dags/parsing.py
[2022-11-13T12:51:43.930+0000] {processor.py:766} INFO - DAG(s) dict_keys(['parsing']) retrieved from /opt/airflow/dags/parsing.py
[2022-11-13T12:51:43.977+0000] {logging_mixin.py:120} INFO - [2022-11-13T12:51:43.977+0000] {dag.py:2585} INFO - Sync 1 DAGs
[2022-11-13T12:51:44.001+0000] {logging_mixin.py:120} INFO - [2022-11-13T12:51:44.001+0000] {dag.py:3340} INFO - Setting next_dagrun for parsing to 2022-11-08T00:00:00+00:00, run_after=2022-11-09T00:00:00+00:00
[2022-11-13T12:51:44.018+0000] {processor.py:176} INFO - Processing /opt/airflow/dags/parsing.py took 0.115 seconds
[2022-11-13T12:52:14.406+0000] {processor.py:154} INFO - Started process (PID=1629) to work on /opt/airflow/dags/parsing.py
[2022-11-13T12:52:14.407+0000] {processor.py:756} INFO - Processing file /opt/airflow/dags/parsing.py for tasks to queue
[2022-11-13T12:52:14.407+0000] {logging_mixin.py:120} INFO - [2022-11-13T12:52:14.407+0000] {dagbag.py:537} INFO - Filling up the DagBag from /opt/airflow/dags/parsing.py
[2022-11-13T12:52:14.426+0000] {processor.py:766} INFO - DAG(s) dict_keys(['parsing']) retrieved from /opt/airflow/dags/parsing.py
[2022-11-13T12:52:14.475+0000] {logging_mixin.py:120} INFO - [2022-11-13T12:52:14.475+0000] {dag.py:2585} INFO - Sync 1 DAGs
[2022-11-13T12:52:14.505+0000] {logging_mixin.py:120} INFO - [2022-11-13T12:52:14.505+0000] {dag.py:3340} INFO - Setting next_dagrun for parsing to 2022-11-08T00:00:00+00:00, run_after=2022-11-09T00:00:00+00:00
[2022-11-13T12:52:14.528+0000] {processor.py:176} INFO - Processing /opt/airflow/dags/parsing.py took 0.126 seconds
[2022-11-13T12:52:44.842+0000] {processor.py:154} INFO - Started process (PID=1686) to work on /opt/airflow/dags/parsing.py
[2022-11-13T12:52:44.844+0000] {processor.py:756} INFO - Processing file /opt/airflow/dags/parsing.py for tasks to queue
[2022-11-13T12:52:44.845+0000] {logging_mixin.py:120} INFO - [2022-11-13T12:52:44.845+0000] {dagbag.py:537} INFO - Filling up the DagBag from /opt/airflow/dags/parsing.py
[2022-11-13T12:52:44.861+0000] {processor.py:766} INFO - DAG(s) dict_keys(['parsing']) retrieved from /opt/airflow/dags/parsing.py
[2022-11-13T12:52:44.922+0000] {logging_mixin.py:120} INFO - [2022-11-13T12:52:44.922+0000] {dag.py:2585} INFO - Sync 1 DAGs
[2022-11-13T12:52:44.962+0000] {logging_mixin.py:120} INFO - [2022-11-13T12:52:44.961+0000] {dag.py:3340} INFO - Setting next_dagrun for parsing to 2022-11-08T00:00:00+00:00, run_after=2022-11-09T00:00:00+00:00
[2022-11-13T12:52:44.983+0000] {processor.py:176} INFO - Processing /opt/airflow/dags/parsing.py took 0.144 seconds
[2022-11-13T12:53:15.456+0000] {processor.py:154} INFO - Started process (PID=1797) to work on /opt/airflow/dags/parsing.py
[2022-11-13T12:53:15.476+0000] {processor.py:756} INFO - Processing file /opt/airflow/dags/parsing.py for tasks to queue
[2022-11-13T12:53:15.479+0000] {logging_mixin.py:120} INFO - [2022-11-13T12:53:15.478+0000] {dagbag.py:537} INFO - Filling up the DagBag from /opt/airflow/dags/parsing.py
[2022-11-13T12:53:15.627+0000] {processor.py:766} INFO - DAG(s) dict_keys(['parsing']) retrieved from /opt/airflow/dags/parsing.py
[2022-11-13T12:53:15.957+0000] {logging_mixin.py:120} INFO - [2022-11-13T12:53:15.957+0000] {dag.py:2585} INFO - Sync 1 DAGs
[2022-11-13T12:53:16.067+0000] {logging_mixin.py:120} INFO - [2022-11-13T12:53:16.066+0000] {dag.py:3340} INFO - Setting next_dagrun for parsing to 2022-11-08T00:00:00+00:00, run_after=2022-11-09T00:00:00+00:00
[2022-11-13T12:53:16.176+0000] {processor.py:176} INFO - Processing /opt/airflow/dags/parsing.py took 0.761 seconds
[2022-11-13T12:53:47.164+0000] {processor.py:154} INFO - Started process (PID=1966) to work on /opt/airflow/dags/parsing.py
[2022-11-13T12:53:47.165+0000] {processor.py:756} INFO - Processing file /opt/airflow/dags/parsing.py for tasks to queue
[2022-11-13T12:53:47.166+0000] {logging_mixin.py:120} INFO - [2022-11-13T12:53:47.166+0000] {dagbag.py:537} INFO - Filling up the DagBag from /opt/airflow/dags/parsing.py
[2022-11-13T12:53:47.180+0000] {processor.py:766} INFO - DAG(s) dict_keys(['parsing']) retrieved from /opt/airflow/dags/parsing.py
[2022-11-13T12:53:47.221+0000] {logging_mixin.py:120} INFO - [2022-11-13T12:53:47.221+0000] {dag.py:2585} INFO - Sync 1 DAGs
[2022-11-13T12:53:47.251+0000] {logging_mixin.py:120} INFO - [2022-11-13T12:53:47.250+0000] {dag.py:3340} INFO - Setting next_dagrun for parsing to 2022-11-08T00:00:00+00:00, run_after=2022-11-09T00:00:00+00:00
[2022-11-13T12:53:47.271+0000] {processor.py:176} INFO - Processing /opt/airflow/dags/parsing.py took 0.110 seconds
[2022-11-13T12:54:18.219+0000] {processor.py:154} INFO - Started process (PID=2173) to work on /opt/airflow/dags/parsing.py
[2022-11-13T12:54:18.220+0000] {processor.py:756} INFO - Processing file /opt/airflow/dags/parsing.py for tasks to queue
[2022-11-13T12:54:18.221+0000] {logging_mixin.py:120} INFO - [2022-11-13T12:54:18.221+0000] {dagbag.py:537} INFO - Filling up the DagBag from /opt/airflow/dags/parsing.py
[2022-11-13T12:54:18.245+0000] {processor.py:766} INFO - DAG(s) dict_keys(['parsing']) retrieved from /opt/airflow/dags/parsing.py
[2022-11-13T12:54:18.300+0000] {logging_mixin.py:120} INFO - [2022-11-13T12:54:18.300+0000] {dag.py:2585} INFO - Sync 1 DAGs
[2022-11-13T12:54:18.341+0000] {logging_mixin.py:120} INFO - [2022-11-13T12:54:18.341+0000] {dag.py:3340} INFO - Setting next_dagrun for parsing to 2022-11-08T00:00:00+00:00, run_after=2022-11-09T00:00:00+00:00
[2022-11-13T12:54:18.383+0000] {processor.py:176} INFO - Processing /opt/airflow/dags/parsing.py took 0.168 seconds
[2022-11-13T12:54:48.843+0000] {processor.py:154} INFO - Started process (PID=2234) to work on /opt/airflow/dags/parsing.py
[2022-11-13T12:54:48.843+0000] {processor.py:756} INFO - Processing file /opt/airflow/dags/parsing.py for tasks to queue
[2022-11-13T12:54:48.844+0000] {logging_mixin.py:120} INFO - [2022-11-13T12:54:48.844+0000] {dagbag.py:537} INFO - Filling up the DagBag from /opt/airflow/dags/parsing.py
[2022-11-13T12:54:48.861+0000] {processor.py:766} INFO - DAG(s) dict_keys(['parsing']) retrieved from /opt/airflow/dags/parsing.py
[2022-11-13T12:54:48.906+0000] {logging_mixin.py:120} INFO - [2022-11-13T12:54:48.906+0000] {dag.py:2585} INFO - Sync 1 DAGs
[2022-11-13T12:54:48.935+0000] {logging_mixin.py:120} INFO - [2022-11-13T12:54:48.935+0000] {dag.py:3340} INFO - Setting next_dagrun for parsing to 2022-11-08T00:00:00+00:00, run_after=2022-11-09T00:00:00+00:00
[2022-11-13T12:54:48.957+0000] {processor.py:176} INFO - Processing /opt/airflow/dags/parsing.py took 0.118 seconds
