[2022-11-13T12:38:32.001+0000] {processor.py:154} INFO - Started process (PID=188) to work on /opt/airflow/dags/push_qoute.py
[2022-11-13T12:38:32.002+0000] {processor.py:756} INFO - Processing file /opt/airflow/dags/push_qoute.py for tasks to queue
[2022-11-13T12:38:32.003+0000] {logging_mixin.py:120} INFO - [2022-11-13T12:38:32.003+0000] {dagbag.py:537} INFO - Filling up the DagBag from /opt/airflow/dags/push_qoute.py
[2022-11-13T12:38:32.026+0000] {processor.py:766} INFO - DAG(s) dict_keys(['push_qoute']) retrieved from /opt/airflow/dags/push_qoute.py
[2022-11-13T12:38:32.280+0000] {logging_mixin.py:120} INFO - [2022-11-13T12:38:32.280+0000] {dag.py:2585} INFO - Sync 1 DAGs
[2022-11-13T12:38:32.308+0000] {logging_mixin.py:120} INFO - [2022-11-13T12:38:32.308+0000] {dag.py:3340} INFO - Setting next_dagrun for push_qoute to 2022-11-10T00:00:00+00:00, run_after=2022-11-11T00:00:00+00:00
[2022-11-13T12:38:32.334+0000] {processor.py:176} INFO - Processing /opt/airflow/dags/push_qoute.py took 0.338 seconds
[2022-11-13T12:39:02.767+0000] {processor.py:154} INFO - Started process (PID=245) to work on /opt/airflow/dags/push_qoute.py
[2022-11-13T12:39:02.773+0000] {processor.py:756} INFO - Processing file /opt/airflow/dags/push_qoute.py for tasks to queue
[2022-11-13T12:39:02.774+0000] {logging_mixin.py:120} INFO - [2022-11-13T12:39:02.774+0000] {dagbag.py:537} INFO - Filling up the DagBag from /opt/airflow/dags/push_qoute.py
[2022-11-13T12:39:03.070+0000] {processor.py:766} INFO - DAG(s) dict_keys(['push_qoute']) retrieved from /opt/airflow/dags/push_qoute.py
[2022-11-13T12:39:03.135+0000] {logging_mixin.py:120} INFO - [2022-11-13T12:39:03.135+0000] {dag.py:2585} INFO - Sync 1 DAGs
[2022-11-13T12:39:03.193+0000] {logging_mixin.py:120} INFO - [2022-11-13T12:39:03.193+0000] {dag.py:3340} INFO - Setting next_dagrun for push_qoute to 2022-11-10T00:00:00+00:00, run_after=2022-11-11T00:00:00+00:00
[2022-11-13T12:39:03.240+0000] {processor.py:176} INFO - Processing /opt/airflow/dags/push_qoute.py took 0.478 seconds
[2022-11-13T12:39:33.546+0000] {processor.py:154} INFO - Started process (PID=305) to work on /opt/airflow/dags/push_qoute.py
[2022-11-13T12:39:33.547+0000] {processor.py:756} INFO - Processing file /opt/airflow/dags/push_qoute.py for tasks to queue
[2022-11-13T12:39:33.548+0000] {logging_mixin.py:120} INFO - [2022-11-13T12:39:33.548+0000] {dagbag.py:537} INFO - Filling up the DagBag from /opt/airflow/dags/push_qoute.py
[2022-11-13T12:39:33.564+0000] {processor.py:766} INFO - DAG(s) dict_keys(['push_qoute']) retrieved from /opt/airflow/dags/push_qoute.py
[2022-11-13T12:39:33.612+0000] {logging_mixin.py:120} INFO - [2022-11-13T12:39:33.612+0000] {dag.py:2585} INFO - Sync 1 DAGs
[2022-11-13T12:39:33.642+0000] {logging_mixin.py:120} INFO - [2022-11-13T12:39:33.642+0000] {dag.py:3340} INFO - Setting next_dagrun for push_qoute to 2022-11-10T00:00:00+00:00, run_after=2022-11-11T00:00:00+00:00
[2022-11-13T12:39:33.663+0000] {processor.py:176} INFO - Processing /opt/airflow/dags/push_qoute.py took 0.120 seconds
[2022-11-13T12:40:04.076+0000] {processor.py:154} INFO - Started process (PID=353) to work on /opt/airflow/dags/push_qoute.py
[2022-11-13T12:40:04.077+0000] {processor.py:756} INFO - Processing file /opt/airflow/dags/push_qoute.py for tasks to queue
[2022-11-13T12:40:04.077+0000] {logging_mixin.py:120} INFO - [2022-11-13T12:40:04.077+0000] {dagbag.py:537} INFO - Filling up the DagBag from /opt/airflow/dags/push_qoute.py
[2022-11-13T12:40:04.093+0000] {processor.py:766} INFO - DAG(s) dict_keys(['push_qoute']) retrieved from /opt/airflow/dags/push_qoute.py
[2022-11-13T12:40:04.135+0000] {logging_mixin.py:120} INFO - [2022-11-13T12:40:04.135+0000] {dag.py:2585} INFO - Sync 1 DAGs
[2022-11-13T12:40:04.192+0000] {logging_mixin.py:120} INFO - [2022-11-13T12:40:04.192+0000] {dag.py:3340} INFO - Setting next_dagrun for push_qoute to 2022-11-10T00:00:00+00:00, run_after=2022-11-11T00:00:00+00:00
[2022-11-13T12:40:04.212+0000] {processor.py:176} INFO - Processing /opt/airflow/dags/push_qoute.py took 0.139 seconds
[2022-11-13T12:40:34.377+0000] {processor.py:154} INFO - Started process (PID=408) to work on /opt/airflow/dags/push_qoute.py
[2022-11-13T12:40:34.378+0000] {processor.py:756} INFO - Processing file /opt/airflow/dags/push_qoute.py for tasks to queue
[2022-11-13T12:40:34.378+0000] {logging_mixin.py:120} INFO - [2022-11-13T12:40:34.378+0000] {dagbag.py:537} INFO - Filling up the DagBag from /opt/airflow/dags/push_qoute.py
[2022-11-13T12:40:34.392+0000] {processor.py:766} INFO - DAG(s) dict_keys(['push_qoute']) retrieved from /opt/airflow/dags/push_qoute.py
[2022-11-13T12:40:34.429+0000] {logging_mixin.py:120} INFO - [2022-11-13T12:40:34.429+0000] {dag.py:2585} INFO - Sync 1 DAGs
[2022-11-13T12:40:34.458+0000] {logging_mixin.py:120} INFO - [2022-11-13T12:40:34.458+0000] {dag.py:3340} INFO - Setting next_dagrun for push_qoute to 2022-11-10T00:00:00+00:00, run_after=2022-11-11T00:00:00+00:00
[2022-11-13T12:40:34.483+0000] {processor.py:176} INFO - Processing /opt/airflow/dags/push_qoute.py took 0.110 seconds
[2022-11-13T12:41:04.756+0000] {processor.py:154} INFO - Started process (PID=467) to work on /opt/airflow/dags/push_qoute.py
[2022-11-13T12:41:04.757+0000] {processor.py:756} INFO - Processing file /opt/airflow/dags/push_qoute.py for tasks to queue
[2022-11-13T12:41:04.757+0000] {logging_mixin.py:120} INFO - [2022-11-13T12:41:04.757+0000] {dagbag.py:537} INFO - Filling up the DagBag from /opt/airflow/dags/push_qoute.py
[2022-11-13T12:41:04.771+0000] {processor.py:766} INFO - DAG(s) dict_keys(['push_qoute']) retrieved from /opt/airflow/dags/push_qoute.py
[2022-11-13T12:41:04.807+0000] {logging_mixin.py:120} INFO - [2022-11-13T12:41:04.807+0000] {dag.py:2585} INFO - Sync 1 DAGs
[2022-11-13T12:41:04.836+0000] {logging_mixin.py:120} INFO - [2022-11-13T12:41:04.836+0000] {dag.py:3340} INFO - Setting next_dagrun for push_qoute to 2022-11-10T00:00:00+00:00, run_after=2022-11-11T00:00:00+00:00
[2022-11-13T12:41:04.855+0000] {processor.py:176} INFO - Processing /opt/airflow/dags/push_qoute.py took 0.103 seconds
[2022-11-13T12:41:35.323+0000] {processor.py:154} INFO - Started process (PID=514) to work on /opt/airflow/dags/push_qoute.py
[2022-11-13T12:41:35.325+0000] {processor.py:756} INFO - Processing file /opt/airflow/dags/push_qoute.py for tasks to queue
[2022-11-13T12:41:35.325+0000] {logging_mixin.py:120} INFO - [2022-11-13T12:41:35.325+0000] {dagbag.py:537} INFO - Filling up the DagBag from /opt/airflow/dags/push_qoute.py
[2022-11-13T12:41:35.340+0000] {processor.py:766} INFO - DAG(s) dict_keys(['push_qoute']) retrieved from /opt/airflow/dags/push_qoute.py
[2022-11-13T12:41:35.390+0000] {logging_mixin.py:120} INFO - [2022-11-13T12:41:35.390+0000] {dag.py:2585} INFO - Sync 1 DAGs
[2022-11-13T12:41:35.418+0000] {logging_mixin.py:120} INFO - [2022-11-13T12:41:35.417+0000] {dag.py:3340} INFO - Setting next_dagrun for push_qoute to 2022-11-10T00:00:00+00:00, run_after=2022-11-11T00:00:00+00:00
[2022-11-13T12:41:35.447+0000] {processor.py:176} INFO - Processing /opt/airflow/dags/push_qoute.py took 0.126 seconds
[2022-11-13T12:42:05.860+0000] {processor.py:154} INFO - Started process (PID=571) to work on /opt/airflow/dags/push_qoute.py
[2022-11-13T12:42:05.861+0000] {processor.py:756} INFO - Processing file /opt/airflow/dags/push_qoute.py for tasks to queue
[2022-11-13T12:42:05.861+0000] {logging_mixin.py:120} INFO - [2022-11-13T12:42:05.861+0000] {dagbag.py:537} INFO - Filling up the DagBag from /opt/airflow/dags/push_qoute.py
[2022-11-13T12:42:05.877+0000] {processor.py:766} INFO - DAG(s) dict_keys(['push_qoute']) retrieved from /opt/airflow/dags/push_qoute.py
[2022-11-13T12:42:05.918+0000] {logging_mixin.py:120} INFO - [2022-11-13T12:42:05.918+0000] {dag.py:2585} INFO - Sync 1 DAGs
[2022-11-13T12:42:05.943+0000] {logging_mixin.py:120} INFO - [2022-11-13T12:42:05.943+0000] {dag.py:3340} INFO - Setting next_dagrun for push_qoute to 2022-11-10T00:00:00+00:00, run_after=2022-11-11T00:00:00+00:00
[2022-11-13T12:42:05.960+0000] {processor.py:176} INFO - Processing /opt/airflow/dags/push_qoute.py took 0.105 seconds
[2022-11-13T12:42:36.277+0000] {processor.py:154} INFO - Started process (PID=626) to work on /opt/airflow/dags/push_qoute.py
[2022-11-13T12:42:36.278+0000] {processor.py:756} INFO - Processing file /opt/airflow/dags/push_qoute.py for tasks to queue
[2022-11-13T12:42:36.278+0000] {logging_mixin.py:120} INFO - [2022-11-13T12:42:36.278+0000] {dagbag.py:537} INFO - Filling up the DagBag from /opt/airflow/dags/push_qoute.py
[2022-11-13T12:42:36.291+0000] {processor.py:766} INFO - DAG(s) dict_keys(['push_qoute']) retrieved from /opt/airflow/dags/push_qoute.py
[2022-11-13T12:42:36.328+0000] {logging_mixin.py:120} INFO - [2022-11-13T12:42:36.327+0000] {dag.py:2585} INFO - Sync 1 DAGs
[2022-11-13T12:42:36.350+0000] {logging_mixin.py:120} INFO - [2022-11-13T12:42:36.350+0000] {dag.py:3340} INFO - Setting next_dagrun for push_qoute to 2022-11-10T00:00:00+00:00, run_after=2022-11-11T00:00:00+00:00
[2022-11-13T12:42:36.367+0000] {processor.py:176} INFO - Processing /opt/airflow/dags/push_qoute.py took 0.093 seconds
[2022-11-13T12:43:06.787+0000] {processor.py:154} INFO - Started process (PID=674) to work on /opt/airflow/dags/push_qoute.py
[2022-11-13T12:43:06.788+0000] {processor.py:756} INFO - Processing file /opt/airflow/dags/push_qoute.py for tasks to queue
[2022-11-13T12:43:06.789+0000] {logging_mixin.py:120} INFO - [2022-11-13T12:43:06.789+0000] {dagbag.py:537} INFO - Filling up the DagBag from /opt/airflow/dags/push_qoute.py
[2022-11-13T12:43:06.805+0000] {processor.py:766} INFO - DAG(s) dict_keys(['push_qoute']) retrieved from /opt/airflow/dags/push_qoute.py
[2022-11-13T12:43:06.862+0000] {logging_mixin.py:120} INFO - [2022-11-13T12:43:06.862+0000] {dag.py:2585} INFO - Sync 1 DAGs
[2022-11-13T12:43:06.913+0000] {logging_mixin.py:120} INFO - [2022-11-13T12:43:06.912+0000] {dag.py:3340} INFO - Setting next_dagrun for push_qoute to 2022-11-10T00:00:00+00:00, run_after=2022-11-11T00:00:00+00:00
[2022-11-13T12:43:06.944+0000] {processor.py:176} INFO - Processing /opt/airflow/dags/push_qoute.py took 0.161 seconds
[2022-11-13T12:43:37.366+0000] {processor.py:154} INFO - Started process (PID=733) to work on /opt/airflow/dags/push_qoute.py
[2022-11-13T12:43:37.366+0000] {processor.py:756} INFO - Processing file /opt/airflow/dags/push_qoute.py for tasks to queue
[2022-11-13T12:43:37.367+0000] {logging_mixin.py:120} INFO - [2022-11-13T12:43:37.367+0000] {dagbag.py:537} INFO - Filling up the DagBag from /opt/airflow/dags/push_qoute.py
[2022-11-13T12:43:37.382+0000] {processor.py:766} INFO - DAG(s) dict_keys(['push_qoute']) retrieved from /opt/airflow/dags/push_qoute.py
[2022-11-13T12:43:37.420+0000] {logging_mixin.py:120} INFO - [2022-11-13T12:43:37.420+0000] {dag.py:2585} INFO - Sync 1 DAGs
[2022-11-13T12:43:37.445+0000] {logging_mixin.py:120} INFO - [2022-11-13T12:43:37.445+0000] {dag.py:3340} INFO - Setting next_dagrun for push_qoute to 2022-11-10T00:00:00+00:00, run_after=2022-11-11T00:00:00+00:00
[2022-11-13T12:43:37.462+0000] {processor.py:176} INFO - Processing /opt/airflow/dags/push_qoute.py took 0.099 seconds
[2022-11-13T12:44:07.774+0000] {processor.py:154} INFO - Started process (PID=788) to work on /opt/airflow/dags/push_qoute.py
[2022-11-13T12:44:07.775+0000] {processor.py:756} INFO - Processing file /opt/airflow/dags/push_qoute.py for tasks to queue
[2022-11-13T12:44:07.776+0000] {logging_mixin.py:120} INFO - [2022-11-13T12:44:07.776+0000] {dagbag.py:537} INFO - Filling up the DagBag from /opt/airflow/dags/push_qoute.py
[2022-11-13T12:44:07.789+0000] {processor.py:766} INFO - DAG(s) dict_keys(['push_qoute']) retrieved from /opt/airflow/dags/push_qoute.py
[2022-11-13T12:44:07.825+0000] {logging_mixin.py:120} INFO - [2022-11-13T12:44:07.825+0000] {dag.py:2585} INFO - Sync 1 DAGs
[2022-11-13T12:44:07.848+0000] {logging_mixin.py:120} INFO - [2022-11-13T12:44:07.848+0000] {dag.py:3340} INFO - Setting next_dagrun for push_qoute to 2022-11-10T00:00:00+00:00, run_after=2022-11-11T00:00:00+00:00
[2022-11-13T12:44:07.870+0000] {processor.py:176} INFO - Processing /opt/airflow/dags/push_qoute.py took 0.099 seconds
[2022-11-13T12:44:38.295+0000] {processor.py:154} INFO - Started process (PID=848) to work on /opt/airflow/dags/push_qoute.py
[2022-11-13T12:44:38.296+0000] {processor.py:756} INFO - Processing file /opt/airflow/dags/push_qoute.py for tasks to queue
[2022-11-13T12:44:38.296+0000] {logging_mixin.py:120} INFO - [2022-11-13T12:44:38.296+0000] {dagbag.py:537} INFO - Filling up the DagBag from /opt/airflow/dags/push_qoute.py
[2022-11-13T12:44:38.310+0000] {processor.py:766} INFO - DAG(s) dict_keys(['push_qoute']) retrieved from /opt/airflow/dags/push_qoute.py
[2022-11-13T12:44:38.349+0000] {logging_mixin.py:120} INFO - [2022-11-13T12:44:38.349+0000] {dag.py:2585} INFO - Sync 1 DAGs
[2022-11-13T12:44:38.376+0000] {logging_mixin.py:120} INFO - [2022-11-13T12:44:38.376+0000] {dag.py:3340} INFO - Setting next_dagrun for push_qoute to 2022-11-10T00:00:00+00:00, run_after=2022-11-11T00:00:00+00:00
[2022-11-13T12:44:38.393+0000] {processor.py:176} INFO - Processing /opt/airflow/dags/push_qoute.py took 0.102 seconds
[2022-11-13T12:45:08.820+0000] {processor.py:154} INFO - Started process (PID=896) to work on /opt/airflow/dags/push_qoute.py
[2022-11-13T12:45:08.821+0000] {processor.py:756} INFO - Processing file /opt/airflow/dags/push_qoute.py for tasks to queue
[2022-11-13T12:45:08.822+0000] {logging_mixin.py:120} INFO - [2022-11-13T12:45:08.822+0000] {dagbag.py:537} INFO - Filling up the DagBag from /opt/airflow/dags/push_qoute.py
[2022-11-13T12:45:08.836+0000] {processor.py:766} INFO - DAG(s) dict_keys(['push_qoute']) retrieved from /opt/airflow/dags/push_qoute.py
[2022-11-13T12:45:08.872+0000] {logging_mixin.py:120} INFO - [2022-11-13T12:45:08.872+0000] {dag.py:2585} INFO - Sync 1 DAGs
[2022-11-13T12:45:08.897+0000] {logging_mixin.py:120} INFO - [2022-11-13T12:45:08.896+0000] {dag.py:3340} INFO - Setting next_dagrun for push_qoute to 2022-11-10T00:00:00+00:00, run_after=2022-11-11T00:00:00+00:00
[2022-11-13T12:45:08.914+0000] {processor.py:176} INFO - Processing /opt/airflow/dags/push_qoute.py took 0.097 seconds
[2022-11-13T12:45:39.305+0000] {processor.py:154} INFO - Started process (PID=953) to work on /opt/airflow/dags/push_qoute.py
[2022-11-13T12:45:39.305+0000] {processor.py:756} INFO - Processing file /opt/airflow/dags/push_qoute.py for tasks to queue
[2022-11-13T12:45:39.306+0000] {logging_mixin.py:120} INFO - [2022-11-13T12:45:39.306+0000] {dagbag.py:537} INFO - Filling up the DagBag from /opt/airflow/dags/push_qoute.py
[2022-11-13T12:45:39.320+0000] {processor.py:766} INFO - DAG(s) dict_keys(['push_qoute']) retrieved from /opt/airflow/dags/push_qoute.py
[2022-11-13T12:45:39.356+0000] {logging_mixin.py:120} INFO - [2022-11-13T12:45:39.355+0000] {dag.py:2585} INFO - Sync 1 DAGs
[2022-11-13T12:45:39.378+0000] {logging_mixin.py:120} INFO - [2022-11-13T12:45:39.378+0000] {dag.py:3340} INFO - Setting next_dagrun for push_qoute to 2022-11-10T00:00:00+00:00, run_after=2022-11-11T00:00:00+00:00
[2022-11-13T12:45:39.393+0000] {processor.py:176} INFO - Processing /opt/airflow/dags/push_qoute.py took 0.093 seconds
[2022-11-13T12:46:09.739+0000] {processor.py:154} INFO - Started process (PID=1009) to work on /opt/airflow/dags/push_qoute.py
[2022-11-13T12:46:09.740+0000] {processor.py:756} INFO - Processing file /opt/airflow/dags/push_qoute.py for tasks to queue
[2022-11-13T12:46:09.741+0000] {logging_mixin.py:120} INFO - [2022-11-13T12:46:09.741+0000] {dagbag.py:537} INFO - Filling up the DagBag from /opt/airflow/dags/push_qoute.py
[2022-11-13T12:46:09.754+0000] {processor.py:766} INFO - DAG(s) dict_keys(['push_qoute']) retrieved from /opt/airflow/dags/push_qoute.py
[2022-11-13T12:46:09.792+0000] {logging_mixin.py:120} INFO - [2022-11-13T12:46:09.792+0000] {dag.py:2585} INFO - Sync 1 DAGs
[2022-11-13T12:46:09.819+0000] {logging_mixin.py:120} INFO - [2022-11-13T12:46:09.819+0000] {dag.py:3340} INFO - Setting next_dagrun for push_qoute to 2022-11-10T00:00:00+00:00, run_after=2022-11-11T00:00:00+00:00
[2022-11-13T12:46:09.839+0000] {processor.py:176} INFO - Processing /opt/airflow/dags/push_qoute.py took 0.103 seconds
[2022-11-13T12:46:40.223+0000] {processor.py:154} INFO - Started process (PID=1054) to work on /opt/airflow/dags/push_qoute.py
[2022-11-13T12:46:40.224+0000] {processor.py:756} INFO - Processing file /opt/airflow/dags/push_qoute.py for tasks to queue
[2022-11-13T12:46:40.225+0000] {logging_mixin.py:120} INFO - [2022-11-13T12:46:40.225+0000] {dagbag.py:537} INFO - Filling up the DagBag from /opt/airflow/dags/push_qoute.py
[2022-11-13T12:46:40.241+0000] {processor.py:766} INFO - DAG(s) dict_keys(['push_qoute']) retrieved from /opt/airflow/dags/push_qoute.py
[2022-11-13T12:46:40.279+0000] {logging_mixin.py:120} INFO - [2022-11-13T12:46:40.278+0000] {dag.py:2585} INFO - Sync 1 DAGs
[2022-11-13T12:46:40.306+0000] {logging_mixin.py:120} INFO - [2022-11-13T12:46:40.306+0000] {dag.py:3340} INFO - Setting next_dagrun for push_qoute to 2022-11-10T00:00:00+00:00, run_after=2022-11-11T00:00:00+00:00
[2022-11-13T12:46:40.321+0000] {processor.py:176} INFO - Processing /opt/airflow/dags/push_qoute.py took 0.105 seconds
[2022-11-13T12:47:10.607+0000] {processor.py:154} INFO - Started process (PID=1106) to work on /opt/airflow/dags/push_qoute.py
[2022-11-13T12:47:10.608+0000] {processor.py:756} INFO - Processing file /opt/airflow/dags/push_qoute.py for tasks to queue
[2022-11-13T12:47:10.609+0000] {logging_mixin.py:120} INFO - [2022-11-13T12:47:10.609+0000] {dagbag.py:537} INFO - Filling up the DagBag from /opt/airflow/dags/push_qoute.py
[2022-11-13T12:47:10.623+0000] {processor.py:766} INFO - DAG(s) dict_keys(['push_qoute']) retrieved from /opt/airflow/dags/push_qoute.py
[2022-11-13T12:47:10.661+0000] {logging_mixin.py:120} INFO - [2022-11-13T12:47:10.661+0000] {dag.py:2585} INFO - Sync 1 DAGs
[2022-11-13T12:47:10.692+0000] {logging_mixin.py:120} INFO - [2022-11-13T12:47:10.692+0000] {dag.py:3340} INFO - Setting next_dagrun for push_qoute to 2022-11-10T00:00:00+00:00, run_after=2022-11-11T00:00:00+00:00
[2022-11-13T12:47:10.716+0000] {processor.py:176} INFO - Processing /opt/airflow/dags/push_qoute.py took 0.111 seconds
[2022-11-13T12:47:40.885+0000] {processor.py:154} INFO - Started process (PID=1158) to work on /opt/airflow/dags/push_qoute.py
[2022-11-13T12:47:40.885+0000] {processor.py:756} INFO - Processing file /opt/airflow/dags/push_qoute.py for tasks to queue
[2022-11-13T12:47:40.886+0000] {logging_mixin.py:120} INFO - [2022-11-13T12:47:40.886+0000] {dagbag.py:537} INFO - Filling up the DagBag from /opt/airflow/dags/push_qoute.py
[2022-11-13T12:47:40.900+0000] {processor.py:766} INFO - DAG(s) dict_keys(['push_qoute']) retrieved from /opt/airflow/dags/push_qoute.py
[2022-11-13T12:47:40.939+0000] {logging_mixin.py:120} INFO - [2022-11-13T12:47:40.939+0000] {dag.py:2585} INFO - Sync 1 DAGs
[2022-11-13T12:47:40.964+0000] {logging_mixin.py:120} INFO - [2022-11-13T12:47:40.964+0000] {dag.py:3340} INFO - Setting next_dagrun for push_qoute to 2022-11-10T00:00:00+00:00, run_after=2022-11-11T00:00:00+00:00
[2022-11-13T12:47:40.981+0000] {processor.py:176} INFO - Processing /opt/airflow/dags/push_qoute.py took 0.099 seconds
[2022-11-13T12:48:11.302+0000] {processor.py:154} INFO - Started process (PID=1201) to work on /opt/airflow/dags/push_qoute.py
[2022-11-13T12:48:11.303+0000] {processor.py:756} INFO - Processing file /opt/airflow/dags/push_qoute.py for tasks to queue
[2022-11-13T12:48:11.303+0000] {logging_mixin.py:120} INFO - [2022-11-13T12:48:11.303+0000] {dagbag.py:537} INFO - Filling up the DagBag from /opt/airflow/dags/push_qoute.py
[2022-11-13T12:48:11.316+0000] {processor.py:766} INFO - DAG(s) dict_keys(['push_qoute']) retrieved from /opt/airflow/dags/push_qoute.py
[2022-11-13T12:48:11.356+0000] {logging_mixin.py:120} INFO - [2022-11-13T12:48:11.355+0000] {dag.py:2585} INFO - Sync 1 DAGs
[2022-11-13T12:48:11.380+0000] {logging_mixin.py:120} INFO - [2022-11-13T12:48:11.380+0000] {dag.py:3340} INFO - Setting next_dagrun for push_qoute to 2022-11-10T00:00:00+00:00, run_after=2022-11-11T00:00:00+00:00
[2022-11-13T12:48:11.398+0000] {processor.py:176} INFO - Processing /opt/airflow/dags/push_qoute.py took 0.099 seconds
[2022-11-13T12:48:41.716+0000] {processor.py:154} INFO - Started process (PID=1258) to work on /opt/airflow/dags/push_qoute.py
[2022-11-13T12:48:41.716+0000] {processor.py:756} INFO - Processing file /opt/airflow/dags/push_qoute.py for tasks to queue
[2022-11-13T12:48:41.717+0000] {logging_mixin.py:120} INFO - [2022-11-13T12:48:41.717+0000] {dagbag.py:537} INFO - Filling up the DagBag from /opt/airflow/dags/push_qoute.py
[2022-11-13T12:48:41.730+0000] {processor.py:766} INFO - DAG(s) dict_keys(['push_qoute']) retrieved from /opt/airflow/dags/push_qoute.py
[2022-11-13T12:48:41.765+0000] {logging_mixin.py:120} INFO - [2022-11-13T12:48:41.765+0000] {dag.py:2585} INFO - Sync 1 DAGs
[2022-11-13T12:48:41.793+0000] {logging_mixin.py:120} INFO - [2022-11-13T12:48:41.792+0000] {dag.py:3340} INFO - Setting next_dagrun for push_qoute to 2022-11-10T00:00:00+00:00, run_after=2022-11-11T00:00:00+00:00
[2022-11-13T12:48:41.812+0000] {processor.py:176} INFO - Processing /opt/airflow/dags/push_qoute.py took 0.099 seconds
[2022-11-13T12:49:12.097+0000] {processor.py:154} INFO - Started process (PID=1315) to work on /opt/airflow/dags/push_qoute.py
[2022-11-13T12:49:12.097+0000] {processor.py:756} INFO - Processing file /opt/airflow/dags/push_qoute.py for tasks to queue
[2022-11-13T12:49:12.098+0000] {logging_mixin.py:120} INFO - [2022-11-13T12:49:12.098+0000] {dagbag.py:537} INFO - Filling up the DagBag from /opt/airflow/dags/push_qoute.py
[2022-11-13T12:49:12.110+0000] {processor.py:766} INFO - DAG(s) dict_keys(['push_qoute']) retrieved from /opt/airflow/dags/push_qoute.py
[2022-11-13T12:49:12.146+0000] {logging_mixin.py:120} INFO - [2022-11-13T12:49:12.146+0000] {dag.py:2585} INFO - Sync 1 DAGs
[2022-11-13T12:49:12.168+0000] {logging_mixin.py:120} INFO - [2022-11-13T12:49:12.168+0000] {dag.py:3340} INFO - Setting next_dagrun for push_qoute to 2022-11-10T00:00:00+00:00, run_after=2022-11-11T00:00:00+00:00
[2022-11-13T12:49:12.185+0000] {processor.py:176} INFO - Processing /opt/airflow/dags/push_qoute.py took 0.091 seconds
[2022-11-13T12:49:42.491+0000] {processor.py:154} INFO - Started process (PID=1372) to work on /opt/airflow/dags/push_qoute.py
[2022-11-13T12:49:42.492+0000] {processor.py:756} INFO - Processing file /opt/airflow/dags/push_qoute.py for tasks to queue
[2022-11-13T12:49:42.493+0000] {logging_mixin.py:120} INFO - [2022-11-13T12:49:42.492+0000] {dagbag.py:537} INFO - Filling up the DagBag from /opt/airflow/dags/push_qoute.py
[2022-11-13T12:49:42.505+0000] {processor.py:766} INFO - DAG(s) dict_keys(['push_qoute']) retrieved from /opt/airflow/dags/push_qoute.py
[2022-11-13T12:49:42.542+0000] {logging_mixin.py:120} INFO - [2022-11-13T12:49:42.541+0000] {dag.py:2585} INFO - Sync 1 DAGs
[2022-11-13T12:49:42.564+0000] {logging_mixin.py:120} INFO - [2022-11-13T12:49:42.564+0000] {dag.py:3340} INFO - Setting next_dagrun for push_qoute to 2022-11-10T00:00:00+00:00, run_after=2022-11-11T00:00:00+00:00
[2022-11-13T12:49:42.589+0000] {processor.py:176} INFO - Processing /opt/airflow/dags/push_qoute.py took 0.102 seconds
[2022-11-13T12:50:12.862+0000] {processor.py:154} INFO - Started process (PID=1420) to work on /opt/airflow/dags/push_qoute.py
[2022-11-13T12:50:12.863+0000] {processor.py:756} INFO - Processing file /opt/airflow/dags/push_qoute.py for tasks to queue
[2022-11-13T12:50:12.863+0000] {logging_mixin.py:120} INFO - [2022-11-13T12:50:12.863+0000] {dagbag.py:537} INFO - Filling up the DagBag from /opt/airflow/dags/push_qoute.py
[2022-11-13T12:50:12.875+0000] {processor.py:766} INFO - DAG(s) dict_keys(['push_qoute']) retrieved from /opt/airflow/dags/push_qoute.py
[2022-11-13T12:50:12.911+0000] {logging_mixin.py:120} INFO - [2022-11-13T12:50:12.910+0000] {dag.py:2585} INFO - Sync 1 DAGs
[2022-11-13T12:50:12.934+0000] {logging_mixin.py:120} INFO - [2022-11-13T12:50:12.934+0000] {dag.py:3340} INFO - Setting next_dagrun for push_qoute to 2022-11-10T00:00:00+00:00, run_after=2022-11-11T00:00:00+00:00
[2022-11-13T12:50:12.952+0000] {processor.py:176} INFO - Processing /opt/airflow/dags/push_qoute.py took 0.094 seconds
[2022-11-13T12:50:43.242+0000] {processor.py:154} INFO - Started process (PID=1477) to work on /opt/airflow/dags/push_qoute.py
[2022-11-13T12:50:43.243+0000] {processor.py:756} INFO - Processing file /opt/airflow/dags/push_qoute.py for tasks to queue
[2022-11-13T12:50:43.243+0000] {logging_mixin.py:120} INFO - [2022-11-13T12:50:43.243+0000] {dagbag.py:537} INFO - Filling up the DagBag from /opt/airflow/dags/push_qoute.py
[2022-11-13T12:50:43.255+0000] {processor.py:766} INFO - DAG(s) dict_keys(['push_qoute']) retrieved from /opt/airflow/dags/push_qoute.py
[2022-11-13T12:50:43.290+0000] {logging_mixin.py:120} INFO - [2022-11-13T12:50:43.290+0000] {dag.py:2585} INFO - Sync 1 DAGs
[2022-11-13T12:50:43.313+0000] {logging_mixin.py:120} INFO - [2022-11-13T12:50:43.313+0000] {dag.py:3340} INFO - Setting next_dagrun for push_qoute to 2022-11-10T00:00:00+00:00, run_after=2022-11-11T00:00:00+00:00
[2022-11-13T12:50:43.330+0000] {processor.py:176} INFO - Processing /opt/airflow/dags/push_qoute.py took 0.092 seconds
[2022-11-13T12:51:13.606+0000] {processor.py:154} INFO - Started process (PID=1534) to work on /opt/airflow/dags/push_qoute.py
[2022-11-13T12:51:13.607+0000] {processor.py:756} INFO - Processing file /opt/airflow/dags/push_qoute.py for tasks to queue
[2022-11-13T12:51:13.607+0000] {logging_mixin.py:120} INFO - [2022-11-13T12:51:13.607+0000] {dagbag.py:537} INFO - Filling up the DagBag from /opt/airflow/dags/push_qoute.py
[2022-11-13T12:51:13.620+0000] {processor.py:766} INFO - DAG(s) dict_keys(['push_qoute']) retrieved from /opt/airflow/dags/push_qoute.py
[2022-11-13T12:51:13.654+0000] {logging_mixin.py:120} INFO - [2022-11-13T12:51:13.654+0000] {dag.py:2585} INFO - Sync 1 DAGs
[2022-11-13T12:51:13.677+0000] {logging_mixin.py:120} INFO - [2022-11-13T12:51:13.677+0000] {dag.py:3340} INFO - Setting next_dagrun for push_qoute to 2022-11-10T00:00:00+00:00, run_after=2022-11-11T00:00:00+00:00
[2022-11-13T12:51:13.697+0000] {processor.py:176} INFO - Processing /opt/airflow/dags/push_qoute.py took 0.094 seconds
[2022-11-13T12:51:44.044+0000] {processor.py:154} INFO - Started process (PID=1582) to work on /opt/airflow/dags/push_qoute.py
[2022-11-13T12:51:44.045+0000] {processor.py:756} INFO - Processing file /opt/airflow/dags/push_qoute.py for tasks to queue
[2022-11-13T12:51:44.046+0000] {logging_mixin.py:120} INFO - [2022-11-13T12:51:44.046+0000] {dagbag.py:537} INFO - Filling up the DagBag from /opt/airflow/dags/push_qoute.py
[2022-11-13T12:51:44.058+0000] {processor.py:766} INFO - DAG(s) dict_keys(['push_qoute']) retrieved from /opt/airflow/dags/push_qoute.py
[2022-11-13T12:51:44.096+0000] {logging_mixin.py:120} INFO - [2022-11-13T12:51:44.096+0000] {dag.py:2585} INFO - Sync 1 DAGs
[2022-11-13T12:51:44.124+0000] {logging_mixin.py:120} INFO - [2022-11-13T12:51:44.124+0000] {dag.py:3340} INFO - Setting next_dagrun for push_qoute to 2022-11-10T00:00:00+00:00, run_after=2022-11-11T00:00:00+00:00
[2022-11-13T12:51:44.140+0000] {processor.py:176} INFO - Processing /opt/airflow/dags/push_qoute.py took 0.100 seconds
[2022-11-13T12:52:14.564+0000] {processor.py:154} INFO - Started process (PID=1639) to work on /opt/airflow/dags/push_qoute.py
[2022-11-13T12:52:14.564+0000] {processor.py:756} INFO - Processing file /opt/airflow/dags/push_qoute.py for tasks to queue
[2022-11-13T12:52:14.565+0000] {logging_mixin.py:120} INFO - [2022-11-13T12:52:14.565+0000] {dagbag.py:537} INFO - Filling up the DagBag from /opt/airflow/dags/push_qoute.py
[2022-11-13T12:52:14.581+0000] {processor.py:766} INFO - DAG(s) dict_keys(['push_qoute']) retrieved from /opt/airflow/dags/push_qoute.py
[2022-11-13T12:52:14.622+0000] {logging_mixin.py:120} INFO - [2022-11-13T12:52:14.622+0000] {dag.py:2585} INFO - Sync 1 DAGs
[2022-11-13T12:52:14.654+0000] {logging_mixin.py:120} INFO - [2022-11-13T12:52:14.654+0000] {dag.py:3340} INFO - Setting next_dagrun for push_qoute to 2022-11-10T00:00:00+00:00, run_after=2022-11-11T00:00:00+00:00
[2022-11-13T12:52:14.672+0000] {processor.py:176} INFO - Processing /opt/airflow/dags/push_qoute.py took 0.115 seconds
[2022-11-13T12:52:44.987+0000] {processor.py:154} INFO - Started process (PID=1694) to work on /opt/airflow/dags/push_qoute.py
[2022-11-13T12:52:44.989+0000] {processor.py:756} INFO - Processing file /opt/airflow/dags/push_qoute.py for tasks to queue
[2022-11-13T12:52:44.990+0000] {logging_mixin.py:120} INFO - [2022-11-13T12:52:44.989+0000] {dagbag.py:537} INFO - Filling up the DagBag from /opt/airflow/dags/push_qoute.py
[2022-11-13T12:52:45.003+0000] {processor.py:766} INFO - DAG(s) dict_keys(['push_qoute']) retrieved from /opt/airflow/dags/push_qoute.py
[2022-11-13T12:52:45.041+0000] {logging_mixin.py:120} INFO - [2022-11-13T12:52:45.041+0000] {dag.py:2585} INFO - Sync 1 DAGs
[2022-11-13T12:52:45.064+0000] {logging_mixin.py:120} INFO - [2022-11-13T12:52:45.064+0000] {dag.py:3340} INFO - Setting next_dagrun for push_qoute to 2022-11-10T00:00:00+00:00, run_after=2022-11-11T00:00:00+00:00
[2022-11-13T12:52:45.080+0000] {processor.py:176} INFO - Processing /opt/airflow/dags/push_qoute.py took 0.097 seconds
[2022-11-13T12:53:16.294+0000] {processor.py:154} INFO - Started process (PID=1816) to work on /opt/airflow/dags/push_qoute.py
[2022-11-13T12:53:16.297+0000] {processor.py:756} INFO - Processing file /opt/airflow/dags/push_qoute.py for tasks to queue
[2022-11-13T12:53:16.300+0000] {logging_mixin.py:120} INFO - [2022-11-13T12:53:16.299+0000] {dagbag.py:537} INFO - Filling up the DagBag from /opt/airflow/dags/push_qoute.py
[2022-11-13T12:53:16.371+0000] {processor.py:766} INFO - DAG(s) dict_keys(['push_qoute']) retrieved from /opt/airflow/dags/push_qoute.py
[2022-11-13T12:53:16.512+0000] {logging_mixin.py:120} INFO - [2022-11-13T12:53:16.511+0000] {dag.py:2585} INFO - Sync 1 DAGs
[2022-11-13T12:53:16.584+0000] {logging_mixin.py:120} INFO - [2022-11-13T12:53:16.584+0000] {dag.py:3340} INFO - Setting next_dagrun for push_qoute to 2022-11-10T00:00:00+00:00, run_after=2022-11-11T00:00:00+00:00
[2022-11-13T12:53:16.687+0000] {processor.py:176} INFO - Processing /opt/airflow/dags/push_qoute.py took 0.407 seconds
[2022-11-13T12:53:47.294+0000] {processor.py:154} INFO - Started process (PID=1976) to work on /opt/airflow/dags/push_qoute.py
[2022-11-13T12:53:47.295+0000] {processor.py:756} INFO - Processing file /opt/airflow/dags/push_qoute.py for tasks to queue
[2022-11-13T12:53:47.295+0000] {logging_mixin.py:120} INFO - [2022-11-13T12:53:47.295+0000] {dagbag.py:537} INFO - Filling up the DagBag from /opt/airflow/dags/push_qoute.py
[2022-11-13T12:53:47.310+0000] {processor.py:766} INFO - DAG(s) dict_keys(['push_qoute']) retrieved from /opt/airflow/dags/push_qoute.py
[2022-11-13T12:53:47.348+0000] {logging_mixin.py:120} INFO - [2022-11-13T12:53:47.348+0000] {dag.py:2585} INFO - Sync 1 DAGs
[2022-11-13T12:53:47.375+0000] {logging_mixin.py:120} INFO - [2022-11-13T12:53:47.375+0000] {dag.py:3340} INFO - Setting next_dagrun for push_qoute to 2022-11-10T00:00:00+00:00, run_after=2022-11-11T00:00:00+00:00
[2022-11-13T12:53:47.397+0000] {processor.py:176} INFO - Processing /opt/airflow/dags/push_qoute.py took 0.107 seconds
[2022-11-13T12:54:18.441+0000] {processor.py:154} INFO - Started process (PID=2183) to work on /opt/airflow/dags/push_qoute.py
[2022-11-13T12:54:18.442+0000] {processor.py:756} INFO - Processing file /opt/airflow/dags/push_qoute.py for tasks to queue
[2022-11-13T12:54:18.443+0000] {logging_mixin.py:120} INFO - [2022-11-13T12:54:18.443+0000] {dagbag.py:537} INFO - Filling up the DagBag from /opt/airflow/dags/push_qoute.py
[2022-11-13T12:54:18.466+0000] {processor.py:766} INFO - DAG(s) dict_keys(['push_qoute']) retrieved from /opt/airflow/dags/push_qoute.py
[2022-11-13T12:54:18.523+0000] {logging_mixin.py:120} INFO - [2022-11-13T12:54:18.523+0000] {dag.py:2585} INFO - Sync 1 DAGs
[2022-11-13T12:54:18.561+0000] {logging_mixin.py:120} INFO - [2022-11-13T12:54:18.560+0000] {dag.py:3340} INFO - Setting next_dagrun for push_qoute to 2022-11-10T00:00:00+00:00, run_after=2022-11-11T00:00:00+00:00
[2022-11-13T12:54:18.591+0000] {processor.py:176} INFO - Processing /opt/airflow/dags/push_qoute.py took 0.160 seconds
[2022-11-13T12:54:48.981+0000] {processor.py:154} INFO - Started process (PID=2246) to work on /opt/airflow/dags/push_qoute.py
[2022-11-13T12:54:48.982+0000] {processor.py:756} INFO - Processing file /opt/airflow/dags/push_qoute.py for tasks to queue
[2022-11-13T12:54:48.982+0000] {logging_mixin.py:120} INFO - [2022-11-13T12:54:48.982+0000] {dagbag.py:537} INFO - Filling up the DagBag from /opt/airflow/dags/push_qoute.py
[2022-11-13T12:54:48.998+0000] {processor.py:766} INFO - DAG(s) dict_keys(['push_qoute']) retrieved from /opt/airflow/dags/push_qoute.py
[2022-11-13T12:54:49.043+0000] {logging_mixin.py:120} INFO - [2022-11-13T12:54:49.042+0000] {dag.py:2585} INFO - Sync 1 DAGs
[2022-11-13T12:54:49.112+0000] {logging_mixin.py:120} INFO - [2022-11-13T12:54:49.111+0000] {dag.py:3340} INFO - Setting next_dagrun for push_qoute to 2022-11-10T00:00:00+00:00, run_after=2022-11-11T00:00:00+00:00
[2022-11-13T12:54:49.183+0000] {processor.py:176} INFO - Processing /opt/airflow/dags/push_qoute.py took 0.205 seconds
