[2022-11-13T12:38:30.966+0000] {processor.py:154} INFO - Started process (PID=177) to work on /opt/airflow/dags/text_processing.py
[2022-11-13T12:38:30.972+0000] {processor.py:756} INFO - Processing file /opt/airflow/dags/text_processing.py for tasks to queue
[2022-11-13T12:38:30.973+0000] {logging_mixin.py:120} INFO - [2022-11-13T12:38:30.973+0000] {dagbag.py:537} INFO - Filling up the DagBag from /opt/airflow/dags/text_processing.py
[2022-11-13T12:38:31.077+0000] {processor.py:766} INFO - DAG(s) dict_keys(['text_processing']) retrieved from /opt/airflow/dags/text_processing.py
[2022-11-13T12:38:31.634+0000] {logging_mixin.py:120} INFO - [2022-11-13T12:38:31.633+0000] {dag.py:2585} INFO - Sync 1 DAGs
[2022-11-13T12:38:31.668+0000] {logging_mixin.py:120} INFO - [2022-11-13T12:38:31.668+0000] {dag.py:3340} INFO - Setting next_dagrun for text_processing to 2022-11-12T00:00:00+00:00, run_after=2022-11-13T00:00:00+00:00
[2022-11-13T12:38:31.696+0000] {processor.py:176} INFO - Processing /opt/airflow/dags/text_processing.py took 0.740 seconds
[2022-11-13T12:39:01.811+0000] {processor.py:154} INFO - Started process (PID=235) to work on /opt/airflow/dags/text_processing.py
[2022-11-13T12:39:01.819+0000] {processor.py:756} INFO - Processing file /opt/airflow/dags/text_processing.py for tasks to queue
[2022-11-13T12:39:01.821+0000] {logging_mixin.py:120} INFO - [2022-11-13T12:39:01.821+0000] {dagbag.py:537} INFO - Filling up the DagBag from /opt/airflow/dags/text_processing.py
[2022-11-13T12:39:02.413+0000] {processor.py:766} INFO - DAG(s) dict_keys(['text_processing']) retrieved from /opt/airflow/dags/text_processing.py
[2022-11-13T12:39:02.567+0000] {logging_mixin.py:120} INFO - [2022-11-13T12:39:02.567+0000] {dag.py:2585} INFO - Sync 1 DAGs
[2022-11-13T12:39:02.610+0000] {logging_mixin.py:120} INFO - [2022-11-13T12:39:02.610+0000] {dag.py:3340} INFO - Setting next_dagrun for text_processing to 2022-11-12T00:00:00+00:00, run_after=2022-11-13T00:00:00+00:00
[2022-11-13T12:39:02.687+0000] {processor.py:176} INFO - Processing /opt/airflow/dags/text_processing.py took 0.882 seconds
[2022-11-13T12:39:33.224+0000] {processor.py:154} INFO - Started process (PID=293) to work on /opt/airflow/dags/text_processing.py
[2022-11-13T12:39:33.230+0000] {processor.py:756} INFO - Processing file /opt/airflow/dags/text_processing.py for tasks to queue
[2022-11-13T12:39:33.231+0000] {logging_mixin.py:120} INFO - [2022-11-13T12:39:33.231+0000] {dagbag.py:537} INFO - Filling up the DagBag from /opt/airflow/dags/text_processing.py
[2022-11-13T12:39:33.258+0000] {processor.py:766} INFO - DAG(s) dict_keys(['text_processing']) retrieved from /opt/airflow/dags/text_processing.py
[2022-11-13T12:39:33.311+0000] {logging_mixin.py:120} INFO - [2022-11-13T12:39:33.311+0000] {dag.py:2585} INFO - Sync 1 DAGs
[2022-11-13T12:39:33.344+0000] {logging_mixin.py:120} INFO - [2022-11-13T12:39:33.344+0000] {dag.py:3340} INFO - Setting next_dagrun for text_processing to 2022-11-12T00:00:00+00:00, run_after=2022-11-13T00:00:00+00:00
[2022-11-13T12:39:33.370+0000] {processor.py:176} INFO - Processing /opt/airflow/dags/text_processing.py took 0.150 seconds
[2022-11-13T12:40:03.850+0000] {processor.py:154} INFO - Started process (PID=341) to work on /opt/airflow/dags/text_processing.py
[2022-11-13T12:40:03.851+0000] {processor.py:756} INFO - Processing file /opt/airflow/dags/text_processing.py for tasks to queue
[2022-11-13T12:40:03.851+0000] {logging_mixin.py:120} INFO - [2022-11-13T12:40:03.851+0000] {dagbag.py:537} INFO - Filling up the DagBag from /opt/airflow/dags/text_processing.py
[2022-11-13T12:40:03.867+0000] {processor.py:766} INFO - DAG(s) dict_keys(['text_processing']) retrieved from /opt/airflow/dags/text_processing.py
[2022-11-13T12:40:03.907+0000] {logging_mixin.py:120} INFO - [2022-11-13T12:40:03.907+0000] {dag.py:2585} INFO - Sync 1 DAGs
[2022-11-13T12:40:03.933+0000] {logging_mixin.py:120} INFO - [2022-11-13T12:40:03.933+0000] {dag.py:3340} INFO - Setting next_dagrun for text_processing to 2022-11-12T00:00:00+00:00, run_after=2022-11-13T00:00:00+00:00
[2022-11-13T12:40:03.952+0000] {processor.py:176} INFO - Processing /opt/airflow/dags/text_processing.py took 0.105 seconds
[2022-11-13T12:40:34.241+0000] {processor.py:154} INFO - Started process (PID=398) to work on /opt/airflow/dags/text_processing.py
[2022-11-13T12:40:34.245+0000] {processor.py:756} INFO - Processing file /opt/airflow/dags/text_processing.py for tasks to queue
[2022-11-13T12:40:34.246+0000] {logging_mixin.py:120} INFO - [2022-11-13T12:40:34.246+0000] {dagbag.py:537} INFO - Filling up the DagBag from /opt/airflow/dags/text_processing.py
[2022-11-13T12:40:34.260+0000] {processor.py:766} INFO - DAG(s) dict_keys(['text_processing']) retrieved from /opt/airflow/dags/text_processing.py
[2022-11-13T12:40:34.301+0000] {logging_mixin.py:120} INFO - [2022-11-13T12:40:34.301+0000] {dag.py:2585} INFO - Sync 1 DAGs
[2022-11-13T12:40:34.328+0000] {logging_mixin.py:120} INFO - [2022-11-13T12:40:34.327+0000] {dag.py:3340} INFO - Setting next_dagrun for text_processing to 2022-11-12T00:00:00+00:00, run_after=2022-11-13T00:00:00+00:00
[2022-11-13T12:40:34.351+0000] {processor.py:176} INFO - Processing /opt/airflow/dags/text_processing.py took 0.113 seconds
[2022-11-13T12:41:04.514+0000] {processor.py:154} INFO - Started process (PID=455) to work on /opt/airflow/dags/text_processing.py
[2022-11-13T12:41:04.515+0000] {processor.py:756} INFO - Processing file /opt/airflow/dags/text_processing.py for tasks to queue
[2022-11-13T12:41:04.515+0000] {logging_mixin.py:120} INFO - [2022-11-13T12:41:04.515+0000] {dagbag.py:537} INFO - Filling up the DagBag from /opt/airflow/dags/text_processing.py
[2022-11-13T12:41:04.530+0000] {processor.py:766} INFO - DAG(s) dict_keys(['text_processing']) retrieved from /opt/airflow/dags/text_processing.py
[2022-11-13T12:41:04.569+0000] {logging_mixin.py:120} INFO - [2022-11-13T12:41:04.569+0000] {dag.py:2585} INFO - Sync 1 DAGs
[2022-11-13T12:41:04.594+0000] {logging_mixin.py:120} INFO - [2022-11-13T12:41:04.594+0000] {dag.py:3340} INFO - Setting next_dagrun for text_processing to 2022-11-12T00:00:00+00:00, run_after=2022-11-13T00:00:00+00:00
[2022-11-13T12:41:04.616+0000] {processor.py:176} INFO - Processing /opt/airflow/dags/text_processing.py took 0.105 seconds
[2022-11-13T12:41:35.079+0000] {processor.py:154} INFO - Started process (PID=502) to work on /opt/airflow/dags/text_processing.py
[2022-11-13T12:41:35.080+0000] {processor.py:756} INFO - Processing file /opt/airflow/dags/text_processing.py for tasks to queue
[2022-11-13T12:41:35.081+0000] {logging_mixin.py:120} INFO - [2022-11-13T12:41:35.081+0000] {dagbag.py:537} INFO - Filling up the DagBag from /opt/airflow/dags/text_processing.py
[2022-11-13T12:41:35.096+0000] {processor.py:766} INFO - DAG(s) dict_keys(['text_processing']) retrieved from /opt/airflow/dags/text_processing.py
[2022-11-13T12:41:35.137+0000] {logging_mixin.py:120} INFO - [2022-11-13T12:41:35.137+0000] {dag.py:2585} INFO - Sync 1 DAGs
[2022-11-13T12:41:35.173+0000] {logging_mixin.py:120} INFO - [2022-11-13T12:41:35.173+0000] {dag.py:3340} INFO - Setting next_dagrun for text_processing to 2022-11-12T00:00:00+00:00, run_after=2022-11-13T00:00:00+00:00
[2022-11-13T12:41:35.191+0000] {processor.py:176} INFO - Processing /opt/airflow/dags/text_processing.py took 0.115 seconds
[2022-11-13T12:42:05.592+0000] {processor.py:154} INFO - Started process (PID=559) to work on /opt/airflow/dags/text_processing.py
[2022-11-13T12:42:05.592+0000] {processor.py:756} INFO - Processing file /opt/airflow/dags/text_processing.py for tasks to queue
[2022-11-13T12:42:05.593+0000] {logging_mixin.py:120} INFO - [2022-11-13T12:42:05.593+0000] {dagbag.py:537} INFO - Filling up the DagBag from /opt/airflow/dags/text_processing.py
[2022-11-13T12:42:05.610+0000] {processor.py:766} INFO - DAG(s) dict_keys(['text_processing']) retrieved from /opt/airflow/dags/text_processing.py
[2022-11-13T12:42:05.651+0000] {logging_mixin.py:120} INFO - [2022-11-13T12:42:05.650+0000] {dag.py:2585} INFO - Sync 1 DAGs
[2022-11-13T12:42:05.683+0000] {logging_mixin.py:120} INFO - [2022-11-13T12:42:05.683+0000] {dag.py:3340} INFO - Setting next_dagrun for text_processing to 2022-11-12T00:00:00+00:00, run_after=2022-11-13T00:00:00+00:00
[2022-11-13T12:42:05.704+0000] {processor.py:176} INFO - Processing /opt/airflow/dags/text_processing.py took 0.115 seconds
[2022-11-13T12:42:36.156+0000] {processor.py:154} INFO - Started process (PID=616) to work on /opt/airflow/dags/text_processing.py
[2022-11-13T12:42:36.157+0000] {processor.py:756} INFO - Processing file /opt/airflow/dags/text_processing.py for tasks to queue
[2022-11-13T12:42:36.157+0000] {logging_mixin.py:120} INFO - [2022-11-13T12:42:36.157+0000] {dagbag.py:537} INFO - Filling up the DagBag from /opt/airflow/dags/text_processing.py
[2022-11-13T12:42:36.171+0000] {processor.py:766} INFO - DAG(s) dict_keys(['text_processing']) retrieved from /opt/airflow/dags/text_processing.py
[2022-11-13T12:42:36.210+0000] {logging_mixin.py:120} INFO - [2022-11-13T12:42:36.209+0000] {dag.py:2585} INFO - Sync 1 DAGs
[2022-11-13T12:42:36.234+0000] {logging_mixin.py:120} INFO - [2022-11-13T12:42:36.234+0000] {dag.py:3340} INFO - Setting next_dagrun for text_processing to 2022-11-12T00:00:00+00:00, run_after=2022-11-13T00:00:00+00:00
[2022-11-13T12:42:36.252+0000] {processor.py:176} INFO - Processing /opt/airflow/dags/text_processing.py took 0.099 seconds
[2022-11-13T12:43:06.581+0000] {processor.py:154} INFO - Started process (PID=664) to work on /opt/airflow/dags/text_processing.py
[2022-11-13T12:43:06.583+0000] {processor.py:756} INFO - Processing file /opt/airflow/dags/text_processing.py for tasks to queue
[2022-11-13T12:43:06.583+0000] {logging_mixin.py:120} INFO - [2022-11-13T12:43:06.583+0000] {dagbag.py:537} INFO - Filling up the DagBag from /opt/airflow/dags/text_processing.py
[2022-11-13T12:43:06.606+0000] {processor.py:766} INFO - DAG(s) dict_keys(['text_processing']) retrieved from /opt/airflow/dags/text_processing.py
[2022-11-13T12:43:06.684+0000] {logging_mixin.py:120} INFO - [2022-11-13T12:43:06.684+0000] {dag.py:2585} INFO - Sync 1 DAGs
[2022-11-13T12:43:06.717+0000] {logging_mixin.py:120} INFO - [2022-11-13T12:43:06.717+0000] {dag.py:3340} INFO - Setting next_dagrun for text_processing to 2022-11-12T00:00:00+00:00, run_after=2022-11-13T00:00:00+00:00
[2022-11-13T12:43:06.741+0000] {processor.py:176} INFO - Processing /opt/airflow/dags/text_processing.py took 0.165 seconds
[2022-11-13T12:43:37.139+0000] {processor.py:154} INFO - Started process (PID=721) to work on /opt/airflow/dags/text_processing.py
[2022-11-13T12:43:37.140+0000] {processor.py:756} INFO - Processing file /opt/airflow/dags/text_processing.py for tasks to queue
[2022-11-13T12:43:37.141+0000] {logging_mixin.py:120} INFO - [2022-11-13T12:43:37.141+0000] {dagbag.py:537} INFO - Filling up the DagBag from /opt/airflow/dags/text_processing.py
[2022-11-13T12:43:37.155+0000] {processor.py:766} INFO - DAG(s) dict_keys(['text_processing']) retrieved from /opt/airflow/dags/text_processing.py
[2022-11-13T12:43:37.192+0000] {logging_mixin.py:120} INFO - [2022-11-13T12:43:37.192+0000] {dag.py:2585} INFO - Sync 1 DAGs
[2022-11-13T12:43:37.216+0000] {logging_mixin.py:120} INFO - [2022-11-13T12:43:37.215+0000] {dag.py:3340} INFO - Setting next_dagrun for text_processing to 2022-11-12T00:00:00+00:00, run_after=2022-11-13T00:00:00+00:00
[2022-11-13T12:43:37.232+0000] {processor.py:176} INFO - Processing /opt/airflow/dags/text_processing.py took 0.096 seconds
[2022-11-13T12:44:07.640+0000] {processor.py:154} INFO - Started process (PID=778) to work on /opt/airflow/dags/text_processing.py
[2022-11-13T12:44:07.641+0000] {processor.py:756} INFO - Processing file /opt/airflow/dags/text_processing.py for tasks to queue
[2022-11-13T12:44:07.641+0000] {logging_mixin.py:120} INFO - [2022-11-13T12:44:07.641+0000] {dagbag.py:537} INFO - Filling up the DagBag from /opt/airflow/dags/text_processing.py
[2022-11-13T12:44:07.657+0000] {processor.py:766} INFO - DAG(s) dict_keys(['text_processing']) retrieved from /opt/airflow/dags/text_processing.py
[2022-11-13T12:44:07.698+0000] {logging_mixin.py:120} INFO - [2022-11-13T12:44:07.698+0000] {dag.py:2585} INFO - Sync 1 DAGs
[2022-11-13T12:44:07.723+0000] {logging_mixin.py:120} INFO - [2022-11-13T12:44:07.723+0000] {dag.py:3340} INFO - Setting next_dagrun for text_processing to 2022-11-12T00:00:00+00:00, run_after=2022-11-13T00:00:00+00:00
[2022-11-13T12:44:07.746+0000] {processor.py:176} INFO - Processing /opt/airflow/dags/text_processing.py took 0.108 seconds
[2022-11-13T12:44:38.038+0000] {processor.py:154} INFO - Started process (PID=834) to work on /opt/airflow/dags/text_processing.py
[2022-11-13T12:44:38.039+0000] {processor.py:756} INFO - Processing file /opt/airflow/dags/text_processing.py for tasks to queue
[2022-11-13T12:44:38.040+0000] {logging_mixin.py:120} INFO - [2022-11-13T12:44:38.039+0000] {dagbag.py:537} INFO - Filling up the DagBag from /opt/airflow/dags/text_processing.py
[2022-11-13T12:44:38.056+0000] {processor.py:766} INFO - DAG(s) dict_keys(['text_processing']) retrieved from /opt/airflow/dags/text_processing.py
[2022-11-13T12:44:38.100+0000] {logging_mixin.py:120} INFO - [2022-11-13T12:44:38.100+0000] {dag.py:2585} INFO - Sync 1 DAGs
[2022-11-13T12:44:38.130+0000] {logging_mixin.py:120} INFO - [2022-11-13T12:44:38.130+0000] {dag.py:3340} INFO - Setting next_dagrun for text_processing to 2022-11-12T00:00:00+00:00, run_after=2022-11-13T00:00:00+00:00
[2022-11-13T12:44:38.152+0000] {processor.py:176} INFO - Processing /opt/airflow/dags/text_processing.py took 0.117 seconds
[2022-11-13T12:45:08.565+0000] {processor.py:154} INFO - Started process (PID=883) to work on /opt/airflow/dags/text_processing.py
[2022-11-13T12:45:08.565+0000] {processor.py:756} INFO - Processing file /opt/airflow/dags/text_processing.py for tasks to queue
[2022-11-13T12:45:08.566+0000] {logging_mixin.py:120} INFO - [2022-11-13T12:45:08.566+0000] {dagbag.py:537} INFO - Filling up the DagBag from /opt/airflow/dags/text_processing.py
[2022-11-13T12:45:08.586+0000] {processor.py:766} INFO - DAG(s) dict_keys(['text_processing']) retrieved from /opt/airflow/dags/text_processing.py
[2022-11-13T12:45:08.626+0000] {logging_mixin.py:120} INFO - [2022-11-13T12:45:08.626+0000] {dag.py:2585} INFO - Sync 1 DAGs
[2022-11-13T12:45:08.662+0000] {logging_mixin.py:120} INFO - [2022-11-13T12:45:08.662+0000] {dag.py:3340} INFO - Setting next_dagrun for text_processing to 2022-11-12T00:00:00+00:00, run_after=2022-11-13T00:00:00+00:00
[2022-11-13T12:45:08.681+0000] {processor.py:176} INFO - Processing /opt/airflow/dags/text_processing.py took 0.119 seconds
[2022-11-13T12:45:39.061+0000] {processor.py:154} INFO - Started process (PID=941) to work on /opt/airflow/dags/text_processing.py
[2022-11-13T12:45:39.062+0000] {processor.py:756} INFO - Processing file /opt/airflow/dags/text_processing.py for tasks to queue
[2022-11-13T12:45:39.063+0000] {logging_mixin.py:120} INFO - [2022-11-13T12:45:39.062+0000] {dagbag.py:537} INFO - Filling up the DagBag from /opt/airflow/dags/text_processing.py
[2022-11-13T12:45:39.078+0000] {processor.py:766} INFO - DAG(s) dict_keys(['text_processing']) retrieved from /opt/airflow/dags/text_processing.py
[2022-11-13T12:45:39.116+0000] {logging_mixin.py:120} INFO - [2022-11-13T12:45:39.116+0000] {dag.py:2585} INFO - Sync 1 DAGs
[2022-11-13T12:45:39.142+0000] {logging_mixin.py:120} INFO - [2022-11-13T12:45:39.142+0000] {dag.py:3340} INFO - Setting next_dagrun for text_processing to 2022-11-12T00:00:00+00:00, run_after=2022-11-13T00:00:00+00:00
[2022-11-13T12:45:39.160+0000] {processor.py:176} INFO - Processing /opt/airflow/dags/text_processing.py took 0.103 seconds
[2022-11-13T12:46:09.596+0000] {processor.py:154} INFO - Started process (PID=999) to work on /opt/airflow/dags/text_processing.py
[2022-11-13T12:46:09.596+0000] {processor.py:756} INFO - Processing file /opt/airflow/dags/text_processing.py for tasks to queue
[2022-11-13T12:46:09.597+0000] {logging_mixin.py:120} INFO - [2022-11-13T12:46:09.597+0000] {dagbag.py:537} INFO - Filling up the DagBag from /opt/airflow/dags/text_processing.py
[2022-11-13T12:46:09.614+0000] {processor.py:766} INFO - DAG(s) dict_keys(['text_processing']) retrieved from /opt/airflow/dags/text_processing.py
[2022-11-13T12:46:09.665+0000] {logging_mixin.py:120} INFO - [2022-11-13T12:46:09.665+0000] {dag.py:2585} INFO - Sync 1 DAGs
[2022-11-13T12:46:09.693+0000] {logging_mixin.py:120} INFO - [2022-11-13T12:46:09.693+0000] {dag.py:3340} INFO - Setting next_dagrun for text_processing to 2022-11-12T00:00:00+00:00, run_after=2022-11-13T00:00:00+00:00
[2022-11-13T12:46:09.714+0000] {processor.py:176} INFO - Processing /opt/airflow/dags/text_processing.py took 0.122 seconds
