[2023-05-10T10:45:51.565+0000] {taskinstance.py:1165} INFO - Dependencies all met for <TaskInstance: extr_proc_aug_pipl.merge_text_n_data scheduled__2022-12-25T19:30:00+00:00 [queued]>
[2023-05-10T10:45:51.623+0000] {taskinstance.py:1165} INFO - Dependencies all met for <TaskInstance: extr_proc_aug_pipl.merge_text_n_data scheduled__2022-12-25T19:30:00+00:00 [queued]>
[2023-05-10T10:45:51.624+0000] {taskinstance.py:1362} INFO - 
--------------------------------------------------------------------------------
[2023-05-10T10:45:51.624+0000] {taskinstance.py:1363} INFO - Starting attempt 1 of 4
[2023-05-10T10:45:51.625+0000] {taskinstance.py:1364} INFO - 
--------------------------------------------------------------------------------
[2023-05-10T10:45:51.895+0000] {taskinstance.py:1383} INFO - Executing <Task(BashOperator): merge_text_n_data> on 2022-12-25 19:30:00+00:00
[2023-05-10T10:45:51.932+0000] {standard_task_runner.py:55} INFO - Started process 688 to run task
[2023-05-10T10:45:51.947+0000] {standard_task_runner.py:82} INFO - Running: ['***', 'tasks', 'run', 'extr_proc_aug_pipl', 'merge_text_n_data', 'scheduled__2022-12-25T19:30:00+00:00', '--job-id', '5606', '--raw', '--subdir', 'DAGS_FOLDER/extr_processing_augmentation.py', '--cfg-path', '/tmp/tmpz51pxjrc']
[2023-05-10T10:45:51.954+0000] {standard_task_runner.py:83} INFO - Job 5606: Subtask merge_text_n_data
[2023-05-10T10:45:52.044+0000] {logging_mixin.py:120} WARNING - /home/***/.local/lib/python3.7/site-packages/***/configuration.py:545 DeprecationWarning: The sql_alchemy_conn option in [core] has been moved to the sql_alchemy_conn option in [database] - the old setting has been used, but please update your config.
[2023-05-10T10:45:52.299+0000] {task_command.py:376} INFO - Running <TaskInstance: extr_proc_aug_pipl.merge_text_n_data scheduled__2022-12-25T19:30:00+00:00 [running]> on host 0961b7a3874f
[2023-05-10T10:45:52.592+0000] {taskinstance.py:1592} INFO - Exporting the following env vars:
AIRFLOW_CTX_DAG_EMAIL=***@***.com
AIRFLOW_CTX_DAG_OWNER=***
AIRFLOW_CTX_DAG_ID=extr_proc_aug_pipl
AIRFLOW_CTX_TASK_ID=merge_text_n_data
AIRFLOW_CTX_EXECUTION_DATE=2022-12-25T19:30:00+00:00
AIRFLOW_CTX_TRY_NUMBER=1
AIRFLOW_CTX_DAG_RUN_ID=scheduled__2022-12-25T19:30:00+00:00
[2023-05-10T10:45:52.595+0000] {subprocess.py:63} INFO - Tmp dir root location: 
 /tmp
[2023-05-10T10:45:52.598+0000] {subprocess.py:75} INFO - Running command: ['/bin/bash', '-c', 'sleep 5']
[2023-05-10T10:45:52.695+0000] {subprocess.py:86} INFO - Output:
[2023-05-10T10:45:57.705+0000] {subprocess.py:97} INFO - Command exited with return code 0
[2023-05-10T10:45:57.754+0000] {taskinstance.py:1406} INFO - Marking task as SUCCESS. dag_id=extr_proc_aug_pipl, task_id=merge_text_n_data, execution_date=20221225T193000, start_date=20230510T104551, end_date=20230510T104557
[2023-05-10T10:45:57.794+0000] {local_task_job.py:164} INFO - Task exited with return code 0
[2023-05-10T10:45:57.822+0000] {local_task_job.py:273} INFO - 0 downstream tasks scheduled from follow-on schedule check
