[2022-10-27T12:48:35.514+0000] {taskinstance.py:1165} INFO - Dependencies all met for <TaskInstance: tutorial.templated scheduled__2016-01-11T00:00:00+00:00 [queued]>
[2022-10-27T12:48:35.580+0000] {taskinstance.py:1165} INFO - Dependencies all met for <TaskInstance: tutorial.templated scheduled__2016-01-11T00:00:00+00:00 [queued]>
[2022-10-27T12:48:35.580+0000] {taskinstance.py:1362} INFO - 
--------------------------------------------------------------------------------
[2022-10-27T12:48:35.581+0000] {taskinstance.py:1363} INFO - Starting attempt 1 of 2
[2022-10-27T12:48:35.581+0000] {taskinstance.py:1364} INFO - 
--------------------------------------------------------------------------------
[2022-10-27T12:48:35.774+0000] {taskinstance.py:1383} INFO - Executing <Task(BashOperator): templated> on 2016-01-11 00:00:00+00:00
[2022-10-27T12:48:35.785+0000] {standard_task_runner.py:55} INFO - Started process 2852 to run task
[2022-10-27T12:48:35.816+0000] {standard_task_runner.py:82} INFO - Running: ['***', 'tasks', 'run', 'tutorial', 'templated', 'scheduled__2016-01-11T00:00:00+00:00', '--job-id', '772', '--raw', '--subdir', 'DAGS_FOLDER/tuto.py', '--cfg-path', '/tmp/tmpd91jgg35']
[2022-10-27T12:48:35.820+0000] {standard_task_runner.py:83} INFO - Job 772: Subtask templated
[2022-10-27T12:48:35.918+0000] {logging_mixin.py:120} WARNING - /home/***/.local/lib/python3.7/site-packages/***/configuration.py:545 DeprecationWarning: The sql_alchemy_conn option in [core] has been moved to the sql_alchemy_conn option in [database] - the old setting has been used, but please update your config.
[2022-10-27T12:48:36.036+0000] {task_command.py:376} INFO - Running <TaskInstance: tutorial.templated scheduled__2016-01-11T00:00:00+00:00 [running]> on host e60030a57919
[2022-10-27T12:48:36.211+0000] {taskinstance.py:1592} INFO - Exporting the following env vars:
AIRFLOW_CTX_DAG_EMAIL=***@***.com
AIRFLOW_CTX_DAG_OWNER=***
AIRFLOW_CTX_DAG_ID=tutorial
AIRFLOW_CTX_TASK_ID=templated
AIRFLOW_CTX_EXECUTION_DATE=2016-01-11T00:00:00+00:00
AIRFLOW_CTX_TRY_NUMBER=1
AIRFLOW_CTX_DAG_RUN_ID=scheduled__2016-01-11T00:00:00+00:00
[2022-10-27T12:48:36.213+0000] {subprocess.py:63} INFO - Tmp dir root location: 
 /tmp
[2022-10-27T12:48:36.214+0000] {subprocess.py:75} INFO - Running command: ['/bin/bash', '-c', '\n    \n        echo "2016-01-11"\n        echo "2016-01-18"\n        echo "Parameter I passed in"\n    \n        echo "2016-01-11"\n        echo "2016-01-18"\n        echo "Parameter I passed in"\n    \n        echo "2016-01-11"\n        echo "2016-01-18"\n        echo "Parameter I passed in"\n    \n        echo "2016-01-11"\n        echo "2016-01-18"\n        echo "Parameter I passed in"\n    \n        echo "2016-01-11"\n        echo "2016-01-18"\n        echo "Parameter I passed in"\n    ']
[2022-10-27T12:48:36.241+0000] {subprocess.py:86} INFO - Output:
[2022-10-27T12:48:36.245+0000] {subprocess.py:93} INFO - 2016-01-11
[2022-10-27T12:48:36.245+0000] {subprocess.py:93} INFO - 2016-01-18
[2022-10-27T12:48:36.246+0000] {subprocess.py:93} INFO - Parameter I passed in
[2022-10-27T12:48:36.246+0000] {subprocess.py:93} INFO - 2016-01-11
[2022-10-27T12:48:36.246+0000] {subprocess.py:93} INFO - 2016-01-18
[2022-10-27T12:48:36.246+0000] {subprocess.py:93} INFO - Parameter I passed in
[2022-10-27T12:48:36.246+0000] {subprocess.py:93} INFO - 2016-01-11
[2022-10-27T12:48:36.247+0000] {subprocess.py:93} INFO - 2016-01-18
[2022-10-27T12:48:36.247+0000] {subprocess.py:93} INFO - Parameter I passed in
[2022-10-27T12:48:36.247+0000] {subprocess.py:93} INFO - 2016-01-11
[2022-10-27T12:48:36.247+0000] {subprocess.py:93} INFO - 2016-01-18
[2022-10-27T12:48:36.247+0000] {subprocess.py:93} INFO - Parameter I passed in
[2022-10-27T12:48:36.247+0000] {subprocess.py:93} INFO - 2016-01-11
[2022-10-27T12:48:36.248+0000] {subprocess.py:93} INFO - 2016-01-18
[2022-10-27T12:48:36.248+0000] {subprocess.py:93} INFO - Parameter I passed in
[2022-10-27T12:48:36.249+0000] {subprocess.py:97} INFO - Command exited with return code 0
[2022-10-27T12:48:36.315+0000] {taskinstance.py:1406} INFO - Marking task as SUCCESS. dag_id=tutorial, task_id=templated, execution_date=20160111T000000, start_date=20221027T124835, end_date=20221027T124836
[2022-10-27T12:48:36.387+0000] {local_task_job.py:164} INFO - Task exited with return code 0
[2022-10-27T12:48:36.523+0000] {local_task_job.py:273} INFO - 0 downstream tasks scheduled from follow-on schedule check
