[2022-10-27T12:53:26.451+0000] {taskinstance.py:1165} INFO - Dependencies all met for <TaskInstance: tutorial.templated scheduled__2016-10-28T00:00:00+00:00 [queued]>
[2022-10-27T12:53:26.466+0000] {taskinstance.py:1165} INFO - Dependencies all met for <TaskInstance: tutorial.templated scheduled__2016-10-28T00:00:00+00:00 [queued]>
[2022-10-27T12:53:26.467+0000] {taskinstance.py:1362} INFO - 
--------------------------------------------------------------------------------
[2022-10-27T12:53:26.467+0000] {taskinstance.py:1363} INFO - Starting attempt 1 of 2
[2022-10-27T12:53:26.467+0000] {taskinstance.py:1364} INFO - 
--------------------------------------------------------------------------------
[2022-10-27T12:53:26.492+0000] {taskinstance.py:1383} INFO - Executing <Task(BashOperator): templated> on 2016-10-28 00:00:00+00:00
[2022-10-27T12:53:26.502+0000] {standard_task_runner.py:55} INFO - Started process 5822 to run task
[2022-10-27T12:53:26.506+0000] {standard_task_runner.py:82} INFO - Running: ['***', 'tasks', 'run', 'tutorial', 'templated', 'scheduled__2016-10-28T00:00:00+00:00', '--job-id', '1641', '--raw', '--subdir', 'DAGS_FOLDER/tuto.py', '--cfg-path', '/tmp/tmp9j2ykvzl']
[2022-10-27T12:53:26.509+0000] {standard_task_runner.py:83} INFO - Job 1641: Subtask templated
[2022-10-27T12:53:26.530+0000] {logging_mixin.py:120} WARNING - /home/***/.local/lib/python3.7/site-packages/***/configuration.py:545 DeprecationWarning: The sql_alchemy_conn option in [core] has been moved to the sql_alchemy_conn option in [database] - the old setting has been used, but please update your config.
[2022-10-27T12:53:26.612+0000] {task_command.py:376} INFO - Running <TaskInstance: tutorial.templated scheduled__2016-10-28T00:00:00+00:00 [running]> on host e60030a57919
[2022-10-27T12:53:26.742+0000] {taskinstance.py:1592} INFO - Exporting the following env vars:
AIRFLOW_CTX_DAG_EMAIL=***@***.com
AIRFLOW_CTX_DAG_OWNER=***
AIRFLOW_CTX_DAG_ID=tutorial
AIRFLOW_CTX_TASK_ID=templated
AIRFLOW_CTX_EXECUTION_DATE=2016-10-28T00:00:00+00:00
AIRFLOW_CTX_TRY_NUMBER=1
AIRFLOW_CTX_DAG_RUN_ID=scheduled__2016-10-28T00:00:00+00:00
[2022-10-27T12:53:26.744+0000] {subprocess.py:63} INFO - Tmp dir root location: 
 /tmp
[2022-10-27T12:53:26.745+0000] {subprocess.py:75} INFO - Running command: ['/bin/bash', '-c', '\n    \n        echo "2016-10-28"\n        echo "2016-11-04"\n        echo "Parameter I passed in"\n    \n        echo "2016-10-28"\n        echo "2016-11-04"\n        echo "Parameter I passed in"\n    \n        echo "2016-10-28"\n        echo "2016-11-04"\n        echo "Parameter I passed in"\n    \n        echo "2016-10-28"\n        echo "2016-11-04"\n        echo "Parameter I passed in"\n    \n        echo "2016-10-28"\n        echo "2016-11-04"\n        echo "Parameter I passed in"\n    ']
[2022-10-27T12:53:26.765+0000] {subprocess.py:86} INFO - Output:
[2022-10-27T12:53:26.768+0000] {subprocess.py:93} INFO - 2016-10-28
[2022-10-27T12:53:26.768+0000] {subprocess.py:93} INFO - 2016-11-04
[2022-10-27T12:53:26.769+0000] {subprocess.py:93} INFO - Parameter I passed in
[2022-10-27T12:53:26.769+0000] {subprocess.py:93} INFO - 2016-10-28
[2022-10-27T12:53:26.769+0000] {subprocess.py:93} INFO - 2016-11-04
[2022-10-27T12:53:26.769+0000] {subprocess.py:93} INFO - Parameter I passed in
[2022-10-27T12:53:26.769+0000] {subprocess.py:93} INFO - 2016-10-28
[2022-10-27T12:53:26.769+0000] {subprocess.py:93} INFO - 2016-11-04
[2022-10-27T12:53:26.769+0000] {subprocess.py:93} INFO - Parameter I passed in
[2022-10-27T12:53:26.770+0000] {subprocess.py:93} INFO - 2016-10-28
[2022-10-27T12:53:26.770+0000] {subprocess.py:93} INFO - 2016-11-04
[2022-10-27T12:53:26.770+0000] {subprocess.py:93} INFO - Parameter I passed in
[2022-10-27T12:53:26.770+0000] {subprocess.py:93} INFO - 2016-10-28
[2022-10-27T12:53:26.770+0000] {subprocess.py:93} INFO - 2016-11-04
[2022-10-27T12:53:26.770+0000] {subprocess.py:93} INFO - Parameter I passed in
[2022-10-27T12:53:26.771+0000] {subprocess.py:97} INFO - Command exited with return code 0
[2022-10-27T12:53:26.806+0000] {taskinstance.py:1406} INFO - Marking task as SUCCESS. dag_id=tutorial, task_id=templated, execution_date=20161028T000000, start_date=20221027T125326, end_date=20221027T125326
[2022-10-27T12:53:26.839+0000] {local_task_job.py:164} INFO - Task exited with return code 0
[2022-10-27T12:53:26.857+0000] {local_task_job.py:273} INFO - 0 downstream tasks scheduled from follow-on schedule check
