[2023-05-10T10:51:29.824+0000] {taskinstance.py:1165} INFO - Dependencies all met for <TaskInstance: extr_proc_aug_pipl.augmentaition scheduled__2022-12-29T18:30:00+00:00 [queued]>
[2023-05-10T10:51:29.873+0000] {taskinstance.py:1165} INFO - Dependencies all met for <TaskInstance: extr_proc_aug_pipl.augmentaition scheduled__2022-12-29T18:30:00+00:00 [queued]>
[2023-05-10T10:51:29.873+0000] {taskinstance.py:1362} INFO - 
--------------------------------------------------------------------------------
[2023-05-10T10:51:29.874+0000] {taskinstance.py:1363} INFO - Starting attempt 1 of 4
[2023-05-10T10:51:29.874+0000] {taskinstance.py:1364} INFO - 
--------------------------------------------------------------------------------
[2023-05-10T10:51:29.916+0000] {taskinstance.py:1383} INFO - Executing <Task(BashOperator): augmentaition> on 2022-12-29 18:30:00+00:00
[2023-05-10T10:51:29.938+0000] {standard_task_runner.py:55} INFO - Started process 3130 to run task
[2023-05-10T10:51:29.949+0000] {standard_task_runner.py:82} INFO - Running: ['***', 'tasks', 'run', 'extr_proc_aug_pipl', 'augmentaition', 'scheduled__2022-12-29T18:30:00+00:00', '--job-id', '6307', '--raw', '--subdir', 'DAGS_FOLDER/extr_processing_augmentation.py', '--cfg-path', '/tmp/tmpqe8h9qpu']
[2023-05-10T10:51:29.953+0000] {standard_task_runner.py:83} INFO - Job 6307: Subtask augmentaition
[2023-05-10T10:51:29.996+0000] {logging_mixin.py:120} WARNING - /home/***/.local/lib/python3.7/site-packages/***/configuration.py:545 DeprecationWarning: The sql_alchemy_conn option in [core] has been moved to the sql_alchemy_conn option in [database] - the old setting has been used, but please update your config.
[2023-05-10T10:51:30.168+0000] {task_command.py:376} INFO - Running <TaskInstance: extr_proc_aug_pipl.augmentaition scheduled__2022-12-29T18:30:00+00:00 [running]> on host 0961b7a3874f
[2023-05-10T10:51:30.371+0000] {taskinstance.py:1592} INFO - Exporting the following env vars:
AIRFLOW_CTX_DAG_EMAIL=***@***.com
AIRFLOW_CTX_DAG_OWNER=***
AIRFLOW_CTX_DAG_ID=extr_proc_aug_pipl
AIRFLOW_CTX_TASK_ID=augmentaition
AIRFLOW_CTX_EXECUTION_DATE=2022-12-29T18:30:00+00:00
AIRFLOW_CTX_TRY_NUMBER=1
AIRFLOW_CTX_DAG_RUN_ID=scheduled__2022-12-29T18:30:00+00:00
[2023-05-10T10:51:30.374+0000] {subprocess.py:63} INFO - Tmp dir root location: 
 /tmp
[2023-05-10T10:51:30.375+0000] {subprocess.py:75} INFO - Running command: ['/bin/bash', '-c', 'sleep 5']
[2023-05-10T10:51:30.394+0000] {subprocess.py:86} INFO - Output:
[2023-05-10T10:51:35.402+0000] {subprocess.py:97} INFO - Command exited with return code 0
[2023-05-10T10:51:35.433+0000] {taskinstance.py:1406} INFO - Marking task as SUCCESS. dag_id=extr_proc_aug_pipl, task_id=augmentaition, execution_date=20221229T183000, start_date=20230510T105129, end_date=20230510T105135
[2023-05-10T10:51:35.476+0000] {local_task_job.py:164} INFO - Task exited with return code 0
[2023-05-10T10:51:35.522+0000] {local_task_job.py:273} INFO - 1 downstream tasks scheduled from follow-on schedule check
