[2022-10-27T12:47:34.295+0000] {taskinstance.py:1165} INFO - Dependencies all met for <TaskInstance: tutorial.templated scheduled__2015-11-12T00:00:00+00:00 [queued]>
[2022-10-27T12:47:34.314+0000] {taskinstance.py:1165} INFO - Dependencies all met for <TaskInstance: tutorial.templated scheduled__2015-11-12T00:00:00+00:00 [queued]>
[2022-10-27T12:47:34.314+0000] {taskinstance.py:1362} INFO - 
--------------------------------------------------------------------------------
[2022-10-27T12:47:34.314+0000] {taskinstance.py:1363} INFO - Starting attempt 1 of 2
[2022-10-27T12:47:34.317+0000] {taskinstance.py:1364} INFO - 
--------------------------------------------------------------------------------
[2022-10-27T12:47:34.515+0000] {taskinstance.py:1383} INFO - Executing <Task(BashOperator): templated> on 2015-11-12 00:00:00+00:00
[2022-10-27T12:47:34.528+0000] {standard_task_runner.py:55} INFO - Started process 2213 to run task
[2022-10-27T12:47:34.539+0000] {standard_task_runner.py:82} INFO - Running: ['***', 'tasks', 'run', 'tutorial', 'templated', 'scheduled__2015-11-12T00:00:00+00:00', '--job-id', '588', '--raw', '--subdir', 'DAGS_FOLDER/tuto.py', '--cfg-path', '/tmp/tmppbxl0q98']
[2022-10-27T12:47:34.544+0000] {standard_task_runner.py:83} INFO - Job 588: Subtask templated
[2022-10-27T12:47:34.575+0000] {logging_mixin.py:120} WARNING - /home/***/.local/lib/python3.7/site-packages/***/configuration.py:545 DeprecationWarning: The sql_alchemy_conn option in [core] has been moved to the sql_alchemy_conn option in [database] - the old setting has been used, but please update your config.
[2022-10-27T12:47:34.715+0000] {task_command.py:376} INFO - Running <TaskInstance: tutorial.templated scheduled__2015-11-12T00:00:00+00:00 [running]> on host e60030a57919
[2022-10-27T12:47:34.914+0000] {taskinstance.py:1592} INFO - Exporting the following env vars:
AIRFLOW_CTX_DAG_EMAIL=***@***.com
AIRFLOW_CTX_DAG_OWNER=***
AIRFLOW_CTX_DAG_ID=tutorial
AIRFLOW_CTX_TASK_ID=templated
AIRFLOW_CTX_EXECUTION_DATE=2015-11-12T00:00:00+00:00
AIRFLOW_CTX_TRY_NUMBER=1
AIRFLOW_CTX_DAG_RUN_ID=scheduled__2015-11-12T00:00:00+00:00
[2022-10-27T12:47:34.916+0000] {subprocess.py:63} INFO - Tmp dir root location: 
 /tmp
[2022-10-27T12:47:34.918+0000] {subprocess.py:75} INFO - Running command: ['/bin/bash', '-c', '\n    \n        echo "2015-11-12"\n        echo "2015-11-19"\n        echo "Parameter I passed in"\n    \n        echo "2015-11-12"\n        echo "2015-11-19"\n        echo "Parameter I passed in"\n    \n        echo "2015-11-12"\n        echo "2015-11-19"\n        echo "Parameter I passed in"\n    \n        echo "2015-11-12"\n        echo "2015-11-19"\n        echo "Parameter I passed in"\n    \n        echo "2015-11-12"\n        echo "2015-11-19"\n        echo "Parameter I passed in"\n    ']
[2022-10-27T12:47:34.969+0000] {subprocess.py:86} INFO - Output:
[2022-10-27T12:47:34.971+0000] {subprocess.py:93} INFO - 2015-11-12
[2022-10-27T12:47:34.971+0000] {subprocess.py:93} INFO - 2015-11-19
[2022-10-27T12:47:34.972+0000] {subprocess.py:93} INFO - Parameter I passed in
[2022-10-27T12:47:34.972+0000] {subprocess.py:93} INFO - 2015-11-12
[2022-10-27T12:47:34.972+0000] {subprocess.py:93} INFO - 2015-11-19
[2022-10-27T12:47:34.972+0000] {subprocess.py:93} INFO - Parameter I passed in
[2022-10-27T12:47:34.972+0000] {subprocess.py:93} INFO - 2015-11-12
[2022-10-27T12:47:34.972+0000] {subprocess.py:93} INFO - 2015-11-19
[2022-10-27T12:47:34.972+0000] {subprocess.py:93} INFO - Parameter I passed in
[2022-10-27T12:47:34.973+0000] {subprocess.py:93} INFO - 2015-11-12
[2022-10-27T12:47:34.973+0000] {subprocess.py:93} INFO - 2015-11-19
[2022-10-27T12:47:34.973+0000] {subprocess.py:93} INFO - Parameter I passed in
[2022-10-27T12:47:34.973+0000] {subprocess.py:93} INFO - 2015-11-12
[2022-10-27T12:47:34.973+0000] {subprocess.py:93} INFO - 2015-11-19
[2022-10-27T12:47:34.973+0000] {subprocess.py:93} INFO - Parameter I passed in
[2022-10-27T12:47:34.974+0000] {subprocess.py:97} INFO - Command exited with return code 0
[2022-10-27T12:47:35.045+0000] {taskinstance.py:1406} INFO - Marking task as SUCCESS. dag_id=tutorial, task_id=templated, execution_date=20151112T000000, start_date=20221027T124734, end_date=20221027T124735
[2022-10-27T12:47:35.114+0000] {local_task_job.py:164} INFO - Task exited with return code 0
[2022-10-27T12:47:35.158+0000] {local_task_job.py:273} INFO - 0 downstream tasks scheduled from follow-on schedule check
