[2022-10-27T12:55:41.517+0000] {taskinstance.py:1165} INFO - Dependencies all met for <TaskInstance: tutorial.templated scheduled__2017-03-04T00:00:00+00:00 [queued]>
[2022-10-27T12:55:41.534+0000] {taskinstance.py:1165} INFO - Dependencies all met for <TaskInstance: tutorial.templated scheduled__2017-03-04T00:00:00+00:00 [queued]>
[2022-10-27T12:55:41.534+0000] {taskinstance.py:1362} INFO - 
--------------------------------------------------------------------------------
[2022-10-27T12:55:41.535+0000] {taskinstance.py:1363} INFO - Starting attempt 1 of 2
[2022-10-27T12:55:41.535+0000] {taskinstance.py:1364} INFO - 
--------------------------------------------------------------------------------
[2022-10-27T12:55:41.639+0000] {taskinstance.py:1383} INFO - Executing <Task(BashOperator): templated> on 2017-03-04 00:00:00+00:00
[2022-10-27T12:55:41.650+0000] {standard_task_runner.py:55} INFO - Started process 7143 to run task
[2022-10-27T12:55:41.655+0000] {standard_task_runner.py:82} INFO - Running: ['***', 'tasks', 'run', 'tutorial', 'templated', 'scheduled__2017-03-04T00:00:00+00:00', '--job-id', '2029', '--raw', '--subdir', 'DAGS_FOLDER/tuto.py', '--cfg-path', '/tmp/tmp8hd958m5']
[2022-10-27T12:55:41.658+0000] {standard_task_runner.py:83} INFO - Job 2029: Subtask templated
[2022-10-27T12:55:41.688+0000] {logging_mixin.py:120} WARNING - /home/***/.local/lib/python3.7/site-packages/***/configuration.py:545 DeprecationWarning: The sql_alchemy_conn option in [core] has been moved to the sql_alchemy_conn option in [database] - the old setting has been used, but please update your config.
[2022-10-27T12:55:41.780+0000] {task_command.py:376} INFO - Running <TaskInstance: tutorial.templated scheduled__2017-03-04T00:00:00+00:00 [running]> on host e60030a57919
[2022-10-27T12:55:41.892+0000] {taskinstance.py:1592} INFO - Exporting the following env vars:
AIRFLOW_CTX_DAG_EMAIL=***@***.com
AIRFLOW_CTX_DAG_OWNER=***
AIRFLOW_CTX_DAG_ID=tutorial
AIRFLOW_CTX_TASK_ID=templated
AIRFLOW_CTX_EXECUTION_DATE=2017-03-04T00:00:00+00:00
AIRFLOW_CTX_TRY_NUMBER=1
AIRFLOW_CTX_DAG_RUN_ID=scheduled__2017-03-04T00:00:00+00:00
[2022-10-27T12:55:41.894+0000] {subprocess.py:63} INFO - Tmp dir root location: 
 /tmp
[2022-10-27T12:55:41.895+0000] {subprocess.py:75} INFO - Running command: ['/bin/bash', '-c', '\n    \n        echo "2017-03-04"\n        echo "2017-03-11"\n        echo "Parameter I passed in"\n    \n        echo "2017-03-04"\n        echo "2017-03-11"\n        echo "Parameter I passed in"\n    \n        echo "2017-03-04"\n        echo "2017-03-11"\n        echo "Parameter I passed in"\n    \n        echo "2017-03-04"\n        echo "2017-03-11"\n        echo "Parameter I passed in"\n    \n        echo "2017-03-04"\n        echo "2017-03-11"\n        echo "Parameter I passed in"\n    ']
[2022-10-27T12:55:41.915+0000] {subprocess.py:86} INFO - Output:
[2022-10-27T12:55:41.918+0000] {subprocess.py:93} INFO - 2017-03-04
[2022-10-27T12:55:41.918+0000] {subprocess.py:93} INFO - 2017-03-11
[2022-10-27T12:55:41.919+0000] {subprocess.py:93} INFO - Parameter I passed in
[2022-10-27T12:55:41.919+0000] {subprocess.py:93} INFO - 2017-03-04
[2022-10-27T12:55:41.919+0000] {subprocess.py:93} INFO - 2017-03-11
[2022-10-27T12:55:41.919+0000] {subprocess.py:93} INFO - Parameter I passed in
[2022-10-27T12:55:41.920+0000] {subprocess.py:93} INFO - 2017-03-04
[2022-10-27T12:55:41.920+0000] {subprocess.py:93} INFO - 2017-03-11
[2022-10-27T12:55:41.920+0000] {subprocess.py:93} INFO - Parameter I passed in
[2022-10-27T12:55:41.920+0000] {subprocess.py:93} INFO - 2017-03-04
[2022-10-27T12:55:41.920+0000] {subprocess.py:93} INFO - 2017-03-11
[2022-10-27T12:55:41.920+0000] {subprocess.py:93} INFO - Parameter I passed in
[2022-10-27T12:55:41.921+0000] {subprocess.py:93} INFO - 2017-03-04
[2022-10-27T12:55:41.921+0000] {subprocess.py:93} INFO - 2017-03-11
[2022-10-27T12:55:41.921+0000] {subprocess.py:93} INFO - Parameter I passed in
[2022-10-27T12:55:41.921+0000] {subprocess.py:97} INFO - Command exited with return code 0
[2022-10-27T12:55:41.960+0000] {taskinstance.py:1406} INFO - Marking task as SUCCESS. dag_id=tutorial, task_id=templated, execution_date=20170304T000000, start_date=20221027T125541, end_date=20221027T125541
[2022-10-27T12:55:41.999+0000] {local_task_job.py:164} INFO - Task exited with return code 0
[2022-10-27T12:55:42.021+0000] {local_task_job.py:273} INFO - 0 downstream tasks scheduled from follow-on schedule check
