[2022-10-27T07:27:41.910+0000] {processor.py:156} INFO - Started process (PID=80) to work on /home/airflow/.local/lib/python3.7/site-packages/airflow/example_dags/example_nested_branch_dag.py
[2022-10-27T07:27:41.911+0000] {processor.py:758} INFO - Processing file /home/airflow/.local/lib/python3.7/site-packages/airflow/example_dags/example_nested_branch_dag.py for tasks to queue
[2022-10-27T07:27:41.912+0000] {logging_mixin.py:117} INFO - [2022-10-27T07:27:41.912+0000] {dagbag.py:525} INFO - Filling up the DagBag from /home/airflow/.local/lib/python3.7/site-packages/airflow/example_dags/example_nested_branch_dag.py
[2022-10-27T07:27:41.986+0000] {processor.py:768} INFO - DAG(s) dict_keys(['example_nested_branch_dag']) retrieved from /home/airflow/.local/lib/python3.7/site-packages/airflow/example_dags/example_nested_branch_dag.py
[2022-10-27T07:27:42.385+0000] {logging_mixin.py:117} INFO - [2022-10-27T07:27:42.383+0000] {dag.py:2573} INFO - Sync 1 DAGs
[2022-10-27T07:27:42.454+0000] {logging_mixin.py:117} INFO - [2022-10-27T07:27:42.452+0000] {dag.py:3328} INFO - Setting next_dagrun for example_nested_branch_dag to 2022-10-26T00:00:00+00:00, run_after=2022-10-27T00:00:00+00:00
[2022-10-27T07:27:42.499+0000] {processor.py:178} INFO - Processing /home/airflow/.local/lib/python3.7/site-packages/airflow/example_dags/example_nested_branch_dag.py took 0.598 seconds
[2022-10-27T07:28:13.184+0000] {processor.py:156} INFO - Started process (PID=134) to work on /home/airflow/.local/lib/python3.7/site-packages/airflow/example_dags/example_nested_branch_dag.py
[2022-10-27T07:28:13.185+0000] {processor.py:758} INFO - Processing file /home/airflow/.local/lib/python3.7/site-packages/airflow/example_dags/example_nested_branch_dag.py for tasks to queue
[2022-10-27T07:28:13.186+0000] {logging_mixin.py:117} INFO - [2022-10-27T07:28:13.186+0000] {dagbag.py:525} INFO - Filling up the DagBag from /home/airflow/.local/lib/python3.7/site-packages/airflow/example_dags/example_nested_branch_dag.py
[2022-10-27T07:28:13.362+0000] {processor.py:768} INFO - DAG(s) dict_keys(['example_nested_branch_dag']) retrieved from /home/airflow/.local/lib/python3.7/site-packages/airflow/example_dags/example_nested_branch_dag.py
[2022-10-27T07:28:13.400+0000] {logging_mixin.py:117} INFO - [2022-10-27T07:28:13.399+0000] {dag.py:2573} INFO - Sync 1 DAGs
[2022-10-27T07:28:13.429+0000] {logging_mixin.py:117} INFO - [2022-10-27T07:28:13.428+0000] {dag.py:3328} INFO - Setting next_dagrun for example_nested_branch_dag to 2022-10-26T00:00:00+00:00, run_after=2022-10-27T00:00:00+00:00
[2022-10-27T07:28:13.450+0000] {processor.py:178} INFO - Processing /home/airflow/.local/lib/python3.7/site-packages/airflow/example_dags/example_nested_branch_dag.py took 0.270 seconds
[2022-10-27T07:28:44.031+0000] {processor.py:156} INFO - Started process (PID=198) to work on /home/airflow/.local/lib/python3.7/site-packages/airflow/example_dags/example_nested_branch_dag.py
[2022-10-27T07:28:44.033+0000] {processor.py:758} INFO - Processing file /home/airflow/.local/lib/python3.7/site-packages/airflow/example_dags/example_nested_branch_dag.py for tasks to queue
[2022-10-27T07:28:44.034+0000] {logging_mixin.py:117} INFO - [2022-10-27T07:28:44.034+0000] {dagbag.py:525} INFO - Filling up the DagBag from /home/airflow/.local/lib/python3.7/site-packages/airflow/example_dags/example_nested_branch_dag.py
[2022-10-27T07:28:44.291+0000] {processor.py:768} INFO - DAG(s) dict_keys(['example_nested_branch_dag']) retrieved from /home/airflow/.local/lib/python3.7/site-packages/airflow/example_dags/example_nested_branch_dag.py
[2022-10-27T07:28:44.336+0000] {logging_mixin.py:117} INFO - [2022-10-27T07:28:44.335+0000] {dag.py:2573} INFO - Sync 1 DAGs
[2022-10-27T07:28:44.372+0000] {logging_mixin.py:117} INFO - [2022-10-27T07:28:44.372+0000] {dag.py:3328} INFO - Setting next_dagrun for example_nested_branch_dag to 2022-10-26T00:00:00+00:00, run_after=2022-10-27T00:00:00+00:00
[2022-10-27T07:28:44.398+0000] {processor.py:178} INFO - Processing /home/airflow/.local/lib/python3.7/site-packages/airflow/example_dags/example_nested_branch_dag.py took 0.372 seconds
[2022-10-27T07:29:14.618+0000] {processor.py:156} INFO - Started process (PID=252) to work on /home/airflow/.local/lib/python3.7/site-packages/airflow/example_dags/example_nested_branch_dag.py
[2022-10-27T07:29:14.619+0000] {processor.py:758} INFO - Processing file /home/airflow/.local/lib/python3.7/site-packages/airflow/example_dags/example_nested_branch_dag.py for tasks to queue
[2022-10-27T07:29:14.620+0000] {logging_mixin.py:117} INFO - [2022-10-27T07:29:14.620+0000] {dagbag.py:525} INFO - Filling up the DagBag from /home/airflow/.local/lib/python3.7/site-packages/airflow/example_dags/example_nested_branch_dag.py
[2022-10-27T07:29:14.655+0000] {processor.py:768} INFO - DAG(s) dict_keys(['example_nested_branch_dag']) retrieved from /home/airflow/.local/lib/python3.7/site-packages/airflow/example_dags/example_nested_branch_dag.py
[2022-10-27T07:29:14.711+0000] {logging_mixin.py:117} INFO - [2022-10-27T07:29:14.711+0000] {dag.py:2573} INFO - Sync 1 DAGs
[2022-10-27T07:29:14.750+0000] {logging_mixin.py:117} INFO - [2022-10-27T07:29:14.750+0000] {dag.py:3328} INFO - Setting next_dagrun for example_nested_branch_dag to 2022-10-26T00:00:00+00:00, run_after=2022-10-27T00:00:00+00:00
[2022-10-27T07:29:14.782+0000] {processor.py:178} INFO - Processing /home/airflow/.local/lib/python3.7/site-packages/airflow/example_dags/example_nested_branch_dag.py took 0.168 seconds
[2022-10-27T07:29:45.370+0000] {processor.py:156} INFO - Started process (PID=315) to work on /home/airflow/.local/lib/python3.7/site-packages/airflow/example_dags/example_nested_branch_dag.py
[2022-10-27T07:29:45.372+0000] {processor.py:758} INFO - Processing file /home/airflow/.local/lib/python3.7/site-packages/airflow/example_dags/example_nested_branch_dag.py for tasks to queue
[2022-10-27T07:29:45.373+0000] {logging_mixin.py:117} INFO - [2022-10-27T07:29:45.373+0000] {dagbag.py:525} INFO - Filling up the DagBag from /home/airflow/.local/lib/python3.7/site-packages/airflow/example_dags/example_nested_branch_dag.py
[2022-10-27T07:29:45.427+0000] {processor.py:768} INFO - DAG(s) dict_keys(['example_nested_branch_dag']) retrieved from /home/airflow/.local/lib/python3.7/site-packages/airflow/example_dags/example_nested_branch_dag.py
[2022-10-27T07:29:45.512+0000] {logging_mixin.py:117} INFO - [2022-10-27T07:29:45.512+0000] {dag.py:2573} INFO - Sync 1 DAGs
[2022-10-27T07:29:45.559+0000] {logging_mixin.py:117} INFO - [2022-10-27T07:29:45.558+0000] {dag.py:3328} INFO - Setting next_dagrun for example_nested_branch_dag to 2022-10-26T00:00:00+00:00, run_after=2022-10-27T00:00:00+00:00
[2022-10-27T07:29:45.590+0000] {processor.py:178} INFO - Processing /home/airflow/.local/lib/python3.7/site-packages/airflow/example_dags/example_nested_branch_dag.py took 0.227 seconds
[2022-10-27T07:30:16.139+0000] {processor.py:156} INFO - Started process (PID=369) to work on /home/airflow/.local/lib/python3.7/site-packages/airflow/example_dags/example_nested_branch_dag.py
[2022-10-27T07:30:16.139+0000] {processor.py:758} INFO - Processing file /home/airflow/.local/lib/python3.7/site-packages/airflow/example_dags/example_nested_branch_dag.py for tasks to queue
[2022-10-27T07:30:16.140+0000] {logging_mixin.py:117} INFO - [2022-10-27T07:30:16.140+0000] {dagbag.py:525} INFO - Filling up the DagBag from /home/airflow/.local/lib/python3.7/site-packages/airflow/example_dags/example_nested_branch_dag.py
[2022-10-27T07:30:16.174+0000] {processor.py:768} INFO - DAG(s) dict_keys(['example_nested_branch_dag']) retrieved from /home/airflow/.local/lib/python3.7/site-packages/airflow/example_dags/example_nested_branch_dag.py
[2022-10-27T07:30:16.234+0000] {logging_mixin.py:117} INFO - [2022-10-27T07:30:16.233+0000] {dag.py:2573} INFO - Sync 1 DAGs
[2022-10-27T07:30:16.272+0000] {logging_mixin.py:117} INFO - [2022-10-27T07:30:16.271+0000] {dag.py:3328} INFO - Setting next_dagrun for example_nested_branch_dag to 2022-10-26T00:00:00+00:00, run_after=2022-10-27T00:00:00+00:00
[2022-10-27T07:30:16.296+0000] {processor.py:178} INFO - Processing /home/airflow/.local/lib/python3.7/site-packages/airflow/example_dags/example_nested_branch_dag.py took 0.162 seconds
[2022-10-27T07:30:47.085+0000] {processor.py:156} INFO - Started process (PID=432) to work on /home/airflow/.local/lib/python3.7/site-packages/airflow/example_dags/example_nested_branch_dag.py
[2022-10-27T07:30:47.088+0000] {processor.py:758} INFO - Processing file /home/airflow/.local/lib/python3.7/site-packages/airflow/example_dags/example_nested_branch_dag.py for tasks to queue
[2022-10-27T07:30:47.089+0000] {logging_mixin.py:117} INFO - [2022-10-27T07:30:47.089+0000] {dagbag.py:525} INFO - Filling up the DagBag from /home/airflow/.local/lib/python3.7/site-packages/airflow/example_dags/example_nested_branch_dag.py
[2022-10-27T07:30:47.139+0000] {processor.py:768} INFO - DAG(s) dict_keys(['example_nested_branch_dag']) retrieved from /home/airflow/.local/lib/python3.7/site-packages/airflow/example_dags/example_nested_branch_dag.py
[2022-10-27T07:30:47.211+0000] {logging_mixin.py:117} INFO - [2022-10-27T07:30:47.211+0000] {dag.py:2573} INFO - Sync 1 DAGs
[2022-10-27T07:30:47.278+0000] {logging_mixin.py:117} INFO - [2022-10-27T07:30:47.278+0000] {dag.py:3328} INFO - Setting next_dagrun for example_nested_branch_dag to 2022-10-26T00:00:00+00:00, run_after=2022-10-27T00:00:00+00:00
[2022-10-27T07:30:47.330+0000] {processor.py:178} INFO - Processing /home/airflow/.local/lib/python3.7/site-packages/airflow/example_dags/example_nested_branch_dag.py took 0.253 seconds
[2022-10-27T07:31:17.479+0000] {processor.py:156} INFO - Started process (PID=486) to work on /home/airflow/.local/lib/python3.7/site-packages/airflow/example_dags/example_nested_branch_dag.py
[2022-10-27T07:31:17.480+0000] {processor.py:758} INFO - Processing file /home/airflow/.local/lib/python3.7/site-packages/airflow/example_dags/example_nested_branch_dag.py for tasks to queue
[2022-10-27T07:31:17.481+0000] {logging_mixin.py:117} INFO - [2022-10-27T07:31:17.480+0000] {dagbag.py:525} INFO - Filling up the DagBag from /home/airflow/.local/lib/python3.7/site-packages/airflow/example_dags/example_nested_branch_dag.py
[2022-10-27T07:31:17.541+0000] {processor.py:768} INFO - DAG(s) dict_keys(['example_nested_branch_dag']) retrieved from /home/airflow/.local/lib/python3.7/site-packages/airflow/example_dags/example_nested_branch_dag.py
[2022-10-27T07:31:17.630+0000] {logging_mixin.py:117} INFO - [2022-10-27T07:31:17.630+0000] {dag.py:2573} INFO - Sync 1 DAGs
[2022-10-27T07:31:17.674+0000] {logging_mixin.py:117} INFO - [2022-10-27T07:31:17.674+0000] {dag.py:3328} INFO - Setting next_dagrun for example_nested_branch_dag to 2022-10-26T00:00:00+00:00, run_after=2022-10-27T00:00:00+00:00
[2022-10-27T07:31:17.709+0000] {processor.py:178} INFO - Processing /home/airflow/.local/lib/python3.7/site-packages/airflow/example_dags/example_nested_branch_dag.py took 0.239 seconds
[2022-10-27T07:31:48.423+0000] {processor.py:156} INFO - Started process (PID=549) to work on /home/airflow/.local/lib/python3.7/site-packages/airflow/example_dags/example_nested_branch_dag.py
[2022-10-27T07:31:48.426+0000] {processor.py:758} INFO - Processing file /home/airflow/.local/lib/python3.7/site-packages/airflow/example_dags/example_nested_branch_dag.py for tasks to queue
[2022-10-27T07:31:48.427+0000] {logging_mixin.py:117} INFO - [2022-10-27T07:31:48.427+0000] {dagbag.py:525} INFO - Filling up the DagBag from /home/airflow/.local/lib/python3.7/site-packages/airflow/example_dags/example_nested_branch_dag.py
[2022-10-27T07:31:48.487+0000] {processor.py:768} INFO - DAG(s) dict_keys(['example_nested_branch_dag']) retrieved from /home/airflow/.local/lib/python3.7/site-packages/airflow/example_dags/example_nested_branch_dag.py
[2022-10-27T07:31:48.603+0000] {logging_mixin.py:117} INFO - [2022-10-27T07:31:48.602+0000] {dag.py:2573} INFO - Sync 1 DAGs
[2022-10-27T07:31:48.688+0000] {logging_mixin.py:117} INFO - [2022-10-27T07:31:48.687+0000] {dag.py:3328} INFO - Setting next_dagrun for example_nested_branch_dag to 2022-10-26T00:00:00+00:00, run_after=2022-10-27T00:00:00+00:00
[2022-10-27T07:31:48.735+0000] {processor.py:178} INFO - Processing /home/airflow/.local/lib/python3.7/site-packages/airflow/example_dags/example_nested_branch_dag.py took 0.320 seconds
[2022-10-27T07:32:19.487+0000] {processor.py:156} INFO - Started process (PID=603) to work on /home/airflow/.local/lib/python3.7/site-packages/airflow/example_dags/example_nested_branch_dag.py
[2022-10-27T07:32:19.488+0000] {processor.py:758} INFO - Processing file /home/airflow/.local/lib/python3.7/site-packages/airflow/example_dags/example_nested_branch_dag.py for tasks to queue
[2022-10-27T07:32:19.489+0000] {logging_mixin.py:117} INFO - [2022-10-27T07:32:19.489+0000] {dagbag.py:525} INFO - Filling up the DagBag from /home/airflow/.local/lib/python3.7/site-packages/airflow/example_dags/example_nested_branch_dag.py
[2022-10-27T07:32:19.530+0000] {processor.py:768} INFO - DAG(s) dict_keys(['example_nested_branch_dag']) retrieved from /home/airflow/.local/lib/python3.7/site-packages/airflow/example_dags/example_nested_branch_dag.py
[2022-10-27T07:32:19.593+0000] {logging_mixin.py:117} INFO - [2022-10-27T07:32:19.592+0000] {dag.py:2573} INFO - Sync 1 DAGs
[2022-10-27T07:32:19.639+0000] {logging_mixin.py:117} INFO - [2022-10-27T07:32:19.639+0000] {dag.py:3328} INFO - Setting next_dagrun for example_nested_branch_dag to 2022-10-26T00:00:00+00:00, run_after=2022-10-27T00:00:00+00:00
[2022-10-27T07:32:19.678+0000] {processor.py:178} INFO - Processing /home/airflow/.local/lib/python3.7/site-packages/airflow/example_dags/example_nested_branch_dag.py took 0.195 seconds
[2022-10-27T07:32:50.045+0000] {processor.py:156} INFO - Started process (PID=666) to work on /home/airflow/.local/lib/python3.7/site-packages/airflow/example_dags/example_nested_branch_dag.py
[2022-10-27T07:32:50.056+0000] {processor.py:758} INFO - Processing file /home/airflow/.local/lib/python3.7/site-packages/airflow/example_dags/example_nested_branch_dag.py for tasks to queue
[2022-10-27T07:32:50.058+0000] {logging_mixin.py:117} INFO - [2022-10-27T07:32:50.057+0000] {dagbag.py:525} INFO - Filling up the DagBag from /home/airflow/.local/lib/python3.7/site-packages/airflow/example_dags/example_nested_branch_dag.py
[2022-10-27T07:32:50.114+0000] {processor.py:768} INFO - DAG(s) dict_keys(['example_nested_branch_dag']) retrieved from /home/airflow/.local/lib/python3.7/site-packages/airflow/example_dags/example_nested_branch_dag.py
[2022-10-27T07:32:50.195+0000] {logging_mixin.py:117} INFO - [2022-10-27T07:32:50.195+0000] {dag.py:2573} INFO - Sync 1 DAGs
[2022-10-27T07:32:50.248+0000] {logging_mixin.py:117} INFO - [2022-10-27T07:32:50.248+0000] {dag.py:3328} INFO - Setting next_dagrun for example_nested_branch_dag to 2022-10-26T00:00:00+00:00, run_after=2022-10-27T00:00:00+00:00
[2022-10-27T07:32:50.287+0000] {processor.py:178} INFO - Processing /home/airflow/.local/lib/python3.7/site-packages/airflow/example_dags/example_nested_branch_dag.py took 0.254 seconds
