[2022-10-27T07:27:27.697+0000] {processor.py:156} INFO - Started process (PID=52) to work on /home/airflow/.local/lib/python3.7/site-packages/airflow/example_dags/example_xcom.py
[2022-10-27T07:27:27.699+0000] {processor.py:758} INFO - Processing file /home/airflow/.local/lib/python3.7/site-packages/airflow/example_dags/example_xcom.py for tasks to queue
[2022-10-27T07:27:27.700+0000] {logging_mixin.py:117} INFO - [2022-10-27T07:27:27.700+0000] {dagbag.py:525} INFO - Filling up the DagBag from /home/airflow/.local/lib/python3.7/site-packages/airflow/example_dags/example_xcom.py
[2022-10-27T07:27:27.744+0000] {processor.py:768} INFO - DAG(s) dict_keys(['example_xcom']) retrieved from /home/airflow/.local/lib/python3.7/site-packages/airflow/example_dags/example_xcom.py
[2022-10-27T07:27:28.160+0000] {logging_mixin.py:117} INFO - [2022-10-27T07:27:28.160+0000] {dag.py:2573} INFO - Sync 1 DAGs
[2022-10-27T07:27:28.234+0000] {logging_mixin.py:117} INFO - [2022-10-27T07:27:28.233+0000] {dag.py:3328} INFO - Setting next_dagrun for example_xcom to 2021-01-01T00:00:00+00:00, run_after=2021-01-01T00:00:00+00:00
[2022-10-27T07:27:28.296+0000] {processor.py:178} INFO - Processing /home/airflow/.local/lib/python3.7/site-packages/airflow/example_dags/example_xcom.py took 0.606 seconds
[2022-10-27T07:27:59.269+0000] {processor.py:156} INFO - Started process (PID=106) to work on /home/airflow/.local/lib/python3.7/site-packages/airflow/example_dags/example_xcom.py
[2022-10-27T07:27:59.270+0000] {processor.py:758} INFO - Processing file /home/airflow/.local/lib/python3.7/site-packages/airflow/example_dags/example_xcom.py for tasks to queue
[2022-10-27T07:27:59.271+0000] {logging_mixin.py:117} INFO - [2022-10-27T07:27:59.271+0000] {dagbag.py:525} INFO - Filling up the DagBag from /home/airflow/.local/lib/python3.7/site-packages/airflow/example_dags/example_xcom.py
[2022-10-27T07:27:59.502+0000] {processor.py:768} INFO - DAG(s) dict_keys(['example_xcom']) retrieved from /home/airflow/.local/lib/python3.7/site-packages/airflow/example_dags/example_xcom.py
[2022-10-27T07:27:59.545+0000] {logging_mixin.py:117} INFO - [2022-10-27T07:27:59.545+0000] {dag.py:2573} INFO - Sync 1 DAGs
[2022-10-27T07:27:59.575+0000] {logging_mixin.py:117} INFO - [2022-10-27T07:27:59.574+0000] {dag.py:3328} INFO - Setting next_dagrun for example_xcom to 2021-01-01T00:00:00+00:00, run_after=2021-01-01T00:00:00+00:00
[2022-10-27T07:27:59.598+0000] {processor.py:178} INFO - Processing /home/airflow/.local/lib/python3.7/site-packages/airflow/example_dags/example_xcom.py took 0.334 seconds
[2022-10-27T07:28:29.868+0000] {processor.py:156} INFO - Started process (PID=170) to work on /home/airflow/.local/lib/python3.7/site-packages/airflow/example_dags/example_xcom.py
[2022-10-27T07:28:29.870+0000] {processor.py:758} INFO - Processing file /home/airflow/.local/lib/python3.7/site-packages/airflow/example_dags/example_xcom.py for tasks to queue
[2022-10-27T07:28:29.870+0000] {logging_mixin.py:117} INFO - [2022-10-27T07:28:29.870+0000] {dagbag.py:525} INFO - Filling up the DagBag from /home/airflow/.local/lib/python3.7/site-packages/airflow/example_dags/example_xcom.py
[2022-10-27T07:28:30.304+0000] {processor.py:768} INFO - DAG(s) dict_keys(['example_xcom']) retrieved from /home/airflow/.local/lib/python3.7/site-packages/airflow/example_dags/example_xcom.py
[2022-10-27T07:28:30.390+0000] {logging_mixin.py:117} INFO - [2022-10-27T07:28:30.390+0000] {dag.py:2573} INFO - Sync 1 DAGs
[2022-10-27T07:28:30.453+0000] {logging_mixin.py:117} INFO - [2022-10-27T07:28:30.453+0000] {dag.py:3328} INFO - Setting next_dagrun for example_xcom to 2021-01-01T00:00:00+00:00, run_after=2021-01-01T00:00:00+00:00
[2022-10-27T07:28:30.499+0000] {processor.py:178} INFO - Processing /home/airflow/.local/lib/python3.7/site-packages/airflow/example_dags/example_xcom.py took 0.639 seconds
[2022-10-27T07:29:00.850+0000] {processor.py:156} INFO - Started process (PID=224) to work on /home/airflow/.local/lib/python3.7/site-packages/airflow/example_dags/example_xcom.py
[2022-10-27T07:29:00.851+0000] {processor.py:758} INFO - Processing file /home/airflow/.local/lib/python3.7/site-packages/airflow/example_dags/example_xcom.py for tasks to queue
[2022-10-27T07:29:00.852+0000] {logging_mixin.py:117} INFO - [2022-10-27T07:29:00.851+0000] {dagbag.py:525} INFO - Filling up the DagBag from /home/airflow/.local/lib/python3.7/site-packages/airflow/example_dags/example_xcom.py
[2022-10-27T07:29:00.886+0000] {processor.py:768} INFO - DAG(s) dict_keys(['example_xcom']) retrieved from /home/airflow/.local/lib/python3.7/site-packages/airflow/example_dags/example_xcom.py
[2022-10-27T07:29:00.938+0000] {logging_mixin.py:117} INFO - [2022-10-27T07:29:00.937+0000] {dag.py:2573} INFO - Sync 1 DAGs
[2022-10-27T07:29:00.967+0000] {logging_mixin.py:117} INFO - [2022-10-27T07:29:00.967+0000] {dag.py:3328} INFO - Setting next_dagrun for example_xcom to 2021-01-01T00:00:00+00:00, run_after=2021-01-01T00:00:00+00:00
[2022-10-27T07:29:00.990+0000] {processor.py:178} INFO - Processing /home/airflow/.local/lib/python3.7/site-packages/airflow/example_dags/example_xcom.py took 0.143 seconds
[2022-10-27T07:29:31.733+0000] {processor.py:156} INFO - Started process (PID=287) to work on /home/airflow/.local/lib/python3.7/site-packages/airflow/example_dags/example_xcom.py
[2022-10-27T07:29:31.735+0000] {processor.py:758} INFO - Processing file /home/airflow/.local/lib/python3.7/site-packages/airflow/example_dags/example_xcom.py for tasks to queue
[2022-10-27T07:29:31.738+0000] {logging_mixin.py:117} INFO - [2022-10-27T07:29:31.738+0000] {dagbag.py:525} INFO - Filling up the DagBag from /home/airflow/.local/lib/python3.7/site-packages/airflow/example_dags/example_xcom.py
[2022-10-27T07:29:31.799+0000] {processor.py:768} INFO - DAG(s) dict_keys(['example_xcom']) retrieved from /home/airflow/.local/lib/python3.7/site-packages/airflow/example_dags/example_xcom.py
[2022-10-27T07:29:31.943+0000] {logging_mixin.py:117} INFO - [2022-10-27T07:29:31.942+0000] {dag.py:2573} INFO - Sync 1 DAGs
[2022-10-27T07:29:32.016+0000] {logging_mixin.py:117} INFO - [2022-10-27T07:29:32.015+0000] {dag.py:3328} INFO - Setting next_dagrun for example_xcom to 2021-01-01T00:00:00+00:00, run_after=2021-01-01T00:00:00+00:00
[2022-10-27T07:29:32.072+0000] {processor.py:178} INFO - Processing /home/airflow/.local/lib/python3.7/site-packages/airflow/example_dags/example_xcom.py took 0.346 seconds
[2022-10-27T07:30:02.213+0000] {processor.py:156} INFO - Started process (PID=341) to work on /home/airflow/.local/lib/python3.7/site-packages/airflow/example_dags/example_xcom.py
[2022-10-27T07:30:02.214+0000] {processor.py:758} INFO - Processing file /home/airflow/.local/lib/python3.7/site-packages/airflow/example_dags/example_xcom.py for tasks to queue
[2022-10-27T07:30:02.215+0000] {logging_mixin.py:117} INFO - [2022-10-27T07:30:02.215+0000] {dagbag.py:525} INFO - Filling up the DagBag from /home/airflow/.local/lib/python3.7/site-packages/airflow/example_dags/example_xcom.py
[2022-10-27T07:30:02.247+0000] {processor.py:768} INFO - DAG(s) dict_keys(['example_xcom']) retrieved from /home/airflow/.local/lib/python3.7/site-packages/airflow/example_dags/example_xcom.py
[2022-10-27T07:30:02.304+0000] {logging_mixin.py:117} INFO - [2022-10-27T07:30:02.304+0000] {dag.py:2573} INFO - Sync 1 DAGs
[2022-10-27T07:30:02.342+0000] {logging_mixin.py:117} INFO - [2022-10-27T07:30:02.341+0000] {dag.py:3328} INFO - Setting next_dagrun for example_xcom to 2021-01-01T00:00:00+00:00, run_after=2021-01-01T00:00:00+00:00
[2022-10-27T07:30:02.375+0000] {processor.py:178} INFO - Processing /home/airflow/.local/lib/python3.7/site-packages/airflow/example_dags/example_xcom.py took 0.167 seconds
[2022-10-27T07:30:32.484+0000] {processor.py:156} INFO - Started process (PID=404) to work on /home/airflow/.local/lib/python3.7/site-packages/airflow/example_dags/example_xcom.py
[2022-10-27T07:30:32.486+0000] {processor.py:758} INFO - Processing file /home/airflow/.local/lib/python3.7/site-packages/airflow/example_dags/example_xcom.py for tasks to queue
[2022-10-27T07:30:32.488+0000] {logging_mixin.py:117} INFO - [2022-10-27T07:30:32.488+0000] {dagbag.py:525} INFO - Filling up the DagBag from /home/airflow/.local/lib/python3.7/site-packages/airflow/example_dags/example_xcom.py
[2022-10-27T07:30:32.544+0000] {processor.py:768} INFO - DAG(s) dict_keys(['example_xcom']) retrieved from /home/airflow/.local/lib/python3.7/site-packages/airflow/example_dags/example_xcom.py
[2022-10-27T07:30:32.624+0000] {logging_mixin.py:117} INFO - [2022-10-27T07:30:32.624+0000] {dag.py:2573} INFO - Sync 1 DAGs
[2022-10-27T07:30:32.683+0000] {logging_mixin.py:117} INFO - [2022-10-27T07:30:32.683+0000] {dag.py:3328} INFO - Setting next_dagrun for example_xcom to 2021-01-01T00:00:00+00:00, run_after=2021-01-01T00:00:00+00:00
[2022-10-27T07:30:32.740+0000] {processor.py:178} INFO - Processing /home/airflow/.local/lib/python3.7/site-packages/airflow/example_dags/example_xcom.py took 0.261 seconds
[2022-10-27T07:31:03.290+0000] {processor.py:156} INFO - Started process (PID=458) to work on /home/airflow/.local/lib/python3.7/site-packages/airflow/example_dags/example_xcom.py
[2022-10-27T07:31:03.291+0000] {processor.py:758} INFO - Processing file /home/airflow/.local/lib/python3.7/site-packages/airflow/example_dags/example_xcom.py for tasks to queue
[2022-10-27T07:31:03.292+0000] {logging_mixin.py:117} INFO - [2022-10-27T07:31:03.292+0000] {dagbag.py:525} INFO - Filling up the DagBag from /home/airflow/.local/lib/python3.7/site-packages/airflow/example_dags/example_xcom.py
[2022-10-27T07:31:03.327+0000] {processor.py:768} INFO - DAG(s) dict_keys(['example_xcom']) retrieved from /home/airflow/.local/lib/python3.7/site-packages/airflow/example_dags/example_xcom.py
[2022-10-27T07:31:03.391+0000] {logging_mixin.py:117} INFO - [2022-10-27T07:31:03.390+0000] {dag.py:2573} INFO - Sync 1 DAGs
[2022-10-27T07:31:03.432+0000] {logging_mixin.py:117} INFO - [2022-10-27T07:31:03.432+0000] {dag.py:3328} INFO - Setting next_dagrun for example_xcom to 2021-01-01T00:00:00+00:00, run_after=2021-01-01T00:00:00+00:00
[2022-10-27T07:31:03.466+0000] {processor.py:178} INFO - Processing /home/airflow/.local/lib/python3.7/site-packages/airflow/example_dags/example_xcom.py took 0.182 seconds
[2022-10-27T07:31:33.978+0000] {processor.py:156} INFO - Started process (PID=519) to work on /home/airflow/.local/lib/python3.7/site-packages/airflow/example_dags/example_xcom.py
[2022-10-27T07:31:33.982+0000] {processor.py:758} INFO - Processing file /home/airflow/.local/lib/python3.7/site-packages/airflow/example_dags/example_xcom.py for tasks to queue
[2022-10-27T07:31:33.984+0000] {logging_mixin.py:117} INFO - [2022-10-27T07:31:33.983+0000] {dagbag.py:525} INFO - Filling up the DagBag from /home/airflow/.local/lib/python3.7/site-packages/airflow/example_dags/example_xcom.py
[2022-10-27T07:31:34.049+0000] {processor.py:768} INFO - DAG(s) dict_keys(['example_xcom']) retrieved from /home/airflow/.local/lib/python3.7/site-packages/airflow/example_dags/example_xcom.py
[2022-10-27T07:31:34.154+0000] {logging_mixin.py:117} INFO - [2022-10-27T07:31:34.154+0000] {dag.py:2573} INFO - Sync 1 DAGs
[2022-10-27T07:31:34.215+0000] {logging_mixin.py:117} INFO - [2022-10-27T07:31:34.214+0000] {dag.py:3328} INFO - Setting next_dagrun for example_xcom to 2021-01-01T00:00:00+00:00, run_after=2021-01-01T00:00:00+00:00
[2022-10-27T07:31:34.266+0000] {processor.py:178} INFO - Processing /home/airflow/.local/lib/python3.7/site-packages/airflow/example_dags/example_xcom.py took 0.297 seconds
[2022-10-27T07:32:04.592+0000] {processor.py:156} INFO - Started process (PID=575) to work on /home/airflow/.local/lib/python3.7/site-packages/airflow/example_dags/example_xcom.py
[2022-10-27T07:32:04.594+0000] {processor.py:758} INFO - Processing file /home/airflow/.local/lib/python3.7/site-packages/airflow/example_dags/example_xcom.py for tasks to queue
[2022-10-27T07:32:04.595+0000] {logging_mixin.py:117} INFO - [2022-10-27T07:32:04.595+0000] {dagbag.py:525} INFO - Filling up the DagBag from /home/airflow/.local/lib/python3.7/site-packages/airflow/example_dags/example_xcom.py
[2022-10-27T07:32:04.628+0000] {processor.py:768} INFO - DAG(s) dict_keys(['example_xcom']) retrieved from /home/airflow/.local/lib/python3.7/site-packages/airflow/example_dags/example_xcom.py
[2022-10-27T07:32:04.681+0000] {logging_mixin.py:117} INFO - [2022-10-27T07:32:04.681+0000] {dag.py:2573} INFO - Sync 1 DAGs
[2022-10-27T07:32:04.715+0000] {logging_mixin.py:117} INFO - [2022-10-27T07:32:04.715+0000] {dag.py:3328} INFO - Setting next_dagrun for example_xcom to 2021-01-01T00:00:00+00:00, run_after=2021-01-01T00:00:00+00:00
[2022-10-27T07:32:04.746+0000] {processor.py:178} INFO - Processing /home/airflow/.local/lib/python3.7/site-packages/airflow/example_dags/example_xcom.py took 0.158 seconds
[2022-10-27T07:32:35.146+0000] {processor.py:156} INFO - Started process (PID=629) to work on /home/airflow/.local/lib/python3.7/site-packages/airflow/example_dags/example_xcom.py
[2022-10-27T07:32:35.148+0000] {processor.py:758} INFO - Processing file /home/airflow/.local/lib/python3.7/site-packages/airflow/example_dags/example_xcom.py for tasks to queue
[2022-10-27T07:32:35.149+0000] {logging_mixin.py:117} INFO - [2022-10-27T07:32:35.149+0000] {dagbag.py:525} INFO - Filling up the DagBag from /home/airflow/.local/lib/python3.7/site-packages/airflow/example_dags/example_xcom.py
[2022-10-27T07:32:35.218+0000] {processor.py:768} INFO - DAG(s) dict_keys(['example_xcom']) retrieved from /home/airflow/.local/lib/python3.7/site-packages/airflow/example_dags/example_xcom.py
[2022-10-27T07:32:35.317+0000] {logging_mixin.py:117} INFO - [2022-10-27T07:32:35.317+0000] {dag.py:2573} INFO - Sync 1 DAGs
[2022-10-27T07:32:35.372+0000] {logging_mixin.py:117} INFO - [2022-10-27T07:32:35.372+0000] {dag.py:3328} INFO - Setting next_dagrun for example_xcom to 2021-01-01T00:00:00+00:00, run_after=2021-01-01T00:00:00+00:00
[2022-10-27T07:32:35.433+0000] {processor.py:178} INFO - Processing /home/airflow/.local/lib/python3.7/site-packages/airflow/example_dags/example_xcom.py took 0.293 seconds
