[2022-10-27T07:27:43.567+0000] {processor.py:156} INFO - Started process (PID=84) to work on /home/airflow/.local/lib/python3.7/site-packages/airflow/example_dags/example_task_group_decorator.py
[2022-10-27T07:27:43.570+0000] {processor.py:758} INFO - Processing file /home/airflow/.local/lib/python3.7/site-packages/airflow/example_dags/example_task_group_decorator.py for tasks to queue
[2022-10-27T07:27:43.573+0000] {logging_mixin.py:117} INFO - [2022-10-27T07:27:43.573+0000] {dagbag.py:525} INFO - Filling up the DagBag from /home/airflow/.local/lib/python3.7/site-packages/airflow/example_dags/example_task_group_decorator.py
[2022-10-27T07:27:43.681+0000] {processor.py:768} INFO - DAG(s) dict_keys(['example_task_group_decorator']) retrieved from /home/airflow/.local/lib/python3.7/site-packages/airflow/example_dags/example_task_group_decorator.py
[2022-10-27T07:27:44.199+0000] {logging_mixin.py:117} INFO - [2022-10-27T07:27:44.199+0000] {dag.py:2573} INFO - Sync 1 DAGs
[2022-10-27T07:27:44.259+0000] {logging_mixin.py:117} INFO - [2022-10-27T07:27:44.259+0000] {dag.py:3328} INFO - Setting next_dagrun for example_task_group_decorator to 2022-10-26T07:27:44.256781+00:00, run_after=2022-10-27T07:27:44.256781+00:00
[2022-10-27T07:27:44.318+0000] {processor.py:178} INFO - Processing /home/airflow/.local/lib/python3.7/site-packages/airflow/example_dags/example_task_group_decorator.py took 0.761 seconds
[2022-10-27T07:28:14.430+0000] {processor.py:156} INFO - Started process (PID=138) to work on /home/airflow/.local/lib/python3.7/site-packages/airflow/example_dags/example_task_group_decorator.py
[2022-10-27T07:28:14.431+0000] {processor.py:758} INFO - Processing file /home/airflow/.local/lib/python3.7/site-packages/airflow/example_dags/example_task_group_decorator.py for tasks to queue
[2022-10-27T07:28:14.432+0000] {logging_mixin.py:117} INFO - [2022-10-27T07:28:14.432+0000] {dagbag.py:525} INFO - Filling up the DagBag from /home/airflow/.local/lib/python3.7/site-packages/airflow/example_dags/example_task_group_decorator.py
[2022-10-27T07:28:14.673+0000] {processor.py:768} INFO - DAG(s) dict_keys(['example_task_group_decorator']) retrieved from /home/airflow/.local/lib/python3.7/site-packages/airflow/example_dags/example_task_group_decorator.py
[2022-10-27T07:28:14.717+0000] {logging_mixin.py:117} INFO - [2022-10-27T07:28:14.716+0000] {dag.py:2573} INFO - Sync 1 DAGs
[2022-10-27T07:28:14.747+0000] {logging_mixin.py:117} INFO - [2022-10-27T07:28:14.747+0000] {dag.py:3328} INFO - Setting next_dagrun for example_task_group_decorator to 2022-10-26T07:28:14.746787+00:00, run_after=2022-10-27T07:28:14.746787+00:00
[2022-10-27T07:28:14.770+0000] {processor.py:178} INFO - Processing /home/airflow/.local/lib/python3.7/site-packages/airflow/example_dags/example_task_group_decorator.py took 0.344 seconds
[2022-10-27T07:28:44.992+0000] {processor.py:156} INFO - Started process (PID=202) to work on /home/airflow/.local/lib/python3.7/site-packages/airflow/example_dags/example_task_group_decorator.py
[2022-10-27T07:28:44.994+0000] {processor.py:758} INFO - Processing file /home/airflow/.local/lib/python3.7/site-packages/airflow/example_dags/example_task_group_decorator.py for tasks to queue
[2022-10-27T07:28:44.995+0000] {logging_mixin.py:117} INFO - [2022-10-27T07:28:44.995+0000] {dagbag.py:525} INFO - Filling up the DagBag from /home/airflow/.local/lib/python3.7/site-packages/airflow/example_dags/example_task_group_decorator.py
[2022-10-27T07:28:45.290+0000] {processor.py:768} INFO - DAG(s) dict_keys(['example_task_group_decorator']) retrieved from /home/airflow/.local/lib/python3.7/site-packages/airflow/example_dags/example_task_group_decorator.py
[2022-10-27T07:28:45.360+0000] {logging_mixin.py:117} INFO - [2022-10-27T07:28:45.360+0000] {dag.py:2573} INFO - Sync 1 DAGs
[2022-10-27T07:28:45.401+0000] {logging_mixin.py:117} INFO - [2022-10-27T07:28:45.400+0000] {dag.py:3328} INFO - Setting next_dagrun for example_task_group_decorator to 2022-10-26T07:28:45.400462+00:00, run_after=2022-10-27T07:28:45.400462+00:00
[2022-10-27T07:28:45.428+0000] {processor.py:178} INFO - Processing /home/airflow/.local/lib/python3.7/site-packages/airflow/example_dags/example_task_group_decorator.py took 0.441 seconds
[2022-10-27T07:29:16.006+0000] {processor.py:156} INFO - Started process (PID=256) to work on /home/airflow/.local/lib/python3.7/site-packages/airflow/example_dags/example_task_group_decorator.py
[2022-10-27T07:29:16.007+0000] {processor.py:758} INFO - Processing file /home/airflow/.local/lib/python3.7/site-packages/airflow/example_dags/example_task_group_decorator.py for tasks to queue
[2022-10-27T07:29:16.008+0000] {logging_mixin.py:117} INFO - [2022-10-27T07:29:16.007+0000] {dagbag.py:525} INFO - Filling up the DagBag from /home/airflow/.local/lib/python3.7/site-packages/airflow/example_dags/example_task_group_decorator.py
[2022-10-27T07:29:16.054+0000] {processor.py:768} INFO - DAG(s) dict_keys(['example_task_group_decorator']) retrieved from /home/airflow/.local/lib/python3.7/site-packages/airflow/example_dags/example_task_group_decorator.py
[2022-10-27T07:29:16.110+0000] {logging_mixin.py:117} INFO - [2022-10-27T07:29:16.110+0000] {dag.py:2573} INFO - Sync 1 DAGs
[2022-10-27T07:29:16.146+0000] {logging_mixin.py:117} INFO - [2022-10-27T07:29:16.145+0000] {dag.py:3328} INFO - Setting next_dagrun for example_task_group_decorator to 2022-10-26T07:29:16.145451+00:00, run_after=2022-10-27T07:29:16.145451+00:00
[2022-10-27T07:29:16.177+0000] {processor.py:178} INFO - Processing /home/airflow/.local/lib/python3.7/site-packages/airflow/example_dags/example_task_group_decorator.py took 0.175 seconds
[2022-10-27T07:29:46.845+0000] {processor.py:156} INFO - Started process (PID=319) to work on /home/airflow/.local/lib/python3.7/site-packages/airflow/example_dags/example_task_group_decorator.py
[2022-10-27T07:29:46.847+0000] {processor.py:758} INFO - Processing file /home/airflow/.local/lib/python3.7/site-packages/airflow/example_dags/example_task_group_decorator.py for tasks to queue
[2022-10-27T07:29:46.848+0000] {logging_mixin.py:117} INFO - [2022-10-27T07:29:46.848+0000] {dagbag.py:525} INFO - Filling up the DagBag from /home/airflow/.local/lib/python3.7/site-packages/airflow/example_dags/example_task_group_decorator.py
[2022-10-27T07:29:46.903+0000] {processor.py:768} INFO - DAG(s) dict_keys(['example_task_group_decorator']) retrieved from /home/airflow/.local/lib/python3.7/site-packages/airflow/example_dags/example_task_group_decorator.py
[2022-10-27T07:29:46.974+0000] {logging_mixin.py:117} INFO - [2022-10-27T07:29:46.973+0000] {dag.py:2573} INFO - Sync 1 DAGs
[2022-10-27T07:29:47.018+0000] {logging_mixin.py:117} INFO - [2022-10-27T07:29:47.018+0000] {dag.py:3328} INFO - Setting next_dagrun for example_task_group_decorator to 2022-10-26T07:29:47.017297+00:00, run_after=2022-10-27T07:29:47.017297+00:00
[2022-10-27T07:29:47.052+0000] {processor.py:178} INFO - Processing /home/airflow/.local/lib/python3.7/site-packages/airflow/example_dags/example_task_group_decorator.py took 0.214 seconds
[2022-10-27T07:30:17.579+0000] {processor.py:156} INFO - Started process (PID=373) to work on /home/airflow/.local/lib/python3.7/site-packages/airflow/example_dags/example_task_group_decorator.py
[2022-10-27T07:30:17.582+0000] {processor.py:758} INFO - Processing file /home/airflow/.local/lib/python3.7/site-packages/airflow/example_dags/example_task_group_decorator.py for tasks to queue
[2022-10-27T07:30:17.583+0000] {logging_mixin.py:117} INFO - [2022-10-27T07:30:17.583+0000] {dagbag.py:525} INFO - Filling up the DagBag from /home/airflow/.local/lib/python3.7/site-packages/airflow/example_dags/example_task_group_decorator.py
[2022-10-27T07:30:17.630+0000] {processor.py:768} INFO - DAG(s) dict_keys(['example_task_group_decorator']) retrieved from /home/airflow/.local/lib/python3.7/site-packages/airflow/example_dags/example_task_group_decorator.py
[2022-10-27T07:30:17.693+0000] {logging_mixin.py:117} INFO - [2022-10-27T07:30:17.693+0000] {dag.py:2573} INFO - Sync 1 DAGs
[2022-10-27T07:30:17.738+0000] {logging_mixin.py:117} INFO - [2022-10-27T07:30:17.737+0000] {dag.py:3328} INFO - Setting next_dagrun for example_task_group_decorator to 2022-10-26T07:30:17.737384+00:00, run_after=2022-10-27T07:30:17.737384+00:00
[2022-10-27T07:30:17.774+0000] {processor.py:178} INFO - Processing /home/airflow/.local/lib/python3.7/site-packages/airflow/example_dags/example_task_group_decorator.py took 0.200 seconds
[2022-10-27T07:30:48.637+0000] {processor.py:156} INFO - Started process (PID=436) to work on /home/airflow/.local/lib/python3.7/site-packages/airflow/example_dags/example_task_group_decorator.py
[2022-10-27T07:30:48.639+0000] {processor.py:758} INFO - Processing file /home/airflow/.local/lib/python3.7/site-packages/airflow/example_dags/example_task_group_decorator.py for tasks to queue
[2022-10-27T07:30:48.641+0000] {logging_mixin.py:117} INFO - [2022-10-27T07:30:48.641+0000] {dagbag.py:525} INFO - Filling up the DagBag from /home/airflow/.local/lib/python3.7/site-packages/airflow/example_dags/example_task_group_decorator.py
[2022-10-27T07:30:48.696+0000] {processor.py:768} INFO - DAG(s) dict_keys(['example_task_group_decorator']) retrieved from /home/airflow/.local/lib/python3.7/site-packages/airflow/example_dags/example_task_group_decorator.py
[2022-10-27T07:30:48.788+0000] {logging_mixin.py:117} INFO - [2022-10-27T07:30:48.787+0000] {dag.py:2573} INFO - Sync 1 DAGs
[2022-10-27T07:30:48.859+0000] {logging_mixin.py:117} INFO - [2022-10-27T07:30:48.858+0000] {dag.py:3328} INFO - Setting next_dagrun for example_task_group_decorator to 2022-10-26T07:30:48.858003+00:00, run_after=2022-10-27T07:30:48.858003+00:00
[2022-10-27T07:30:48.918+0000] {processor.py:178} INFO - Processing /home/airflow/.local/lib/python3.7/site-packages/airflow/example_dags/example_task_group_decorator.py took 0.287 seconds
[2022-10-27T07:31:19.050+0000] {processor.py:156} INFO - Started process (PID=490) to work on /home/airflow/.local/lib/python3.7/site-packages/airflow/example_dags/example_task_group_decorator.py
[2022-10-27T07:31:19.052+0000] {processor.py:758} INFO - Processing file /home/airflow/.local/lib/python3.7/site-packages/airflow/example_dags/example_task_group_decorator.py for tasks to queue
[2022-10-27T07:31:19.056+0000] {logging_mixin.py:117} INFO - [2022-10-27T07:31:19.056+0000] {dagbag.py:525} INFO - Filling up the DagBag from /home/airflow/.local/lib/python3.7/site-packages/airflow/example_dags/example_task_group_decorator.py
[2022-10-27T07:31:19.128+0000] {processor.py:768} INFO - DAG(s) dict_keys(['example_task_group_decorator']) retrieved from /home/airflow/.local/lib/python3.7/site-packages/airflow/example_dags/example_task_group_decorator.py
[2022-10-27T07:31:19.213+0000] {logging_mixin.py:117} INFO - [2022-10-27T07:31:19.213+0000] {dag.py:2573} INFO - Sync 1 DAGs
[2022-10-27T07:31:19.262+0000] {logging_mixin.py:117} INFO - [2022-10-27T07:31:19.262+0000] {dag.py:3328} INFO - Setting next_dagrun for example_task_group_decorator to 2022-10-26T07:31:19.261658+00:00, run_after=2022-10-27T07:31:19.261658+00:00
[2022-10-27T07:31:19.296+0000] {processor.py:178} INFO - Processing /home/airflow/.local/lib/python3.7/site-packages/airflow/example_dags/example_task_group_decorator.py took 0.253 seconds
[2022-10-27T07:31:49.454+0000] {processor.py:156} INFO - Started process (PID=552) to work on /home/airflow/.local/lib/python3.7/site-packages/airflow/example_dags/example_task_group_decorator.py
[2022-10-27T07:31:49.456+0000] {processor.py:758} INFO - Processing file /home/airflow/.local/lib/python3.7/site-packages/airflow/example_dags/example_task_group_decorator.py for tasks to queue
[2022-10-27T07:31:49.457+0000] {logging_mixin.py:117} INFO - [2022-10-27T07:31:49.457+0000] {dagbag.py:525} INFO - Filling up the DagBag from /home/airflow/.local/lib/python3.7/site-packages/airflow/example_dags/example_task_group_decorator.py
[2022-10-27T07:31:49.518+0000] {processor.py:768} INFO - DAG(s) dict_keys(['example_task_group_decorator']) retrieved from /home/airflow/.local/lib/python3.7/site-packages/airflow/example_dags/example_task_group_decorator.py
[2022-10-27T07:31:49.600+0000] {logging_mixin.py:117} INFO - [2022-10-27T07:31:49.599+0000] {dag.py:2573} INFO - Sync 1 DAGs
[2022-10-27T07:31:49.647+0000] {logging_mixin.py:117} INFO - [2022-10-27T07:31:49.647+0000] {dag.py:3328} INFO - Setting next_dagrun for example_task_group_decorator to 2022-10-26T07:31:49.646758+00:00, run_after=2022-10-27T07:31:49.646758+00:00
[2022-10-27T07:31:49.700+0000] {processor.py:178} INFO - Processing /home/airflow/.local/lib/python3.7/site-packages/airflow/example_dags/example_task_group_decorator.py took 0.252 seconds
[2022-10-27T07:32:19.746+0000] {processor.py:156} INFO - Started process (PID=606) to work on /home/airflow/.local/lib/python3.7/site-packages/airflow/example_dags/example_task_group_decorator.py
[2022-10-27T07:32:19.747+0000] {processor.py:758} INFO - Processing file /home/airflow/.local/lib/python3.7/site-packages/airflow/example_dags/example_task_group_decorator.py for tasks to queue
[2022-10-27T07:32:19.748+0000] {logging_mixin.py:117} INFO - [2022-10-27T07:32:19.748+0000] {dagbag.py:525} INFO - Filling up the DagBag from /home/airflow/.local/lib/python3.7/site-packages/airflow/example_dags/example_task_group_decorator.py
[2022-10-27T07:32:19.813+0000] {processor.py:768} INFO - DAG(s) dict_keys(['example_task_group_decorator']) retrieved from /home/airflow/.local/lib/python3.7/site-packages/airflow/example_dags/example_task_group_decorator.py
[2022-10-27T07:32:19.884+0000] {logging_mixin.py:117} INFO - [2022-10-27T07:32:19.884+0000] {dag.py:2573} INFO - Sync 1 DAGs
[2022-10-27T07:32:19.927+0000] {logging_mixin.py:117} INFO - [2022-10-27T07:32:19.927+0000] {dag.py:3328} INFO - Setting next_dagrun for example_task_group_decorator to 2022-10-26T07:32:19.927103+00:00, run_after=2022-10-27T07:32:19.927103+00:00
[2022-10-27T07:32:19.969+0000] {processor.py:178} INFO - Processing /home/airflow/.local/lib/python3.7/site-packages/airflow/example_dags/example_task_group_decorator.py took 0.231 seconds
[2022-10-27T07:32:50.333+0000] {processor.py:156} INFO - Started process (PID=669) to work on /home/airflow/.local/lib/python3.7/site-packages/airflow/example_dags/example_task_group_decorator.py
[2022-10-27T07:32:50.334+0000] {processor.py:758} INFO - Processing file /home/airflow/.local/lib/python3.7/site-packages/airflow/example_dags/example_task_group_decorator.py for tasks to queue
[2022-10-27T07:32:50.335+0000] {logging_mixin.py:117} INFO - [2022-10-27T07:32:50.335+0000] {dagbag.py:525} INFO - Filling up the DagBag from /home/airflow/.local/lib/python3.7/site-packages/airflow/example_dags/example_task_group_decorator.py
[2022-10-27T07:32:50.400+0000] {processor.py:768} INFO - DAG(s) dict_keys(['example_task_group_decorator']) retrieved from /home/airflow/.local/lib/python3.7/site-packages/airflow/example_dags/example_task_group_decorator.py
[2022-10-27T07:32:50.476+0000] {logging_mixin.py:117} INFO - [2022-10-27T07:32:50.476+0000] {dag.py:2573} INFO - Sync 1 DAGs
[2022-10-27T07:32:50.519+0000] {logging_mixin.py:117} INFO - [2022-10-27T07:32:50.519+0000] {dag.py:3328} INFO - Setting next_dagrun for example_task_group_decorator to 2022-10-26T07:32:50.518803+00:00, run_after=2022-10-27T07:32:50.518803+00:00
[2022-10-27T07:32:50.550+0000] {processor.py:178} INFO - Processing /home/airflow/.local/lib/python3.7/site-packages/airflow/example_dags/example_task_group_decorator.py took 0.222 seconds
