[2022-10-27T07:27:32.976+0000] {processor.py:156} INFO - Started process (PID=64) to work on /home/airflow/.local/lib/python3.7/site-packages/airflow/example_dags/example_short_circuit_decorator.py
[2022-10-27T07:27:32.977+0000] {processor.py:758} INFO - Processing file /home/airflow/.local/lib/python3.7/site-packages/airflow/example_dags/example_short_circuit_decorator.py for tasks to queue
[2022-10-27T07:27:32.979+0000] {logging_mixin.py:117} INFO - [2022-10-27T07:27:32.979+0000] {dagbag.py:525} INFO - Filling up the DagBag from /home/airflow/.local/lib/python3.7/site-packages/airflow/example_dags/example_short_circuit_decorator.py
[2022-10-27T07:27:33.083+0000] {processor.py:768} INFO - DAG(s) dict_keys(['example_short_circuit_decorator']) retrieved from /home/airflow/.local/lib/python3.7/site-packages/airflow/example_dags/example_short_circuit_decorator.py
[2022-10-27T07:27:33.746+0000] {logging_mixin.py:117} INFO - [2022-10-27T07:27:33.744+0000] {dag.py:2573} INFO - Sync 1 DAGs
[2022-10-27T07:27:33.842+0000] {logging_mixin.py:117} INFO - [2022-10-27T07:27:33.842+0000] {dag.py:3328} INFO - Setting next_dagrun for example_short_circuit_decorator to 2022-10-26T07:27:33.841844+00:00, run_after=2022-10-27T07:27:33.841844+00:00
[2022-10-27T07:27:33.939+0000] {processor.py:178} INFO - Processing /home/airflow/.local/lib/python3.7/site-packages/airflow/example_dags/example_short_circuit_decorator.py took 0.977 seconds
[2022-10-27T07:28:04.768+0000] {processor.py:156} INFO - Started process (PID=127) to work on /home/airflow/.local/lib/python3.7/site-packages/airflow/example_dags/example_short_circuit_decorator.py
[2022-10-27T07:28:04.769+0000] {processor.py:758} INFO - Processing file /home/airflow/.local/lib/python3.7/site-packages/airflow/example_dags/example_short_circuit_decorator.py for tasks to queue
[2022-10-27T07:28:04.770+0000] {logging_mixin.py:117} INFO - [2022-10-27T07:28:04.770+0000] {dagbag.py:525} INFO - Filling up the DagBag from /home/airflow/.local/lib/python3.7/site-packages/airflow/example_dags/example_short_circuit_decorator.py
[2022-10-27T07:28:05.018+0000] {processor.py:768} INFO - DAG(s) dict_keys(['example_short_circuit_decorator']) retrieved from /home/airflow/.local/lib/python3.7/site-packages/airflow/example_dags/example_short_circuit_decorator.py
[2022-10-27T07:28:05.077+0000] {logging_mixin.py:117} INFO - [2022-10-27T07:28:05.077+0000] {dag.py:2573} INFO - Sync 1 DAGs
[2022-10-27T07:28:05.127+0000] {logging_mixin.py:117} INFO - [2022-10-27T07:28:05.126+0000] {dag.py:3328} INFO - Setting next_dagrun for example_short_circuit_decorator to 2022-10-26T07:28:05.126189+00:00, run_after=2022-10-27T07:28:05.126189+00:00
[2022-10-27T07:28:05.173+0000] {processor.py:178} INFO - Processing /home/airflow/.local/lib/python3.7/site-packages/airflow/example_dags/example_short_circuit_decorator.py took 0.409 seconds
[2022-10-27T07:28:35.618+0000] {processor.py:156} INFO - Started process (PID=182) to work on /home/airflow/.local/lib/python3.7/site-packages/airflow/example_dags/example_short_circuit_decorator.py
[2022-10-27T07:28:35.619+0000] {processor.py:758} INFO - Processing file /home/airflow/.local/lib/python3.7/site-packages/airflow/example_dags/example_short_circuit_decorator.py for tasks to queue
[2022-10-27T07:28:35.619+0000] {logging_mixin.py:117} INFO - [2022-10-27T07:28:35.619+0000] {dagbag.py:525} INFO - Filling up the DagBag from /home/airflow/.local/lib/python3.7/site-packages/airflow/example_dags/example_short_circuit_decorator.py
[2022-10-27T07:28:35.801+0000] {processor.py:768} INFO - DAG(s) dict_keys(['example_short_circuit_decorator']) retrieved from /home/airflow/.local/lib/python3.7/site-packages/airflow/example_dags/example_short_circuit_decorator.py
[2022-10-27T07:28:35.838+0000] {logging_mixin.py:117} INFO - [2022-10-27T07:28:35.838+0000] {dag.py:2573} INFO - Sync 1 DAGs
[2022-10-27T07:28:35.865+0000] {logging_mixin.py:117} INFO - [2022-10-27T07:28:35.865+0000] {dag.py:3328} INFO - Setting next_dagrun for example_short_circuit_decorator to 2022-10-26T07:28:35.865031+00:00, run_after=2022-10-27T07:28:35.865031+00:00
[2022-10-27T07:28:35.886+0000] {processor.py:178} INFO - Processing /home/airflow/.local/lib/python3.7/site-packages/airflow/example_dags/example_short_circuit_decorator.py took 0.270 seconds
[2022-10-27T07:29:05.999+0000] {processor.py:156} INFO - Started process (PID=245) to work on /home/airflow/.local/lib/python3.7/site-packages/airflow/example_dags/example_short_circuit_decorator.py
[2022-10-27T07:29:06.001+0000] {processor.py:758} INFO - Processing file /home/airflow/.local/lib/python3.7/site-packages/airflow/example_dags/example_short_circuit_decorator.py for tasks to queue
[2022-10-27T07:29:06.002+0000] {logging_mixin.py:117} INFO - [2022-10-27T07:29:06.001+0000] {dagbag.py:525} INFO - Filling up the DagBag from /home/airflow/.local/lib/python3.7/site-packages/airflow/example_dags/example_short_circuit_decorator.py
[2022-10-27T07:29:06.035+0000] {processor.py:768} INFO - DAG(s) dict_keys(['example_short_circuit_decorator']) retrieved from /home/airflow/.local/lib/python3.7/site-packages/airflow/example_dags/example_short_circuit_decorator.py
[2022-10-27T07:29:06.094+0000] {logging_mixin.py:117} INFO - [2022-10-27T07:29:06.093+0000] {dag.py:2573} INFO - Sync 1 DAGs
[2022-10-27T07:29:06.128+0000] {logging_mixin.py:117} INFO - [2022-10-27T07:29:06.128+0000] {dag.py:3328} INFO - Setting next_dagrun for example_short_circuit_decorator to 2022-10-26T07:29:06.128361+00:00, run_after=2022-10-27T07:29:06.128361+00:00
[2022-10-27T07:29:06.158+0000] {processor.py:178} INFO - Processing /home/airflow/.local/lib/python3.7/site-packages/airflow/example_dags/example_short_circuit_decorator.py took 0.164 seconds
[2022-10-27T07:29:36.610+0000] {processor.py:156} INFO - Started process (PID=299) to work on /home/airflow/.local/lib/python3.7/site-packages/airflow/example_dags/example_short_circuit_decorator.py
[2022-10-27T07:29:36.611+0000] {processor.py:758} INFO - Processing file /home/airflow/.local/lib/python3.7/site-packages/airflow/example_dags/example_short_circuit_decorator.py for tasks to queue
[2022-10-27T07:29:36.611+0000] {logging_mixin.py:117} INFO - [2022-10-27T07:29:36.611+0000] {dagbag.py:525} INFO - Filling up the DagBag from /home/airflow/.local/lib/python3.7/site-packages/airflow/example_dags/example_short_circuit_decorator.py
[2022-10-27T07:29:36.641+0000] {processor.py:768} INFO - DAG(s) dict_keys(['example_short_circuit_decorator']) retrieved from /home/airflow/.local/lib/python3.7/site-packages/airflow/example_dags/example_short_circuit_decorator.py
[2022-10-27T07:29:36.694+0000] {logging_mixin.py:117} INFO - [2022-10-27T07:29:36.693+0000] {dag.py:2573} INFO - Sync 1 DAGs
[2022-10-27T07:29:36.730+0000] {logging_mixin.py:117} INFO - [2022-10-27T07:29:36.730+0000] {dag.py:3328} INFO - Setting next_dagrun for example_short_circuit_decorator to 2022-10-26T07:29:36.729850+00:00, run_after=2022-10-27T07:29:36.729850+00:00
[2022-10-27T07:29:36.761+0000] {processor.py:178} INFO - Processing /home/airflow/.local/lib/python3.7/site-packages/airflow/example_dags/example_short_circuit_decorator.py took 0.155 seconds
[2022-10-27T07:30:07.447+0000] {processor.py:156} INFO - Started process (PID=362) to work on /home/airflow/.local/lib/python3.7/site-packages/airflow/example_dags/example_short_circuit_decorator.py
[2022-10-27T07:30:07.448+0000] {processor.py:758} INFO - Processing file /home/airflow/.local/lib/python3.7/site-packages/airflow/example_dags/example_short_circuit_decorator.py for tasks to queue
[2022-10-27T07:30:07.449+0000] {logging_mixin.py:117} INFO - [2022-10-27T07:30:07.449+0000] {dagbag.py:525} INFO - Filling up the DagBag from /home/airflow/.local/lib/python3.7/site-packages/airflow/example_dags/example_short_circuit_decorator.py
[2022-10-27T07:30:07.494+0000] {processor.py:768} INFO - DAG(s) dict_keys(['example_short_circuit_decorator']) retrieved from /home/airflow/.local/lib/python3.7/site-packages/airflow/example_dags/example_short_circuit_decorator.py
[2022-10-27T07:30:07.567+0000] {logging_mixin.py:117} INFO - [2022-10-27T07:30:07.567+0000] {dag.py:2573} INFO - Sync 1 DAGs
[2022-10-27T07:30:07.621+0000] {logging_mixin.py:117} INFO - [2022-10-27T07:30:07.621+0000] {dag.py:3328} INFO - Setting next_dagrun for example_short_circuit_decorator to 2022-10-26T07:30:07.621141+00:00, run_after=2022-10-27T07:30:07.621141+00:00
[2022-10-27T07:30:07.664+0000] {processor.py:178} INFO - Processing /home/airflow/.local/lib/python3.7/site-packages/airflow/example_dags/example_short_circuit_decorator.py took 0.224 seconds
[2022-10-27T07:30:38.237+0000] {processor.py:156} INFO - Started process (PID=416) to work on /home/airflow/.local/lib/python3.7/site-packages/airflow/example_dags/example_short_circuit_decorator.py
[2022-10-27T07:30:38.238+0000] {processor.py:758} INFO - Processing file /home/airflow/.local/lib/python3.7/site-packages/airflow/example_dags/example_short_circuit_decorator.py for tasks to queue
[2022-10-27T07:30:38.238+0000] {logging_mixin.py:117} INFO - [2022-10-27T07:30:38.238+0000] {dagbag.py:525} INFO - Filling up the DagBag from /home/airflow/.local/lib/python3.7/site-packages/airflow/example_dags/example_short_circuit_decorator.py
[2022-10-27T07:30:38.274+0000] {processor.py:768} INFO - DAG(s) dict_keys(['example_short_circuit_decorator']) retrieved from /home/airflow/.local/lib/python3.7/site-packages/airflow/example_dags/example_short_circuit_decorator.py
[2022-10-27T07:30:38.332+0000] {logging_mixin.py:117} INFO - [2022-10-27T07:30:38.331+0000] {dag.py:2573} INFO - Sync 1 DAGs
[2022-10-27T07:30:38.372+0000] {logging_mixin.py:117} INFO - [2022-10-27T07:30:38.372+0000] {dag.py:3328} INFO - Setting next_dagrun for example_short_circuit_decorator to 2022-10-26T07:30:38.372224+00:00, run_after=2022-10-27T07:30:38.372224+00:00
[2022-10-27T07:30:38.401+0000] {processor.py:178} INFO - Processing /home/airflow/.local/lib/python3.7/site-packages/airflow/example_dags/example_short_circuit_decorator.py took 0.169 seconds
[2022-10-27T07:31:08.786+0000] {processor.py:156} INFO - Started process (PID=470) to work on /home/airflow/.local/lib/python3.7/site-packages/airflow/example_dags/example_short_circuit_decorator.py
[2022-10-27T07:31:08.788+0000] {processor.py:758} INFO - Processing file /home/airflow/.local/lib/python3.7/site-packages/airflow/example_dags/example_short_circuit_decorator.py for tasks to queue
[2022-10-27T07:31:08.790+0000] {logging_mixin.py:117} INFO - [2022-10-27T07:31:08.789+0000] {dagbag.py:525} INFO - Filling up the DagBag from /home/airflow/.local/lib/python3.7/site-packages/airflow/example_dags/example_short_circuit_decorator.py
[2022-10-27T07:31:08.877+0000] {processor.py:768} INFO - DAG(s) dict_keys(['example_short_circuit_decorator']) retrieved from /home/airflow/.local/lib/python3.7/site-packages/airflow/example_dags/example_short_circuit_decorator.py
[2022-10-27T07:31:09.021+0000] {logging_mixin.py:117} INFO - [2022-10-27T07:31:09.020+0000] {dag.py:2573} INFO - Sync 1 DAGs
[2022-10-27T07:31:09.092+0000] {logging_mixin.py:117} INFO - [2022-10-27T07:31:09.092+0000] {dag.py:3328} INFO - Setting next_dagrun for example_short_circuit_decorator to 2022-10-26T07:31:09.092169+00:00, run_after=2022-10-27T07:31:09.092169+00:00
[2022-10-27T07:31:09.140+0000] {processor.py:178} INFO - Processing /home/airflow/.local/lib/python3.7/site-packages/airflow/example_dags/example_short_circuit_decorator.py took 0.360 seconds
[2022-10-27T07:31:39.584+0000] {processor.py:156} INFO - Started process (PID=533) to work on /home/airflow/.local/lib/python3.7/site-packages/airflow/example_dags/example_short_circuit_decorator.py
[2022-10-27T07:31:39.586+0000] {processor.py:758} INFO - Processing file /home/airflow/.local/lib/python3.7/site-packages/airflow/example_dags/example_short_circuit_decorator.py for tasks to queue
[2022-10-27T07:31:39.587+0000] {logging_mixin.py:117} INFO - [2022-10-27T07:31:39.586+0000] {dagbag.py:525} INFO - Filling up the DagBag from /home/airflow/.local/lib/python3.7/site-packages/airflow/example_dags/example_short_circuit_decorator.py
[2022-10-27T07:31:39.620+0000] {processor.py:768} INFO - DAG(s) dict_keys(['example_short_circuit_decorator']) retrieved from /home/airflow/.local/lib/python3.7/site-packages/airflow/example_dags/example_short_circuit_decorator.py
[2022-10-27T07:31:39.736+0000] {logging_mixin.py:117} INFO - [2022-10-27T07:31:39.736+0000] {dag.py:2573} INFO - Sync 1 DAGs
[2022-10-27T07:31:39.785+0000] {logging_mixin.py:117} INFO - [2022-10-27T07:31:39.785+0000] {dag.py:3328} INFO - Setting next_dagrun for example_short_circuit_decorator to 2022-10-26T07:31:39.784724+00:00, run_after=2022-10-27T07:31:39.784724+00:00
[2022-10-27T07:31:39.822+0000] {processor.py:178} INFO - Processing /home/airflow/.local/lib/python3.7/site-packages/airflow/example_dags/example_short_circuit_decorator.py took 0.243 seconds
[2022-10-27T07:32:10.624+0000] {processor.py:156} INFO - Started process (PID=587) to work on /home/airflow/.local/lib/python3.7/site-packages/airflow/example_dags/example_short_circuit_decorator.py
[2022-10-27T07:32:10.626+0000] {processor.py:758} INFO - Processing file /home/airflow/.local/lib/python3.7/site-packages/airflow/example_dags/example_short_circuit_decorator.py for tasks to queue
[2022-10-27T07:32:10.627+0000] {logging_mixin.py:117} INFO - [2022-10-27T07:32:10.627+0000] {dagbag.py:525} INFO - Filling up the DagBag from /home/airflow/.local/lib/python3.7/site-packages/airflow/example_dags/example_short_circuit_decorator.py
[2022-10-27T07:32:10.677+0000] {processor.py:768} INFO - DAG(s) dict_keys(['example_short_circuit_decorator']) retrieved from /home/airflow/.local/lib/python3.7/site-packages/airflow/example_dags/example_short_circuit_decorator.py
[2022-10-27T07:32:10.737+0000] {logging_mixin.py:117} INFO - [2022-10-27T07:32:10.737+0000] {dag.py:2573} INFO - Sync 1 DAGs
[2022-10-27T07:32:10.773+0000] {logging_mixin.py:117} INFO - [2022-10-27T07:32:10.772+0000] {dag.py:3328} INFO - Setting next_dagrun for example_short_circuit_decorator to 2022-10-26T07:32:10.772476+00:00, run_after=2022-10-27T07:32:10.772476+00:00
[2022-10-27T07:32:10.801+0000] {processor.py:178} INFO - Processing /home/airflow/.local/lib/python3.7/site-packages/airflow/example_dags/example_short_circuit_decorator.py took 0.183 seconds
[2022-10-27T07:32:41.486+0000] {processor.py:156} INFO - Started process (PID=650) to work on /home/airflow/.local/lib/python3.7/site-packages/airflow/example_dags/example_short_circuit_decorator.py
[2022-10-27T07:32:41.488+0000] {processor.py:758} INFO - Processing file /home/airflow/.local/lib/python3.7/site-packages/airflow/example_dags/example_short_circuit_decorator.py for tasks to queue
[2022-10-27T07:32:41.490+0000] {logging_mixin.py:117} INFO - [2022-10-27T07:32:41.490+0000] {dagbag.py:525} INFO - Filling up the DagBag from /home/airflow/.local/lib/python3.7/site-packages/airflow/example_dags/example_short_circuit_decorator.py
[2022-10-27T07:32:41.549+0000] {processor.py:768} INFO - DAG(s) dict_keys(['example_short_circuit_decorator']) retrieved from /home/airflow/.local/lib/python3.7/site-packages/airflow/example_dags/example_short_circuit_decorator.py
[2022-10-27T07:32:41.642+0000] {logging_mixin.py:117} INFO - [2022-10-27T07:32:41.642+0000] {dag.py:2573} INFO - Sync 1 DAGs
[2022-10-27T07:32:41.693+0000] {logging_mixin.py:117} INFO - [2022-10-27T07:32:41.693+0000] {dag.py:3328} INFO - Setting next_dagrun for example_short_circuit_decorator to 2022-10-26T07:32:41.693412+00:00, run_after=2022-10-27T07:32:41.693412+00:00
[2022-10-27T07:32:41.730+0000] {processor.py:178} INFO - Processing /home/airflow/.local/lib/python3.7/site-packages/airflow/example_dags/example_short_circuit_decorator.py took 0.251 seconds
