[2022-10-27T07:27:45.010+0000] {processor.py:156} INFO - Started process (PID=88) to work on /home/airflow/.local/lib/python3.7/site-packages/airflow/example_dags/example_latest_only_with_trigger.py
[2022-10-27T07:27:45.011+0000] {processor.py:758} INFO - Processing file /home/airflow/.local/lib/python3.7/site-packages/airflow/example_dags/example_latest_only_with_trigger.py for tasks to queue
[2022-10-27T07:27:45.012+0000] {logging_mixin.py:117} INFO - [2022-10-27T07:27:45.012+0000] {dagbag.py:525} INFO - Filling up the DagBag from /home/airflow/.local/lib/python3.7/site-packages/airflow/example_dags/example_latest_only_with_trigger.py
[2022-10-27T07:27:45.050+0000] {processor.py:768} INFO - DAG(s) dict_keys(['latest_only_with_trigger']) retrieved from /home/airflow/.local/lib/python3.7/site-packages/airflow/example_dags/example_latest_only_with_trigger.py
[2022-10-27T07:27:45.604+0000] {logging_mixin.py:117} INFO - [2022-10-27T07:27:45.603+0000] {dag.py:2573} INFO - Sync 1 DAGs
[2022-10-27T07:27:45.673+0000] {logging_mixin.py:117} INFO - [2022-10-27T07:27:45.673+0000] {dag.py:3328} INFO - Setting next_dagrun for latest_only_with_trigger to 2022-10-27T03:27:45.672888+00:00, run_after=2022-10-27T07:27:45.672888+00:00
[2022-10-27T07:27:45.726+0000] {processor.py:178} INFO - Processing /home/airflow/.local/lib/python3.7/site-packages/airflow/example_dags/example_latest_only_with_trigger.py took 0.723 seconds
[2022-10-27T07:28:16.459+0000] {processor.py:156} INFO - Started process (PID=149) to work on /home/airflow/.local/lib/python3.7/site-packages/airflow/example_dags/example_latest_only_with_trigger.py
[2022-10-27T07:28:16.460+0000] {processor.py:758} INFO - Processing file /home/airflow/.local/lib/python3.7/site-packages/airflow/example_dags/example_latest_only_with_trigger.py for tasks to queue
[2022-10-27T07:28:16.461+0000] {logging_mixin.py:117} INFO - [2022-10-27T07:28:16.461+0000] {dagbag.py:525} INFO - Filling up the DagBag from /home/airflow/.local/lib/python3.7/site-packages/airflow/example_dags/example_latest_only_with_trigger.py
[2022-10-27T07:28:16.482+0000] {processor.py:768} INFO - DAG(s) dict_keys(['latest_only_with_trigger']) retrieved from /home/airflow/.local/lib/python3.7/site-packages/airflow/example_dags/example_latest_only_with_trigger.py
[2022-10-27T07:28:16.795+0000] {logging_mixin.py:117} INFO - [2022-10-27T07:28:16.794+0000] {dag.py:2573} INFO - Sync 1 DAGs
[2022-10-27T07:28:16.835+0000] {logging_mixin.py:117} INFO - [2022-10-27T07:28:16.835+0000] {dag.py:3328} INFO - Setting next_dagrun for latest_only_with_trigger to 2022-10-27T03:28:16.834779+00:00, run_after=2022-10-27T07:28:16.834779+00:00
[2022-10-27T07:28:16.868+0000] {processor.py:178} INFO - Processing /home/airflow/.local/lib/python3.7/site-packages/airflow/example_dags/example_latest_only_with_trigger.py took 0.414 seconds
[2022-10-27T07:28:47.081+0000] {processor.py:156} INFO - Started process (PID=206) to work on /home/airflow/.local/lib/python3.7/site-packages/airflow/example_dags/example_latest_only_with_trigger.py
[2022-10-27T07:28:47.083+0000] {processor.py:758} INFO - Processing file /home/airflow/.local/lib/python3.7/site-packages/airflow/example_dags/example_latest_only_with_trigger.py for tasks to queue
[2022-10-27T07:28:47.084+0000] {logging_mixin.py:117} INFO - [2022-10-27T07:28:47.084+0000] {dagbag.py:525} INFO - Filling up the DagBag from /home/airflow/.local/lib/python3.7/site-packages/airflow/example_dags/example_latest_only_with_trigger.py
[2022-10-27T07:28:47.294+0000] {processor.py:768} INFO - DAG(s) dict_keys(['latest_only_with_trigger']) retrieved from /home/airflow/.local/lib/python3.7/site-packages/airflow/example_dags/example_latest_only_with_trigger.py
[2022-10-27T07:28:47.334+0000] {logging_mixin.py:117} INFO - [2022-10-27T07:28:47.333+0000] {dag.py:2573} INFO - Sync 1 DAGs
[2022-10-27T07:28:47.362+0000] {logging_mixin.py:117} INFO - [2022-10-27T07:28:47.362+0000] {dag.py:3328} INFO - Setting next_dagrun for latest_only_with_trigger to 2022-10-27T03:28:47.362059+00:00, run_after=2022-10-27T07:28:47.362059+00:00
[2022-10-27T07:28:47.385+0000] {processor.py:178} INFO - Processing /home/airflow/.local/lib/python3.7/site-packages/airflow/example_dags/example_latest_only_with_trigger.py took 0.307 seconds
[2022-10-27T07:29:17.512+0000] {processor.py:156} INFO - Started process (PID=267) to work on /home/airflow/.local/lib/python3.7/site-packages/airflow/example_dags/example_latest_only_with_trigger.py
[2022-10-27T07:29:17.514+0000] {processor.py:758} INFO - Processing file /home/airflow/.local/lib/python3.7/site-packages/airflow/example_dags/example_latest_only_with_trigger.py for tasks to queue
[2022-10-27T07:29:17.515+0000] {logging_mixin.py:117} INFO - [2022-10-27T07:29:17.514+0000] {dagbag.py:525} INFO - Filling up the DagBag from /home/airflow/.local/lib/python3.7/site-packages/airflow/example_dags/example_latest_only_with_trigger.py
[2022-10-27T07:29:17.538+0000] {processor.py:768} INFO - DAG(s) dict_keys(['latest_only_with_trigger']) retrieved from /home/airflow/.local/lib/python3.7/site-packages/airflow/example_dags/example_latest_only_with_trigger.py
[2022-10-27T07:29:17.610+0000] {logging_mixin.py:117} INFO - [2022-10-27T07:29:17.610+0000] {dag.py:2573} INFO - Sync 1 DAGs
[2022-10-27T07:29:17.665+0000] {logging_mixin.py:117} INFO - [2022-10-27T07:29:17.665+0000] {dag.py:3328} INFO - Setting next_dagrun for latest_only_with_trigger to 2022-10-27T03:29:17.664994+00:00, run_after=2022-10-27T07:29:17.664994+00:00
[2022-10-27T07:29:17.707+0000] {processor.py:178} INFO - Processing /home/airflow/.local/lib/python3.7/site-packages/airflow/example_dags/example_latest_only_with_trigger.py took 0.201 seconds
[2022-10-27T07:29:48.292+0000] {processor.py:156} INFO - Started process (PID=323) to work on /home/airflow/.local/lib/python3.7/site-packages/airflow/example_dags/example_latest_only_with_trigger.py
[2022-10-27T07:29:48.292+0000] {processor.py:758} INFO - Processing file /home/airflow/.local/lib/python3.7/site-packages/airflow/example_dags/example_latest_only_with_trigger.py for tasks to queue
[2022-10-27T07:29:48.293+0000] {logging_mixin.py:117} INFO - [2022-10-27T07:29:48.293+0000] {dagbag.py:525} INFO - Filling up the DagBag from /home/airflow/.local/lib/python3.7/site-packages/airflow/example_dags/example_latest_only_with_trigger.py
[2022-10-27T07:29:48.316+0000] {processor.py:768} INFO - DAG(s) dict_keys(['latest_only_with_trigger']) retrieved from /home/airflow/.local/lib/python3.7/site-packages/airflow/example_dags/example_latest_only_with_trigger.py
[2022-10-27T07:29:48.376+0000] {logging_mixin.py:117} INFO - [2022-10-27T07:29:48.376+0000] {dag.py:2573} INFO - Sync 1 DAGs
[2022-10-27T07:29:48.419+0000] {logging_mixin.py:117} INFO - [2022-10-27T07:29:48.419+0000] {dag.py:3328} INFO - Setting next_dagrun for latest_only_with_trigger to 2022-10-27T03:29:48.419146+00:00, run_after=2022-10-27T07:29:48.419146+00:00
[2022-10-27T07:29:48.451+0000] {processor.py:178} INFO - Processing /home/airflow/.local/lib/python3.7/site-packages/airflow/example_dags/example_latest_only_with_trigger.py took 0.163 seconds
[2022-10-27T07:30:19.011+0000] {processor.py:156} INFO - Started process (PID=377) to work on /home/airflow/.local/lib/python3.7/site-packages/airflow/example_dags/example_latest_only_with_trigger.py
[2022-10-27T07:30:19.014+0000] {processor.py:758} INFO - Processing file /home/airflow/.local/lib/python3.7/site-packages/airflow/example_dags/example_latest_only_with_trigger.py for tasks to queue
[2022-10-27T07:30:19.015+0000] {logging_mixin.py:117} INFO - [2022-10-27T07:30:19.015+0000] {dagbag.py:525} INFO - Filling up the DagBag from /home/airflow/.local/lib/python3.7/site-packages/airflow/example_dags/example_latest_only_with_trigger.py
[2022-10-27T07:30:19.037+0000] {processor.py:768} INFO - DAG(s) dict_keys(['latest_only_with_trigger']) retrieved from /home/airflow/.local/lib/python3.7/site-packages/airflow/example_dags/example_latest_only_with_trigger.py
[2022-10-27T07:30:19.096+0000] {logging_mixin.py:117} INFO - [2022-10-27T07:30:19.095+0000] {dag.py:2573} INFO - Sync 1 DAGs
[2022-10-27T07:30:19.135+0000] {logging_mixin.py:117} INFO - [2022-10-27T07:30:19.135+0000] {dag.py:3328} INFO - Setting next_dagrun for latest_only_with_trigger to 2022-10-27T03:30:19.134921+00:00, run_after=2022-10-27T07:30:19.134921+00:00
[2022-10-27T07:30:19.169+0000] {processor.py:178} INFO - Processing /home/airflow/.local/lib/python3.7/site-packages/airflow/example_dags/example_latest_only_with_trigger.py took 0.163 seconds
[2022-10-27T07:30:49.267+0000] {processor.py:156} INFO - Started process (PID=440) to work on /home/airflow/.local/lib/python3.7/site-packages/airflow/example_dags/example_latest_only_with_trigger.py
[2022-10-27T07:30:49.269+0000] {processor.py:758} INFO - Processing file /home/airflow/.local/lib/python3.7/site-packages/airflow/example_dags/example_latest_only_with_trigger.py for tasks to queue
[2022-10-27T07:30:49.270+0000] {logging_mixin.py:117} INFO - [2022-10-27T07:30:49.269+0000] {dagbag.py:525} INFO - Filling up the DagBag from /home/airflow/.local/lib/python3.7/site-packages/airflow/example_dags/example_latest_only_with_trigger.py
[2022-10-27T07:30:49.295+0000] {processor.py:768} INFO - DAG(s) dict_keys(['latest_only_with_trigger']) retrieved from /home/airflow/.local/lib/python3.7/site-packages/airflow/example_dags/example_latest_only_with_trigger.py
[2022-10-27T07:30:49.362+0000] {logging_mixin.py:117} INFO - [2022-10-27T07:30:49.361+0000] {dag.py:2573} INFO - Sync 1 DAGs
[2022-10-27T07:30:49.411+0000] {logging_mixin.py:117} INFO - [2022-10-27T07:30:49.411+0000] {dag.py:3328} INFO - Setting next_dagrun for latest_only_with_trigger to 2022-10-27T03:30:49.411031+00:00, run_after=2022-10-27T07:30:49.411031+00:00
[2022-10-27T07:30:49.448+0000] {processor.py:178} INFO - Processing /home/airflow/.local/lib/python3.7/site-packages/airflow/example_dags/example_latest_only_with_trigger.py took 0.185 seconds
[2022-10-27T07:31:19.764+0000] {processor.py:156} INFO - Started process (PID=494) to work on /home/airflow/.local/lib/python3.7/site-packages/airflow/example_dags/example_latest_only_with_trigger.py
[2022-10-27T07:31:19.766+0000] {processor.py:758} INFO - Processing file /home/airflow/.local/lib/python3.7/site-packages/airflow/example_dags/example_latest_only_with_trigger.py for tasks to queue
[2022-10-27T07:31:19.767+0000] {logging_mixin.py:117} INFO - [2022-10-27T07:31:19.767+0000] {dagbag.py:525} INFO - Filling up the DagBag from /home/airflow/.local/lib/python3.7/site-packages/airflow/example_dags/example_latest_only_with_trigger.py
[2022-10-27T07:31:19.789+0000] {processor.py:768} INFO - DAG(s) dict_keys(['latest_only_with_trigger']) retrieved from /home/airflow/.local/lib/python3.7/site-packages/airflow/example_dags/example_latest_only_with_trigger.py
[2022-10-27T07:31:19.854+0000] {logging_mixin.py:117} INFO - [2022-10-27T07:31:19.854+0000] {dag.py:2573} INFO - Sync 1 DAGs
[2022-10-27T07:31:19.894+0000] {logging_mixin.py:117} INFO - [2022-10-27T07:31:19.893+0000] {dag.py:3328} INFO - Setting next_dagrun for latest_only_with_trigger to 2022-10-27T03:31:19.892285+00:00, run_after=2022-10-27T07:31:19.892285+00:00
[2022-10-27T07:31:19.927+0000] {processor.py:178} INFO - Processing /home/airflow/.local/lib/python3.7/site-packages/airflow/example_dags/example_latest_only_with_trigger.py took 0.168 seconds
[2022-10-27T07:31:50.423+0000] {processor.py:156} INFO - Started process (PID=557) to work on /home/airflow/.local/lib/python3.7/site-packages/airflow/example_dags/example_latest_only_with_trigger.py
[2022-10-27T07:31:50.425+0000] {processor.py:758} INFO - Processing file /home/airflow/.local/lib/python3.7/site-packages/airflow/example_dags/example_latest_only_with_trigger.py for tasks to queue
[2022-10-27T07:31:50.428+0000] {logging_mixin.py:117} INFO - [2022-10-27T07:31:50.427+0000] {dagbag.py:525} INFO - Filling up the DagBag from /home/airflow/.local/lib/python3.7/site-packages/airflow/example_dags/example_latest_only_with_trigger.py
[2022-10-27T07:31:50.465+0000] {processor.py:768} INFO - DAG(s) dict_keys(['latest_only_with_trigger']) retrieved from /home/airflow/.local/lib/python3.7/site-packages/airflow/example_dags/example_latest_only_with_trigger.py
[2022-10-27T07:31:50.586+0000] {logging_mixin.py:117} INFO - [2022-10-27T07:31:50.586+0000] {dag.py:2573} INFO - Sync 1 DAGs
[2022-10-27T07:31:50.644+0000] {logging_mixin.py:117} INFO - [2022-10-27T07:31:50.644+0000] {dag.py:3328} INFO - Setting next_dagrun for latest_only_with_trigger to 2022-10-27T03:31:50.643778+00:00, run_after=2022-10-27T07:31:50.643778+00:00
[2022-10-27T07:31:50.691+0000] {processor.py:178} INFO - Processing /home/airflow/.local/lib/python3.7/site-packages/airflow/example_dags/example_latest_only_with_trigger.py took 0.276 seconds
[2022-10-27T07:32:21.489+0000] {processor.py:156} INFO - Started process (PID=611) to work on /home/airflow/.local/lib/python3.7/site-packages/airflow/example_dags/example_latest_only_with_trigger.py
[2022-10-27T07:32:21.490+0000] {processor.py:758} INFO - Processing file /home/airflow/.local/lib/python3.7/site-packages/airflow/example_dags/example_latest_only_with_trigger.py for tasks to queue
[2022-10-27T07:32:21.491+0000] {logging_mixin.py:117} INFO - [2022-10-27T07:32:21.491+0000] {dagbag.py:525} INFO - Filling up the DagBag from /home/airflow/.local/lib/python3.7/site-packages/airflow/example_dags/example_latest_only_with_trigger.py
[2022-10-27T07:32:21.517+0000] {processor.py:768} INFO - DAG(s) dict_keys(['latest_only_with_trigger']) retrieved from /home/airflow/.local/lib/python3.7/site-packages/airflow/example_dags/example_latest_only_with_trigger.py
[2022-10-27T07:32:21.589+0000] {logging_mixin.py:117} INFO - [2022-10-27T07:32:21.589+0000] {dag.py:2573} INFO - Sync 1 DAGs
[2022-10-27T07:32:21.638+0000] {logging_mixin.py:117} INFO - [2022-10-27T07:32:21.638+0000] {dag.py:3328} INFO - Setting next_dagrun for latest_only_with_trigger to 2022-10-27T03:32:21.637951+00:00, run_after=2022-10-27T07:32:21.637951+00:00
[2022-10-27T07:32:21.675+0000] {processor.py:178} INFO - Processing /home/airflow/.local/lib/python3.7/site-packages/airflow/example_dags/example_latest_only_with_trigger.py took 0.191 seconds
[2022-10-27T07:32:51.958+0000] {processor.py:156} INFO - Started process (PID=674) to work on /home/airflow/.local/lib/python3.7/site-packages/airflow/example_dags/example_latest_only_with_trigger.py
[2022-10-27T07:32:51.959+0000] {processor.py:758} INFO - Processing file /home/airflow/.local/lib/python3.7/site-packages/airflow/example_dags/example_latest_only_with_trigger.py for tasks to queue
[2022-10-27T07:32:51.960+0000] {logging_mixin.py:117} INFO - [2022-10-27T07:32:51.960+0000] {dagbag.py:525} INFO - Filling up the DagBag from /home/airflow/.local/lib/python3.7/site-packages/airflow/example_dags/example_latest_only_with_trigger.py
[2022-10-27T07:32:51.979+0000] {processor.py:768} INFO - DAG(s) dict_keys(['latest_only_with_trigger']) retrieved from /home/airflow/.local/lib/python3.7/site-packages/airflow/example_dags/example_latest_only_with_trigger.py
[2022-10-27T07:32:52.038+0000] {logging_mixin.py:117} INFO - [2022-10-27T07:32:52.038+0000] {dag.py:2573} INFO - Sync 1 DAGs
[2022-10-27T07:32:52.075+0000] {logging_mixin.py:117} INFO - [2022-10-27T07:32:52.075+0000] {dag.py:3328} INFO - Setting next_dagrun for latest_only_with_trigger to 2022-10-27T03:32:52.075535+00:00, run_after=2022-10-27T07:32:52.075535+00:00
[2022-10-27T07:32:52.107+0000] {processor.py:178} INFO - Processing /home/airflow/.local/lib/python3.7/site-packages/airflow/example_dags/example_latest_only_with_trigger.py took 0.153 seconds
