[2022-10-27T07:27:33.364+0000] {processor.py:156} INFO - Started process (PID=65) to work on /home/airflow/.local/lib/python3.7/site-packages/airflow/example_dags/example_branch_day_of_week_operator.py
[2022-10-27T07:27:33.366+0000] {processor.py:758} INFO - Processing file /home/airflow/.local/lib/python3.7/site-packages/airflow/example_dags/example_branch_day_of_week_operator.py for tasks to queue
[2022-10-27T07:27:33.368+0000] {logging_mixin.py:117} INFO - [2022-10-27T07:27:33.367+0000] {dagbag.py:525} INFO - Filling up the DagBag from /home/airflow/.local/lib/python3.7/site-packages/airflow/example_dags/example_branch_day_of_week_operator.py
[2022-10-27T07:27:33.413+0000] {processor.py:768} INFO - DAG(s) dict_keys(['example_weekday_branch_operator']) retrieved from /home/airflow/.local/lib/python3.7/site-packages/airflow/example_dags/example_branch_day_of_week_operator.py
[2022-10-27T07:27:34.569+0000] {logging_mixin.py:117} INFO - [2022-10-27T07:27:34.554+0000] {dag.py:2573} INFO - Sync 1 DAGs
[2022-10-27T07:27:35.371+0000] {logging_mixin.py:117} INFO - [2022-10-27T07:27:35.370+0000] {dag.py:3328} INFO - Setting next_dagrun for example_weekday_branch_operator to 2022-10-26T00:00:00+00:00, run_after=2022-10-27T00:00:00+00:00
[2022-10-27T07:27:35.478+0000] {processor.py:178} INFO - Processing /home/airflow/.local/lib/python3.7/site-packages/airflow/example_dags/example_branch_day_of_week_operator.py took 2.120 seconds
[2022-10-27T07:28:05.976+0000] {processor.py:156} INFO - Started process (PID=128) to work on /home/airflow/.local/lib/python3.7/site-packages/airflow/example_dags/example_branch_day_of_week_operator.py
[2022-10-27T07:28:05.977+0000] {processor.py:758} INFO - Processing file /home/airflow/.local/lib/python3.7/site-packages/airflow/example_dags/example_branch_day_of_week_operator.py for tasks to queue
[2022-10-27T07:28:05.978+0000] {logging_mixin.py:117} INFO - [2022-10-27T07:28:05.978+0000] {dagbag.py:525} INFO - Filling up the DagBag from /home/airflow/.local/lib/python3.7/site-packages/airflow/example_dags/example_branch_day_of_week_operator.py
[2022-10-27T07:28:06.012+0000] {processor.py:768} INFO - DAG(s) dict_keys(['example_weekday_branch_operator']) retrieved from /home/airflow/.local/lib/python3.7/site-packages/airflow/example_dags/example_branch_day_of_week_operator.py
[2022-10-27T07:28:06.262+0000] {logging_mixin.py:117} INFO - [2022-10-27T07:28:06.262+0000] {dag.py:2573} INFO - Sync 1 DAGs
[2022-10-27T07:28:06.299+0000] {logging_mixin.py:117} INFO - [2022-10-27T07:28:06.298+0000] {dag.py:3328} INFO - Setting next_dagrun for example_weekday_branch_operator to 2022-10-26T00:00:00+00:00, run_after=2022-10-27T00:00:00+00:00
[2022-10-27T07:28:06.326+0000] {processor.py:178} INFO - Processing /home/airflow/.local/lib/python3.7/site-packages/airflow/example_dags/example_branch_day_of_week_operator.py took 0.354 seconds
[2022-10-27T07:28:36.726+0000] {processor.py:156} INFO - Started process (PID=183) to work on /home/airflow/.local/lib/python3.7/site-packages/airflow/example_dags/example_branch_day_of_week_operator.py
[2022-10-27T07:28:36.727+0000] {processor.py:758} INFO - Processing file /home/airflow/.local/lib/python3.7/site-packages/airflow/example_dags/example_branch_day_of_week_operator.py for tasks to queue
[2022-10-27T07:28:36.727+0000] {logging_mixin.py:117} INFO - [2022-10-27T07:28:36.727+0000] {dagbag.py:525} INFO - Filling up the DagBag from /home/airflow/.local/lib/python3.7/site-packages/airflow/example_dags/example_branch_day_of_week_operator.py
[2022-10-27T07:28:36.890+0000] {processor.py:768} INFO - DAG(s) dict_keys(['example_weekday_branch_operator']) retrieved from /home/airflow/.local/lib/python3.7/site-packages/airflow/example_dags/example_branch_day_of_week_operator.py
[2022-10-27T07:28:36.926+0000] {logging_mixin.py:117} INFO - [2022-10-27T07:28:36.926+0000] {dag.py:2573} INFO - Sync 1 DAGs
[2022-10-27T07:28:36.953+0000] {logging_mixin.py:117} INFO - [2022-10-27T07:28:36.953+0000] {dag.py:3328} INFO - Setting next_dagrun for example_weekday_branch_operator to 2022-10-26T00:00:00+00:00, run_after=2022-10-27T00:00:00+00:00
[2022-10-27T07:28:36.975+0000] {processor.py:178} INFO - Processing /home/airflow/.local/lib/python3.7/site-packages/airflow/example_dags/example_branch_day_of_week_operator.py took 0.252 seconds
[2022-10-27T07:29:07.016+0000] {processor.py:156} INFO - Started process (PID=246) to work on /home/airflow/.local/lib/python3.7/site-packages/airflow/example_dags/example_branch_day_of_week_operator.py
[2022-10-27T07:29:07.020+0000] {processor.py:758} INFO - Processing file /home/airflow/.local/lib/python3.7/site-packages/airflow/example_dags/example_branch_day_of_week_operator.py for tasks to queue
[2022-10-27T07:29:07.021+0000] {logging_mixin.py:117} INFO - [2022-10-27T07:29:07.020+0000] {dagbag.py:525} INFO - Filling up the DagBag from /home/airflow/.local/lib/python3.7/site-packages/airflow/example_dags/example_branch_day_of_week_operator.py
[2022-10-27T07:29:07.050+0000] {processor.py:768} INFO - DAG(s) dict_keys(['example_weekday_branch_operator']) retrieved from /home/airflow/.local/lib/python3.7/site-packages/airflow/example_dags/example_branch_day_of_week_operator.py
[2022-10-27T07:29:07.131+0000] {logging_mixin.py:117} INFO - [2022-10-27T07:29:07.130+0000] {dag.py:2573} INFO - Sync 1 DAGs
[2022-10-27T07:29:07.184+0000] {logging_mixin.py:117} INFO - [2022-10-27T07:29:07.184+0000] {dag.py:3328} INFO - Setting next_dagrun for example_weekday_branch_operator to 2022-10-26T00:00:00+00:00, run_after=2022-10-27T00:00:00+00:00
[2022-10-27T07:29:07.231+0000] {processor.py:178} INFO - Processing /home/airflow/.local/lib/python3.7/site-packages/airflow/example_dags/example_branch_day_of_week_operator.py took 0.224 seconds
[2022-10-27T07:29:37.634+0000] {processor.py:156} INFO - Started process (PID=300) to work on /home/airflow/.local/lib/python3.7/site-packages/airflow/example_dags/example_branch_day_of_week_operator.py
[2022-10-27T07:29:37.635+0000] {processor.py:758} INFO - Processing file /home/airflow/.local/lib/python3.7/site-packages/airflow/example_dags/example_branch_day_of_week_operator.py for tasks to queue
[2022-10-27T07:29:37.635+0000] {logging_mixin.py:117} INFO - [2022-10-27T07:29:37.635+0000] {dagbag.py:525} INFO - Filling up the DagBag from /home/airflow/.local/lib/python3.7/site-packages/airflow/example_dags/example_branch_day_of_week_operator.py
[2022-10-27T07:29:37.657+0000] {processor.py:768} INFO - DAG(s) dict_keys(['example_weekday_branch_operator']) retrieved from /home/airflow/.local/lib/python3.7/site-packages/airflow/example_dags/example_branch_day_of_week_operator.py
[2022-10-27T07:29:37.719+0000] {logging_mixin.py:117} INFO - [2022-10-27T07:29:37.718+0000] {dag.py:2573} INFO - Sync 1 DAGs
[2022-10-27T07:29:37.758+0000] {logging_mixin.py:117} INFO - [2022-10-27T07:29:37.758+0000] {dag.py:3328} INFO - Setting next_dagrun for example_weekday_branch_operator to 2022-10-26T00:00:00+00:00, run_after=2022-10-27T00:00:00+00:00
[2022-10-27T07:29:37.787+0000] {processor.py:178} INFO - Processing /home/airflow/.local/lib/python3.7/site-packages/airflow/example_dags/example_branch_day_of_week_operator.py took 0.159 seconds
[2022-10-27T07:30:08.468+0000] {processor.py:156} INFO - Started process (PID=363) to work on /home/airflow/.local/lib/python3.7/site-packages/airflow/example_dags/example_branch_day_of_week_operator.py
[2022-10-27T07:30:08.469+0000] {processor.py:758} INFO - Processing file /home/airflow/.local/lib/python3.7/site-packages/airflow/example_dags/example_branch_day_of_week_operator.py for tasks to queue
[2022-10-27T07:30:08.470+0000] {logging_mixin.py:117} INFO - [2022-10-27T07:30:08.470+0000] {dagbag.py:525} INFO - Filling up the DagBag from /home/airflow/.local/lib/python3.7/site-packages/airflow/example_dags/example_branch_day_of_week_operator.py
[2022-10-27T07:30:08.499+0000] {processor.py:768} INFO - DAG(s) dict_keys(['example_weekday_branch_operator']) retrieved from /home/airflow/.local/lib/python3.7/site-packages/airflow/example_dags/example_branch_day_of_week_operator.py
[2022-10-27T07:30:08.567+0000] {logging_mixin.py:117} INFO - [2022-10-27T07:30:08.567+0000] {dag.py:2573} INFO - Sync 1 DAGs
[2022-10-27T07:30:08.621+0000] {logging_mixin.py:117} INFO - [2022-10-27T07:30:08.620+0000] {dag.py:3328} INFO - Setting next_dagrun for example_weekday_branch_operator to 2022-10-26T00:00:00+00:00, run_after=2022-10-27T00:00:00+00:00
[2022-10-27T07:30:08.661+0000] {processor.py:178} INFO - Processing /home/airflow/.local/lib/python3.7/site-packages/airflow/example_dags/example_branch_day_of_week_operator.py took 0.197 seconds
[2022-10-27T07:30:39.265+0000] {processor.py:156} INFO - Started process (PID=417) to work on /home/airflow/.local/lib/python3.7/site-packages/airflow/example_dags/example_branch_day_of_week_operator.py
[2022-10-27T07:30:39.267+0000] {processor.py:758} INFO - Processing file /home/airflow/.local/lib/python3.7/site-packages/airflow/example_dags/example_branch_day_of_week_operator.py for tasks to queue
[2022-10-27T07:30:39.268+0000] {logging_mixin.py:117} INFO - [2022-10-27T07:30:39.268+0000] {dagbag.py:525} INFO - Filling up the DagBag from /home/airflow/.local/lib/python3.7/site-packages/airflow/example_dags/example_branch_day_of_week_operator.py
[2022-10-27T07:30:39.289+0000] {processor.py:768} INFO - DAG(s) dict_keys(['example_weekday_branch_operator']) retrieved from /home/airflow/.local/lib/python3.7/site-packages/airflow/example_dags/example_branch_day_of_week_operator.py
[2022-10-27T07:30:39.347+0000] {logging_mixin.py:117} INFO - [2022-10-27T07:30:39.346+0000] {dag.py:2573} INFO - Sync 1 DAGs
[2022-10-27T07:30:39.388+0000] {logging_mixin.py:117} INFO - [2022-10-27T07:30:39.388+0000] {dag.py:3328} INFO - Setting next_dagrun for example_weekday_branch_operator to 2022-10-26T00:00:00+00:00, run_after=2022-10-27T00:00:00+00:00
[2022-10-27T07:30:39.417+0000] {processor.py:178} INFO - Processing /home/airflow/.local/lib/python3.7/site-packages/airflow/example_dags/example_branch_day_of_week_operator.py took 0.156 seconds
[2022-10-27T07:31:09.806+0000] {processor.py:156} INFO - Started process (PID=480) to work on /home/airflow/.local/lib/python3.7/site-packages/airflow/example_dags/example_branch_day_of_week_operator.py
[2022-10-27T07:31:09.807+0000] {processor.py:758} INFO - Processing file /home/airflow/.local/lib/python3.7/site-packages/airflow/example_dags/example_branch_day_of_week_operator.py for tasks to queue
[2022-10-27T07:31:09.809+0000] {logging_mixin.py:117} INFO - [2022-10-27T07:31:09.808+0000] {dagbag.py:525} INFO - Filling up the DagBag from /home/airflow/.local/lib/python3.7/site-packages/airflow/example_dags/example_branch_day_of_week_operator.py
[2022-10-27T07:31:09.833+0000] {processor.py:768} INFO - DAG(s) dict_keys(['example_weekday_branch_operator']) retrieved from /home/airflow/.local/lib/python3.7/site-packages/airflow/example_dags/example_branch_day_of_week_operator.py
[2022-10-27T07:31:09.909+0000] {logging_mixin.py:117} INFO - [2022-10-27T07:31:09.909+0000] {dag.py:2573} INFO - Sync 1 DAGs
[2022-10-27T07:31:09.967+0000] {logging_mixin.py:117} INFO - [2022-10-27T07:31:09.967+0000] {dag.py:3328} INFO - Setting next_dagrun for example_weekday_branch_operator to 2022-10-26T00:00:00+00:00, run_after=2022-10-27T00:00:00+00:00
[2022-10-27T07:31:10.006+0000] {processor.py:178} INFO - Processing /home/airflow/.local/lib/python3.7/site-packages/airflow/example_dags/example_branch_day_of_week_operator.py took 0.203 seconds
[2022-10-27T07:31:40.608+0000] {processor.py:156} INFO - Started process (PID=534) to work on /home/airflow/.local/lib/python3.7/site-packages/airflow/example_dags/example_branch_day_of_week_operator.py
[2022-10-27T07:31:40.609+0000] {processor.py:758} INFO - Processing file /home/airflow/.local/lib/python3.7/site-packages/airflow/example_dags/example_branch_day_of_week_operator.py for tasks to queue
[2022-10-27T07:31:40.610+0000] {logging_mixin.py:117} INFO - [2022-10-27T07:31:40.610+0000] {dagbag.py:525} INFO - Filling up the DagBag from /home/airflow/.local/lib/python3.7/site-packages/airflow/example_dags/example_branch_day_of_week_operator.py
[2022-10-27T07:31:40.634+0000] {processor.py:768} INFO - DAG(s) dict_keys(['example_weekday_branch_operator']) retrieved from /home/airflow/.local/lib/python3.7/site-packages/airflow/example_dags/example_branch_day_of_week_operator.py
[2022-10-27T07:31:40.696+0000] {logging_mixin.py:117} INFO - [2022-10-27T07:31:40.695+0000] {dag.py:2573} INFO - Sync 1 DAGs
[2022-10-27T07:31:40.735+0000] {logging_mixin.py:117} INFO - [2022-10-27T07:31:40.735+0000] {dag.py:3328} INFO - Setting next_dagrun for example_weekday_branch_operator to 2022-10-26T00:00:00+00:00, run_after=2022-10-27T00:00:00+00:00
[2022-10-27T07:31:40.765+0000] {processor.py:178} INFO - Processing /home/airflow/.local/lib/python3.7/site-packages/airflow/example_dags/example_branch_day_of_week_operator.py took 0.165 seconds
[2022-10-27T07:32:10.825+0000] {processor.py:156} INFO - Started process (PID=588) to work on /home/airflow/.local/lib/python3.7/site-packages/airflow/example_dags/example_branch_day_of_week_operator.py
[2022-10-27T07:32:10.826+0000] {processor.py:758} INFO - Processing file /home/airflow/.local/lib/python3.7/site-packages/airflow/example_dags/example_branch_day_of_week_operator.py for tasks to queue
[2022-10-27T07:32:10.827+0000] {logging_mixin.py:117} INFO - [2022-10-27T07:32:10.827+0000] {dagbag.py:525} INFO - Filling up the DagBag from /home/airflow/.local/lib/python3.7/site-packages/airflow/example_dags/example_branch_day_of_week_operator.py
[2022-10-27T07:32:10.848+0000] {processor.py:768} INFO - DAG(s) dict_keys(['example_weekday_branch_operator']) retrieved from /home/airflow/.local/lib/python3.7/site-packages/airflow/example_dags/example_branch_day_of_week_operator.py
[2022-10-27T07:32:10.900+0000] {logging_mixin.py:117} INFO - [2022-10-27T07:32:10.900+0000] {dag.py:2573} INFO - Sync 1 DAGs
[2022-10-27T07:32:10.937+0000] {logging_mixin.py:117} INFO - [2022-10-27T07:32:10.937+0000] {dag.py:3328} INFO - Setting next_dagrun for example_weekday_branch_operator to 2022-10-26T00:00:00+00:00, run_after=2022-10-27T00:00:00+00:00
[2022-10-27T07:32:10.968+0000] {processor.py:178} INFO - Processing /home/airflow/.local/lib/python3.7/site-packages/airflow/example_dags/example_branch_day_of_week_operator.py took 0.147 seconds
[2022-10-27T07:32:41.500+0000] {processor.py:156} INFO - Started process (PID=651) to work on /home/airflow/.local/lib/python3.7/site-packages/airflow/example_dags/example_branch_day_of_week_operator.py
[2022-10-27T07:32:41.503+0000] {processor.py:758} INFO - Processing file /home/airflow/.local/lib/python3.7/site-packages/airflow/example_dags/example_branch_day_of_week_operator.py for tasks to queue
[2022-10-27T07:32:41.505+0000] {logging_mixin.py:117} INFO - [2022-10-27T07:32:41.505+0000] {dagbag.py:525} INFO - Filling up the DagBag from /home/airflow/.local/lib/python3.7/site-packages/airflow/example_dags/example_branch_day_of_week_operator.py
[2022-10-27T07:32:41.545+0000] {processor.py:768} INFO - DAG(s) dict_keys(['example_weekday_branch_operator']) retrieved from /home/airflow/.local/lib/python3.7/site-packages/airflow/example_dags/example_branch_day_of_week_operator.py
[2022-10-27T07:32:41.640+0000] {logging_mixin.py:117} INFO - [2022-10-27T07:32:41.639+0000] {dag.py:2573} INFO - Sync 1 DAGs
[2022-10-27T07:32:41.690+0000] {logging_mixin.py:117} INFO - [2022-10-27T07:32:41.690+0000] {dag.py:3328} INFO - Setting next_dagrun for example_weekday_branch_operator to 2022-10-26T00:00:00+00:00, run_after=2022-10-27T00:00:00+00:00
[2022-10-27T07:32:41.728+0000] {processor.py:178} INFO - Processing /home/airflow/.local/lib/python3.7/site-packages/airflow/example_dags/example_branch_day_of_week_operator.py took 0.238 seconds
