[2022-10-27T07:27:40.109+0000] {processor.py:156} INFO - Started process (PID=78) to work on /home/airflow/.local/lib/python3.7/site-packages/airflow/example_dags/example_sla_dag.py
[2022-10-27T07:27:40.113+0000] {processor.py:758} INFO - Processing file /home/airflow/.local/lib/python3.7/site-packages/airflow/example_dags/example_sla_dag.py for tasks to queue
[2022-10-27T07:27:40.118+0000] {logging_mixin.py:117} INFO - [2022-10-27T07:27:40.117+0000] {dagbag.py:525} INFO - Filling up the DagBag from /home/airflow/.local/lib/python3.7/site-packages/airflow/example_dags/example_sla_dag.py
[2022-10-27T07:27:40.351+0000] {processor.py:768} INFO - DAG(s) dict_keys(['example_sla_dag']) retrieved from /home/airflow/.local/lib/python3.7/site-packages/airflow/example_dags/example_sla_dag.py
[2022-10-27T07:27:41.612+0000] {logging_mixin.py:117} INFO - [2022-10-27T07:27:41.612+0000] {dag.py:2573} INFO - Sync 1 DAGs
[2022-10-27T07:27:41.708+0000] {logging_mixin.py:117} INFO - [2022-10-27T07:27:41.707+0000] {dag.py:3328} INFO - Setting next_dagrun for example_sla_dag to 2022-10-27T07:24:00+00:00, run_after=2022-10-27T07:26:00+00:00
[2022-10-27T07:27:41.761+0000] {processor.py:178} INFO - Processing /home/airflow/.local/lib/python3.7/site-packages/airflow/example_dags/example_sla_dag.py took 1.672 seconds
[2022-10-27T07:28:12.587+0000] {processor.py:156} INFO - Started process (PID=132) to work on /home/airflow/.local/lib/python3.7/site-packages/airflow/example_dags/example_sla_dag.py
[2022-10-27T07:28:12.588+0000] {processor.py:758} INFO - Processing file /home/airflow/.local/lib/python3.7/site-packages/airflow/example_dags/example_sla_dag.py for tasks to queue
[2022-10-27T07:28:12.589+0000] {logging_mixin.py:117} INFO - [2022-10-27T07:28:12.589+0000] {dagbag.py:525} INFO - Filling up the DagBag from /home/airflow/.local/lib/python3.7/site-packages/airflow/example_dags/example_sla_dag.py
[2022-10-27T07:28:12.779+0000] {processor.py:768} INFO - DAG(s) dict_keys(['example_sla_dag']) retrieved from /home/airflow/.local/lib/python3.7/site-packages/airflow/example_dags/example_sla_dag.py
[2022-10-27T07:28:12.819+0000] {logging_mixin.py:117} INFO - [2022-10-27T07:28:12.819+0000] {dag.py:2573} INFO - Sync 1 DAGs
[2022-10-27T07:28:12.853+0000] {logging_mixin.py:117} INFO - [2022-10-27T07:28:12.853+0000] {dag.py:3328} INFO - Setting next_dagrun for example_sla_dag to 2022-10-27T07:26:00+00:00, run_after=2022-10-27T07:28:00+00:00
[2022-10-27T07:28:12.877+0000] {processor.py:178} INFO - Processing /home/airflow/.local/lib/python3.7/site-packages/airflow/example_dags/example_sla_dag.py took 0.294 seconds
[2022-10-27T07:28:43.275+0000] {processor.py:156} INFO - Started process (PID=196) to work on /home/airflow/.local/lib/python3.7/site-packages/airflow/example_dags/example_sla_dag.py
[2022-10-27T07:28:43.277+0000] {processor.py:758} INFO - Processing file /home/airflow/.local/lib/python3.7/site-packages/airflow/example_dags/example_sla_dag.py for tasks to queue
[2022-10-27T07:28:43.278+0000] {logging_mixin.py:117} INFO - [2022-10-27T07:28:43.278+0000] {dagbag.py:525} INFO - Filling up the DagBag from /home/airflow/.local/lib/python3.7/site-packages/airflow/example_dags/example_sla_dag.py
[2022-10-27T07:28:43.519+0000] {processor.py:768} INFO - DAG(s) dict_keys(['example_sla_dag']) retrieved from /home/airflow/.local/lib/python3.7/site-packages/airflow/example_dags/example_sla_dag.py
[2022-10-27T07:28:43.562+0000] {logging_mixin.py:117} INFO - [2022-10-27T07:28:43.562+0000] {dag.py:2573} INFO - Sync 1 DAGs
[2022-10-27T07:28:43.604+0000] {logging_mixin.py:117} INFO - [2022-10-27T07:28:43.604+0000] {dag.py:3328} INFO - Setting next_dagrun for example_sla_dag to 2022-10-27T07:26:00+00:00, run_after=2022-10-27T07:28:00+00:00
[2022-10-27T07:28:43.633+0000] {processor.py:178} INFO - Processing /home/airflow/.local/lib/python3.7/site-packages/airflow/example_dags/example_sla_dag.py took 0.363 seconds
[2022-10-27T07:29:14.446+0000] {processor.py:156} INFO - Started process (PID=250) to work on /home/airflow/.local/lib/python3.7/site-packages/airflow/example_dags/example_sla_dag.py
[2022-10-27T07:29:14.446+0000] {processor.py:758} INFO - Processing file /home/airflow/.local/lib/python3.7/site-packages/airflow/example_dags/example_sla_dag.py for tasks to queue
[2022-10-27T07:29:14.447+0000] {logging_mixin.py:117} INFO - [2022-10-27T07:29:14.447+0000] {dagbag.py:525} INFO - Filling up the DagBag from /home/airflow/.local/lib/python3.7/site-packages/airflow/example_dags/example_sla_dag.py
[2022-10-27T07:29:14.476+0000] {processor.py:768} INFO - DAG(s) dict_keys(['example_sla_dag']) retrieved from /home/airflow/.local/lib/python3.7/site-packages/airflow/example_dags/example_sla_dag.py
[2022-10-27T07:29:14.525+0000] {logging_mixin.py:117} INFO - [2022-10-27T07:29:14.525+0000] {dag.py:2573} INFO - Sync 1 DAGs
[2022-10-27T07:29:14.562+0000] {logging_mixin.py:117} INFO - [2022-10-27T07:29:14.561+0000] {dag.py:3328} INFO - Setting next_dagrun for example_sla_dag to 2022-10-27T07:26:00+00:00, run_after=2022-10-27T07:28:00+00:00
[2022-10-27T07:29:14.588+0000] {processor.py:178} INFO - Processing /home/airflow/.local/lib/python3.7/site-packages/airflow/example_dags/example_sla_dag.py took 0.147 seconds
[2022-10-27T07:29:44.859+0000] {processor.py:156} INFO - Started process (PID=313) to work on /home/airflow/.local/lib/python3.7/site-packages/airflow/example_dags/example_sla_dag.py
[2022-10-27T07:29:44.862+0000] {processor.py:758} INFO - Processing file /home/airflow/.local/lib/python3.7/site-packages/airflow/example_dags/example_sla_dag.py for tasks to queue
[2022-10-27T07:29:44.863+0000] {logging_mixin.py:117} INFO - [2022-10-27T07:29:44.862+0000] {dagbag.py:525} INFO - Filling up the DagBag from /home/airflow/.local/lib/python3.7/site-packages/airflow/example_dags/example_sla_dag.py
[2022-10-27T07:29:44.905+0000] {processor.py:768} INFO - DAG(s) dict_keys(['example_sla_dag']) retrieved from /home/airflow/.local/lib/python3.7/site-packages/airflow/example_dags/example_sla_dag.py
[2022-10-27T07:29:44.967+0000] {logging_mixin.py:117} INFO - [2022-10-27T07:29:44.966+0000] {dag.py:2573} INFO - Sync 1 DAGs
[2022-10-27T07:29:45.013+0000] {logging_mixin.py:117} INFO - [2022-10-27T07:29:45.013+0000] {dag.py:3328} INFO - Setting next_dagrun for example_sla_dag to 2022-10-27T07:26:00+00:00, run_after=2022-10-27T07:28:00+00:00
[2022-10-27T07:29:45.052+0000] {processor.py:178} INFO - Processing /home/airflow/.local/lib/python3.7/site-packages/airflow/example_dags/example_sla_dag.py took 0.197 seconds
[2022-10-27T07:30:15.776+0000] {processor.py:156} INFO - Started process (PID=367) to work on /home/airflow/.local/lib/python3.7/site-packages/airflow/example_dags/example_sla_dag.py
[2022-10-27T07:30:15.778+0000] {processor.py:758} INFO - Processing file /home/airflow/.local/lib/python3.7/site-packages/airflow/example_dags/example_sla_dag.py for tasks to queue
[2022-10-27T07:30:15.778+0000] {logging_mixin.py:117} INFO - [2022-10-27T07:30:15.778+0000] {dagbag.py:525} INFO - Filling up the DagBag from /home/airflow/.local/lib/python3.7/site-packages/airflow/example_dags/example_sla_dag.py
[2022-10-27T07:30:15.811+0000] {processor.py:768} INFO - DAG(s) dict_keys(['example_sla_dag']) retrieved from /home/airflow/.local/lib/python3.7/site-packages/airflow/example_dags/example_sla_dag.py
[2022-10-27T07:30:15.867+0000] {logging_mixin.py:117} INFO - [2022-10-27T07:30:15.866+0000] {dag.py:2573} INFO - Sync 1 DAGs
[2022-10-27T07:30:15.907+0000] {logging_mixin.py:117} INFO - [2022-10-27T07:30:15.907+0000] {dag.py:3328} INFO - Setting next_dagrun for example_sla_dag to 2022-10-27T07:28:00+00:00, run_after=2022-10-27T07:30:00+00:00
[2022-10-27T07:30:15.937+0000] {processor.py:178} INFO - Processing /home/airflow/.local/lib/python3.7/site-packages/airflow/example_dags/example_sla_dag.py took 0.165 seconds
[2022-10-27T07:30:46.525+0000] {processor.py:156} INFO - Started process (PID=430) to work on /home/airflow/.local/lib/python3.7/site-packages/airflow/example_dags/example_sla_dag.py
[2022-10-27T07:30:46.527+0000] {processor.py:758} INFO - Processing file /home/airflow/.local/lib/python3.7/site-packages/airflow/example_dags/example_sla_dag.py for tasks to queue
[2022-10-27T07:30:46.529+0000] {logging_mixin.py:117} INFO - [2022-10-27T07:30:46.528+0000] {dagbag.py:525} INFO - Filling up the DagBag from /home/airflow/.local/lib/python3.7/site-packages/airflow/example_dags/example_sla_dag.py
[2022-10-27T07:30:46.597+0000] {processor.py:768} INFO - DAG(s) dict_keys(['example_sla_dag']) retrieved from /home/airflow/.local/lib/python3.7/site-packages/airflow/example_dags/example_sla_dag.py
[2022-10-27T07:30:46.700+0000] {logging_mixin.py:117} INFO - [2022-10-27T07:30:46.700+0000] {dag.py:2573} INFO - Sync 1 DAGs
[2022-10-27T07:30:46.765+0000] {logging_mixin.py:117} INFO - [2022-10-27T07:30:46.765+0000] {dag.py:3328} INFO - Setting next_dagrun for example_sla_dag to 2022-10-27T07:28:00+00:00, run_after=2022-10-27T07:30:00+00:00
[2022-10-27T07:30:46.802+0000] {processor.py:178} INFO - Processing /home/airflow/.local/lib/python3.7/site-packages/airflow/example_dags/example_sla_dag.py took 0.286 seconds
[2022-10-27T07:31:17.088+0000] {processor.py:156} INFO - Started process (PID=484) to work on /home/airflow/.local/lib/python3.7/site-packages/airflow/example_dags/example_sla_dag.py
[2022-10-27T07:31:17.089+0000] {processor.py:758} INFO - Processing file /home/airflow/.local/lib/python3.7/site-packages/airflow/example_dags/example_sla_dag.py for tasks to queue
[2022-10-27T07:31:17.090+0000] {logging_mixin.py:117} INFO - [2022-10-27T07:31:17.089+0000] {dagbag.py:525} INFO - Filling up the DagBag from /home/airflow/.local/lib/python3.7/site-packages/airflow/example_dags/example_sla_dag.py
[2022-10-27T07:31:17.121+0000] {processor.py:768} INFO - DAG(s) dict_keys(['example_sla_dag']) retrieved from /home/airflow/.local/lib/python3.7/site-packages/airflow/example_dags/example_sla_dag.py
[2022-10-27T07:31:17.177+0000] {logging_mixin.py:117} INFO - [2022-10-27T07:31:17.177+0000] {dag.py:2573} INFO - Sync 1 DAGs
[2022-10-27T07:31:17.216+0000] {logging_mixin.py:117} INFO - [2022-10-27T07:31:17.216+0000] {dag.py:3328} INFO - Setting next_dagrun for example_sla_dag to 2022-10-27T07:28:00+00:00, run_after=2022-10-27T07:30:00+00:00
[2022-10-27T07:31:17.246+0000] {processor.py:178} INFO - Processing /home/airflow/.local/lib/python3.7/site-packages/airflow/example_dags/example_sla_dag.py took 0.163 seconds
[2022-10-27T07:31:47.848+0000] {processor.py:156} INFO - Started process (PID=547) to work on /home/airflow/.local/lib/python3.7/site-packages/airflow/example_dags/example_sla_dag.py
[2022-10-27T07:31:47.850+0000] {processor.py:758} INFO - Processing file /home/airflow/.local/lib/python3.7/site-packages/airflow/example_dags/example_sla_dag.py for tasks to queue
[2022-10-27T07:31:47.852+0000] {logging_mixin.py:117} INFO - [2022-10-27T07:31:47.851+0000] {dagbag.py:525} INFO - Filling up the DagBag from /home/airflow/.local/lib/python3.7/site-packages/airflow/example_dags/example_sla_dag.py
[2022-10-27T07:31:47.905+0000] {processor.py:768} INFO - DAG(s) dict_keys(['example_sla_dag']) retrieved from /home/airflow/.local/lib/python3.7/site-packages/airflow/example_dags/example_sla_dag.py
[2022-10-27T07:31:47.984+0000] {logging_mixin.py:117} INFO - [2022-10-27T07:31:47.983+0000] {dag.py:2573} INFO - Sync 1 DAGs
[2022-10-27T07:31:48.036+0000] {logging_mixin.py:117} INFO - [2022-10-27T07:31:48.036+0000] {dag.py:3328} INFO - Setting next_dagrun for example_sla_dag to 2022-10-27T07:28:00+00:00, run_after=2022-10-27T07:30:00+00:00
[2022-10-27T07:31:48.076+0000] {processor.py:178} INFO - Processing /home/airflow/.local/lib/python3.7/site-packages/airflow/example_dags/example_sla_dag.py took 0.234 seconds
[2022-10-27T07:32:18.260+0000] {processor.py:156} INFO - Started process (PID=601) to work on /home/airflow/.local/lib/python3.7/site-packages/airflow/example_dags/example_sla_dag.py
[2022-10-27T07:32:18.261+0000] {processor.py:758} INFO - Processing file /home/airflow/.local/lib/python3.7/site-packages/airflow/example_dags/example_sla_dag.py for tasks to queue
[2022-10-27T07:32:18.262+0000] {logging_mixin.py:117} INFO - [2022-10-27T07:32:18.262+0000] {dagbag.py:525} INFO - Filling up the DagBag from /home/airflow/.local/lib/python3.7/site-packages/airflow/example_dags/example_sla_dag.py
[2022-10-27T07:32:18.297+0000] {processor.py:768} INFO - DAG(s) dict_keys(['example_sla_dag']) retrieved from /home/airflow/.local/lib/python3.7/site-packages/airflow/example_dags/example_sla_dag.py
[2022-10-27T07:32:18.363+0000] {logging_mixin.py:117} INFO - [2022-10-27T07:32:18.363+0000] {dag.py:2573} INFO - Sync 1 DAGs
[2022-10-27T07:32:18.410+0000] {logging_mixin.py:117} INFO - [2022-10-27T07:32:18.410+0000] {dag.py:3328} INFO - Setting next_dagrun for example_sla_dag to 2022-10-27T07:30:00+00:00, run_after=2022-10-27T07:32:00+00:00
[2022-10-27T07:32:18.449+0000] {processor.py:178} INFO - Processing /home/airflow/.local/lib/python3.7/site-packages/airflow/example_dags/example_sla_dag.py took 0.194 seconds
[2022-10-27T07:32:48.795+0000] {processor.py:156} INFO - Started process (PID=655) to work on /home/airflow/.local/lib/python3.7/site-packages/airflow/example_dags/example_sla_dag.py
[2022-10-27T07:32:48.797+0000] {processor.py:758} INFO - Processing file /home/airflow/.local/lib/python3.7/site-packages/airflow/example_dags/example_sla_dag.py for tasks to queue
[2022-10-27T07:32:48.798+0000] {logging_mixin.py:117} INFO - [2022-10-27T07:32:48.798+0000] {dagbag.py:525} INFO - Filling up the DagBag from /home/airflow/.local/lib/python3.7/site-packages/airflow/example_dags/example_sla_dag.py
[2022-10-27T07:32:48.830+0000] {processor.py:768} INFO - DAG(s) dict_keys(['example_sla_dag']) retrieved from /home/airflow/.local/lib/python3.7/site-packages/airflow/example_dags/example_sla_dag.py
[2022-10-27T07:32:48.884+0000] {logging_mixin.py:117} INFO - [2022-10-27T07:32:48.884+0000] {dag.py:2573} INFO - Sync 1 DAGs
[2022-10-27T07:32:48.942+0000] {logging_mixin.py:117} INFO - [2022-10-27T07:32:48.941+0000] {dag.py:3328} INFO - Setting next_dagrun for example_sla_dag to 2022-10-27T07:30:00+00:00, run_after=2022-10-27T07:32:00+00:00
[2022-10-27T07:32:48.979+0000] {processor.py:178} INFO - Processing /home/airflow/.local/lib/python3.7/site-packages/airflow/example_dags/example_sla_dag.py took 0.188 seconds
