[2022-10-27T07:27:30.057+0000] {processor.py:156} INFO - Started process (PID=59) to work on /home/airflow/.local/lib/python3.7/site-packages/airflow/example_dags/example_datasets.py
[2022-10-27T07:27:30.059+0000] {processor.py:758} INFO - Processing file /home/airflow/.local/lib/python3.7/site-packages/airflow/example_dags/example_datasets.py for tasks to queue
[2022-10-27T07:27:30.060+0000] {logging_mixin.py:117} INFO - [2022-10-27T07:27:30.060+0000] {dagbag.py:525} INFO - Filling up the DagBag from /home/airflow/.local/lib/python3.7/site-packages/airflow/example_dags/example_datasets.py
[2022-10-27T07:27:30.099+0000] {processor.py:768} INFO - DAG(s) dict_keys(['dataset_consumes_unknown_never_scheduled', 'dataset_consumes_1', 'dataset_consumes_1_never_scheduled', 'dataset_produces_1', 'dataset_produces_2', 'dataset_consumes_1_and_2']) retrieved from /home/airflow/.local/lib/python3.7/site-packages/airflow/example_dags/example_datasets.py
[2022-10-27T07:27:30.864+0000] {logging_mixin.py:117} INFO - [2022-10-27T07:27:30.863+0000] {dag.py:2573} INFO - Sync 6 DAGs
[2022-10-27T07:27:30.968+0000] {logging_mixin.py:117} INFO - [2022-10-27T07:27:30.968+0000] {dag.py:3328} INFO - Setting next_dagrun for dataset_consumes_1 to None, run_after=None
[2022-10-27T07:27:30.980+0000] {logging_mixin.py:117} INFO - [2022-10-27T07:27:30.979+0000] {dag.py:3328} INFO - Setting next_dagrun for dataset_consumes_1_and_2 to None, run_after=None
[2022-10-27T07:27:30.984+0000] {logging_mixin.py:117} INFO - [2022-10-27T07:27:30.984+0000] {dag.py:3328} INFO - Setting next_dagrun for dataset_consumes_1_never_scheduled to None, run_after=None
[2022-10-27T07:27:30.986+0000] {logging_mixin.py:117} INFO - [2022-10-27T07:27:30.986+0000] {dag.py:3328} INFO - Setting next_dagrun for dataset_consumes_unknown_never_scheduled to None, run_after=None
[2022-10-27T07:27:30.997+0000] {logging_mixin.py:117} INFO - [2022-10-27T07:27:30.996+0000] {dag.py:3328} INFO - Setting next_dagrun for dataset_produces_1 to 2022-10-26T00:00:00+00:00, run_after=2022-10-27T00:00:00+00:00
[2022-10-27T07:27:31.005+0000] {logging_mixin.py:117} INFO - [2022-10-27T07:27:31.004+0000] {dag.py:3328} INFO - Setting next_dagrun for dataset_produces_2 to None, run_after=None
[2022-10-27T07:27:31.175+0000] {processor.py:178} INFO - Processing /home/airflow/.local/lib/python3.7/site-packages/airflow/example_dags/example_datasets.py took 1.122 seconds
[2022-10-27T07:28:01.729+0000] {processor.py:156} INFO - Started process (PID=113) to work on /home/airflow/.local/lib/python3.7/site-packages/airflow/example_dags/example_datasets.py
[2022-10-27T07:28:01.730+0000] {processor.py:758} INFO - Processing file /home/airflow/.local/lib/python3.7/site-packages/airflow/example_dags/example_datasets.py for tasks to queue
[2022-10-27T07:28:01.731+0000] {logging_mixin.py:117} INFO - [2022-10-27T07:28:01.730+0000] {dagbag.py:525} INFO - Filling up the DagBag from /home/airflow/.local/lib/python3.7/site-packages/airflow/example_dags/example_datasets.py
[2022-10-27T07:28:01.755+0000] {processor.py:768} INFO - DAG(s) dict_keys(['dataset_consumes_1', 'dataset_produces_1', 'dataset_produces_2', 'dataset_consumes_unknown_never_scheduled', 'dataset_consumes_1_and_2', 'dataset_consumes_1_never_scheduled']) retrieved from /home/airflow/.local/lib/python3.7/site-packages/airflow/example_dags/example_datasets.py
[2022-10-27T07:28:01.999+0000] {logging_mixin.py:117} INFO - [2022-10-27T07:28:01.999+0000] {dag.py:2573} INFO - Sync 6 DAGs
[2022-10-27T07:28:02.039+0000] {logging_mixin.py:117} INFO - [2022-10-27T07:28:02.039+0000] {dag.py:3328} INFO - Setting next_dagrun for dataset_consumes_1 to None, run_after=None
[2022-10-27T07:28:02.043+0000] {logging_mixin.py:117} INFO - [2022-10-27T07:28:02.043+0000] {dag.py:3328} INFO - Setting next_dagrun for dataset_consumes_1_and_2 to None, run_after=None
[2022-10-27T07:28:02.045+0000] {logging_mixin.py:117} INFO - [2022-10-27T07:28:02.045+0000] {dag.py:3328} INFO - Setting next_dagrun for dataset_consumes_1_never_scheduled to None, run_after=None
[2022-10-27T07:28:02.047+0000] {logging_mixin.py:117} INFO - [2022-10-27T07:28:02.047+0000] {dag.py:3328} INFO - Setting next_dagrun for dataset_consumes_unknown_never_scheduled to None, run_after=None
[2022-10-27T07:28:02.051+0000] {logging_mixin.py:117} INFO - [2022-10-27T07:28:02.051+0000] {dag.py:3328} INFO - Setting next_dagrun for dataset_produces_1 to 2022-10-26T00:00:00+00:00, run_after=2022-10-27T00:00:00+00:00
[2022-10-27T07:28:02.053+0000] {logging_mixin.py:117} INFO - [2022-10-27T07:28:02.053+0000] {dag.py:3328} INFO - Setting next_dagrun for dataset_produces_2 to None, run_after=None
[2022-10-27T07:28:02.091+0000] {processor.py:178} INFO - Processing /home/airflow/.local/lib/python3.7/site-packages/airflow/example_dags/example_datasets.py took 0.366 seconds
[2022-10-27T07:28:32.998+0000] {processor.py:156} INFO - Started process (PID=177) to work on /home/airflow/.local/lib/python3.7/site-packages/airflow/example_dags/example_datasets.py
[2022-10-27T07:28:33.000+0000] {processor.py:758} INFO - Processing file /home/airflow/.local/lib/python3.7/site-packages/airflow/example_dags/example_datasets.py for tasks to queue
[2022-10-27T07:28:33.001+0000] {logging_mixin.py:117} INFO - [2022-10-27T07:28:33.001+0000] {dagbag.py:525} INFO - Filling up the DagBag from /home/airflow/.local/lib/python3.7/site-packages/airflow/example_dags/example_datasets.py
[2022-10-27T07:28:33.200+0000] {processor.py:768} INFO - DAG(s) dict_keys(['dataset_consumes_1_and_2', 'dataset_produces_2', 'dataset_consumes_unknown_never_scheduled', 'dataset_consumes_1_never_scheduled', 'dataset_consumes_1', 'dataset_produces_1']) retrieved from /home/airflow/.local/lib/python3.7/site-packages/airflow/example_dags/example_datasets.py
[2022-10-27T07:28:33.256+0000] {logging_mixin.py:117} INFO - [2022-10-27T07:28:33.256+0000] {dag.py:2573} INFO - Sync 6 DAGs
[2022-10-27T07:28:33.291+0000] {logging_mixin.py:117} INFO - [2022-10-27T07:28:33.290+0000] {dag.py:3328} INFO - Setting next_dagrun for dataset_consumes_1 to None, run_after=None
[2022-10-27T07:28:33.294+0000] {logging_mixin.py:117} INFO - [2022-10-27T07:28:33.294+0000] {dag.py:3328} INFO - Setting next_dagrun for dataset_consumes_1_and_2 to None, run_after=None
[2022-10-27T07:28:33.296+0000] {logging_mixin.py:117} INFO - [2022-10-27T07:28:33.296+0000] {dag.py:3328} INFO - Setting next_dagrun for dataset_consumes_1_never_scheduled to None, run_after=None
[2022-10-27T07:28:33.298+0000] {logging_mixin.py:117} INFO - [2022-10-27T07:28:33.297+0000] {dag.py:3328} INFO - Setting next_dagrun for dataset_consumes_unknown_never_scheduled to None, run_after=None
[2022-10-27T07:28:33.301+0000] {logging_mixin.py:117} INFO - [2022-10-27T07:28:33.301+0000] {dag.py:3328} INFO - Setting next_dagrun for dataset_produces_1 to 2022-10-26T00:00:00+00:00, run_after=2022-10-27T00:00:00+00:00
[2022-10-27T07:28:33.303+0000] {logging_mixin.py:117} INFO - [2022-10-27T07:28:33.303+0000] {dag.py:3328} INFO - Setting next_dagrun for dataset_produces_2 to None, run_after=None
[2022-10-27T07:28:33.340+0000] {processor.py:178} INFO - Processing /home/airflow/.local/lib/python3.7/site-packages/airflow/example_dags/example_datasets.py took 0.345 seconds
[2022-10-27T07:29:03.500+0000] {processor.py:156} INFO - Started process (PID=232) to work on /home/airflow/.local/lib/python3.7/site-packages/airflow/example_dags/example_datasets.py
[2022-10-27T07:29:03.501+0000] {processor.py:758} INFO - Processing file /home/airflow/.local/lib/python3.7/site-packages/airflow/example_dags/example_datasets.py for tasks to queue
[2022-10-27T07:29:03.502+0000] {logging_mixin.py:117} INFO - [2022-10-27T07:29:03.502+0000] {dagbag.py:525} INFO - Filling up the DagBag from /home/airflow/.local/lib/python3.7/site-packages/airflow/example_dags/example_datasets.py
[2022-10-27T07:29:03.521+0000] {processor.py:768} INFO - DAG(s) dict_keys(['dataset_consumes_unknown_never_scheduled', 'dataset_produces_1', 'dataset_consumes_1_never_scheduled', 'dataset_produces_2', 'dataset_consumes_1_and_2', 'dataset_consumes_1']) retrieved from /home/airflow/.local/lib/python3.7/site-packages/airflow/example_dags/example_datasets.py
[2022-10-27T07:29:03.583+0000] {logging_mixin.py:117} INFO - [2022-10-27T07:29:03.583+0000] {dag.py:2573} INFO - Sync 6 DAGs
[2022-10-27T07:29:03.612+0000] {logging_mixin.py:117} INFO - [2022-10-27T07:29:03.611+0000] {dag.py:3328} INFO - Setting next_dagrun for dataset_consumes_1 to None, run_after=None
[2022-10-27T07:29:03.616+0000] {logging_mixin.py:117} INFO - [2022-10-27T07:29:03.616+0000] {dag.py:3328} INFO - Setting next_dagrun for dataset_consumes_1_and_2 to None, run_after=None
[2022-10-27T07:29:03.618+0000] {logging_mixin.py:117} INFO - [2022-10-27T07:29:03.618+0000] {dag.py:3328} INFO - Setting next_dagrun for dataset_consumes_1_never_scheduled to None, run_after=None
[2022-10-27T07:29:03.619+0000] {logging_mixin.py:117} INFO - [2022-10-27T07:29:03.619+0000] {dag.py:3328} INFO - Setting next_dagrun for dataset_consumes_unknown_never_scheduled to None, run_after=None
[2022-10-27T07:29:03.621+0000] {logging_mixin.py:117} INFO - [2022-10-27T07:29:03.621+0000] {dag.py:3328} INFO - Setting next_dagrun for dataset_produces_1 to 2022-10-26T00:00:00+00:00, run_after=2022-10-27T00:00:00+00:00
[2022-10-27T07:29:03.623+0000] {logging_mixin.py:117} INFO - [2022-10-27T07:29:03.623+0000] {dag.py:3328} INFO - Setting next_dagrun for dataset_produces_2 to None, run_after=None
[2022-10-27T07:29:03.656+0000] {processor.py:178} INFO - Processing /home/airflow/.local/lib/python3.7/site-packages/airflow/example_dags/example_datasets.py took 0.159 seconds
[2022-10-27T07:29:33.889+0000] {processor.py:156} INFO - Started process (PID=294) to work on /home/airflow/.local/lib/python3.7/site-packages/airflow/example_dags/example_datasets.py
[2022-10-27T07:29:33.892+0000] {processor.py:758} INFO - Processing file /home/airflow/.local/lib/python3.7/site-packages/airflow/example_dags/example_datasets.py for tasks to queue
[2022-10-27T07:29:33.893+0000] {logging_mixin.py:117} INFO - [2022-10-27T07:29:33.892+0000] {dagbag.py:525} INFO - Filling up the DagBag from /home/airflow/.local/lib/python3.7/site-packages/airflow/example_dags/example_datasets.py
[2022-10-27T07:29:33.956+0000] {processor.py:768} INFO - DAG(s) dict_keys(['dataset_consumes_1_and_2', 'dataset_produces_2', 'dataset_consumes_unknown_never_scheduled', 'dataset_consumes_1_never_scheduled', 'dataset_consumes_1', 'dataset_produces_1']) retrieved from /home/airflow/.local/lib/python3.7/site-packages/airflow/example_dags/example_datasets.py
[2022-10-27T07:29:34.150+0000] {logging_mixin.py:117} INFO - [2022-10-27T07:29:34.149+0000] {dag.py:2573} INFO - Sync 6 DAGs
[2022-10-27T07:29:34.200+0000] {logging_mixin.py:117} INFO - [2022-10-27T07:29:34.200+0000] {dag.py:3328} INFO - Setting next_dagrun for dataset_consumes_1 to None, run_after=None
[2022-10-27T07:29:34.206+0000] {logging_mixin.py:117} INFO - [2022-10-27T07:29:34.206+0000] {dag.py:3328} INFO - Setting next_dagrun for dataset_consumes_1_and_2 to None, run_after=None
[2022-10-27T07:29:34.208+0000] {logging_mixin.py:117} INFO - [2022-10-27T07:29:34.208+0000] {dag.py:3328} INFO - Setting next_dagrun for dataset_consumes_1_never_scheduled to None, run_after=None
[2022-10-27T07:29:34.210+0000] {logging_mixin.py:117} INFO - [2022-10-27T07:29:34.210+0000] {dag.py:3328} INFO - Setting next_dagrun for dataset_consumes_unknown_never_scheduled to None, run_after=None
[2022-10-27T07:29:34.214+0000] {logging_mixin.py:117} INFO - [2022-10-27T07:29:34.214+0000] {dag.py:3328} INFO - Setting next_dagrun for dataset_produces_1 to 2022-10-26T00:00:00+00:00, run_after=2022-10-27T00:00:00+00:00
[2022-10-27T07:29:34.216+0000] {logging_mixin.py:117} INFO - [2022-10-27T07:29:34.216+0000] {dag.py:3328} INFO - Setting next_dagrun for dataset_produces_2 to None, run_after=None
[2022-10-27T07:29:34.268+0000] {processor.py:178} INFO - Processing /home/airflow/.local/lib/python3.7/site-packages/airflow/example_dags/example_datasets.py took 0.392 seconds
[2022-10-27T07:30:04.880+0000] {processor.py:156} INFO - Started process (PID=348) to work on /home/airflow/.local/lib/python3.7/site-packages/airflow/example_dags/example_datasets.py
[2022-10-27T07:30:04.882+0000] {processor.py:758} INFO - Processing file /home/airflow/.local/lib/python3.7/site-packages/airflow/example_dags/example_datasets.py for tasks to queue
[2022-10-27T07:30:04.883+0000] {logging_mixin.py:117} INFO - [2022-10-27T07:30:04.883+0000] {dagbag.py:525} INFO - Filling up the DagBag from /home/airflow/.local/lib/python3.7/site-packages/airflow/example_dags/example_datasets.py
[2022-10-27T07:30:04.915+0000] {processor.py:768} INFO - DAG(s) dict_keys(['dataset_consumes_unknown_never_scheduled', 'dataset_consumes_1', 'dataset_consumes_1_never_scheduled', 'dataset_produces_2', 'dataset_produces_1', 'dataset_consumes_1_and_2']) retrieved from /home/airflow/.local/lib/python3.7/site-packages/airflow/example_dags/example_datasets.py
[2022-10-27T07:30:05.004+0000] {logging_mixin.py:117} INFO - [2022-10-27T07:30:05.004+0000] {dag.py:2573} INFO - Sync 6 DAGs
[2022-10-27T07:30:05.053+0000] {logging_mixin.py:117} INFO - [2022-10-27T07:30:05.052+0000] {dag.py:3328} INFO - Setting next_dagrun for dataset_consumes_1 to None, run_after=None
[2022-10-27T07:30:05.060+0000] {logging_mixin.py:117} INFO - [2022-10-27T07:30:05.060+0000] {dag.py:3328} INFO - Setting next_dagrun for dataset_consumes_1_and_2 to None, run_after=None
[2022-10-27T07:30:05.063+0000] {logging_mixin.py:117} INFO - [2022-10-27T07:30:05.063+0000] {dag.py:3328} INFO - Setting next_dagrun for dataset_consumes_1_never_scheduled to None, run_after=None
[2022-10-27T07:30:05.067+0000] {logging_mixin.py:117} INFO - [2022-10-27T07:30:05.067+0000] {dag.py:3328} INFO - Setting next_dagrun for dataset_consumes_unknown_never_scheduled to None, run_after=None
[2022-10-27T07:30:05.073+0000] {logging_mixin.py:117} INFO - [2022-10-27T07:30:05.073+0000] {dag.py:3328} INFO - Setting next_dagrun for dataset_produces_1 to 2022-10-26T00:00:00+00:00, run_after=2022-10-27T00:00:00+00:00
[2022-10-27T07:30:05.079+0000] {logging_mixin.py:117} INFO - [2022-10-27T07:30:05.078+0000] {dag.py:3328} INFO - Setting next_dagrun for dataset_produces_2 to None, run_after=None
[2022-10-27T07:30:05.146+0000] {processor.py:178} INFO - Processing /home/airflow/.local/lib/python3.7/site-packages/airflow/example_dags/example_datasets.py took 0.272 seconds
[2022-10-27T07:30:35.655+0000] {processor.py:156} INFO - Started process (PID=411) to work on /home/airflow/.local/lib/python3.7/site-packages/airflow/example_dags/example_datasets.py
[2022-10-27T07:30:35.657+0000] {processor.py:758} INFO - Processing file /home/airflow/.local/lib/python3.7/site-packages/airflow/example_dags/example_datasets.py for tasks to queue
[2022-10-27T07:30:35.658+0000] {logging_mixin.py:117} INFO - [2022-10-27T07:30:35.657+0000] {dagbag.py:525} INFO - Filling up the DagBag from /home/airflow/.local/lib/python3.7/site-packages/airflow/example_dags/example_datasets.py
[2022-10-27T07:30:35.704+0000] {processor.py:768} INFO - DAG(s) dict_keys(['dataset_consumes_unknown_never_scheduled', 'dataset_produces_1', 'dataset_consumes_1_and_2', 'dataset_consumes_1_never_scheduled', 'dataset_produces_2', 'dataset_consumes_1']) retrieved from /home/airflow/.local/lib/python3.7/site-packages/airflow/example_dags/example_datasets.py
[2022-10-27T07:30:35.829+0000] {logging_mixin.py:117} INFO - [2022-10-27T07:30:35.829+0000] {dag.py:2573} INFO - Sync 6 DAGs
[2022-10-27T07:30:35.885+0000] {logging_mixin.py:117} INFO - [2022-10-27T07:30:35.885+0000] {dag.py:3328} INFO - Setting next_dagrun for dataset_consumes_1 to None, run_after=None
[2022-10-27T07:30:35.890+0000] {logging_mixin.py:117} INFO - [2022-10-27T07:30:35.890+0000] {dag.py:3328} INFO - Setting next_dagrun for dataset_consumes_1_and_2 to None, run_after=None
[2022-10-27T07:30:35.893+0000] {logging_mixin.py:117} INFO - [2022-10-27T07:30:35.892+0000] {dag.py:3328} INFO - Setting next_dagrun for dataset_consumes_1_never_scheduled to None, run_after=None
[2022-10-27T07:30:35.897+0000] {logging_mixin.py:117} INFO - [2022-10-27T07:30:35.896+0000] {dag.py:3328} INFO - Setting next_dagrun for dataset_consumes_unknown_never_scheduled to None, run_after=None
[2022-10-27T07:30:35.903+0000] {logging_mixin.py:117} INFO - [2022-10-27T07:30:35.903+0000] {dag.py:3328} INFO - Setting next_dagrun for dataset_produces_1 to 2022-10-26T00:00:00+00:00, run_after=2022-10-27T00:00:00+00:00
[2022-10-27T07:30:35.905+0000] {logging_mixin.py:117} INFO - [2022-10-27T07:30:35.905+0000] {dag.py:3328} INFO - Setting next_dagrun for dataset_produces_2 to None, run_after=None
[2022-10-27T07:30:35.965+0000] {processor.py:178} INFO - Processing /home/airflow/.local/lib/python3.7/site-packages/airflow/example_dags/example_datasets.py took 0.317 seconds
[2022-10-27T07:31:06.137+0000] {processor.py:156} INFO - Started process (PID=465) to work on /home/airflow/.local/lib/python3.7/site-packages/airflow/example_dags/example_datasets.py
[2022-10-27T07:31:06.139+0000] {processor.py:758} INFO - Processing file /home/airflow/.local/lib/python3.7/site-packages/airflow/example_dags/example_datasets.py for tasks to queue
[2022-10-27T07:31:06.140+0000] {logging_mixin.py:117} INFO - [2022-10-27T07:31:06.139+0000] {dagbag.py:525} INFO - Filling up the DagBag from /home/airflow/.local/lib/python3.7/site-packages/airflow/example_dags/example_datasets.py
[2022-10-27T07:31:06.173+0000] {processor.py:768} INFO - DAG(s) dict_keys(['dataset_produces_2', 'dataset_consumes_unknown_never_scheduled', 'dataset_produces_1', 'dataset_consumes_1_and_2', 'dataset_consumes_1_never_scheduled', 'dataset_consumes_1']) retrieved from /home/airflow/.local/lib/python3.7/site-packages/airflow/example_dags/example_datasets.py
[2022-10-27T07:31:06.275+0000] {logging_mixin.py:117} INFO - [2022-10-27T07:31:06.274+0000] {dag.py:2573} INFO - Sync 6 DAGs
[2022-10-27T07:31:06.327+0000] {logging_mixin.py:117} INFO - [2022-10-27T07:31:06.327+0000] {dag.py:3328} INFO - Setting next_dagrun for dataset_consumes_1 to None, run_after=None
[2022-10-27T07:31:06.335+0000] {logging_mixin.py:117} INFO - [2022-10-27T07:31:06.334+0000] {dag.py:3328} INFO - Setting next_dagrun for dataset_consumes_1_and_2 to None, run_after=None
[2022-10-27T07:31:06.338+0000] {logging_mixin.py:117} INFO - [2022-10-27T07:31:06.337+0000] {dag.py:3328} INFO - Setting next_dagrun for dataset_consumes_1_never_scheduled to None, run_after=None
[2022-10-27T07:31:06.340+0000] {logging_mixin.py:117} INFO - [2022-10-27T07:31:06.340+0000] {dag.py:3328} INFO - Setting next_dagrun for dataset_consumes_unknown_never_scheduled to None, run_after=None
[2022-10-27T07:31:06.345+0000] {logging_mixin.py:117} INFO - [2022-10-27T07:31:06.344+0000] {dag.py:3328} INFO - Setting next_dagrun for dataset_produces_1 to 2022-10-26T00:00:00+00:00, run_after=2022-10-27T00:00:00+00:00
[2022-10-27T07:31:06.348+0000] {logging_mixin.py:117} INFO - [2022-10-27T07:31:06.348+0000] {dag.py:3328} INFO - Setting next_dagrun for dataset_produces_2 to None, run_after=None
[2022-10-27T07:31:06.398+0000] {processor.py:178} INFO - Processing /home/airflow/.local/lib/python3.7/site-packages/airflow/example_dags/example_datasets.py took 0.268 seconds
[2022-10-27T07:31:37.039+0000] {processor.py:156} INFO - Started process (PID=528) to work on /home/airflow/.local/lib/python3.7/site-packages/airflow/example_dags/example_datasets.py
[2022-10-27T07:31:37.041+0000] {processor.py:758} INFO - Processing file /home/airflow/.local/lib/python3.7/site-packages/airflow/example_dags/example_datasets.py for tasks to queue
[2022-10-27T07:31:37.042+0000] {logging_mixin.py:117} INFO - [2022-10-27T07:31:37.042+0000] {dagbag.py:525} INFO - Filling up the DagBag from /home/airflow/.local/lib/python3.7/site-packages/airflow/example_dags/example_datasets.py
[2022-10-27T07:31:37.079+0000] {processor.py:768} INFO - DAG(s) dict_keys(['dataset_produces_2', 'dataset_produces_1', 'dataset_consumes_1_and_2', 'dataset_consumes_1_never_scheduled', 'dataset_consumes_1', 'dataset_consumes_unknown_never_scheduled']) retrieved from /home/airflow/.local/lib/python3.7/site-packages/airflow/example_dags/example_datasets.py
[2022-10-27T07:31:37.192+0000] {logging_mixin.py:117} INFO - [2022-10-27T07:31:37.192+0000] {dag.py:2573} INFO - Sync 6 DAGs
[2022-10-27T07:31:37.245+0000] {logging_mixin.py:117} INFO - [2022-10-27T07:31:37.245+0000] {dag.py:3328} INFO - Setting next_dagrun for dataset_consumes_1 to None, run_after=None
[2022-10-27T07:31:37.254+0000] {logging_mixin.py:117} INFO - [2022-10-27T07:31:37.254+0000] {dag.py:3328} INFO - Setting next_dagrun for dataset_consumes_1_and_2 to None, run_after=None
[2022-10-27T07:31:37.257+0000] {logging_mixin.py:117} INFO - [2022-10-27T07:31:37.257+0000] {dag.py:3328} INFO - Setting next_dagrun for dataset_consumes_1_never_scheduled to None, run_after=None
[2022-10-27T07:31:37.260+0000] {logging_mixin.py:117} INFO - [2022-10-27T07:31:37.259+0000] {dag.py:3328} INFO - Setting next_dagrun for dataset_consumes_unknown_never_scheduled to None, run_after=None
[2022-10-27T07:31:37.266+0000] {logging_mixin.py:117} INFO - [2022-10-27T07:31:37.266+0000] {dag.py:3328} INFO - Setting next_dagrun for dataset_produces_1 to 2022-10-26T00:00:00+00:00, run_after=2022-10-27T00:00:00+00:00
[2022-10-27T07:31:37.269+0000] {logging_mixin.py:117} INFO - [2022-10-27T07:31:37.269+0000] {dag.py:3328} INFO - Setting next_dagrun for dataset_produces_2 to None, run_after=None
[2022-10-27T07:31:37.329+0000] {processor.py:178} INFO - Processing /home/airflow/.local/lib/python3.7/site-packages/airflow/example_dags/example_datasets.py took 0.298 seconds
[2022-10-27T07:32:07.373+0000] {processor.py:156} INFO - Started process (PID=582) to work on /home/airflow/.local/lib/python3.7/site-packages/airflow/example_dags/example_datasets.py
[2022-10-27T07:32:07.374+0000] {processor.py:758} INFO - Processing file /home/airflow/.local/lib/python3.7/site-packages/airflow/example_dags/example_datasets.py for tasks to queue
[2022-10-27T07:32:07.375+0000] {logging_mixin.py:117} INFO - [2022-10-27T07:32:07.375+0000] {dagbag.py:525} INFO - Filling up the DagBag from /home/airflow/.local/lib/python3.7/site-packages/airflow/example_dags/example_datasets.py
[2022-10-27T07:32:07.399+0000] {processor.py:768} INFO - DAG(s) dict_keys(['dataset_consumes_1', 'dataset_produces_1', 'dataset_consumes_unknown_never_scheduled', 'dataset_produces_2', 'dataset_consumes_1_never_scheduled', 'dataset_consumes_1_and_2']) retrieved from /home/airflow/.local/lib/python3.7/site-packages/airflow/example_dags/example_datasets.py
[2022-10-27T07:32:07.470+0000] {logging_mixin.py:117} INFO - [2022-10-27T07:32:07.469+0000] {dag.py:2573} INFO - Sync 6 DAGs
[2022-10-27T07:32:07.506+0000] {logging_mixin.py:117} INFO - [2022-10-27T07:32:07.505+0000] {dag.py:3328} INFO - Setting next_dagrun for dataset_consumes_1 to None, run_after=None
[2022-10-27T07:32:07.510+0000] {logging_mixin.py:117} INFO - [2022-10-27T07:32:07.509+0000] {dag.py:3328} INFO - Setting next_dagrun for dataset_consumes_1_and_2 to None, run_after=None
[2022-10-27T07:32:07.511+0000] {logging_mixin.py:117} INFO - [2022-10-27T07:32:07.511+0000] {dag.py:3328} INFO - Setting next_dagrun for dataset_consumes_1_never_scheduled to None, run_after=None
[2022-10-27T07:32:07.513+0000] {logging_mixin.py:117} INFO - [2022-10-27T07:32:07.513+0000] {dag.py:3328} INFO - Setting next_dagrun for dataset_consumes_unknown_never_scheduled to None, run_after=None
[2022-10-27T07:32:07.516+0000] {logging_mixin.py:117} INFO - [2022-10-27T07:32:07.516+0000] {dag.py:3328} INFO - Setting next_dagrun for dataset_produces_1 to 2022-10-26T00:00:00+00:00, run_after=2022-10-27T00:00:00+00:00
[2022-10-27T07:32:07.518+0000] {logging_mixin.py:117} INFO - [2022-10-27T07:32:07.518+0000] {dag.py:3328} INFO - Setting next_dagrun for dataset_produces_2 to None, run_after=None
[2022-10-27T07:32:07.558+0000] {processor.py:178} INFO - Processing /home/airflow/.local/lib/python3.7/site-packages/airflow/example_dags/example_datasets.py took 0.189 seconds
[2022-10-27T07:32:38.525+0000] {processor.py:156} INFO - Started process (PID=645) to work on /home/airflow/.local/lib/python3.7/site-packages/airflow/example_dags/example_datasets.py
[2022-10-27T07:32:38.528+0000] {processor.py:758} INFO - Processing file /home/airflow/.local/lib/python3.7/site-packages/airflow/example_dags/example_datasets.py for tasks to queue
[2022-10-27T07:32:38.529+0000] {logging_mixin.py:117} INFO - [2022-10-27T07:32:38.529+0000] {dagbag.py:525} INFO - Filling up the DagBag from /home/airflow/.local/lib/python3.7/site-packages/airflow/example_dags/example_datasets.py
[2022-10-27T07:32:38.578+0000] {processor.py:768} INFO - DAG(s) dict_keys(['dataset_consumes_1', 'dataset_consumes_unknown_never_scheduled', 'dataset_produces_2', 'dataset_produces_1', 'dataset_consumes_1_never_scheduled', 'dataset_consumes_1_and_2']) retrieved from /home/airflow/.local/lib/python3.7/site-packages/airflow/example_dags/example_datasets.py
[2022-10-27T07:32:38.746+0000] {logging_mixin.py:117} INFO - [2022-10-27T07:32:38.745+0000] {dag.py:2573} INFO - Sync 6 DAGs
[2022-10-27T07:32:38.834+0000] {logging_mixin.py:117} INFO - [2022-10-27T07:32:38.833+0000] {dag.py:3328} INFO - Setting next_dagrun for dataset_consumes_1 to None, run_after=None
[2022-10-27T07:32:38.851+0000] {logging_mixin.py:117} INFO - [2022-10-27T07:32:38.850+0000] {dag.py:3328} INFO - Setting next_dagrun for dataset_consumes_1_and_2 to None, run_after=None
[2022-10-27T07:32:38.855+0000] {logging_mixin.py:117} INFO - [2022-10-27T07:32:38.855+0000] {dag.py:3328} INFO - Setting next_dagrun for dataset_consumes_1_never_scheduled to None, run_after=None
[2022-10-27T07:32:38.861+0000] {logging_mixin.py:117} INFO - [2022-10-27T07:32:38.860+0000] {dag.py:3328} INFO - Setting next_dagrun for dataset_consumes_unknown_never_scheduled to None, run_after=None
[2022-10-27T07:32:38.877+0000] {logging_mixin.py:117} INFO - [2022-10-27T07:32:38.876+0000] {dag.py:3328} INFO - Setting next_dagrun for dataset_produces_1 to 2022-10-26T00:00:00+00:00, run_after=2022-10-27T00:00:00+00:00
[2022-10-27T07:32:38.881+0000] {logging_mixin.py:117} INFO - [2022-10-27T07:32:38.881+0000] {dag.py:3328} INFO - Setting next_dagrun for dataset_produces_2 to None, run_after=None
[2022-10-27T07:32:38.997+0000] {processor.py:178} INFO - Processing /home/airflow/.local/lib/python3.7/site-packages/airflow/example_dags/example_datasets.py took 0.482 seconds
