[2022-10-27T07:27:45.783+0000] {processor.py:156} INFO - Started process (PID=90) to work on /home/airflow/.local/lib/python3.7/site-packages/airflow/example_dags/example_subdag_operator.py
[2022-10-27T07:27:45.785+0000] {processor.py:758} INFO - Processing file /home/airflow/.local/lib/python3.7/site-packages/airflow/example_dags/example_subdag_operator.py for tasks to queue
[2022-10-27T07:27:45.787+0000] {logging_mixin.py:117} INFO - [2022-10-27T07:27:45.786+0000] {dagbag.py:525} INFO - Filling up the DagBag from /home/airflow/.local/lib/python3.7/site-packages/airflow/example_dags/example_subdag_operator.py
[2022-10-27T07:27:45.869+0000] {processor.py:768} INFO - DAG(s) dict_keys(['example_subdag_operator.section-1', 'example_subdag_operator.section-2', 'example_subdag_operator']) retrieved from /home/airflow/.local/lib/python3.7/site-packages/airflow/example_dags/example_subdag_operator.py
[2022-10-27T07:27:46.350+0000] {logging_mixin.py:117} INFO - [2022-10-27T07:27:46.350+0000] {dag.py:2573} INFO - Sync 3 DAGs
[2022-10-27T07:27:46.388+0000] {logging_mixin.py:117} INFO - [2022-10-27T07:27:46.387+0000] {dag.py:3328} INFO - Setting next_dagrun for example_subdag_operator to 2022-01-01T00:00:00+00:00, run_after=2022-01-01T00:00:00+00:00
[2022-10-27T07:27:46.392+0000] {logging_mixin.py:117} INFO - [2022-10-27T07:27:46.392+0000] {dag.py:3328} INFO - Setting next_dagrun for example_subdag_operator.section-1 to None, run_after=None
[2022-10-27T07:27:46.394+0000] {logging_mixin.py:117} INFO - [2022-10-27T07:27:46.393+0000] {dag.py:3328} INFO - Setting next_dagrun for example_subdag_operator.section-2 to None, run_after=None
[2022-10-27T07:27:46.404+0000] {logging_mixin.py:117} INFO - [2022-10-27T07:27:46.404+0000] {dag.py:2573} INFO - Sync 2 DAGs
[2022-10-27T07:27:46.412+0000] {logging_mixin.py:117} INFO - [2022-10-27T07:27:46.412+0000] {dag.py:3328} INFO - Setting next_dagrun for example_subdag_operator.section-1 to None, run_after=None
[2022-10-27T07:27:46.413+0000] {logging_mixin.py:117} INFO - [2022-10-27T07:27:46.413+0000] {dag.py:3328} INFO - Setting next_dagrun for example_subdag_operator.section-2 to None, run_after=None
[2022-10-27T07:27:46.430+0000] {processor.py:178} INFO - Processing /home/airflow/.local/lib/python3.7/site-packages/airflow/example_dags/example_subdag_operator.py took 0.656 seconds
[2022-10-27T07:28:16.901+0000] {processor.py:156} INFO - Started process (PID=153) to work on /home/airflow/.local/lib/python3.7/site-packages/airflow/example_dags/example_subdag_operator.py
[2022-10-27T07:28:16.903+0000] {processor.py:758} INFO - Processing file /home/airflow/.local/lib/python3.7/site-packages/airflow/example_dags/example_subdag_operator.py for tasks to queue
[2022-10-27T07:28:16.903+0000] {logging_mixin.py:117} INFO - [2022-10-27T07:28:16.903+0000] {dagbag.py:525} INFO - Filling up the DagBag from /home/airflow/.local/lib/python3.7/site-packages/airflow/example_dags/example_subdag_operator.py
[2022-10-27T07:28:17.150+0000] {processor.py:768} INFO - DAG(s) dict_keys(['example_subdag_operator.section-1', 'example_subdag_operator.section-2', 'example_subdag_operator']) retrieved from /home/airflow/.local/lib/python3.7/site-packages/airflow/example_dags/example_subdag_operator.py
[2022-10-27T07:28:17.387+0000] {logging_mixin.py:117} INFO - [2022-10-27T07:28:17.387+0000] {dag.py:2573} INFO - Sync 3 DAGs
[2022-10-27T07:28:17.426+0000] {logging_mixin.py:117} INFO - [2022-10-27T07:28:17.426+0000] {dag.py:3328} INFO - Setting next_dagrun for example_subdag_operator to 2022-01-01T00:00:00+00:00, run_after=2022-01-01T00:00:00+00:00
[2022-10-27T07:28:17.434+0000] {logging_mixin.py:117} INFO - [2022-10-27T07:28:17.433+0000] {dag.py:3328} INFO - Setting next_dagrun for example_subdag_operator.section-1 to None, run_after=None
[2022-10-27T07:28:17.436+0000] {logging_mixin.py:117} INFO - [2022-10-27T07:28:17.436+0000] {dag.py:3328} INFO - Setting next_dagrun for example_subdag_operator.section-2 to None, run_after=None
[2022-10-27T07:28:17.453+0000] {logging_mixin.py:117} INFO - [2022-10-27T07:28:17.453+0000] {dag.py:2573} INFO - Sync 2 DAGs
[2022-10-27T07:28:17.462+0000] {logging_mixin.py:117} INFO - [2022-10-27T07:28:17.462+0000] {dag.py:3328} INFO - Setting next_dagrun for example_subdag_operator.section-1 to None, run_after=None
[2022-10-27T07:28:17.462+0000] {logging_mixin.py:117} INFO - [2022-10-27T07:28:17.462+0000] {dag.py:3328} INFO - Setting next_dagrun for example_subdag_operator.section-2 to None, run_after=None
[2022-10-27T07:28:17.480+0000] {processor.py:178} INFO - Processing /home/airflow/.local/lib/python3.7/site-packages/airflow/example_dags/example_subdag_operator.py took 0.585 seconds
[2022-10-27T07:28:48.414+0000] {processor.py:156} INFO - Started process (PID=208) to work on /home/airflow/.local/lib/python3.7/site-packages/airflow/example_dags/example_subdag_operator.py
[2022-10-27T07:28:48.416+0000] {processor.py:758} INFO - Processing file /home/airflow/.local/lib/python3.7/site-packages/airflow/example_dags/example_subdag_operator.py for tasks to queue
[2022-10-27T07:28:48.417+0000] {logging_mixin.py:117} INFO - [2022-10-27T07:28:48.417+0000] {dagbag.py:525} INFO - Filling up the DagBag from /home/airflow/.local/lib/python3.7/site-packages/airflow/example_dags/example_subdag_operator.py
[2022-10-27T07:28:48.658+0000] {processor.py:768} INFO - DAG(s) dict_keys(['example_subdag_operator.section-1', 'example_subdag_operator.section-2', 'example_subdag_operator']) retrieved from /home/airflow/.local/lib/python3.7/site-packages/airflow/example_dags/example_subdag_operator.py
[2022-10-27T07:28:48.862+0000] {logging_mixin.py:117} INFO - [2022-10-27T07:28:48.862+0000] {dag.py:2573} INFO - Sync 3 DAGs
[2022-10-27T07:28:48.900+0000] {logging_mixin.py:117} INFO - [2022-10-27T07:28:48.900+0000] {dag.py:3328} INFO - Setting next_dagrun for example_subdag_operator to 2022-01-01T00:00:00+00:00, run_after=2022-01-01T00:00:00+00:00
[2022-10-27T07:28:48.907+0000] {logging_mixin.py:117} INFO - [2022-10-27T07:28:48.907+0000] {dag.py:3328} INFO - Setting next_dagrun for example_subdag_operator.section-1 to None, run_after=None
[2022-10-27T07:28:48.909+0000] {logging_mixin.py:117} INFO - [2022-10-27T07:28:48.909+0000] {dag.py:3328} INFO - Setting next_dagrun for example_subdag_operator.section-2 to None, run_after=None
[2022-10-27T07:28:48.921+0000] {logging_mixin.py:117} INFO - [2022-10-27T07:28:48.921+0000] {dag.py:2573} INFO - Sync 2 DAGs
[2022-10-27T07:28:48.932+0000] {logging_mixin.py:117} INFO - [2022-10-27T07:28:48.931+0000] {dag.py:3328} INFO - Setting next_dagrun for example_subdag_operator.section-1 to None, run_after=None
[2022-10-27T07:28:48.932+0000] {logging_mixin.py:117} INFO - [2022-10-27T07:28:48.932+0000] {dag.py:3328} INFO - Setting next_dagrun for example_subdag_operator.section-2 to None, run_after=None
[2022-10-27T07:28:48.953+0000] {processor.py:178} INFO - Processing /home/airflow/.local/lib/python3.7/site-packages/airflow/example_dags/example_subdag_operator.py took 0.543 seconds
[2022-10-27T07:29:19.754+0000] {processor.py:156} INFO - Started process (PID=271) to work on /home/airflow/.local/lib/python3.7/site-packages/airflow/example_dags/example_subdag_operator.py
[2022-10-27T07:29:19.755+0000] {processor.py:758} INFO - Processing file /home/airflow/.local/lib/python3.7/site-packages/airflow/example_dags/example_subdag_operator.py for tasks to queue
[2022-10-27T07:29:19.756+0000] {logging_mixin.py:117} INFO - [2022-10-27T07:29:19.756+0000] {dagbag.py:525} INFO - Filling up the DagBag from /home/airflow/.local/lib/python3.7/site-packages/airflow/example_dags/example_subdag_operator.py
[2022-10-27T07:29:19.812+0000] {processor.py:768} INFO - DAG(s) dict_keys(['example_subdag_operator.section-1', 'example_subdag_operator.section-2', 'example_subdag_operator']) retrieved from /home/airflow/.local/lib/python3.7/site-packages/airflow/example_dags/example_subdag_operator.py
[2022-10-27T07:29:20.093+0000] {logging_mixin.py:117} INFO - [2022-10-27T07:29:20.093+0000] {dag.py:2573} INFO - Sync 3 DAGs
[2022-10-27T07:29:20.150+0000] {logging_mixin.py:117} INFO - [2022-10-27T07:29:20.150+0000] {dag.py:3328} INFO - Setting next_dagrun for example_subdag_operator to 2022-01-01T00:00:00+00:00, run_after=2022-01-01T00:00:00+00:00
[2022-10-27T07:29:20.158+0000] {logging_mixin.py:117} INFO - [2022-10-27T07:29:20.157+0000] {dag.py:3328} INFO - Setting next_dagrun for example_subdag_operator.section-1 to None, run_after=None
[2022-10-27T07:29:20.160+0000] {logging_mixin.py:117} INFO - [2022-10-27T07:29:20.160+0000] {dag.py:3328} INFO - Setting next_dagrun for example_subdag_operator.section-2 to None, run_after=None
[2022-10-27T07:29:20.181+0000] {logging_mixin.py:117} INFO - [2022-10-27T07:29:20.179+0000] {dag.py:2573} INFO - Sync 2 DAGs
[2022-10-27T07:29:20.195+0000] {logging_mixin.py:117} INFO - [2022-10-27T07:29:20.195+0000] {dag.py:3328} INFO - Setting next_dagrun for example_subdag_operator.section-1 to None, run_after=None
[2022-10-27T07:29:20.196+0000] {logging_mixin.py:117} INFO - [2022-10-27T07:29:20.196+0000] {dag.py:3328} INFO - Setting next_dagrun for example_subdag_operator.section-2 to None, run_after=None
[2022-10-27T07:29:20.224+0000] {processor.py:178} INFO - Processing /home/airflow/.local/lib/python3.7/site-packages/airflow/example_dags/example_subdag_operator.py took 0.475 seconds
[2022-10-27T07:29:50.488+0000] {processor.py:156} INFO - Started process (PID=325) to work on /home/airflow/.local/lib/python3.7/site-packages/airflow/example_dags/example_subdag_operator.py
[2022-10-27T07:29:50.489+0000] {processor.py:758} INFO - Processing file /home/airflow/.local/lib/python3.7/site-packages/airflow/example_dags/example_subdag_operator.py for tasks to queue
[2022-10-27T07:29:50.490+0000] {logging_mixin.py:117} INFO - [2022-10-27T07:29:50.490+0000] {dagbag.py:525} INFO - Filling up the DagBag from /home/airflow/.local/lib/python3.7/site-packages/airflow/example_dags/example_subdag_operator.py
[2022-10-27T07:29:50.534+0000] {processor.py:768} INFO - DAG(s) dict_keys(['example_subdag_operator.section-1', 'example_subdag_operator.section-2', 'example_subdag_operator']) retrieved from /home/airflow/.local/lib/python3.7/site-packages/airflow/example_dags/example_subdag_operator.py
[2022-10-27T07:29:50.783+0000] {logging_mixin.py:117} INFO - [2022-10-27T07:29:50.783+0000] {dag.py:2573} INFO - Sync 3 DAGs
[2022-10-27T07:29:50.818+0000] {logging_mixin.py:117} INFO - [2022-10-27T07:29:50.818+0000] {dag.py:3328} INFO - Setting next_dagrun for example_subdag_operator to 2022-01-01T00:00:00+00:00, run_after=2022-01-01T00:00:00+00:00
[2022-10-27T07:29:50.825+0000] {logging_mixin.py:117} INFO - [2022-10-27T07:29:50.825+0000] {dag.py:3328} INFO - Setting next_dagrun for example_subdag_operator.section-1 to None, run_after=None
[2022-10-27T07:29:50.827+0000] {logging_mixin.py:117} INFO - [2022-10-27T07:29:50.827+0000] {dag.py:3328} INFO - Setting next_dagrun for example_subdag_operator.section-2 to None, run_after=None
[2022-10-27T07:29:50.839+0000] {logging_mixin.py:117} INFO - [2022-10-27T07:29:50.839+0000] {dag.py:2573} INFO - Sync 2 DAGs
[2022-10-27T07:29:50.846+0000] {logging_mixin.py:117} INFO - [2022-10-27T07:29:50.846+0000] {dag.py:3328} INFO - Setting next_dagrun for example_subdag_operator.section-1 to None, run_after=None
[2022-10-27T07:29:50.846+0000] {logging_mixin.py:117} INFO - [2022-10-27T07:29:50.846+0000] {dag.py:3328} INFO - Setting next_dagrun for example_subdag_operator.section-2 to None, run_after=None
[2022-10-27T07:29:50.865+0000] {processor.py:178} INFO - Processing /home/airflow/.local/lib/python3.7/site-packages/airflow/example_dags/example_subdag_operator.py took 0.382 seconds
[2022-10-27T07:30:21.213+0000] {processor.py:156} INFO - Started process (PID=388) to work on /home/airflow/.local/lib/python3.7/site-packages/airflow/example_dags/example_subdag_operator.py
[2022-10-27T07:30:21.216+0000] {processor.py:758} INFO - Processing file /home/airflow/.local/lib/python3.7/site-packages/airflow/example_dags/example_subdag_operator.py for tasks to queue
[2022-10-27T07:30:21.218+0000] {logging_mixin.py:117} INFO - [2022-10-27T07:30:21.218+0000] {dagbag.py:525} INFO - Filling up the DagBag from /home/airflow/.local/lib/python3.7/site-packages/airflow/example_dags/example_subdag_operator.py
[2022-10-27T07:30:21.292+0000] {processor.py:768} INFO - DAG(s) dict_keys(['example_subdag_operator.section-1', 'example_subdag_operator.section-2', 'example_subdag_operator']) retrieved from /home/airflow/.local/lib/python3.7/site-packages/airflow/example_dags/example_subdag_operator.py
[2022-10-27T07:30:21.711+0000] {logging_mixin.py:117} INFO - [2022-10-27T07:30:21.711+0000] {dag.py:2573} INFO - Sync 3 DAGs
[2022-10-27T07:30:21.781+0000] {logging_mixin.py:117} INFO - [2022-10-27T07:30:21.781+0000] {dag.py:3328} INFO - Setting next_dagrun for example_subdag_operator to 2022-01-01T00:00:00+00:00, run_after=2022-01-01T00:00:00+00:00
[2022-10-27T07:30:21.793+0000] {logging_mixin.py:117} INFO - [2022-10-27T07:30:21.792+0000] {dag.py:3328} INFO - Setting next_dagrun for example_subdag_operator.section-1 to None, run_after=None
[2022-10-27T07:30:21.796+0000] {logging_mixin.py:117} INFO - [2022-10-27T07:30:21.795+0000] {dag.py:3328} INFO - Setting next_dagrun for example_subdag_operator.section-2 to None, run_after=None
[2022-10-27T07:30:21.823+0000] {logging_mixin.py:117} INFO - [2022-10-27T07:30:21.822+0000] {dag.py:2573} INFO - Sync 2 DAGs
[2022-10-27T07:30:21.840+0000] {logging_mixin.py:117} INFO - [2022-10-27T07:30:21.840+0000] {dag.py:3328} INFO - Setting next_dagrun for example_subdag_operator.section-1 to None, run_after=None
[2022-10-27T07:30:21.841+0000] {logging_mixin.py:117} INFO - [2022-10-27T07:30:21.841+0000] {dag.py:3328} INFO - Setting next_dagrun for example_subdag_operator.section-2 to None, run_after=None
[2022-10-27T07:30:21.878+0000] {processor.py:178} INFO - Processing /home/airflow/.local/lib/python3.7/site-packages/airflow/example_dags/example_subdag_operator.py took 0.673 seconds
[2022-10-27T07:30:52.492+0000] {processor.py:156} INFO - Started process (PID=442) to work on /home/airflow/.local/lib/python3.7/site-packages/airflow/example_dags/example_subdag_operator.py
[2022-10-27T07:30:52.494+0000] {processor.py:758} INFO - Processing file /home/airflow/.local/lib/python3.7/site-packages/airflow/example_dags/example_subdag_operator.py for tasks to queue
[2022-10-27T07:30:52.494+0000] {logging_mixin.py:117} INFO - [2022-10-27T07:30:52.494+0000] {dagbag.py:525} INFO - Filling up the DagBag from /home/airflow/.local/lib/python3.7/site-packages/airflow/example_dags/example_subdag_operator.py
[2022-10-27T07:30:52.544+0000] {processor.py:768} INFO - DAG(s) dict_keys(['example_subdag_operator.section-1', 'example_subdag_operator.section-2', 'example_subdag_operator']) retrieved from /home/airflow/.local/lib/python3.7/site-packages/airflow/example_dags/example_subdag_operator.py
[2022-10-27T07:30:52.788+0000] {logging_mixin.py:117} INFO - [2022-10-27T07:30:52.788+0000] {dag.py:2573} INFO - Sync 3 DAGs
[2022-10-27T07:30:52.829+0000] {logging_mixin.py:117} INFO - [2022-10-27T07:30:52.828+0000] {dag.py:3328} INFO - Setting next_dagrun for example_subdag_operator to 2022-01-01T00:00:00+00:00, run_after=2022-01-01T00:00:00+00:00
[2022-10-27T07:30:52.833+0000] {logging_mixin.py:117} INFO - [2022-10-27T07:30:52.833+0000] {dag.py:3328} INFO - Setting next_dagrun for example_subdag_operator.section-1 to None, run_after=None
[2022-10-27T07:30:52.836+0000] {logging_mixin.py:117} INFO - [2022-10-27T07:30:52.835+0000] {dag.py:3328} INFO - Setting next_dagrun for example_subdag_operator.section-2 to None, run_after=None
[2022-10-27T07:30:52.847+0000] {logging_mixin.py:117} INFO - [2022-10-27T07:30:52.847+0000] {dag.py:2573} INFO - Sync 2 DAGs
[2022-10-27T07:30:52.856+0000] {logging_mixin.py:117} INFO - [2022-10-27T07:30:52.855+0000] {dag.py:3328} INFO - Setting next_dagrun for example_subdag_operator.section-1 to None, run_after=None
[2022-10-27T07:30:52.856+0000] {logging_mixin.py:117} INFO - [2022-10-27T07:30:52.856+0000] {dag.py:3328} INFO - Setting next_dagrun for example_subdag_operator.section-2 to None, run_after=None
[2022-10-27T07:30:52.875+0000] {processor.py:178} INFO - Processing /home/airflow/.local/lib/python3.7/site-packages/airflow/example_dags/example_subdag_operator.py took 0.389 seconds
[2022-10-27T07:31:22.973+0000] {processor.py:156} INFO - Started process (PID=505) to work on /home/airflow/.local/lib/python3.7/site-packages/airflow/example_dags/example_subdag_operator.py
[2022-10-27T07:31:22.975+0000] {processor.py:758} INFO - Processing file /home/airflow/.local/lib/python3.7/site-packages/airflow/example_dags/example_subdag_operator.py for tasks to queue
[2022-10-27T07:31:22.980+0000] {logging_mixin.py:117} INFO - [2022-10-27T07:31:22.979+0000] {dagbag.py:525} INFO - Filling up the DagBag from /home/airflow/.local/lib/python3.7/site-packages/airflow/example_dags/example_subdag_operator.py
[2022-10-27T07:31:23.045+0000] {processor.py:768} INFO - DAG(s) dict_keys(['example_subdag_operator.section-1', 'example_subdag_operator.section-2', 'example_subdag_operator']) retrieved from /home/airflow/.local/lib/python3.7/site-packages/airflow/example_dags/example_subdag_operator.py
[2022-10-27T07:31:23.436+0000] {logging_mixin.py:117} INFO - [2022-10-27T07:31:23.435+0000] {dag.py:2573} INFO - Sync 3 DAGs
[2022-10-27T07:31:23.512+0000] {logging_mixin.py:117} INFO - [2022-10-27T07:31:23.511+0000] {dag.py:3328} INFO - Setting next_dagrun for example_subdag_operator to 2022-01-01T00:00:00+00:00, run_after=2022-01-01T00:00:00+00:00
[2022-10-27T07:31:23.522+0000] {logging_mixin.py:117} INFO - [2022-10-27T07:31:23.522+0000] {dag.py:3328} INFO - Setting next_dagrun for example_subdag_operator.section-1 to None, run_after=None
[2022-10-27T07:31:23.525+0000] {logging_mixin.py:117} INFO - [2022-10-27T07:31:23.524+0000] {dag.py:3328} INFO - Setting next_dagrun for example_subdag_operator.section-2 to None, run_after=None
[2022-10-27T07:31:23.540+0000] {logging_mixin.py:117} INFO - [2022-10-27T07:31:23.540+0000] {dag.py:2573} INFO - Sync 2 DAGs
[2022-10-27T07:31:23.550+0000] {logging_mixin.py:117} INFO - [2022-10-27T07:31:23.550+0000] {dag.py:3328} INFO - Setting next_dagrun for example_subdag_operator.section-1 to None, run_after=None
[2022-10-27T07:31:23.550+0000] {logging_mixin.py:117} INFO - [2022-10-27T07:31:23.550+0000] {dag.py:3328} INFO - Setting next_dagrun for example_subdag_operator.section-2 to None, run_after=None
[2022-10-27T07:31:23.577+0000] {processor.py:178} INFO - Processing /home/airflow/.local/lib/python3.7/site-packages/airflow/example_dags/example_subdag_operator.py took 0.609 seconds
[2022-10-27T07:31:53.748+0000] {processor.py:156} INFO - Started process (PID=559) to work on /home/airflow/.local/lib/python3.7/site-packages/airflow/example_dags/example_subdag_operator.py
[2022-10-27T07:31:53.750+0000] {processor.py:758} INFO - Processing file /home/airflow/.local/lib/python3.7/site-packages/airflow/example_dags/example_subdag_operator.py for tasks to queue
[2022-10-27T07:31:53.751+0000] {logging_mixin.py:117} INFO - [2022-10-27T07:31:53.751+0000] {dagbag.py:525} INFO - Filling up the DagBag from /home/airflow/.local/lib/python3.7/site-packages/airflow/example_dags/example_subdag_operator.py
[2022-10-27T07:31:53.809+0000] {processor.py:768} INFO - DAG(s) dict_keys(['example_subdag_operator.section-1', 'example_subdag_operator.section-2', 'example_subdag_operator']) retrieved from /home/airflow/.local/lib/python3.7/site-packages/airflow/example_dags/example_subdag_operator.py
[2022-10-27T07:31:54.157+0000] {logging_mixin.py:117} INFO - [2022-10-27T07:31:54.156+0000] {dag.py:2573} INFO - Sync 3 DAGs
[2022-10-27T07:31:54.201+0000] {logging_mixin.py:117} INFO - [2022-10-27T07:31:54.201+0000] {dag.py:3328} INFO - Setting next_dagrun for example_subdag_operator to 2022-01-01T00:00:00+00:00, run_after=2022-01-01T00:00:00+00:00
[2022-10-27T07:31:54.209+0000] {logging_mixin.py:117} INFO - [2022-10-27T07:31:54.208+0000] {dag.py:3328} INFO - Setting next_dagrun for example_subdag_operator.section-1 to None, run_after=None
[2022-10-27T07:31:54.212+0000] {logging_mixin.py:117} INFO - [2022-10-27T07:31:54.211+0000] {dag.py:3328} INFO - Setting next_dagrun for example_subdag_operator.section-2 to None, run_after=None
[2022-10-27T07:31:54.230+0000] {logging_mixin.py:117} INFO - [2022-10-27T07:31:54.229+0000] {dag.py:2573} INFO - Sync 2 DAGs
[2022-10-27T07:31:54.241+0000] {logging_mixin.py:117} INFO - [2022-10-27T07:31:54.241+0000] {dag.py:3328} INFO - Setting next_dagrun for example_subdag_operator.section-1 to None, run_after=None
[2022-10-27T07:31:54.242+0000] {logging_mixin.py:117} INFO - [2022-10-27T07:31:54.242+0000] {dag.py:3328} INFO - Setting next_dagrun for example_subdag_operator.section-2 to None, run_after=None
[2022-10-27T07:31:54.268+0000] {processor.py:178} INFO - Processing /home/airflow/.local/lib/python3.7/site-packages/airflow/example_dags/example_subdag_operator.py took 0.525 seconds
[2022-10-27T07:32:24.729+0000] {processor.py:156} INFO - Started process (PID=622) to work on /home/airflow/.local/lib/python3.7/site-packages/airflow/example_dags/example_subdag_operator.py
[2022-10-27T07:32:24.730+0000] {processor.py:758} INFO - Processing file /home/airflow/.local/lib/python3.7/site-packages/airflow/example_dags/example_subdag_operator.py for tasks to queue
[2022-10-27T07:32:24.732+0000] {logging_mixin.py:117} INFO - [2022-10-27T07:32:24.731+0000] {dagbag.py:525} INFO - Filling up the DagBag from /home/airflow/.local/lib/python3.7/site-packages/airflow/example_dags/example_subdag_operator.py
[2022-10-27T07:32:24.815+0000] {processor.py:768} INFO - DAG(s) dict_keys(['example_subdag_operator.section-1', 'example_subdag_operator.section-2', 'example_subdag_operator']) retrieved from /home/airflow/.local/lib/python3.7/site-packages/airflow/example_dags/example_subdag_operator.py
[2022-10-27T07:32:25.261+0000] {logging_mixin.py:117} INFO - [2022-10-27T07:32:25.260+0000] {dag.py:2573} INFO - Sync 3 DAGs
[2022-10-27T07:32:25.344+0000] {logging_mixin.py:117} INFO - [2022-10-27T07:32:25.344+0000] {dag.py:3328} INFO - Setting next_dagrun for example_subdag_operator to 2022-01-01T00:00:00+00:00, run_after=2022-01-01T00:00:00+00:00
[2022-10-27T07:32:25.357+0000] {logging_mixin.py:117} INFO - [2022-10-27T07:32:25.356+0000] {dag.py:3328} INFO - Setting next_dagrun for example_subdag_operator.section-1 to None, run_after=None
[2022-10-27T07:32:25.363+0000] {logging_mixin.py:117} INFO - [2022-10-27T07:32:25.363+0000] {dag.py:3328} INFO - Setting next_dagrun for example_subdag_operator.section-2 to None, run_after=None
[2022-10-27T07:32:25.392+0000] {logging_mixin.py:117} INFO - [2022-10-27T07:32:25.392+0000] {dag.py:2573} INFO - Sync 2 DAGs
[2022-10-27T07:32:25.419+0000] {logging_mixin.py:117} INFO - [2022-10-27T07:32:25.418+0000] {dag.py:3328} INFO - Setting next_dagrun for example_subdag_operator.section-1 to None, run_after=None
[2022-10-27T07:32:25.420+0000] {logging_mixin.py:117} INFO - [2022-10-27T07:32:25.420+0000] {dag.py:3328} INFO - Setting next_dagrun for example_subdag_operator.section-2 to None, run_after=None
[2022-10-27T07:32:25.470+0000] {processor.py:178} INFO - Processing /home/airflow/.local/lib/python3.7/site-packages/airflow/example_dags/example_subdag_operator.py took 0.748 seconds
[2022-10-27T07:32:56.159+0000] {processor.py:156} INFO - Started process (PID=676) to work on /home/airflow/.local/lib/python3.7/site-packages/airflow/example_dags/example_subdag_operator.py
[2022-10-27T07:32:56.160+0000] {processor.py:758} INFO - Processing file /home/airflow/.local/lib/python3.7/site-packages/airflow/example_dags/example_subdag_operator.py for tasks to queue
[2022-10-27T07:32:56.161+0000] {logging_mixin.py:117} INFO - [2022-10-27T07:32:56.161+0000] {dagbag.py:525} INFO - Filling up the DagBag from /home/airflow/.local/lib/python3.7/site-packages/airflow/example_dags/example_subdag_operator.py
[2022-10-27T07:32:56.215+0000] {processor.py:768} INFO - DAG(s) dict_keys(['example_subdag_operator.section-1', 'example_subdag_operator.section-2', 'example_subdag_operator']) retrieved from /home/airflow/.local/lib/python3.7/site-packages/airflow/example_dags/example_subdag_operator.py
[2022-10-27T07:32:56.456+0000] {logging_mixin.py:117} INFO - [2022-10-27T07:32:56.456+0000] {dag.py:2573} INFO - Sync 3 DAGs
[2022-10-27T07:32:56.494+0000] {logging_mixin.py:117} INFO - [2022-10-27T07:32:56.494+0000] {dag.py:3328} INFO - Setting next_dagrun for example_subdag_operator to 2022-01-01T00:00:00+00:00, run_after=2022-01-01T00:00:00+00:00
[2022-10-27T07:32:56.499+0000] {logging_mixin.py:117} INFO - [2022-10-27T07:32:56.499+0000] {dag.py:3328} INFO - Setting next_dagrun for example_subdag_operator.section-1 to None, run_after=None
[2022-10-27T07:32:56.500+0000] {logging_mixin.py:117} INFO - [2022-10-27T07:32:56.500+0000] {dag.py:3328} INFO - Setting next_dagrun for example_subdag_operator.section-2 to None, run_after=None
[2022-10-27T07:32:56.511+0000] {logging_mixin.py:117} INFO - [2022-10-27T07:32:56.510+0000] {dag.py:2573} INFO - Sync 2 DAGs
[2022-10-27T07:32:56.517+0000] {logging_mixin.py:117} INFO - [2022-10-27T07:32:56.517+0000] {dag.py:3328} INFO - Setting next_dagrun for example_subdag_operator.section-1 to None, run_after=None
[2022-10-27T07:32:56.518+0000] {logging_mixin.py:117} INFO - [2022-10-27T07:32:56.518+0000] {dag.py:3328} INFO - Setting next_dagrun for example_subdag_operator.section-2 to None, run_after=None
[2022-10-27T07:32:56.533+0000] {processor.py:178} INFO - Processing /home/airflow/.local/lib/python3.7/site-packages/airflow/example_dags/example_subdag_operator.py took 0.379 seconds
