[2022-10-27T07:27:41.810+0000] {processor.py:156} INFO - Started process (PID=79) to work on /home/airflow/.local/lib/python3.7/site-packages/airflow/example_dags/example_branch_operator.py
[2022-10-27T07:27:41.812+0000] {processor.py:758} INFO - Processing file /home/airflow/.local/lib/python3.7/site-packages/airflow/example_dags/example_branch_operator.py for tasks to queue
[2022-10-27T07:27:41.813+0000] {logging_mixin.py:117} INFO - [2022-10-27T07:27:41.813+0000] {dagbag.py:525} INFO - Filling up the DagBag from /home/airflow/.local/lib/python3.7/site-packages/airflow/example_dags/example_branch_operator.py
[2022-10-27T07:27:41.873+0000] {processor.py:768} INFO - DAG(s) dict_keys(['example_branch_operator']) retrieved from /home/airflow/.local/lib/python3.7/site-packages/airflow/example_dags/example_branch_operator.py
[2022-10-27T07:27:42.304+0000] {logging_mixin.py:117} INFO - [2022-10-27T07:27:42.304+0000] {dag.py:2573} INFO - Sync 1 DAGs
[2022-10-27T07:27:42.365+0000] {logging_mixin.py:117} INFO - [2022-10-27T07:27:42.364+0000] {dag.py:3328} INFO - Setting next_dagrun for example_branch_operator to 2022-10-26T00:00:00+00:00, run_after=2022-10-27T00:00:00+00:00
[2022-10-27T07:27:42.415+0000] {processor.py:178} INFO - Processing /home/airflow/.local/lib/python3.7/site-packages/airflow/example_dags/example_branch_operator.py took 0.616 seconds
[2022-10-27T07:28:12.895+0000] {processor.py:156} INFO - Started process (PID=133) to work on /home/airflow/.local/lib/python3.7/site-packages/airflow/example_dags/example_branch_operator.py
[2022-10-27T07:28:12.896+0000] {processor.py:758} INFO - Processing file /home/airflow/.local/lib/python3.7/site-packages/airflow/example_dags/example_branch_operator.py for tasks to queue
[2022-10-27T07:28:12.897+0000] {logging_mixin.py:117} INFO - [2022-10-27T07:28:12.897+0000] {dagbag.py:525} INFO - Filling up the DagBag from /home/airflow/.local/lib/python3.7/site-packages/airflow/example_dags/example_branch_operator.py
[2022-10-27T07:28:12.919+0000] {processor.py:768} INFO - DAG(s) dict_keys(['example_branch_operator']) retrieved from /home/airflow/.local/lib/python3.7/site-packages/airflow/example_dags/example_branch_operator.py
[2022-10-27T07:28:13.105+0000] {logging_mixin.py:117} INFO - [2022-10-27T07:28:13.105+0000] {dag.py:2573} INFO - Sync 1 DAGs
[2022-10-27T07:28:13.136+0000] {logging_mixin.py:117} INFO - [2022-10-27T07:28:13.135+0000] {dag.py:3328} INFO - Setting next_dagrun for example_branch_operator to 2022-10-26T00:00:00+00:00, run_after=2022-10-27T00:00:00+00:00
[2022-10-27T07:28:13.161+0000] {processor.py:178} INFO - Processing /home/airflow/.local/lib/python3.7/site-packages/airflow/example_dags/example_branch_operator.py took 0.269 seconds
[2022-10-27T07:28:43.659+0000] {processor.py:156} INFO - Started process (PID=197) to work on /home/airflow/.local/lib/python3.7/site-packages/airflow/example_dags/example_branch_operator.py
[2022-10-27T07:28:43.661+0000] {processor.py:758} INFO - Processing file /home/airflow/.local/lib/python3.7/site-packages/airflow/example_dags/example_branch_operator.py for tasks to queue
[2022-10-27T07:28:43.661+0000] {logging_mixin.py:117} INFO - [2022-10-27T07:28:43.661+0000] {dagbag.py:525} INFO - Filling up the DagBag from /home/airflow/.local/lib/python3.7/site-packages/airflow/example_dags/example_branch_operator.py
[2022-10-27T07:28:43.867+0000] {processor.py:768} INFO - DAG(s) dict_keys(['example_branch_operator']) retrieved from /home/airflow/.local/lib/python3.7/site-packages/airflow/example_dags/example_branch_operator.py
[2022-10-27T07:28:43.918+0000] {logging_mixin.py:117} INFO - [2022-10-27T07:28:43.918+0000] {dag.py:2573} INFO - Sync 1 DAGs
[2022-10-27T07:28:43.966+0000] {logging_mixin.py:117} INFO - [2022-10-27T07:28:43.966+0000] {dag.py:3328} INFO - Setting next_dagrun for example_branch_operator to 2022-10-26T00:00:00+00:00, run_after=2022-10-27T00:00:00+00:00
[2022-10-27T07:28:43.999+0000] {processor.py:178} INFO - Processing /home/airflow/.local/lib/python3.7/site-packages/airflow/example_dags/example_branch_operator.py took 0.344 seconds
[2022-10-27T07:29:14.613+0000] {processor.py:156} INFO - Started process (PID=251) to work on /home/airflow/.local/lib/python3.7/site-packages/airflow/example_dags/example_branch_operator.py
[2022-10-27T07:29:14.614+0000] {processor.py:758} INFO - Processing file /home/airflow/.local/lib/python3.7/site-packages/airflow/example_dags/example_branch_operator.py for tasks to queue
[2022-10-27T07:29:14.615+0000] {logging_mixin.py:117} INFO - [2022-10-27T07:29:14.615+0000] {dagbag.py:525} INFO - Filling up the DagBag from /home/airflow/.local/lib/python3.7/site-packages/airflow/example_dags/example_branch_operator.py
[2022-10-27T07:29:14.640+0000] {processor.py:768} INFO - DAG(s) dict_keys(['example_branch_operator']) retrieved from /home/airflow/.local/lib/python3.7/site-packages/airflow/example_dags/example_branch_operator.py
[2022-10-27T07:29:14.696+0000] {logging_mixin.py:117} INFO - [2022-10-27T07:29:14.696+0000] {dag.py:2573} INFO - Sync 1 DAGs
[2022-10-27T07:29:14.732+0000] {logging_mixin.py:117} INFO - [2022-10-27T07:29:14.731+0000] {dag.py:3328} INFO - Setting next_dagrun for example_branch_operator to 2022-10-26T00:00:00+00:00, run_after=2022-10-27T00:00:00+00:00
[2022-10-27T07:29:14.760+0000] {processor.py:178} INFO - Processing /home/airflow/.local/lib/python3.7/site-packages/airflow/example_dags/example_branch_operator.py took 0.152 seconds
[2022-10-27T07:29:45.087+0000] {processor.py:156} INFO - Started process (PID=314) to work on /home/airflow/.local/lib/python3.7/site-packages/airflow/example_dags/example_branch_operator.py
[2022-10-27T07:29:45.089+0000] {processor.py:758} INFO - Processing file /home/airflow/.local/lib/python3.7/site-packages/airflow/example_dags/example_branch_operator.py for tasks to queue
[2022-10-27T07:29:45.090+0000] {logging_mixin.py:117} INFO - [2022-10-27T07:29:45.090+0000] {dagbag.py:525} INFO - Filling up the DagBag from /home/airflow/.local/lib/python3.7/site-packages/airflow/example_dags/example_branch_operator.py
[2022-10-27T07:29:45.131+0000] {processor.py:768} INFO - DAG(s) dict_keys(['example_branch_operator']) retrieved from /home/airflow/.local/lib/python3.7/site-packages/airflow/example_dags/example_branch_operator.py
[2022-10-27T07:29:45.229+0000] {logging_mixin.py:117} INFO - [2022-10-27T07:29:45.228+0000] {dag.py:2573} INFO - Sync 1 DAGs
[2022-10-27T07:29:45.288+0000] {logging_mixin.py:117} INFO - [2022-10-27T07:29:45.288+0000] {dag.py:3328} INFO - Setting next_dagrun for example_branch_operator to 2022-10-26T00:00:00+00:00, run_after=2022-10-27T00:00:00+00:00
[2022-10-27T07:29:45.331+0000] {processor.py:178} INFO - Processing /home/airflow/.local/lib/python3.7/site-packages/airflow/example_dags/example_branch_operator.py took 0.251 seconds
[2022-10-27T07:30:15.965+0000] {processor.py:156} INFO - Started process (PID=368) to work on /home/airflow/.local/lib/python3.7/site-packages/airflow/example_dags/example_branch_operator.py
[2022-10-27T07:30:15.966+0000] {processor.py:758} INFO - Processing file /home/airflow/.local/lib/python3.7/site-packages/airflow/example_dags/example_branch_operator.py for tasks to queue
[2022-10-27T07:30:15.967+0000] {logging_mixin.py:117} INFO - [2022-10-27T07:30:15.967+0000] {dagbag.py:525} INFO - Filling up the DagBag from /home/airflow/.local/lib/python3.7/site-packages/airflow/example_dags/example_branch_operator.py
[2022-10-27T07:30:15.993+0000] {processor.py:768} INFO - DAG(s) dict_keys(['example_branch_operator']) retrieved from /home/airflow/.local/lib/python3.7/site-packages/airflow/example_dags/example_branch_operator.py
[2022-10-27T07:30:16.048+0000] {logging_mixin.py:117} INFO - [2022-10-27T07:30:16.048+0000] {dag.py:2573} INFO - Sync 1 DAGs
[2022-10-27T07:30:16.087+0000] {logging_mixin.py:117} INFO - [2022-10-27T07:30:16.086+0000] {dag.py:3328} INFO - Setting next_dagrun for example_branch_operator to 2022-10-26T00:00:00+00:00, run_after=2022-10-27T00:00:00+00:00
[2022-10-27T07:30:16.113+0000] {processor.py:178} INFO - Processing /home/airflow/.local/lib/python3.7/site-packages/airflow/example_dags/example_branch_operator.py took 0.154 seconds
[2022-10-27T07:30:46.828+0000] {processor.py:156} INFO - Started process (PID=431) to work on /home/airflow/.local/lib/python3.7/site-packages/airflow/example_dags/example_branch_operator.py
[2022-10-27T07:30:46.829+0000] {processor.py:758} INFO - Processing file /home/airflow/.local/lib/python3.7/site-packages/airflow/example_dags/example_branch_operator.py for tasks to queue
[2022-10-27T07:30:46.830+0000] {logging_mixin.py:117} INFO - [2022-10-27T07:30:46.830+0000] {dagbag.py:525} INFO - Filling up the DagBag from /home/airflow/.local/lib/python3.7/site-packages/airflow/example_dags/example_branch_operator.py
[2022-10-27T07:30:46.860+0000] {processor.py:768} INFO - DAG(s) dict_keys(['example_branch_operator']) retrieved from /home/airflow/.local/lib/python3.7/site-packages/airflow/example_dags/example_branch_operator.py
[2022-10-27T07:30:46.934+0000] {logging_mixin.py:117} INFO - [2022-10-27T07:30:46.933+0000] {dag.py:2573} INFO - Sync 1 DAGs
[2022-10-27T07:30:47.011+0000] {logging_mixin.py:117} INFO - [2022-10-27T07:30:47.011+0000] {dag.py:3328} INFO - Setting next_dagrun for example_branch_operator to 2022-10-26T00:00:00+00:00, run_after=2022-10-27T00:00:00+00:00
[2022-10-27T07:30:47.052+0000] {processor.py:178} INFO - Processing /home/airflow/.local/lib/python3.7/site-packages/airflow/example_dags/example_branch_operator.py took 0.231 seconds
[2022-10-27T07:31:17.271+0000] {processor.py:156} INFO - Started process (PID=485) to work on /home/airflow/.local/lib/python3.7/site-packages/airflow/example_dags/example_branch_operator.py
[2022-10-27T07:31:17.273+0000] {processor.py:758} INFO - Processing file /home/airflow/.local/lib/python3.7/site-packages/airflow/example_dags/example_branch_operator.py for tasks to queue
[2022-10-27T07:31:17.273+0000] {logging_mixin.py:117} INFO - [2022-10-27T07:31:17.273+0000] {dagbag.py:525} INFO - Filling up the DagBag from /home/airflow/.local/lib/python3.7/site-packages/airflow/example_dags/example_branch_operator.py
[2022-10-27T07:31:17.297+0000] {processor.py:768} INFO - DAG(s) dict_keys(['example_branch_operator']) retrieved from /home/airflow/.local/lib/python3.7/site-packages/airflow/example_dags/example_branch_operator.py
[2022-10-27T07:31:17.353+0000] {logging_mixin.py:117} INFO - [2022-10-27T07:31:17.353+0000] {dag.py:2573} INFO - Sync 1 DAGs
[2022-10-27T07:31:17.397+0000] {logging_mixin.py:117} INFO - [2022-10-27T07:31:17.397+0000] {dag.py:3328} INFO - Setting next_dagrun for example_branch_operator to 2022-10-26T00:00:00+00:00, run_after=2022-10-27T00:00:00+00:00
[2022-10-27T07:31:17.438+0000] {processor.py:178} INFO - Processing /home/airflow/.local/lib/python3.7/site-packages/airflow/example_dags/example_branch_operator.py took 0.171 seconds
[2022-10-27T07:31:48.109+0000] {processor.py:156} INFO - Started process (PID=548) to work on /home/airflow/.local/lib/python3.7/site-packages/airflow/example_dags/example_branch_operator.py
[2022-10-27T07:31:48.112+0000] {processor.py:758} INFO - Processing file /home/airflow/.local/lib/python3.7/site-packages/airflow/example_dags/example_branch_operator.py for tasks to queue
[2022-10-27T07:31:48.113+0000] {logging_mixin.py:117} INFO - [2022-10-27T07:31:48.113+0000] {dagbag.py:525} INFO - Filling up the DagBag from /home/airflow/.local/lib/python3.7/site-packages/airflow/example_dags/example_branch_operator.py
[2022-10-27T07:31:48.157+0000] {processor.py:768} INFO - DAG(s) dict_keys(['example_branch_operator']) retrieved from /home/airflow/.local/lib/python3.7/site-packages/airflow/example_dags/example_branch_operator.py
[2022-10-27T07:31:48.235+0000] {logging_mixin.py:117} INFO - [2022-10-27T07:31:48.234+0000] {dag.py:2573} INFO - Sync 1 DAGs
[2022-10-27T07:31:48.301+0000] {logging_mixin.py:117} INFO - [2022-10-27T07:31:48.301+0000] {dag.py:3328} INFO - Setting next_dagrun for example_branch_operator to 2022-10-26T00:00:00+00:00, run_after=2022-10-27T00:00:00+00:00
[2022-10-27T07:31:48.352+0000] {processor.py:178} INFO - Processing /home/airflow/.local/lib/python3.7/site-packages/airflow/example_dags/example_branch_operator.py took 0.250 seconds
[2022-10-27T07:32:18.478+0000] {processor.py:156} INFO - Started process (PID=602) to work on /home/airflow/.local/lib/python3.7/site-packages/airflow/example_dags/example_branch_operator.py
[2022-10-27T07:32:18.479+0000] {processor.py:758} INFO - Processing file /home/airflow/.local/lib/python3.7/site-packages/airflow/example_dags/example_branch_operator.py for tasks to queue
[2022-10-27T07:32:18.480+0000] {logging_mixin.py:117} INFO - [2022-10-27T07:32:18.480+0000] {dagbag.py:525} INFO - Filling up the DagBag from /home/airflow/.local/lib/python3.7/site-packages/airflow/example_dags/example_branch_operator.py
[2022-10-27T07:32:18.508+0000] {processor.py:768} INFO - DAG(s) dict_keys(['example_branch_operator']) retrieved from /home/airflow/.local/lib/python3.7/site-packages/airflow/example_dags/example_branch_operator.py
[2022-10-27T07:32:18.572+0000] {logging_mixin.py:117} INFO - [2022-10-27T07:32:18.572+0000] {dag.py:2573} INFO - Sync 1 DAGs
[2022-10-27T07:32:18.614+0000] {logging_mixin.py:117} INFO - [2022-10-27T07:32:18.614+0000] {dag.py:3328} INFO - Setting next_dagrun for example_branch_operator to 2022-10-26T00:00:00+00:00, run_after=2022-10-27T00:00:00+00:00
[2022-10-27T07:32:18.649+0000] {processor.py:178} INFO - Processing /home/airflow/.local/lib/python3.7/site-packages/airflow/example_dags/example_branch_operator.py took 0.177 seconds
[2022-10-27T07:32:49.023+0000] {processor.py:156} INFO - Started process (PID=656) to work on /home/airflow/.local/lib/python3.7/site-packages/airflow/example_dags/example_branch_operator.py
[2022-10-27T07:32:49.024+0000] {processor.py:758} INFO - Processing file /home/airflow/.local/lib/python3.7/site-packages/airflow/example_dags/example_branch_operator.py for tasks to queue
[2022-10-27T07:32:49.026+0000] {logging_mixin.py:117} INFO - [2022-10-27T07:32:49.025+0000] {dagbag.py:525} INFO - Filling up the DagBag from /home/airflow/.local/lib/python3.7/site-packages/airflow/example_dags/example_branch_operator.py
[2022-10-27T07:32:49.056+0000] {processor.py:768} INFO - DAG(s) dict_keys(['example_branch_operator']) retrieved from /home/airflow/.local/lib/python3.7/site-packages/airflow/example_dags/example_branch_operator.py
[2022-10-27T07:32:49.104+0000] {logging_mixin.py:117} INFO - [2022-10-27T07:32:49.104+0000] {dag.py:2573} INFO - Sync 1 DAGs
[2022-10-27T07:32:49.138+0000] {logging_mixin.py:117} INFO - [2022-10-27T07:32:49.138+0000] {dag.py:3328} INFO - Setting next_dagrun for example_branch_operator to 2022-10-26T00:00:00+00:00, run_after=2022-10-27T00:00:00+00:00
[2022-10-27T07:32:49.159+0000] {processor.py:178} INFO - Processing /home/airflow/.local/lib/python3.7/site-packages/airflow/example_dags/example_branch_operator.py took 0.149 seconds
