[2022-10-27T07:27:31.249+0000] {processor.py:156} INFO - Started process (PID=61) to work on /home/airflow/.local/lib/python3.7/site-packages/airflow/example_dags/example_skip_dag.py
[2022-10-27T07:27:31.251+0000] {processor.py:758} INFO - Processing file /home/airflow/.local/lib/python3.7/site-packages/airflow/example_dags/example_skip_dag.py for tasks to queue
[2022-10-27T07:27:31.254+0000] {logging_mixin.py:117} INFO - [2022-10-27T07:27:31.254+0000] {dagbag.py:525} INFO - Filling up the DagBag from /home/airflow/.local/lib/python3.7/site-packages/airflow/example_dags/example_skip_dag.py
[2022-10-27T07:27:31.327+0000] {processor.py:768} INFO - DAG(s) dict_keys(['example_skip_dag']) retrieved from /home/airflow/.local/lib/python3.7/site-packages/airflow/example_dags/example_skip_dag.py
[2022-10-27T07:27:32.196+0000] {logging_mixin.py:117} INFO - [2022-10-27T07:27:32.195+0000] {dag.py:2573} INFO - Sync 1 DAGs
[2022-10-27T07:27:32.250+0000] {logging_mixin.py:117} INFO - [2022-10-27T07:27:32.250+0000] {dag.py:3328} INFO - Setting next_dagrun for example_skip_dag to 2022-10-26T07:27:32.249631+00:00, run_after=2022-10-27T07:27:32.249631+00:00
[2022-10-27T07:27:32.319+0000] {processor.py:178} INFO - Processing /home/airflow/.local/lib/python3.7/site-packages/airflow/example_dags/example_skip_dag.py took 1.076 seconds
[2022-10-27T07:28:02.476+0000] {processor.py:156} INFO - Started process (PID=115) to work on /home/airflow/.local/lib/python3.7/site-packages/airflow/example_dags/example_skip_dag.py
[2022-10-27T07:28:02.477+0000] {processor.py:758} INFO - Processing file /home/airflow/.local/lib/python3.7/site-packages/airflow/example_dags/example_skip_dag.py for tasks to queue
[2022-10-27T07:28:02.477+0000] {logging_mixin.py:117} INFO - [2022-10-27T07:28:02.477+0000] {dagbag.py:525} INFO - Filling up the DagBag from /home/airflow/.local/lib/python3.7/site-packages/airflow/example_dags/example_skip_dag.py
[2022-10-27T07:28:02.494+0000] {processor.py:768} INFO - DAG(s) dict_keys(['example_skip_dag']) retrieved from /home/airflow/.local/lib/python3.7/site-packages/airflow/example_dags/example_skip_dag.py
[2022-10-27T07:28:02.681+0000] {logging_mixin.py:117} INFO - [2022-10-27T07:28:02.681+0000] {dag.py:2573} INFO - Sync 1 DAGs
[2022-10-27T07:28:02.707+0000] {logging_mixin.py:117} INFO - [2022-10-27T07:28:02.707+0000] {dag.py:3328} INFO - Setting next_dagrun for example_skip_dag to 2022-10-26T07:28:02.707538+00:00, run_after=2022-10-27T07:28:02.707538+00:00
[2022-10-27T07:28:02.728+0000] {processor.py:178} INFO - Processing /home/airflow/.local/lib/python3.7/site-packages/airflow/example_dags/example_skip_dag.py took 0.256 seconds
[2022-10-27T07:28:33.323+0000] {processor.py:156} INFO - Started process (PID=179) to work on /home/airflow/.local/lib/python3.7/site-packages/airflow/example_dags/example_skip_dag.py
[2022-10-27T07:28:33.324+0000] {processor.py:758} INFO - Processing file /home/airflow/.local/lib/python3.7/site-packages/airflow/example_dags/example_skip_dag.py for tasks to queue
[2022-10-27T07:28:33.325+0000] {logging_mixin.py:117} INFO - [2022-10-27T07:28:33.325+0000] {dagbag.py:525} INFO - Filling up the DagBag from /home/airflow/.local/lib/python3.7/site-packages/airflow/example_dags/example_skip_dag.py
[2022-10-27T07:28:33.495+0000] {processor.py:768} INFO - DAG(s) dict_keys(['example_skip_dag']) retrieved from /home/airflow/.local/lib/python3.7/site-packages/airflow/example_dags/example_skip_dag.py
[2022-10-27T07:28:33.534+0000] {logging_mixin.py:117} INFO - [2022-10-27T07:28:33.534+0000] {dag.py:2573} INFO - Sync 1 DAGs
[2022-10-27T07:28:33.562+0000] {logging_mixin.py:117} INFO - [2022-10-27T07:28:33.562+0000] {dag.py:3328} INFO - Setting next_dagrun for example_skip_dag to 2022-10-26T07:28:33.562387+00:00, run_after=2022-10-27T07:28:33.562387+00:00
[2022-10-27T07:28:33.584+0000] {processor.py:178} INFO - Processing /home/airflow/.local/lib/python3.7/site-packages/airflow/example_dags/example_skip_dag.py took 0.265 seconds
[2022-10-27T07:29:03.678+0000] {processor.py:156} INFO - Started process (PID=233) to work on /home/airflow/.local/lib/python3.7/site-packages/airflow/example_dags/example_skip_dag.py
[2022-10-27T07:29:03.679+0000] {processor.py:758} INFO - Processing file /home/airflow/.local/lib/python3.7/site-packages/airflow/example_dags/example_skip_dag.py for tasks to queue
[2022-10-27T07:29:03.680+0000] {logging_mixin.py:117} INFO - [2022-10-27T07:29:03.680+0000] {dagbag.py:525} INFO - Filling up the DagBag from /home/airflow/.local/lib/python3.7/site-packages/airflow/example_dags/example_skip_dag.py
[2022-10-27T07:29:03.697+0000] {processor.py:768} INFO - DAG(s) dict_keys(['example_skip_dag']) retrieved from /home/airflow/.local/lib/python3.7/site-packages/airflow/example_dags/example_skip_dag.py
[2022-10-27T07:29:03.743+0000] {logging_mixin.py:117} INFO - [2022-10-27T07:29:03.743+0000] {dag.py:2573} INFO - Sync 1 DAGs
[2022-10-27T07:29:03.776+0000] {logging_mixin.py:117} INFO - [2022-10-27T07:29:03.776+0000] {dag.py:3328} INFO - Setting next_dagrun for example_skip_dag to 2022-10-26T07:29:03.775925+00:00, run_after=2022-10-27T07:29:03.775925+00:00
[2022-10-27T07:29:03.805+0000] {processor.py:178} INFO - Processing /home/airflow/.local/lib/python3.7/site-packages/airflow/example_dags/example_skip_dag.py took 0.131 seconds
[2022-10-27T07:29:34.298+0000] {processor.py:156} INFO - Started process (PID=296) to work on /home/airflow/.local/lib/python3.7/site-packages/airflow/example_dags/example_skip_dag.py
[2022-10-27T07:29:34.301+0000] {processor.py:758} INFO - Processing file /home/airflow/.local/lib/python3.7/site-packages/airflow/example_dags/example_skip_dag.py for tasks to queue
[2022-10-27T07:29:34.303+0000] {logging_mixin.py:117} INFO - [2022-10-27T07:29:34.302+0000] {dagbag.py:525} INFO - Filling up the DagBag from /home/airflow/.local/lib/python3.7/site-packages/airflow/example_dags/example_skip_dag.py
[2022-10-27T07:29:34.327+0000] {processor.py:768} INFO - DAG(s) dict_keys(['example_skip_dag']) retrieved from /home/airflow/.local/lib/python3.7/site-packages/airflow/example_dags/example_skip_dag.py
[2022-10-27T07:29:34.394+0000] {logging_mixin.py:117} INFO - [2022-10-27T07:29:34.393+0000] {dag.py:2573} INFO - Sync 1 DAGs
[2022-10-27T07:29:34.433+0000] {logging_mixin.py:117} INFO - [2022-10-27T07:29:34.433+0000] {dag.py:3328} INFO - Setting next_dagrun for example_skip_dag to 2022-10-26T07:29:34.432517+00:00, run_after=2022-10-27T07:29:34.432517+00:00
[2022-10-27T07:29:34.460+0000] {processor.py:178} INFO - Processing /home/airflow/.local/lib/python3.7/site-packages/airflow/example_dags/example_skip_dag.py took 0.169 seconds
[2022-10-27T07:30:05.188+0000] {processor.py:156} INFO - Started process (PID=350) to work on /home/airflow/.local/lib/python3.7/site-packages/airflow/example_dags/example_skip_dag.py
[2022-10-27T07:30:05.189+0000] {processor.py:758} INFO - Processing file /home/airflow/.local/lib/python3.7/site-packages/airflow/example_dags/example_skip_dag.py for tasks to queue
[2022-10-27T07:30:05.190+0000] {logging_mixin.py:117} INFO - [2022-10-27T07:30:05.190+0000] {dagbag.py:525} INFO - Filling up the DagBag from /home/airflow/.local/lib/python3.7/site-packages/airflow/example_dags/example_skip_dag.py
[2022-10-27T07:30:05.222+0000] {processor.py:768} INFO - DAG(s) dict_keys(['example_skip_dag']) retrieved from /home/airflow/.local/lib/python3.7/site-packages/airflow/example_dags/example_skip_dag.py
[2022-10-27T07:30:05.316+0000] {logging_mixin.py:117} INFO - [2022-10-27T07:30:05.316+0000] {dag.py:2573} INFO - Sync 1 DAGs
[2022-10-27T07:30:05.364+0000] {logging_mixin.py:117} INFO - [2022-10-27T07:30:05.363+0000] {dag.py:3328} INFO - Setting next_dagrun for example_skip_dag to 2022-10-26T07:30:05.363435+00:00, run_after=2022-10-27T07:30:05.363435+00:00
[2022-10-27T07:30:05.402+0000] {processor.py:178} INFO - Processing /home/airflow/.local/lib/python3.7/site-packages/airflow/example_dags/example_skip_dag.py took 0.220 seconds
[2022-10-27T07:30:36.006+0000] {processor.py:156} INFO - Started process (PID=413) to work on /home/airflow/.local/lib/python3.7/site-packages/airflow/example_dags/example_skip_dag.py
[2022-10-27T07:30:36.008+0000] {processor.py:758} INFO - Processing file /home/airflow/.local/lib/python3.7/site-packages/airflow/example_dags/example_skip_dag.py for tasks to queue
[2022-10-27T07:30:36.010+0000] {logging_mixin.py:117} INFO - [2022-10-27T07:30:36.009+0000] {dagbag.py:525} INFO - Filling up the DagBag from /home/airflow/.local/lib/python3.7/site-packages/airflow/example_dags/example_skip_dag.py
[2022-10-27T07:30:36.038+0000] {processor.py:768} INFO - DAG(s) dict_keys(['example_skip_dag']) retrieved from /home/airflow/.local/lib/python3.7/site-packages/airflow/example_dags/example_skip_dag.py
[2022-10-27T07:30:36.106+0000] {logging_mixin.py:117} INFO - [2022-10-27T07:30:36.106+0000] {dag.py:2573} INFO - Sync 1 DAGs
[2022-10-27T07:30:36.151+0000] {logging_mixin.py:117} INFO - [2022-10-27T07:30:36.151+0000] {dag.py:3328} INFO - Setting next_dagrun for example_skip_dag to 2022-10-26T07:30:36.150778+00:00, run_after=2022-10-27T07:30:36.150778+00:00
[2022-10-27T07:30:36.193+0000] {processor.py:178} INFO - Processing /home/airflow/.local/lib/python3.7/site-packages/airflow/example_dags/example_skip_dag.py took 0.194 seconds
[2022-10-27T07:31:06.434+0000] {processor.py:156} INFO - Started process (PID=467) to work on /home/airflow/.local/lib/python3.7/site-packages/airflow/example_dags/example_skip_dag.py
[2022-10-27T07:31:06.435+0000] {processor.py:758} INFO - Processing file /home/airflow/.local/lib/python3.7/site-packages/airflow/example_dags/example_skip_dag.py for tasks to queue
[2022-10-27T07:31:06.437+0000] {logging_mixin.py:117} INFO - [2022-10-27T07:31:06.436+0000] {dagbag.py:525} INFO - Filling up the DagBag from /home/airflow/.local/lib/python3.7/site-packages/airflow/example_dags/example_skip_dag.py
[2022-10-27T07:31:06.460+0000] {processor.py:768} INFO - DAG(s) dict_keys(['example_skip_dag']) retrieved from /home/airflow/.local/lib/python3.7/site-packages/airflow/example_dags/example_skip_dag.py
[2022-10-27T07:31:06.513+0000] {logging_mixin.py:117} INFO - [2022-10-27T07:31:06.513+0000] {dag.py:2573} INFO - Sync 1 DAGs
[2022-10-27T07:31:06.555+0000] {logging_mixin.py:117} INFO - [2022-10-27T07:31:06.555+0000] {dag.py:3328} INFO - Setting next_dagrun for example_skip_dag to 2022-10-26T07:31:06.555171+00:00, run_after=2022-10-27T07:31:06.555171+00:00
[2022-10-27T07:31:06.586+0000] {processor.py:178} INFO - Processing /home/airflow/.local/lib/python3.7/site-packages/airflow/example_dags/example_skip_dag.py took 0.158 seconds
[2022-10-27T07:31:37.368+0000] {processor.py:156} INFO - Started process (PID=530) to work on /home/airflow/.local/lib/python3.7/site-packages/airflow/example_dags/example_skip_dag.py
[2022-10-27T07:31:37.371+0000] {processor.py:758} INFO - Processing file /home/airflow/.local/lib/python3.7/site-packages/airflow/example_dags/example_skip_dag.py for tasks to queue
[2022-10-27T07:31:37.373+0000] {logging_mixin.py:117} INFO - [2022-10-27T07:31:37.373+0000] {dagbag.py:525} INFO - Filling up the DagBag from /home/airflow/.local/lib/python3.7/site-packages/airflow/example_dags/example_skip_dag.py
[2022-10-27T07:31:37.398+0000] {processor.py:768} INFO - DAG(s) dict_keys(['example_skip_dag']) retrieved from /home/airflow/.local/lib/python3.7/site-packages/airflow/example_dags/example_skip_dag.py
[2022-10-27T07:31:37.465+0000] {logging_mixin.py:117} INFO - [2022-10-27T07:31:37.465+0000] {dag.py:2573} INFO - Sync 1 DAGs
[2022-10-27T07:31:37.509+0000] {logging_mixin.py:117} INFO - [2022-10-27T07:31:37.509+0000] {dag.py:3328} INFO - Setting next_dagrun for example_skip_dag to 2022-10-26T07:31:37.509212+00:00, run_after=2022-10-27T07:31:37.509212+00:00
[2022-10-27T07:31:37.542+0000] {processor.py:178} INFO - Processing /home/airflow/.local/lib/python3.7/site-packages/airflow/example_dags/example_skip_dag.py took 0.182 seconds
[2022-10-27T07:32:07.589+0000] {processor.py:156} INFO - Started process (PID=584) to work on /home/airflow/.local/lib/python3.7/site-packages/airflow/example_dags/example_skip_dag.py
[2022-10-27T07:32:07.591+0000] {processor.py:758} INFO - Processing file /home/airflow/.local/lib/python3.7/site-packages/airflow/example_dags/example_skip_dag.py for tasks to queue
[2022-10-27T07:32:07.591+0000] {logging_mixin.py:117} INFO - [2022-10-27T07:32:07.591+0000] {dagbag.py:525} INFO - Filling up the DagBag from /home/airflow/.local/lib/python3.7/site-packages/airflow/example_dags/example_skip_dag.py
[2022-10-27T07:32:07.609+0000] {processor.py:768} INFO - DAG(s) dict_keys(['example_skip_dag']) retrieved from /home/airflow/.local/lib/python3.7/site-packages/airflow/example_dags/example_skip_dag.py
[2022-10-27T07:32:07.668+0000] {logging_mixin.py:117} INFO - [2022-10-27T07:32:07.668+0000] {dag.py:2573} INFO - Sync 1 DAGs
[2022-10-27T07:32:07.704+0000] {logging_mixin.py:117} INFO - [2022-10-27T07:32:07.704+0000] {dag.py:3328} INFO - Setting next_dagrun for example_skip_dag to 2022-10-26T07:32:07.703830+00:00, run_after=2022-10-27T07:32:07.703830+00:00
[2022-10-27T07:32:07.735+0000] {processor.py:178} INFO - Processing /home/airflow/.local/lib/python3.7/site-packages/airflow/example_dags/example_skip_dag.py took 0.151 seconds
[2022-10-27T07:32:39.066+0000] {processor.py:156} INFO - Started process (PID=647) to work on /home/airflow/.local/lib/python3.7/site-packages/airflow/example_dags/example_skip_dag.py
[2022-10-27T07:32:39.069+0000] {processor.py:758} INFO - Processing file /home/airflow/.local/lib/python3.7/site-packages/airflow/example_dags/example_skip_dag.py for tasks to queue
[2022-10-27T07:32:39.071+0000] {logging_mixin.py:117} INFO - [2022-10-27T07:32:39.071+0000] {dagbag.py:525} INFO - Filling up the DagBag from /home/airflow/.local/lib/python3.7/site-packages/airflow/example_dags/example_skip_dag.py
[2022-10-27T07:32:39.122+0000] {processor.py:768} INFO - DAG(s) dict_keys(['example_skip_dag']) retrieved from /home/airflow/.local/lib/python3.7/site-packages/airflow/example_dags/example_skip_dag.py
[2022-10-27T07:32:39.243+0000] {logging_mixin.py:117} INFO - [2022-10-27T07:32:39.243+0000] {dag.py:2573} INFO - Sync 1 DAGs
[2022-10-27T07:32:39.309+0000] {logging_mixin.py:117} INFO - [2022-10-27T07:32:39.309+0000] {dag.py:3328} INFO - Setting next_dagrun for example_skip_dag to 2022-10-26T07:32:39.308883+00:00, run_after=2022-10-27T07:32:39.308883+00:00
[2022-10-27T07:32:39.360+0000] {processor.py:178} INFO - Processing /home/airflow/.local/lib/python3.7/site-packages/airflow/example_dags/example_skip_dag.py took 0.310 seconds
