[2022-10-27T07:27:45.471+0000] {processor.py:156} INFO - Started process (PID=89) to work on /home/airflow/.local/lib/python3.7/site-packages/airflow/example_dags/example_trigger_target_dag.py
[2022-10-27T07:27:45.474+0000] {processor.py:758} INFO - Processing file /home/airflow/.local/lib/python3.7/site-packages/airflow/example_dags/example_trigger_target_dag.py for tasks to queue
[2022-10-27T07:27:45.476+0000] {logging_mixin.py:117} INFO - [2022-10-27T07:27:45.476+0000] {dagbag.py:525} INFO - Filling up the DagBag from /home/airflow/.local/lib/python3.7/site-packages/airflow/example_dags/example_trigger_target_dag.py
[2022-10-27T07:27:45.548+0000] {processor.py:768} INFO - DAG(s) dict_keys(['example_trigger_target_dag']) retrieved from /home/airflow/.local/lib/python3.7/site-packages/airflow/example_dags/example_trigger_target_dag.py
[2022-10-27T07:27:45.941+0000] {logging_mixin.py:117} INFO - [2022-10-27T07:27:45.941+0000] {dag.py:2573} INFO - Sync 1 DAGs
[2022-10-27T07:27:45.979+0000] {logging_mixin.py:117} INFO - [2022-10-27T07:27:45.978+0000] {dag.py:3328} INFO - Setting next_dagrun for example_trigger_target_dag to None, run_after=None
[2022-10-27T07:27:46.017+0000] {processor.py:178} INFO - Processing /home/airflow/.local/lib/python3.7/site-packages/airflow/example_dags/example_trigger_target_dag.py took 0.554 seconds
[2022-10-27T07:28:16.464+0000] {processor.py:156} INFO - Started process (PID=150) to work on /home/airflow/.local/lib/python3.7/site-packages/airflow/example_dags/example_trigger_target_dag.py
[2022-10-27T07:28:16.465+0000] {processor.py:758} INFO - Processing file /home/airflow/.local/lib/python3.7/site-packages/airflow/example_dags/example_trigger_target_dag.py for tasks to queue
[2022-10-27T07:28:16.466+0000] {logging_mixin.py:117} INFO - [2022-10-27T07:28:16.466+0000] {dagbag.py:525} INFO - Filling up the DagBag from /home/airflow/.local/lib/python3.7/site-packages/airflow/example_dags/example_trigger_target_dag.py
[2022-10-27T07:28:16.752+0000] {processor.py:768} INFO - DAG(s) dict_keys(['example_trigger_target_dag']) retrieved from /home/airflow/.local/lib/python3.7/site-packages/airflow/example_dags/example_trigger_target_dag.py
[2022-10-27T07:28:16.802+0000] {logging_mixin.py:117} INFO - [2022-10-27T07:28:16.801+0000] {dag.py:2573} INFO - Sync 1 DAGs
[2022-10-27T07:28:16.840+0000] {logging_mixin.py:117} INFO - [2022-10-27T07:28:16.840+0000] {dag.py:3328} INFO - Setting next_dagrun for example_trigger_target_dag to None, run_after=None
[2022-10-27T07:28:16.872+0000] {processor.py:178} INFO - Processing /home/airflow/.local/lib/python3.7/site-packages/airflow/example_dags/example_trigger_target_dag.py took 0.411 seconds
[2022-10-27T07:28:47.088+0000] {processor.py:156} INFO - Started process (PID=207) to work on /home/airflow/.local/lib/python3.7/site-packages/airflow/example_dags/example_trigger_target_dag.py
[2022-10-27T07:28:47.089+0000] {processor.py:758} INFO - Processing file /home/airflow/.local/lib/python3.7/site-packages/airflow/example_dags/example_trigger_target_dag.py for tasks to queue
[2022-10-27T07:28:47.090+0000] {logging_mixin.py:117} INFO - [2022-10-27T07:28:47.090+0000] {dagbag.py:525} INFO - Filling up the DagBag from /home/airflow/.local/lib/python3.7/site-packages/airflow/example_dags/example_trigger_target_dag.py
[2022-10-27T07:28:47.307+0000] {processor.py:768} INFO - DAG(s) dict_keys(['example_trigger_target_dag']) retrieved from /home/airflow/.local/lib/python3.7/site-packages/airflow/example_dags/example_trigger_target_dag.py
[2022-10-27T07:28:47.347+0000] {logging_mixin.py:117} INFO - [2022-10-27T07:28:47.347+0000] {dag.py:2573} INFO - Sync 1 DAGs
[2022-10-27T07:28:47.375+0000] {logging_mixin.py:117} INFO - [2022-10-27T07:28:47.375+0000] {dag.py:3328} INFO - Setting next_dagrun for example_trigger_target_dag to None, run_after=None
[2022-10-27T07:28:47.400+0000] {processor.py:178} INFO - Processing /home/airflow/.local/lib/python3.7/site-packages/airflow/example_dags/example_trigger_target_dag.py took 0.317 seconds
[2022-10-27T07:29:17.519+0000] {processor.py:156} INFO - Started process (PID=268) to work on /home/airflow/.local/lib/python3.7/site-packages/airflow/example_dags/example_trigger_target_dag.py
[2022-10-27T07:29:17.521+0000] {processor.py:758} INFO - Processing file /home/airflow/.local/lib/python3.7/site-packages/airflow/example_dags/example_trigger_target_dag.py for tasks to queue
[2022-10-27T07:29:17.522+0000] {logging_mixin.py:117} INFO - [2022-10-27T07:29:17.522+0000] {dagbag.py:525} INFO - Filling up the DagBag from /home/airflow/.local/lib/python3.7/site-packages/airflow/example_dags/example_trigger_target_dag.py
[2022-10-27T07:29:17.561+0000] {processor.py:768} INFO - DAG(s) dict_keys(['example_trigger_target_dag']) retrieved from /home/airflow/.local/lib/python3.7/site-packages/airflow/example_dags/example_trigger_target_dag.py
[2022-10-27T07:29:17.643+0000] {logging_mixin.py:117} INFO - [2022-10-27T07:29:17.643+0000] {dag.py:2573} INFO - Sync 1 DAGs
[2022-10-27T07:29:17.694+0000] {logging_mixin.py:117} INFO - [2022-10-27T07:29:17.694+0000] {dag.py:3328} INFO - Setting next_dagrun for example_trigger_target_dag to None, run_after=None
[2022-10-27T07:29:17.742+0000] {processor.py:178} INFO - Processing /home/airflow/.local/lib/python3.7/site-packages/airflow/example_dags/example_trigger_target_dag.py took 0.229 seconds
[2022-10-27T07:29:48.299+0000] {processor.py:156} INFO - Started process (PID=324) to work on /home/airflow/.local/lib/python3.7/site-packages/airflow/example_dags/example_trigger_target_dag.py
[2022-10-27T07:29:48.300+0000] {processor.py:758} INFO - Processing file /home/airflow/.local/lib/python3.7/site-packages/airflow/example_dags/example_trigger_target_dag.py for tasks to queue
[2022-10-27T07:29:48.301+0000] {logging_mixin.py:117} INFO - [2022-10-27T07:29:48.301+0000] {dagbag.py:525} INFO - Filling up the DagBag from /home/airflow/.local/lib/python3.7/site-packages/airflow/example_dags/example_trigger_target_dag.py
[2022-10-27T07:29:48.333+0000] {processor.py:768} INFO - DAG(s) dict_keys(['example_trigger_target_dag']) retrieved from /home/airflow/.local/lib/python3.7/site-packages/airflow/example_dags/example_trigger_target_dag.py
[2022-10-27T07:29:48.393+0000] {logging_mixin.py:117} INFO - [2022-10-27T07:29:48.392+0000] {dag.py:2573} INFO - Sync 1 DAGs
[2022-10-27T07:29:48.430+0000] {logging_mixin.py:117} INFO - [2022-10-27T07:29:48.430+0000] {dag.py:3328} INFO - Setting next_dagrun for example_trigger_target_dag to None, run_after=None
[2022-10-27T07:29:48.467+0000] {processor.py:178} INFO - Processing /home/airflow/.local/lib/python3.7/site-packages/airflow/example_dags/example_trigger_target_dag.py took 0.173 seconds
[2022-10-27T07:30:19.019+0000] {processor.py:156} INFO - Started process (PID=378) to work on /home/airflow/.local/lib/python3.7/site-packages/airflow/example_dags/example_trigger_target_dag.py
[2022-10-27T07:30:19.020+0000] {processor.py:758} INFO - Processing file /home/airflow/.local/lib/python3.7/site-packages/airflow/example_dags/example_trigger_target_dag.py for tasks to queue
[2022-10-27T07:30:19.021+0000] {logging_mixin.py:117} INFO - [2022-10-27T07:30:19.021+0000] {dagbag.py:525} INFO - Filling up the DagBag from /home/airflow/.local/lib/python3.7/site-packages/airflow/example_dags/example_trigger_target_dag.py
[2022-10-27T07:30:19.057+0000] {processor.py:768} INFO - DAG(s) dict_keys(['example_trigger_target_dag']) retrieved from /home/airflow/.local/lib/python3.7/site-packages/airflow/example_dags/example_trigger_target_dag.py
[2022-10-27T07:30:19.112+0000] {logging_mixin.py:117} INFO - [2022-10-27T07:30:19.111+0000] {dag.py:2573} INFO - Sync 1 DAGs
[2022-10-27T07:30:19.152+0000] {logging_mixin.py:117} INFO - [2022-10-27T07:30:19.152+0000] {dag.py:3328} INFO - Setting next_dagrun for example_trigger_target_dag to None, run_after=None
[2022-10-27T07:30:19.180+0000] {processor.py:178} INFO - Processing /home/airflow/.local/lib/python3.7/site-packages/airflow/example_dags/example_trigger_target_dag.py took 0.166 seconds
[2022-10-27T07:30:49.404+0000] {processor.py:156} INFO - Started process (PID=441) to work on /home/airflow/.local/lib/python3.7/site-packages/airflow/example_dags/example_trigger_target_dag.py
[2022-10-27T07:30:49.405+0000] {processor.py:758} INFO - Processing file /home/airflow/.local/lib/python3.7/site-packages/airflow/example_dags/example_trigger_target_dag.py for tasks to queue
[2022-10-27T07:30:49.410+0000] {logging_mixin.py:117} INFO - [2022-10-27T07:30:49.409+0000] {dagbag.py:525} INFO - Filling up the DagBag from /home/airflow/.local/lib/python3.7/site-packages/airflow/example_dags/example_trigger_target_dag.py
[2022-10-27T07:30:49.448+0000] {processor.py:768} INFO - DAG(s) dict_keys(['example_trigger_target_dag']) retrieved from /home/airflow/.local/lib/python3.7/site-packages/airflow/example_dags/example_trigger_target_dag.py
[2022-10-27T07:30:49.504+0000] {logging_mixin.py:117} INFO - [2022-10-27T07:30:49.504+0000] {dag.py:2573} INFO - Sync 1 DAGs
[2022-10-27T07:30:49.544+0000] {logging_mixin.py:117} INFO - [2022-10-27T07:30:49.544+0000] {dag.py:3328} INFO - Setting next_dagrun for example_trigger_target_dag to None, run_after=None
[2022-10-27T07:30:49.571+0000] {processor.py:178} INFO - Processing /home/airflow/.local/lib/python3.7/site-packages/airflow/example_dags/example_trigger_target_dag.py took 0.172 seconds
[2022-10-27T07:31:19.948+0000] {processor.py:156} INFO - Started process (PID=495) to work on /home/airflow/.local/lib/python3.7/site-packages/airflow/example_dags/example_trigger_target_dag.py
[2022-10-27T07:31:19.949+0000] {processor.py:758} INFO - Processing file /home/airflow/.local/lib/python3.7/site-packages/airflow/example_dags/example_trigger_target_dag.py for tasks to queue
[2022-10-27T07:31:19.950+0000] {logging_mixin.py:117} INFO - [2022-10-27T07:31:19.950+0000] {dagbag.py:525} INFO - Filling up the DagBag from /home/airflow/.local/lib/python3.7/site-packages/airflow/example_dags/example_trigger_target_dag.py
[2022-10-27T07:31:19.984+0000] {processor.py:768} INFO - DAG(s) dict_keys(['example_trigger_target_dag']) retrieved from /home/airflow/.local/lib/python3.7/site-packages/airflow/example_dags/example_trigger_target_dag.py
[2022-10-27T07:31:20.038+0000] {logging_mixin.py:117} INFO - [2022-10-27T07:31:20.038+0000] {dag.py:2573} INFO - Sync 1 DAGs
[2022-10-27T07:31:20.088+0000] {logging_mixin.py:117} INFO - [2022-10-27T07:31:20.088+0000] {dag.py:3328} INFO - Setting next_dagrun for example_trigger_target_dag to None, run_after=None
[2022-10-27T07:31:20.128+0000] {processor.py:178} INFO - Processing /home/airflow/.local/lib/python3.7/site-packages/airflow/example_dags/example_trigger_target_dag.py took 0.185 seconds
[2022-10-27T07:31:50.687+0000] {processor.py:156} INFO - Started process (PID=558) to work on /home/airflow/.local/lib/python3.7/site-packages/airflow/example_dags/example_trigger_target_dag.py
[2022-10-27T07:31:50.689+0000] {processor.py:758} INFO - Processing file /home/airflow/.local/lib/python3.7/site-packages/airflow/example_dags/example_trigger_target_dag.py for tasks to queue
[2022-10-27T07:31:50.690+0000] {logging_mixin.py:117} INFO - [2022-10-27T07:31:50.690+0000] {dagbag.py:525} INFO - Filling up the DagBag from /home/airflow/.local/lib/python3.7/site-packages/airflow/example_dags/example_trigger_target_dag.py
[2022-10-27T07:31:50.741+0000] {processor.py:768} INFO - DAG(s) dict_keys(['example_trigger_target_dag']) retrieved from /home/airflow/.local/lib/python3.7/site-packages/airflow/example_dags/example_trigger_target_dag.py
[2022-10-27T07:31:50.811+0000] {logging_mixin.py:117} INFO - [2022-10-27T07:31:50.811+0000] {dag.py:2573} INFO - Sync 1 DAGs
[2022-10-27T07:31:50.855+0000] {logging_mixin.py:117} INFO - [2022-10-27T07:31:50.855+0000] {dag.py:3328} INFO - Setting next_dagrun for example_trigger_target_dag to None, run_after=None
[2022-10-27T07:31:50.898+0000] {processor.py:178} INFO - Processing /home/airflow/.local/lib/python3.7/site-packages/airflow/example_dags/example_trigger_target_dag.py took 0.217 seconds
[2022-10-27T07:32:21.658+0000] {processor.py:156} INFO - Started process (PID=612) to work on /home/airflow/.local/lib/python3.7/site-packages/airflow/example_dags/example_trigger_target_dag.py
[2022-10-27T07:32:21.661+0000] {processor.py:758} INFO - Processing file /home/airflow/.local/lib/python3.7/site-packages/airflow/example_dags/example_trigger_target_dag.py for tasks to queue
[2022-10-27T07:32:21.662+0000] {logging_mixin.py:117} INFO - [2022-10-27T07:32:21.662+0000] {dagbag.py:525} INFO - Filling up the DagBag from /home/airflow/.local/lib/python3.7/site-packages/airflow/example_dags/example_trigger_target_dag.py
[2022-10-27T07:32:21.701+0000] {processor.py:768} INFO - DAG(s) dict_keys(['example_trigger_target_dag']) retrieved from /home/airflow/.local/lib/python3.7/site-packages/airflow/example_dags/example_trigger_target_dag.py
[2022-10-27T07:32:21.761+0000] {logging_mixin.py:117} INFO - [2022-10-27T07:32:21.761+0000] {dag.py:2573} INFO - Sync 1 DAGs
[2022-10-27T07:32:21.802+0000] {logging_mixin.py:117} INFO - [2022-10-27T07:32:21.802+0000] {dag.py:3328} INFO - Setting next_dagrun for example_trigger_target_dag to None, run_after=None
[2022-10-27T07:32:21.834+0000] {processor.py:178} INFO - Processing /home/airflow/.local/lib/python3.7/site-packages/airflow/example_dags/example_trigger_target_dag.py took 0.181 seconds
[2022-10-27T07:32:52.102+0000] {processor.py:156} INFO - Started process (PID=675) to work on /home/airflow/.local/lib/python3.7/site-packages/airflow/example_dags/example_trigger_target_dag.py
[2022-10-27T07:32:52.103+0000] {processor.py:758} INFO - Processing file /home/airflow/.local/lib/python3.7/site-packages/airflow/example_dags/example_trigger_target_dag.py for tasks to queue
[2022-10-27T07:32:52.103+0000] {logging_mixin.py:117} INFO - [2022-10-27T07:32:52.103+0000] {dagbag.py:525} INFO - Filling up the DagBag from /home/airflow/.local/lib/python3.7/site-packages/airflow/example_dags/example_trigger_target_dag.py
[2022-10-27T07:32:52.134+0000] {processor.py:768} INFO - DAG(s) dict_keys(['example_trigger_target_dag']) retrieved from /home/airflow/.local/lib/python3.7/site-packages/airflow/example_dags/example_trigger_target_dag.py
[2022-10-27T07:32:52.193+0000] {logging_mixin.py:117} INFO - [2022-10-27T07:32:52.193+0000] {dag.py:2573} INFO - Sync 1 DAGs
[2022-10-27T07:32:52.236+0000] {logging_mixin.py:117} INFO - [2022-10-27T07:32:52.235+0000] {dag.py:3328} INFO - Setting next_dagrun for example_trigger_target_dag to None, run_after=None
[2022-10-27T07:32:52.264+0000] {processor.py:178} INFO - Processing /home/airflow/.local/lib/python3.7/site-packages/airflow/example_dags/example_trigger_target_dag.py took 0.167 seconds
