[2022-10-27T07:27:46.054+0000] {processor.py:156} INFO - Started process (PID=91) to work on /home/airflow/.local/lib/python3.7/site-packages/airflow/example_dags/example_external_task_marker_dag.py
[2022-10-27T07:27:46.056+0000] {processor.py:758} INFO - Processing file /home/airflow/.local/lib/python3.7/site-packages/airflow/example_dags/example_external_task_marker_dag.py for tasks to queue
[2022-10-27T07:27:46.057+0000] {logging_mixin.py:117} INFO - [2022-10-27T07:27:46.057+0000] {dagbag.py:525} INFO - Filling up the DagBag from /home/airflow/.local/lib/python3.7/site-packages/airflow/example_dags/example_external_task_marker_dag.py
[2022-10-27T07:27:46.083+0000] {processor.py:768} INFO - DAG(s) dict_keys(['example_external_task_marker_child', 'example_external_task_marker_parent']) retrieved from /home/airflow/.local/lib/python3.7/site-packages/airflow/example_dags/example_external_task_marker_dag.py
[2022-10-27T07:27:46.626+0000] {logging_mixin.py:117} INFO - [2022-10-27T07:27:46.626+0000] {dag.py:2573} INFO - Sync 2 DAGs
[2022-10-27T07:27:46.662+0000] {logging_mixin.py:117} INFO - [2022-10-27T07:27:46.661+0000] {dag.py:3328} INFO - Setting next_dagrun for example_external_task_marker_child to None, run_after=None
[2022-10-27T07:27:46.667+0000] {logging_mixin.py:117} INFO - [2022-10-27T07:27:46.667+0000] {dag.py:3328} INFO - Setting next_dagrun for example_external_task_marker_parent to None, run_after=None
[2022-10-27T07:27:46.696+0000] {processor.py:178} INFO - Processing /home/airflow/.local/lib/python3.7/site-packages/airflow/example_dags/example_external_task_marker_dag.py took 0.648 seconds
[2022-10-27T07:28:17.558+0000] {processor.py:156} INFO - Started process (PID=154) to work on /home/airflow/.local/lib/python3.7/site-packages/airflow/example_dags/example_external_task_marker_dag.py
[2022-10-27T07:28:17.559+0000] {processor.py:758} INFO - Processing file /home/airflow/.local/lib/python3.7/site-packages/airflow/example_dags/example_external_task_marker_dag.py for tasks to queue
[2022-10-27T07:28:17.561+0000] {logging_mixin.py:117} INFO - [2022-10-27T07:28:17.561+0000] {dagbag.py:525} INFO - Filling up the DagBag from /home/airflow/.local/lib/python3.7/site-packages/airflow/example_dags/example_external_task_marker_dag.py
[2022-10-27T07:28:17.592+0000] {processor.py:768} INFO - DAG(s) dict_keys(['example_external_task_marker_child', 'example_external_task_marker_parent']) retrieved from /home/airflow/.local/lib/python3.7/site-packages/airflow/example_dags/example_external_task_marker_dag.py
[2022-10-27T07:28:18.237+0000] {logging_mixin.py:117} INFO - [2022-10-27T07:28:18.236+0000] {dag.py:2573} INFO - Sync 2 DAGs
[2022-10-27T07:28:18.295+0000] {logging_mixin.py:117} INFO - [2022-10-27T07:28:18.294+0000] {dag.py:3328} INFO - Setting next_dagrun for example_external_task_marker_child to None, run_after=None
[2022-10-27T07:28:18.302+0000] {logging_mixin.py:117} INFO - [2022-10-27T07:28:18.302+0000] {dag.py:3328} INFO - Setting next_dagrun for example_external_task_marker_parent to None, run_after=None
[2022-10-27T07:28:18.340+0000] {processor.py:178} INFO - Processing /home/airflow/.local/lib/python3.7/site-packages/airflow/example_dags/example_external_task_marker_dag.py took 0.789 seconds
[2022-10-27T07:28:48.420+0000] {processor.py:156} INFO - Started process (PID=209) to work on /home/airflow/.local/lib/python3.7/site-packages/airflow/example_dags/example_external_task_marker_dag.py
[2022-10-27T07:28:48.422+0000] {processor.py:758} INFO - Processing file /home/airflow/.local/lib/python3.7/site-packages/airflow/example_dags/example_external_task_marker_dag.py for tasks to queue
[2022-10-27T07:28:48.422+0000] {logging_mixin.py:117} INFO - [2022-10-27T07:28:48.422+0000] {dagbag.py:525} INFO - Filling up the DagBag from /home/airflow/.local/lib/python3.7/site-packages/airflow/example_dags/example_external_task_marker_dag.py
[2022-10-27T07:28:48.648+0000] {processor.py:768} INFO - DAG(s) dict_keys(['example_external_task_marker_child', 'example_external_task_marker_parent']) retrieved from /home/airflow/.local/lib/python3.7/site-packages/airflow/example_dags/example_external_task_marker_dag.py
[2022-10-27T07:28:48.862+0000] {logging_mixin.py:117} INFO - [2022-10-27T07:28:48.862+0000] {dag.py:2573} INFO - Sync 2 DAGs
[2022-10-27T07:28:48.900+0000] {logging_mixin.py:117} INFO - [2022-10-27T07:28:48.900+0000] {dag.py:3328} INFO - Setting next_dagrun for example_external_task_marker_child to None, run_after=None
[2022-10-27T07:28:48.907+0000] {logging_mixin.py:117} INFO - [2022-10-27T07:28:48.907+0000] {dag.py:3328} INFO - Setting next_dagrun for example_external_task_marker_parent to None, run_after=None
[2022-10-27T07:28:48.937+0000] {processor.py:178} INFO - Processing /home/airflow/.local/lib/python3.7/site-packages/airflow/example_dags/example_external_task_marker_dag.py took 0.522 seconds
[2022-10-27T07:29:19.763+0000] {processor.py:156} INFO - Started process (PID=272) to work on /home/airflow/.local/lib/python3.7/site-packages/airflow/example_dags/example_external_task_marker_dag.py
[2022-10-27T07:29:19.764+0000] {processor.py:758} INFO - Processing file /home/airflow/.local/lib/python3.7/site-packages/airflow/example_dags/example_external_task_marker_dag.py for tasks to queue
[2022-10-27T07:29:19.765+0000] {logging_mixin.py:117} INFO - [2022-10-27T07:29:19.765+0000] {dagbag.py:525} INFO - Filling up the DagBag from /home/airflow/.local/lib/python3.7/site-packages/airflow/example_dags/example_external_task_marker_dag.py
[2022-10-27T07:29:19.789+0000] {processor.py:768} INFO - DAG(s) dict_keys(['example_external_task_marker_parent', 'example_external_task_marker_child']) retrieved from /home/airflow/.local/lib/python3.7/site-packages/airflow/example_dags/example_external_task_marker_dag.py
[2022-10-27T07:29:20.078+0000] {logging_mixin.py:117} INFO - [2022-10-27T07:29:20.077+0000] {dag.py:2573} INFO - Sync 2 DAGs
[2022-10-27T07:29:20.137+0000] {logging_mixin.py:117} INFO - [2022-10-27T07:29:20.136+0000] {dag.py:3328} INFO - Setting next_dagrun for example_external_task_marker_child to None, run_after=None
[2022-10-27T07:29:20.146+0000] {logging_mixin.py:117} INFO - [2022-10-27T07:29:20.145+0000] {dag.py:3328} INFO - Setting next_dagrun for example_external_task_marker_parent to None, run_after=None
[2022-10-27T07:29:20.189+0000] {processor.py:178} INFO - Processing /home/airflow/.local/lib/python3.7/site-packages/airflow/example_dags/example_external_task_marker_dag.py took 0.432 seconds
[2022-10-27T07:29:50.493+0000] {processor.py:156} INFO - Started process (PID=326) to work on /home/airflow/.local/lib/python3.7/site-packages/airflow/example_dags/example_external_task_marker_dag.py
[2022-10-27T07:29:50.495+0000] {processor.py:758} INFO - Processing file /home/airflow/.local/lib/python3.7/site-packages/airflow/example_dags/example_external_task_marker_dag.py for tasks to queue
[2022-10-27T07:29:50.496+0000] {logging_mixin.py:117} INFO - [2022-10-27T07:29:50.496+0000] {dagbag.py:525} INFO - Filling up the DagBag from /home/airflow/.local/lib/python3.7/site-packages/airflow/example_dags/example_external_task_marker_dag.py
[2022-10-27T07:29:50.517+0000] {processor.py:768} INFO - DAG(s) dict_keys(['example_external_task_marker_child', 'example_external_task_marker_parent']) retrieved from /home/airflow/.local/lib/python3.7/site-packages/airflow/example_dags/example_external_task_marker_dag.py
[2022-10-27T07:29:50.774+0000] {logging_mixin.py:117} INFO - [2022-10-27T07:29:50.774+0000] {dag.py:2573} INFO - Sync 2 DAGs
[2022-10-27T07:29:50.813+0000] {logging_mixin.py:117} INFO - [2022-10-27T07:29:50.812+0000] {dag.py:3328} INFO - Setting next_dagrun for example_external_task_marker_child to None, run_after=None
[2022-10-27T07:29:50.818+0000] {logging_mixin.py:117} INFO - [2022-10-27T07:29:50.818+0000] {dag.py:3328} INFO - Setting next_dagrun for example_external_task_marker_parent to None, run_after=None
[2022-10-27T07:29:50.848+0000] {processor.py:178} INFO - Processing /home/airflow/.local/lib/python3.7/site-packages/airflow/example_dags/example_external_task_marker_dag.py took 0.358 seconds
[2022-10-27T07:30:21.220+0000] {processor.py:156} INFO - Started process (PID=389) to work on /home/airflow/.local/lib/python3.7/site-packages/airflow/example_dags/example_external_task_marker_dag.py
[2022-10-27T07:30:21.222+0000] {processor.py:758} INFO - Processing file /home/airflow/.local/lib/python3.7/site-packages/airflow/example_dags/example_external_task_marker_dag.py for tasks to queue
[2022-10-27T07:30:21.223+0000] {logging_mixin.py:117} INFO - [2022-10-27T07:30:21.223+0000] {dagbag.py:525} INFO - Filling up the DagBag from /home/airflow/.local/lib/python3.7/site-packages/airflow/example_dags/example_external_task_marker_dag.py
[2022-10-27T07:30:21.257+0000] {processor.py:768} INFO - DAG(s) dict_keys(['example_external_task_marker_child', 'example_external_task_marker_parent']) retrieved from /home/airflow/.local/lib/python3.7/site-packages/airflow/example_dags/example_external_task_marker_dag.py
[2022-10-27T07:30:21.722+0000] {logging_mixin.py:117} INFO - [2022-10-27T07:30:21.721+0000] {dag.py:2573} INFO - Sync 2 DAGs
[2022-10-27T07:30:21.793+0000] {logging_mixin.py:117} INFO - [2022-10-27T07:30:21.793+0000] {dag.py:3328} INFO - Setting next_dagrun for example_external_task_marker_child to None, run_after=None
[2022-10-27T07:30:21.803+0000] {logging_mixin.py:117} INFO - [2022-10-27T07:30:21.802+0000] {dag.py:3328} INFO - Setting next_dagrun for example_external_task_marker_parent to None, run_after=None
[2022-10-27T07:30:21.859+0000] {processor.py:178} INFO - Processing /home/airflow/.local/lib/python3.7/site-packages/airflow/example_dags/example_external_task_marker_dag.py took 0.643 seconds
[2022-10-27T07:30:52.497+0000] {processor.py:156} INFO - Started process (PID=443) to work on /home/airflow/.local/lib/python3.7/site-packages/airflow/example_dags/example_external_task_marker_dag.py
[2022-10-27T07:30:52.498+0000] {processor.py:758} INFO - Processing file /home/airflow/.local/lib/python3.7/site-packages/airflow/example_dags/example_external_task_marker_dag.py for tasks to queue
[2022-10-27T07:30:52.499+0000] {logging_mixin.py:117} INFO - [2022-10-27T07:30:52.499+0000] {dagbag.py:525} INFO - Filling up the DagBag from /home/airflow/.local/lib/python3.7/site-packages/airflow/example_dags/example_external_task_marker_dag.py
[2022-10-27T07:30:52.518+0000] {processor.py:768} INFO - DAG(s) dict_keys(['example_external_task_marker_parent', 'example_external_task_marker_child']) retrieved from /home/airflow/.local/lib/python3.7/site-packages/airflow/example_dags/example_external_task_marker_dag.py
[2022-10-27T07:30:52.772+0000] {logging_mixin.py:117} INFO - [2022-10-27T07:30:52.772+0000] {dag.py:2573} INFO - Sync 2 DAGs
[2022-10-27T07:30:52.812+0000] {logging_mixin.py:117} INFO - [2022-10-27T07:30:52.812+0000] {dag.py:3328} INFO - Setting next_dagrun for example_external_task_marker_child to None, run_after=None
[2022-10-27T07:30:52.817+0000] {logging_mixin.py:117} INFO - [2022-10-27T07:30:52.817+0000] {dag.py:3328} INFO - Setting next_dagrun for example_external_task_marker_parent to None, run_after=None
[2022-10-27T07:30:52.848+0000] {processor.py:178} INFO - Processing /home/airflow/.local/lib/python3.7/site-packages/airflow/example_dags/example_external_task_marker_dag.py took 0.355 seconds
[2022-10-27T07:31:22.987+0000] {processor.py:156} INFO - Started process (PID=506) to work on /home/airflow/.local/lib/python3.7/site-packages/airflow/example_dags/example_external_task_marker_dag.py
[2022-10-27T07:31:22.988+0000] {processor.py:758} INFO - Processing file /home/airflow/.local/lib/python3.7/site-packages/airflow/example_dags/example_external_task_marker_dag.py for tasks to queue
[2022-10-27T07:31:22.989+0000] {logging_mixin.py:117} INFO - [2022-10-27T07:31:22.989+0000] {dagbag.py:525} INFO - Filling up the DagBag from /home/airflow/.local/lib/python3.7/site-packages/airflow/example_dags/example_external_task_marker_dag.py
[2022-10-27T07:31:23.023+0000] {processor.py:768} INFO - DAG(s) dict_keys(['example_external_task_marker_child', 'example_external_task_marker_parent']) retrieved from /home/airflow/.local/lib/python3.7/site-packages/airflow/example_dags/example_external_task_marker_dag.py
[2022-10-27T07:31:23.429+0000] {logging_mixin.py:117} INFO - [2022-10-27T07:31:23.429+0000] {dag.py:2573} INFO - Sync 2 DAGs
[2022-10-27T07:31:23.501+0000] {logging_mixin.py:117} INFO - [2022-10-27T07:31:23.500+0000] {dag.py:3328} INFO - Setting next_dagrun for example_external_task_marker_child to None, run_after=None
[2022-10-27T07:31:23.515+0000] {logging_mixin.py:117} INFO - [2022-10-27T07:31:23.514+0000] {dag.py:3328} INFO - Setting next_dagrun for example_external_task_marker_parent to None, run_after=None
[2022-10-27T07:31:23.555+0000] {processor.py:178} INFO - Processing /home/airflow/.local/lib/python3.7/site-packages/airflow/example_dags/example_external_task_marker_dag.py took 0.575 seconds
[2022-10-27T07:31:53.755+0000] {processor.py:156} INFO - Started process (PID=560) to work on /home/airflow/.local/lib/python3.7/site-packages/airflow/example_dags/example_external_task_marker_dag.py
[2022-10-27T07:31:53.757+0000] {processor.py:758} INFO - Processing file /home/airflow/.local/lib/python3.7/site-packages/airflow/example_dags/example_external_task_marker_dag.py for tasks to queue
[2022-10-27T07:31:53.758+0000] {logging_mixin.py:117} INFO - [2022-10-27T07:31:53.758+0000] {dagbag.py:525} INFO - Filling up the DagBag from /home/airflow/.local/lib/python3.7/site-packages/airflow/example_dags/example_external_task_marker_dag.py
[2022-10-27T07:31:53.780+0000] {processor.py:768} INFO - DAG(s) dict_keys(['example_external_task_marker_parent', 'example_external_task_marker_child']) retrieved from /home/airflow/.local/lib/python3.7/site-packages/airflow/example_dags/example_external_task_marker_dag.py
[2022-10-27T07:31:54.142+0000] {logging_mixin.py:117} INFO - [2022-10-27T07:31:54.142+0000] {dag.py:2573} INFO - Sync 2 DAGs
[2022-10-27T07:31:54.189+0000] {logging_mixin.py:117} INFO - [2022-10-27T07:31:54.189+0000] {dag.py:3328} INFO - Setting next_dagrun for example_external_task_marker_child to None, run_after=None
[2022-10-27T07:31:54.196+0000] {logging_mixin.py:117} INFO - [2022-10-27T07:31:54.195+0000] {dag.py:3328} INFO - Setting next_dagrun for example_external_task_marker_parent to None, run_after=None
[2022-10-27T07:31:54.233+0000] {processor.py:178} INFO - Processing /home/airflow/.local/lib/python3.7/site-packages/airflow/example_dags/example_external_task_marker_dag.py took 0.482 seconds
[2022-10-27T07:32:24.739+0000] {processor.py:156} INFO - Started process (PID=623) to work on /home/airflow/.local/lib/python3.7/site-packages/airflow/example_dags/example_external_task_marker_dag.py
[2022-10-27T07:32:24.742+0000] {processor.py:758} INFO - Processing file /home/airflow/.local/lib/python3.7/site-packages/airflow/example_dags/example_external_task_marker_dag.py for tasks to queue
[2022-10-27T07:32:24.744+0000] {logging_mixin.py:117} INFO - [2022-10-27T07:32:24.743+0000] {dagbag.py:525} INFO - Filling up the DagBag from /home/airflow/.local/lib/python3.7/site-packages/airflow/example_dags/example_external_task_marker_dag.py
[2022-10-27T07:32:24.782+0000] {processor.py:768} INFO - DAG(s) dict_keys(['example_external_task_marker_child', 'example_external_task_marker_parent']) retrieved from /home/airflow/.local/lib/python3.7/site-packages/airflow/example_dags/example_external_task_marker_dag.py
[2022-10-27T07:32:25.243+0000] {logging_mixin.py:117} INFO - [2022-10-27T07:32:25.243+0000] {dag.py:2573} INFO - Sync 2 DAGs
[2022-10-27T07:32:25.335+0000] {logging_mixin.py:117} INFO - [2022-10-27T07:32:25.335+0000] {dag.py:3328} INFO - Setting next_dagrun for example_external_task_marker_child to None, run_after=None
[2022-10-27T07:32:25.345+0000] {logging_mixin.py:117} INFO - [2022-10-27T07:32:25.345+0000] {dag.py:3328} INFO - Setting next_dagrun for example_external_task_marker_parent to None, run_after=None
[2022-10-27T07:32:25.416+0000] {processor.py:178} INFO - Processing /home/airflow/.local/lib/python3.7/site-packages/airflow/example_dags/example_external_task_marker_dag.py took 0.684 seconds
[2022-10-27T07:32:56.166+0000] {processor.py:156} INFO - Started process (PID=677) to work on /home/airflow/.local/lib/python3.7/site-packages/airflow/example_dags/example_external_task_marker_dag.py
[2022-10-27T07:32:56.166+0000] {processor.py:758} INFO - Processing file /home/airflow/.local/lib/python3.7/site-packages/airflow/example_dags/example_external_task_marker_dag.py for tasks to queue
[2022-10-27T07:32:56.167+0000] {logging_mixin.py:117} INFO - [2022-10-27T07:32:56.167+0000] {dagbag.py:525} INFO - Filling up the DagBag from /home/airflow/.local/lib/python3.7/site-packages/airflow/example_dags/example_external_task_marker_dag.py
[2022-10-27T07:32:56.192+0000] {processor.py:768} INFO - DAG(s) dict_keys(['example_external_task_marker_child', 'example_external_task_marker_parent']) retrieved from /home/airflow/.local/lib/python3.7/site-packages/airflow/example_dags/example_external_task_marker_dag.py
[2022-10-27T07:32:56.447+0000] {logging_mixin.py:117} INFO - [2022-10-27T07:32:56.447+0000] {dag.py:2573} INFO - Sync 2 DAGs
[2022-10-27T07:32:56.488+0000] {logging_mixin.py:117} INFO - [2022-10-27T07:32:56.488+0000] {dag.py:3328} INFO - Setting next_dagrun for example_external_task_marker_child to None, run_after=None
[2022-10-27T07:32:56.493+0000] {logging_mixin.py:117} INFO - [2022-10-27T07:32:56.493+0000] {dag.py:3328} INFO - Setting next_dagrun for example_external_task_marker_parent to None, run_after=None
[2022-10-27T07:32:56.515+0000] {processor.py:178} INFO - Processing /home/airflow/.local/lib/python3.7/site-packages/airflow/example_dags/example_external_task_marker_dag.py took 0.354 seconds
