[2022-10-27T07:27:29.386+0000] {processor.py:156} INFO - Started process (PID=57) to work on /home/airflow/.local/lib/python3.7/site-packages/airflow/example_dags/example_dag_decorator.py
[2022-10-27T07:27:29.389+0000] {processor.py:758} INFO - Processing file /home/airflow/.local/lib/python3.7/site-packages/airflow/example_dags/example_dag_decorator.py for tasks to queue
[2022-10-27T07:27:29.390+0000] {logging_mixin.py:117} INFO - [2022-10-27T07:27:29.390+0000] {dagbag.py:525} INFO - Filling up the DagBag from /home/airflow/.local/lib/python3.7/site-packages/airflow/example_dags/example_dag_decorator.py
[2022-10-27T07:27:29.457+0000] {processor.py:768} INFO - DAG(s) dict_keys(['example_dag_decorator']) retrieved from /home/airflow/.local/lib/python3.7/site-packages/airflow/example_dags/example_dag_decorator.py
[2022-10-27T07:27:29.918+0000] {logging_mixin.py:117} INFO - [2022-10-27T07:27:29.918+0000] {dag.py:2573} INFO - Sync 1 DAGs
[2022-10-27T07:27:29.955+0000] {logging_mixin.py:117} INFO - [2022-10-27T07:27:29.955+0000] {dag.py:3328} INFO - Setting next_dagrun for example_dag_decorator to None, run_after=None
[2022-10-27T07:27:30.012+0000] {processor.py:178} INFO - Processing /home/airflow/.local/lib/python3.7/site-packages/airflow/example_dags/example_dag_decorator.py took 0.632 seconds
[2022-10-27T07:28:00.346+0000] {processor.py:156} INFO - Started process (PID=111) to work on /home/airflow/.local/lib/python3.7/site-packages/airflow/example_dags/example_dag_decorator.py
[2022-10-27T07:28:00.347+0000] {processor.py:758} INFO - Processing file /home/airflow/.local/lib/python3.7/site-packages/airflow/example_dags/example_dag_decorator.py for tasks to queue
[2022-10-27T07:28:00.347+0000] {logging_mixin.py:117} INFO - [2022-10-27T07:28:00.347+0000] {dagbag.py:525} INFO - Filling up the DagBag from /home/airflow/.local/lib/python3.7/site-packages/airflow/example_dags/example_dag_decorator.py
[2022-10-27T07:28:00.546+0000] {processor.py:768} INFO - DAG(s) dict_keys(['example_dag_decorator']) retrieved from /home/airflow/.local/lib/python3.7/site-packages/airflow/example_dags/example_dag_decorator.py
[2022-10-27T07:28:00.641+0000] {logging_mixin.py:117} INFO - [2022-10-27T07:28:00.641+0000] {dag.py:2573} INFO - Sync 1 DAGs
[2022-10-27T07:28:00.669+0000] {logging_mixin.py:117} INFO - [2022-10-27T07:28:00.669+0000] {dag.py:3328} INFO - Setting next_dagrun for example_dag_decorator to None, run_after=None
[2022-10-27T07:28:00.694+0000] {processor.py:178} INFO - Processing /home/airflow/.local/lib/python3.7/site-packages/airflow/example_dags/example_dag_decorator.py took 0.352 seconds
[2022-10-27T07:28:31.562+0000] {processor.py:156} INFO - Started process (PID=175) to work on /home/airflow/.local/lib/python3.7/site-packages/airflow/example_dags/example_dag_decorator.py
[2022-10-27T07:28:31.564+0000] {processor.py:758} INFO - Processing file /home/airflow/.local/lib/python3.7/site-packages/airflow/example_dags/example_dag_decorator.py for tasks to queue
[2022-10-27T07:28:31.565+0000] {logging_mixin.py:117} INFO - [2022-10-27T07:28:31.565+0000] {dagbag.py:525} INFO - Filling up the DagBag from /home/airflow/.local/lib/python3.7/site-packages/airflow/example_dags/example_dag_decorator.py
[2022-10-27T07:28:31.864+0000] {processor.py:768} INFO - DAG(s) dict_keys(['example_dag_decorator']) retrieved from /home/airflow/.local/lib/python3.7/site-packages/airflow/example_dags/example_dag_decorator.py
[2022-10-27T07:28:31.991+0000] {logging_mixin.py:117} INFO - [2022-10-27T07:28:31.991+0000] {dag.py:2573} INFO - Sync 1 DAGs
[2022-10-27T07:28:32.020+0000] {logging_mixin.py:117} INFO - [2022-10-27T07:28:32.020+0000] {dag.py:3328} INFO - Setting next_dagrun for example_dag_decorator to None, run_after=None
[2022-10-27T07:28:32.047+0000] {processor.py:178} INFO - Processing /home/airflow/.local/lib/python3.7/site-packages/airflow/example_dags/example_dag_decorator.py took 0.489 seconds
[2022-10-27T07:29:02.343+0000] {processor.py:156} INFO - Started process (PID=230) to work on /home/airflow/.local/lib/python3.7/site-packages/airflow/example_dags/example_dag_decorator.py
[2022-10-27T07:29:02.345+0000] {processor.py:758} INFO - Processing file /home/airflow/.local/lib/python3.7/site-packages/airflow/example_dags/example_dag_decorator.py for tasks to queue
[2022-10-27T07:29:02.345+0000] {logging_mixin.py:117} INFO - [2022-10-27T07:29:02.345+0000] {dagbag.py:525} INFO - Filling up the DagBag from /home/airflow/.local/lib/python3.7/site-packages/airflow/example_dags/example_dag_decorator.py
[2022-10-27T07:29:02.388+0000] {processor.py:768} INFO - DAG(s) dict_keys(['example_dag_decorator']) retrieved from /home/airflow/.local/lib/python3.7/site-packages/airflow/example_dags/example_dag_decorator.py
[2022-10-27T07:29:02.534+0000] {logging_mixin.py:117} INFO - [2022-10-27T07:29:02.534+0000] {dag.py:2573} INFO - Sync 1 DAGs
[2022-10-27T07:29:02.567+0000] {logging_mixin.py:117} INFO - [2022-10-27T07:29:02.567+0000] {dag.py:3328} INFO - Setting next_dagrun for example_dag_decorator to None, run_after=None
[2022-10-27T07:29:02.594+0000] {processor.py:178} INFO - Processing /home/airflow/.local/lib/python3.7/site-packages/airflow/example_dags/example_dag_decorator.py took 0.255 seconds
[2022-10-27T07:29:33.461+0000] {processor.py:156} INFO - Started process (PID=292) to work on /home/airflow/.local/lib/python3.7/site-packages/airflow/example_dags/example_dag_decorator.py
[2022-10-27T07:29:33.463+0000] {processor.py:758} INFO - Processing file /home/airflow/.local/lib/python3.7/site-packages/airflow/example_dags/example_dag_decorator.py for tasks to queue
[2022-10-27T07:29:33.464+0000] {logging_mixin.py:117} INFO - [2022-10-27T07:29:33.464+0000] {dagbag.py:525} INFO - Filling up the DagBag from /home/airflow/.local/lib/python3.7/site-packages/airflow/example_dags/example_dag_decorator.py
[2022-10-27T07:29:33.529+0000] {processor.py:768} INFO - DAG(s) dict_keys(['example_dag_decorator']) retrieved from /home/airflow/.local/lib/python3.7/site-packages/airflow/example_dags/example_dag_decorator.py
[2022-10-27T07:29:33.703+0000] {logging_mixin.py:117} INFO - [2022-10-27T07:29:33.702+0000] {dag.py:2573} INFO - Sync 1 DAGs
[2022-10-27T07:29:33.768+0000] {logging_mixin.py:117} INFO - [2022-10-27T07:29:33.768+0000] {dag.py:3328} INFO - Setting next_dagrun for example_dag_decorator to None, run_after=None
[2022-10-27T07:29:33.833+0000] {processor.py:178} INFO - Processing /home/airflow/.local/lib/python3.7/site-packages/airflow/example_dags/example_dag_decorator.py took 0.379 seconds
[2022-10-27T07:30:04.598+0000] {processor.py:156} INFO - Started process (PID=346) to work on /home/airflow/.local/lib/python3.7/site-packages/airflow/example_dags/example_dag_decorator.py
[2022-10-27T07:30:04.599+0000] {processor.py:758} INFO - Processing file /home/airflow/.local/lib/python3.7/site-packages/airflow/example_dags/example_dag_decorator.py for tasks to queue
[2022-10-27T07:30:04.600+0000] {logging_mixin.py:117} INFO - [2022-10-27T07:30:04.600+0000] {dagbag.py:525} INFO - Filling up the DagBag from /home/airflow/.local/lib/python3.7/site-packages/airflow/example_dags/example_dag_decorator.py
[2022-10-27T07:30:04.649+0000] {processor.py:768} INFO - DAG(s) dict_keys(['example_dag_decorator']) retrieved from /home/airflow/.local/lib/python3.7/site-packages/airflow/example_dags/example_dag_decorator.py
[2022-10-27T07:30:04.773+0000] {logging_mixin.py:117} INFO - [2022-10-27T07:30:04.772+0000] {dag.py:2573} INFO - Sync 1 DAGs
[2022-10-27T07:30:04.812+0000] {logging_mixin.py:117} INFO - [2022-10-27T07:30:04.812+0000] {dag.py:3328} INFO - Setting next_dagrun for example_dag_decorator to None, run_after=None
[2022-10-27T07:30:04.849+0000] {processor.py:178} INFO - Processing /home/airflow/.local/lib/python3.7/site-packages/airflow/example_dags/example_dag_decorator.py took 0.257 seconds
[2022-10-27T07:30:35.335+0000] {processor.py:156} INFO - Started process (PID=409) to work on /home/airflow/.local/lib/python3.7/site-packages/airflow/example_dags/example_dag_decorator.py
[2022-10-27T07:30:35.336+0000] {processor.py:758} INFO - Processing file /home/airflow/.local/lib/python3.7/site-packages/airflow/example_dags/example_dag_decorator.py for tasks to queue
[2022-10-27T07:30:35.338+0000] {logging_mixin.py:117} INFO - [2022-10-27T07:30:35.338+0000] {dagbag.py:525} INFO - Filling up the DagBag from /home/airflow/.local/lib/python3.7/site-packages/airflow/example_dags/example_dag_decorator.py
[2022-10-27T07:30:35.407+0000] {processor.py:768} INFO - DAG(s) dict_keys(['example_dag_decorator']) retrieved from /home/airflow/.local/lib/python3.7/site-packages/airflow/example_dags/example_dag_decorator.py
[2022-10-27T07:30:35.627+0000] {logging_mixin.py:117} INFO - [2022-10-27T07:30:35.626+0000] {dag.py:2573} INFO - Sync 1 DAGs
[2022-10-27T07:30:35.684+0000] {logging_mixin.py:117} INFO - [2022-10-27T07:30:35.684+0000] {dag.py:3328} INFO - Setting next_dagrun for example_dag_decorator to None, run_after=None
[2022-10-27T07:30:35.736+0000] {processor.py:178} INFO - Processing /home/airflow/.local/lib/python3.7/site-packages/airflow/example_dags/example_dag_decorator.py took 0.410 seconds
[2022-10-27T07:31:05.912+0000] {processor.py:156} INFO - Started process (PID=463) to work on /home/airflow/.local/lib/python3.7/site-packages/airflow/example_dags/example_dag_decorator.py
[2022-10-27T07:31:05.914+0000] {processor.py:758} INFO - Processing file /home/airflow/.local/lib/python3.7/site-packages/airflow/example_dags/example_dag_decorator.py for tasks to queue
[2022-10-27T07:31:05.915+0000] {logging_mixin.py:117} INFO - [2022-10-27T07:31:05.915+0000] {dagbag.py:525} INFO - Filling up the DagBag from /home/airflow/.local/lib/python3.7/site-packages/airflow/example_dags/example_dag_decorator.py
[2022-10-27T07:31:05.961+0000] {processor.py:768} INFO - DAG(s) dict_keys(['example_dag_decorator']) retrieved from /home/airflow/.local/lib/python3.7/site-packages/airflow/example_dags/example_dag_decorator.py
[2022-10-27T07:31:06.100+0000] {logging_mixin.py:117} INFO - [2022-10-27T07:31:06.100+0000] {dag.py:2573} INFO - Sync 1 DAGs
[2022-10-27T07:31:06.149+0000] {logging_mixin.py:117} INFO - [2022-10-27T07:31:06.148+0000] {dag.py:3328} INFO - Setting next_dagrun for example_dag_decorator to None, run_after=None
[2022-10-27T07:31:06.192+0000] {processor.py:178} INFO - Processing /home/airflow/.local/lib/python3.7/site-packages/airflow/example_dags/example_dag_decorator.py took 0.286 seconds
[2022-10-27T07:31:36.805+0000] {processor.py:156} INFO - Started process (PID=526) to work on /home/airflow/.local/lib/python3.7/site-packages/airflow/example_dags/example_dag_decorator.py
[2022-10-27T07:31:36.806+0000] {processor.py:758} INFO - Processing file /home/airflow/.local/lib/python3.7/site-packages/airflow/example_dags/example_dag_decorator.py for tasks to queue
[2022-10-27T07:31:36.807+0000] {logging_mixin.py:117} INFO - [2022-10-27T07:31:36.807+0000] {dagbag.py:525} INFO - Filling up the DagBag from /home/airflow/.local/lib/python3.7/site-packages/airflow/example_dags/example_dag_decorator.py
[2022-10-27T07:31:36.858+0000] {processor.py:768} INFO - DAG(s) dict_keys(['example_dag_decorator']) retrieved from /home/airflow/.local/lib/python3.7/site-packages/airflow/example_dags/example_dag_decorator.py
[2022-10-27T07:31:37.003+0000] {logging_mixin.py:117} INFO - [2022-10-27T07:31:37.002+0000] {dag.py:2573} INFO - Sync 1 DAGs
[2022-10-27T07:31:37.052+0000] {logging_mixin.py:117} INFO - [2022-10-27T07:31:37.052+0000] {dag.py:3328} INFO - Setting next_dagrun for example_dag_decorator to None, run_after=None
[2022-10-27T07:31:37.092+0000] {processor.py:178} INFO - Processing /home/airflow/.local/lib/python3.7/site-packages/airflow/example_dags/example_dag_decorator.py took 0.291 seconds
[2022-10-27T07:32:07.130+0000] {processor.py:156} INFO - Started process (PID=580) to work on /home/airflow/.local/lib/python3.7/site-packages/airflow/example_dags/example_dag_decorator.py
[2022-10-27T07:32:07.131+0000] {processor.py:758} INFO - Processing file /home/airflow/.local/lib/python3.7/site-packages/airflow/example_dags/example_dag_decorator.py for tasks to queue
[2022-10-27T07:32:07.132+0000] {logging_mixin.py:117} INFO - [2022-10-27T07:32:07.132+0000] {dagbag.py:525} INFO - Filling up the DagBag from /home/airflow/.local/lib/python3.7/site-packages/airflow/example_dags/example_dag_decorator.py
[2022-10-27T07:32:07.176+0000] {processor.py:768} INFO - DAG(s) dict_keys(['example_dag_decorator']) retrieved from /home/airflow/.local/lib/python3.7/site-packages/airflow/example_dags/example_dag_decorator.py
[2022-10-27T07:32:07.289+0000] {logging_mixin.py:117} INFO - [2022-10-27T07:32:07.289+0000] {dag.py:2573} INFO - Sync 1 DAGs
[2022-10-27T07:32:07.320+0000] {logging_mixin.py:117} INFO - [2022-10-27T07:32:07.320+0000] {dag.py:3328} INFO - Setting next_dagrun for example_dag_decorator to None, run_after=None
[2022-10-27T07:32:07.347+0000] {processor.py:178} INFO - Processing /home/airflow/.local/lib/python3.7/site-packages/airflow/example_dags/example_dag_decorator.py took 0.222 seconds
[2022-10-27T07:32:38.175+0000] {processor.py:156} INFO - Started process (PID=643) to work on /home/airflow/.local/lib/python3.7/site-packages/airflow/example_dags/example_dag_decorator.py
[2022-10-27T07:32:38.181+0000] {processor.py:758} INFO - Processing file /home/airflow/.local/lib/python3.7/site-packages/airflow/example_dags/example_dag_decorator.py for tasks to queue
[2022-10-27T07:32:38.182+0000] {logging_mixin.py:117} INFO - [2022-10-27T07:32:38.182+0000] {dagbag.py:525} INFO - Filling up the DagBag from /home/airflow/.local/lib/python3.7/site-packages/airflow/example_dags/example_dag_decorator.py
[2022-10-27T07:32:38.253+0000] {processor.py:768} INFO - DAG(s) dict_keys(['example_dag_decorator']) retrieved from /home/airflow/.local/lib/python3.7/site-packages/airflow/example_dags/example_dag_decorator.py
[2022-10-27T07:32:38.481+0000] {logging_mixin.py:117} INFO - [2022-10-27T07:32:38.481+0000] {dag.py:2573} INFO - Sync 1 DAGs
[2022-10-27T07:32:38.552+0000] {logging_mixin.py:117} INFO - [2022-10-27T07:32:38.551+0000] {dag.py:3328} INFO - Setting next_dagrun for example_dag_decorator to None, run_after=None
[2022-10-27T07:32:38.611+0000] {processor.py:178} INFO - Processing /home/airflow/.local/lib/python3.7/site-packages/airflow/example_dags/example_dag_decorator.py took 0.447 seconds
