[2022-10-27T07:27:44.063+0000] {processor.py:156} INFO - Started process (PID=85) to work on /home/airflow/.local/lib/python3.7/site-packages/airflow/example_dags/example_branch_python_dop_operator_3.py
[2022-10-27T07:27:44.067+0000] {processor.py:758} INFO - Processing file /home/airflow/.local/lib/python3.7/site-packages/airflow/example_dags/example_branch_python_dop_operator_3.py for tasks to queue
[2022-10-27T07:27:44.070+0000] {logging_mixin.py:117} INFO - [2022-10-27T07:27:44.069+0000] {dagbag.py:525} INFO - Filling up the DagBag from /home/airflow/.local/lib/python3.7/site-packages/airflow/example_dags/example_branch_python_dop_operator_3.py
[2022-10-27T07:27:44.150+0000] {processor.py:768} INFO - DAG(s) dict_keys(['example_branch_dop_operator_v3']) retrieved from /home/airflow/.local/lib/python3.7/site-packages/airflow/example_dags/example_branch_python_dop_operator_3.py
[2022-10-27T07:27:44.625+0000] {logging_mixin.py:117} INFO - [2022-10-27T07:27:44.624+0000] {dag.py:2573} INFO - Sync 1 DAGs
[2022-10-27T07:27:44.686+0000] {logging_mixin.py:117} INFO - [2022-10-27T07:27:44.685+0000] {dag.py:3328} INFO - Setting next_dagrun for example_branch_dop_operator_v3 to 2022-10-27T07:26:00+00:00, run_after=2022-10-27T07:27:00+00:00
[2022-10-27T07:27:44.734+0000] {processor.py:178} INFO - Processing /home/airflow/.local/lib/python3.7/site-packages/airflow/example_dags/example_branch_python_dop_operator_3.py took 0.681 seconds
[2022-10-27T07:28:14.793+0000] {processor.py:156} INFO - Started process (PID=139) to work on /home/airflow/.local/lib/python3.7/site-packages/airflow/example_dags/example_branch_python_dop_operator_3.py
[2022-10-27T07:28:14.794+0000] {processor.py:758} INFO - Processing file /home/airflow/.local/lib/python3.7/site-packages/airflow/example_dags/example_branch_python_dop_operator_3.py for tasks to queue
[2022-10-27T07:28:14.795+0000] {logging_mixin.py:117} INFO - [2022-10-27T07:28:14.795+0000] {dagbag.py:525} INFO - Filling up the DagBag from /home/airflow/.local/lib/python3.7/site-packages/airflow/example_dags/example_branch_python_dop_operator_3.py
[2022-10-27T07:28:14.971+0000] {processor.py:768} INFO - DAG(s) dict_keys(['example_branch_dop_operator_v3']) retrieved from /home/airflow/.local/lib/python3.7/site-packages/airflow/example_dags/example_branch_python_dop_operator_3.py
[2022-10-27T07:28:15.010+0000] {logging_mixin.py:117} INFO - [2022-10-27T07:28:15.010+0000] {dag.py:2573} INFO - Sync 1 DAGs
[2022-10-27T07:28:15.054+0000] {logging_mixin.py:117} INFO - [2022-10-27T07:28:15.054+0000] {dag.py:3328} INFO - Setting next_dagrun for example_branch_dop_operator_v3 to 2022-10-27T07:27:00+00:00, run_after=2022-10-27T07:28:00+00:00
[2022-10-27T07:28:15.084+0000] {processor.py:178} INFO - Processing /home/airflow/.local/lib/python3.7/site-packages/airflow/example_dags/example_branch_python_dop_operator_3.py took 0.295 seconds
[2022-10-27T07:28:45.454+0000] {processor.py:156} INFO - Started process (PID=203) to work on /home/airflow/.local/lib/python3.7/site-packages/airflow/example_dags/example_branch_python_dop_operator_3.py
[2022-10-27T07:28:45.455+0000] {processor.py:758} INFO - Processing file /home/airflow/.local/lib/python3.7/site-packages/airflow/example_dags/example_branch_python_dop_operator_3.py for tasks to queue
[2022-10-27T07:28:45.456+0000] {logging_mixin.py:117} INFO - [2022-10-27T07:28:45.456+0000] {dagbag.py:525} INFO - Filling up the DagBag from /home/airflow/.local/lib/python3.7/site-packages/airflow/example_dags/example_branch_python_dop_operator_3.py
[2022-10-27T07:28:45.684+0000] {processor.py:768} INFO - DAG(s) dict_keys(['example_branch_dop_operator_v3']) retrieved from /home/airflow/.local/lib/python3.7/site-packages/airflow/example_dags/example_branch_python_dop_operator_3.py
[2022-10-27T07:28:45.727+0000] {logging_mixin.py:117} INFO - [2022-10-27T07:28:45.726+0000] {dag.py:2573} INFO - Sync 1 DAGs
[2022-10-27T07:28:45.764+0000] {logging_mixin.py:117} INFO - [2022-10-27T07:28:45.764+0000] {dag.py:3328} INFO - Setting next_dagrun for example_branch_dop_operator_v3 to 2022-10-27T07:27:00+00:00, run_after=2022-10-27T07:28:00+00:00
[2022-10-27T07:28:45.789+0000] {processor.py:178} INFO - Processing /home/airflow/.local/lib/python3.7/site-packages/airflow/example_dags/example_branch_python_dop_operator_3.py took 0.339 seconds
[2022-10-27T07:29:16.166+0000] {processor.py:156} INFO - Started process (PID=257) to work on /home/airflow/.local/lib/python3.7/site-packages/airflow/example_dags/example_branch_python_dop_operator_3.py
[2022-10-27T07:29:16.167+0000] {processor.py:758} INFO - Processing file /home/airflow/.local/lib/python3.7/site-packages/airflow/example_dags/example_branch_python_dop_operator_3.py for tasks to queue
[2022-10-27T07:29:16.168+0000] {logging_mixin.py:117} INFO - [2022-10-27T07:29:16.168+0000] {dagbag.py:525} INFO - Filling up the DagBag from /home/airflow/.local/lib/python3.7/site-packages/airflow/example_dags/example_branch_python_dop_operator_3.py
[2022-10-27T07:29:16.204+0000] {processor.py:768} INFO - DAG(s) dict_keys(['example_branch_dop_operator_v3']) retrieved from /home/airflow/.local/lib/python3.7/site-packages/airflow/example_dags/example_branch_python_dop_operator_3.py
[2022-10-27T07:29:16.262+0000] {logging_mixin.py:117} INFO - [2022-10-27T07:29:16.262+0000] {dag.py:2573} INFO - Sync 1 DAGs
[2022-10-27T07:29:16.302+0000] {logging_mixin.py:117} INFO - [2022-10-27T07:29:16.302+0000] {dag.py:3328} INFO - Setting next_dagrun for example_branch_dop_operator_v3 to 2022-10-27T07:28:00+00:00, run_after=2022-10-27T07:29:00+00:00
[2022-10-27T07:29:16.330+0000] {processor.py:178} INFO - Processing /home/airflow/.local/lib/python3.7/site-packages/airflow/example_dags/example_branch_python_dop_operator_3.py took 0.169 seconds
[2022-10-27T07:29:47.027+0000] {processor.py:156} INFO - Started process (PID=320) to work on /home/airflow/.local/lib/python3.7/site-packages/airflow/example_dags/example_branch_python_dop_operator_3.py
[2022-10-27T07:29:47.029+0000] {processor.py:758} INFO - Processing file /home/airflow/.local/lib/python3.7/site-packages/airflow/example_dags/example_branch_python_dop_operator_3.py for tasks to queue
[2022-10-27T07:29:47.030+0000] {logging_mixin.py:117} INFO - [2022-10-27T07:29:47.030+0000] {dagbag.py:525} INFO - Filling up the DagBag from /home/airflow/.local/lib/python3.7/site-packages/airflow/example_dags/example_branch_python_dop_operator_3.py
[2022-10-27T07:29:47.068+0000] {processor.py:768} INFO - DAG(s) dict_keys(['example_branch_dop_operator_v3']) retrieved from /home/airflow/.local/lib/python3.7/site-packages/airflow/example_dags/example_branch_python_dop_operator_3.py
[2022-10-27T07:29:47.128+0000] {logging_mixin.py:117} INFO - [2022-10-27T07:29:47.128+0000] {dag.py:2573} INFO - Sync 1 DAGs
[2022-10-27T07:29:47.178+0000] {logging_mixin.py:117} INFO - [2022-10-27T07:29:47.178+0000] {dag.py:3328} INFO - Setting next_dagrun for example_branch_dop_operator_v3 to 2022-10-27T07:28:00+00:00, run_after=2022-10-27T07:29:00+00:00
[2022-10-27T07:29:47.209+0000] {processor.py:178} INFO - Processing /home/airflow/.local/lib/python3.7/site-packages/airflow/example_dags/example_branch_python_dop_operator_3.py took 0.187 seconds
[2022-10-27T07:30:17.747+0000] {processor.py:156} INFO - Started process (PID=374) to work on /home/airflow/.local/lib/python3.7/site-packages/airflow/example_dags/example_branch_python_dop_operator_3.py
[2022-10-27T07:30:17.748+0000] {processor.py:758} INFO - Processing file /home/airflow/.local/lib/python3.7/site-packages/airflow/example_dags/example_branch_python_dop_operator_3.py for tasks to queue
[2022-10-27T07:30:17.749+0000] {logging_mixin.py:117} INFO - [2022-10-27T07:30:17.749+0000] {dagbag.py:525} INFO - Filling up the DagBag from /home/airflow/.local/lib/python3.7/site-packages/airflow/example_dags/example_branch_python_dop_operator_3.py
[2022-10-27T07:30:17.789+0000] {processor.py:768} INFO - DAG(s) dict_keys(['example_branch_dop_operator_v3']) retrieved from /home/airflow/.local/lib/python3.7/site-packages/airflow/example_dags/example_branch_python_dop_operator_3.py
[2022-10-27T07:30:17.849+0000] {logging_mixin.py:117} INFO - [2022-10-27T07:30:17.848+0000] {dag.py:2573} INFO - Sync 1 DAGs
[2022-10-27T07:30:17.898+0000] {logging_mixin.py:117} INFO - [2022-10-27T07:30:17.898+0000] {dag.py:3328} INFO - Setting next_dagrun for example_branch_dop_operator_v3 to 2022-10-27T07:29:00+00:00, run_after=2022-10-27T07:30:00+00:00
[2022-10-27T07:30:17.932+0000] {processor.py:178} INFO - Processing /home/airflow/.local/lib/python3.7/site-packages/airflow/example_dags/example_branch_python_dop_operator_3.py took 0.192 seconds
[2022-10-27T07:30:48.881+0000] {processor.py:156} INFO - Started process (PID=437) to work on /home/airflow/.local/lib/python3.7/site-packages/airflow/example_dags/example_branch_python_dop_operator_3.py
[2022-10-27T07:30:48.883+0000] {processor.py:758} INFO - Processing file /home/airflow/.local/lib/python3.7/site-packages/airflow/example_dags/example_branch_python_dop_operator_3.py for tasks to queue
[2022-10-27T07:30:48.884+0000] {logging_mixin.py:117} INFO - [2022-10-27T07:30:48.884+0000] {dagbag.py:525} INFO - Filling up the DagBag from /home/airflow/.local/lib/python3.7/site-packages/airflow/example_dags/example_branch_python_dop_operator_3.py
[2022-10-27T07:30:48.948+0000] {processor.py:768} INFO - DAG(s) dict_keys(['example_branch_dop_operator_v3']) retrieved from /home/airflow/.local/lib/python3.7/site-packages/airflow/example_dags/example_branch_python_dop_operator_3.py
[2022-10-27T07:30:49.043+0000] {logging_mixin.py:117} INFO - [2022-10-27T07:30:49.043+0000] {dag.py:2573} INFO - Sync 1 DAGs
[2022-10-27T07:30:49.128+0000] {logging_mixin.py:117} INFO - [2022-10-27T07:30:49.127+0000] {dag.py:3328} INFO - Setting next_dagrun for example_branch_dop_operator_v3 to 2022-10-27T07:29:00+00:00, run_after=2022-10-27T07:30:00+00:00
[2022-10-27T07:30:49.166+0000] {processor.py:178} INFO - Processing /home/airflow/.local/lib/python3.7/site-packages/airflow/example_dags/example_branch_python_dop_operator_3.py took 0.293 seconds
[2022-10-27T07:31:19.328+0000] {processor.py:156} INFO - Started process (PID=491) to work on /home/airflow/.local/lib/python3.7/site-packages/airflow/example_dags/example_branch_python_dop_operator_3.py
[2022-10-27T07:31:19.329+0000] {processor.py:758} INFO - Processing file /home/airflow/.local/lib/python3.7/site-packages/airflow/example_dags/example_branch_python_dop_operator_3.py for tasks to queue
[2022-10-27T07:31:19.330+0000] {logging_mixin.py:117} INFO - [2022-10-27T07:31:19.329+0000] {dagbag.py:525} INFO - Filling up the DagBag from /home/airflow/.local/lib/python3.7/site-packages/airflow/example_dags/example_branch_python_dop_operator_3.py
[2022-10-27T07:31:19.367+0000] {processor.py:768} INFO - DAG(s) dict_keys(['example_branch_dop_operator_v3']) retrieved from /home/airflow/.local/lib/python3.7/site-packages/airflow/example_dags/example_branch_python_dop_operator_3.py
[2022-10-27T07:31:19.449+0000] {logging_mixin.py:117} INFO - [2022-10-27T07:31:19.448+0000] {dag.py:2573} INFO - Sync 1 DAGs
[2022-10-27T07:31:19.508+0000] {logging_mixin.py:117} INFO - [2022-10-27T07:31:19.507+0000] {dag.py:3328} INFO - Setting next_dagrun for example_branch_dop_operator_v3 to 2022-10-27T07:30:00+00:00, run_after=2022-10-27T07:31:00+00:00
[2022-10-27T07:31:19.540+0000] {processor.py:178} INFO - Processing /home/airflow/.local/lib/python3.7/site-packages/airflow/example_dags/example_branch_python_dop_operator_3.py took 0.216 seconds
[2022-10-27T07:31:49.743+0000] {processor.py:156} INFO - Started process (PID=554) to work on /home/airflow/.local/lib/python3.7/site-packages/airflow/example_dags/example_branch_python_dop_operator_3.py
[2022-10-27T07:31:49.746+0000] {processor.py:758} INFO - Processing file /home/airflow/.local/lib/python3.7/site-packages/airflow/example_dags/example_branch_python_dop_operator_3.py for tasks to queue
[2022-10-27T07:31:49.749+0000] {logging_mixin.py:117} INFO - [2022-10-27T07:31:49.748+0000] {dagbag.py:525} INFO - Filling up the DagBag from /home/airflow/.local/lib/python3.7/site-packages/airflow/example_dags/example_branch_python_dop_operator_3.py
[2022-10-27T07:31:49.802+0000] {processor.py:768} INFO - DAG(s) dict_keys(['example_branch_dop_operator_v3']) retrieved from /home/airflow/.local/lib/python3.7/site-packages/airflow/example_dags/example_branch_python_dop_operator_3.py
[2022-10-27T07:31:49.884+0000] {logging_mixin.py:117} INFO - [2022-10-27T07:31:49.884+0000] {dag.py:2573} INFO - Sync 1 DAGs
[2022-10-27T07:31:49.958+0000] {logging_mixin.py:117} INFO - [2022-10-27T07:31:49.958+0000] {dag.py:3328} INFO - Setting next_dagrun for example_branch_dop_operator_v3 to 2022-10-27T07:30:00+00:00, run_after=2022-10-27T07:31:00+00:00
[2022-10-27T07:31:50.011+0000] {processor.py:178} INFO - Processing /home/airflow/.local/lib/python3.7/site-packages/airflow/example_dags/example_branch_python_dop_operator_3.py took 0.275 seconds
[2022-10-27T07:32:20.993+0000] {processor.py:156} INFO - Started process (PID=608) to work on /home/airflow/.local/lib/python3.7/site-packages/airflow/example_dags/example_branch_python_dop_operator_3.py
[2022-10-27T07:32:20.995+0000] {processor.py:758} INFO - Processing file /home/airflow/.local/lib/python3.7/site-packages/airflow/example_dags/example_branch_python_dop_operator_3.py for tasks to queue
[2022-10-27T07:32:20.997+0000] {logging_mixin.py:117} INFO - [2022-10-27T07:32:20.996+0000] {dagbag.py:525} INFO - Filling up the DagBag from /home/airflow/.local/lib/python3.7/site-packages/airflow/example_dags/example_branch_python_dop_operator_3.py
[2022-10-27T07:32:21.036+0000] {processor.py:768} INFO - DAG(s) dict_keys(['example_branch_dop_operator_v3']) retrieved from /home/airflow/.local/lib/python3.7/site-packages/airflow/example_dags/example_branch_python_dop_operator_3.py
[2022-10-27T07:32:21.107+0000] {logging_mixin.py:117} INFO - [2022-10-27T07:32:21.106+0000] {dag.py:2573} INFO - Sync 1 DAGs
[2022-10-27T07:32:21.156+0000] {logging_mixin.py:117} INFO - [2022-10-27T07:32:21.155+0000] {dag.py:3328} INFO - Setting next_dagrun for example_branch_dop_operator_v3 to 2022-10-27T07:31:00+00:00, run_after=2022-10-27T07:32:00+00:00
[2022-10-27T07:32:21.193+0000] {processor.py:178} INFO - Processing /home/airflow/.local/lib/python3.7/site-packages/airflow/example_dags/example_branch_python_dop_operator_3.py took 0.206 seconds
[2022-10-27T07:32:51.562+0000] {processor.py:156} INFO - Started process (PID=671) to work on /home/airflow/.local/lib/python3.7/site-packages/airflow/example_dags/example_branch_python_dop_operator_3.py
[2022-10-27T07:32:51.563+0000] {processor.py:758} INFO - Processing file /home/airflow/.local/lib/python3.7/site-packages/airflow/example_dags/example_branch_python_dop_operator_3.py for tasks to queue
[2022-10-27T07:32:51.564+0000] {logging_mixin.py:117} INFO - [2022-10-27T07:32:51.564+0000] {dagbag.py:525} INFO - Filling up the DagBag from /home/airflow/.local/lib/python3.7/site-packages/airflow/example_dags/example_branch_python_dop_operator_3.py
[2022-10-27T07:32:51.598+0000] {processor.py:768} INFO - DAG(s) dict_keys(['example_branch_dop_operator_v3']) retrieved from /home/airflow/.local/lib/python3.7/site-packages/airflow/example_dags/example_branch_python_dop_operator_3.py
[2022-10-27T07:32:51.648+0000] {logging_mixin.py:117} INFO - [2022-10-27T07:32:51.648+0000] {dag.py:2573} INFO - Sync 1 DAGs
[2022-10-27T07:32:51.693+0000] {logging_mixin.py:117} INFO - [2022-10-27T07:32:51.693+0000] {dag.py:3328} INFO - Setting next_dagrun for example_branch_dop_operator_v3 to 2022-10-27T07:31:00+00:00, run_after=2022-10-27T07:32:00+00:00
[2022-10-27T07:32:51.717+0000] {processor.py:178} INFO - Processing /home/airflow/.local/lib/python3.7/site-packages/airflow/example_dags/example_branch_python_dop_operator_3.py took 0.160 seconds
