[2022-10-27T07:27:26.848+0000] {processor.py:156} INFO - Started process (PID=51) to work on /home/airflow/.local/lib/python3.7/site-packages/airflow/example_dags/example_short_circuit_operator.py
[2022-10-27T07:27:26.852+0000] {processor.py:758} INFO - Processing file /home/airflow/.local/lib/python3.7/site-packages/airflow/example_dags/example_short_circuit_operator.py for tasks to queue
[2022-10-27T07:27:26.853+0000] {logging_mixin.py:117} INFO - [2022-10-27T07:27:26.853+0000] {dagbag.py:525} INFO - Filling up the DagBag from /home/airflow/.local/lib/python3.7/site-packages/airflow/example_dags/example_short_circuit_operator.py
[2022-10-27T07:27:26.924+0000] {processor.py:768} INFO - DAG(s) dict_keys(['example_short_circuit_operator']) retrieved from /home/airflow/.local/lib/python3.7/site-packages/airflow/example_dags/example_short_circuit_operator.py
[2022-10-27T07:27:27.557+0000] {logging_mixin.py:117} INFO - [2022-10-27T07:27:27.556+0000] {dag.py:2573} INFO - Sync 1 DAGs
[2022-10-27T07:27:27.611+0000] {logging_mixin.py:117} INFO - [2022-10-27T07:27:27.610+0000] {dag.py:3328} INFO - Setting next_dagrun for example_short_circuit_operator to 2022-10-26T07:27:27.610531+00:00, run_after=2022-10-27T07:27:27.610531+00:00
[2022-10-27T07:27:27.655+0000] {processor.py:178} INFO - Processing /home/airflow/.local/lib/python3.7/site-packages/airflow/example_dags/example_short_circuit_operator.py took 0.820 seconds
[2022-10-27T07:27:57.906+0000] {processor.py:156} INFO - Started process (PID=105) to work on /home/airflow/.local/lib/python3.7/site-packages/airflow/example_dags/example_short_circuit_operator.py
[2022-10-27T07:27:57.907+0000] {processor.py:758} INFO - Processing file /home/airflow/.local/lib/python3.7/site-packages/airflow/example_dags/example_short_circuit_operator.py for tasks to queue
[2022-10-27T07:27:57.908+0000] {logging_mixin.py:117} INFO - [2022-10-27T07:27:57.908+0000] {dagbag.py:525} INFO - Filling up the DagBag from /home/airflow/.local/lib/python3.7/site-packages/airflow/example_dags/example_short_circuit_operator.py
[2022-10-27T07:27:57.930+0000] {processor.py:768} INFO - DAG(s) dict_keys(['example_short_circuit_operator']) retrieved from /home/airflow/.local/lib/python3.7/site-packages/airflow/example_dags/example_short_circuit_operator.py
[2022-10-27T07:27:58.173+0000] {logging_mixin.py:117} INFO - [2022-10-27T07:27:58.172+0000] {dag.py:2573} INFO - Sync 1 DAGs
[2022-10-27T07:27:58.207+0000] {logging_mixin.py:117} INFO - [2022-10-27T07:27:58.207+0000] {dag.py:3328} INFO - Setting next_dagrun for example_short_circuit_operator to 2022-10-26T07:27:58.207465+00:00, run_after=2022-10-27T07:27:58.207465+00:00
[2022-10-27T07:27:58.236+0000] {processor.py:178} INFO - Processing /home/airflow/.local/lib/python3.7/site-packages/airflow/example_dags/example_short_circuit_operator.py took 0.333 seconds
[2022-10-27T07:28:28.323+0000] {processor.py:156} INFO - Started process (PID=160) to work on /home/airflow/.local/lib/python3.7/site-packages/airflow/example_dags/example_short_circuit_operator.py
[2022-10-27T07:28:28.324+0000] {processor.py:758} INFO - Processing file /home/airflow/.local/lib/python3.7/site-packages/airflow/example_dags/example_short_circuit_operator.py for tasks to queue
[2022-10-27T07:28:28.325+0000] {logging_mixin.py:117} INFO - [2022-10-27T07:28:28.325+0000] {dagbag.py:525} INFO - Filling up the DagBag from /home/airflow/.local/lib/python3.7/site-packages/airflow/example_dags/example_short_circuit_operator.py
[2022-10-27T07:28:28.630+0000] {processor.py:768} INFO - DAG(s) dict_keys(['example_short_circuit_operator']) retrieved from /home/airflow/.local/lib/python3.7/site-packages/airflow/example_dags/example_short_circuit_operator.py
[2022-10-27T07:28:28.696+0000] {logging_mixin.py:117} INFO - [2022-10-27T07:28:28.695+0000] {dag.py:2573} INFO - Sync 1 DAGs
[2022-10-27T07:28:28.755+0000] {logging_mixin.py:117} INFO - [2022-10-27T07:28:28.755+0000] {dag.py:3328} INFO - Setting next_dagrun for example_short_circuit_operator to 2022-10-26T07:28:28.755025+00:00, run_after=2022-10-27T07:28:28.755025+00:00
[2022-10-27T07:28:28.810+0000] {processor.py:178} INFO - Processing /home/airflow/.local/lib/python3.7/site-packages/airflow/example_dags/example_short_circuit_operator.py took 0.491 seconds
[2022-10-27T07:28:59.654+0000] {processor.py:156} INFO - Started process (PID=223) to work on /home/airflow/.local/lib/python3.7/site-packages/airflow/example_dags/example_short_circuit_operator.py
[2022-10-27T07:28:59.656+0000] {processor.py:758} INFO - Processing file /home/airflow/.local/lib/python3.7/site-packages/airflow/example_dags/example_short_circuit_operator.py for tasks to queue
[2022-10-27T07:28:59.657+0000] {logging_mixin.py:117} INFO - [2022-10-27T07:28:59.657+0000] {dagbag.py:525} INFO - Filling up the DagBag from /home/airflow/.local/lib/python3.7/site-packages/airflow/example_dags/example_short_circuit_operator.py
[2022-10-27T07:28:59.692+0000] {processor.py:768} INFO - DAG(s) dict_keys(['example_short_circuit_operator']) retrieved from /home/airflow/.local/lib/python3.7/site-packages/airflow/example_dags/example_short_circuit_operator.py
[2022-10-27T07:28:59.757+0000] {logging_mixin.py:117} INFO - [2022-10-27T07:28:59.757+0000] {dag.py:2573} INFO - Sync 1 DAGs
[2022-10-27T07:28:59.795+0000] {logging_mixin.py:117} INFO - [2022-10-27T07:28:59.795+0000] {dag.py:3328} INFO - Setting next_dagrun for example_short_circuit_operator to 2022-10-26T07:28:59.794514+00:00, run_after=2022-10-27T07:28:59.794514+00:00
[2022-10-27T07:28:59.823+0000] {processor.py:178} INFO - Processing /home/airflow/.local/lib/python3.7/site-packages/airflow/example_dags/example_short_circuit_operator.py took 0.174 seconds
[2022-10-27T07:29:30.478+0000] {processor.py:156} INFO - Started process (PID=286) to work on /home/airflow/.local/lib/python3.7/site-packages/airflow/example_dags/example_short_circuit_operator.py
[2022-10-27T07:29:30.479+0000] {processor.py:758} INFO - Processing file /home/airflow/.local/lib/python3.7/site-packages/airflow/example_dags/example_short_circuit_operator.py for tasks to queue
[2022-10-27T07:29:30.480+0000] {logging_mixin.py:117} INFO - [2022-10-27T07:29:30.480+0000] {dagbag.py:525} INFO - Filling up the DagBag from /home/airflow/.local/lib/python3.7/site-packages/airflow/example_dags/example_short_circuit_operator.py
[2022-10-27T07:29:30.515+0000] {processor.py:768} INFO - DAG(s) dict_keys(['example_short_circuit_operator']) retrieved from /home/airflow/.local/lib/python3.7/site-packages/airflow/example_dags/example_short_circuit_operator.py
[2022-10-27T07:29:30.595+0000] {logging_mixin.py:117} INFO - [2022-10-27T07:29:30.595+0000] {dag.py:2573} INFO - Sync 1 DAGs
[2022-10-27T07:29:30.648+0000] {logging_mixin.py:117} INFO - [2022-10-27T07:29:30.648+0000] {dag.py:3328} INFO - Setting next_dagrun for example_short_circuit_operator to 2022-10-26T07:29:30.648180+00:00, run_after=2022-10-27T07:29:30.648180+00:00
[2022-10-27T07:29:30.687+0000] {processor.py:178} INFO - Processing /home/airflow/.local/lib/python3.7/site-packages/airflow/example_dags/example_short_circuit_operator.py took 0.217 seconds
[2022-10-27T07:30:01.026+0000] {processor.py:156} INFO - Started process (PID=340) to work on /home/airflow/.local/lib/python3.7/site-packages/airflow/example_dags/example_short_circuit_operator.py
[2022-10-27T07:30:01.026+0000] {processor.py:758} INFO - Processing file /home/airflow/.local/lib/python3.7/site-packages/airflow/example_dags/example_short_circuit_operator.py for tasks to queue
[2022-10-27T07:30:01.027+0000] {logging_mixin.py:117} INFO - [2022-10-27T07:30:01.027+0000] {dagbag.py:525} INFO - Filling up the DagBag from /home/airflow/.local/lib/python3.7/site-packages/airflow/example_dags/example_short_circuit_operator.py
[2022-10-27T07:30:01.050+0000] {processor.py:768} INFO - DAG(s) dict_keys(['example_short_circuit_operator']) retrieved from /home/airflow/.local/lib/python3.7/site-packages/airflow/example_dags/example_short_circuit_operator.py
[2022-10-27T07:30:01.114+0000] {logging_mixin.py:117} INFO - [2022-10-27T07:30:01.113+0000] {dag.py:2573} INFO - Sync 1 DAGs
[2022-10-27T07:30:01.153+0000] {logging_mixin.py:117} INFO - [2022-10-27T07:30:01.153+0000] {dag.py:3328} INFO - Setting next_dagrun for example_short_circuit_operator to 2022-10-26T07:30:01.152759+00:00, run_after=2022-10-27T07:30:01.152759+00:00
[2022-10-27T07:30:01.184+0000] {processor.py:178} INFO - Processing /home/airflow/.local/lib/python3.7/site-packages/airflow/example_dags/example_short_circuit_operator.py took 0.162 seconds
[2022-10-27T07:30:31.272+0000] {processor.py:156} INFO - Started process (PID=394) to work on /home/airflow/.local/lib/python3.7/site-packages/airflow/example_dags/example_short_circuit_operator.py
[2022-10-27T07:30:31.273+0000] {processor.py:758} INFO - Processing file /home/airflow/.local/lib/python3.7/site-packages/airflow/example_dags/example_short_circuit_operator.py for tasks to queue
[2022-10-27T07:30:31.274+0000] {logging_mixin.py:117} INFO - [2022-10-27T07:30:31.274+0000] {dagbag.py:525} INFO - Filling up the DagBag from /home/airflow/.local/lib/python3.7/site-packages/airflow/example_dags/example_short_circuit_operator.py
[2022-10-27T07:30:31.301+0000] {processor.py:768} INFO - DAG(s) dict_keys(['example_short_circuit_operator']) retrieved from /home/airflow/.local/lib/python3.7/site-packages/airflow/example_dags/example_short_circuit_operator.py
[2022-10-27T07:30:31.364+0000] {logging_mixin.py:117} INFO - [2022-10-27T07:30:31.364+0000] {dag.py:2573} INFO - Sync 1 DAGs
[2022-10-27T07:30:31.412+0000] {logging_mixin.py:117} INFO - [2022-10-27T07:30:31.412+0000] {dag.py:3328} INFO - Setting next_dagrun for example_short_circuit_operator to 2022-10-26T07:30:31.411772+00:00, run_after=2022-10-27T07:30:31.411772+00:00
[2022-10-27T07:30:31.444+0000] {processor.py:178} INFO - Processing /home/airflow/.local/lib/python3.7/site-packages/airflow/example_dags/example_short_circuit_operator.py took 0.176 seconds
[2022-10-27T07:31:02.082+0000] {processor.py:156} INFO - Started process (PID=457) to work on /home/airflow/.local/lib/python3.7/site-packages/airflow/example_dags/example_short_circuit_operator.py
[2022-10-27T07:31:02.084+0000] {processor.py:758} INFO - Processing file /home/airflow/.local/lib/python3.7/site-packages/airflow/example_dags/example_short_circuit_operator.py for tasks to queue
[2022-10-27T07:31:02.085+0000] {logging_mixin.py:117} INFO - [2022-10-27T07:31:02.084+0000] {dagbag.py:525} INFO - Filling up the DagBag from /home/airflow/.local/lib/python3.7/site-packages/airflow/example_dags/example_short_circuit_operator.py
[2022-10-27T07:31:02.113+0000] {processor.py:768} INFO - DAG(s) dict_keys(['example_short_circuit_operator']) retrieved from /home/airflow/.local/lib/python3.7/site-packages/airflow/example_dags/example_short_circuit_operator.py
[2022-10-27T07:31:02.183+0000] {logging_mixin.py:117} INFO - [2022-10-27T07:31:02.183+0000] {dag.py:2573} INFO - Sync 1 DAGs
[2022-10-27T07:31:02.223+0000] {logging_mixin.py:117} INFO - [2022-10-27T07:31:02.223+0000] {dag.py:3328} INFO - Setting next_dagrun for example_short_circuit_operator to 2022-10-26T07:31:02.223171+00:00, run_after=2022-10-27T07:31:02.223171+00:00
[2022-10-27T07:31:02.258+0000] {processor.py:178} INFO - Processing /home/airflow/.local/lib/python3.7/site-packages/airflow/example_dags/example_short_circuit_operator.py took 0.180 seconds
[2022-10-27T07:31:32.781+0000] {processor.py:156} INFO - Started process (PID=511) to work on /home/airflow/.local/lib/python3.7/site-packages/airflow/example_dags/example_short_circuit_operator.py
[2022-10-27T07:31:32.783+0000] {processor.py:758} INFO - Processing file /home/airflow/.local/lib/python3.7/site-packages/airflow/example_dags/example_short_circuit_operator.py for tasks to queue
[2022-10-27T07:31:32.783+0000] {logging_mixin.py:117} INFO - [2022-10-27T07:31:32.783+0000] {dagbag.py:525} INFO - Filling up the DagBag from /home/airflow/.local/lib/python3.7/site-packages/airflow/example_dags/example_short_circuit_operator.py
[2022-10-27T07:31:32.807+0000] {processor.py:768} INFO - DAG(s) dict_keys(['example_short_circuit_operator']) retrieved from /home/airflow/.local/lib/python3.7/site-packages/airflow/example_dags/example_short_circuit_operator.py
[2022-10-27T07:31:32.864+0000] {logging_mixin.py:117} INFO - [2022-10-27T07:31:32.864+0000] {dag.py:2573} INFO - Sync 1 DAGs
[2022-10-27T07:31:32.901+0000] {logging_mixin.py:117} INFO - [2022-10-27T07:31:32.900+0000] {dag.py:3328} INFO - Setting next_dagrun for example_short_circuit_operator to 2022-10-26T07:31:32.900111+00:00, run_after=2022-10-27T07:31:32.900111+00:00
[2022-10-27T07:31:32.932+0000] {processor.py:178} INFO - Processing /home/airflow/.local/lib/python3.7/site-packages/airflow/example_dags/example_short_circuit_operator.py took 0.155 seconds
[2022-10-27T07:32:03.423+0000] {processor.py:156} INFO - Started process (PID=574) to work on /home/airflow/.local/lib/python3.7/site-packages/airflow/example_dags/example_short_circuit_operator.py
[2022-10-27T07:32:03.424+0000] {processor.py:758} INFO - Processing file /home/airflow/.local/lib/python3.7/site-packages/airflow/example_dags/example_short_circuit_operator.py for tasks to queue
[2022-10-27T07:32:03.425+0000] {logging_mixin.py:117} INFO - [2022-10-27T07:32:03.425+0000] {dagbag.py:525} INFO - Filling up the DagBag from /home/airflow/.local/lib/python3.7/site-packages/airflow/example_dags/example_short_circuit_operator.py
[2022-10-27T07:32:03.445+0000] {processor.py:768} INFO - DAG(s) dict_keys(['example_short_circuit_operator']) retrieved from /home/airflow/.local/lib/python3.7/site-packages/airflow/example_dags/example_short_circuit_operator.py
[2022-10-27T07:32:03.502+0000] {logging_mixin.py:117} INFO - [2022-10-27T07:32:03.501+0000] {dag.py:2573} INFO - Sync 1 DAGs
[2022-10-27T07:32:03.536+0000] {logging_mixin.py:117} INFO - [2022-10-27T07:32:03.536+0000] {dag.py:3328} INFO - Setting next_dagrun for example_short_circuit_operator to 2022-10-26T07:32:03.535753+00:00, run_after=2022-10-27T07:32:03.535753+00:00
[2022-10-27T07:32:03.565+0000] {processor.py:178} INFO - Processing /home/airflow/.local/lib/python3.7/site-packages/airflow/example_dags/example_short_circuit_operator.py took 0.145 seconds
[2022-10-27T07:32:33.850+0000] {processor.py:156} INFO - Started process (PID=628) to work on /home/airflow/.local/lib/python3.7/site-packages/airflow/example_dags/example_short_circuit_operator.py
[2022-10-27T07:32:33.854+0000] {processor.py:758} INFO - Processing file /home/airflow/.local/lib/python3.7/site-packages/airflow/example_dags/example_short_circuit_operator.py for tasks to queue
[2022-10-27T07:32:33.856+0000] {logging_mixin.py:117} INFO - [2022-10-27T07:32:33.855+0000] {dagbag.py:525} INFO - Filling up the DagBag from /home/airflow/.local/lib/python3.7/site-packages/airflow/example_dags/example_short_circuit_operator.py
[2022-10-27T07:32:33.897+0000] {processor.py:768} INFO - DAG(s) dict_keys(['example_short_circuit_operator']) retrieved from /home/airflow/.local/lib/python3.7/site-packages/airflow/example_dags/example_short_circuit_operator.py
[2022-10-27T07:32:33.996+0000] {logging_mixin.py:117} INFO - [2022-10-27T07:32:33.996+0000] {dag.py:2573} INFO - Sync 1 DAGs
[2022-10-27T07:32:34.062+0000] {logging_mixin.py:117} INFO - [2022-10-27T07:32:34.062+0000] {dag.py:3328} INFO - Setting next_dagrun for example_short_circuit_operator to 2022-10-26T07:32:34.061981+00:00, run_after=2022-10-27T07:32:34.061981+00:00
[2022-10-27T07:32:34.105+0000] {processor.py:178} INFO - Processing /home/airflow/.local/lib/python3.7/site-packages/airflow/example_dags/example_short_circuit_operator.py took 0.263 seconds
