[2022-10-27T07:27:32.378+0000] {processor.py:156} INFO - Started process (PID=63) to work on /home/airflow/.local/lib/python3.7/site-packages/airflow/example_dags/tutorial_dag.py
[2022-10-27T07:27:32.380+0000] {processor.py:758} INFO - Processing file /home/airflow/.local/lib/python3.7/site-packages/airflow/example_dags/tutorial_dag.py for tasks to queue
[2022-10-27T07:27:32.383+0000] {logging_mixin.py:117} INFO - [2022-10-27T07:27:32.382+0000] {dagbag.py:525} INFO - Filling up the DagBag from /home/airflow/.local/lib/python3.7/site-packages/airflow/example_dags/tutorial_dag.py
[2022-10-27T07:27:32.435+0000] {processor.py:768} INFO - DAG(s) dict_keys(['tutorial_dag']) retrieved from /home/airflow/.local/lib/python3.7/site-packages/airflow/example_dags/tutorial_dag.py
[2022-10-27T07:27:33.167+0000] {logging_mixin.py:117} INFO - [2022-10-27T07:27:33.166+0000] {dag.py:2573} INFO - Sync 1 DAGs
[2022-10-27T07:27:33.243+0000] {logging_mixin.py:117} INFO - [2022-10-27T07:27:33.242+0000] {dag.py:3328} INFO - Setting next_dagrun for tutorial_dag to None, run_after=None
[2022-10-27T07:27:33.308+0000] {processor.py:178} INFO - Processing /home/airflow/.local/lib/python3.7/site-packages/airflow/example_dags/tutorial_dag.py took 0.937 seconds
[2022-10-27T07:28:03.545+0000] {processor.py:156} INFO - Started process (PID=117) to work on /home/airflow/.local/lib/python3.7/site-packages/airflow/example_dags/tutorial_dag.py
[2022-10-27T07:28:03.547+0000] {processor.py:758} INFO - Processing file /home/airflow/.local/lib/python3.7/site-packages/airflow/example_dags/tutorial_dag.py for tasks to queue
[2022-10-27T07:28:03.547+0000] {logging_mixin.py:117} INFO - [2022-10-27T07:28:03.547+0000] {dagbag.py:525} INFO - Filling up the DagBag from /home/airflow/.local/lib/python3.7/site-packages/airflow/example_dags/tutorial_dag.py
[2022-10-27T07:28:03.576+0000] {processor.py:768} INFO - DAG(s) dict_keys(['tutorial_dag']) retrieved from /home/airflow/.local/lib/python3.7/site-packages/airflow/example_dags/tutorial_dag.py
[2022-10-27T07:28:03.842+0000] {logging_mixin.py:117} INFO - [2022-10-27T07:28:03.842+0000] {dag.py:2573} INFO - Sync 1 DAGs
[2022-10-27T07:28:03.885+0000] {logging_mixin.py:117} INFO - [2022-10-27T07:28:03.885+0000] {dag.py:3328} INFO - Setting next_dagrun for tutorial_dag to None, run_after=None
[2022-10-27T07:28:03.938+0000] {processor.py:178} INFO - Processing /home/airflow/.local/lib/python3.7/site-packages/airflow/example_dags/tutorial_dag.py took 0.398 seconds
[2022-10-27T07:28:34.381+0000] {processor.py:156} INFO - Started process (PID=181) to work on /home/airflow/.local/lib/python3.7/site-packages/airflow/example_dags/tutorial_dag.py
[2022-10-27T07:28:34.382+0000] {processor.py:758} INFO - Processing file /home/airflow/.local/lib/python3.7/site-packages/airflow/example_dags/tutorial_dag.py for tasks to queue
[2022-10-27T07:28:34.383+0000] {logging_mixin.py:117} INFO - [2022-10-27T07:28:34.382+0000] {dagbag.py:525} INFO - Filling up the DagBag from /home/airflow/.local/lib/python3.7/site-packages/airflow/example_dags/tutorial_dag.py
[2022-10-27T07:28:34.594+0000] {processor.py:768} INFO - DAG(s) dict_keys(['tutorial_dag']) retrieved from /home/airflow/.local/lib/python3.7/site-packages/airflow/example_dags/tutorial_dag.py
[2022-10-27T07:28:34.633+0000] {logging_mixin.py:117} INFO - [2022-10-27T07:28:34.633+0000] {dag.py:2573} INFO - Sync 1 DAGs
[2022-10-27T07:28:34.663+0000] {logging_mixin.py:117} INFO - [2022-10-27T07:28:34.663+0000] {dag.py:3328} INFO - Setting next_dagrun for tutorial_dag to None, run_after=None
[2022-10-27T07:28:34.688+0000] {processor.py:178} INFO - Processing /home/airflow/.local/lib/python3.7/site-packages/airflow/example_dags/tutorial_dag.py took 0.312 seconds
[2022-10-27T07:29:04.839+0000] {processor.py:156} INFO - Started process (PID=235) to work on /home/airflow/.local/lib/python3.7/site-packages/airflow/example_dags/tutorial_dag.py
[2022-10-27T07:29:04.841+0000] {processor.py:758} INFO - Processing file /home/airflow/.local/lib/python3.7/site-packages/airflow/example_dags/tutorial_dag.py for tasks to queue
[2022-10-27T07:29:04.842+0000] {logging_mixin.py:117} INFO - [2022-10-27T07:29:04.842+0000] {dagbag.py:525} INFO - Filling up the DagBag from /home/airflow/.local/lib/python3.7/site-packages/airflow/example_dags/tutorial_dag.py
[2022-10-27T07:29:04.860+0000] {processor.py:768} INFO - DAG(s) dict_keys(['tutorial_dag']) retrieved from /home/airflow/.local/lib/python3.7/site-packages/airflow/example_dags/tutorial_dag.py
[2022-10-27T07:29:04.912+0000] {logging_mixin.py:117} INFO - [2022-10-27T07:29:04.911+0000] {dag.py:2573} INFO - Sync 1 DAGs
[2022-10-27T07:29:04.941+0000] {logging_mixin.py:117} INFO - [2022-10-27T07:29:04.940+0000] {dag.py:3328} INFO - Setting next_dagrun for tutorial_dag to None, run_after=None
[2022-10-27T07:29:04.972+0000] {processor.py:178} INFO - Processing /home/airflow/.local/lib/python3.7/site-packages/airflow/example_dags/tutorial_dag.py took 0.136 seconds
[2022-10-27T07:29:35.395+0000] {processor.py:156} INFO - Started process (PID=298) to work on /home/airflow/.local/lib/python3.7/site-packages/airflow/example_dags/tutorial_dag.py
[2022-10-27T07:29:35.398+0000] {processor.py:758} INFO - Processing file /home/airflow/.local/lib/python3.7/site-packages/airflow/example_dags/tutorial_dag.py for tasks to queue
[2022-10-27T07:29:35.400+0000] {logging_mixin.py:117} INFO - [2022-10-27T07:29:35.399+0000] {dagbag.py:525} INFO - Filling up the DagBag from /home/airflow/.local/lib/python3.7/site-packages/airflow/example_dags/tutorial_dag.py
[2022-10-27T07:29:35.428+0000] {processor.py:768} INFO - DAG(s) dict_keys(['tutorial_dag']) retrieved from /home/airflow/.local/lib/python3.7/site-packages/airflow/example_dags/tutorial_dag.py
[2022-10-27T07:29:35.511+0000] {logging_mixin.py:117} INFO - [2022-10-27T07:29:35.511+0000] {dag.py:2573} INFO - Sync 1 DAGs
[2022-10-27T07:29:35.553+0000] {logging_mixin.py:117} INFO - [2022-10-27T07:29:35.553+0000] {dag.py:3328} INFO - Setting next_dagrun for tutorial_dag to None, run_after=None
[2022-10-27T07:29:35.587+0000] {processor.py:178} INFO - Processing /home/airflow/.local/lib/python3.7/site-packages/airflow/example_dags/tutorial_dag.py took 0.198 seconds
[2022-10-27T07:30:06.278+0000] {processor.py:156} INFO - Started process (PID=352) to work on /home/airflow/.local/lib/python3.7/site-packages/airflow/example_dags/tutorial_dag.py
[2022-10-27T07:30:06.279+0000] {processor.py:758} INFO - Processing file /home/airflow/.local/lib/python3.7/site-packages/airflow/example_dags/tutorial_dag.py for tasks to queue
[2022-10-27T07:30:06.280+0000] {logging_mixin.py:117} INFO - [2022-10-27T07:30:06.280+0000] {dagbag.py:525} INFO - Filling up the DagBag from /home/airflow/.local/lib/python3.7/site-packages/airflow/example_dags/tutorial_dag.py
[2022-10-27T07:30:06.298+0000] {processor.py:768} INFO - DAG(s) dict_keys(['tutorial_dag']) retrieved from /home/airflow/.local/lib/python3.7/site-packages/airflow/example_dags/tutorial_dag.py
[2022-10-27T07:30:06.354+0000] {logging_mixin.py:117} INFO - [2022-10-27T07:30:06.354+0000] {dag.py:2573} INFO - Sync 1 DAGs
[2022-10-27T07:30:06.388+0000] {logging_mixin.py:117} INFO - [2022-10-27T07:30:06.388+0000] {dag.py:3328} INFO - Setting next_dagrun for tutorial_dag to None, run_after=None
[2022-10-27T07:30:06.419+0000] {processor.py:178} INFO - Processing /home/airflow/.local/lib/python3.7/site-packages/airflow/example_dags/tutorial_dag.py took 0.146 seconds
[2022-10-27T07:30:37.051+0000] {processor.py:156} INFO - Started process (PID=415) to work on /home/airflow/.local/lib/python3.7/site-packages/airflow/example_dags/tutorial_dag.py
[2022-10-27T07:30:37.052+0000] {processor.py:758} INFO - Processing file /home/airflow/.local/lib/python3.7/site-packages/airflow/example_dags/tutorial_dag.py for tasks to queue
[2022-10-27T07:30:37.053+0000] {logging_mixin.py:117} INFO - [2022-10-27T07:30:37.053+0000] {dagbag.py:525} INFO - Filling up the DagBag from /home/airflow/.local/lib/python3.7/site-packages/airflow/example_dags/tutorial_dag.py
[2022-10-27T07:30:37.073+0000] {processor.py:768} INFO - DAG(s) dict_keys(['tutorial_dag']) retrieved from /home/airflow/.local/lib/python3.7/site-packages/airflow/example_dags/tutorial_dag.py
[2022-10-27T07:30:37.134+0000] {logging_mixin.py:117} INFO - [2022-10-27T07:30:37.134+0000] {dag.py:2573} INFO - Sync 1 DAGs
[2022-10-27T07:30:37.183+0000] {logging_mixin.py:117} INFO - [2022-10-27T07:30:37.182+0000] {dag.py:3328} INFO - Setting next_dagrun for tutorial_dag to None, run_after=None
[2022-10-27T07:30:37.226+0000] {processor.py:178} INFO - Processing /home/airflow/.local/lib/python3.7/site-packages/airflow/example_dags/tutorial_dag.py took 0.179 seconds
[2022-10-27T07:31:07.487+0000] {processor.py:156} INFO - Started process (PID=469) to work on /home/airflow/.local/lib/python3.7/site-packages/airflow/example_dags/tutorial_dag.py
[2022-10-27T07:31:07.489+0000] {processor.py:758} INFO - Processing file /home/airflow/.local/lib/python3.7/site-packages/airflow/example_dags/tutorial_dag.py for tasks to queue
[2022-10-27T07:31:07.490+0000] {logging_mixin.py:117} INFO - [2022-10-27T07:31:07.489+0000] {dagbag.py:525} INFO - Filling up the DagBag from /home/airflow/.local/lib/python3.7/site-packages/airflow/example_dags/tutorial_dag.py
[2022-10-27T07:31:07.520+0000] {processor.py:768} INFO - DAG(s) dict_keys(['tutorial_dag']) retrieved from /home/airflow/.local/lib/python3.7/site-packages/airflow/example_dags/tutorial_dag.py
[2022-10-27T07:31:07.595+0000] {logging_mixin.py:117} INFO - [2022-10-27T07:31:07.594+0000] {dag.py:2573} INFO - Sync 1 DAGs
[2022-10-27T07:31:07.639+0000] {logging_mixin.py:117} INFO - [2022-10-27T07:31:07.639+0000] {dag.py:3328} INFO - Setting next_dagrun for tutorial_dag to None, run_after=None
[2022-10-27T07:31:07.680+0000] {processor.py:178} INFO - Processing /home/airflow/.local/lib/python3.7/site-packages/airflow/example_dags/tutorial_dag.py took 0.199 seconds
[2022-10-27T07:31:38.401+0000] {processor.py:156} INFO - Started process (PID=532) to work on /home/airflow/.local/lib/python3.7/site-packages/airflow/example_dags/tutorial_dag.py
[2022-10-27T07:31:38.402+0000] {processor.py:758} INFO - Processing file /home/airflow/.local/lib/python3.7/site-packages/airflow/example_dags/tutorial_dag.py for tasks to queue
[2022-10-27T07:31:38.403+0000] {logging_mixin.py:117} INFO - [2022-10-27T07:31:38.403+0000] {dagbag.py:525} INFO - Filling up the DagBag from /home/airflow/.local/lib/python3.7/site-packages/airflow/example_dags/tutorial_dag.py
[2022-10-27T07:31:38.422+0000] {processor.py:768} INFO - DAG(s) dict_keys(['tutorial_dag']) retrieved from /home/airflow/.local/lib/python3.7/site-packages/airflow/example_dags/tutorial_dag.py
[2022-10-27T07:31:38.486+0000] {logging_mixin.py:117} INFO - [2022-10-27T07:31:38.486+0000] {dag.py:2573} INFO - Sync 1 DAGs
[2022-10-27T07:31:38.526+0000] {logging_mixin.py:117} INFO - [2022-10-27T07:31:38.525+0000] {dag.py:3328} INFO - Setting next_dagrun for tutorial_dag to None, run_after=None
[2022-10-27T07:31:38.556+0000] {processor.py:178} INFO - Processing /home/airflow/.local/lib/python3.7/site-packages/airflow/example_dags/tutorial_dag.py took 0.160 seconds
[2022-10-27T07:32:08.603+0000] {processor.py:156} INFO - Started process (PID=586) to work on /home/airflow/.local/lib/python3.7/site-packages/airflow/example_dags/tutorial_dag.py
[2022-10-27T07:32:08.604+0000] {processor.py:758} INFO - Processing file /home/airflow/.local/lib/python3.7/site-packages/airflow/example_dags/tutorial_dag.py for tasks to queue
[2022-10-27T07:32:08.604+0000] {logging_mixin.py:117} INFO - [2022-10-27T07:32:08.604+0000] {dagbag.py:525} INFO - Filling up the DagBag from /home/airflow/.local/lib/python3.7/site-packages/airflow/example_dags/tutorial_dag.py
[2022-10-27T07:32:08.621+0000] {processor.py:768} INFO - DAG(s) dict_keys(['tutorial_dag']) retrieved from /home/airflow/.local/lib/python3.7/site-packages/airflow/example_dags/tutorial_dag.py
[2022-10-27T07:32:08.677+0000] {logging_mixin.py:117} INFO - [2022-10-27T07:32:08.677+0000] {dag.py:2573} INFO - Sync 1 DAGs
[2022-10-27T07:32:08.709+0000] {logging_mixin.py:117} INFO - [2022-10-27T07:32:08.708+0000] {dag.py:3328} INFO - Setting next_dagrun for tutorial_dag to None, run_after=None
[2022-10-27T07:32:08.737+0000] {processor.py:178} INFO - Processing /home/airflow/.local/lib/python3.7/site-packages/airflow/example_dags/tutorial_dag.py took 0.138 seconds
[2022-10-27T07:32:39.399+0000] {processor.py:156} INFO - Started process (PID=649) to work on /home/airflow/.local/lib/python3.7/site-packages/airflow/example_dags/tutorial_dag.py
[2022-10-27T07:32:39.401+0000] {processor.py:758} INFO - Processing file /home/airflow/.local/lib/python3.7/site-packages/airflow/example_dags/tutorial_dag.py for tasks to queue
[2022-10-27T07:32:39.402+0000] {logging_mixin.py:117} INFO - [2022-10-27T07:32:39.402+0000] {dagbag.py:525} INFO - Filling up the DagBag from /home/airflow/.local/lib/python3.7/site-packages/airflow/example_dags/tutorial_dag.py
[2022-10-27T07:32:39.434+0000] {processor.py:768} INFO - DAG(s) dict_keys(['tutorial_dag']) retrieved from /home/airflow/.local/lib/python3.7/site-packages/airflow/example_dags/tutorial_dag.py
[2022-10-27T07:32:39.508+0000] {logging_mixin.py:117} INFO - [2022-10-27T07:32:39.507+0000] {dag.py:2573} INFO - Sync 1 DAGs
[2022-10-27T07:32:39.550+0000] {logging_mixin.py:117} INFO - [2022-10-27T07:32:39.549+0000] {dag.py:3328} INFO - Setting next_dagrun for tutorial_dag to None, run_after=None
[2022-10-27T07:32:39.592+0000] {processor.py:178} INFO - Processing /home/airflow/.local/lib/python3.7/site-packages/airflow/example_dags/tutorial_dag.py took 0.199 seconds
