[2022-10-27T07:27:31.943+0000] {processor.py:156} INFO - Started process (PID=62) to work on /home/airflow/.local/lib/python3.7/site-packages/airflow/example_dags/tutorial.py
[2022-10-27T07:27:31.945+0000] {processor.py:758} INFO - Processing file /home/airflow/.local/lib/python3.7/site-packages/airflow/example_dags/tutorial.py for tasks to queue
[2022-10-27T07:27:31.947+0000] {logging_mixin.py:117} INFO - [2022-10-27T07:27:31.946+0000] {dagbag.py:525} INFO - Filling up the DagBag from /home/airflow/.local/lib/python3.7/site-packages/airflow/example_dags/tutorial.py
[2022-10-27T07:27:32.019+0000] {processor.py:768} INFO - DAG(s) dict_keys(['tutorial']) retrieved from /home/airflow/.local/lib/python3.7/site-packages/airflow/example_dags/tutorial.py
[2022-10-27T07:27:32.715+0000] {logging_mixin.py:117} INFO - [2022-10-27T07:27:32.715+0000] {dag.py:2573} INFO - Sync 1 DAGs
[2022-10-27T07:27:32.814+0000] {logging_mixin.py:117} INFO - [2022-10-27T07:27:32.814+0000] {dag.py:3328} INFO - Setting next_dagrun for tutorial to 2022-10-26T07:27:32.813815+00:00, run_after=2022-10-27T07:27:32.813815+00:00
[2022-10-27T07:27:32.906+0000] {processor.py:178} INFO - Processing /home/airflow/.local/lib/python3.7/site-packages/airflow/example_dags/tutorial.py took 0.986 seconds
[2022-10-27T07:28:03.537+0000] {processor.py:156} INFO - Started process (PID=116) to work on /home/airflow/.local/lib/python3.7/site-packages/airflow/example_dags/tutorial.py
[2022-10-27T07:28:03.538+0000] {processor.py:758} INFO - Processing file /home/airflow/.local/lib/python3.7/site-packages/airflow/example_dags/tutorial.py for tasks to queue
[2022-10-27T07:28:03.539+0000] {logging_mixin.py:117} INFO - [2022-10-27T07:28:03.539+0000] {dagbag.py:525} INFO - Filling up the DagBag from /home/airflow/.local/lib/python3.7/site-packages/airflow/example_dags/tutorial.py
[2022-10-27T07:28:03.567+0000] {processor.py:768} INFO - DAG(s) dict_keys(['tutorial']) retrieved from /home/airflow/.local/lib/python3.7/site-packages/airflow/example_dags/tutorial.py
[2022-10-27T07:28:03.838+0000] {logging_mixin.py:117} INFO - [2022-10-27T07:28:03.837+0000] {dag.py:2573} INFO - Sync 1 DAGs
[2022-10-27T07:28:03.884+0000] {logging_mixin.py:117} INFO - [2022-10-27T07:28:03.884+0000] {dag.py:3328} INFO - Setting next_dagrun for tutorial to 2022-10-26T07:28:03.883991+00:00, run_after=2022-10-27T07:28:03.883991+00:00
[2022-10-27T07:28:03.937+0000] {processor.py:178} INFO - Processing /home/airflow/.local/lib/python3.7/site-packages/airflow/example_dags/tutorial.py took 0.405 seconds
[2022-10-27T07:28:34.375+0000] {processor.py:156} INFO - Started process (PID=180) to work on /home/airflow/.local/lib/python3.7/site-packages/airflow/example_dags/tutorial.py
[2022-10-27T07:28:34.376+0000] {processor.py:758} INFO - Processing file /home/airflow/.local/lib/python3.7/site-packages/airflow/example_dags/tutorial.py for tasks to queue
[2022-10-27T07:28:34.377+0000] {logging_mixin.py:117} INFO - [2022-10-27T07:28:34.376+0000] {dagbag.py:525} INFO - Filling up the DagBag from /home/airflow/.local/lib/python3.7/site-packages/airflow/example_dags/tutorial.py
[2022-10-27T07:28:34.595+0000] {processor.py:768} INFO - DAG(s) dict_keys(['tutorial']) retrieved from /home/airflow/.local/lib/python3.7/site-packages/airflow/example_dags/tutorial.py
[2022-10-27T07:28:34.634+0000] {logging_mixin.py:117} INFO - [2022-10-27T07:28:34.634+0000] {dag.py:2573} INFO - Sync 1 DAGs
[2022-10-27T07:28:34.663+0000] {logging_mixin.py:117} INFO - [2022-10-27T07:28:34.663+0000] {dag.py:3328} INFO - Setting next_dagrun for tutorial to 2022-10-26T07:28:34.663281+00:00, run_after=2022-10-27T07:28:34.663281+00:00
[2022-10-27T07:28:34.689+0000] {processor.py:178} INFO - Processing /home/airflow/.local/lib/python3.7/site-packages/airflow/example_dags/tutorial.py took 0.319 seconds
[2022-10-27T07:29:04.834+0000] {processor.py:156} INFO - Started process (PID=234) to work on /home/airflow/.local/lib/python3.7/site-packages/airflow/example_dags/tutorial.py
[2022-10-27T07:29:04.835+0000] {processor.py:758} INFO - Processing file /home/airflow/.local/lib/python3.7/site-packages/airflow/example_dags/tutorial.py for tasks to queue
[2022-10-27T07:29:04.836+0000] {logging_mixin.py:117} INFO - [2022-10-27T07:29:04.836+0000] {dagbag.py:525} INFO - Filling up the DagBag from /home/airflow/.local/lib/python3.7/site-packages/airflow/example_dags/tutorial.py
[2022-10-27T07:29:04.854+0000] {processor.py:768} INFO - DAG(s) dict_keys(['tutorial']) retrieved from /home/airflow/.local/lib/python3.7/site-packages/airflow/example_dags/tutorial.py
[2022-10-27T07:29:04.904+0000] {logging_mixin.py:117} INFO - [2022-10-27T07:29:04.904+0000] {dag.py:2573} INFO - Sync 1 DAGs
[2022-10-27T07:29:04.936+0000] {logging_mixin.py:117} INFO - [2022-10-27T07:29:04.936+0000] {dag.py:3328} INFO - Setting next_dagrun for tutorial to 2022-10-26T07:29:04.936261+00:00, run_after=2022-10-27T07:29:04.936261+00:00
[2022-10-27T07:29:04.966+0000] {processor.py:178} INFO - Processing /home/airflow/.local/lib/python3.7/site-packages/airflow/example_dags/tutorial.py took 0.136 seconds
[2022-10-27T07:29:35.381+0000] {processor.py:156} INFO - Started process (PID=297) to work on /home/airflow/.local/lib/python3.7/site-packages/airflow/example_dags/tutorial.py
[2022-10-27T07:29:35.383+0000] {processor.py:758} INFO - Processing file /home/airflow/.local/lib/python3.7/site-packages/airflow/example_dags/tutorial.py for tasks to queue
[2022-10-27T07:29:35.384+0000] {logging_mixin.py:117} INFO - [2022-10-27T07:29:35.384+0000] {dagbag.py:525} INFO - Filling up the DagBag from /home/airflow/.local/lib/python3.7/site-packages/airflow/example_dags/tutorial.py
[2022-10-27T07:29:35.415+0000] {processor.py:768} INFO - DAG(s) dict_keys(['tutorial']) retrieved from /home/airflow/.local/lib/python3.7/site-packages/airflow/example_dags/tutorial.py
[2022-10-27T07:29:35.499+0000] {logging_mixin.py:117} INFO - [2022-10-27T07:29:35.499+0000] {dag.py:2573} INFO - Sync 1 DAGs
[2022-10-27T07:29:35.544+0000] {logging_mixin.py:117} INFO - [2022-10-27T07:29:35.544+0000] {dag.py:3328} INFO - Setting next_dagrun for tutorial to 2022-10-26T07:29:35.543718+00:00, run_after=2022-10-27T07:29:35.543718+00:00
[2022-10-27T07:29:35.578+0000] {processor.py:178} INFO - Processing /home/airflow/.local/lib/python3.7/site-packages/airflow/example_dags/tutorial.py took 0.204 seconds
[2022-10-27T07:30:06.272+0000] {processor.py:156} INFO - Started process (PID=351) to work on /home/airflow/.local/lib/python3.7/site-packages/airflow/example_dags/tutorial.py
[2022-10-27T07:30:06.273+0000] {processor.py:758} INFO - Processing file /home/airflow/.local/lib/python3.7/site-packages/airflow/example_dags/tutorial.py for tasks to queue
[2022-10-27T07:30:06.274+0000] {logging_mixin.py:117} INFO - [2022-10-27T07:30:06.274+0000] {dagbag.py:525} INFO - Filling up the DagBag from /home/airflow/.local/lib/python3.7/site-packages/airflow/example_dags/tutorial.py
[2022-10-27T07:30:06.293+0000] {processor.py:768} INFO - DAG(s) dict_keys(['tutorial']) retrieved from /home/airflow/.local/lib/python3.7/site-packages/airflow/example_dags/tutorial.py
[2022-10-27T07:30:06.349+0000] {logging_mixin.py:117} INFO - [2022-10-27T07:30:06.349+0000] {dag.py:2573} INFO - Sync 1 DAGs
[2022-10-27T07:30:06.387+0000] {logging_mixin.py:117} INFO - [2022-10-27T07:30:06.387+0000] {dag.py:3328} INFO - Setting next_dagrun for tutorial to 2022-10-26T07:30:06.386372+00:00, run_after=2022-10-27T07:30:06.386372+00:00
[2022-10-27T07:30:06.418+0000] {processor.py:178} INFO - Processing /home/airflow/.local/lib/python3.7/site-packages/airflow/example_dags/tutorial.py took 0.150 seconds
[2022-10-27T07:30:37.044+0000] {processor.py:156} INFO - Started process (PID=414) to work on /home/airflow/.local/lib/python3.7/site-packages/airflow/example_dags/tutorial.py
[2022-10-27T07:30:37.046+0000] {processor.py:758} INFO - Processing file /home/airflow/.local/lib/python3.7/site-packages/airflow/example_dags/tutorial.py for tasks to queue
[2022-10-27T07:30:37.048+0000] {logging_mixin.py:117} INFO - [2022-10-27T07:30:37.048+0000] {dagbag.py:525} INFO - Filling up the DagBag from /home/airflow/.local/lib/python3.7/site-packages/airflow/example_dags/tutorial.py
[2022-10-27T07:30:37.068+0000] {processor.py:768} INFO - DAG(s) dict_keys(['tutorial']) retrieved from /home/airflow/.local/lib/python3.7/site-packages/airflow/example_dags/tutorial.py
[2022-10-27T07:30:37.127+0000] {logging_mixin.py:117} INFO - [2022-10-27T07:30:37.127+0000] {dag.py:2573} INFO - Sync 1 DAGs
[2022-10-27T07:30:37.173+0000] {logging_mixin.py:117} INFO - [2022-10-27T07:30:37.172+0000] {dag.py:3328} INFO - Setting next_dagrun for tutorial to 2022-10-26T07:30:37.172606+00:00, run_after=2022-10-27T07:30:37.172606+00:00
[2022-10-27T07:30:37.221+0000] {processor.py:178} INFO - Processing /home/airflow/.local/lib/python3.7/site-packages/airflow/example_dags/tutorial.py took 0.181 seconds
[2022-10-27T07:31:07.476+0000] {processor.py:156} INFO - Started process (PID=468) to work on /home/airflow/.local/lib/python3.7/site-packages/airflow/example_dags/tutorial.py
[2022-10-27T07:31:07.477+0000] {processor.py:758} INFO - Processing file /home/airflow/.local/lib/python3.7/site-packages/airflow/example_dags/tutorial.py for tasks to queue
[2022-10-27T07:31:07.478+0000] {logging_mixin.py:117} INFO - [2022-10-27T07:31:07.477+0000] {dagbag.py:525} INFO - Filling up the DagBag from /home/airflow/.local/lib/python3.7/site-packages/airflow/example_dags/tutorial.py
[2022-10-27T07:31:07.505+0000] {processor.py:768} INFO - DAG(s) dict_keys(['tutorial']) retrieved from /home/airflow/.local/lib/python3.7/site-packages/airflow/example_dags/tutorial.py
[2022-10-27T07:31:07.572+0000] {logging_mixin.py:117} INFO - [2022-10-27T07:31:07.572+0000] {dag.py:2573} INFO - Sync 1 DAGs
[2022-10-27T07:31:07.619+0000] {logging_mixin.py:117} INFO - [2022-10-27T07:31:07.619+0000] {dag.py:3328} INFO - Setting next_dagrun for tutorial to 2022-10-26T07:31:07.619313+00:00, run_after=2022-10-27T07:31:07.619313+00:00
[2022-10-27T07:31:07.656+0000] {processor.py:178} INFO - Processing /home/airflow/.local/lib/python3.7/site-packages/airflow/example_dags/tutorial.py took 0.186 seconds
[2022-10-27T07:31:38.393+0000] {processor.py:156} INFO - Started process (PID=531) to work on /home/airflow/.local/lib/python3.7/site-packages/airflow/example_dags/tutorial.py
[2022-10-27T07:31:38.395+0000] {processor.py:758} INFO - Processing file /home/airflow/.local/lib/python3.7/site-packages/airflow/example_dags/tutorial.py for tasks to queue
[2022-10-27T07:31:38.396+0000] {logging_mixin.py:117} INFO - [2022-10-27T07:31:38.396+0000] {dagbag.py:525} INFO - Filling up the DagBag from /home/airflow/.local/lib/python3.7/site-packages/airflow/example_dags/tutorial.py
[2022-10-27T07:31:38.416+0000] {processor.py:768} INFO - DAG(s) dict_keys(['tutorial']) retrieved from /home/airflow/.local/lib/python3.7/site-packages/airflow/example_dags/tutorial.py
[2022-10-27T07:31:38.482+0000] {logging_mixin.py:117} INFO - [2022-10-27T07:31:38.481+0000] {dag.py:2573} INFO - Sync 1 DAGs
[2022-10-27T07:31:38.520+0000] {logging_mixin.py:117} INFO - [2022-10-27T07:31:38.520+0000] {dag.py:3328} INFO - Setting next_dagrun for tutorial to 2022-10-26T07:31:38.520071+00:00, run_after=2022-10-27T07:31:38.520071+00:00
[2022-10-27T07:31:38.554+0000] {processor.py:178} INFO - Processing /home/airflow/.local/lib/python3.7/site-packages/airflow/example_dags/tutorial.py took 0.166 seconds
[2022-10-27T07:32:08.598+0000] {processor.py:156} INFO - Started process (PID=585) to work on /home/airflow/.local/lib/python3.7/site-packages/airflow/example_dags/tutorial.py
[2022-10-27T07:32:08.599+0000] {processor.py:758} INFO - Processing file /home/airflow/.local/lib/python3.7/site-packages/airflow/example_dags/tutorial.py for tasks to queue
[2022-10-27T07:32:08.600+0000] {logging_mixin.py:117} INFO - [2022-10-27T07:32:08.600+0000] {dagbag.py:525} INFO - Filling up the DagBag from /home/airflow/.local/lib/python3.7/site-packages/airflow/example_dags/tutorial.py
[2022-10-27T07:32:08.617+0000] {processor.py:768} INFO - DAG(s) dict_keys(['tutorial']) retrieved from /home/airflow/.local/lib/python3.7/site-packages/airflow/example_dags/tutorial.py
[2022-10-27T07:32:08.673+0000] {logging_mixin.py:117} INFO - [2022-10-27T07:32:08.673+0000] {dag.py:2573} INFO - Sync 1 DAGs
[2022-10-27T07:32:08.708+0000] {logging_mixin.py:117} INFO - [2022-10-27T07:32:08.707+0000] {dag.py:3328} INFO - Setting next_dagrun for tutorial to 2022-10-26T07:32:08.706955+00:00, run_after=2022-10-27T07:32:08.706955+00:00
[2022-10-27T07:32:08.738+0000] {processor.py:178} INFO - Processing /home/airflow/.local/lib/python3.7/site-packages/airflow/example_dags/tutorial.py took 0.146 seconds
[2022-10-27T07:32:39.121+0000] {processor.py:156} INFO - Started process (PID=648) to work on /home/airflow/.local/lib/python3.7/site-packages/airflow/example_dags/tutorial.py
[2022-10-27T07:32:39.127+0000] {processor.py:758} INFO - Processing file /home/airflow/.local/lib/python3.7/site-packages/airflow/example_dags/tutorial.py for tasks to queue
[2022-10-27T07:32:39.130+0000] {logging_mixin.py:117} INFO - [2022-10-27T07:32:39.129+0000] {dagbag.py:525} INFO - Filling up the DagBag from /home/airflow/.local/lib/python3.7/site-packages/airflow/example_dags/tutorial.py
[2022-10-27T07:32:39.173+0000] {processor.py:768} INFO - DAG(s) dict_keys(['tutorial']) retrieved from /home/airflow/.local/lib/python3.7/site-packages/airflow/example_dags/tutorial.py
[2022-10-27T07:32:39.285+0000] {logging_mixin.py:117} INFO - [2022-10-27T07:32:39.284+0000] {dag.py:2573} INFO - Sync 1 DAGs
[2022-10-27T07:32:39.347+0000] {logging_mixin.py:117} INFO - [2022-10-27T07:32:39.346+0000] {dag.py:3328} INFO - Setting next_dagrun for tutorial to 2022-10-26T07:32:39.346572+00:00, run_after=2022-10-27T07:32:39.346572+00:00
[2022-10-27T07:32:39.400+0000] {processor.py:178} INFO - Processing /home/airflow/.local/lib/python3.7/site-packages/airflow/example_dags/tutorial.py took 0.291 seconds
