[2022-10-27T07:27:35.435+0000] {processor.py:156} INFO - Started process (PID=66) to work on /home/airflow/.local/lib/python3.7/site-packages/airflow/example_dags/tutorial_taskflow_api.py
[2022-10-27T07:27:35.452+0000] {processor.py:758} INFO - Processing file /home/airflow/.local/lib/python3.7/site-packages/airflow/example_dags/tutorial_taskflow_api.py for tasks to queue
[2022-10-27T07:27:35.463+0000] {logging_mixin.py:117} INFO - [2022-10-27T07:27:35.461+0000] {dagbag.py:525} INFO - Filling up the DagBag from /home/airflow/.local/lib/python3.7/site-packages/airflow/example_dags/tutorial_taskflow_api.py
[2022-10-27T07:27:35.814+0000] {processor.py:768} INFO - DAG(s) dict_keys(['tutorial_taskflow_api']) retrieved from /home/airflow/.local/lib/python3.7/site-packages/airflow/example_dags/tutorial_taskflow_api.py
[2022-10-27T07:27:39.668+0000] {logging_mixin.py:117} INFO - [2022-10-27T07:27:39.667+0000] {dag.py:2573} INFO - Sync 1 DAGs
[2022-10-27T07:27:39.780+0000] {logging_mixin.py:117} INFO - [2022-10-27T07:27:39.780+0000] {dag.py:3328} INFO - Setting next_dagrun for tutorial_taskflow_api to None, run_after=None
[2022-10-27T07:27:39.921+0000] {processor.py:178} INFO - Processing /home/airflow/.local/lib/python3.7/site-packages/airflow/example_dags/tutorial_taskflow_api.py took 4.514 seconds
[2022-10-27T07:28:10.222+0000] {processor.py:156} INFO - Started process (PID=129) to work on /home/airflow/.local/lib/python3.7/site-packages/airflow/example_dags/tutorial_taskflow_api.py
[2022-10-27T07:28:10.223+0000] {processor.py:758} INFO - Processing file /home/airflow/.local/lib/python3.7/site-packages/airflow/example_dags/tutorial_taskflow_api.py for tasks to queue
[2022-10-27T07:28:10.224+0000] {logging_mixin.py:117} INFO - [2022-10-27T07:28:10.224+0000] {dagbag.py:525} INFO - Filling up the DagBag from /home/airflow/.local/lib/python3.7/site-packages/airflow/example_dags/tutorial_taskflow_api.py
[2022-10-27T07:28:10.451+0000] {processor.py:768} INFO - DAG(s) dict_keys(['tutorial_taskflow_api']) retrieved from /home/airflow/.local/lib/python3.7/site-packages/airflow/example_dags/tutorial_taskflow_api.py
[2022-10-27T07:28:10.492+0000] {logging_mixin.py:117} INFO - [2022-10-27T07:28:10.492+0000] {dag.py:2573} INFO - Sync 1 DAGs
[2022-10-27T07:28:10.522+0000] {logging_mixin.py:117} INFO - [2022-10-27T07:28:10.522+0000] {dag.py:3328} INFO - Setting next_dagrun for tutorial_taskflow_api to None, run_after=None
[2022-10-27T07:28:10.547+0000] {processor.py:178} INFO - Processing /home/airflow/.local/lib/python3.7/site-packages/airflow/example_dags/tutorial_taskflow_api.py took 0.332 seconds
[2022-10-27T07:28:40.931+0000] {processor.py:156} INFO - Started process (PID=184) to work on /home/airflow/.local/lib/python3.7/site-packages/airflow/example_dags/tutorial_taskflow_api.py
[2022-10-27T07:28:40.932+0000] {processor.py:758} INFO - Processing file /home/airflow/.local/lib/python3.7/site-packages/airflow/example_dags/tutorial_taskflow_api.py for tasks to queue
[2022-10-27T07:28:40.933+0000] {logging_mixin.py:117} INFO - [2022-10-27T07:28:40.933+0000] {dagbag.py:525} INFO - Filling up the DagBag from /home/airflow/.local/lib/python3.7/site-packages/airflow/example_dags/tutorial_taskflow_api.py
[2022-10-27T07:28:41.144+0000] {processor.py:768} INFO - DAG(s) dict_keys(['tutorial_taskflow_api']) retrieved from /home/airflow/.local/lib/python3.7/site-packages/airflow/example_dags/tutorial_taskflow_api.py
[2022-10-27T07:28:41.182+0000] {logging_mixin.py:117} INFO - [2022-10-27T07:28:41.182+0000] {dag.py:2573} INFO - Sync 1 DAGs
[2022-10-27T07:28:41.212+0000] {logging_mixin.py:117} INFO - [2022-10-27T07:28:41.212+0000] {dag.py:3328} INFO - Setting next_dagrun for tutorial_taskflow_api to None, run_after=None
[2022-10-27T07:28:41.234+0000] {processor.py:178} INFO - Processing /home/airflow/.local/lib/python3.7/site-packages/airflow/example_dags/tutorial_taskflow_api.py took 0.307 seconds
[2022-10-27T07:29:11.279+0000] {processor.py:156} INFO - Started process (PID=247) to work on /home/airflow/.local/lib/python3.7/site-packages/airflow/example_dags/tutorial_taskflow_api.py
[2022-10-27T07:29:11.280+0000] {processor.py:758} INFO - Processing file /home/airflow/.local/lib/python3.7/site-packages/airflow/example_dags/tutorial_taskflow_api.py for tasks to queue
[2022-10-27T07:29:11.281+0000] {logging_mixin.py:117} INFO - [2022-10-27T07:29:11.281+0000] {dagbag.py:525} INFO - Filling up the DagBag from /home/airflow/.local/lib/python3.7/site-packages/airflow/example_dags/tutorial_taskflow_api.py
[2022-10-27T07:29:11.306+0000] {processor.py:768} INFO - DAG(s) dict_keys(['tutorial_taskflow_api']) retrieved from /home/airflow/.local/lib/python3.7/site-packages/airflow/example_dags/tutorial_taskflow_api.py
[2022-10-27T07:29:11.357+0000] {logging_mixin.py:117} INFO - [2022-10-27T07:29:11.356+0000] {dag.py:2573} INFO - Sync 1 DAGs
[2022-10-27T07:29:11.388+0000] {logging_mixin.py:117} INFO - [2022-10-27T07:29:11.387+0000] {dag.py:3328} INFO - Setting next_dagrun for tutorial_taskflow_api to None, run_after=None
[2022-10-27T07:29:11.412+0000] {processor.py:178} INFO - Processing /home/airflow/.local/lib/python3.7/site-packages/airflow/example_dags/tutorial_taskflow_api.py took 0.138 seconds
[2022-10-27T07:29:41.811+0000] {processor.py:156} INFO - Started process (PID=301) to work on /home/airflow/.local/lib/python3.7/site-packages/airflow/example_dags/tutorial_taskflow_api.py
[2022-10-27T07:29:41.812+0000] {processor.py:758} INFO - Processing file /home/airflow/.local/lib/python3.7/site-packages/airflow/example_dags/tutorial_taskflow_api.py for tasks to queue
[2022-10-27T07:29:41.813+0000] {logging_mixin.py:117} INFO - [2022-10-27T07:29:41.812+0000] {dagbag.py:525} INFO - Filling up the DagBag from /home/airflow/.local/lib/python3.7/site-packages/airflow/example_dags/tutorial_taskflow_api.py
[2022-10-27T07:29:41.843+0000] {processor.py:768} INFO - DAG(s) dict_keys(['tutorial_taskflow_api']) retrieved from /home/airflow/.local/lib/python3.7/site-packages/airflow/example_dags/tutorial_taskflow_api.py
[2022-10-27T07:29:41.902+0000] {logging_mixin.py:117} INFO - [2022-10-27T07:29:41.901+0000] {dag.py:2573} INFO - Sync 1 DAGs
[2022-10-27T07:29:41.940+0000] {logging_mixin.py:117} INFO - [2022-10-27T07:29:41.940+0000] {dag.py:3328} INFO - Setting next_dagrun for tutorial_taskflow_api to None, run_after=None
[2022-10-27T07:29:41.969+0000] {processor.py:178} INFO - Processing /home/airflow/.local/lib/python3.7/site-packages/airflow/example_dags/tutorial_taskflow_api.py took 0.163 seconds
[2022-10-27T07:30:12.721+0000] {processor.py:156} INFO - Started process (PID=364) to work on /home/airflow/.local/lib/python3.7/site-packages/airflow/example_dags/tutorial_taskflow_api.py
[2022-10-27T07:30:12.723+0000] {processor.py:758} INFO - Processing file /home/airflow/.local/lib/python3.7/site-packages/airflow/example_dags/tutorial_taskflow_api.py for tasks to queue
[2022-10-27T07:30:12.724+0000] {logging_mixin.py:117} INFO - [2022-10-27T07:30:12.724+0000] {dagbag.py:525} INFO - Filling up the DagBag from /home/airflow/.local/lib/python3.7/site-packages/airflow/example_dags/tutorial_taskflow_api.py
[2022-10-27T07:30:12.756+0000] {processor.py:768} INFO - DAG(s) dict_keys(['tutorial_taskflow_api']) retrieved from /home/airflow/.local/lib/python3.7/site-packages/airflow/example_dags/tutorial_taskflow_api.py
[2022-10-27T07:30:12.809+0000] {logging_mixin.py:117} INFO - [2022-10-27T07:30:12.809+0000] {dag.py:2573} INFO - Sync 1 DAGs
[2022-10-27T07:30:12.844+0000] {logging_mixin.py:117} INFO - [2022-10-27T07:30:12.844+0000] {dag.py:3328} INFO - Setting next_dagrun for tutorial_taskflow_api to None, run_after=None
[2022-10-27T07:30:12.876+0000] {processor.py:178} INFO - Processing /home/airflow/.local/lib/python3.7/site-packages/airflow/example_dags/tutorial_taskflow_api.py took 0.159 seconds
[2022-10-27T07:30:43.459+0000] {processor.py:156} INFO - Started process (PID=418) to work on /home/airflow/.local/lib/python3.7/site-packages/airflow/example_dags/tutorial_taskflow_api.py
[2022-10-27T07:30:43.461+0000] {processor.py:758} INFO - Processing file /home/airflow/.local/lib/python3.7/site-packages/airflow/example_dags/tutorial_taskflow_api.py for tasks to queue
[2022-10-27T07:30:43.462+0000] {logging_mixin.py:117} INFO - [2022-10-27T07:30:43.462+0000] {dagbag.py:525} INFO - Filling up the DagBag from /home/airflow/.local/lib/python3.7/site-packages/airflow/example_dags/tutorial_taskflow_api.py
[2022-10-27T07:30:43.497+0000] {processor.py:768} INFO - DAG(s) dict_keys(['tutorial_taskflow_api']) retrieved from /home/airflow/.local/lib/python3.7/site-packages/airflow/example_dags/tutorial_taskflow_api.py
[2022-10-27T07:30:43.549+0000] {logging_mixin.py:117} INFO - [2022-10-27T07:30:43.549+0000] {dag.py:2573} INFO - Sync 1 DAGs
[2022-10-27T07:30:43.587+0000] {logging_mixin.py:117} INFO - [2022-10-27T07:30:43.586+0000] {dag.py:3328} INFO - Setting next_dagrun for tutorial_taskflow_api to None, run_after=None
[2022-10-27T07:30:43.615+0000] {processor.py:178} INFO - Processing /home/airflow/.local/lib/python3.7/site-packages/airflow/example_dags/tutorial_taskflow_api.py took 0.163 seconds
[2022-10-27T07:31:13.845+0000] {processor.py:156} INFO - Started process (PID=481) to work on /home/airflow/.local/lib/python3.7/site-packages/airflow/example_dags/tutorial_taskflow_api.py
[2022-10-27T07:31:13.846+0000] {processor.py:758} INFO - Processing file /home/airflow/.local/lib/python3.7/site-packages/airflow/example_dags/tutorial_taskflow_api.py for tasks to queue
[2022-10-27T07:31:13.848+0000] {logging_mixin.py:117} INFO - [2022-10-27T07:31:13.847+0000] {dagbag.py:525} INFO - Filling up the DagBag from /home/airflow/.local/lib/python3.7/site-packages/airflow/example_dags/tutorial_taskflow_api.py
[2022-10-27T07:31:13.899+0000] {processor.py:768} INFO - DAG(s) dict_keys(['tutorial_taskflow_api']) retrieved from /home/airflow/.local/lib/python3.7/site-packages/airflow/example_dags/tutorial_taskflow_api.py
[2022-10-27T07:31:14.027+0000] {logging_mixin.py:117} INFO - [2022-10-27T07:31:14.027+0000] {dag.py:2573} INFO - Sync 1 DAGs
[2022-10-27T07:31:14.102+0000] {logging_mixin.py:117} INFO - [2022-10-27T07:31:14.101+0000] {dag.py:3328} INFO - Setting next_dagrun for tutorial_taskflow_api to None, run_after=None
[2022-10-27T07:31:14.142+0000] {processor.py:178} INFO - Processing /home/airflow/.local/lib/python3.7/site-packages/airflow/example_dags/tutorial_taskflow_api.py took 0.311 seconds
[2022-10-27T07:31:44.630+0000] {processor.py:156} INFO - Started process (PID=535) to work on /home/airflow/.local/lib/python3.7/site-packages/airflow/example_dags/tutorial_taskflow_api.py
[2022-10-27T07:31:44.631+0000] {processor.py:758} INFO - Processing file /home/airflow/.local/lib/python3.7/site-packages/airflow/example_dags/tutorial_taskflow_api.py for tasks to queue
[2022-10-27T07:31:44.632+0000] {logging_mixin.py:117} INFO - [2022-10-27T07:31:44.632+0000] {dagbag.py:525} INFO - Filling up the DagBag from /home/airflow/.local/lib/python3.7/site-packages/airflow/example_dags/tutorial_taskflow_api.py
[2022-10-27T07:31:44.662+0000] {processor.py:768} INFO - DAG(s) dict_keys(['tutorial_taskflow_api']) retrieved from /home/airflow/.local/lib/python3.7/site-packages/airflow/example_dags/tutorial_taskflow_api.py
[2022-10-27T07:31:44.721+0000] {logging_mixin.py:117} INFO - [2022-10-27T07:31:44.720+0000] {dag.py:2573} INFO - Sync 1 DAGs
[2022-10-27T07:31:44.759+0000] {logging_mixin.py:117} INFO - [2022-10-27T07:31:44.759+0000] {dag.py:3328} INFO - Setting next_dagrun for tutorial_taskflow_api to None, run_after=None
[2022-10-27T07:31:44.794+0000] {processor.py:178} INFO - Processing /home/airflow/.local/lib/python3.7/site-packages/airflow/example_dags/tutorial_taskflow_api.py took 0.169 seconds
[2022-10-27T07:32:15.019+0000] {processor.py:156} INFO - Started process (PID=598) to work on /home/airflow/.local/lib/python3.7/site-packages/airflow/example_dags/tutorial_taskflow_api.py
[2022-10-27T07:32:15.022+0000] {processor.py:758} INFO - Processing file /home/airflow/.local/lib/python3.7/site-packages/airflow/example_dags/tutorial_taskflow_api.py for tasks to queue
[2022-10-27T07:32:15.023+0000] {logging_mixin.py:117} INFO - [2022-10-27T07:32:15.023+0000] {dagbag.py:525} INFO - Filling up the DagBag from /home/airflow/.local/lib/python3.7/site-packages/airflow/example_dags/tutorial_taskflow_api.py
[2022-10-27T07:32:15.064+0000] {processor.py:768} INFO - DAG(s) dict_keys(['tutorial_taskflow_api']) retrieved from /home/airflow/.local/lib/python3.7/site-packages/airflow/example_dags/tutorial_taskflow_api.py
[2022-10-27T07:32:15.137+0000] {logging_mixin.py:117} INFO - [2022-10-27T07:32:15.137+0000] {dag.py:2573} INFO - Sync 1 DAGs
[2022-10-27T07:32:15.176+0000] {logging_mixin.py:117} INFO - [2022-10-27T07:32:15.176+0000] {dag.py:3328} INFO - Setting next_dagrun for tutorial_taskflow_api to None, run_after=None
[2022-10-27T07:32:15.211+0000] {processor.py:178} INFO - Processing /home/airflow/.local/lib/python3.7/site-packages/airflow/example_dags/tutorial_taskflow_api.py took 0.197 seconds
[2022-10-27T07:32:45.657+0000] {processor.py:156} INFO - Started process (PID=652) to work on /home/airflow/.local/lib/python3.7/site-packages/airflow/example_dags/tutorial_taskflow_api.py
[2022-10-27T07:32:45.659+0000] {processor.py:758} INFO - Processing file /home/airflow/.local/lib/python3.7/site-packages/airflow/example_dags/tutorial_taskflow_api.py for tasks to queue
[2022-10-27T07:32:45.660+0000] {logging_mixin.py:117} INFO - [2022-10-27T07:32:45.660+0000] {dagbag.py:525} INFO - Filling up the DagBag from /home/airflow/.local/lib/python3.7/site-packages/airflow/example_dags/tutorial_taskflow_api.py
[2022-10-27T07:32:45.694+0000] {processor.py:768} INFO - DAG(s) dict_keys(['tutorial_taskflow_api']) retrieved from /home/airflow/.local/lib/python3.7/site-packages/airflow/example_dags/tutorial_taskflow_api.py
[2022-10-27T07:32:45.753+0000] {logging_mixin.py:117} INFO - [2022-10-27T07:32:45.752+0000] {dag.py:2573} INFO - Sync 1 DAGs
[2022-10-27T07:32:45.800+0000] {logging_mixin.py:117} INFO - [2022-10-27T07:32:45.800+0000] {dag.py:3328} INFO - Setting next_dagrun for tutorial_taskflow_api to None, run_after=None
[2022-10-27T07:32:45.834+0000] {processor.py:178} INFO - Processing /home/airflow/.local/lib/python3.7/site-packages/airflow/example_dags/tutorial_taskflow_api.py took 0.182 seconds
