[2022-10-27T07:27:28.342+0000] {processor.py:156} INFO - Started process (PID=54) to work on /home/airflow/.local/lib/python3.7/site-packages/airflow/example_dags/tutorial_taskflow_api_virtualenv.py
[2022-10-27T07:27:28.344+0000] {processor.py:758} INFO - Processing file /home/airflow/.local/lib/python3.7/site-packages/airflow/example_dags/tutorial_taskflow_api_virtualenv.py for tasks to queue
[2022-10-27T07:27:28.346+0000] {logging_mixin.py:117} INFO - [2022-10-27T07:27:28.345+0000] {dagbag.py:525} INFO - Filling up the DagBag from /home/airflow/.local/lib/python3.7/site-packages/airflow/example_dags/tutorial_taskflow_api_virtualenv.py
[2022-10-27T07:27:28.402+0000] {processor.py:768} INFO - DAG(s) dict_keys(['tutorial_taskflow_api_virtualenv']) retrieved from /home/airflow/.local/lib/python3.7/site-packages/airflow/example_dags/tutorial_taskflow_api_virtualenv.py
[2022-10-27T07:27:29.009+0000] {logging_mixin.py:117} INFO - [2022-10-27T07:27:29.008+0000] {dag.py:2573} INFO - Sync 1 DAGs
[2022-10-27T07:27:29.093+0000] {logging_mixin.py:117} INFO - [2022-10-27T07:27:29.092+0000] {dag.py:3328} INFO - Setting next_dagrun for tutorial_taskflow_api_virtualenv to None, run_after=None
[2022-10-27T07:27:29.173+0000] {processor.py:178} INFO - Processing /home/airflow/.local/lib/python3.7/site-packages/airflow/example_dags/tutorial_taskflow_api_virtualenv.py took 0.837 seconds
[2022-10-27T07:27:59.624+0000] {processor.py:156} INFO - Started process (PID=108) to work on /home/airflow/.local/lib/python3.7/site-packages/airflow/example_dags/tutorial_taskflow_api_virtualenv.py
[2022-10-27T07:27:59.626+0000] {processor.py:758} INFO - Processing file /home/airflow/.local/lib/python3.7/site-packages/airflow/example_dags/tutorial_taskflow_api_virtualenv.py for tasks to queue
[2022-10-27T07:27:59.627+0000] {logging_mixin.py:117} INFO - [2022-10-27T07:27:59.626+0000] {dagbag.py:525} INFO - Filling up the DagBag from /home/airflow/.local/lib/python3.7/site-packages/airflow/example_dags/tutorial_taskflow_api_virtualenv.py
[2022-10-27T07:27:59.849+0000] {processor.py:768} INFO - DAG(s) dict_keys(['tutorial_taskflow_api_virtualenv']) retrieved from /home/airflow/.local/lib/python3.7/site-packages/airflow/example_dags/tutorial_taskflow_api_virtualenv.py
[2022-10-27T07:27:59.891+0000] {logging_mixin.py:117} INFO - [2022-10-27T07:27:59.891+0000] {dag.py:2573} INFO - Sync 1 DAGs
[2022-10-27T07:27:59.920+0000] {logging_mixin.py:117} INFO - [2022-10-27T07:27:59.920+0000] {dag.py:3328} INFO - Setting next_dagrun for tutorial_taskflow_api_virtualenv to None, run_after=None
[2022-10-27T07:27:59.943+0000] {processor.py:178} INFO - Processing /home/airflow/.local/lib/python3.7/site-packages/airflow/example_dags/tutorial_taskflow_api_virtualenv.py took 0.323 seconds
[2022-10-27T07:28:30.543+0000] {processor.py:156} INFO - Started process (PID=172) to work on /home/airflow/.local/lib/python3.7/site-packages/airflow/example_dags/tutorial_taskflow_api_virtualenv.py
[2022-10-27T07:28:30.544+0000] {processor.py:758} INFO - Processing file /home/airflow/.local/lib/python3.7/site-packages/airflow/example_dags/tutorial_taskflow_api_virtualenv.py for tasks to queue
[2022-10-27T07:28:30.546+0000] {logging_mixin.py:117} INFO - [2022-10-27T07:28:30.545+0000] {dagbag.py:525} INFO - Filling up the DagBag from /home/airflow/.local/lib/python3.7/site-packages/airflow/example_dags/tutorial_taskflow_api_virtualenv.py
[2022-10-27T07:28:30.960+0000] {processor.py:768} INFO - DAG(s) dict_keys(['tutorial_taskflow_api_virtualenv']) retrieved from /home/airflow/.local/lib/python3.7/site-packages/airflow/example_dags/tutorial_taskflow_api_virtualenv.py
[2022-10-27T07:28:31.025+0000] {logging_mixin.py:117} INFO - [2022-10-27T07:28:31.025+0000] {dag.py:2573} INFO - Sync 1 DAGs
[2022-10-27T07:28:31.079+0000] {logging_mixin.py:117} INFO - [2022-10-27T07:28:31.078+0000] {dag.py:3328} INFO - Setting next_dagrun for tutorial_taskflow_api_virtualenv to None, run_after=None
[2022-10-27T07:28:31.123+0000] {processor.py:178} INFO - Processing /home/airflow/.local/lib/python3.7/site-packages/airflow/example_dags/tutorial_taskflow_api_virtualenv.py took 0.586 seconds
[2022-10-27T07:29:02.016+0000] {processor.py:156} INFO - Started process (PID=226) to work on /home/airflow/.local/lib/python3.7/site-packages/airflow/example_dags/tutorial_taskflow_api_virtualenv.py
[2022-10-27T07:29:02.018+0000] {processor.py:758} INFO - Processing file /home/airflow/.local/lib/python3.7/site-packages/airflow/example_dags/tutorial_taskflow_api_virtualenv.py for tasks to queue
[2022-10-27T07:29:02.019+0000] {logging_mixin.py:117} INFO - [2022-10-27T07:29:02.018+0000] {dagbag.py:525} INFO - Filling up the DagBag from /home/airflow/.local/lib/python3.7/site-packages/airflow/example_dags/tutorial_taskflow_api_virtualenv.py
[2022-10-27T07:29:02.049+0000] {processor.py:768} INFO - DAG(s) dict_keys(['tutorial_taskflow_api_virtualenv']) retrieved from /home/airflow/.local/lib/python3.7/site-packages/airflow/example_dags/tutorial_taskflow_api_virtualenv.py
[2022-10-27T07:29:02.100+0000] {logging_mixin.py:117} INFO - [2022-10-27T07:29:02.099+0000] {dag.py:2573} INFO - Sync 1 DAGs
[2022-10-27T07:29:02.133+0000] {logging_mixin.py:117} INFO - [2022-10-27T07:29:02.133+0000] {dag.py:3328} INFO - Setting next_dagrun for tutorial_taskflow_api_virtualenv to None, run_after=None
[2022-10-27T07:29:02.154+0000] {processor.py:178} INFO - Processing /home/airflow/.local/lib/python3.7/site-packages/airflow/example_dags/tutorial_taskflow_api_virtualenv.py took 0.142 seconds
[2022-10-27T07:29:33.117+0000] {processor.py:156} INFO - Started process (PID=289) to work on /home/airflow/.local/lib/python3.7/site-packages/airflow/example_dags/tutorial_taskflow_api_virtualenv.py
[2022-10-27T07:29:33.119+0000] {processor.py:758} INFO - Processing file /home/airflow/.local/lib/python3.7/site-packages/airflow/example_dags/tutorial_taskflow_api_virtualenv.py for tasks to queue
[2022-10-27T07:29:33.121+0000] {logging_mixin.py:117} INFO - [2022-10-27T07:29:33.121+0000] {dagbag.py:525} INFO - Filling up the DagBag from /home/airflow/.local/lib/python3.7/site-packages/airflow/example_dags/tutorial_taskflow_api_virtualenv.py
[2022-10-27T07:29:33.165+0000] {processor.py:768} INFO - DAG(s) dict_keys(['tutorial_taskflow_api_virtualenv']) retrieved from /home/airflow/.local/lib/python3.7/site-packages/airflow/example_dags/tutorial_taskflow_api_virtualenv.py
[2022-10-27T07:29:33.232+0000] {logging_mixin.py:117} INFO - [2022-10-27T07:29:33.232+0000] {dag.py:2573} INFO - Sync 1 DAGs
[2022-10-27T07:29:33.276+0000] {logging_mixin.py:117} INFO - [2022-10-27T07:29:33.275+0000] {dag.py:3328} INFO - Setting next_dagrun for tutorial_taskflow_api_virtualenv to None, run_after=None
[2022-10-27T07:29:33.325+0000] {processor.py:178} INFO - Processing /home/airflow/.local/lib/python3.7/site-packages/airflow/example_dags/tutorial_taskflow_api_virtualenv.py took 0.213 seconds
[2022-10-27T07:30:04.411+0000] {processor.py:156} INFO - Started process (PID=343) to work on /home/airflow/.local/lib/python3.7/site-packages/airflow/example_dags/tutorial_taskflow_api_virtualenv.py
[2022-10-27T07:30:04.412+0000] {processor.py:758} INFO - Processing file /home/airflow/.local/lib/python3.7/site-packages/airflow/example_dags/tutorial_taskflow_api_virtualenv.py for tasks to queue
[2022-10-27T07:30:04.413+0000] {logging_mixin.py:117} INFO - [2022-10-27T07:30:04.412+0000] {dagbag.py:525} INFO - Filling up the DagBag from /home/airflow/.local/lib/python3.7/site-packages/airflow/example_dags/tutorial_taskflow_api_virtualenv.py
[2022-10-27T07:30:04.446+0000] {processor.py:768} INFO - DAG(s) dict_keys(['tutorial_taskflow_api_virtualenv']) retrieved from /home/airflow/.local/lib/python3.7/site-packages/airflow/example_dags/tutorial_taskflow_api_virtualenv.py
[2022-10-27T07:30:04.498+0000] {logging_mixin.py:117} INFO - [2022-10-27T07:30:04.498+0000] {dag.py:2573} INFO - Sync 1 DAGs
[2022-10-27T07:30:04.534+0000] {logging_mixin.py:117} INFO - [2022-10-27T07:30:04.533+0000] {dag.py:3328} INFO - Setting next_dagrun for tutorial_taskflow_api_virtualenv to None, run_after=None
[2022-10-27T07:30:04.564+0000] {processor.py:178} INFO - Processing /home/airflow/.local/lib/python3.7/site-packages/airflow/example_dags/tutorial_taskflow_api_virtualenv.py took 0.156 seconds
[2022-10-27T07:30:34.807+0000] {processor.py:156} INFO - Started process (PID=406) to work on /home/airflow/.local/lib/python3.7/site-packages/airflow/example_dags/tutorial_taskflow_api_virtualenv.py
[2022-10-27T07:30:34.812+0000] {processor.py:758} INFO - Processing file /home/airflow/.local/lib/python3.7/site-packages/airflow/example_dags/tutorial_taskflow_api_virtualenv.py for tasks to queue
[2022-10-27T07:30:34.813+0000] {logging_mixin.py:117} INFO - [2022-10-27T07:30:34.812+0000] {dagbag.py:525} INFO - Filling up the DagBag from /home/airflow/.local/lib/python3.7/site-packages/airflow/example_dags/tutorial_taskflow_api_virtualenv.py
[2022-10-27T07:30:34.850+0000] {processor.py:768} INFO - DAG(s) dict_keys(['tutorial_taskflow_api_virtualenv']) retrieved from /home/airflow/.local/lib/python3.7/site-packages/airflow/example_dags/tutorial_taskflow_api_virtualenv.py
[2022-10-27T07:30:34.925+0000] {logging_mixin.py:117} INFO - [2022-10-27T07:30:34.925+0000] {dag.py:2573} INFO - Sync 1 DAGs
[2022-10-27T07:30:34.974+0000] {logging_mixin.py:117} INFO - [2022-10-27T07:30:34.974+0000] {dag.py:3328} INFO - Setting next_dagrun for tutorial_taskflow_api_virtualenv to None, run_after=None
[2022-10-27T07:30:35.008+0000] {processor.py:178} INFO - Processing /home/airflow/.local/lib/python3.7/site-packages/airflow/example_dags/tutorial_taskflow_api_virtualenv.py took 0.206 seconds
[2022-10-27T07:31:05.507+0000] {processor.py:156} INFO - Started process (PID=460) to work on /home/airflow/.local/lib/python3.7/site-packages/airflow/example_dags/tutorial_taskflow_api_virtualenv.py
[2022-10-27T07:31:05.508+0000] {processor.py:758} INFO - Processing file /home/airflow/.local/lib/python3.7/site-packages/airflow/example_dags/tutorial_taskflow_api_virtualenv.py for tasks to queue
[2022-10-27T07:31:05.509+0000] {logging_mixin.py:117} INFO - [2022-10-27T07:31:05.509+0000] {dagbag.py:525} INFO - Filling up the DagBag from /home/airflow/.local/lib/python3.7/site-packages/airflow/example_dags/tutorial_taskflow_api_virtualenv.py
[2022-10-27T07:31:05.543+0000] {processor.py:768} INFO - DAG(s) dict_keys(['tutorial_taskflow_api_virtualenv']) retrieved from /home/airflow/.local/lib/python3.7/site-packages/airflow/example_dags/tutorial_taskflow_api_virtualenv.py
[2022-10-27T07:31:05.603+0000] {logging_mixin.py:117} INFO - [2022-10-27T07:31:05.603+0000] {dag.py:2573} INFO - Sync 1 DAGs
[2022-10-27T07:31:05.649+0000] {logging_mixin.py:117} INFO - [2022-10-27T07:31:05.648+0000] {dag.py:3328} INFO - Setting next_dagrun for tutorial_taskflow_api_virtualenv to None, run_after=None
[2022-10-27T07:31:05.685+0000] {processor.py:178} INFO - Processing /home/airflow/.local/lib/python3.7/site-packages/airflow/example_dags/tutorial_taskflow_api_virtualenv.py took 0.184 seconds
[2022-10-27T07:31:36.322+0000] {processor.py:156} INFO - Started process (PID=523) to work on /home/airflow/.local/lib/python3.7/site-packages/airflow/example_dags/tutorial_taskflow_api_virtualenv.py
[2022-10-27T07:31:36.324+0000] {processor.py:758} INFO - Processing file /home/airflow/.local/lib/python3.7/site-packages/airflow/example_dags/tutorial_taskflow_api_virtualenv.py for tasks to queue
[2022-10-27T07:31:36.326+0000] {logging_mixin.py:117} INFO - [2022-10-27T07:31:36.325+0000] {dagbag.py:525} INFO - Filling up the DagBag from /home/airflow/.local/lib/python3.7/site-packages/airflow/example_dags/tutorial_taskflow_api_virtualenv.py
[2022-10-27T07:31:36.366+0000] {processor.py:768} INFO - DAG(s) dict_keys(['tutorial_taskflow_api_virtualenv']) retrieved from /home/airflow/.local/lib/python3.7/site-packages/airflow/example_dags/tutorial_taskflow_api_virtualenv.py
[2022-10-27T07:31:36.453+0000] {logging_mixin.py:117} INFO - [2022-10-27T07:31:36.453+0000] {dag.py:2573} INFO - Sync 1 DAGs
[2022-10-27T07:31:36.506+0000] {logging_mixin.py:117} INFO - [2022-10-27T07:31:36.505+0000] {dag.py:3328} INFO - Setting next_dagrun for tutorial_taskflow_api_virtualenv to None, run_after=None
[2022-10-27T07:31:36.549+0000] {processor.py:178} INFO - Processing /home/airflow/.local/lib/python3.7/site-packages/airflow/example_dags/tutorial_taskflow_api_virtualenv.py took 0.234 seconds
[2022-10-27T07:32:06.776+0000] {processor.py:156} INFO - Started process (PID=577) to work on /home/airflow/.local/lib/python3.7/site-packages/airflow/example_dags/tutorial_taskflow_api_virtualenv.py
[2022-10-27T07:32:06.778+0000] {processor.py:758} INFO - Processing file /home/airflow/.local/lib/python3.7/site-packages/airflow/example_dags/tutorial_taskflow_api_virtualenv.py for tasks to queue
[2022-10-27T07:32:06.779+0000] {logging_mixin.py:117} INFO - [2022-10-27T07:32:06.779+0000] {dagbag.py:525} INFO - Filling up the DagBag from /home/airflow/.local/lib/python3.7/site-packages/airflow/example_dags/tutorial_taskflow_api_virtualenv.py
[2022-10-27T07:32:06.810+0000] {processor.py:768} INFO - DAG(s) dict_keys(['tutorial_taskflow_api_virtualenv']) retrieved from /home/airflow/.local/lib/python3.7/site-packages/airflow/example_dags/tutorial_taskflow_api_virtualenv.py
[2022-10-27T07:32:06.862+0000] {logging_mixin.py:117} INFO - [2022-10-27T07:32:06.862+0000] {dag.py:2573} INFO - Sync 1 DAGs
[2022-10-27T07:32:06.896+0000] {logging_mixin.py:117} INFO - [2022-10-27T07:32:06.895+0000] {dag.py:3328} INFO - Setting next_dagrun for tutorial_taskflow_api_virtualenv to None, run_after=None
[2022-10-27T07:32:06.929+0000] {processor.py:178} INFO - Processing /home/airflow/.local/lib/python3.7/site-packages/airflow/example_dags/tutorial_taskflow_api_virtualenv.py took 0.156 seconds
[2022-10-27T07:32:37.484+0000] {processor.py:156} INFO - Started process (PID=640) to work on /home/airflow/.local/lib/python3.7/site-packages/airflow/example_dags/tutorial_taskflow_api_virtualenv.py
[2022-10-27T07:32:37.485+0000] {processor.py:758} INFO - Processing file /home/airflow/.local/lib/python3.7/site-packages/airflow/example_dags/tutorial_taskflow_api_virtualenv.py for tasks to queue
[2022-10-27T07:32:37.490+0000] {logging_mixin.py:117} INFO - [2022-10-27T07:32:37.489+0000] {dagbag.py:525} INFO - Filling up the DagBag from /home/airflow/.local/lib/python3.7/site-packages/airflow/example_dags/tutorial_taskflow_api_virtualenv.py
[2022-10-27T07:32:37.534+0000] {processor.py:768} INFO - DAG(s) dict_keys(['tutorial_taskflow_api_virtualenv']) retrieved from /home/airflow/.local/lib/python3.7/site-packages/airflow/example_dags/tutorial_taskflow_api_virtualenv.py
[2022-10-27T07:32:37.615+0000] {logging_mixin.py:117} INFO - [2022-10-27T07:32:37.614+0000] {dag.py:2573} INFO - Sync 1 DAGs
[2022-10-27T07:32:37.682+0000] {logging_mixin.py:117} INFO - [2022-10-27T07:32:37.682+0000] {dag.py:3328} INFO - Setting next_dagrun for tutorial_taskflow_api_virtualenv to None, run_after=None
[2022-10-27T07:32:37.738+0000] {processor.py:178} INFO - Processing /home/airflow/.local/lib/python3.7/site-packages/airflow/example_dags/tutorial_taskflow_api_virtualenv.py took 0.260 seconds
