[2022-10-27T12:48:21.066+0000] {taskinstance.py:1165} INFO - Dependencies all met for <TaskInstance: tutorial.templated scheduled__2015-12-30T00:00:00+00:00 [queued]>
[2022-10-27T12:48:21.088+0000] {taskinstance.py:1165} INFO - Dependencies all met for <TaskInstance: tutorial.templated scheduled__2015-12-30T00:00:00+00:00 [queued]>
[2022-10-27T12:48:21.088+0000] {taskinstance.py:1362} INFO - 
--------------------------------------------------------------------------------
[2022-10-27T12:48:21.089+0000] {taskinstance.py:1363} INFO - Starting attempt 1 of 2
[2022-10-27T12:48:21.089+0000] {taskinstance.py:1364} INFO - 
--------------------------------------------------------------------------------
[2022-10-27T12:48:21.126+0000] {taskinstance.py:1383} INFO - Executing <Task(BashOperator): templated> on 2015-12-30 00:00:00+00:00
[2022-10-27T12:48:21.136+0000] {standard_task_runner.py:55} INFO - Started process 2711 to run task
[2022-10-27T12:48:21.146+0000] {standard_task_runner.py:82} INFO - Running: ['***', 'tasks', 'run', 'tutorial', 'templated', 'scheduled__2015-12-30T00:00:00+00:00', '--job-id', '735', '--raw', '--subdir', 'DAGS_FOLDER/tuto.py', '--cfg-path', '/tmp/tmpkcmf755m']
[2022-10-27T12:48:21.150+0000] {standard_task_runner.py:83} INFO - Job 735: Subtask templated
[2022-10-27T12:48:21.184+0000] {logging_mixin.py:120} WARNING - /home/***/.local/lib/python3.7/site-packages/***/configuration.py:545 DeprecationWarning: The sql_alchemy_conn option in [core] has been moved to the sql_alchemy_conn option in [database] - the old setting has been used, but please update your config.
[2022-10-27T12:48:21.305+0000] {task_command.py:376} INFO - Running <TaskInstance: tutorial.templated scheduled__2015-12-30T00:00:00+00:00 [running]> on host e60030a57919
[2022-10-27T12:48:21.470+0000] {taskinstance.py:1592} INFO - Exporting the following env vars:
AIRFLOW_CTX_DAG_EMAIL=***@***.com
AIRFLOW_CTX_DAG_OWNER=***
AIRFLOW_CTX_DAG_ID=tutorial
AIRFLOW_CTX_TASK_ID=templated
AIRFLOW_CTX_EXECUTION_DATE=2015-12-30T00:00:00+00:00
AIRFLOW_CTX_TRY_NUMBER=1
AIRFLOW_CTX_DAG_RUN_ID=scheduled__2015-12-30T00:00:00+00:00
[2022-10-27T12:48:21.471+0000] {subprocess.py:63} INFO - Tmp dir root location: 
 /tmp
[2022-10-27T12:48:21.476+0000] {subprocess.py:75} INFO - Running command: ['/bin/bash', '-c', '\n    \n        echo "2015-12-30"\n        echo "2016-01-06"\n        echo "Parameter I passed in"\n    \n        echo "2015-12-30"\n        echo "2016-01-06"\n        echo "Parameter I passed in"\n    \n        echo "2015-12-30"\n        echo "2016-01-06"\n        echo "Parameter I passed in"\n    \n        echo "2015-12-30"\n        echo "2016-01-06"\n        echo "Parameter I passed in"\n    \n        echo "2015-12-30"\n        echo "2016-01-06"\n        echo "Parameter I passed in"\n    ']
[2022-10-27T12:48:21.491+0000] {subprocess.py:86} INFO - Output:
[2022-10-27T12:48:21.494+0000] {subprocess.py:93} INFO - 2015-12-30
[2022-10-27T12:48:21.494+0000] {subprocess.py:93} INFO - 2016-01-06
[2022-10-27T12:48:21.494+0000] {subprocess.py:93} INFO - Parameter I passed in
[2022-10-27T12:48:21.495+0000] {subprocess.py:93} INFO - 2015-12-30
[2022-10-27T12:48:21.495+0000] {subprocess.py:93} INFO - 2016-01-06
[2022-10-27T12:48:21.495+0000] {subprocess.py:93} INFO - Parameter I passed in
[2022-10-27T12:48:21.495+0000] {subprocess.py:93} INFO - 2015-12-30
[2022-10-27T12:48:21.495+0000] {subprocess.py:93} INFO - 2016-01-06
[2022-10-27T12:48:21.495+0000] {subprocess.py:93} INFO - Parameter I passed in
[2022-10-27T12:48:21.495+0000] {subprocess.py:93} INFO - 2015-12-30
[2022-10-27T12:48:21.496+0000] {subprocess.py:93} INFO - 2016-01-06
[2022-10-27T12:48:21.496+0000] {subprocess.py:93} INFO - Parameter I passed in
[2022-10-27T12:48:21.496+0000] {subprocess.py:93} INFO - 2015-12-30
[2022-10-27T12:48:21.496+0000] {subprocess.py:93} INFO - 2016-01-06
[2022-10-27T12:48:21.496+0000] {subprocess.py:93} INFO - Parameter I passed in
[2022-10-27T12:48:21.497+0000] {subprocess.py:97} INFO - Command exited with return code 0
[2022-10-27T12:48:21.545+0000] {taskinstance.py:1406} INFO - Marking task as SUCCESS. dag_id=tutorial, task_id=templated, execution_date=20151230T000000, start_date=20221027T124821, end_date=20221027T124821
[2022-10-27T12:48:21.615+0000] {local_task_job.py:164} INFO - Task exited with return code 0
[2022-10-27T12:48:21.664+0000] {local_task_job.py:273} INFO - 0 downstream tasks scheduled from follow-on schedule check
