[2022-12-23T15:50:22.855+0000] {taskinstance.py:1165} INFO - Dependencies all met for <TaskInstance: extr_proc_aug_pipl.merge_text_n_data scheduled__2022-12-22T00:00:00+00:00 [queued]>
[2022-12-23T15:50:22.864+0000] {taskinstance.py:1165} INFO - Dependencies all met for <TaskInstance: extr_proc_aug_pipl.merge_text_n_data scheduled__2022-12-22T00:00:00+00:00 [queued]>
[2022-12-23T15:50:22.865+0000] {taskinstance.py:1362} INFO - 
--------------------------------------------------------------------------------
[2022-12-23T15:50:22.865+0000] {taskinstance.py:1363} INFO - Starting attempt 1 of 4
[2022-12-23T15:50:22.865+0000] {taskinstance.py:1364} INFO - 
--------------------------------------------------------------------------------
[2022-12-23T15:50:22.876+0000] {taskinstance.py:1383} INFO - Executing <Task(BashOperator): merge_text_n_data> on 2022-12-22 00:00:00+00:00
[2022-12-23T15:50:22.879+0000] {standard_task_runner.py:55} INFO - Started process 224 to run task
[2022-12-23T15:50:22.883+0000] {standard_task_runner.py:82} INFO - Running: ['***', 'tasks', 'run', 'extr_proc_aug_pipl', 'merge_text_n_data', 'scheduled__2022-12-22T00:00:00+00:00', '--job-id', '5175', '--raw', '--subdir', 'DAGS_FOLDER/extr_processing_augmentation.py', '--cfg-path', '/tmp/tmp366fqvj2']
[2022-12-23T15:50:22.884+0000] {standard_task_runner.py:83} INFO - Job 5175: Subtask merge_text_n_data
[2022-12-23T15:50:22.897+0000] {logging_mixin.py:120} WARNING - /home/***/.local/lib/python3.7/site-packages/***/configuration.py:545 DeprecationWarning: The sql_alchemy_conn option in [core] has been moved to the sql_alchemy_conn option in [database] - the old setting has been used, but please update your config.
[2022-12-23T15:50:22.938+0000] {task_command.py:376} INFO - Running <TaskInstance: extr_proc_aug_pipl.merge_text_n_data scheduled__2022-12-22T00:00:00+00:00 [running]> on host 0961b7a3874f
[2022-12-23T15:50:23.000+0000] {taskinstance.py:1592} INFO - Exporting the following env vars:
AIRFLOW_CTX_DAG_EMAIL=***@***.com
AIRFLOW_CTX_DAG_OWNER=***
AIRFLOW_CTX_DAG_ID=extr_proc_aug_pipl
AIRFLOW_CTX_TASK_ID=merge_text_n_data
AIRFLOW_CTX_EXECUTION_DATE=2022-12-22T00:00:00+00:00
AIRFLOW_CTX_TRY_NUMBER=1
AIRFLOW_CTX_DAG_RUN_ID=scheduled__2022-12-22T00:00:00+00:00
[2022-12-23T15:50:23.001+0000] {subprocess.py:63} INFO - Tmp dir root location: 
 /tmp
[2022-12-23T15:50:23.001+0000] {subprocess.py:75} INFO - Running command: ['/bin/bash', '-c', 'sleep 5']
[2022-12-23T15:50:23.007+0000] {subprocess.py:86} INFO - Output:
[2022-12-23T15:50:28.009+0000] {subprocess.py:97} INFO - Command exited with return code 0
[2022-12-23T15:50:28.029+0000] {taskinstance.py:1406} INFO - Marking task as SUCCESS. dag_id=extr_proc_aug_pipl, task_id=merge_text_n_data, execution_date=20221222T000000, start_date=20221223T155022, end_date=20221223T155028
[2022-12-23T15:50:28.079+0000] {local_task_job.py:164} INFO - Task exited with return code 0
[2022-12-23T15:50:28.101+0000] {local_task_job.py:273} INFO - 0 downstream tasks scheduled from follow-on schedule check
