[2023-05-10T10:52:23.618+0000] {taskinstance.py:1165} INFO - Dependencies all met for <TaskInstance: extr_proc_aug_pipl.augmentaition scheduled__2022-12-30T06:30:00+00:00 [queued]>
[2023-05-10T10:52:23.672+0000] {taskinstance.py:1165} INFO - Dependencies all met for <TaskInstance: extr_proc_aug_pipl.augmentaition scheduled__2022-12-30T06:30:00+00:00 [queued]>
[2023-05-10T10:52:23.673+0000] {taskinstance.py:1362} INFO - 
--------------------------------------------------------------------------------
[2023-05-10T10:52:23.673+0000] {taskinstance.py:1363} INFO - Starting attempt 1 of 4
[2023-05-10T10:52:23.674+0000] {taskinstance.py:1364} INFO - 
--------------------------------------------------------------------------------
[2023-05-10T10:52:23.769+0000] {taskinstance.py:1383} INFO - Executing <Task(BashOperator): augmentaition> on 2022-12-30 06:30:00+00:00
[2023-05-10T10:52:23.782+0000] {standard_task_runner.py:55} INFO - Started process 3544 to run task
[2023-05-10T10:52:23.798+0000] {standard_task_runner.py:82} INFO - Running: ['***', 'tasks', 'run', 'extr_proc_aug_pipl', 'augmentaition', 'scheduled__2022-12-30T06:30:00+00:00', '--job-id', '6430', '--raw', '--subdir', 'DAGS_FOLDER/extr_processing_augmentation.py', '--cfg-path', '/tmp/tmpfdtwudyj']
[2023-05-10T10:52:23.804+0000] {standard_task_runner.py:83} INFO - Job 6430: Subtask augmentaition
[2023-05-10T10:52:23.872+0000] {logging_mixin.py:120} WARNING - /home/***/.local/lib/python3.7/site-packages/***/configuration.py:545 DeprecationWarning: The sql_alchemy_conn option in [core] has been moved to the sql_alchemy_conn option in [database] - the old setting has been used, but please update your config.
[2023-05-10T10:52:24.082+0000] {task_command.py:376} INFO - Running <TaskInstance: extr_proc_aug_pipl.augmentaition scheduled__2022-12-30T06:30:00+00:00 [running]> on host 0961b7a3874f
[2023-05-10T10:52:24.479+0000] {taskinstance.py:1592} INFO - Exporting the following env vars:
AIRFLOW_CTX_DAG_EMAIL=***@***.com
AIRFLOW_CTX_DAG_OWNER=***
AIRFLOW_CTX_DAG_ID=extr_proc_aug_pipl
AIRFLOW_CTX_TASK_ID=augmentaition
AIRFLOW_CTX_EXECUTION_DATE=2022-12-30T06:30:00+00:00
AIRFLOW_CTX_TRY_NUMBER=1
AIRFLOW_CTX_DAG_RUN_ID=scheduled__2022-12-30T06:30:00+00:00
[2023-05-10T10:52:24.483+0000] {subprocess.py:63} INFO - Tmp dir root location: 
 /tmp
[2023-05-10T10:52:24.495+0000] {subprocess.py:75} INFO - Running command: ['/bin/bash', '-c', 'sleep 5']
[2023-05-10T10:52:24.551+0000] {subprocess.py:86} INFO - Output:
[2023-05-10T10:52:29.567+0000] {subprocess.py:97} INFO - Command exited with return code 0
[2023-05-10T10:52:29.610+0000] {taskinstance.py:1406} INFO - Marking task as SUCCESS. dag_id=extr_proc_aug_pipl, task_id=augmentaition, execution_date=20221230T063000, start_date=20230510T105223, end_date=20230510T105229
[2023-05-10T10:52:29.834+0000] {local_task_job.py:164} INFO - Task exited with return code 0
[2023-05-10T10:52:29.894+0000] {local_task_job.py:273} INFO - 1 downstream tasks scheduled from follow-on schedule check
