[2022-10-27T13:11:36.868+0000] {taskinstance.py:1165} INFO - Dependencies all met for <TaskInstance: tutorial.templated scheduled__2019-07-10T00:00:00+00:00 [queued]>
[2022-10-27T13:11:36.891+0000] {taskinstance.py:1165} INFO - Dependencies all met for <TaskInstance: tutorial.templated scheduled__2019-07-10T00:00:00+00:00 [queued]>
[2022-10-27T13:11:36.892+0000] {taskinstance.py:1362} INFO - 
--------------------------------------------------------------------------------
[2022-10-27T13:11:36.892+0000] {taskinstance.py:1363} INFO - Starting attempt 1 of 2
[2022-10-27T13:11:36.892+0000] {taskinstance.py:1364} INFO - 
--------------------------------------------------------------------------------
[2022-10-27T13:11:36.980+0000] {taskinstance.py:1383} INFO - Executing <Task(BashOperator): templated> on 2019-07-10 00:00:00+00:00
[2022-10-27T13:11:36.989+0000] {standard_task_runner.py:55} INFO - Started process 368 to run task
[2022-10-27T13:11:36.996+0000] {standard_task_runner.py:82} INFO - Running: ['***', 'tasks', 'run', 'tutorial', 'templated', 'scheduled__2019-07-10T00:00:00+00:00', '--job-id', '4599', '--raw', '--subdir', 'DAGS_FOLDER/tuto.py', '--cfg-path', '/tmp/tmp2eoanz_k']
[2022-10-27T13:11:37.001+0000] {standard_task_runner.py:83} INFO - Job 4599: Subtask templated
[2022-10-27T13:11:37.030+0000] {logging_mixin.py:120} WARNING - /home/***/.local/lib/python3.7/site-packages/***/configuration.py:545 DeprecationWarning: The sql_alchemy_conn option in [core] has been moved to the sql_alchemy_conn option in [database] - the old setting has been used, but please update your config.
[2022-10-27T13:11:37.149+0000] {task_command.py:376} INFO - Running <TaskInstance: tutorial.templated scheduled__2019-07-10T00:00:00+00:00 [running]> on host ed3e98310717
[2022-10-27T13:11:37.284+0000] {taskinstance.py:1592} INFO - Exporting the following env vars:
AIRFLOW_CTX_DAG_EMAIL=***@***.com
AIRFLOW_CTX_DAG_OWNER=***
AIRFLOW_CTX_DAG_ID=tutorial
AIRFLOW_CTX_TASK_ID=templated
AIRFLOW_CTX_EXECUTION_DATE=2019-07-10T00:00:00+00:00
AIRFLOW_CTX_TRY_NUMBER=1
AIRFLOW_CTX_DAG_RUN_ID=scheduled__2019-07-10T00:00:00+00:00
[2022-10-27T13:11:37.285+0000] {subprocess.py:63} INFO - Tmp dir root location: 
 /tmp
[2022-10-27T13:11:37.286+0000] {subprocess.py:75} INFO - Running command: ['/bin/bash', '-c', '\n    \n        echo "2019-07-10"\n        echo "2019-07-17"\n        echo "Parameter I passed in"\n    \n        echo "2019-07-10"\n        echo "2019-07-17"\n        echo "Parameter I passed in"\n    \n        echo "2019-07-10"\n        echo "2019-07-17"\n        echo "Parameter I passed in"\n    \n        echo "2019-07-10"\n        echo "2019-07-17"\n        echo "Parameter I passed in"\n    \n        echo "2019-07-10"\n        echo "2019-07-17"\n        echo "Parameter I passed in"\n    ']
[2022-10-27T13:11:37.296+0000] {subprocess.py:86} INFO - Output:
[2022-10-27T13:11:37.299+0000] {subprocess.py:93} INFO - 2019-07-10
[2022-10-27T13:11:37.299+0000] {subprocess.py:93} INFO - 2019-07-17
[2022-10-27T13:11:37.299+0000] {subprocess.py:93} INFO - Parameter I passed in
[2022-10-27T13:11:37.300+0000] {subprocess.py:93} INFO - 2019-07-10
[2022-10-27T13:11:37.300+0000] {subprocess.py:93} INFO - 2019-07-17
[2022-10-27T13:11:37.300+0000] {subprocess.py:93} INFO - Parameter I passed in
[2022-10-27T13:11:37.300+0000] {subprocess.py:93} INFO - 2019-07-10
[2022-10-27T13:11:37.300+0000] {subprocess.py:93} INFO - 2019-07-17
[2022-10-27T13:11:37.300+0000] {subprocess.py:93} INFO - Parameter I passed in
[2022-10-27T13:11:37.301+0000] {subprocess.py:93} INFO - 2019-07-10
[2022-10-27T13:11:37.301+0000] {subprocess.py:93} INFO - 2019-07-17
[2022-10-27T13:11:37.301+0000] {subprocess.py:93} INFO - Parameter I passed in
[2022-10-27T13:11:37.301+0000] {subprocess.py:93} INFO - 2019-07-10
[2022-10-27T13:11:37.301+0000] {subprocess.py:93} INFO - 2019-07-17
[2022-10-27T13:11:37.301+0000] {subprocess.py:93} INFO - Parameter I passed in
[2022-10-27T13:11:37.302+0000] {subprocess.py:97} INFO - Command exited with return code 0
[2022-10-27T13:11:37.341+0000] {taskinstance.py:1406} INFO - Marking task as SUCCESS. dag_id=tutorial, task_id=templated, execution_date=20190710T000000, start_date=20221027T131136, end_date=20221027T131137
[2022-10-27T13:11:37.378+0000] {local_task_job.py:164} INFO - Task exited with return code 0
[2022-10-27T13:11:37.401+0000] {local_task_job.py:273} INFO - 0 downstream tasks scheduled from follow-on schedule check
