[2022-10-27T12:58:16.396+0000] {taskinstance.py:1165} INFO - Dependencies all met for <TaskInstance: tutorial.sleep scheduled__2017-08-02T00:00:00+00:00 [queued]>
[2022-10-27T12:58:16.408+0000] {taskinstance.py:1165} INFO - Dependencies all met for <TaskInstance: tutorial.sleep scheduled__2017-08-02T00:00:00+00:00 [queued]>
[2022-10-27T12:58:16.409+0000] {taskinstance.py:1362} INFO - 
--------------------------------------------------------------------------------
[2022-10-27T12:58:16.409+0000] {taskinstance.py:1363} INFO - Starting attempt 1 of 4
[2022-10-27T12:58:16.409+0000] {taskinstance.py:1364} INFO - 
--------------------------------------------------------------------------------
[2022-10-27T12:58:16.428+0000] {taskinstance.py:1383} INFO - Executing <Task(BashOperator): sleep> on 2017-08-02 00:00:00+00:00
[2022-10-27T12:58:16.434+0000] {standard_task_runner.py:55} INFO - Started process 8668 to run task
[2022-10-27T12:58:16.438+0000] {standard_task_runner.py:82} INFO - Running: ['***', 'tasks', 'run', 'tutorial', 'sleep', 'scheduled__2017-08-02T00:00:00+00:00', '--job-id', '2475', '--raw', '--subdir', 'DAGS_FOLDER/tuto.py', '--cfg-path', '/tmp/tmpc3p6axcu']
[2022-10-27T12:58:16.439+0000] {standard_task_runner.py:83} INFO - Job 2475: Subtask sleep
[2022-10-27T12:58:16.454+0000] {logging_mixin.py:120} WARNING - /home/***/.local/lib/python3.7/site-packages/***/configuration.py:545 DeprecationWarning: The sql_alchemy_conn option in [core] has been moved to the sql_alchemy_conn option in [database] - the old setting has been used, but please update your config.
[2022-10-27T12:58:16.509+0000] {task_command.py:376} INFO - Running <TaskInstance: tutorial.sleep scheduled__2017-08-02T00:00:00+00:00 [running]> on host e60030a57919
[2022-10-27T12:58:16.600+0000] {taskinstance.py:1592} INFO - Exporting the following env vars:
AIRFLOW_CTX_DAG_EMAIL=***@***.com
AIRFLOW_CTX_DAG_OWNER=***
AIRFLOW_CTX_DAG_ID=tutorial
AIRFLOW_CTX_TASK_ID=sleep
AIRFLOW_CTX_EXECUTION_DATE=2017-08-02T00:00:00+00:00
AIRFLOW_CTX_TRY_NUMBER=1
AIRFLOW_CTX_DAG_RUN_ID=scheduled__2017-08-02T00:00:00+00:00
[2022-10-27T12:58:16.601+0000] {subprocess.py:63} INFO - Tmp dir root location: 
 /tmp
[2022-10-27T12:58:16.602+0000] {subprocess.py:75} INFO - Running command: ['/bin/bash', '-c', 'sleep 5']
[2022-10-27T12:58:16.615+0000] {subprocess.py:86} INFO - Output:
[2022-10-27T12:58:21.618+0000] {subprocess.py:97} INFO - Command exited with return code 0
[2022-10-27T12:58:21.640+0000] {taskinstance.py:1406} INFO - Marking task as SUCCESS. dag_id=tutorial, task_id=sleep, execution_date=20170802T000000, start_date=20221027T125816, end_date=20221027T125821
[2022-10-27T12:58:21.667+0000] {local_task_job.py:164} INFO - Task exited with return code 0
[2022-10-27T12:58:21.683+0000] {local_task_job.py:273} INFO - 0 downstream tasks scheduled from follow-on schedule check
