[2022-10-27T13:03:22.747+0000] {taskinstance.py:1165} INFO - Dependencies all met for <TaskInstance: tutorial.sleep scheduled__2018-05-08T00:00:00+00:00 [queued]>
[2022-10-27T13:03:22.788+0000] {taskinstance.py:1165} INFO - Dependencies all met for <TaskInstance: tutorial.sleep scheduled__2018-05-08T00:00:00+00:00 [queued]>
[2022-10-27T13:03:22.789+0000] {taskinstance.py:1362} INFO - 
--------------------------------------------------------------------------------
[2022-10-27T13:03:22.790+0000] {taskinstance.py:1363} INFO - Starting attempt 1 of 4
[2022-10-27T13:03:22.790+0000] {taskinstance.py:1364} INFO - 
--------------------------------------------------------------------------------
[2022-10-27T13:03:23.034+0000] {taskinstance.py:1383} INFO - Executing <Task(BashOperator): sleep> on 2018-05-08 00:00:00+00:00
[2022-10-27T13:03:23.045+0000] {standard_task_runner.py:55} INFO - Started process 11575 to run task
[2022-10-27T13:03:23.056+0000] {standard_task_runner.py:82} INFO - Running: ['***', 'tasks', 'run', 'tutorial', 'sleep', 'scheduled__2018-05-08T00:00:00+00:00', '--job-id', '3316', '--raw', '--subdir', 'DAGS_FOLDER/tuto.py', '--cfg-path', '/tmp/tmp_6507hrq']
[2022-10-27T13:03:23.059+0000] {standard_task_runner.py:83} INFO - Job 3316: Subtask sleep
[2022-10-27T13:03:23.083+0000] {logging_mixin.py:120} WARNING - /home/***/.local/lib/python3.7/site-packages/***/configuration.py:545 DeprecationWarning: The sql_alchemy_conn option in [core] has been moved to the sql_alchemy_conn option in [database] - the old setting has been used, but please update your config.
[2022-10-27T13:03:23.175+0000] {task_command.py:376} INFO - Running <TaskInstance: tutorial.sleep scheduled__2018-05-08T00:00:00+00:00 [running]> on host e60030a57919
[2022-10-27T13:03:23.288+0000] {taskinstance.py:1592} INFO - Exporting the following env vars:
AIRFLOW_CTX_DAG_EMAIL=***@***.com
AIRFLOW_CTX_DAG_OWNER=***
AIRFLOW_CTX_DAG_ID=tutorial
AIRFLOW_CTX_TASK_ID=sleep
AIRFLOW_CTX_EXECUTION_DATE=2018-05-08T00:00:00+00:00
AIRFLOW_CTX_TRY_NUMBER=1
AIRFLOW_CTX_DAG_RUN_ID=scheduled__2018-05-08T00:00:00+00:00
[2022-10-27T13:03:23.290+0000] {subprocess.py:63} INFO - Tmp dir root location: 
 /tmp
[2022-10-27T13:03:23.291+0000] {subprocess.py:75} INFO - Running command: ['/bin/bash', '-c', 'sleep 5']
[2022-10-27T13:03:23.309+0000] {subprocess.py:86} INFO - Output:
[2022-10-27T13:03:28.314+0000] {subprocess.py:97} INFO - Command exited with return code 0
[2022-10-27T13:03:28.337+0000] {taskinstance.py:1406} INFO - Marking task as SUCCESS. dag_id=tutorial, task_id=sleep, execution_date=20180508T000000, start_date=20221027T130322, end_date=20221027T130328
[2022-10-27T13:03:28.358+0000] {local_task_job.py:164} INFO - Task exited with return code 0
[2022-10-27T13:03:28.373+0000] {local_task_job.py:273} INFO - 0 downstream tasks scheduled from follow-on schedule check
