[2022-11-13T12:53:22.650+0000] {taskinstance.py:1165} INFO - Dependencies all met for <TaskInstance: extr_proc_aug_pipl.augmentaition scheduled__2022-11-01T00:00:00+00:00 [queued]>
[2022-11-13T12:53:22.662+0000] {taskinstance.py:1165} INFO - Dependencies all met for <TaskInstance: extr_proc_aug_pipl.augmentaition scheduled__2022-11-01T00:00:00+00:00 [queued]>
[2022-11-13T12:53:22.662+0000] {taskinstance.py:1362} INFO - 
--------------------------------------------------------------------------------
[2022-11-13T12:53:22.662+0000] {taskinstance.py:1363} INFO - Starting attempt 1 of 4
[2022-11-13T12:53:22.662+0000] {taskinstance.py:1364} INFO - 
--------------------------------------------------------------------------------
[2022-11-13T12:53:22.779+0000] {taskinstance.py:1383} INFO - Executing <Task(BashOperator): augmentaition> on 2022-11-01 00:00:00+00:00
[2022-11-13T12:53:22.786+0000] {standard_task_runner.py:55} INFO - Started process 1900 to run task
[2022-11-13T12:53:22.791+0000] {standard_task_runner.py:82} INFO - Running: ['***', 'tasks', 'run', 'extr_proc_aug_pipl', 'augmentaition', 'scheduled__2022-11-01T00:00:00+00:00', '--job-id', '4728', '--raw', '--subdir', 'DAGS_FOLDER/extr_processing_augmentation.py', '--cfg-path', '/tmp/tmplx77_dg6']
[2022-11-13T12:53:22.793+0000] {standard_task_runner.py:83} INFO - Job 4728: Subtask augmentaition
[2022-11-13T12:53:22.812+0000] {logging_mixin.py:120} WARNING - /home/***/.local/lib/python3.7/site-packages/***/configuration.py:545 DeprecationWarning: The sql_alchemy_conn option in [core] has been moved to the sql_alchemy_conn option in [database] - the old setting has been used, but please update your config.
[2022-11-13T12:53:22.874+0000] {task_command.py:376} INFO - Running <TaskInstance: extr_proc_aug_pipl.augmentaition scheduled__2022-11-01T00:00:00+00:00 [running]> on host ed3e98310717
[2022-11-13T12:53:22.949+0000] {taskinstance.py:1592} INFO - Exporting the following env vars:
AIRFLOW_CTX_DAG_EMAIL=***@***.com
AIRFLOW_CTX_DAG_OWNER=***
AIRFLOW_CTX_DAG_ID=extr_proc_aug_pipl
AIRFLOW_CTX_TASK_ID=augmentaition
AIRFLOW_CTX_EXECUTION_DATE=2022-11-01T00:00:00+00:00
AIRFLOW_CTX_TRY_NUMBER=1
AIRFLOW_CTX_DAG_RUN_ID=scheduled__2022-11-01T00:00:00+00:00
[2022-11-13T12:53:22.951+0000] {subprocess.py:63} INFO - Tmp dir root location: 
 /tmp
[2022-11-13T12:53:22.952+0000] {subprocess.py:75} INFO - Running command: ['/bin/bash', '-c', 'sleep 5']
[2022-11-13T12:53:22.966+0000] {subprocess.py:86} INFO - Output:
[2022-11-13T12:53:28.026+0000] {subprocess.py:97} INFO - Command exited with return code 0
[2022-11-13T12:53:28.137+0000] {taskinstance.py:1406} INFO - Marking task as SUCCESS. dag_id=extr_proc_aug_pipl, task_id=augmentaition, execution_date=20221101T000000, start_date=20221113T125322, end_date=20221113T125328
[2022-11-13T12:53:28.201+0000] {local_task_job.py:164} INFO - Task exited with return code 0
[2022-11-13T12:53:28.255+0000] {local_task_job.py:273} INFO - 1 downstream tasks scheduled from follow-on schedule check
