[2022-10-27T13:01:52.494+0000] {taskinstance.py:1165} INFO - Dependencies all met for <TaskInstance: tutorial.print_date scheduled__2018-02-25T00:00:00+00:00 [queued]>
[2022-10-27T13:01:52.518+0000] {taskinstance.py:1165} INFO - Dependencies all met for <TaskInstance: tutorial.print_date scheduled__2018-02-25T00:00:00+00:00 [queued]>
[2022-10-27T13:01:52.519+0000] {taskinstance.py:1362} INFO - 
--------------------------------------------------------------------------------
[2022-10-27T13:01:52.519+0000] {taskinstance.py:1363} INFO - Starting attempt 1 of 2
[2022-10-27T13:01:52.520+0000] {taskinstance.py:1364} INFO - 
--------------------------------------------------------------------------------
[2022-10-27T13:01:52.551+0000] {taskinstance.py:1383} INFO - Executing <Task(BashOperator): print_date> on 2018-02-25 00:00:00+00:00
[2022-10-27T13:01:52.560+0000] {standard_task_runner.py:55} INFO - Started process 10763 to run task
[2022-10-27T13:01:52.564+0000] {standard_task_runner.py:82} INFO - Running: ['***', 'tasks', 'run', 'tutorial', 'print_date', 'scheduled__2018-02-25T00:00:00+00:00', '--job-id', '3081', '--raw', '--subdir', 'DAGS_FOLDER/tuto.py', '--cfg-path', '/tmp/tmpl5vtmit3']
[2022-10-27T13:01:52.567+0000] {standard_task_runner.py:83} INFO - Job 3081: Subtask print_date
[2022-10-27T13:01:52.593+0000] {logging_mixin.py:120} WARNING - /home/***/.local/lib/python3.7/site-packages/***/configuration.py:545 DeprecationWarning: The sql_alchemy_conn option in [core] has been moved to the sql_alchemy_conn option in [database] - the old setting has been used, but please update your config.
[2022-10-27T13:01:52.695+0000] {task_command.py:376} INFO - Running <TaskInstance: tutorial.print_date scheduled__2018-02-25T00:00:00+00:00 [running]> on host e60030a57919
[2022-10-27T13:01:52.853+0000] {taskinstance.py:1592} INFO - Exporting the following env vars:
AIRFLOW_CTX_DAG_EMAIL=***@***.com
AIRFLOW_CTX_DAG_OWNER=***
AIRFLOW_CTX_DAG_ID=tutorial
AIRFLOW_CTX_TASK_ID=print_date
AIRFLOW_CTX_EXECUTION_DATE=2018-02-25T00:00:00+00:00
AIRFLOW_CTX_TRY_NUMBER=1
AIRFLOW_CTX_DAG_RUN_ID=scheduled__2018-02-25T00:00:00+00:00
[2022-10-27T13:01:52.860+0000] {subprocess.py:63} INFO - Tmp dir root location: 
 /tmp
[2022-10-27T13:01:52.862+0000] {subprocess.py:75} INFO - Running command: ['/bin/bash', '-c', 'date']
[2022-10-27T13:01:52.911+0000] {subprocess.py:86} INFO - Output:
[2022-10-27T13:01:52.921+0000] {subprocess.py:93} INFO - Thu Oct 27 13:01:52 UTC 2022
[2022-10-27T13:01:52.923+0000] {subprocess.py:97} INFO - Command exited with return code 0
[2022-10-27T13:01:53.013+0000] {taskinstance.py:1406} INFO - Marking task as SUCCESS. dag_id=tutorial, task_id=print_date, execution_date=20180225T000000, start_date=20221027T130152, end_date=20221027T130153
[2022-10-27T13:01:53.104+0000] {local_task_job.py:164} INFO - Task exited with return code 0
[2022-10-27T13:01:53.164+0000] {local_task_job.py:273} INFO - 2 downstream tasks scheduled from follow-on schedule check
