[2022-10-27T12:51:30.773+0000] {taskinstance.py:1165} INFO - Dependencies all met for <TaskInstance: tutorial.templated scheduled__2016-07-09T00:00:00+00:00 [queued]>
[2022-10-27T12:51:30.808+0000] {taskinstance.py:1165} INFO - Dependencies all met for <TaskInstance: tutorial.templated scheduled__2016-07-09T00:00:00+00:00 [queued]>
[2022-10-27T12:51:30.808+0000] {taskinstance.py:1362} INFO - 
--------------------------------------------------------------------------------
[2022-10-27T12:51:30.809+0000] {taskinstance.py:1363} INFO - Starting attempt 1 of 2
[2022-10-27T12:51:30.809+0000] {taskinstance.py:1364} INFO - 
--------------------------------------------------------------------------------
[2022-10-27T12:51:30.887+0000] {taskinstance.py:1383} INFO - Executing <Task(BashOperator): templated> on 2016-07-09 00:00:00+00:00
[2022-10-27T12:51:30.901+0000] {standard_task_runner.py:55} INFO - Started process 4677 to run task
[2022-10-27T12:51:30.913+0000] {standard_task_runner.py:82} INFO - Running: ['***', 'tasks', 'run', 'tutorial', 'templated', 'scheduled__2016-07-09T00:00:00+00:00', '--job-id', '1311', '--raw', '--subdir', 'DAGS_FOLDER/tuto.py', '--cfg-path', '/tmp/tmponxfa4_k']
[2022-10-27T12:51:30.917+0000] {standard_task_runner.py:83} INFO - Job 1311: Subtask templated
[2022-10-27T12:51:30.978+0000] {logging_mixin.py:120} WARNING - /home/***/.local/lib/python3.7/site-packages/***/configuration.py:545 DeprecationWarning: The sql_alchemy_conn option in [core] has been moved to the sql_alchemy_conn option in [database] - the old setting has been used, but please update your config.
[2022-10-27T12:51:31.131+0000] {task_command.py:376} INFO - Running <TaskInstance: tutorial.templated scheduled__2016-07-09T00:00:00+00:00 [running]> on host e60030a57919
[2022-10-27T12:51:31.311+0000] {taskinstance.py:1592} INFO - Exporting the following env vars:
AIRFLOW_CTX_DAG_EMAIL=***@***.com
AIRFLOW_CTX_DAG_OWNER=***
AIRFLOW_CTX_DAG_ID=tutorial
AIRFLOW_CTX_TASK_ID=templated
AIRFLOW_CTX_EXECUTION_DATE=2016-07-09T00:00:00+00:00
AIRFLOW_CTX_TRY_NUMBER=1
AIRFLOW_CTX_DAG_RUN_ID=scheduled__2016-07-09T00:00:00+00:00
[2022-10-27T12:51:31.313+0000] {subprocess.py:63} INFO - Tmp dir root location: 
 /tmp
[2022-10-27T12:51:31.314+0000] {subprocess.py:75} INFO - Running command: ['/bin/bash', '-c', '\n    \n        echo "2016-07-09"\n        echo "2016-07-16"\n        echo "Parameter I passed in"\n    \n        echo "2016-07-09"\n        echo "2016-07-16"\n        echo "Parameter I passed in"\n    \n        echo "2016-07-09"\n        echo "2016-07-16"\n        echo "Parameter I passed in"\n    \n        echo "2016-07-09"\n        echo "2016-07-16"\n        echo "Parameter I passed in"\n    \n        echo "2016-07-09"\n        echo "2016-07-16"\n        echo "Parameter I passed in"\n    ']
[2022-10-27T12:51:31.335+0000] {subprocess.py:86} INFO - Output:
[2022-10-27T12:51:31.337+0000] {subprocess.py:93} INFO - 2016-07-09
[2022-10-27T12:51:31.338+0000] {subprocess.py:93} INFO - 2016-07-16
[2022-10-27T12:51:31.338+0000] {subprocess.py:93} INFO - Parameter I passed in
[2022-10-27T12:51:31.338+0000] {subprocess.py:93} INFO - 2016-07-09
[2022-10-27T12:51:31.338+0000] {subprocess.py:93} INFO - 2016-07-16
[2022-10-27T12:51:31.338+0000] {subprocess.py:93} INFO - Parameter I passed in
[2022-10-27T12:51:31.338+0000] {subprocess.py:93} INFO - 2016-07-09
[2022-10-27T12:51:31.339+0000] {subprocess.py:93} INFO - 2016-07-16
[2022-10-27T12:51:31.339+0000] {subprocess.py:93} INFO - Parameter I passed in
[2022-10-27T12:51:31.339+0000] {subprocess.py:93} INFO - 2016-07-09
[2022-10-27T12:51:31.339+0000] {subprocess.py:93} INFO - 2016-07-16
[2022-10-27T12:51:31.339+0000] {subprocess.py:93} INFO - Parameter I passed in
[2022-10-27T12:51:31.339+0000] {subprocess.py:93} INFO - 2016-07-09
[2022-10-27T12:51:31.340+0000] {subprocess.py:93} INFO - 2016-07-16
[2022-10-27T12:51:31.340+0000] {subprocess.py:93} INFO - Parameter I passed in
[2022-10-27T12:51:31.340+0000] {subprocess.py:97} INFO - Command exited with return code 0
[2022-10-27T12:51:31.400+0000] {taskinstance.py:1406} INFO - Marking task as SUCCESS. dag_id=tutorial, task_id=templated, execution_date=20160709T000000, start_date=20221027T125130, end_date=20221027T125131
[2022-10-27T12:51:31.491+0000] {local_task_job.py:164} INFO - Task exited with return code 0
[2022-10-27T12:51:31.621+0000] {local_task_job.py:273} INFO - 0 downstream tasks scheduled from follow-on schedule check
