[2022-12-21T16:01:29.089+0000] {taskinstance.py:1165} INFO - Dependencies all met for <TaskInstance: extr_proc_aug_pipl.augmentaition scheduled__2022-12-19T00:00:00+00:00 [queued]>
[2022-12-21T16:01:29.102+0000] {taskinstance.py:1165} INFO - Dependencies all met for <TaskInstance: extr_proc_aug_pipl.augmentaition scheduled__2022-12-19T00:00:00+00:00 [queued]>
[2022-12-21T16:01:29.103+0000] {taskinstance.py:1362} INFO - 
--------------------------------------------------------------------------------
[2022-12-21T16:01:29.103+0000] {taskinstance.py:1363} INFO - Starting attempt 2 of 4
[2022-12-21T16:01:29.103+0000] {taskinstance.py:1364} INFO - 
--------------------------------------------------------------------------------
[2022-12-21T16:01:29.119+0000] {taskinstance.py:1383} INFO - Executing <Task(BashOperator): augmentaition> on 2022-12-19 00:00:00+00:00
[2022-12-21T16:01:29.122+0000] {standard_task_runner.py:55} INFO - Started process 296 to run task
[2022-12-21T16:01:29.125+0000] {standard_task_runner.py:82} INFO - Running: ['***', 'tasks', 'run', 'extr_proc_aug_pipl', 'augmentaition', 'scheduled__2022-12-19T00:00:00+00:00', '--job-id', '5129', '--raw', '--subdir', 'DAGS_FOLDER/extr_processing_augmentation.py', '--cfg-path', '/tmp/tmpjjf2pyki']
[2022-12-21T16:01:29.127+0000] {standard_task_runner.py:83} INFO - Job 5129: Subtask augmentaition
[2022-12-21T16:01:29.144+0000] {logging_mixin.py:120} WARNING - /home/***/.local/lib/python3.7/site-packages/***/configuration.py:545 DeprecationWarning: The sql_alchemy_conn option in [core] has been moved to the sql_alchemy_conn option in [database] - the old setting has been used, but please update your config.
[2022-12-21T16:01:29.202+0000] {task_command.py:376} INFO - Running <TaskInstance: extr_proc_aug_pipl.augmentaition scheduled__2022-12-19T00:00:00+00:00 [running]> on host ed3e98310717
[2022-12-21T16:01:29.275+0000] {taskinstance.py:1592} INFO - Exporting the following env vars:
AIRFLOW_CTX_DAG_EMAIL=***@***.com
AIRFLOW_CTX_DAG_OWNER=***
AIRFLOW_CTX_DAG_ID=extr_proc_aug_pipl
AIRFLOW_CTX_TASK_ID=augmentaition
AIRFLOW_CTX_EXECUTION_DATE=2022-12-19T00:00:00+00:00
AIRFLOW_CTX_TRY_NUMBER=2
AIRFLOW_CTX_DAG_RUN_ID=scheduled__2022-12-19T00:00:00+00:00
[2022-12-21T16:01:29.275+0000] {subprocess.py:63} INFO - Tmp dir root location: 
 /tmp
[2022-12-21T16:01:29.276+0000] {subprocess.py:75} INFO - Running command: ['/bin/bash', '-c', 'sleep 5']
[2022-12-21T16:01:29.283+0000] {subprocess.py:86} INFO - Output:
[2022-12-21T16:01:34.285+0000] {subprocess.py:97} INFO - Command exited with return code 0
[2022-12-21T16:01:34.307+0000] {taskinstance.py:1406} INFO - Marking task as SUCCESS. dag_id=extr_proc_aug_pipl, task_id=augmentaition, execution_date=20221219T000000, start_date=20221221T160129, end_date=20221221T160134
[2022-12-21T16:01:34.361+0000] {local_task_job.py:164} INFO - Task exited with return code 0
[2022-12-21T16:01:34.386+0000] {local_task_job.py:273} INFO - 1 downstream tasks scheduled from follow-on schedule check
