[2022-11-15T12:40:21.294+0000] {taskinstance.py:1165} INFO - Dependencies all met for <TaskInstance: extr_proc_aug_pipl.extract_data scheduled__2022-11-14T00:00:00+00:00 [queued]>
[2022-11-15T12:40:21.316+0000] {taskinstance.py:1165} INFO - Dependencies all met for <TaskInstance: extr_proc_aug_pipl.extract_data scheduled__2022-11-14T00:00:00+00:00 [queued]>
[2022-11-15T12:40:21.317+0000] {taskinstance.py:1362} INFO - 
--------------------------------------------------------------------------------
[2022-11-15T12:40:21.317+0000] {taskinstance.py:1363} INFO - Starting attempt 1 of 2
[2022-11-15T12:40:21.317+0000] {taskinstance.py:1364} INFO - 
--------------------------------------------------------------------------------
[2022-11-15T12:40:21.333+0000] {taskinstance.py:1383} INFO - Executing <Task(BashOperator): extract_data> on 2022-11-14 00:00:00+00:00
[2022-11-15T12:40:21.341+0000] {standard_task_runner.py:55} INFO - Started process 208 to run task
[2022-11-15T12:40:21.345+0000] {standard_task_runner.py:82} INFO - Running: ['***', 'tasks', 'run', 'extr_proc_aug_pipl', 'extract_data', 'scheduled__2022-11-14T00:00:00+00:00', '--job-id', '4799', '--raw', '--subdir', 'DAGS_FOLDER/extr_processing_augmentation.py', '--cfg-path', '/tmp/tmp_a69s4v0']
[2022-11-15T12:40:21.346+0000] {standard_task_runner.py:83} INFO - Job 4799: Subtask extract_data
[2022-11-15T12:40:21.363+0000] {logging_mixin.py:120} WARNING - /home/***/.local/lib/python3.7/site-packages/***/configuration.py:545 DeprecationWarning: The sql_alchemy_conn option in [core] has been moved to the sql_alchemy_conn option in [database] - the old setting has been used, but please update your config.
[2022-11-15T12:40:21.429+0000] {task_command.py:376} INFO - Running <TaskInstance: extr_proc_aug_pipl.extract_data scheduled__2022-11-14T00:00:00+00:00 [running]> on host ed3e98310717
[2022-11-15T12:40:21.527+0000] {taskinstance.py:1592} INFO - Exporting the following env vars:
AIRFLOW_CTX_DAG_EMAIL=***@***.com
AIRFLOW_CTX_DAG_OWNER=***
AIRFLOW_CTX_DAG_ID=extr_proc_aug_pipl
AIRFLOW_CTX_TASK_ID=extract_data
AIRFLOW_CTX_EXECUTION_DATE=2022-11-14T00:00:00+00:00
AIRFLOW_CTX_TRY_NUMBER=1
AIRFLOW_CTX_DAG_RUN_ID=scheduled__2022-11-14T00:00:00+00:00
[2022-11-15T12:40:21.528+0000] {subprocess.py:63} INFO - Tmp dir root location: 
 /tmp
[2022-11-15T12:40:21.529+0000] {subprocess.py:75} INFO - Running command: ['/bin/bash', '-c', 'date']
[2022-11-15T12:40:21.539+0000] {subprocess.py:86} INFO - Output:
[2022-11-15T12:40:21.542+0000] {subprocess.py:93} INFO - Tue Nov 15 12:40:21 UTC 2022
[2022-11-15T12:40:21.542+0000] {subprocess.py:97} INFO - Command exited with return code 0
[2022-11-15T12:40:21.572+0000] {taskinstance.py:1406} INFO - Marking task as SUCCESS. dag_id=extr_proc_aug_pipl, task_id=extract_data, execution_date=20221114T000000, start_date=20221115T124021, end_date=20221115T124021
[2022-11-15T12:40:21.598+0000] {local_task_job.py:164} INFO - Task exited with return code 0
[2022-11-15T12:40:21.641+0000] {local_task_job.py:273} INFO - 1 downstream tasks scheduled from follow-on schedule check
