[2022-12-15T06:15:46.404+0000] {taskinstance.py:1165} INFO - Dependencies all met for <TaskInstance: extr_proc_aug_pipl.extract_text scheduled__2022-12-13T00:00:00+00:00 [queued]>
[2022-12-15T06:15:46.489+0000] {taskinstance.py:1165} INFO - Dependencies all met for <TaskInstance: extr_proc_aug_pipl.extract_text scheduled__2022-12-13T00:00:00+00:00 [queued]>
[2022-12-15T06:15:46.490+0000] {taskinstance.py:1362} INFO - 
--------------------------------------------------------------------------------
[2022-12-15T06:15:46.490+0000] {taskinstance.py:1363} INFO - Starting attempt 1 of 2
[2022-12-15T06:15:46.490+0000] {taskinstance.py:1364} INFO - 
--------------------------------------------------------------------------------
[2022-12-15T06:15:46.535+0000] {taskinstance.py:1383} INFO - Executing <Task(BashOperator): extract_text> on 2022-12-13 00:00:00+00:00
[2022-12-15T06:15:46.542+0000] {standard_task_runner.py:55} INFO - Started process 195 to run task
[2022-12-15T06:15:46.552+0000] {standard_task_runner.py:82} INFO - Running: ['***', 'tasks', 'run', 'extr_proc_aug_pipl', 'extract_text', 'scheduled__2022-12-13T00:00:00+00:00', '--job-id', '5051', '--raw', '--subdir', 'DAGS_FOLDER/extr_processing_augmentation.py', '--cfg-path', '/tmp/tmpbn0ve8va']
[2022-12-15T06:15:46.555+0000] {standard_task_runner.py:83} INFO - Job 5051: Subtask extract_text
[2022-12-15T06:15:46.595+0000] {logging_mixin.py:120} WARNING - /home/***/.local/lib/python3.7/site-packages/***/configuration.py:545 DeprecationWarning: The sql_alchemy_conn option in [core] has been moved to the sql_alchemy_conn option in [database] - the old setting has been used, but please update your config.
[2022-12-15T06:15:46.706+0000] {task_command.py:376} INFO - Running <TaskInstance: extr_proc_aug_pipl.extract_text scheduled__2022-12-13T00:00:00+00:00 [running]> on host ed3e98310717
[2022-12-15T06:15:46.985+0000] {taskinstance.py:1592} INFO - Exporting the following env vars:
AIRFLOW_CTX_DAG_EMAIL=***@***.com
AIRFLOW_CTX_DAG_OWNER=***
AIRFLOW_CTX_DAG_ID=extr_proc_aug_pipl
AIRFLOW_CTX_TASK_ID=extract_text
AIRFLOW_CTX_EXECUTION_DATE=2022-12-13T00:00:00+00:00
AIRFLOW_CTX_TRY_NUMBER=1
AIRFLOW_CTX_DAG_RUN_ID=scheduled__2022-12-13T00:00:00+00:00
[2022-12-15T06:15:46.986+0000] {subprocess.py:63} INFO - Tmp dir root location: 
 /tmp
[2022-12-15T06:15:46.987+0000] {subprocess.py:75} INFO - Running command: ['/bin/bash', '-c', 'date']
[2022-12-15T06:15:47.003+0000] {subprocess.py:86} INFO - Output:
[2022-12-15T06:15:47.008+0000] {subprocess.py:93} INFO - Thu Dec 15 06:15:47 UTC 2022
[2022-12-15T06:15:47.008+0000] {subprocess.py:97} INFO - Command exited with return code 0
[2022-12-15T06:15:47.063+0000] {taskinstance.py:1406} INFO - Marking task as SUCCESS. dag_id=extr_proc_aug_pipl, task_id=extract_text, execution_date=20221213T000000, start_date=20221215T061546, end_date=20221215T061547
[2022-12-15T06:15:47.102+0000] {local_task_job.py:164} INFO - Task exited with return code 0
[2022-12-15T06:15:47.171+0000] {local_task_job.py:273} INFO - 1 downstream tasks scheduled from follow-on schedule check
