[2022-10-27T12:49:25.191+0000] {taskinstance.py:1165} INFO - Dependencies all met for <TaskInstance: tutorial.templated scheduled__2016-03-01T00:00:00+00:00 [queued]>
[2022-10-27T12:49:25.212+0000] {taskinstance.py:1165} INFO - Dependencies all met for <TaskInstance: tutorial.templated scheduled__2016-03-01T00:00:00+00:00 [queued]>
[2022-10-27T12:49:25.213+0000] {taskinstance.py:1362} INFO - 
--------------------------------------------------------------------------------
[2022-10-27T12:49:25.213+0000] {taskinstance.py:1363} INFO - Starting attempt 1 of 2
[2022-10-27T12:49:25.213+0000] {taskinstance.py:1364} INFO - 
--------------------------------------------------------------------------------
[2022-10-27T12:49:25.249+0000] {taskinstance.py:1383} INFO - Executing <Task(BashOperator): templated> on 2016-03-01 00:00:00+00:00
[2022-10-27T12:49:25.270+0000] {standard_task_runner.py:55} INFO - Started process 3361 to run task
[2022-10-27T12:49:25.290+0000] {standard_task_runner.py:82} INFO - Running: ['***', 'tasks', 'run', 'tutorial', 'templated', 'scheduled__2016-03-01T00:00:00+00:00', '--job-id', '921', '--raw', '--subdir', 'DAGS_FOLDER/tuto.py', '--cfg-path', '/tmp/tmppw83qxd1']
[2022-10-27T12:49:25.293+0000] {standard_task_runner.py:83} INFO - Job 921: Subtask templated
[2022-10-27T12:49:25.340+0000] {logging_mixin.py:120} WARNING - /home/***/.local/lib/python3.7/site-packages/***/configuration.py:545 DeprecationWarning: The sql_alchemy_conn option in [core] has been moved to the sql_alchemy_conn option in [database] - the old setting has been used, but please update your config.
[2022-10-27T12:49:25.503+0000] {task_command.py:376} INFO - Running <TaskInstance: tutorial.templated scheduled__2016-03-01T00:00:00+00:00 [running]> on host e60030a57919
[2022-10-27T12:49:25.679+0000] {taskinstance.py:1592} INFO - Exporting the following env vars:
AIRFLOW_CTX_DAG_EMAIL=***@***.com
AIRFLOW_CTX_DAG_OWNER=***
AIRFLOW_CTX_DAG_ID=tutorial
AIRFLOW_CTX_TASK_ID=templated
AIRFLOW_CTX_EXECUTION_DATE=2016-03-01T00:00:00+00:00
AIRFLOW_CTX_TRY_NUMBER=1
AIRFLOW_CTX_DAG_RUN_ID=scheduled__2016-03-01T00:00:00+00:00
[2022-10-27T12:49:25.681+0000] {subprocess.py:63} INFO - Tmp dir root location: 
 /tmp
[2022-10-27T12:49:25.682+0000] {subprocess.py:75} INFO - Running command: ['/bin/bash', '-c', '\n    \n        echo "2016-03-01"\n        echo "2016-03-08"\n        echo "Parameter I passed in"\n    \n        echo "2016-03-01"\n        echo "2016-03-08"\n        echo "Parameter I passed in"\n    \n        echo "2016-03-01"\n        echo "2016-03-08"\n        echo "Parameter I passed in"\n    \n        echo "2016-03-01"\n        echo "2016-03-08"\n        echo "Parameter I passed in"\n    \n        echo "2016-03-01"\n        echo "2016-03-08"\n        echo "Parameter I passed in"\n    ']
[2022-10-27T12:49:25.705+0000] {subprocess.py:86} INFO - Output:
[2022-10-27T12:49:25.708+0000] {subprocess.py:93} INFO - 2016-03-01
[2022-10-27T12:49:25.709+0000] {subprocess.py:93} INFO - 2016-03-08
[2022-10-27T12:49:25.709+0000] {subprocess.py:93} INFO - Parameter I passed in
[2022-10-27T12:49:25.709+0000] {subprocess.py:93} INFO - 2016-03-01
[2022-10-27T12:49:25.709+0000] {subprocess.py:93} INFO - 2016-03-08
[2022-10-27T12:49:25.709+0000] {subprocess.py:93} INFO - Parameter I passed in
[2022-10-27T12:49:25.709+0000] {subprocess.py:93} INFO - 2016-03-01
[2022-10-27T12:49:25.709+0000] {subprocess.py:93} INFO - 2016-03-08
[2022-10-27T12:49:25.710+0000] {subprocess.py:93} INFO - Parameter I passed in
[2022-10-27T12:49:25.710+0000] {subprocess.py:93} INFO - 2016-03-01
[2022-10-27T12:49:25.710+0000] {subprocess.py:93} INFO - 2016-03-08
[2022-10-27T12:49:25.710+0000] {subprocess.py:93} INFO - Parameter I passed in
[2022-10-27T12:49:25.710+0000] {subprocess.py:93} INFO - 2016-03-01
[2022-10-27T12:49:25.710+0000] {subprocess.py:93} INFO - 2016-03-08
[2022-10-27T12:49:25.710+0000] {subprocess.py:93} INFO - Parameter I passed in
[2022-10-27T12:49:25.710+0000] {subprocess.py:97} INFO - Command exited with return code 0
[2022-10-27T12:49:25.773+0000] {taskinstance.py:1406} INFO - Marking task as SUCCESS. dag_id=tutorial, task_id=templated, execution_date=20160301T000000, start_date=20221027T124925, end_date=20221027T124925
[2022-10-27T12:49:25.818+0000] {local_task_job.py:164} INFO - Task exited with return code 0
[2022-10-27T12:49:25.861+0000] {local_task_job.py:273} INFO - 0 downstream tasks scheduled from follow-on schedule check
