[2023-05-10T10:51:54.290+0000] {taskinstance.py:1165} INFO - Dependencies all met for <TaskInstance: extr_proc_aug_pipl.merge_text_d scheduled__2022-12-30T02:30:00+00:00 [queued]>
[2023-05-10T10:51:54.318+0000] {taskinstance.py:1165} INFO - Dependencies all met for <TaskInstance: extr_proc_aug_pipl.merge_text_d scheduled__2022-12-30T02:30:00+00:00 [queued]>
[2023-05-10T10:51:54.318+0000] {taskinstance.py:1362} INFO - 
--------------------------------------------------------------------------------
[2023-05-10T10:51:54.318+0000] {taskinstance.py:1363} INFO - Starting attempt 1 of 4
[2023-05-10T10:51:54.319+0000] {taskinstance.py:1364} INFO - 
--------------------------------------------------------------------------------
[2023-05-10T10:51:54.357+0000] {taskinstance.py:1383} INFO - Executing <Task(BashOperator): merge_text_d> on 2022-12-30 02:30:00+00:00
[2023-05-10T10:51:54.365+0000] {standard_task_runner.py:55} INFO - Started process 3311 to run task
[2023-05-10T10:51:54.371+0000] {standard_task_runner.py:82} INFO - Running: ['***', 'tasks', 'run', 'extr_proc_aug_pipl', 'merge_text_d', 'scheduled__2022-12-30T02:30:00+00:00', '--job-id', '6362', '--raw', '--subdir', 'DAGS_FOLDER/extr_processing_augmentation.py', '--cfg-path', '/tmp/tmpyn7ttdpi']
[2023-05-10T10:51:54.374+0000] {standard_task_runner.py:83} INFO - Job 6362: Subtask merge_text_d
[2023-05-10T10:51:54.404+0000] {logging_mixin.py:120} WARNING - /home/***/.local/lib/python3.7/site-packages/***/configuration.py:545 DeprecationWarning: The sql_alchemy_conn option in [core] has been moved to the sql_alchemy_conn option in [database] - the old setting has been used, but please update your config.
[2023-05-10T10:51:54.554+0000] {task_command.py:376} INFO - Running <TaskInstance: extr_proc_aug_pipl.merge_text_d scheduled__2022-12-30T02:30:00+00:00 [running]> on host 0961b7a3874f
[2023-05-10T10:51:54.901+0000] {taskinstance.py:1592} INFO - Exporting the following env vars:
AIRFLOW_CTX_DAG_EMAIL=***@***.com
AIRFLOW_CTX_DAG_OWNER=***
AIRFLOW_CTX_DAG_ID=extr_proc_aug_pipl
AIRFLOW_CTX_TASK_ID=merge_text_d
AIRFLOW_CTX_EXECUTION_DATE=2022-12-30T02:30:00+00:00
AIRFLOW_CTX_TRY_NUMBER=1
AIRFLOW_CTX_DAG_RUN_ID=scheduled__2022-12-30T02:30:00+00:00
[2023-05-10T10:51:54.903+0000] {subprocess.py:63} INFO - Tmp dir root location: 
 /tmp
[2023-05-10T10:51:54.904+0000] {subprocess.py:75} INFO - Running command: ['/bin/bash', '-c', 'sleep 5']
[2023-05-10T10:51:54.926+0000] {subprocess.py:86} INFO - Output:
[2023-05-10T10:51:59.932+0000] {subprocess.py:97} INFO - Command exited with return code 0
[2023-05-10T10:51:59.992+0000] {taskinstance.py:1406} INFO - Marking task as SUCCESS. dag_id=extr_proc_aug_pipl, task_id=merge_text_d, execution_date=20221230T023000, start_date=20230510T105154, end_date=20230510T105159
[2023-05-10T10:52:00.223+0000] {local_task_job.py:164} INFO - Task exited with return code 0
[2023-05-10T10:52:00.297+0000] {local_task_job.py:273} INFO - 0 downstream tasks scheduled from follow-on schedule check
