[2022-12-10T05:46:45.827+0000] {taskinstance.py:1165} INFO - Dependencies all met for <TaskInstance: extr_proc_aug_pipl.merge_text_n_data scheduled__2022-11-27T00:00:00+00:00 [queued]>
[2022-12-10T05:46:45.840+0000] {taskinstance.py:1165} INFO - Dependencies all met for <TaskInstance: extr_proc_aug_pipl.merge_text_n_data scheduled__2022-11-27T00:00:00+00:00 [queued]>
[2022-12-10T05:46:45.841+0000] {taskinstance.py:1362} INFO - 
--------------------------------------------------------------------------------
[2022-12-10T05:46:45.841+0000] {taskinstance.py:1363} INFO - Starting attempt 1 of 4
[2022-12-10T05:46:45.841+0000] {taskinstance.py:1364} INFO - 
--------------------------------------------------------------------------------
[2022-12-10T05:46:45.863+0000] {taskinstance.py:1383} INFO - Executing <Task(BashOperator): merge_text_n_data> on 2022-11-27 00:00:00+00:00
[2022-12-10T05:46:45.869+0000] {standard_task_runner.py:55} INFO - Started process 450 to run task
[2022-12-10T05:46:45.873+0000] {standard_task_runner.py:82} INFO - Running: ['***', 'tasks', 'run', 'extr_proc_aug_pipl', 'merge_text_n_data', 'scheduled__2022-11-27T00:00:00+00:00', '--job-id', '5028', '--raw', '--subdir', 'DAGS_FOLDER/extr_processing_augmentation.py', '--cfg-path', '/tmp/tmpyq9231bw']
[2022-12-10T05:46:45.875+0000] {standard_task_runner.py:83} INFO - Job 5028: Subtask merge_text_n_data
[2022-12-10T05:46:45.894+0000] {logging_mixin.py:120} WARNING - /home/***/.local/lib/python3.7/site-packages/***/configuration.py:545 DeprecationWarning: The sql_alchemy_conn option in [core] has been moved to the sql_alchemy_conn option in [database] - the old setting has been used, but please update your config.
[2022-12-10T05:46:45.952+0000] {task_command.py:376} INFO - Running <TaskInstance: extr_proc_aug_pipl.merge_text_n_data scheduled__2022-11-27T00:00:00+00:00 [running]> on host ed3e98310717
[2022-12-10T05:46:46.048+0000] {taskinstance.py:1592} INFO - Exporting the following env vars:
AIRFLOW_CTX_DAG_EMAIL=***@***.com
AIRFLOW_CTX_DAG_OWNER=***
AIRFLOW_CTX_DAG_ID=extr_proc_aug_pipl
AIRFLOW_CTX_TASK_ID=merge_text_n_data
AIRFLOW_CTX_EXECUTION_DATE=2022-11-27T00:00:00+00:00
AIRFLOW_CTX_TRY_NUMBER=1
AIRFLOW_CTX_DAG_RUN_ID=scheduled__2022-11-27T00:00:00+00:00
[2022-12-10T05:46:46.049+0000] {subprocess.py:63} INFO - Tmp dir root location: 
 /tmp
[2022-12-10T05:46:46.050+0000] {subprocess.py:75} INFO - Running command: ['/bin/bash', '-c', 'sleep 5']
[2022-12-10T05:46:46.066+0000] {subprocess.py:86} INFO - Output:
[2022-12-10T05:46:51.070+0000] {subprocess.py:97} INFO - Command exited with return code 0
[2022-12-10T05:46:51.096+0000] {taskinstance.py:1406} INFO - Marking task as SUCCESS. dag_id=extr_proc_aug_pipl, task_id=merge_text_n_data, execution_date=20221127T000000, start_date=20221210T054645, end_date=20221210T054651
[2022-12-10T05:46:51.143+0000] {local_task_job.py:164} INFO - Task exited with return code 0
[2022-12-10T05:46:51.160+0000] {local_task_job.py:273} INFO - 0 downstream tasks scheduled from follow-on schedule check
