[2022-10-27T13:02:22.599+0000] {taskinstance.py:1165} INFO - Dependencies all met for <TaskInstance: tutorial.sleep scheduled__2018-03-19T00:00:00+00:00 [queued]>
[2022-10-27T13:02:22.687+0000] {taskinstance.py:1165} INFO - Dependencies all met for <TaskInstance: tutorial.sleep scheduled__2018-03-19T00:00:00+00:00 [queued]>
[2022-10-27T13:02:22.689+0000] {taskinstance.py:1362} INFO - 
--------------------------------------------------------------------------------
[2022-10-27T13:02:22.689+0000] {taskinstance.py:1363} INFO - Starting attempt 1 of 4
[2022-10-27T13:02:22.689+0000] {taskinstance.py:1364} INFO - 
--------------------------------------------------------------------------------
[2022-10-27T13:02:22.766+0000] {taskinstance.py:1383} INFO - Executing <Task(BashOperator): sleep> on 2018-03-19 00:00:00+00:00
[2022-10-27T13:02:22.780+0000] {standard_task_runner.py:55} INFO - Started process 11056 to run task
[2022-10-27T13:02:22.788+0000] {standard_task_runner.py:82} INFO - Running: ['***', 'tasks', 'run', 'tutorial', 'sleep', 'scheduled__2018-03-19T00:00:00+00:00', '--job-id', '3169', '--raw', '--subdir', 'DAGS_FOLDER/tuto.py', '--cfg-path', '/tmp/tmpwx3s80fe']
[2022-10-27T13:02:22.792+0000] {standard_task_runner.py:83} INFO - Job 3169: Subtask sleep
[2022-10-27T13:02:22.832+0000] {logging_mixin.py:120} WARNING - /home/***/.local/lib/python3.7/site-packages/***/configuration.py:545 DeprecationWarning: The sql_alchemy_conn option in [core] has been moved to the sql_alchemy_conn option in [database] - the old setting has been used, but please update your config.
[2022-10-27T13:02:22.992+0000] {task_command.py:376} INFO - Running <TaskInstance: tutorial.sleep scheduled__2018-03-19T00:00:00+00:00 [running]> on host e60030a57919
[2022-10-27T13:02:23.169+0000] {taskinstance.py:1592} INFO - Exporting the following env vars:
AIRFLOW_CTX_DAG_EMAIL=***@***.com
AIRFLOW_CTX_DAG_OWNER=***
AIRFLOW_CTX_DAG_ID=tutorial
AIRFLOW_CTX_TASK_ID=sleep
AIRFLOW_CTX_EXECUTION_DATE=2018-03-19T00:00:00+00:00
AIRFLOW_CTX_TRY_NUMBER=1
AIRFLOW_CTX_DAG_RUN_ID=scheduled__2018-03-19T00:00:00+00:00
[2022-10-27T13:02:23.170+0000] {subprocess.py:63} INFO - Tmp dir root location: 
 /tmp
[2022-10-27T13:02:23.171+0000] {subprocess.py:75} INFO - Running command: ['/bin/bash', '-c', 'sleep 5']
[2022-10-27T13:02:23.206+0000] {subprocess.py:86} INFO - Output:
[2022-10-27T13:02:28.210+0000] {subprocess.py:97} INFO - Command exited with return code 0
[2022-10-27T13:02:28.288+0000] {taskinstance.py:1406} INFO - Marking task as SUCCESS. dag_id=tutorial, task_id=sleep, execution_date=20180319T000000, start_date=20221027T130222, end_date=20221027T130228
[2022-10-27T13:02:28.379+0000] {local_task_job.py:164} INFO - Task exited with return code 0
[2022-10-27T13:02:28.416+0000] {local_task_job.py:273} INFO - 0 downstream tasks scheduled from follow-on schedule check
