[2022-10-27T12:50:15.814+0000] {taskinstance.py:1165} INFO - Dependencies all met for <TaskInstance: tutorial.templated scheduled__2016-04-27T00:00:00+00:00 [queued]>
[2022-10-27T12:50:15.828+0000] {taskinstance.py:1165} INFO - Dependencies all met for <TaskInstance: tutorial.templated scheduled__2016-04-27T00:00:00+00:00 [queued]>
[2022-10-27T12:50:15.829+0000] {taskinstance.py:1362} INFO - 
--------------------------------------------------------------------------------
[2022-10-27T12:50:15.829+0000] {taskinstance.py:1363} INFO - Starting attempt 1 of 2
[2022-10-27T12:50:15.829+0000] {taskinstance.py:1364} INFO - 
--------------------------------------------------------------------------------
[2022-10-27T12:50:15.849+0000] {taskinstance.py:1383} INFO - Executing <Task(BashOperator): templated> on 2016-04-27 00:00:00+00:00
[2022-10-27T12:50:15.856+0000] {standard_task_runner.py:55} INFO - Started process 3912 to run task
[2022-10-27T12:50:15.860+0000] {standard_task_runner.py:82} INFO - Running: ['***', 'tasks', 'run', 'tutorial', 'templated', 'scheduled__2016-04-27T00:00:00+00:00', '--job-id', '1090', '--raw', '--subdir', 'DAGS_FOLDER/tuto.py', '--cfg-path', '/tmp/tmpqkylp9i4']
[2022-10-27T12:50:15.862+0000] {standard_task_runner.py:83} INFO - Job 1090: Subtask templated
[2022-10-27T12:50:15.882+0000] {logging_mixin.py:120} WARNING - /home/***/.local/lib/python3.7/site-packages/***/configuration.py:545 DeprecationWarning: The sql_alchemy_conn option in [core] has been moved to the sql_alchemy_conn option in [database] - the old setting has been used, but please update your config.
[2022-10-27T12:50:15.946+0000] {task_command.py:376} INFO - Running <TaskInstance: tutorial.templated scheduled__2016-04-27T00:00:00+00:00 [running]> on host e60030a57919
[2022-10-27T12:50:16.056+0000] {taskinstance.py:1592} INFO - Exporting the following env vars:
AIRFLOW_CTX_DAG_EMAIL=***@***.com
AIRFLOW_CTX_DAG_OWNER=***
AIRFLOW_CTX_DAG_ID=tutorial
AIRFLOW_CTX_TASK_ID=templated
AIRFLOW_CTX_EXECUTION_DATE=2016-04-27T00:00:00+00:00
AIRFLOW_CTX_TRY_NUMBER=1
AIRFLOW_CTX_DAG_RUN_ID=scheduled__2016-04-27T00:00:00+00:00
[2022-10-27T12:50:16.058+0000] {subprocess.py:63} INFO - Tmp dir root location: 
 /tmp
[2022-10-27T12:50:16.059+0000] {subprocess.py:75} INFO - Running command: ['/bin/bash', '-c', '\n    \n        echo "2016-04-27"\n        echo "2016-05-04"\n        echo "Parameter I passed in"\n    \n        echo "2016-04-27"\n        echo "2016-05-04"\n        echo "Parameter I passed in"\n    \n        echo "2016-04-27"\n        echo "2016-05-04"\n        echo "Parameter I passed in"\n    \n        echo "2016-04-27"\n        echo "2016-05-04"\n        echo "Parameter I passed in"\n    \n        echo "2016-04-27"\n        echo "2016-05-04"\n        echo "Parameter I passed in"\n    ']
[2022-10-27T12:50:16.070+0000] {subprocess.py:86} INFO - Output:
[2022-10-27T12:50:16.072+0000] {subprocess.py:93} INFO - 2016-04-27
[2022-10-27T12:50:16.073+0000] {subprocess.py:93} INFO - 2016-05-04
[2022-10-27T12:50:16.073+0000] {subprocess.py:93} INFO - Parameter I passed in
[2022-10-27T12:50:16.073+0000] {subprocess.py:93} INFO - 2016-04-27
[2022-10-27T12:50:16.073+0000] {subprocess.py:93} INFO - 2016-05-04
[2022-10-27T12:50:16.073+0000] {subprocess.py:93} INFO - Parameter I passed in
[2022-10-27T12:50:16.073+0000] {subprocess.py:93} INFO - 2016-04-27
[2022-10-27T12:50:16.073+0000] {subprocess.py:93} INFO - 2016-05-04
[2022-10-27T12:50:16.073+0000] {subprocess.py:93} INFO - Parameter I passed in
[2022-10-27T12:50:16.073+0000] {subprocess.py:93} INFO - 2016-04-27
[2022-10-27T12:50:16.074+0000] {subprocess.py:93} INFO - 2016-05-04
[2022-10-27T12:50:16.074+0000] {subprocess.py:93} INFO - Parameter I passed in
[2022-10-27T12:50:16.074+0000] {subprocess.py:93} INFO - 2016-04-27
[2022-10-27T12:50:16.074+0000] {subprocess.py:93} INFO - 2016-05-04
[2022-10-27T12:50:16.074+0000] {subprocess.py:93} INFO - Parameter I passed in
[2022-10-27T12:50:16.074+0000] {subprocess.py:97} INFO - Command exited with return code 0
[2022-10-27T12:50:16.098+0000] {taskinstance.py:1406} INFO - Marking task as SUCCESS. dag_id=tutorial, task_id=templated, execution_date=20160427T000000, start_date=20221027T125015, end_date=20221027T125016
[2022-10-27T12:50:16.151+0000] {local_task_job.py:164} INFO - Task exited with return code 0
[2022-10-27T12:50:16.169+0000] {local_task_job.py:273} INFO - 0 downstream tasks scheduled from follow-on schedule check
