[2022-10-27T13:04:12.919+0000] {taskinstance.py:1165} INFO - Dependencies all met for <TaskInstance: tutorial.templated scheduled__2018-06-20T00:00:00+00:00 [queued]>
[2022-10-27T13:04:12.938+0000] {taskinstance.py:1165} INFO - Dependencies all met for <TaskInstance: tutorial.templated scheduled__2018-06-20T00:00:00+00:00 [queued]>
[2022-10-27T13:04:12.938+0000] {taskinstance.py:1362} INFO - 
--------------------------------------------------------------------------------
[2022-10-27T13:04:12.938+0000] {taskinstance.py:1363} INFO - Starting attempt 1 of 2
[2022-10-27T13:04:12.938+0000] {taskinstance.py:1364} INFO - 
--------------------------------------------------------------------------------
[2022-10-27T13:04:12.972+0000] {taskinstance.py:1383} INFO - Executing <Task(BashOperator): templated> on 2018-06-20 00:00:00+00:00
[2022-10-27T13:04:12.983+0000] {standard_task_runner.py:55} INFO - Started process 12043 to run task
[2022-10-27T13:04:12.987+0000] {standard_task_runner.py:82} INFO - Running: ['***', 'tasks', 'run', 'tutorial', 'templated', 'scheduled__2018-06-20T00:00:00+00:00', '--job-id', '3446', '--raw', '--subdir', 'DAGS_FOLDER/tuto.py', '--cfg-path', '/tmp/tmp85hw9e87']
[2022-10-27T13:04:12.992+0000] {standard_task_runner.py:83} INFO - Job 3446: Subtask templated
[2022-10-27T13:04:13.025+0000] {logging_mixin.py:120} WARNING - /home/***/.local/lib/python3.7/site-packages/***/configuration.py:545 DeprecationWarning: The sql_alchemy_conn option in [core] has been moved to the sql_alchemy_conn option in [database] - the old setting has been used, but please update your config.
[2022-10-27T13:04:13.159+0000] {task_command.py:376} INFO - Running <TaskInstance: tutorial.templated scheduled__2018-06-20T00:00:00+00:00 [running]> on host e60030a57919
[2022-10-27T13:04:13.304+0000] {taskinstance.py:1592} INFO - Exporting the following env vars:
AIRFLOW_CTX_DAG_EMAIL=***@***.com
AIRFLOW_CTX_DAG_OWNER=***
AIRFLOW_CTX_DAG_ID=tutorial
AIRFLOW_CTX_TASK_ID=templated
AIRFLOW_CTX_EXECUTION_DATE=2018-06-20T00:00:00+00:00
AIRFLOW_CTX_TRY_NUMBER=1
AIRFLOW_CTX_DAG_RUN_ID=scheduled__2018-06-20T00:00:00+00:00
[2022-10-27T13:04:13.305+0000] {subprocess.py:63} INFO - Tmp dir root location: 
 /tmp
[2022-10-27T13:04:13.307+0000] {subprocess.py:75} INFO - Running command: ['/bin/bash', '-c', '\n    \n        echo "2018-06-20"\n        echo "2018-06-27"\n        echo "Parameter I passed in"\n    \n        echo "2018-06-20"\n        echo "2018-06-27"\n        echo "Parameter I passed in"\n    \n        echo "2018-06-20"\n        echo "2018-06-27"\n        echo "Parameter I passed in"\n    \n        echo "2018-06-20"\n        echo "2018-06-27"\n        echo "Parameter I passed in"\n    \n        echo "2018-06-20"\n        echo "2018-06-27"\n        echo "Parameter I passed in"\n    ']
[2022-10-27T13:04:13.332+0000] {subprocess.py:86} INFO - Output:
[2022-10-27T13:04:13.333+0000] {subprocess.py:93} INFO - 2018-06-20
[2022-10-27T13:04:13.333+0000] {subprocess.py:93} INFO - 2018-06-27
[2022-10-27T13:04:13.334+0000] {subprocess.py:93} INFO - Parameter I passed in
[2022-10-27T13:04:13.334+0000] {subprocess.py:93} INFO - 2018-06-20
[2022-10-27T13:04:13.334+0000] {subprocess.py:93} INFO - 2018-06-27
[2022-10-27T13:04:13.334+0000] {subprocess.py:93} INFO - Parameter I passed in
[2022-10-27T13:04:13.334+0000] {subprocess.py:93} INFO - 2018-06-20
[2022-10-27T13:04:13.334+0000] {subprocess.py:93} INFO - 2018-06-27
[2022-10-27T13:04:13.334+0000] {subprocess.py:93} INFO - Parameter I passed in
[2022-10-27T13:04:13.335+0000] {subprocess.py:93} INFO - 2018-06-20
[2022-10-27T13:04:13.335+0000] {subprocess.py:93} INFO - 2018-06-27
[2022-10-27T13:04:13.335+0000] {subprocess.py:93} INFO - Parameter I passed in
[2022-10-27T13:04:13.335+0000] {subprocess.py:93} INFO - 2018-06-20
[2022-10-27T13:04:13.335+0000] {subprocess.py:93} INFO - 2018-06-27
[2022-10-27T13:04:13.335+0000] {subprocess.py:93} INFO - Parameter I passed in
[2022-10-27T13:04:13.335+0000] {subprocess.py:97} INFO - Command exited with return code 0
[2022-10-27T13:04:13.379+0000] {taskinstance.py:1406} INFO - Marking task as SUCCESS. dag_id=tutorial, task_id=templated, execution_date=20180620T000000, start_date=20221027T130412, end_date=20221027T130413
[2022-10-27T13:04:13.443+0000] {local_task_job.py:164} INFO - Task exited with return code 0
[2022-10-27T13:04:13.463+0000] {local_task_job.py:273} INFO - 0 downstream tasks scheduled from follow-on schedule check
