[2023-05-10T10:47:14.620+0000] {taskinstance.py:1165} INFO - Dependencies all met for <TaskInstance: extr_proc_aug_pipl.processing_text scheduled__2022-12-27T02:30:00+00:00 [queued]>
[2023-05-10T10:47:14.655+0000] {taskinstance.py:1165} INFO - Dependencies all met for <TaskInstance: extr_proc_aug_pipl.processing_text scheduled__2022-12-27T02:30:00+00:00 [queued]>
[2023-05-10T10:47:14.656+0000] {taskinstance.py:1362} INFO - 
--------------------------------------------------------------------------------
[2023-05-10T10:47:14.656+0000] {taskinstance.py:1363} INFO - Starting attempt 1 of 4
[2023-05-10T10:47:14.657+0000] {taskinstance.py:1364} INFO - 
--------------------------------------------------------------------------------
[2023-05-10T10:47:14.698+0000] {taskinstance.py:1383} INFO - Executing <Task(BashOperator): processing_text> on 2022-12-27 02:30:00+00:00
[2023-05-10T10:47:14.707+0000] {standard_task_runner.py:55} INFO - Started process 1259 to run task
[2023-05-10T10:47:14.714+0000] {standard_task_runner.py:82} INFO - Running: ['***', 'tasks', 'run', 'extr_proc_aug_pipl', 'processing_text', 'scheduled__2022-12-27T02:30:00+00:00', '--job-id', '5773', '--raw', '--subdir', 'DAGS_FOLDER/extr_processing_augmentation.py', '--cfg-path', '/tmp/tmp4gl4w_ar']
[2023-05-10T10:47:14.718+0000] {standard_task_runner.py:83} INFO - Job 5773: Subtask processing_text
[2023-05-10T10:47:14.752+0000] {logging_mixin.py:120} WARNING - /home/***/.local/lib/python3.7/site-packages/***/configuration.py:545 DeprecationWarning: The sql_alchemy_conn option in [core] has been moved to the sql_alchemy_conn option in [database] - the old setting has been used, but please update your config.
[2023-05-10T10:47:14.877+0000] {task_command.py:376} INFO - Running <TaskInstance: extr_proc_aug_pipl.processing_text scheduled__2022-12-27T02:30:00+00:00 [running]> on host 0961b7a3874f
[2023-05-10T10:47:15.029+0000] {taskinstance.py:1592} INFO - Exporting the following env vars:
AIRFLOW_CTX_DAG_EMAIL=***@***.com
AIRFLOW_CTX_DAG_OWNER=***
AIRFLOW_CTX_DAG_ID=extr_proc_aug_pipl
AIRFLOW_CTX_TASK_ID=processing_text
AIRFLOW_CTX_EXECUTION_DATE=2022-12-27T02:30:00+00:00
AIRFLOW_CTX_TRY_NUMBER=1
AIRFLOW_CTX_DAG_RUN_ID=scheduled__2022-12-27T02:30:00+00:00
[2023-05-10T10:47:15.030+0000] {subprocess.py:63} INFO - Tmp dir root location: 
 /tmp
[2023-05-10T10:47:15.031+0000] {subprocess.py:75} INFO - Running command: ['/bin/bash', '-c', 'sleep 5']
[2023-05-10T10:47:15.047+0000] {subprocess.py:86} INFO - Output:
[2023-05-10T10:47:20.054+0000] {subprocess.py:97} INFO - Command exited with return code 0
[2023-05-10T10:47:20.135+0000] {taskinstance.py:1406} INFO - Marking task as SUCCESS. dag_id=extr_proc_aug_pipl, task_id=processing_text, execution_date=20221227T023000, start_date=20230510T104714, end_date=20230510T104720
[2023-05-10T10:47:20.617+0000] {local_task_job.py:164} INFO - Task exited with return code 0
[2023-05-10T10:47:20.789+0000] {local_task_job.py:273} INFO - 1 downstream tasks scheduled from follow-on schedule check
