[2022-10-27T12:54:21.250+0000] {taskinstance.py:1165} INFO - Dependencies all met for <TaskInstance: tutorial.sleep scheduled__2016-12-21T00:00:00+00:00 [queued]>
[2022-10-27T12:54:21.260+0000] {taskinstance.py:1165} INFO - Dependencies all met for <TaskInstance: tutorial.sleep scheduled__2016-12-21T00:00:00+00:00 [queued]>
[2022-10-27T12:54:21.260+0000] {taskinstance.py:1362} INFO - 
--------------------------------------------------------------------------------
[2022-10-27T12:54:21.260+0000] {taskinstance.py:1363} INFO - Starting attempt 1 of 4
[2022-10-27T12:54:21.261+0000] {taskinstance.py:1364} INFO - 
--------------------------------------------------------------------------------
[2022-10-27T12:54:21.277+0000] {taskinstance.py:1383} INFO - Executing <Task(BashOperator): sleep> on 2016-12-21 00:00:00+00:00
[2022-10-27T12:54:21.283+0000] {standard_task_runner.py:55} INFO - Started process 6344 to run task
[2022-10-27T12:54:21.287+0000] {standard_task_runner.py:82} INFO - Running: ['***', 'tasks', 'run', 'tutorial', 'sleep', 'scheduled__2016-12-21T00:00:00+00:00', '--job-id', '1799', '--raw', '--subdir', 'DAGS_FOLDER/tuto.py', '--cfg-path', '/tmp/tmp0mqjrxca']
[2022-10-27T12:54:21.289+0000] {standard_task_runner.py:83} INFO - Job 1799: Subtask sleep
[2022-10-27T12:54:21.305+0000] {logging_mixin.py:120} WARNING - /home/***/.local/lib/python3.7/site-packages/***/configuration.py:545 DeprecationWarning: The sql_alchemy_conn option in [core] has been moved to the sql_alchemy_conn option in [database] - the old setting has been used, but please update your config.
[2022-10-27T12:54:21.359+0000] {task_command.py:376} INFO - Running <TaskInstance: tutorial.sleep scheduled__2016-12-21T00:00:00+00:00 [running]> on host e60030a57919
[2022-10-27T12:54:21.442+0000] {taskinstance.py:1592} INFO - Exporting the following env vars:
AIRFLOW_CTX_DAG_EMAIL=***@***.com
AIRFLOW_CTX_DAG_OWNER=***
AIRFLOW_CTX_DAG_ID=tutorial
AIRFLOW_CTX_TASK_ID=sleep
AIRFLOW_CTX_EXECUTION_DATE=2016-12-21T00:00:00+00:00
AIRFLOW_CTX_TRY_NUMBER=1
AIRFLOW_CTX_DAG_RUN_ID=scheduled__2016-12-21T00:00:00+00:00
[2022-10-27T12:54:21.443+0000] {subprocess.py:63} INFO - Tmp dir root location: 
 /tmp
[2022-10-27T12:54:21.443+0000] {subprocess.py:75} INFO - Running command: ['/bin/bash', '-c', 'sleep 5']
[2022-10-27T12:54:21.454+0000] {subprocess.py:86} INFO - Output:
[2022-10-27T12:54:26.457+0000] {subprocess.py:97} INFO - Command exited with return code 0
[2022-10-27T12:54:26.481+0000] {taskinstance.py:1406} INFO - Marking task as SUCCESS. dag_id=tutorial, task_id=sleep, execution_date=20161221T000000, start_date=20221027T125421, end_date=20221027T125426
[2022-10-27T12:54:26.519+0000] {local_task_job.py:164} INFO - Task exited with return code 0
[2022-10-27T12:54:26.538+0000] {local_task_job.py:273} INFO - 0 downstream tasks scheduled from follow-on schedule check
