[2022-10-27T13:05:29.940+0000] {taskinstance.py:1165} INFO - Dependencies all met for <TaskInstance: tutorial.templated scheduled__2018-08-23T00:00:00+00:00 [queued]>
[2022-10-27T13:05:29.980+0000] {taskinstance.py:1165} INFO - Dependencies all met for <TaskInstance: tutorial.templated scheduled__2018-08-23T00:00:00+00:00 [queued]>
[2022-10-27T13:05:29.981+0000] {taskinstance.py:1362} INFO - 
--------------------------------------------------------------------------------
[2022-10-27T13:05:29.981+0000] {taskinstance.py:1363} INFO - Starting attempt 1 of 2
[2022-10-27T13:05:29.981+0000] {taskinstance.py:1364} INFO - 
--------------------------------------------------------------------------------
[2022-10-27T13:05:30.039+0000] {taskinstance.py:1383} INFO - Executing <Task(BashOperator): templated> on 2018-08-23 00:00:00+00:00
[2022-10-27T13:05:30.048+0000] {standard_task_runner.py:55} INFO - Started process 12713 to run task
[2022-10-27T13:05:30.056+0000] {standard_task_runner.py:82} INFO - Running: ['***', 'tasks', 'run', 'tutorial', 'templated', 'scheduled__2018-08-23T00:00:00+00:00', '--job-id', '3643', '--raw', '--subdir', 'DAGS_FOLDER/tuto.py', '--cfg-path', '/tmp/tmppck3m3w_']
[2022-10-27T13:05:30.075+0000] {standard_task_runner.py:83} INFO - Job 3643: Subtask templated
[2022-10-27T13:05:30.135+0000] {logging_mixin.py:120} WARNING - /home/***/.local/lib/python3.7/site-packages/***/configuration.py:545 DeprecationWarning: The sql_alchemy_conn option in [core] has been moved to the sql_alchemy_conn option in [database] - the old setting has been used, but please update your config.
[2022-10-27T13:05:30.339+0000] {task_command.py:376} INFO - Running <TaskInstance: tutorial.templated scheduled__2018-08-23T00:00:00+00:00 [running]> on host e60030a57919
[2022-10-27T13:05:30.715+0000] {taskinstance.py:1592} INFO - Exporting the following env vars:
AIRFLOW_CTX_DAG_EMAIL=***@***.com
AIRFLOW_CTX_DAG_OWNER=***
AIRFLOW_CTX_DAG_ID=tutorial
AIRFLOW_CTX_TASK_ID=templated
AIRFLOW_CTX_EXECUTION_DATE=2018-08-23T00:00:00+00:00
AIRFLOW_CTX_TRY_NUMBER=1
AIRFLOW_CTX_DAG_RUN_ID=scheduled__2018-08-23T00:00:00+00:00
[2022-10-27T13:05:30.728+0000] {subprocess.py:63} INFO - Tmp dir root location: 
 /tmp
[2022-10-27T13:05:30.730+0000] {subprocess.py:75} INFO - Running command: ['/bin/bash', '-c', '\n    \n        echo "2018-08-23"\n        echo "2018-08-30"\n        echo "Parameter I passed in"\n    \n        echo "2018-08-23"\n        echo "2018-08-30"\n        echo "Parameter I passed in"\n    \n        echo "2018-08-23"\n        echo "2018-08-30"\n        echo "Parameter I passed in"\n    \n        echo "2018-08-23"\n        echo "2018-08-30"\n        echo "Parameter I passed in"\n    \n        echo "2018-08-23"\n        echo "2018-08-30"\n        echo "Parameter I passed in"\n    ']
[2022-10-27T13:05:30.776+0000] {subprocess.py:86} INFO - Output:
[2022-10-27T13:05:30.787+0000] {subprocess.py:93} INFO - 2018-08-23
[2022-10-27T13:05:30.788+0000] {subprocess.py:93} INFO - 2018-08-30
[2022-10-27T13:05:30.789+0000] {subprocess.py:93} INFO - Parameter I passed in
[2022-10-27T13:05:30.789+0000] {subprocess.py:93} INFO - 2018-08-23
[2022-10-27T13:05:30.789+0000] {subprocess.py:93} INFO - 2018-08-30
[2022-10-27T13:05:30.790+0000] {subprocess.py:93} INFO - Parameter I passed in
[2022-10-27T13:05:30.790+0000] {subprocess.py:93} INFO - 2018-08-23
[2022-10-27T13:05:30.790+0000] {subprocess.py:93} INFO - 2018-08-30
[2022-10-27T13:05:30.791+0000] {subprocess.py:93} INFO - Parameter I passed in
[2022-10-27T13:05:30.792+0000] {subprocess.py:93} INFO - 2018-08-23
[2022-10-27T13:05:30.792+0000] {subprocess.py:93} INFO - 2018-08-30
[2022-10-27T13:05:30.793+0000] {subprocess.py:93} INFO - Parameter I passed in
[2022-10-27T13:05:30.793+0000] {subprocess.py:93} INFO - 2018-08-23
[2022-10-27T13:05:30.793+0000] {subprocess.py:93} INFO - 2018-08-30
[2022-10-27T13:05:30.793+0000] {subprocess.py:93} INFO - Parameter I passed in
[2022-10-27T13:05:30.794+0000] {subprocess.py:97} INFO - Command exited with return code 0
[2022-10-27T13:05:30.952+0000] {taskinstance.py:1406} INFO - Marking task as SUCCESS. dag_id=tutorial, task_id=templated, execution_date=20180823T000000, start_date=20221027T130529, end_date=20221027T130530
[2022-10-27T13:05:31.055+0000] {local_task_job.py:164} INFO - Task exited with return code 0
[2022-10-27T13:05:31.260+0000] {local_task_job.py:273} INFO - 0 downstream tasks scheduled from follow-on schedule check
