[2022-10-27T12:58:50.586+0000] {taskinstance.py:1165} INFO - Dependencies all met for <TaskInstance: tutorial.sleep scheduled__2017-09-04T00:00:00+00:00 [queued]>
[2022-10-27T12:58:50.602+0000] {taskinstance.py:1165} INFO - Dependencies all met for <TaskInstance: tutorial.sleep scheduled__2017-09-04T00:00:00+00:00 [queued]>
[2022-10-27T12:58:50.603+0000] {taskinstance.py:1362} INFO - 
--------------------------------------------------------------------------------
[2022-10-27T12:58:50.603+0000] {taskinstance.py:1363} INFO - Starting attempt 1 of 4
[2022-10-27T12:58:50.603+0000] {taskinstance.py:1364} INFO - 
--------------------------------------------------------------------------------
[2022-10-27T12:58:50.622+0000] {taskinstance.py:1383} INFO - Executing <Task(BashOperator): sleep> on 2017-09-04 00:00:00+00:00
[2022-10-27T12:58:50.630+0000] {standard_task_runner.py:55} INFO - Started process 9008 to run task
[2022-10-27T12:58:50.634+0000] {standard_task_runner.py:82} INFO - Running: ['***', 'tasks', 'run', 'tutorial', 'sleep', 'scheduled__2017-09-04T00:00:00+00:00', '--job-id', '2575', '--raw', '--subdir', 'DAGS_FOLDER/tuto.py', '--cfg-path', '/tmp/tmpi6qs6byk']
[2022-10-27T12:58:50.637+0000] {standard_task_runner.py:83} INFO - Job 2575: Subtask sleep
[2022-10-27T12:58:50.655+0000] {logging_mixin.py:120} WARNING - /home/***/.local/lib/python3.7/site-packages/***/configuration.py:545 DeprecationWarning: The sql_alchemy_conn option in [core] has been moved to the sql_alchemy_conn option in [database] - the old setting has been used, but please update your config.
[2022-10-27T12:58:50.719+0000] {task_command.py:376} INFO - Running <TaskInstance: tutorial.sleep scheduled__2017-09-04T00:00:00+00:00 [running]> on host e60030a57919
[2022-10-27T12:58:50.810+0000] {taskinstance.py:1592} INFO - Exporting the following env vars:
AIRFLOW_CTX_DAG_EMAIL=***@***.com
AIRFLOW_CTX_DAG_OWNER=***
AIRFLOW_CTX_DAG_ID=tutorial
AIRFLOW_CTX_TASK_ID=sleep
AIRFLOW_CTX_EXECUTION_DATE=2017-09-04T00:00:00+00:00
AIRFLOW_CTX_TRY_NUMBER=1
AIRFLOW_CTX_DAG_RUN_ID=scheduled__2017-09-04T00:00:00+00:00
[2022-10-27T12:58:50.811+0000] {subprocess.py:63} INFO - Tmp dir root location: 
 /tmp
[2022-10-27T12:58:50.811+0000] {subprocess.py:75} INFO - Running command: ['/bin/bash', '-c', 'sleep 5']
[2022-10-27T12:58:50.823+0000] {subprocess.py:86} INFO - Output:
[2022-10-27T12:58:55.826+0000] {subprocess.py:97} INFO - Command exited with return code 0
[2022-10-27T12:58:55.852+0000] {taskinstance.py:1406} INFO - Marking task as SUCCESS. dag_id=tutorial, task_id=sleep, execution_date=20170904T000000, start_date=20221027T125850, end_date=20221027T125855
[2022-10-27T12:58:55.910+0000] {local_task_job.py:164} INFO - Task exited with return code 0
[2022-10-27T12:58:55.934+0000] {local_task_job.py:273} INFO - 0 downstream tasks scheduled from follow-on schedule check
