[2022-10-27T13:02:47.354+0000] {taskinstance.py:1165} INFO - Dependencies all met for <TaskInstance: tutorial.print_date scheduled__2018-04-11T00:00:00+00:00 [queued]>
[2022-10-27T13:02:47.381+0000] {taskinstance.py:1165} INFO - Dependencies all met for <TaskInstance: tutorial.print_date scheduled__2018-04-11T00:00:00+00:00 [queued]>
[2022-10-27T13:02:47.381+0000] {taskinstance.py:1362} INFO - 
--------------------------------------------------------------------------------
[2022-10-27T13:02:47.382+0000] {taskinstance.py:1363} INFO - Starting attempt 1 of 2
[2022-10-27T13:02:47.382+0000] {taskinstance.py:1364} INFO - 
--------------------------------------------------------------------------------
[2022-10-27T13:02:47.414+0000] {taskinstance.py:1383} INFO - Executing <Task(BashOperator): print_date> on 2018-04-11 00:00:00+00:00
[2022-10-27T13:02:47.428+0000] {standard_task_runner.py:55} INFO - Started process 11258 to run task
[2022-10-27T13:02:47.434+0000] {standard_task_runner.py:82} INFO - Running: ['***', 'tasks', 'run', 'tutorial', 'print_date', 'scheduled__2018-04-11T00:00:00+00:00', '--job-id', '3225', '--raw', '--subdir', 'DAGS_FOLDER/tuto.py', '--cfg-path', '/tmp/tmp_yx2kuw4']
[2022-10-27T13:02:47.438+0000] {standard_task_runner.py:83} INFO - Job 3225: Subtask print_date
[2022-10-27T13:02:47.473+0000] {logging_mixin.py:120} WARNING - /home/***/.local/lib/python3.7/site-packages/***/configuration.py:545 DeprecationWarning: The sql_alchemy_conn option in [core] has been moved to the sql_alchemy_conn option in [database] - the old setting has been used, but please update your config.
[2022-10-27T13:02:47.557+0000] {task_command.py:376} INFO - Running <TaskInstance: tutorial.print_date scheduled__2018-04-11T00:00:00+00:00 [running]> on host e60030a57919
[2022-10-27T13:02:47.700+0000] {taskinstance.py:1592} INFO - Exporting the following env vars:
AIRFLOW_CTX_DAG_EMAIL=***@***.com
AIRFLOW_CTX_DAG_OWNER=***
AIRFLOW_CTX_DAG_ID=tutorial
AIRFLOW_CTX_TASK_ID=print_date
AIRFLOW_CTX_EXECUTION_DATE=2018-04-11T00:00:00+00:00
AIRFLOW_CTX_TRY_NUMBER=1
AIRFLOW_CTX_DAG_RUN_ID=scheduled__2018-04-11T00:00:00+00:00
[2022-10-27T13:02:47.702+0000] {subprocess.py:63} INFO - Tmp dir root location: 
 /tmp
[2022-10-27T13:02:47.703+0000] {subprocess.py:75} INFO - Running command: ['/bin/bash', '-c', 'date']
[2022-10-27T13:02:47.723+0000] {subprocess.py:86} INFO - Output:
[2022-10-27T13:02:47.728+0000] {subprocess.py:93} INFO - Thu Oct 27 13:02:47 UTC 2022
[2022-10-27T13:02:47.729+0000] {subprocess.py:97} INFO - Command exited with return code 0
[2022-10-27T13:02:47.772+0000] {taskinstance.py:1406} INFO - Marking task as SUCCESS. dag_id=tutorial, task_id=print_date, execution_date=20180411T000000, start_date=20221027T130247, end_date=20221027T130247
[2022-10-27T13:02:47.848+0000] {local_task_job.py:164} INFO - Task exited with return code 0
[2022-10-27T13:02:47.892+0000] {local_task_job.py:273} INFO - 2 downstream tasks scheduled from follow-on schedule check
