[2022-10-27T12:48:59.332+0000] {taskinstance.py:1165} INFO - Dependencies all met for <TaskInstance: tutorial.sleep scheduled__2016-02-10T00:00:00+00:00 [queued]>
[2022-10-27T12:48:59.344+0000] {taskinstance.py:1165} INFO - Dependencies all met for <TaskInstance: tutorial.sleep scheduled__2016-02-10T00:00:00+00:00 [queued]>
[2022-10-27T12:48:59.345+0000] {taskinstance.py:1362} INFO - 
--------------------------------------------------------------------------------
[2022-10-27T12:48:59.345+0000] {taskinstance.py:1363} INFO - Starting attempt 1 of 4
[2022-10-27T12:48:59.345+0000] {taskinstance.py:1364} INFO - 
--------------------------------------------------------------------------------
[2022-10-27T12:48:59.365+0000] {taskinstance.py:1383} INFO - Executing <Task(BashOperator): sleep> on 2016-02-10 00:00:00+00:00
[2022-10-27T12:48:59.371+0000] {standard_task_runner.py:55} INFO - Started process 3130 to run task
[2022-10-27T12:48:59.375+0000] {standard_task_runner.py:82} INFO - Running: ['***', 'tasks', 'run', 'tutorial', 'sleep', 'scheduled__2016-02-10T00:00:00+00:00', '--job-id', '857', '--raw', '--subdir', 'DAGS_FOLDER/tuto.py', '--cfg-path', '/tmp/tmpzu4rsduc']
[2022-10-27T12:48:59.377+0000] {standard_task_runner.py:83} INFO - Job 857: Subtask sleep
[2022-10-27T12:48:59.394+0000] {logging_mixin.py:120} WARNING - /home/***/.local/lib/python3.7/site-packages/***/configuration.py:545 DeprecationWarning: The sql_alchemy_conn option in [core] has been moved to the sql_alchemy_conn option in [database] - the old setting has been used, but please update your config.
[2022-10-27T12:48:59.459+0000] {task_command.py:376} INFO - Running <TaskInstance: tutorial.sleep scheduled__2016-02-10T00:00:00+00:00 [running]> on host e60030a57919
[2022-10-27T12:48:59.537+0000] {taskinstance.py:1592} INFO - Exporting the following env vars:
AIRFLOW_CTX_DAG_EMAIL=***@***.com
AIRFLOW_CTX_DAG_OWNER=***
AIRFLOW_CTX_DAG_ID=tutorial
AIRFLOW_CTX_TASK_ID=sleep
AIRFLOW_CTX_EXECUTION_DATE=2016-02-10T00:00:00+00:00
AIRFLOW_CTX_TRY_NUMBER=1
AIRFLOW_CTX_DAG_RUN_ID=scheduled__2016-02-10T00:00:00+00:00
[2022-10-27T12:48:59.538+0000] {subprocess.py:63} INFO - Tmp dir root location: 
 /tmp
[2022-10-27T12:48:59.539+0000] {subprocess.py:75} INFO - Running command: ['/bin/bash', '-c', 'sleep 5']
[2022-10-27T12:48:59.552+0000] {subprocess.py:86} INFO - Output:
[2022-10-27T12:49:04.555+0000] {subprocess.py:97} INFO - Command exited with return code 0
[2022-10-27T12:49:04.582+0000] {taskinstance.py:1406} INFO - Marking task as SUCCESS. dag_id=tutorial, task_id=sleep, execution_date=20160210T000000, start_date=20221027T124859, end_date=20221027T124904
[2022-10-27T12:49:04.611+0000] {local_task_job.py:164} INFO - Task exited with return code 0
[2022-10-27T12:49:04.627+0000] {local_task_job.py:273} INFO - 0 downstream tasks scheduled from follow-on schedule check
