[2022-10-27T12:56:33.862+0000] {taskinstance.py:1165} INFO - Dependencies all met for <TaskInstance: tutorial.templated scheduled__2017-04-27T00:00:00+00:00 [queued]>
[2022-10-27T12:56:33.878+0000] {taskinstance.py:1165} INFO - Dependencies all met for <TaskInstance: tutorial.templated scheduled__2017-04-27T00:00:00+00:00 [queued]>
[2022-10-27T12:56:33.879+0000] {taskinstance.py:1362} INFO - 
--------------------------------------------------------------------------------
[2022-10-27T12:56:33.879+0000] {taskinstance.py:1363} INFO - Starting attempt 1 of 2
[2022-10-27T12:56:33.879+0000] {taskinstance.py:1364} INFO - 
--------------------------------------------------------------------------------
[2022-10-27T12:56:33.902+0000] {taskinstance.py:1383} INFO - Executing <Task(BashOperator): templated> on 2017-04-27 00:00:00+00:00
[2022-10-27T12:56:33.913+0000] {standard_task_runner.py:55} INFO - Started process 7681 to run task
[2022-10-27T12:56:33.923+0000] {standard_task_runner.py:82} INFO - Running: ['***', 'tasks', 'run', 'tutorial', 'templated', 'scheduled__2017-04-27T00:00:00+00:00', '--job-id', '2188', '--raw', '--subdir', 'DAGS_FOLDER/tuto.py', '--cfg-path', '/tmp/tmp98aa7fzp']
[2022-10-27T12:56:33.928+0000] {standard_task_runner.py:83} INFO - Job 2188: Subtask templated
[2022-10-27T12:56:33.955+0000] {logging_mixin.py:120} WARNING - /home/***/.local/lib/python3.7/site-packages/***/configuration.py:545 DeprecationWarning: The sql_alchemy_conn option in [core] has been moved to the sql_alchemy_conn option in [database] - the old setting has been used, but please update your config.
[2022-10-27T12:56:34.029+0000] {task_command.py:376} INFO - Running <TaskInstance: tutorial.templated scheduled__2017-04-27T00:00:00+00:00 [running]> on host e60030a57919
[2022-10-27T12:56:34.136+0000] {taskinstance.py:1592} INFO - Exporting the following env vars:
AIRFLOW_CTX_DAG_EMAIL=***@***.com
AIRFLOW_CTX_DAG_OWNER=***
AIRFLOW_CTX_DAG_ID=tutorial
AIRFLOW_CTX_TASK_ID=templated
AIRFLOW_CTX_EXECUTION_DATE=2017-04-27T00:00:00+00:00
AIRFLOW_CTX_TRY_NUMBER=1
AIRFLOW_CTX_DAG_RUN_ID=scheduled__2017-04-27T00:00:00+00:00
[2022-10-27T12:56:34.137+0000] {subprocess.py:63} INFO - Tmp dir root location: 
 /tmp
[2022-10-27T12:56:34.138+0000] {subprocess.py:75} INFO - Running command: ['/bin/bash', '-c', '\n    \n        echo "2017-04-27"\n        echo "2017-05-04"\n        echo "Parameter I passed in"\n    \n        echo "2017-04-27"\n        echo "2017-05-04"\n        echo "Parameter I passed in"\n    \n        echo "2017-04-27"\n        echo "2017-05-04"\n        echo "Parameter I passed in"\n    \n        echo "2017-04-27"\n        echo "2017-05-04"\n        echo "Parameter I passed in"\n    \n        echo "2017-04-27"\n        echo "2017-05-04"\n        echo "Parameter I passed in"\n    ']
[2022-10-27T12:56:34.151+0000] {subprocess.py:86} INFO - Output:
[2022-10-27T12:56:34.153+0000] {subprocess.py:93} INFO - 2017-04-27
[2022-10-27T12:56:34.153+0000] {subprocess.py:93} INFO - 2017-05-04
[2022-10-27T12:56:34.153+0000] {subprocess.py:93} INFO - Parameter I passed in
[2022-10-27T12:56:34.154+0000] {subprocess.py:93} INFO - 2017-04-27
[2022-10-27T12:56:34.154+0000] {subprocess.py:93} INFO - 2017-05-04
[2022-10-27T12:56:34.154+0000] {subprocess.py:93} INFO - Parameter I passed in
[2022-10-27T12:56:34.154+0000] {subprocess.py:93} INFO - 2017-04-27
[2022-10-27T12:56:34.154+0000] {subprocess.py:93} INFO - 2017-05-04
[2022-10-27T12:56:34.154+0000] {subprocess.py:93} INFO - Parameter I passed in
[2022-10-27T12:56:34.154+0000] {subprocess.py:93} INFO - 2017-04-27
[2022-10-27T12:56:34.154+0000] {subprocess.py:93} INFO - 2017-05-04
[2022-10-27T12:56:34.154+0000] {subprocess.py:93} INFO - Parameter I passed in
[2022-10-27T12:56:34.154+0000] {subprocess.py:93} INFO - 2017-04-27
[2022-10-27T12:56:34.154+0000] {subprocess.py:93} INFO - 2017-05-04
[2022-10-27T12:56:34.155+0000] {subprocess.py:93} INFO - Parameter I passed in
[2022-10-27T12:56:34.155+0000] {subprocess.py:97} INFO - Command exited with return code 0
[2022-10-27T12:56:34.187+0000] {taskinstance.py:1406} INFO - Marking task as SUCCESS. dag_id=tutorial, task_id=templated, execution_date=20170427T000000, start_date=20221027T125633, end_date=20221027T125634
[2022-10-27T12:56:34.213+0000] {local_task_job.py:164} INFO - Task exited with return code 0
[2022-10-27T12:56:34.235+0000] {local_task_job.py:273} INFO - 0 downstream tasks scheduled from follow-on schedule check
