[2022-10-27T13:11:25.946+0000] {taskinstance.py:1165} INFO - Dependencies all met for <TaskInstance: tutorial.templated scheduled__2019-07-03T00:00:00+00:00 [queued]>
[2022-10-27T13:11:25.962+0000] {taskinstance.py:1165} INFO - Dependencies all met for <TaskInstance: tutorial.templated scheduled__2019-07-03T00:00:00+00:00 [queued]>
[2022-10-27T13:11:25.963+0000] {taskinstance.py:1362} INFO - 
--------------------------------------------------------------------------------
[2022-10-27T13:11:25.963+0000] {taskinstance.py:1363} INFO - Starting attempt 1 of 2
[2022-10-27T13:11:25.963+0000] {taskinstance.py:1364} INFO - 
--------------------------------------------------------------------------------
[2022-10-27T13:11:26.015+0000] {taskinstance.py:1383} INFO - Executing <Task(BashOperator): templated> on 2019-07-03 00:00:00+00:00
[2022-10-27T13:11:26.022+0000] {standard_task_runner.py:55} INFO - Started process 298 to run task
[2022-10-27T13:11:26.027+0000] {standard_task_runner.py:82} INFO - Running: ['***', 'tasks', 'run', 'tutorial', 'templated', 'scheduled__2019-07-03T00:00:00+00:00', '--job-id', '4578', '--raw', '--subdir', 'DAGS_FOLDER/tuto.py', '--cfg-path', '/tmp/tmpk3msxf4s']
[2022-10-27T13:11:26.029+0000] {standard_task_runner.py:83} INFO - Job 4578: Subtask templated
[2022-10-27T13:11:26.056+0000] {logging_mixin.py:120} WARNING - /home/***/.local/lib/python3.7/site-packages/***/configuration.py:545 DeprecationWarning: The sql_alchemy_conn option in [core] has been moved to the sql_alchemy_conn option in [database] - the old setting has been used, but please update your config.
[2022-10-27T13:11:26.142+0000] {task_command.py:376} INFO - Running <TaskInstance: tutorial.templated scheduled__2019-07-03T00:00:00+00:00 [running]> on host ed3e98310717
[2022-10-27T13:11:26.263+0000] {taskinstance.py:1592} INFO - Exporting the following env vars:
AIRFLOW_CTX_DAG_EMAIL=***@***.com
AIRFLOW_CTX_DAG_OWNER=***
AIRFLOW_CTX_DAG_ID=tutorial
AIRFLOW_CTX_TASK_ID=templated
AIRFLOW_CTX_EXECUTION_DATE=2019-07-03T00:00:00+00:00
AIRFLOW_CTX_TRY_NUMBER=1
AIRFLOW_CTX_DAG_RUN_ID=scheduled__2019-07-03T00:00:00+00:00
[2022-10-27T13:11:26.264+0000] {subprocess.py:63} INFO - Tmp dir root location: 
 /tmp
[2022-10-27T13:11:26.265+0000] {subprocess.py:75} INFO - Running command: ['/bin/bash', '-c', '\n    \n        echo "2019-07-03"\n        echo "2019-07-10"\n        echo "Parameter I passed in"\n    \n        echo "2019-07-03"\n        echo "2019-07-10"\n        echo "Parameter I passed in"\n    \n        echo "2019-07-03"\n        echo "2019-07-10"\n        echo "Parameter I passed in"\n    \n        echo "2019-07-03"\n        echo "2019-07-10"\n        echo "Parameter I passed in"\n    \n        echo "2019-07-03"\n        echo "2019-07-10"\n        echo "Parameter I passed in"\n    ']
[2022-10-27T13:11:26.275+0000] {subprocess.py:86} INFO - Output:
[2022-10-27T13:11:26.277+0000] {subprocess.py:93} INFO - 2019-07-03
[2022-10-27T13:11:26.278+0000] {subprocess.py:93} INFO - 2019-07-10
[2022-10-27T13:11:26.278+0000] {subprocess.py:93} INFO - Parameter I passed in
[2022-10-27T13:11:26.278+0000] {subprocess.py:93} INFO - 2019-07-03
[2022-10-27T13:11:26.278+0000] {subprocess.py:93} INFO - 2019-07-10
[2022-10-27T13:11:26.278+0000] {subprocess.py:93} INFO - Parameter I passed in
[2022-10-27T13:11:26.278+0000] {subprocess.py:93} INFO - 2019-07-03
[2022-10-27T13:11:26.278+0000] {subprocess.py:93} INFO - 2019-07-10
[2022-10-27T13:11:26.279+0000] {subprocess.py:93} INFO - Parameter I passed in
[2022-10-27T13:11:26.279+0000] {subprocess.py:93} INFO - 2019-07-03
[2022-10-27T13:11:26.279+0000] {subprocess.py:93} INFO - 2019-07-10
[2022-10-27T13:11:26.279+0000] {subprocess.py:93} INFO - Parameter I passed in
[2022-10-27T13:11:26.279+0000] {subprocess.py:93} INFO - 2019-07-03
[2022-10-27T13:11:26.279+0000] {subprocess.py:93} INFO - 2019-07-10
[2022-10-27T13:11:26.279+0000] {subprocess.py:93} INFO - Parameter I passed in
[2022-10-27T13:11:26.279+0000] {subprocess.py:97} INFO - Command exited with return code 0
[2022-10-27T13:11:26.321+0000] {taskinstance.py:1406} INFO - Marking task as SUCCESS. dag_id=tutorial, task_id=templated, execution_date=20190703T000000, start_date=20221027T131125, end_date=20221027T131126
[2022-10-27T13:11:26.358+0000] {local_task_job.py:164} INFO - Task exited with return code 0
[2022-10-27T13:11:26.384+0000] {local_task_job.py:273} INFO - 0 downstream tasks scheduled from follow-on schedule check
