[2022-10-27T12:49:25.699+0000] {taskinstance.py:1165} INFO - Dependencies all met for <TaskInstance: tutorial.sleep scheduled__2016-03-04T00:00:00+00:00 [queued]>
[2022-10-27T12:49:25.724+0000] {taskinstance.py:1165} INFO - Dependencies all met for <TaskInstance: tutorial.sleep scheduled__2016-03-04T00:00:00+00:00 [queued]>
[2022-10-27T12:49:25.725+0000] {taskinstance.py:1362} INFO - 
--------------------------------------------------------------------------------
[2022-10-27T12:49:25.725+0000] {taskinstance.py:1363} INFO - Starting attempt 1 of 4
[2022-10-27T12:49:25.725+0000] {taskinstance.py:1364} INFO - 
--------------------------------------------------------------------------------
[2022-10-27T12:49:25.754+0000] {taskinstance.py:1383} INFO - Executing <Task(BashOperator): sleep> on 2016-03-04 00:00:00+00:00
[2022-10-27T12:49:25.766+0000] {standard_task_runner.py:55} INFO - Started process 3374 to run task
[2022-10-27T12:49:25.771+0000] {standard_task_runner.py:82} INFO - Running: ['***', 'tasks', 'run', 'tutorial', 'sleep', 'scheduled__2016-03-04T00:00:00+00:00', '--job-id', '927', '--raw', '--subdir', 'DAGS_FOLDER/tuto.py', '--cfg-path', '/tmp/tmphyyb849v']
[2022-10-27T12:49:25.774+0000] {standard_task_runner.py:83} INFO - Job 927: Subtask sleep
[2022-10-27T12:49:25.801+0000] {logging_mixin.py:120} WARNING - /home/***/.local/lib/python3.7/site-packages/***/configuration.py:545 DeprecationWarning: The sql_alchemy_conn option in [core] has been moved to the sql_alchemy_conn option in [database] - the old setting has been used, but please update your config.
[2022-10-27T12:49:25.891+0000] {task_command.py:376} INFO - Running <TaskInstance: tutorial.sleep scheduled__2016-03-04T00:00:00+00:00 [running]> on host e60030a57919
[2022-10-27T12:49:26.072+0000] {taskinstance.py:1592} INFO - Exporting the following env vars:
AIRFLOW_CTX_DAG_EMAIL=***@***.com
AIRFLOW_CTX_DAG_OWNER=***
AIRFLOW_CTX_DAG_ID=tutorial
AIRFLOW_CTX_TASK_ID=sleep
AIRFLOW_CTX_EXECUTION_DATE=2016-03-04T00:00:00+00:00
AIRFLOW_CTX_TRY_NUMBER=1
AIRFLOW_CTX_DAG_RUN_ID=scheduled__2016-03-04T00:00:00+00:00
[2022-10-27T12:49:26.074+0000] {subprocess.py:63} INFO - Tmp dir root location: 
 /tmp
[2022-10-27T12:49:26.075+0000] {subprocess.py:75} INFO - Running command: ['/bin/bash', '-c', 'sleep 5']
[2022-10-27T12:49:26.098+0000] {subprocess.py:86} INFO - Output:
[2022-10-27T12:49:31.104+0000] {subprocess.py:97} INFO - Command exited with return code 0
[2022-10-27T12:49:31.136+0000] {taskinstance.py:1406} INFO - Marking task as SUCCESS. dag_id=tutorial, task_id=sleep, execution_date=20160304T000000, start_date=20221027T124925, end_date=20221027T124931
[2022-10-27T12:49:31.205+0000] {local_task_job.py:164} INFO - Task exited with return code 0
[2022-10-27T12:49:31.267+0000] {local_task_job.py:273} INFO - 0 downstream tasks scheduled from follow-on schedule check
