[2022-10-27T12:59:21.553+0000] {taskinstance.py:1165} INFO - Dependencies all met for <TaskInstance: tutorial.sleep scheduled__2017-10-01T00:00:00+00:00 [queued]>
[2022-10-27T12:59:21.588+0000] {taskinstance.py:1165} INFO - Dependencies all met for <TaskInstance: tutorial.sleep scheduled__2017-10-01T00:00:00+00:00 [queued]>
[2022-10-27T12:59:21.588+0000] {taskinstance.py:1362} INFO - 
--------------------------------------------------------------------------------
[2022-10-27T12:59:21.588+0000] {taskinstance.py:1363} INFO - Starting attempt 1 of 4
[2022-10-27T12:59:21.589+0000] {taskinstance.py:1364} INFO - 
--------------------------------------------------------------------------------
[2022-10-27T12:59:21.651+0000] {taskinstance.py:1383} INFO - Executing <Task(BashOperator): sleep> on 2017-10-01 00:00:00+00:00
[2022-10-27T12:59:21.668+0000] {standard_task_runner.py:55} INFO - Started process 9306 to run task
[2022-10-27T12:59:21.677+0000] {standard_task_runner.py:82} INFO - Running: ['***', 'tasks', 'run', 'tutorial', 'sleep', 'scheduled__2017-10-01T00:00:00+00:00', '--job-id', '2663', '--raw', '--subdir', 'DAGS_FOLDER/tuto.py', '--cfg-path', '/tmp/tmpuv1rmm2y']
[2022-10-27T12:59:21.683+0000] {standard_task_runner.py:83} INFO - Job 2663: Subtask sleep
[2022-10-27T12:59:21.724+0000] {logging_mixin.py:120} WARNING - /home/***/.local/lib/python3.7/site-packages/***/configuration.py:545 DeprecationWarning: The sql_alchemy_conn option in [core] has been moved to the sql_alchemy_conn option in [database] - the old setting has been used, but please update your config.
[2022-10-27T12:59:21.892+0000] {task_command.py:376} INFO - Running <TaskInstance: tutorial.sleep scheduled__2017-10-01T00:00:00+00:00 [running]> on host e60030a57919
[2022-10-27T12:59:22.039+0000] {taskinstance.py:1592} INFO - Exporting the following env vars:
AIRFLOW_CTX_DAG_EMAIL=***@***.com
AIRFLOW_CTX_DAG_OWNER=***
AIRFLOW_CTX_DAG_ID=tutorial
AIRFLOW_CTX_TASK_ID=sleep
AIRFLOW_CTX_EXECUTION_DATE=2017-10-01T00:00:00+00:00
AIRFLOW_CTX_TRY_NUMBER=1
AIRFLOW_CTX_DAG_RUN_ID=scheduled__2017-10-01T00:00:00+00:00
[2022-10-27T12:59:22.040+0000] {subprocess.py:63} INFO - Tmp dir root location: 
 /tmp
[2022-10-27T12:59:22.041+0000] {subprocess.py:75} INFO - Running command: ['/bin/bash', '-c', 'sleep 5']
[2022-10-27T12:59:22.058+0000] {subprocess.py:86} INFO - Output:
[2022-10-27T12:59:27.063+0000] {subprocess.py:97} INFO - Command exited with return code 0
[2022-10-27T12:59:27.089+0000] {taskinstance.py:1406} INFO - Marking task as SUCCESS. dag_id=tutorial, task_id=sleep, execution_date=20171001T000000, start_date=20221027T125921, end_date=20221027T125927
[2022-10-27T12:59:27.109+0000] {local_task_job.py:164} INFO - Task exited with return code 0
[2022-10-27T12:59:27.127+0000] {local_task_job.py:273} INFO - 0 downstream tasks scheduled from follow-on schedule check
