[2022-10-27T12:51:29.194+0000] {taskinstance.py:1165} INFO - Dependencies all met for <TaskInstance: tutorial.templated scheduled__2016-07-06T00:00:00+00:00 [queued]>
[2022-10-27T12:51:29.233+0000] {taskinstance.py:1165} INFO - Dependencies all met for <TaskInstance: tutorial.templated scheduled__2016-07-06T00:00:00+00:00 [queued]>
[2022-10-27T12:51:29.233+0000] {taskinstance.py:1362} INFO - 
--------------------------------------------------------------------------------
[2022-10-27T12:51:29.233+0000] {taskinstance.py:1363} INFO - Starting attempt 1 of 2
[2022-10-27T12:51:29.233+0000] {taskinstance.py:1364} INFO - 
--------------------------------------------------------------------------------
[2022-10-27T12:51:29.489+0000] {taskinstance.py:1383} INFO - Executing <Task(BashOperator): templated> on 2016-07-06 00:00:00+00:00
[2022-10-27T12:51:29.538+0000] {standard_task_runner.py:55} INFO - Started process 4651 to run task
[2022-10-27T12:51:29.556+0000] {standard_task_runner.py:82} INFO - Running: ['***', 'tasks', 'run', 'tutorial', 'templated', 'scheduled__2016-07-06T00:00:00+00:00', '--job-id', '1301', '--raw', '--subdir', 'DAGS_FOLDER/tuto.py', '--cfg-path', '/tmp/tmparjie_pq']
[2022-10-27T12:51:29.562+0000] {standard_task_runner.py:83} INFO - Job 1301: Subtask templated
[2022-10-27T12:51:29.613+0000] {logging_mixin.py:120} WARNING - /home/***/.local/lib/python3.7/site-packages/***/configuration.py:545 DeprecationWarning: The sql_alchemy_conn option in [core] has been moved to the sql_alchemy_conn option in [database] - the old setting has been used, but please update your config.
[2022-10-27T12:51:29.747+0000] {task_command.py:376} INFO - Running <TaskInstance: tutorial.templated scheduled__2016-07-06T00:00:00+00:00 [running]> on host e60030a57919
[2022-10-27T12:51:29.993+0000] {taskinstance.py:1592} INFO - Exporting the following env vars:
AIRFLOW_CTX_DAG_EMAIL=***@***.com
AIRFLOW_CTX_DAG_OWNER=***
AIRFLOW_CTX_DAG_ID=tutorial
AIRFLOW_CTX_TASK_ID=templated
AIRFLOW_CTX_EXECUTION_DATE=2016-07-06T00:00:00+00:00
AIRFLOW_CTX_TRY_NUMBER=1
AIRFLOW_CTX_DAG_RUN_ID=scheduled__2016-07-06T00:00:00+00:00
[2022-10-27T12:51:29.994+0000] {subprocess.py:63} INFO - Tmp dir root location: 
 /tmp
[2022-10-27T12:51:29.995+0000] {subprocess.py:75} INFO - Running command: ['/bin/bash', '-c', '\n    \n        echo "2016-07-06"\n        echo "2016-07-13"\n        echo "Parameter I passed in"\n    \n        echo "2016-07-06"\n        echo "2016-07-13"\n        echo "Parameter I passed in"\n    \n        echo "2016-07-06"\n        echo "2016-07-13"\n        echo "Parameter I passed in"\n    \n        echo "2016-07-06"\n        echo "2016-07-13"\n        echo "Parameter I passed in"\n    \n        echo "2016-07-06"\n        echo "2016-07-13"\n        echo "Parameter I passed in"\n    ']
[2022-10-27T12:51:30.021+0000] {subprocess.py:86} INFO - Output:
[2022-10-27T12:51:30.025+0000] {subprocess.py:93} INFO - 2016-07-06
[2022-10-27T12:51:30.025+0000] {subprocess.py:93} INFO - 2016-07-13
[2022-10-27T12:51:30.026+0000] {subprocess.py:93} INFO - Parameter I passed in
[2022-10-27T12:51:30.026+0000] {subprocess.py:93} INFO - 2016-07-06
[2022-10-27T12:51:30.026+0000] {subprocess.py:93} INFO - 2016-07-13
[2022-10-27T12:51:30.026+0000] {subprocess.py:93} INFO - Parameter I passed in
[2022-10-27T12:51:30.026+0000] {subprocess.py:93} INFO - 2016-07-06
[2022-10-27T12:51:30.026+0000] {subprocess.py:93} INFO - 2016-07-13
[2022-10-27T12:51:30.026+0000] {subprocess.py:93} INFO - Parameter I passed in
[2022-10-27T12:51:30.027+0000] {subprocess.py:93} INFO - 2016-07-06
[2022-10-27T12:51:30.027+0000] {subprocess.py:93} INFO - 2016-07-13
[2022-10-27T12:51:30.027+0000] {subprocess.py:93} INFO - Parameter I passed in
[2022-10-27T12:51:30.027+0000] {subprocess.py:93} INFO - 2016-07-06
[2022-10-27T12:51:30.027+0000] {subprocess.py:93} INFO - 2016-07-13
[2022-10-27T12:51:30.027+0000] {subprocess.py:93} INFO - Parameter I passed in
[2022-10-27T12:51:30.027+0000] {subprocess.py:97} INFO - Command exited with return code 0
[2022-10-27T12:51:30.116+0000] {taskinstance.py:1406} INFO - Marking task as SUCCESS. dag_id=tutorial, task_id=templated, execution_date=20160706T000000, start_date=20221027T125129, end_date=20221027T125130
[2022-10-27T12:51:30.175+0000] {local_task_job.py:164} INFO - Task exited with return code 0
[2022-10-27T12:51:30.235+0000] {local_task_job.py:273} INFO - 0 downstream tasks scheduled from follow-on schedule check
