[2023-05-10T10:53:24.377+0000] {taskinstance.py:1165} INFO - Dependencies all met for <TaskInstance: extr_proc_aug_pipl.augmentaition scheduled__2022-12-31T06:30:00+00:00 [queued]>
[2023-05-10T10:53:24.407+0000] {taskinstance.py:1165} INFO - Dependencies all met for <TaskInstance: extr_proc_aug_pipl.augmentaition scheduled__2022-12-31T06:30:00+00:00 [queued]>
[2023-05-10T10:53:24.408+0000] {taskinstance.py:1362} INFO - 
--------------------------------------------------------------------------------
[2023-05-10T10:53:24.409+0000] {taskinstance.py:1363} INFO - Starting attempt 1 of 4
[2023-05-10T10:53:24.409+0000] {taskinstance.py:1364} INFO - 
--------------------------------------------------------------------------------
[2023-05-10T10:53:24.448+0000] {taskinstance.py:1383} INFO - Executing <Task(BashOperator): augmentaition> on 2022-12-31 06:30:00+00:00
[2023-05-10T10:53:24.460+0000] {standard_task_runner.py:55} INFO - Started process 4008 to run task
[2023-05-10T10:53:24.466+0000] {standard_task_runner.py:82} INFO - Running: ['***', 'tasks', 'run', 'extr_proc_aug_pipl', 'augmentaition', 'scheduled__2022-12-31T06:30:00+00:00', '--job-id', '6566', '--raw', '--subdir', 'DAGS_FOLDER/extr_processing_augmentation.py', '--cfg-path', '/tmp/tmp38r9ow4l']
[2023-05-10T10:53:24.470+0000] {standard_task_runner.py:83} INFO - Job 6566: Subtask augmentaition
[2023-05-10T10:53:24.502+0000] {logging_mixin.py:120} WARNING - /home/***/.local/lib/python3.7/site-packages/***/configuration.py:545 DeprecationWarning: The sql_alchemy_conn option in [core] has been moved to the sql_alchemy_conn option in [database] - the old setting has been used, but please update your config.
[2023-05-10T10:53:24.669+0000] {task_command.py:376} INFO - Running <TaskInstance: extr_proc_aug_pipl.augmentaition scheduled__2022-12-31T06:30:00+00:00 [running]> on host 0961b7a3874f
[2023-05-10T10:53:24.878+0000] {taskinstance.py:1592} INFO - Exporting the following env vars:
AIRFLOW_CTX_DAG_EMAIL=***@***.com
AIRFLOW_CTX_DAG_OWNER=***
AIRFLOW_CTX_DAG_ID=extr_proc_aug_pipl
AIRFLOW_CTX_TASK_ID=augmentaition
AIRFLOW_CTX_EXECUTION_DATE=2022-12-31T06:30:00+00:00
AIRFLOW_CTX_TRY_NUMBER=1
AIRFLOW_CTX_DAG_RUN_ID=scheduled__2022-12-31T06:30:00+00:00
[2023-05-10T10:53:24.880+0000] {subprocess.py:63} INFO - Tmp dir root location: 
 /tmp
[2023-05-10T10:53:24.881+0000] {subprocess.py:75} INFO - Running command: ['/bin/bash', '-c', 'sleep 5']
[2023-05-10T10:53:24.904+0000] {subprocess.py:86} INFO - Output:
[2023-05-10T10:53:29.912+0000] {subprocess.py:97} INFO - Command exited with return code 0
[2023-05-10T10:53:30.076+0000] {taskinstance.py:1406} INFO - Marking task as SUCCESS. dag_id=extr_proc_aug_pipl, task_id=augmentaition, execution_date=20221231T063000, start_date=20230510T105324, end_date=20230510T105330
[2023-05-10T10:53:30.299+0000] {local_task_job.py:164} INFO - Task exited with return code 0
[2023-05-10T10:53:30.425+0000] {local_task_job.py:273} INFO - 1 downstream tasks scheduled from follow-on schedule check
