[2022-10-27T12:51:59.589+0000] {taskinstance.py:1165} INFO - Dependencies all met for <TaskInstance: tutorial.templated scheduled__2016-08-04T00:00:00+00:00 [queued]>
[2022-10-27T12:51:59.609+0000] {taskinstance.py:1165} INFO - Dependencies all met for <TaskInstance: tutorial.templated scheduled__2016-08-04T00:00:00+00:00 [queued]>
[2022-10-27T12:51:59.609+0000] {taskinstance.py:1362} INFO - 
--------------------------------------------------------------------------------
[2022-10-27T12:51:59.610+0000] {taskinstance.py:1363} INFO - Starting attempt 1 of 2
[2022-10-27T12:51:59.610+0000] {taskinstance.py:1364} INFO - 
--------------------------------------------------------------------------------
[2022-10-27T12:51:59.660+0000] {taskinstance.py:1383} INFO - Executing <Task(BashOperator): templated> on 2016-08-04 00:00:00+00:00
[2022-10-27T12:51:59.679+0000] {standard_task_runner.py:55} INFO - Started process 4964 to run task
[2022-10-27T12:51:59.688+0000] {standard_task_runner.py:82} INFO - Running: ['***', 'tasks', 'run', 'tutorial', 'templated', 'scheduled__2016-08-04T00:00:00+00:00', '--job-id', '1393', '--raw', '--subdir', 'DAGS_FOLDER/tuto.py', '--cfg-path', '/tmp/tmp0opm3gv9']
[2022-10-27T12:51:59.696+0000] {standard_task_runner.py:83} INFO - Job 1393: Subtask templated
[2022-10-27T12:51:59.731+0000] {logging_mixin.py:120} WARNING - /home/***/.local/lib/python3.7/site-packages/***/configuration.py:545 DeprecationWarning: The sql_alchemy_conn option in [core] has been moved to the sql_alchemy_conn option in [database] - the old setting has been used, but please update your config.
[2022-10-27T12:51:59.897+0000] {task_command.py:376} INFO - Running <TaskInstance: tutorial.templated scheduled__2016-08-04T00:00:00+00:00 [running]> on host e60030a57919
[2022-10-27T12:52:00.346+0000] {taskinstance.py:1592} INFO - Exporting the following env vars:
AIRFLOW_CTX_DAG_EMAIL=***@***.com
AIRFLOW_CTX_DAG_OWNER=***
AIRFLOW_CTX_DAG_ID=tutorial
AIRFLOW_CTX_TASK_ID=templated
AIRFLOW_CTX_EXECUTION_DATE=2016-08-04T00:00:00+00:00
AIRFLOW_CTX_TRY_NUMBER=1
AIRFLOW_CTX_DAG_RUN_ID=scheduled__2016-08-04T00:00:00+00:00
[2022-10-27T12:52:00.351+0000] {subprocess.py:63} INFO - Tmp dir root location: 
 /tmp
[2022-10-27T12:52:00.352+0000] {subprocess.py:75} INFO - Running command: ['/bin/bash', '-c', '\n    \n        echo "2016-08-04"\n        echo "2016-08-11"\n        echo "Parameter I passed in"\n    \n        echo "2016-08-04"\n        echo "2016-08-11"\n        echo "Parameter I passed in"\n    \n        echo "2016-08-04"\n        echo "2016-08-11"\n        echo "Parameter I passed in"\n    \n        echo "2016-08-04"\n        echo "2016-08-11"\n        echo "Parameter I passed in"\n    \n        echo "2016-08-04"\n        echo "2016-08-11"\n        echo "Parameter I passed in"\n    ']
[2022-10-27T12:52:00.390+0000] {subprocess.py:86} INFO - Output:
[2022-10-27T12:52:00.395+0000] {subprocess.py:93} INFO - 2016-08-04
[2022-10-27T12:52:00.396+0000] {subprocess.py:93} INFO - 2016-08-11
[2022-10-27T12:52:00.397+0000] {subprocess.py:93} INFO - Parameter I passed in
[2022-10-27T12:52:00.398+0000] {subprocess.py:93} INFO - 2016-08-04
[2022-10-27T12:52:00.402+0000] {subprocess.py:93} INFO - 2016-08-11
[2022-10-27T12:52:00.402+0000] {subprocess.py:93} INFO - Parameter I passed in
[2022-10-27T12:52:00.403+0000] {subprocess.py:93} INFO - 2016-08-04
[2022-10-27T12:52:00.403+0000] {subprocess.py:93} INFO - 2016-08-11
[2022-10-27T12:52:00.403+0000] {subprocess.py:93} INFO - Parameter I passed in
[2022-10-27T12:52:00.403+0000] {subprocess.py:93} INFO - 2016-08-04
[2022-10-27T12:52:00.403+0000] {subprocess.py:93} INFO - 2016-08-11
[2022-10-27T12:52:00.403+0000] {subprocess.py:93} INFO - Parameter I passed in
[2022-10-27T12:52:00.403+0000] {subprocess.py:93} INFO - 2016-08-04
[2022-10-27T12:52:00.404+0000] {subprocess.py:93} INFO - 2016-08-11
[2022-10-27T12:52:00.404+0000] {subprocess.py:93} INFO - Parameter I passed in
[2022-10-27T12:52:00.405+0000] {subprocess.py:97} INFO - Command exited with return code 0
[2022-10-27T12:52:00.527+0000] {taskinstance.py:1406} INFO - Marking task as SUCCESS. dag_id=tutorial, task_id=templated, execution_date=20160804T000000, start_date=20221027T125159, end_date=20221027T125200
[2022-10-27T12:52:00.770+0000] {local_task_job.py:164} INFO - Task exited with return code 0
[2022-10-27T12:52:00.833+0000] {local_task_job.py:273} INFO - 0 downstream tasks scheduled from follow-on schedule check
