[2022-11-12T08:27:11.849+0000] {taskinstance.py:1165} INFO - Dependencies all met for <TaskInstance: push_qoute.print_date scheduled__2022-10-30T00:00:00+00:00 [queued]>
[2022-11-12T08:27:11.905+0000] {taskinstance.py:1165} INFO - Dependencies all met for <TaskInstance: push_qoute.print_date scheduled__2022-10-30T00:00:00+00:00 [queued]>
[2022-11-12T08:27:11.906+0000] {taskinstance.py:1362} INFO - 
--------------------------------------------------------------------------------
[2022-11-12T08:27:11.906+0000] {taskinstance.py:1363} INFO - Starting attempt 1 of 2
[2022-11-12T08:27:11.906+0000] {taskinstance.py:1364} INFO - 
--------------------------------------------------------------------------------
[2022-11-12T08:27:12.032+0000] {taskinstance.py:1383} INFO - Executing <Task(BashOperator): print_date> on 2022-10-30 00:00:00+00:00
[2022-11-12T08:27:12.059+0000] {standard_task_runner.py:55} INFO - Started process 8948 to run task
[2022-11-12T08:27:12.098+0000] {standard_task_runner.py:82} INFO - Running: ['***', 'tasks', 'run', 'push_qoute', 'print_date', 'scheduled__2022-10-30T00:00:00+00:00', '--job-id', '4672', '--raw', '--subdir', 'DAGS_FOLDER/push_qoute.py', '--cfg-path', '/tmp/tmpdoae1svk']
[2022-11-12T08:27:12.111+0000] {standard_task_runner.py:83} INFO - Job 4672: Subtask print_date
[2022-11-12T08:27:12.623+0000] {logging_mixin.py:120} WARNING - /home/***/.local/lib/python3.7/site-packages/***/configuration.py:545 DeprecationWarning: The sql_alchemy_conn option in [core] has been moved to the sql_alchemy_conn option in [database] - the old setting has been used, but please update your config.
[2022-11-12T08:27:12.884+0000] {task_command.py:376} INFO - Running <TaskInstance: push_qoute.print_date scheduled__2022-10-30T00:00:00+00:00 [running]> on host ed3e98310717
[2022-11-12T08:27:13.118+0000] {taskinstance.py:1592} INFO - Exporting the following env vars:
AIRFLOW_CTX_DAG_EMAIL=***@***.com
AIRFLOW_CTX_DAG_OWNER=***
AIRFLOW_CTX_DAG_ID=push_qoute
AIRFLOW_CTX_TASK_ID=print_date
AIRFLOW_CTX_EXECUTION_DATE=2022-10-30T00:00:00+00:00
AIRFLOW_CTX_TRY_NUMBER=1
AIRFLOW_CTX_DAG_RUN_ID=scheduled__2022-10-30T00:00:00+00:00
[2022-11-12T08:27:13.121+0000] {subprocess.py:63} INFO - Tmp dir root location: 
 /tmp
[2022-11-12T08:27:13.125+0000] {subprocess.py:75} INFO - Running command: ['/bin/bash', '-c', 'date']
[2022-11-12T08:27:13.152+0000] {subprocess.py:86} INFO - Output:
[2022-11-12T08:27:13.158+0000] {subprocess.py:93} INFO - Sat Nov 12 08:27:13 UTC 2022
[2022-11-12T08:27:13.159+0000] {subprocess.py:97} INFO - Command exited with return code 0
[2022-11-12T08:27:13.220+0000] {taskinstance.py:1406} INFO - Marking task as SUCCESS. dag_id=push_qoute, task_id=print_date, execution_date=20221030T000000, start_date=20221112T082711, end_date=20221112T082713
[2022-11-12T08:27:13.259+0000] {local_task_job.py:164} INFO - Task exited with return code 0
[2022-11-12T08:27:13.301+0000] {local_task_job.py:273} INFO - 0 downstream tasks scheduled from follow-on schedule check
