[2022-10-27T13:03:35.130+0000] {taskinstance.py:1165} INFO - Dependencies all met for <TaskInstance: tutorial.sleep scheduled__2018-05-19T00:00:00+00:00 [queued]>
[2022-10-27T13:03:35.155+0000] {taskinstance.py:1165} INFO - Dependencies all met for <TaskInstance: tutorial.sleep scheduled__2018-05-19T00:00:00+00:00 [queued]>
[2022-10-27T13:03:35.157+0000] {taskinstance.py:1362} INFO - 
--------------------------------------------------------------------------------
[2022-10-27T13:03:35.157+0000] {taskinstance.py:1363} INFO - Starting attempt 1 of 4
[2022-10-27T13:03:35.158+0000] {taskinstance.py:1364} INFO - 
--------------------------------------------------------------------------------
[2022-10-27T13:03:35.186+0000] {taskinstance.py:1383} INFO - Executing <Task(BashOperator): sleep> on 2018-05-19 00:00:00+00:00
[2022-10-27T13:03:35.197+0000] {standard_task_runner.py:55} INFO - Started process 11679 to run task
[2022-10-27T13:03:35.205+0000] {standard_task_runner.py:82} INFO - Running: ['***', 'tasks', 'run', 'tutorial', 'sleep', 'scheduled__2018-05-19T00:00:00+00:00', '--job-id', '3345', '--raw', '--subdir', 'DAGS_FOLDER/tuto.py', '--cfg-path', '/tmp/tmph9l7bdf5']
[2022-10-27T13:03:35.208+0000] {standard_task_runner.py:83} INFO - Job 3345: Subtask sleep
[2022-10-27T13:03:35.260+0000] {logging_mixin.py:120} WARNING - /home/***/.local/lib/python3.7/site-packages/***/configuration.py:545 DeprecationWarning: The sql_alchemy_conn option in [core] has been moved to the sql_alchemy_conn option in [database] - the old setting has been used, but please update your config.
[2022-10-27T13:03:35.357+0000] {task_command.py:376} INFO - Running <TaskInstance: tutorial.sleep scheduled__2018-05-19T00:00:00+00:00 [running]> on host e60030a57919
[2022-10-27T13:03:35.594+0000] {taskinstance.py:1592} INFO - Exporting the following env vars:
AIRFLOW_CTX_DAG_EMAIL=***@***.com
AIRFLOW_CTX_DAG_OWNER=***
AIRFLOW_CTX_DAG_ID=tutorial
AIRFLOW_CTX_TASK_ID=sleep
AIRFLOW_CTX_EXECUTION_DATE=2018-05-19T00:00:00+00:00
AIRFLOW_CTX_TRY_NUMBER=1
AIRFLOW_CTX_DAG_RUN_ID=scheduled__2018-05-19T00:00:00+00:00
[2022-10-27T13:03:35.598+0000] {subprocess.py:63} INFO - Tmp dir root location: 
 /tmp
[2022-10-27T13:03:35.601+0000] {subprocess.py:75} INFO - Running command: ['/bin/bash', '-c', 'sleep 5']
[2022-10-27T13:03:35.649+0000] {subprocess.py:86} INFO - Output:
[2022-10-27T13:03:40.660+0000] {subprocess.py:97} INFO - Command exited with return code 0
[2022-10-27T13:03:40.773+0000] {taskinstance.py:1406} INFO - Marking task as SUCCESS. dag_id=tutorial, task_id=sleep, execution_date=20180519T000000, start_date=20221027T130335, end_date=20221027T130340
[2022-10-27T13:03:40.871+0000] {local_task_job.py:164} INFO - Task exited with return code 0
[2022-10-27T13:03:41.061+0000] {local_task_job.py:273} INFO - 0 downstream tasks scheduled from follow-on schedule check
