[2022-11-12T08:27:11.869+0000] {taskinstance.py:1165} INFO - Dependencies all met for <TaskInstance: text_processing.get_data scheduled__2022-11-04T00:00:00+00:00 [queued]>
[2022-11-12T08:27:11.921+0000] {taskinstance.py:1165} INFO - Dependencies all met for <TaskInstance: text_processing.get_data scheduled__2022-11-04T00:00:00+00:00 [queued]>
[2022-11-12T08:27:11.921+0000] {taskinstance.py:1362} INFO - 
--------------------------------------------------------------------------------
[2022-11-12T08:27:11.922+0000] {taskinstance.py:1363} INFO - Starting attempt 1 of 2
[2022-11-12T08:27:11.922+0000] {taskinstance.py:1364} INFO - 
--------------------------------------------------------------------------------
[2022-11-12T08:27:12.046+0000] {taskinstance.py:1383} INFO - Executing <Task(BashOperator): get_data> on 2022-11-04 00:00:00+00:00
[2022-11-12T08:27:12.104+0000] {standard_task_runner.py:55} INFO - Started process 8951 to run task
[2022-11-12T08:27:12.173+0000] {standard_task_runner.py:82} INFO - Running: ['***', 'tasks', 'run', 'text_processing', 'get_data', 'scheduled__2022-11-04T00:00:00+00:00', '--job-id', '4674', '--raw', '--subdir', 'DAGS_FOLDER/text_processing.py', '--cfg-path', '/tmp/tmp_kvqruao']
[2022-11-12T08:27:12.197+0000] {standard_task_runner.py:83} INFO - Job 4674: Subtask get_data
[2022-11-12T08:27:12.637+0000] {logging_mixin.py:120} WARNING - /home/***/.local/lib/python3.7/site-packages/***/configuration.py:545 DeprecationWarning: The sql_alchemy_conn option in [core] has been moved to the sql_alchemy_conn option in [database] - the old setting has been used, but please update your config.
[2022-11-12T08:27:12.899+0000] {task_command.py:376} INFO - Running <TaskInstance: text_processing.get_data scheduled__2022-11-04T00:00:00+00:00 [running]> on host ed3e98310717
[2022-11-12T08:27:13.128+0000] {taskinstance.py:1592} INFO - Exporting the following env vars:
AIRFLOW_CTX_DAG_EMAIL=***@***.com
AIRFLOW_CTX_DAG_OWNER=***
AIRFLOW_CTX_DAG_ID=text_processing
AIRFLOW_CTX_TASK_ID=get_data
AIRFLOW_CTX_EXECUTION_DATE=2022-11-04T00:00:00+00:00
AIRFLOW_CTX_TRY_NUMBER=1
AIRFLOW_CTX_DAG_RUN_ID=scheduled__2022-11-04T00:00:00+00:00
[2022-11-12T08:27:13.132+0000] {subprocess.py:63} INFO - Tmp dir root location: 
 /tmp
[2022-11-12T08:27:13.135+0000] {subprocess.py:75} INFO - Running command: ['/bin/bash', '-c', 'date']
[2022-11-12T08:27:13.187+0000] {subprocess.py:86} INFO - Output:
[2022-11-12T08:27:13.196+0000] {subprocess.py:93} INFO - Sat Nov 12 08:27:13 UTC 2022
[2022-11-12T08:27:13.197+0000] {subprocess.py:97} INFO - Command exited with return code 0
[2022-11-12T08:27:13.250+0000] {taskinstance.py:1406} INFO - Marking task as SUCCESS. dag_id=text_processing, task_id=get_data, execution_date=20221104T000000, start_date=20221112T082711, end_date=20221112T082713
[2022-11-12T08:27:13.308+0000] {local_task_job.py:164} INFO - Task exited with return code 0
[2022-11-12T08:27:13.372+0000] {local_task_job.py:273} INFO - 1 downstream tasks scheduled from follow-on schedule check
