[2022-12-24T18:30:00.922+0000] {taskinstance.py:1165} INFO - Dependencies all met for <TaskInstance: extr_proc_aug_pipl.extract_text scheduled__2022-12-24T17:30:00+00:00 [queued]>
[2022-12-24T18:30:00.939+0000] {taskinstance.py:1165} INFO - Dependencies all met for <TaskInstance: extr_proc_aug_pipl.extract_text scheduled__2022-12-24T17:30:00+00:00 [queued]>
[2022-12-24T18:30:00.939+0000] {taskinstance.py:1362} INFO - 
--------------------------------------------------------------------------------
[2022-12-24T18:30:00.939+0000] {taskinstance.py:1363} INFO - Starting attempt 1 of 2
[2022-12-24T18:30:00.940+0000] {taskinstance.py:1364} INFO - 
--------------------------------------------------------------------------------
[2022-12-24T18:30:00.966+0000] {taskinstance.py:1383} INFO - Executing <Task(BashOperator): extract_text> on 2022-12-24 17:30:00+00:00
[2022-12-24T18:30:00.974+0000] {standard_task_runner.py:55} INFO - Started process 2374 to run task
[2022-12-24T18:30:00.982+0000] {standard_task_runner.py:82} INFO - Running: ['***', 'tasks', 'run', 'extr_proc_aug_pipl', 'extract_text', 'scheduled__2022-12-24T17:30:00+00:00', '--job-id', '5331', '--raw', '--subdir', 'DAGS_FOLDER/extr_processing_augmentation.py', '--cfg-path', '/tmp/tmpaog3ty0b']
[2022-12-24T18:30:00.987+0000] {standard_task_runner.py:83} INFO - Job 5331: Subtask extract_text
[2022-12-24T18:30:01.076+0000] {logging_mixin.py:120} WARNING - /home/***/.local/lib/python3.7/site-packages/***/configuration.py:545 DeprecationWarning: The sql_alchemy_conn option in [core] has been moved to the sql_alchemy_conn option in [database] - the old setting has been used, but please update your config.
[2022-12-24T18:30:01.163+0000] {task_command.py:376} INFO - Running <TaskInstance: extr_proc_aug_pipl.extract_text scheduled__2022-12-24T17:30:00+00:00 [running]> on host 0961b7a3874f
[2022-12-24T18:30:01.284+0000] {taskinstance.py:1592} INFO - Exporting the following env vars:
AIRFLOW_CTX_DAG_EMAIL=***@***.com
AIRFLOW_CTX_DAG_OWNER=***
AIRFLOW_CTX_DAG_ID=extr_proc_aug_pipl
AIRFLOW_CTX_TASK_ID=extract_text
AIRFLOW_CTX_EXECUTION_DATE=2022-12-24T17:30:00+00:00
AIRFLOW_CTX_TRY_NUMBER=1
AIRFLOW_CTX_DAG_RUN_ID=scheduled__2022-12-24T17:30:00+00:00
[2022-12-24T18:30:01.285+0000] {subprocess.py:63} INFO - Tmp dir root location: 
 /tmp
[2022-12-24T18:30:01.286+0000] {subprocess.py:75} INFO - Running command: ['/bin/bash', '-c', 'date']
[2022-12-24T18:30:01.300+0000] {subprocess.py:86} INFO - Output:
[2022-12-24T18:30:01.311+0000] {subprocess.py:93} INFO - Sat Dec 24 18:30:01 UTC 2022
[2022-12-24T18:30:01.312+0000] {subprocess.py:97} INFO - Command exited with return code 0
[2022-12-24T18:30:01.429+0000] {taskinstance.py:1406} INFO - Marking task as SUCCESS. dag_id=extr_proc_aug_pipl, task_id=extract_text, execution_date=20221224T173000, start_date=20221224T183000, end_date=20221224T183001
[2022-12-24T18:30:01.475+0000] {local_task_job.py:164} INFO - Task exited with return code 0
[2022-12-24T18:30:01.548+0000] {local_task_job.py:273} INFO - 1 downstream tasks scheduled from follow-on schedule check
