[2022-10-27T12:46:17.309+0000] {taskinstance.py:1165} INFO - Dependencies all met for <TaskInstance: tutorial.sleep scheduled__2015-08-23T00:00:00+00:00 [queued]>
[2022-10-27T12:46:17.339+0000] {taskinstance.py:1165} INFO - Dependencies all met for <TaskInstance: tutorial.sleep scheduled__2015-08-23T00:00:00+00:00 [queued]>
[2022-10-27T12:46:17.339+0000] {taskinstance.py:1362} INFO - 
--------------------------------------------------------------------------------
[2022-10-27T12:46:17.339+0000] {taskinstance.py:1363} INFO - Starting attempt 1 of 4
[2022-10-27T12:46:17.340+0000] {taskinstance.py:1364} INFO - 
--------------------------------------------------------------------------------
[2022-10-27T12:46:17.394+0000] {taskinstance.py:1383} INFO - Executing <Task(BashOperator): sleep> on 2015-08-23 00:00:00+00:00
[2022-10-27T12:46:17.405+0000] {standard_task_runner.py:55} INFO - Started process 1408 to run task
[2022-10-27T12:46:17.415+0000] {standard_task_runner.py:82} INFO - Running: ['***', 'tasks', 'run', 'tutorial', 'sleep', 'scheduled__2015-08-23T00:00:00+00:00', '--job-id', '351', '--raw', '--subdir', 'DAGS_FOLDER/tuto.py', '--cfg-path', '/tmp/tmps_bi_st5']
[2022-10-27T12:46:17.419+0000] {standard_task_runner.py:83} INFO - Job 351: Subtask sleep
[2022-10-27T12:46:17.459+0000] {logging_mixin.py:120} WARNING - /home/***/.local/lib/python3.7/site-packages/***/configuration.py:545 DeprecationWarning: The sql_alchemy_conn option in [core] has been moved to the sql_alchemy_conn option in [database] - the old setting has been used, but please update your config.
[2022-10-27T12:46:17.573+0000] {task_command.py:376} INFO - Running <TaskInstance: tutorial.sleep scheduled__2015-08-23T00:00:00+00:00 [running]> on host e60030a57919
[2022-10-27T12:46:17.713+0000] {taskinstance.py:1592} INFO - Exporting the following env vars:
AIRFLOW_CTX_DAG_EMAIL=***@***.com
AIRFLOW_CTX_DAG_OWNER=***
AIRFLOW_CTX_DAG_ID=tutorial
AIRFLOW_CTX_TASK_ID=sleep
AIRFLOW_CTX_EXECUTION_DATE=2015-08-23T00:00:00+00:00
AIRFLOW_CTX_TRY_NUMBER=1
AIRFLOW_CTX_DAG_RUN_ID=scheduled__2015-08-23T00:00:00+00:00
[2022-10-27T12:46:17.716+0000] {subprocess.py:63} INFO - Tmp dir root location: 
 /tmp
[2022-10-27T12:46:17.717+0000] {subprocess.py:75} INFO - Running command: ['/bin/bash', '-c', 'sleep 5']
[2022-10-27T12:46:17.738+0000] {subprocess.py:86} INFO - Output:
[2022-10-27T12:46:22.744+0000] {subprocess.py:97} INFO - Command exited with return code 0
[2022-10-27T12:46:22.798+0000] {taskinstance.py:1406} INFO - Marking task as SUCCESS. dag_id=tutorial, task_id=sleep, execution_date=20150823T000000, start_date=20221027T124617, end_date=20221027T124622
[2022-10-27T12:46:22.851+0000] {local_task_job.py:164} INFO - Task exited with return code 0
[2022-10-27T12:46:22.873+0000] {local_task_job.py:273} INFO - 0 downstream tasks scheduled from follow-on schedule check
