[2023-05-10T10:47:45.560+0000] {taskinstance.py:1165} INFO - Dependencies all met for <TaskInstance: extr_proc_aug_pipl.processing_data scheduled__2022-12-27T05:30:00+00:00 [queued]>
[2023-05-10T10:47:45.592+0000] {taskinstance.py:1165} INFO - Dependencies all met for <TaskInstance: extr_proc_aug_pipl.processing_data scheduled__2022-12-27T05:30:00+00:00 [queued]>
[2023-05-10T10:47:45.593+0000] {taskinstance.py:1362} INFO - 
--------------------------------------------------------------------------------
[2023-05-10T10:47:45.593+0000] {taskinstance.py:1363} INFO - Starting attempt 1 of 4
[2023-05-10T10:47:45.593+0000] {taskinstance.py:1364} INFO - 
--------------------------------------------------------------------------------
[2023-05-10T10:47:45.640+0000] {taskinstance.py:1383} INFO - Executing <Task(BashOperator): processing_data> on 2022-12-27 05:30:00+00:00
[2023-05-10T10:47:45.656+0000] {standard_task_runner.py:55} INFO - Started process 1499 to run task
[2023-05-10T10:47:45.664+0000] {standard_task_runner.py:82} INFO - Running: ['***', 'tasks', 'run', 'extr_proc_aug_pipl', 'processing_data', 'scheduled__2022-12-27T05:30:00+00:00', '--job-id', '5843', '--raw', '--subdir', 'DAGS_FOLDER/extr_processing_augmentation.py', '--cfg-path', '/tmp/tmp_gxxhpzd']
[2023-05-10T10:47:45.669+0000] {standard_task_runner.py:83} INFO - Job 5843: Subtask processing_data
[2023-05-10T10:47:45.733+0000] {logging_mixin.py:120} WARNING - /home/***/.local/lib/python3.7/site-packages/***/configuration.py:545 DeprecationWarning: The sql_alchemy_conn option in [core] has been moved to the sql_alchemy_conn option in [database] - the old setting has been used, but please update your config.
[2023-05-10T10:47:45.889+0000] {task_command.py:376} INFO - Running <TaskInstance: extr_proc_aug_pipl.processing_data scheduled__2022-12-27T05:30:00+00:00 [running]> on host 0961b7a3874f
[2023-05-10T10:47:46.177+0000] {taskinstance.py:1592} INFO - Exporting the following env vars:
AIRFLOW_CTX_DAG_EMAIL=***@***.com
AIRFLOW_CTX_DAG_OWNER=***
AIRFLOW_CTX_DAG_ID=extr_proc_aug_pipl
AIRFLOW_CTX_TASK_ID=processing_data
AIRFLOW_CTX_EXECUTION_DATE=2022-12-27T05:30:00+00:00
AIRFLOW_CTX_TRY_NUMBER=1
AIRFLOW_CTX_DAG_RUN_ID=scheduled__2022-12-27T05:30:00+00:00
[2023-05-10T10:47:46.179+0000] {subprocess.py:63} INFO - Tmp dir root location: 
 /tmp
[2023-05-10T10:47:46.180+0000] {subprocess.py:75} INFO - Running command: ['/bin/bash', '-c', 'sleep 5']
[2023-05-10T10:47:46.217+0000] {subprocess.py:86} INFO - Output:
[2023-05-10T10:47:51.226+0000] {subprocess.py:97} INFO - Command exited with return code 0
[2023-05-10T10:47:51.276+0000] {taskinstance.py:1406} INFO - Marking task as SUCCESS. dag_id=extr_proc_aug_pipl, task_id=processing_data, execution_date=20221227T053000, start_date=20230510T104745, end_date=20230510T104751
[2023-05-10T10:47:51.360+0000] {local_task_job.py:164} INFO - Task exited with return code 0
[2023-05-10T10:47:51.405+0000] {local_task_job.py:273} INFO - 0 downstream tasks scheduled from follow-on schedule check
