[2023-05-10T10:46:10.386+0000] {taskinstance.py:1165} INFO - Dependencies all met for <TaskInstance: extr_proc_aug_pipl.processing_data scheduled__2022-12-26T05:30:00+00:00 [queued]>
[2023-05-10T10:46:10.519+0000] {taskinstance.py:1165} INFO - Dependencies all met for <TaskInstance: extr_proc_aug_pipl.processing_data scheduled__2022-12-26T05:30:00+00:00 [queued]>
[2023-05-10T10:46:10.521+0000] {taskinstance.py:1362} INFO - 
--------------------------------------------------------------------------------
[2023-05-10T10:46:10.522+0000] {taskinstance.py:1363} INFO - Starting attempt 1 of 4
[2023-05-10T10:46:10.523+0000] {taskinstance.py:1364} INFO - 
--------------------------------------------------------------------------------
[2023-05-10T10:46:10.707+0000] {taskinstance.py:1383} INFO - Executing <Task(BashOperator): processing_data> on 2022-12-26 05:30:00+00:00
[2023-05-10T10:46:10.723+0000] {standard_task_runner.py:55} INFO - Started process 797 to run task
[2023-05-10T10:46:10.755+0000] {standard_task_runner.py:82} INFO - Running: ['***', 'tasks', 'run', 'extr_proc_aug_pipl', 'processing_data', 'scheduled__2022-12-26T05:30:00+00:00', '--job-id', '5633', '--raw', '--subdir', 'DAGS_FOLDER/extr_processing_augmentation.py', '--cfg-path', '/tmp/tmpjd5js2d8']
[2023-05-10T10:46:10.776+0000] {standard_task_runner.py:83} INFO - Job 5633: Subtask processing_data
[2023-05-10T10:46:10.869+0000] {logging_mixin.py:120} WARNING - /home/***/.local/lib/python3.7/site-packages/***/configuration.py:545 DeprecationWarning: The sql_alchemy_conn option in [core] has been moved to the sql_alchemy_conn option in [database] - the old setting has been used, but please update your config.
[2023-05-10T10:46:11.276+0000] {task_command.py:376} INFO - Running <TaskInstance: extr_proc_aug_pipl.processing_data scheduled__2022-12-26T05:30:00+00:00 [running]> on host 0961b7a3874f
[2023-05-10T10:46:11.701+0000] {taskinstance.py:1592} INFO - Exporting the following env vars:
AIRFLOW_CTX_DAG_EMAIL=***@***.com
AIRFLOW_CTX_DAG_OWNER=***
AIRFLOW_CTX_DAG_ID=extr_proc_aug_pipl
AIRFLOW_CTX_TASK_ID=processing_data
AIRFLOW_CTX_EXECUTION_DATE=2022-12-26T05:30:00+00:00
AIRFLOW_CTX_TRY_NUMBER=1
AIRFLOW_CTX_DAG_RUN_ID=scheduled__2022-12-26T05:30:00+00:00
[2023-05-10T10:46:11.706+0000] {subprocess.py:63} INFO - Tmp dir root location: 
 /tmp
[2023-05-10T10:46:11.708+0000] {subprocess.py:75} INFO - Running command: ['/bin/bash', '-c', 'sleep 5']
[2023-05-10T10:46:11.754+0000] {subprocess.py:86} INFO - Output:
[2023-05-10T10:46:16.769+0000] {subprocess.py:97} INFO - Command exited with return code 0
[2023-05-10T10:46:16.872+0000] {taskinstance.py:1406} INFO - Marking task as SUCCESS. dag_id=extr_proc_aug_pipl, task_id=processing_data, execution_date=20221226T053000, start_date=20230510T104610, end_date=20230510T104616
[2023-05-10T10:46:16.987+0000] {local_task_job.py:164} INFO - Task exited with return code 0
[2023-05-10T10:46:17.051+0000] {local_task_job.py:273} INFO - 0 downstream tasks scheduled from follow-on schedule check
