[2022-10-27T12:47:17.808+0000] {taskinstance.py:1165} INFO - Dependencies all met for <TaskInstance: tutorial.templated scheduled__2015-10-24T00:00:00+00:00 [queued]>
[2022-10-27T12:47:17.830+0000] {taskinstance.py:1165} INFO - Dependencies all met for <TaskInstance: tutorial.templated scheduled__2015-10-24T00:00:00+00:00 [queued]>
[2022-10-27T12:47:17.831+0000] {taskinstance.py:1362} INFO - 
--------------------------------------------------------------------------------
[2022-10-27T12:47:17.831+0000] {taskinstance.py:1363} INFO - Starting attempt 1 of 2
[2022-10-27T12:47:17.831+0000] {taskinstance.py:1364} INFO - 
--------------------------------------------------------------------------------
[2022-10-27T12:47:17.869+0000] {taskinstance.py:1383} INFO - Executing <Task(BashOperator): templated> on 2015-10-24 00:00:00+00:00
[2022-10-27T12:47:17.887+0000] {standard_task_runner.py:82} INFO - Running: ['***', 'tasks', 'run', 'tutorial', 'templated', 'scheduled__2015-10-24T00:00:00+00:00', '--job-id', '539', '--raw', '--subdir', 'DAGS_FOLDER/tuto.py', '--cfg-path', '/tmp/tmpuhh8pglr']
[2022-10-27T12:47:17.890+0000] {standard_task_runner.py:83} INFO - Job 539: Subtask templated
[2022-10-27T12:47:17.878+0000] {standard_task_runner.py:55} INFO - Started process 2031 to run task
[2022-10-27T12:47:17.953+0000] {logging_mixin.py:120} WARNING - /home/***/.local/lib/python3.7/site-packages/***/configuration.py:545 DeprecationWarning: The sql_alchemy_conn option in [core] has been moved to the sql_alchemy_conn option in [database] - the old setting has been used, but please update your config.
[2022-10-27T12:47:18.074+0000] {task_command.py:376} INFO - Running <TaskInstance: tutorial.templated scheduled__2015-10-24T00:00:00+00:00 [running]> on host e60030a57919
[2022-10-27T12:47:18.283+0000] {taskinstance.py:1592} INFO - Exporting the following env vars:
AIRFLOW_CTX_DAG_EMAIL=***@***.com
AIRFLOW_CTX_DAG_OWNER=***
AIRFLOW_CTX_DAG_ID=tutorial
AIRFLOW_CTX_TASK_ID=templated
AIRFLOW_CTX_EXECUTION_DATE=2015-10-24T00:00:00+00:00
AIRFLOW_CTX_TRY_NUMBER=1
AIRFLOW_CTX_DAG_RUN_ID=scheduled__2015-10-24T00:00:00+00:00
[2022-10-27T12:47:18.285+0000] {subprocess.py:63} INFO - Tmp dir root location: 
 /tmp
[2022-10-27T12:47:18.286+0000] {subprocess.py:75} INFO - Running command: ['/bin/bash', '-c', '\n    \n        echo "2015-10-24"\n        echo "2015-10-31"\n        echo "Parameter I passed in"\n    \n        echo "2015-10-24"\n        echo "2015-10-31"\n        echo "Parameter I passed in"\n    \n        echo "2015-10-24"\n        echo "2015-10-31"\n        echo "Parameter I passed in"\n    \n        echo "2015-10-24"\n        echo "2015-10-31"\n        echo "Parameter I passed in"\n    \n        echo "2015-10-24"\n        echo "2015-10-31"\n        echo "Parameter I passed in"\n    ']
[2022-10-27T12:47:18.305+0000] {subprocess.py:86} INFO - Output:
[2022-10-27T12:47:18.308+0000] {subprocess.py:93} INFO - 2015-10-24
[2022-10-27T12:47:18.308+0000] {subprocess.py:93} INFO - 2015-10-31
[2022-10-27T12:47:18.308+0000] {subprocess.py:93} INFO - Parameter I passed in
[2022-10-27T12:47:18.309+0000] {subprocess.py:93} INFO - 2015-10-24
[2022-10-27T12:47:18.309+0000] {subprocess.py:93} INFO - 2015-10-31
[2022-10-27T12:47:18.309+0000] {subprocess.py:93} INFO - Parameter I passed in
[2022-10-27T12:47:18.309+0000] {subprocess.py:93} INFO - 2015-10-24
[2022-10-27T12:47:18.314+0000] {subprocess.py:93} INFO - 2015-10-31
[2022-10-27T12:47:18.314+0000] {subprocess.py:93} INFO - Parameter I passed in
[2022-10-27T12:47:18.314+0000] {subprocess.py:93} INFO - 2015-10-24
[2022-10-27T12:47:18.315+0000] {subprocess.py:93} INFO - 2015-10-31
[2022-10-27T12:47:18.315+0000] {subprocess.py:93} INFO - Parameter I passed in
[2022-10-27T12:47:18.315+0000] {subprocess.py:93} INFO - 2015-10-24
[2022-10-27T12:47:18.315+0000] {subprocess.py:93} INFO - 2015-10-31
[2022-10-27T12:47:18.315+0000] {subprocess.py:93} INFO - Parameter I passed in
[2022-10-27T12:47:18.316+0000] {subprocess.py:97} INFO - Command exited with return code 0
[2022-10-27T12:47:18.369+0000] {taskinstance.py:1406} INFO - Marking task as SUCCESS. dag_id=tutorial, task_id=templated, execution_date=20151024T000000, start_date=20221027T124717, end_date=20221027T124718
[2022-10-27T12:47:18.431+0000] {local_task_job.py:164} INFO - Task exited with return code 0
[2022-10-27T12:47:18.557+0000] {local_task_job.py:273} INFO - 0 downstream tasks scheduled from follow-on schedule check
