[2023-04-11T12:28:21.556+0000] {taskinstance.py:1165} INFO - Dependencies all met for <TaskInstance: extr_proc_aug_pipl.extract_data scheduled__2022-12-25T10:30:00+00:00 [queued]>
[2023-04-11T12:28:21.570+0000] {taskinstance.py:1165} INFO - Dependencies all met for <TaskInstance: extr_proc_aug_pipl.extract_data scheduled__2022-12-25T10:30:00+00:00 [queued]>
[2023-04-11T12:28:21.570+0000] {taskinstance.py:1362} INFO - 
--------------------------------------------------------------------------------
[2023-04-11T12:28:21.570+0000] {taskinstance.py:1363} INFO - Starting attempt 1 of 2
[2023-04-11T12:28:21.571+0000] {taskinstance.py:1364} INFO - 
--------------------------------------------------------------------------------
[2023-04-11T12:28:21.606+0000] {taskinstance.py:1383} INFO - Executing <Task(BashOperator): extract_data> on 2022-12-25 10:30:00+00:00
[2023-04-11T12:28:21.612+0000] {standard_task_runner.py:55} INFO - Started process 448 to run task
[2023-04-11T12:28:21.615+0000] {standard_task_runner.py:82} INFO - Running: ['***', 'tasks', 'run', 'extr_proc_aug_pipl', 'extract_data', 'scheduled__2022-12-25T10:30:00+00:00', '--job-id', '5427', '--raw', '--subdir', 'DAGS_FOLDER/extr_processing_augmentation.py', '--cfg-path', '/tmp/tmp6uyfm3cj']
[2023-04-11T12:28:21.617+0000] {standard_task_runner.py:83} INFO - Job 5427: Subtask extract_data
[2023-04-11T12:28:21.634+0000] {logging_mixin.py:120} WARNING - /home/***/.local/lib/python3.7/site-packages/***/configuration.py:545 DeprecationWarning: The sql_alchemy_conn option in [core] has been moved to the sql_alchemy_conn option in [database] - the old setting has been used, but please update your config.
[2023-04-11T12:28:21.700+0000] {task_command.py:376} INFO - Running <TaskInstance: extr_proc_aug_pipl.extract_data scheduled__2022-12-25T10:30:00+00:00 [running]> on host 0961b7a3874f
[2023-04-11T12:28:21.811+0000] {taskinstance.py:1592} INFO - Exporting the following env vars:
AIRFLOW_CTX_DAG_EMAIL=***@***.com
AIRFLOW_CTX_DAG_OWNER=***
AIRFLOW_CTX_DAG_ID=extr_proc_aug_pipl
AIRFLOW_CTX_TASK_ID=extract_data
AIRFLOW_CTX_EXECUTION_DATE=2022-12-25T10:30:00+00:00
AIRFLOW_CTX_TRY_NUMBER=1
AIRFLOW_CTX_DAG_RUN_ID=scheduled__2022-12-25T10:30:00+00:00
[2023-04-11T12:28:21.813+0000] {subprocess.py:63} INFO - Tmp dir root location: 
 /tmp
[2023-04-11T12:28:21.813+0000] {subprocess.py:75} INFO - Running command: ['/bin/bash', '-c', 'date']
[2023-04-11T12:28:21.826+0000] {subprocess.py:86} INFO - Output:
[2023-04-11T12:28:21.829+0000] {subprocess.py:93} INFO - Tue Apr 11 12:28:21 UTC 2023
[2023-04-11T12:28:21.829+0000] {subprocess.py:97} INFO - Command exited with return code 0
[2023-04-11T12:28:21.855+0000] {taskinstance.py:1406} INFO - Marking task as SUCCESS. dag_id=extr_proc_aug_pipl, task_id=extract_data, execution_date=20221225T103000, start_date=20230411T122821, end_date=20230411T122821
[2023-04-11T12:28:21.908+0000] {local_task_job.py:164} INFO - Task exited with return code 0
[2023-04-11T12:28:22.031+0000] {local_task_job.py:273} INFO - 1 downstream tasks scheduled from follow-on schedule check
