[2022-10-27T12:46:32.110+0000] {taskinstance.py:1165} INFO - Dependencies all met for <TaskInstance: tutorial.templated scheduled__2015-09-06T00:00:00+00:00 [queued]>
[2022-10-27T12:46:32.131+0000] {taskinstance.py:1165} INFO - Dependencies all met for <TaskInstance: tutorial.templated scheduled__2015-09-06T00:00:00+00:00 [queued]>
[2022-10-27T12:46:32.131+0000] {taskinstance.py:1362} INFO - 
--------------------------------------------------------------------------------
[2022-10-27T12:46:32.131+0000] {taskinstance.py:1363} INFO - Starting attempt 1 of 2
[2022-10-27T12:46:32.132+0000] {taskinstance.py:1364} INFO - 
--------------------------------------------------------------------------------
[2022-10-27T12:46:32.168+0000] {taskinstance.py:1383} INFO - Executing <Task(BashOperator): templated> on 2015-09-06 00:00:00+00:00
[2022-10-27T12:46:32.185+0000] {standard_task_runner.py:55} INFO - Started process 1547 to run task
[2022-10-27T12:46:32.207+0000] {standard_task_runner.py:82} INFO - Running: ['***', 'tasks', 'run', 'tutorial', 'templated', 'scheduled__2015-09-06T00:00:00+00:00', '--job-id', '391', '--raw', '--subdir', 'DAGS_FOLDER/tuto.py', '--cfg-path', '/tmp/tmpmhe8xitz']
[2022-10-27T12:46:32.210+0000] {standard_task_runner.py:83} INFO - Job 391: Subtask templated
[2022-10-27T12:46:32.249+0000] {logging_mixin.py:120} WARNING - /home/***/.local/lib/python3.7/site-packages/***/configuration.py:545 DeprecationWarning: The sql_alchemy_conn option in [core] has been moved to the sql_alchemy_conn option in [database] - the old setting has been used, but please update your config.
[2022-10-27T12:46:32.371+0000] {task_command.py:376} INFO - Running <TaskInstance: tutorial.templated scheduled__2015-09-06T00:00:00+00:00 [running]> on host e60030a57919
[2022-10-27T12:46:32.617+0000] {taskinstance.py:1592} INFO - Exporting the following env vars:
AIRFLOW_CTX_DAG_EMAIL=***@***.com
AIRFLOW_CTX_DAG_OWNER=***
AIRFLOW_CTX_DAG_ID=tutorial
AIRFLOW_CTX_TASK_ID=templated
AIRFLOW_CTX_EXECUTION_DATE=2015-09-06T00:00:00+00:00
AIRFLOW_CTX_TRY_NUMBER=1
AIRFLOW_CTX_DAG_RUN_ID=scheduled__2015-09-06T00:00:00+00:00
[2022-10-27T12:46:32.618+0000] {subprocess.py:63} INFO - Tmp dir root location: 
 /tmp
[2022-10-27T12:46:32.619+0000] {subprocess.py:75} INFO - Running command: ['/bin/bash', '-c', '\n    \n        echo "2015-09-06"\n        echo "2015-09-13"\n        echo "Parameter I passed in"\n    \n        echo "2015-09-06"\n        echo "2015-09-13"\n        echo "Parameter I passed in"\n    \n        echo "2015-09-06"\n        echo "2015-09-13"\n        echo "Parameter I passed in"\n    \n        echo "2015-09-06"\n        echo "2015-09-13"\n        echo "Parameter I passed in"\n    \n        echo "2015-09-06"\n        echo "2015-09-13"\n        echo "Parameter I passed in"\n    ']
[2022-10-27T12:46:32.659+0000] {subprocess.py:86} INFO - Output:
[2022-10-27T12:46:32.663+0000] {subprocess.py:93} INFO - 2015-09-06
[2022-10-27T12:46:32.663+0000] {subprocess.py:93} INFO - 2015-09-13
[2022-10-27T12:46:32.664+0000] {subprocess.py:93} INFO - Parameter I passed in
[2022-10-27T12:46:32.664+0000] {subprocess.py:93} INFO - 2015-09-06
[2022-10-27T12:46:32.664+0000] {subprocess.py:93} INFO - 2015-09-13
[2022-10-27T12:46:32.664+0000] {subprocess.py:93} INFO - Parameter I passed in
[2022-10-27T12:46:32.664+0000] {subprocess.py:93} INFO - 2015-09-06
[2022-10-27T12:46:32.664+0000] {subprocess.py:93} INFO - 2015-09-13
[2022-10-27T12:46:32.664+0000] {subprocess.py:93} INFO - Parameter I passed in
[2022-10-27T12:46:32.665+0000] {subprocess.py:93} INFO - 2015-09-06
[2022-10-27T12:46:32.665+0000] {subprocess.py:93} INFO - 2015-09-13
[2022-10-27T12:46:32.665+0000] {subprocess.py:93} INFO - Parameter I passed in
[2022-10-27T12:46:32.665+0000] {subprocess.py:93} INFO - 2015-09-06
[2022-10-27T12:46:32.665+0000] {subprocess.py:93} INFO - 2015-09-13
[2022-10-27T12:46:32.665+0000] {subprocess.py:93} INFO - Parameter I passed in
[2022-10-27T12:46:32.665+0000] {subprocess.py:97} INFO - Command exited with return code 0
[2022-10-27T12:46:32.731+0000] {taskinstance.py:1406} INFO - Marking task as SUCCESS. dag_id=tutorial, task_id=templated, execution_date=20150906T000000, start_date=20221027T124632, end_date=20221027T124632
[2022-10-27T12:46:32.819+0000] {local_task_job.py:164} INFO - Task exited with return code 0
[2022-10-27T12:46:32.929+0000] {local_task_job.py:273} INFO - 0 downstream tasks scheduled from follow-on schedule check
