[2022-10-27T13:04:58.843+0000] {taskinstance.py:1165} INFO - Dependencies all met for <TaskInstance: tutorial.sleep scheduled__2018-08-04T00:00:00+00:00 [queued]>
[2022-10-27T13:04:58.858+0000] {taskinstance.py:1165} INFO - Dependencies all met for <TaskInstance: tutorial.sleep scheduled__2018-08-04T00:00:00+00:00 [queued]>
[2022-10-27T13:04:58.858+0000] {taskinstance.py:1362} INFO - 
--------------------------------------------------------------------------------
[2022-10-27T13:04:58.859+0000] {taskinstance.py:1363} INFO - Starting attempt 1 of 4
[2022-10-27T13:04:58.859+0000] {taskinstance.py:1364} INFO - 
--------------------------------------------------------------------------------
[2022-10-27T13:04:58.878+0000] {taskinstance.py:1383} INFO - Executing <Task(BashOperator): sleep> on 2018-08-04 00:00:00+00:00
[2022-10-27T13:04:58.884+0000] {standard_task_runner.py:55} INFO - Started process 12470 to run task
[2022-10-27T13:04:58.888+0000] {standard_task_runner.py:82} INFO - Running: ['***', 'tasks', 'run', 'tutorial', 'sleep', 'scheduled__2018-08-04T00:00:00+00:00', '--job-id', '3576', '--raw', '--subdir', 'DAGS_FOLDER/tuto.py', '--cfg-path', '/tmp/tmphtmkzla7']
[2022-10-27T13:04:58.891+0000] {standard_task_runner.py:83} INFO - Job 3576: Subtask sleep
[2022-10-27T13:04:58.915+0000] {logging_mixin.py:120} WARNING - /home/***/.local/lib/python3.7/site-packages/***/configuration.py:545 DeprecationWarning: The sql_alchemy_conn option in [core] has been moved to the sql_alchemy_conn option in [database] - the old setting has been used, but please update your config.
[2022-10-27T13:04:58.972+0000] {task_command.py:376} INFO - Running <TaskInstance: tutorial.sleep scheduled__2018-08-04T00:00:00+00:00 [running]> on host e60030a57919
[2022-10-27T13:04:59.047+0000] {taskinstance.py:1592} INFO - Exporting the following env vars:
AIRFLOW_CTX_DAG_EMAIL=***@***.com
AIRFLOW_CTX_DAG_OWNER=***
AIRFLOW_CTX_DAG_ID=tutorial
AIRFLOW_CTX_TASK_ID=sleep
AIRFLOW_CTX_EXECUTION_DATE=2018-08-04T00:00:00+00:00
AIRFLOW_CTX_TRY_NUMBER=1
AIRFLOW_CTX_DAG_RUN_ID=scheduled__2018-08-04T00:00:00+00:00
[2022-10-27T13:04:59.048+0000] {subprocess.py:63} INFO - Tmp dir root location: 
 /tmp
[2022-10-27T13:04:59.049+0000] {subprocess.py:75} INFO - Running command: ['/bin/bash', '-c', 'sleep 5']
[2022-10-27T13:04:59.066+0000] {subprocess.py:86} INFO - Output:
[2022-10-27T13:05:04.070+0000] {subprocess.py:97} INFO - Command exited with return code 0
[2022-10-27T13:05:04.092+0000] {taskinstance.py:1406} INFO - Marking task as SUCCESS. dag_id=tutorial, task_id=sleep, execution_date=20180804T000000, start_date=20221027T130458, end_date=20221027T130504
[2022-10-27T13:05:04.121+0000] {local_task_job.py:164} INFO - Task exited with return code 0
[2022-10-27T13:05:04.136+0000] {local_task_job.py:273} INFO - 0 downstream tasks scheduled from follow-on schedule check
