[2022-10-27T13:03:03.463+0000] {taskinstance.py:1165} INFO - Dependencies all met for <TaskInstance: tutorial.sleep scheduled__2018-04-23T00:00:00+00:00 [queued]>
[2022-10-27T13:03:03.482+0000] {taskinstance.py:1165} INFO - Dependencies all met for <TaskInstance: tutorial.sleep scheduled__2018-04-23T00:00:00+00:00 [queued]>
[2022-10-27T13:03:03.482+0000] {taskinstance.py:1362} INFO - 
--------------------------------------------------------------------------------
[2022-10-27T13:03:03.482+0000] {taskinstance.py:1363} INFO - Starting attempt 1 of 4
[2022-10-27T13:03:03.482+0000] {taskinstance.py:1364} INFO - 
--------------------------------------------------------------------------------
[2022-10-27T13:03:03.505+0000] {taskinstance.py:1383} INFO - Executing <Task(BashOperator): sleep> on 2018-04-23 00:00:00+00:00
[2022-10-27T13:03:03.520+0000] {standard_task_runner.py:55} INFO - Started process 11417 to run task
[2022-10-27T13:03:03.530+0000] {standard_task_runner.py:82} INFO - Running: ['***', 'tasks', 'run', 'tutorial', 'sleep', 'scheduled__2018-04-23T00:00:00+00:00', '--job-id', '3270', '--raw', '--subdir', 'DAGS_FOLDER/tuto.py', '--cfg-path', '/tmp/tmpt_oksigv']
[2022-10-27T13:03:03.537+0000] {standard_task_runner.py:83} INFO - Job 3270: Subtask sleep
[2022-10-27T13:03:03.584+0000] {logging_mixin.py:120} WARNING - /home/***/.local/lib/python3.7/site-packages/***/configuration.py:545 DeprecationWarning: The sql_alchemy_conn option in [core] has been moved to the sql_alchemy_conn option in [database] - the old setting has been used, but please update your config.
[2022-10-27T13:03:03.735+0000] {task_command.py:376} INFO - Running <TaskInstance: tutorial.sleep scheduled__2018-04-23T00:00:00+00:00 [running]> on host e60030a57919
[2022-10-27T13:03:03.835+0000] {taskinstance.py:1592} INFO - Exporting the following env vars:
AIRFLOW_CTX_DAG_EMAIL=***@***.com
AIRFLOW_CTX_DAG_OWNER=***
AIRFLOW_CTX_DAG_ID=tutorial
AIRFLOW_CTX_TASK_ID=sleep
AIRFLOW_CTX_EXECUTION_DATE=2018-04-23T00:00:00+00:00
AIRFLOW_CTX_TRY_NUMBER=1
AIRFLOW_CTX_DAG_RUN_ID=scheduled__2018-04-23T00:00:00+00:00
[2022-10-27T13:03:03.836+0000] {subprocess.py:63} INFO - Tmp dir root location: 
 /tmp
[2022-10-27T13:03:03.837+0000] {subprocess.py:75} INFO - Running command: ['/bin/bash', '-c', 'sleep 5']
[2022-10-27T13:03:03.850+0000] {subprocess.py:86} INFO - Output:
[2022-10-27T13:03:08.855+0000] {subprocess.py:97} INFO - Command exited with return code 0
[2022-10-27T13:03:08.986+0000] {taskinstance.py:1406} INFO - Marking task as SUCCESS. dag_id=tutorial, task_id=sleep, execution_date=20180423T000000, start_date=20221027T130303, end_date=20221027T130308
[2022-10-27T13:03:09.197+0000] {local_task_job.py:164} INFO - Task exited with return code 0
[2022-10-27T13:03:09.278+0000] {local_task_job.py:273} INFO - 0 downstream tasks scheduled from follow-on schedule check
