[2022-12-24T04:39:38.416+0000] {taskinstance.py:1165} INFO - Dependencies all met for <TaskInstance: extr_proc_aug_pipl.merge_text_d scheduled__2022-12-24T03:30:00+00:00 [queued]>
[2022-12-24T04:39:38.428+0000] {taskinstance.py:1165} INFO - Dependencies all met for <TaskInstance: extr_proc_aug_pipl.merge_text_d scheduled__2022-12-24T03:30:00+00:00 [queued]>
[2022-12-24T04:39:38.429+0000] {taskinstance.py:1362} INFO - 
--------------------------------------------------------------------------------
[2022-12-24T04:39:38.429+0000] {taskinstance.py:1363} INFO - Starting attempt 1 of 4
[2022-12-24T04:39:38.429+0000] {taskinstance.py:1364} INFO - 
--------------------------------------------------------------------------------
[2022-12-24T04:39:38.442+0000] {taskinstance.py:1383} INFO - Executing <Task(BashOperator): merge_text_d> on 2022-12-24 03:30:00+00:00
[2022-12-24T04:39:38.446+0000] {standard_task_runner.py:55} INFO - Started process 1032 to run task
[2022-12-24T04:39:38.449+0000] {standard_task_runner.py:82} INFO - Running: ['***', 'tasks', 'run', 'extr_proc_aug_pipl', 'merge_text_d', 'scheduled__2022-12-24T03:30:00+00:00', '--job-id', '5217', '--raw', '--subdir', 'DAGS_FOLDER/extr_processing_augmentation.py', '--cfg-path', '/tmp/tmp127nhocx']
[2022-12-24T04:39:38.450+0000] {standard_task_runner.py:83} INFO - Job 5217: Subtask merge_text_d
[2022-12-24T04:39:38.465+0000] {logging_mixin.py:120} WARNING - /home/***/.local/lib/python3.7/site-packages/***/configuration.py:545 DeprecationWarning: The sql_alchemy_conn option in [core] has been moved to the sql_alchemy_conn option in [database] - the old setting has been used, but please update your config.
[2022-12-24T04:39:38.521+0000] {task_command.py:376} INFO - Running <TaskInstance: extr_proc_aug_pipl.merge_text_d scheduled__2022-12-24T03:30:00+00:00 [running]> on host 0961b7a3874f
[2022-12-24T04:39:38.596+0000] {taskinstance.py:1592} INFO - Exporting the following env vars:
AIRFLOW_CTX_DAG_EMAIL=***@***.com
AIRFLOW_CTX_DAG_OWNER=***
AIRFLOW_CTX_DAG_ID=extr_proc_aug_pipl
AIRFLOW_CTX_TASK_ID=merge_text_d
AIRFLOW_CTX_EXECUTION_DATE=2022-12-24T03:30:00+00:00
AIRFLOW_CTX_TRY_NUMBER=1
AIRFLOW_CTX_DAG_RUN_ID=scheduled__2022-12-24T03:30:00+00:00
[2022-12-24T04:39:38.597+0000] {subprocess.py:63} INFO - Tmp dir root location: 
 /tmp
[2022-12-24T04:39:38.597+0000] {subprocess.py:75} INFO - Running command: ['/bin/bash', '-c', 'sleep 5']
[2022-12-24T04:39:38.606+0000] {subprocess.py:86} INFO - Output:
[2022-12-24T04:39:43.608+0000] {subprocess.py:97} INFO - Command exited with return code 0
[2022-12-24T04:39:43.629+0000] {taskinstance.py:1406} INFO - Marking task as SUCCESS. dag_id=extr_proc_aug_pipl, task_id=merge_text_d, execution_date=20221224T033000, start_date=20221224T043938, end_date=20221224T043943
[2022-12-24T04:39:43.684+0000] {local_task_job.py:164} INFO - Task exited with return code 0
[2022-12-24T04:39:43.704+0000] {local_task_job.py:273} INFO - 1 downstream tasks scheduled from follow-on schedule check
