[2022-10-27T12:58:17.834+0000] {taskinstance.py:1165} INFO - Dependencies all met for <TaskInstance: tutorial.sleep scheduled__2017-08-04T00:00:00+00:00 [queued]>
[2022-10-27T12:58:17.846+0000] {taskinstance.py:1165} INFO - Dependencies all met for <TaskInstance: tutorial.sleep scheduled__2017-08-04T00:00:00+00:00 [queued]>
[2022-10-27T12:58:17.846+0000] {taskinstance.py:1362} INFO - 
--------------------------------------------------------------------------------
[2022-10-27T12:58:17.846+0000] {taskinstance.py:1363} INFO - Starting attempt 1 of 4
[2022-10-27T12:58:17.846+0000] {taskinstance.py:1364} INFO - 
--------------------------------------------------------------------------------
[2022-10-27T12:58:17.861+0000] {taskinstance.py:1383} INFO - Executing <Task(BashOperator): sleep> on 2017-08-04 00:00:00+00:00
[2022-10-27T12:58:17.867+0000] {standard_task_runner.py:55} INFO - Started process 8680 to run task
[2022-10-27T12:58:17.870+0000] {standard_task_runner.py:82} INFO - Running: ['***', 'tasks', 'run', 'tutorial', 'sleep', 'scheduled__2017-08-04T00:00:00+00:00', '--job-id', '2479', '--raw', '--subdir', 'DAGS_FOLDER/tuto.py', '--cfg-path', '/tmp/tmp3qvi8k9s']
[2022-10-27T12:58:17.872+0000] {standard_task_runner.py:83} INFO - Job 2479: Subtask sleep
[2022-10-27T12:58:17.888+0000] {logging_mixin.py:120} WARNING - /home/***/.local/lib/python3.7/site-packages/***/configuration.py:545 DeprecationWarning: The sql_alchemy_conn option in [core] has been moved to the sql_alchemy_conn option in [database] - the old setting has been used, but please update your config.
[2022-10-27T12:58:17.940+0000] {task_command.py:376} INFO - Running <TaskInstance: tutorial.sleep scheduled__2017-08-04T00:00:00+00:00 [running]> on host e60030a57919
[2022-10-27T12:58:18.016+0000] {taskinstance.py:1592} INFO - Exporting the following env vars:
AIRFLOW_CTX_DAG_EMAIL=***@***.com
AIRFLOW_CTX_DAG_OWNER=***
AIRFLOW_CTX_DAG_ID=tutorial
AIRFLOW_CTX_TASK_ID=sleep
AIRFLOW_CTX_EXECUTION_DATE=2017-08-04T00:00:00+00:00
AIRFLOW_CTX_TRY_NUMBER=1
AIRFLOW_CTX_DAG_RUN_ID=scheduled__2017-08-04T00:00:00+00:00
[2022-10-27T12:58:18.017+0000] {subprocess.py:63} INFO - Tmp dir root location: 
 /tmp
[2022-10-27T12:58:18.018+0000] {subprocess.py:75} INFO - Running command: ['/bin/bash', '-c', 'sleep 5']
[2022-10-27T12:58:18.027+0000] {subprocess.py:86} INFO - Output:
[2022-10-27T12:58:23.031+0000] {subprocess.py:97} INFO - Command exited with return code 0
[2022-10-27T12:58:23.088+0000] {taskinstance.py:1406} INFO - Marking task as SUCCESS. dag_id=tutorial, task_id=sleep, execution_date=20170804T000000, start_date=20221027T125817, end_date=20221027T125823
[2022-10-27T12:58:23.140+0000] {local_task_job.py:164} INFO - Task exited with return code 0
[2022-10-27T12:58:23.158+0000] {local_task_job.py:273} INFO - 0 downstream tasks scheduled from follow-on schedule check
