[2022-12-10T05:46:22.831+0000] {taskinstance.py:1165} INFO - Dependencies all met for <TaskInstance: extr_proc_aug_pipl.processing_text scheduled__2022-12-07T00:00:00+00:00 [queued]>
[2022-12-10T05:46:22.840+0000] {taskinstance.py:1165} INFO - Dependencies all met for <TaskInstance: extr_proc_aug_pipl.processing_text scheduled__2022-12-07T00:00:00+00:00 [queued]>
[2022-12-10T05:46:22.840+0000] {taskinstance.py:1362} INFO - 
--------------------------------------------------------------------------------
[2022-12-10T05:46:22.841+0000] {taskinstance.py:1363} INFO - Starting attempt 1 of 4
[2022-12-10T05:46:22.841+0000] {taskinstance.py:1364} INFO - 
--------------------------------------------------------------------------------
[2022-12-10T05:46:22.857+0000] {taskinstance.py:1383} INFO - Executing <Task(BashOperator): processing_text> on 2022-12-07 00:00:00+00:00
[2022-12-10T05:46:22.860+0000] {standard_task_runner.py:55} INFO - Started process 265 to run task
[2022-12-10T05:46:22.867+0000] {standard_task_runner.py:82} INFO - Running: ['***', 'tasks', 'run', 'extr_proc_aug_pipl', 'processing_text', 'scheduled__2022-12-07T00:00:00+00:00', '--job-id', '4974', '--raw', '--subdir', 'DAGS_FOLDER/extr_processing_augmentation.py', '--cfg-path', '/tmp/tmp9gagnnva']
[2022-12-10T05:46:22.869+0000] {standard_task_runner.py:83} INFO - Job 4974: Subtask processing_text
[2022-12-10T05:46:22.883+0000] {logging_mixin.py:120} WARNING - /home/***/.local/lib/python3.7/site-packages/***/configuration.py:545 DeprecationWarning: The sql_alchemy_conn option in [core] has been moved to the sql_alchemy_conn option in [database] - the old setting has been used, but please update your config.
[2022-12-10T05:46:22.936+0000] {task_command.py:376} INFO - Running <TaskInstance: extr_proc_aug_pipl.processing_text scheduled__2022-12-07T00:00:00+00:00 [running]> on host ed3e98310717
[2022-12-10T05:46:23.015+0000] {taskinstance.py:1592} INFO - Exporting the following env vars:
AIRFLOW_CTX_DAG_EMAIL=***@***.com
AIRFLOW_CTX_DAG_OWNER=***
AIRFLOW_CTX_DAG_ID=extr_proc_aug_pipl
AIRFLOW_CTX_TASK_ID=processing_text
AIRFLOW_CTX_EXECUTION_DATE=2022-12-07T00:00:00+00:00
AIRFLOW_CTX_TRY_NUMBER=1
AIRFLOW_CTX_DAG_RUN_ID=scheduled__2022-12-07T00:00:00+00:00
[2022-12-10T05:46:23.017+0000] {subprocess.py:63} INFO - Tmp dir root location: 
 /tmp
[2022-12-10T05:46:23.017+0000] {subprocess.py:75} INFO - Running command: ['/bin/bash', '-c', 'sleep 5']
[2022-12-10T05:46:23.036+0000] {subprocess.py:86} INFO - Output:
[2022-12-10T05:46:28.038+0000] {subprocess.py:97} INFO - Command exited with return code 0
[2022-12-10T05:46:28.071+0000] {taskinstance.py:1406} INFO - Marking task as SUCCESS. dag_id=extr_proc_aug_pipl, task_id=processing_text, execution_date=20221207T000000, start_date=20221210T054622, end_date=20221210T054628
[2022-12-10T05:46:28.133+0000] {local_task_job.py:164} INFO - Task exited with return code 0
[2022-12-10T05:46:28.171+0000] {local_task_job.py:273} INFO - 1 downstream tasks scheduled from follow-on schedule check
