[2022-10-27T13:03:21.505+0000] {taskinstance.py:1165} INFO - Dependencies all met for <TaskInstance: tutorial.sleep scheduled__2018-05-07T00:00:00+00:00 [queued]>
[2022-10-27T13:03:21.535+0000] {taskinstance.py:1165} INFO - Dependencies all met for <TaskInstance: tutorial.sleep scheduled__2018-05-07T00:00:00+00:00 [queued]>
[2022-10-27T13:03:21.535+0000] {taskinstance.py:1362} INFO - 
--------------------------------------------------------------------------------
[2022-10-27T13:03:21.536+0000] {taskinstance.py:1363} INFO - Starting attempt 1 of 4
[2022-10-27T13:03:21.536+0000] {taskinstance.py:1364} INFO - 
--------------------------------------------------------------------------------
[2022-10-27T13:03:21.579+0000] {taskinstance.py:1383} INFO - Executing <Task(BashOperator): sleep> on 2018-05-07 00:00:00+00:00
[2022-10-27T13:03:21.588+0000] {standard_task_runner.py:55} INFO - Started process 11561 to run task
[2022-10-27T13:03:21.601+0000] {standard_task_runner.py:82} INFO - Running: ['***', 'tasks', 'run', 'tutorial', 'sleep', 'scheduled__2018-05-07T00:00:00+00:00', '--job-id', '3312', '--raw', '--subdir', 'DAGS_FOLDER/tuto.py', '--cfg-path', '/tmp/tmp2ktqfut6']
[2022-10-27T13:03:21.604+0000] {standard_task_runner.py:83} INFO - Job 3312: Subtask sleep
[2022-10-27T13:03:21.630+0000] {logging_mixin.py:120} WARNING - /home/***/.local/lib/python3.7/site-packages/***/configuration.py:545 DeprecationWarning: The sql_alchemy_conn option in [core] has been moved to the sql_alchemy_conn option in [database] - the old setting has been used, but please update your config.
[2022-10-27T13:03:21.798+0000] {task_command.py:376} INFO - Running <TaskInstance: tutorial.sleep scheduled__2018-05-07T00:00:00+00:00 [running]> on host e60030a57919
[2022-10-27T13:03:22.006+0000] {taskinstance.py:1592} INFO - Exporting the following env vars:
AIRFLOW_CTX_DAG_EMAIL=***@***.com
AIRFLOW_CTX_DAG_OWNER=***
AIRFLOW_CTX_DAG_ID=tutorial
AIRFLOW_CTX_TASK_ID=sleep
AIRFLOW_CTX_EXECUTION_DATE=2018-05-07T00:00:00+00:00
AIRFLOW_CTX_TRY_NUMBER=1
AIRFLOW_CTX_DAG_RUN_ID=scheduled__2018-05-07T00:00:00+00:00
[2022-10-27T13:03:22.008+0000] {subprocess.py:63} INFO - Tmp dir root location: 
 /tmp
[2022-10-27T13:03:22.009+0000] {subprocess.py:75} INFO - Running command: ['/bin/bash', '-c', 'sleep 5']
[2022-10-27T13:03:22.034+0000] {subprocess.py:86} INFO - Output:
[2022-10-27T13:03:27.040+0000] {subprocess.py:97} INFO - Command exited with return code 0
[2022-10-27T13:03:27.074+0000] {taskinstance.py:1406} INFO - Marking task as SUCCESS. dag_id=tutorial, task_id=sleep, execution_date=20180507T000000, start_date=20221027T130321, end_date=20221027T130327
[2022-10-27T13:03:27.217+0000] {local_task_job.py:164} INFO - Task exited with return code 0
[2022-10-27T13:03:27.260+0000] {local_task_job.py:273} INFO - 0 downstream tasks scheduled from follow-on schedule check
