[2022-11-24T10:04:04.327+0000] {taskinstance.py:1165} INFO - Dependencies all met for <TaskInstance: extr_proc_aug_pipl.extract_text scheduled__2022-11-20T00:00:00+00:00 [queued]>
[2022-11-24T10:04:04.379+0000] {taskinstance.py:1165} INFO - Dependencies all met for <TaskInstance: extr_proc_aug_pipl.extract_text scheduled__2022-11-20T00:00:00+00:00 [queued]>
[2022-11-24T10:04:04.379+0000] {taskinstance.py:1362} INFO - 
--------------------------------------------------------------------------------
[2022-11-24T10:04:04.379+0000] {taskinstance.py:1363} INFO - Starting attempt 1 of 2
[2022-11-24T10:04:04.379+0000] {taskinstance.py:1364} INFO - 
--------------------------------------------------------------------------------
[2022-11-24T10:04:04.515+0000] {taskinstance.py:1383} INFO - Executing <Task(BashOperator): extract_text> on 2022-11-20 00:00:00+00:00
[2022-11-24T10:04:04.541+0000] {standard_task_runner.py:55} INFO - Started process 239 to run task
[2022-11-24T10:04:04.571+0000] {standard_task_runner.py:82} INFO - Running: ['***', 'tasks', 'run', 'extr_proc_aug_pipl', 'extract_text', 'scheduled__2022-11-20T00:00:00+00:00', '--job-id', '4824', '--raw', '--subdir', 'DAGS_FOLDER/extr_processing_augmentation.py', '--cfg-path', '/tmp/tmp63eao2vg']
[2022-11-24T10:04:04.579+0000] {standard_task_runner.py:83} INFO - Job 4824: Subtask extract_text
[2022-11-24T10:04:04.768+0000] {logging_mixin.py:120} WARNING - /home/***/.local/lib/python3.7/site-packages/***/configuration.py:545 DeprecationWarning: The sql_alchemy_conn option in [core] has been moved to the sql_alchemy_conn option in [database] - the old setting has been used, but please update your config.
[2022-11-24T10:04:05.033+0000] {task_command.py:376} INFO - Running <TaskInstance: extr_proc_aug_pipl.extract_text scheduled__2022-11-20T00:00:00+00:00 [running]> on host ed3e98310717
[2022-11-24T10:04:05.377+0000] {taskinstance.py:1592} INFO - Exporting the following env vars:
AIRFLOW_CTX_DAG_EMAIL=***@***.com
AIRFLOW_CTX_DAG_OWNER=***
AIRFLOW_CTX_DAG_ID=extr_proc_aug_pipl
AIRFLOW_CTX_TASK_ID=extract_text
AIRFLOW_CTX_EXECUTION_DATE=2022-11-20T00:00:00+00:00
AIRFLOW_CTX_TRY_NUMBER=1
AIRFLOW_CTX_DAG_RUN_ID=scheduled__2022-11-20T00:00:00+00:00
[2022-11-24T10:04:05.380+0000] {subprocess.py:63} INFO - Tmp dir root location: 
 /tmp
[2022-11-24T10:04:05.384+0000] {subprocess.py:75} INFO - Running command: ['/bin/bash', '-c', 'date']
[2022-11-24T10:04:05.409+0000] {subprocess.py:86} INFO - Output:
[2022-11-24T10:04:05.421+0000] {subprocess.py:93} INFO - Thu Nov 24 10:04:05 UTC 2022
[2022-11-24T10:04:05.422+0000] {subprocess.py:97} INFO - Command exited with return code 0
[2022-11-24T10:04:05.492+0000] {taskinstance.py:1406} INFO - Marking task as SUCCESS. dag_id=extr_proc_aug_pipl, task_id=extract_text, execution_date=20221120T000000, start_date=20221124T100404, end_date=20221124T100405
[2022-11-24T10:04:05.540+0000] {local_task_job.py:164} INFO - Task exited with return code 0
[2022-11-24T10:04:05.608+0000] {local_task_job.py:273} INFO - 1 downstream tasks scheduled from follow-on schedule check
