[2022-10-27T13:00:45.618+0000] {taskinstance.py:1165} INFO - Dependencies all met for <TaskInstance: tutorial.sleep scheduled__2017-12-20T00:00:00+00:00 [queued]>
[2022-10-27T13:00:45.633+0000] {taskinstance.py:1165} INFO - Dependencies all met for <TaskInstance: tutorial.sleep scheduled__2017-12-20T00:00:00+00:00 [queued]>
[2022-10-27T13:00:45.634+0000] {taskinstance.py:1362} INFO - 
--------------------------------------------------------------------------------
[2022-10-27T13:00:45.634+0000] {taskinstance.py:1363} INFO - Starting attempt 1 of 4
[2022-10-27T13:00:45.634+0000] {taskinstance.py:1364} INFO - 
--------------------------------------------------------------------------------
[2022-10-27T13:00:45.654+0000] {taskinstance.py:1383} INFO - Executing <Task(BashOperator): sleep> on 2017-12-20 00:00:00+00:00
[2022-10-27T13:00:45.662+0000] {standard_task_runner.py:55} INFO - Started process 10134 to run task
[2022-10-27T13:00:45.666+0000] {standard_task_runner.py:82} INFO - Running: ['***', 'tasks', 'run', 'tutorial', 'sleep', 'scheduled__2017-12-20T00:00:00+00:00', '--job-id', '2900', '--raw', '--subdir', 'DAGS_FOLDER/tuto.py', '--cfg-path', '/tmp/tmpw8xkh9r4']
[2022-10-27T13:00:45.668+0000] {standard_task_runner.py:83} INFO - Job 2900: Subtask sleep
[2022-10-27T13:00:45.685+0000] {logging_mixin.py:120} WARNING - /home/***/.local/lib/python3.7/site-packages/***/configuration.py:545 DeprecationWarning: The sql_alchemy_conn option in [core] has been moved to the sql_alchemy_conn option in [database] - the old setting has been used, but please update your config.
[2022-10-27T13:00:45.757+0000] {task_command.py:376} INFO - Running <TaskInstance: tutorial.sleep scheduled__2017-12-20T00:00:00+00:00 [running]> on host e60030a57919
[2022-10-27T13:00:45.851+0000] {taskinstance.py:1592} INFO - Exporting the following env vars:
AIRFLOW_CTX_DAG_EMAIL=***@***.com
AIRFLOW_CTX_DAG_OWNER=***
AIRFLOW_CTX_DAG_ID=tutorial
AIRFLOW_CTX_TASK_ID=sleep
AIRFLOW_CTX_EXECUTION_DATE=2017-12-20T00:00:00+00:00
AIRFLOW_CTX_TRY_NUMBER=1
AIRFLOW_CTX_DAG_RUN_ID=scheduled__2017-12-20T00:00:00+00:00
[2022-10-27T13:00:45.852+0000] {subprocess.py:63} INFO - Tmp dir root location: 
 /tmp
[2022-10-27T13:00:45.853+0000] {subprocess.py:75} INFO - Running command: ['/bin/bash', '-c', 'sleep 5']
[2022-10-27T13:00:45.866+0000] {subprocess.py:86} INFO - Output:
[2022-10-27T13:00:50.870+0000] {subprocess.py:97} INFO - Command exited with return code 0
[2022-10-27T13:00:50.898+0000] {taskinstance.py:1406} INFO - Marking task as SUCCESS. dag_id=tutorial, task_id=sleep, execution_date=20171220T000000, start_date=20221027T130045, end_date=20221027T130050
[2022-10-27T13:00:50.938+0000] {local_task_job.py:164} INFO - Task exited with return code 0
[2022-10-27T13:00:50.958+0000] {local_task_job.py:273} INFO - 0 downstream tasks scheduled from follow-on schedule check
