[2022-10-27T12:45:03.924+0000] {taskinstance.py:1165} INFO - Dependencies all met for <TaskInstance: tutorial.sleep scheduled__2015-06-16T00:00:00+00:00 [queued]>
[2022-10-27T12:45:03.940+0000] {taskinstance.py:1165} INFO - Dependencies all met for <TaskInstance: tutorial.sleep scheduled__2015-06-16T00:00:00+00:00 [queued]>
[2022-10-27T12:45:03.941+0000] {taskinstance.py:1362} INFO - 
--------------------------------------------------------------------------------
[2022-10-27T12:45:03.941+0000] {taskinstance.py:1363} INFO - Starting attempt 1 of 4
[2022-10-27T12:45:03.941+0000] {taskinstance.py:1364} INFO - 
--------------------------------------------------------------------------------
[2022-10-27T12:45:03.962+0000] {taskinstance.py:1383} INFO - Executing <Task(BashOperator): sleep> on 2015-06-16 00:00:00+00:00
[2022-10-27T12:45:03.969+0000] {standard_task_runner.py:55} INFO - Started process 673 to run task
[2022-10-27T12:45:03.973+0000] {standard_task_runner.py:82} INFO - Running: ['***', 'tasks', 'run', 'tutorial', 'sleep', 'scheduled__2015-06-16T00:00:00+00:00', '--job-id', '138', '--raw', '--subdir', 'DAGS_FOLDER/tuto.py', '--cfg-path', '/tmp/tmpd1gwdgp8']
[2022-10-27T12:45:03.976+0000] {standard_task_runner.py:83} INFO - Job 138: Subtask sleep
[2022-10-27T12:45:03.991+0000] {logging_mixin.py:120} WARNING - /home/***/.local/lib/python3.7/site-packages/***/configuration.py:545 DeprecationWarning: The sql_alchemy_conn option in [core] has been moved to the sql_alchemy_conn option in [database] - the old setting has been used, but please update your config.
[2022-10-27T12:45:04.039+0000] {task_command.py:376} INFO - Running <TaskInstance: tutorial.sleep scheduled__2015-06-16T00:00:00+00:00 [running]> on host e60030a57919
[2022-10-27T12:45:04.110+0000] {taskinstance.py:1592} INFO - Exporting the following env vars:
AIRFLOW_CTX_DAG_EMAIL=***@***.com
AIRFLOW_CTX_DAG_OWNER=***
AIRFLOW_CTX_DAG_ID=tutorial
AIRFLOW_CTX_TASK_ID=sleep
AIRFLOW_CTX_EXECUTION_DATE=2015-06-16T00:00:00+00:00
AIRFLOW_CTX_TRY_NUMBER=1
AIRFLOW_CTX_DAG_RUN_ID=scheduled__2015-06-16T00:00:00+00:00
[2022-10-27T12:45:04.111+0000] {subprocess.py:63} INFO - Tmp dir root location: 
 /tmp
[2022-10-27T12:45:04.112+0000] {subprocess.py:75} INFO - Running command: ['/bin/bash', '-c', 'sleep 5']
[2022-10-27T12:45:04.122+0000] {subprocess.py:86} INFO - Output:
[2022-10-27T12:45:09.126+0000] {subprocess.py:97} INFO - Command exited with return code 0
[2022-10-27T12:45:09.147+0000] {taskinstance.py:1406} INFO - Marking task as SUCCESS. dag_id=tutorial, task_id=sleep, execution_date=20150616T000000, start_date=20221027T124503, end_date=20221027T124509
[2022-10-27T12:45:09.171+0000] {local_task_job.py:164} INFO - Task exited with return code 0
[2022-10-27T12:45:09.185+0000] {local_task_job.py:273} INFO - 0 downstream tasks scheduled from follow-on schedule check
