[2022-10-27T13:11:47.016+0000] {taskinstance.py:1165} INFO - Dependencies all met for <TaskInstance: tutorial.sleep scheduled__2019-07-15T00:00:00+00:00 [queued]>
[2022-10-27T13:11:47.037+0000] {taskinstance.py:1165} INFO - Dependencies all met for <TaskInstance: tutorial.sleep scheduled__2019-07-15T00:00:00+00:00 [queued]>
[2022-10-27T13:11:47.038+0000] {taskinstance.py:1362} INFO - 
--------------------------------------------------------------------------------
[2022-10-27T13:11:47.038+0000] {taskinstance.py:1363} INFO - Starting attempt 1 of 4
[2022-10-27T13:11:47.038+0000] {taskinstance.py:1364} INFO - 
--------------------------------------------------------------------------------
[2022-10-27T13:11:47.069+0000] {taskinstance.py:1383} INFO - Executing <Task(BashOperator): sleep> on 2019-07-15 00:00:00+00:00
[2022-10-27T13:11:47.077+0000] {standard_task_runner.py:55} INFO - Started process 431 to run task
[2022-10-27T13:11:47.082+0000] {standard_task_runner.py:82} INFO - Running: ['***', 'tasks', 'run', 'tutorial', 'sleep', 'scheduled__2019-07-15T00:00:00+00:00', '--job-id', '4617', '--raw', '--subdir', 'DAGS_FOLDER/tuto.py', '--cfg-path', '/tmp/tmp6s2diw4c']
[2022-10-27T13:11:47.086+0000] {standard_task_runner.py:83} INFO - Job 4617: Subtask sleep
[2022-10-27T13:11:47.109+0000] {logging_mixin.py:120} WARNING - /home/***/.local/lib/python3.7/site-packages/***/configuration.py:545 DeprecationWarning: The sql_alchemy_conn option in [core] has been moved to the sql_alchemy_conn option in [database] - the old setting has been used, but please update your config.
[2022-10-27T13:11:47.190+0000] {task_command.py:376} INFO - Running <TaskInstance: tutorial.sleep scheduled__2019-07-15T00:00:00+00:00 [running]> on host ed3e98310717
[2022-10-27T13:11:47.439+0000] {taskinstance.py:1592} INFO - Exporting the following env vars:
AIRFLOW_CTX_DAG_EMAIL=***@***.com
AIRFLOW_CTX_DAG_OWNER=***
AIRFLOW_CTX_DAG_ID=tutorial
AIRFLOW_CTX_TASK_ID=sleep
AIRFLOW_CTX_EXECUTION_DATE=2019-07-15T00:00:00+00:00
AIRFLOW_CTX_TRY_NUMBER=1
AIRFLOW_CTX_DAG_RUN_ID=scheduled__2019-07-15T00:00:00+00:00
[2022-10-27T13:11:47.441+0000] {subprocess.py:63} INFO - Tmp dir root location: 
 /tmp
[2022-10-27T13:11:47.445+0000] {subprocess.py:75} INFO - Running command: ['/bin/bash', '-c', 'sleep 5']
[2022-10-27T13:11:47.471+0000] {subprocess.py:86} INFO - Output:
[2022-10-27T13:11:52.478+0000] {subprocess.py:97} INFO - Command exited with return code 0
[2022-10-27T13:11:52.506+0000] {taskinstance.py:1406} INFO - Marking task as SUCCESS. dag_id=tutorial, task_id=sleep, execution_date=20190715T000000, start_date=20221027T131147, end_date=20221027T131152
[2022-10-27T13:11:52.525+0000] {local_task_job.py:164} INFO - Task exited with return code 0
[2022-10-27T13:11:52.541+0000] {local_task_job.py:273} INFO - 0 downstream tasks scheduled from follow-on schedule check
