[2022-11-13T12:53:27.295+0000] {taskinstance.py:1165} INFO - Dependencies all met for <TaskInstance: extr_proc_aug_pipl.augmentaition scheduled__2022-11-02T00:00:00+00:00 [queued]>
[2022-11-13T12:53:27.351+0000] {taskinstance.py:1165} INFO - Dependencies all met for <TaskInstance: extr_proc_aug_pipl.augmentaition scheduled__2022-11-02T00:00:00+00:00 [queued]>
[2022-11-13T12:53:27.351+0000] {taskinstance.py:1362} INFO - 
--------------------------------------------------------------------------------
[2022-11-13T12:53:27.352+0000] {taskinstance.py:1363} INFO - Starting attempt 1 of 4
[2022-11-13T12:53:27.352+0000] {taskinstance.py:1364} INFO - 
--------------------------------------------------------------------------------
[2022-11-13T12:53:27.538+0000] {taskinstance.py:1383} INFO - Executing <Task(BashOperator): augmentaition> on 2022-11-02 00:00:00+00:00
[2022-11-13T12:53:27.552+0000] {standard_task_runner.py:55} INFO - Started process 1944 to run task
[2022-11-13T12:53:27.570+0000] {standard_task_runner.py:82} INFO - Running: ['***', 'tasks', 'run', 'extr_proc_aug_pipl', 'augmentaition', 'scheduled__2022-11-02T00:00:00+00:00', '--job-id', '4737', '--raw', '--subdir', 'DAGS_FOLDER/extr_processing_augmentation.py', '--cfg-path', '/tmp/tmpil74kq9x']
[2022-11-13T12:53:27.573+0000] {standard_task_runner.py:83} INFO - Job 4737: Subtask augmentaition
[2022-11-13T12:53:27.629+0000] {logging_mixin.py:120} WARNING - /home/***/.local/lib/python3.7/site-packages/***/configuration.py:545 DeprecationWarning: The sql_alchemy_conn option in [core] has been moved to the sql_alchemy_conn option in [database] - the old setting has been used, but please update your config.
[2022-11-13T12:53:27.824+0000] {task_command.py:376} INFO - Running <TaskInstance: extr_proc_aug_pipl.augmentaition scheduled__2022-11-02T00:00:00+00:00 [running]> on host ed3e98310717
[2022-11-13T12:53:28.056+0000] {taskinstance.py:1592} INFO - Exporting the following env vars:
AIRFLOW_CTX_DAG_EMAIL=***@***.com
AIRFLOW_CTX_DAG_OWNER=***
AIRFLOW_CTX_DAG_ID=extr_proc_aug_pipl
AIRFLOW_CTX_TASK_ID=augmentaition
AIRFLOW_CTX_EXECUTION_DATE=2022-11-02T00:00:00+00:00
AIRFLOW_CTX_TRY_NUMBER=1
AIRFLOW_CTX_DAG_RUN_ID=scheduled__2022-11-02T00:00:00+00:00
[2022-11-13T12:53:28.059+0000] {subprocess.py:63} INFO - Tmp dir root location: 
 /tmp
[2022-11-13T12:53:28.060+0000] {subprocess.py:75} INFO - Running command: ['/bin/bash', '-c', 'sleep 5']
[2022-11-13T12:53:28.126+0000] {subprocess.py:86} INFO - Output:
[2022-11-13T12:53:33.138+0000] {subprocess.py:97} INFO - Command exited with return code 0
[2022-11-13T12:53:33.217+0000] {taskinstance.py:1406} INFO - Marking task as SUCCESS. dag_id=extr_proc_aug_pipl, task_id=augmentaition, execution_date=20221102T000000, start_date=20221113T125327, end_date=20221113T125333
[2022-11-13T12:53:33.386+0000] {local_task_job.py:164} INFO - Task exited with return code 0
[2022-11-13T12:53:33.465+0000] {local_task_job.py:273} INFO - 1 downstream tasks scheduled from follow-on schedule check
