[2022-10-27T13:07:50.154+0000] {taskinstance.py:1165} INFO - Dependencies all met for <TaskInstance: tutorial.templated scheduled__2019-01-07T00:00:00+00:00 [queued]>
[2022-10-27T13:07:50.185+0000] {taskinstance.py:1165} INFO - Dependencies all met for <TaskInstance: tutorial.templated scheduled__2019-01-07T00:00:00+00:00 [queued]>
[2022-10-27T13:07:50.186+0000] {taskinstance.py:1362} INFO - 
--------------------------------------------------------------------------------
[2022-10-27T13:07:50.186+0000] {taskinstance.py:1363} INFO - Starting attempt 1 of 2
[2022-10-27T13:07:50.186+0000] {taskinstance.py:1364} INFO - 
--------------------------------------------------------------------------------
[2022-10-27T13:07:50.339+0000] {taskinstance.py:1383} INFO - Executing <Task(BashOperator): templated> on 2019-01-07 00:00:00+00:00
[2022-10-27T13:07:50.347+0000] {standard_task_runner.py:55} INFO - Started process 14102 to run task
[2022-10-27T13:07:50.352+0000] {standard_task_runner.py:82} INFO - Running: ['***', 'tasks', 'run', 'tutorial', 'templated', 'scheduled__2019-01-07T00:00:00+00:00', '--job-id', '4048', '--raw', '--subdir', 'DAGS_FOLDER/tuto.py', '--cfg-path', '/tmp/tmpwr6udyho']
[2022-10-27T13:07:50.355+0000] {standard_task_runner.py:83} INFO - Job 4048: Subtask templated
[2022-10-27T13:07:50.414+0000] {logging_mixin.py:120} WARNING - /home/***/.local/lib/python3.7/site-packages/***/configuration.py:545 DeprecationWarning: The sql_alchemy_conn option in [core] has been moved to the sql_alchemy_conn option in [database] - the old setting has been used, but please update your config.
[2022-10-27T13:07:50.522+0000] {task_command.py:376} INFO - Running <TaskInstance: tutorial.templated scheduled__2019-01-07T00:00:00+00:00 [running]> on host e60030a57919
[2022-10-27T13:07:50.679+0000] {taskinstance.py:1592} INFO - Exporting the following env vars:
AIRFLOW_CTX_DAG_EMAIL=***@***.com
AIRFLOW_CTX_DAG_OWNER=***
AIRFLOW_CTX_DAG_ID=tutorial
AIRFLOW_CTX_TASK_ID=templated
AIRFLOW_CTX_EXECUTION_DATE=2019-01-07T00:00:00+00:00
AIRFLOW_CTX_TRY_NUMBER=1
AIRFLOW_CTX_DAG_RUN_ID=scheduled__2019-01-07T00:00:00+00:00
[2022-10-27T13:07:50.680+0000] {subprocess.py:63} INFO - Tmp dir root location: 
 /tmp
[2022-10-27T13:07:50.685+0000] {subprocess.py:75} INFO - Running command: ['/bin/bash', '-c', '\n    \n        echo "2019-01-07"\n        echo "2019-01-14"\n        echo "Parameter I passed in"\n    \n        echo "2019-01-07"\n        echo "2019-01-14"\n        echo "Parameter I passed in"\n    \n        echo "2019-01-07"\n        echo "2019-01-14"\n        echo "Parameter I passed in"\n    \n        echo "2019-01-07"\n        echo "2019-01-14"\n        echo "Parameter I passed in"\n    \n        echo "2019-01-07"\n        echo "2019-01-14"\n        echo "Parameter I passed in"\n    ']
[2022-10-27T13:07:50.708+0000] {subprocess.py:86} INFO - Output:
[2022-10-27T13:07:50.710+0000] {subprocess.py:93} INFO - 2019-01-07
[2022-10-27T13:07:50.710+0000] {subprocess.py:93} INFO - 2019-01-14
[2022-10-27T13:07:50.711+0000] {subprocess.py:93} INFO - Parameter I passed in
[2022-10-27T13:07:50.711+0000] {subprocess.py:93} INFO - 2019-01-07
[2022-10-27T13:07:50.711+0000] {subprocess.py:93} INFO - 2019-01-14
[2022-10-27T13:07:50.711+0000] {subprocess.py:93} INFO - Parameter I passed in
[2022-10-27T13:07:50.711+0000] {subprocess.py:93} INFO - 2019-01-07
[2022-10-27T13:07:50.711+0000] {subprocess.py:93} INFO - 2019-01-14
[2022-10-27T13:07:50.711+0000] {subprocess.py:93} INFO - Parameter I passed in
[2022-10-27T13:07:50.712+0000] {subprocess.py:93} INFO - 2019-01-07
[2022-10-27T13:07:50.712+0000] {subprocess.py:93} INFO - 2019-01-14
[2022-10-27T13:07:50.712+0000] {subprocess.py:93} INFO - Parameter I passed in
[2022-10-27T13:07:50.712+0000] {subprocess.py:93} INFO - 2019-01-07
[2022-10-27T13:07:50.712+0000] {subprocess.py:93} INFO - 2019-01-14
[2022-10-27T13:07:50.712+0000] {subprocess.py:93} INFO - Parameter I passed in
[2022-10-27T13:07:50.713+0000] {subprocess.py:97} INFO - Command exited with return code 0
[2022-10-27T13:07:50.758+0000] {taskinstance.py:1406} INFO - Marking task as SUCCESS. dag_id=tutorial, task_id=templated, execution_date=20190107T000000, start_date=20221027T130750, end_date=20221027T130750
[2022-10-27T13:07:50.818+0000] {local_task_job.py:164} INFO - Task exited with return code 0
[2022-10-27T13:07:50.865+0000] {local_task_job.py:273} INFO - 0 downstream tasks scheduled from follow-on schedule check
