[2022-11-15T12:40:20.996+0000] {processor.py:154} INFO - Started process (PID=196) to work on /opt/airflow/dags/data_processing.py
[2022-11-15T12:40:20.997+0000] {processor.py:756} INFO - Processing file /opt/airflow/dags/data_processing.py for tasks to queue
[2022-11-15T12:40:20.997+0000] {logging_mixin.py:120} INFO - [2022-11-15T12:40:20.997+0000] {dagbag.py:537} INFO - Filling up the DagBag from /opt/airflow/dags/data_processing.py
[2022-11-15T12:40:21.015+0000] {processor.py:766} INFO - DAG(s) dict_keys(['data_processing']) retrieved from /opt/airflow/dags/data_processing.py
[2022-11-15T12:40:21.232+0000] {logging_mixin.py:120} INFO - [2022-11-15T12:40:21.231+0000] {dag.py:2585} INFO - Sync 1 DAGs
[2022-11-15T12:40:21.267+0000] {logging_mixin.py:120} INFO - [2022-11-15T12:40:21.267+0000] {dag.py:3340} INFO - Setting next_dagrun for data_processing to 2022-11-07T00:00:00+00:00, run_after=2022-11-08T00:00:00+00:00
[2022-11-15T12:40:21.296+0000] {processor.py:176} INFO - Processing /opt/airflow/dags/data_processing.py took 0.304 seconds
[2022-11-15T12:40:51.943+0000] {processor.py:154} INFO - Started process (PID=299) to work on /opt/airflow/dags/data_processing.py
[2022-11-15T12:40:51.944+0000] {processor.py:756} INFO - Processing file /opt/airflow/dags/data_processing.py for tasks to queue
[2022-11-15T12:40:51.944+0000] {logging_mixin.py:120} INFO - [2022-11-15T12:40:51.944+0000] {dagbag.py:537} INFO - Filling up the DagBag from /opt/airflow/dags/data_processing.py
[2022-11-15T12:40:52.053+0000] {processor.py:766} INFO - DAG(s) dict_keys(['data_processing']) retrieved from /opt/airflow/dags/data_processing.py
[2022-11-15T12:40:52.080+0000] {logging_mixin.py:120} INFO - [2022-11-15T12:40:52.080+0000] {dag.py:2585} INFO - Sync 1 DAGs
[2022-11-15T12:40:52.103+0000] {logging_mixin.py:120} INFO - [2022-11-15T12:40:52.103+0000] {dag.py:3340} INFO - Setting next_dagrun for data_processing to 2022-11-07T00:00:00+00:00, run_after=2022-11-08T00:00:00+00:00
[2022-11-15T12:40:52.121+0000] {processor.py:176} INFO - Processing /opt/airflow/dags/data_processing.py took 0.181 seconds
[2022-11-15T12:41:22.371+0000] {processor.py:154} INFO - Started process (PID=356) to work on /opt/airflow/dags/data_processing.py
[2022-11-15T12:41:22.371+0000] {processor.py:756} INFO - Processing file /opt/airflow/dags/data_processing.py for tasks to queue
[2022-11-15T12:41:22.372+0000] {logging_mixin.py:120} INFO - [2022-11-15T12:41:22.372+0000] {dagbag.py:537} INFO - Filling up the DagBag from /opt/airflow/dags/data_processing.py
[2022-11-15T12:41:22.384+0000] {processor.py:766} INFO - DAG(s) dict_keys(['data_processing']) retrieved from /opt/airflow/dags/data_processing.py
[2022-11-15T12:41:22.418+0000] {logging_mixin.py:120} INFO - [2022-11-15T12:41:22.417+0000] {dag.py:2585} INFO - Sync 1 DAGs
[2022-11-15T12:41:22.439+0000] {logging_mixin.py:120} INFO - [2022-11-15T12:41:22.438+0000] {dag.py:3340} INFO - Setting next_dagrun for data_processing to 2022-11-07T00:00:00+00:00, run_after=2022-11-08T00:00:00+00:00
[2022-11-15T12:41:22.454+0000] {processor.py:176} INFO - Processing /opt/airflow/dags/data_processing.py took 0.086 seconds
[2022-11-15T12:41:52.895+0000] {processor.py:154} INFO - Started process (PID=411) to work on /opt/airflow/dags/data_processing.py
[2022-11-15T12:41:52.896+0000] {processor.py:756} INFO - Processing file /opt/airflow/dags/data_processing.py for tasks to queue
[2022-11-15T12:41:52.896+0000] {logging_mixin.py:120} INFO - [2022-11-15T12:41:52.896+0000] {dagbag.py:537} INFO - Filling up the DagBag from /opt/airflow/dags/data_processing.py
[2022-11-15T12:41:52.913+0000] {processor.py:766} INFO - DAG(s) dict_keys(['data_processing']) retrieved from /opt/airflow/dags/data_processing.py
[2022-11-15T12:41:52.956+0000] {logging_mixin.py:120} INFO - [2022-11-15T12:41:52.956+0000] {dag.py:2585} INFO - Sync 1 DAGs
[2022-11-15T12:41:52.980+0000] {logging_mixin.py:120} INFO - [2022-11-15T12:41:52.979+0000] {dag.py:3340} INFO - Setting next_dagrun for data_processing to 2022-11-07T00:00:00+00:00, run_after=2022-11-08T00:00:00+00:00
[2022-11-15T12:41:52.999+0000] {processor.py:176} INFO - Processing /opt/airflow/dags/data_processing.py took 0.108 seconds
[2022-11-15T12:42:23.304+0000] {processor.py:154} INFO - Started process (PID=461) to work on /opt/airflow/dags/data_processing.py
[2022-11-15T12:42:23.305+0000] {processor.py:756} INFO - Processing file /opt/airflow/dags/data_processing.py for tasks to queue
[2022-11-15T12:42:23.306+0000] {logging_mixin.py:120} INFO - [2022-11-15T12:42:23.306+0000] {dagbag.py:537} INFO - Filling up the DagBag from /opt/airflow/dags/data_processing.py
[2022-11-15T12:42:23.323+0000] {processor.py:766} INFO - DAG(s) dict_keys(['data_processing']) retrieved from /opt/airflow/dags/data_processing.py
[2022-11-15T12:42:23.371+0000] {logging_mixin.py:120} INFO - [2022-11-15T12:42:23.371+0000] {dag.py:2585} INFO - Sync 1 DAGs
[2022-11-15T12:42:23.403+0000] {logging_mixin.py:120} INFO - [2022-11-15T12:42:23.403+0000] {dag.py:3340} INFO - Setting next_dagrun for data_processing to 2022-11-07T00:00:00+00:00, run_after=2022-11-08T00:00:00+00:00
[2022-11-15T12:42:23.425+0000] {processor.py:176} INFO - Processing /opt/airflow/dags/data_processing.py took 0.126 seconds
[2022-11-15T12:42:53.669+0000] {processor.py:154} INFO - Started process (PID=518) to work on /opt/airflow/dags/data_processing.py
[2022-11-15T12:42:53.670+0000] {processor.py:756} INFO - Processing file /opt/airflow/dags/data_processing.py for tasks to queue
[2022-11-15T12:42:53.670+0000] {logging_mixin.py:120} INFO - [2022-11-15T12:42:53.670+0000] {dagbag.py:537} INFO - Filling up the DagBag from /opt/airflow/dags/data_processing.py
[2022-11-15T12:42:53.683+0000] {processor.py:766} INFO - DAG(s) dict_keys(['data_processing']) retrieved from /opt/airflow/dags/data_processing.py
[2022-11-15T12:42:53.716+0000] {logging_mixin.py:120} INFO - [2022-11-15T12:42:53.716+0000] {dag.py:2585} INFO - Sync 1 DAGs
[2022-11-15T12:42:53.738+0000] {logging_mixin.py:120} INFO - [2022-11-15T12:42:53.738+0000] {dag.py:3340} INFO - Setting next_dagrun for data_processing to 2022-11-07T00:00:00+00:00, run_after=2022-11-08T00:00:00+00:00
[2022-11-15T12:42:53.755+0000] {processor.py:176} INFO - Processing /opt/airflow/dags/data_processing.py took 0.090 seconds
[2022-11-15T12:43:24.179+0000] {processor.py:154} INFO - Started process (PID=575) to work on /opt/airflow/dags/data_processing.py
[2022-11-15T12:43:24.180+0000] {processor.py:756} INFO - Processing file /opt/airflow/dags/data_processing.py for tasks to queue
[2022-11-15T12:43:24.180+0000] {logging_mixin.py:120} INFO - [2022-11-15T12:43:24.180+0000] {dagbag.py:537} INFO - Filling up the DagBag from /opt/airflow/dags/data_processing.py
[2022-11-15T12:43:24.196+0000] {processor.py:766} INFO - DAG(s) dict_keys(['data_processing']) retrieved from /opt/airflow/dags/data_processing.py
[2022-11-15T12:43:24.242+0000] {logging_mixin.py:120} INFO - [2022-11-15T12:43:24.242+0000] {dag.py:2585} INFO - Sync 1 DAGs
[2022-11-15T12:43:24.272+0000] {logging_mixin.py:120} INFO - [2022-11-15T12:43:24.271+0000] {dag.py:3340} INFO - Setting next_dagrun for data_processing to 2022-11-07T00:00:00+00:00, run_after=2022-11-08T00:00:00+00:00
[2022-11-15T12:43:24.292+0000] {processor.py:176} INFO - Processing /opt/airflow/dags/data_processing.py took 0.116 seconds
[2022-11-15T12:43:54.873+0000] {processor.py:154} INFO - Started process (PID=623) to work on /opt/airflow/dags/data_processing.py
[2022-11-15T12:43:54.875+0000] {processor.py:756} INFO - Processing file /opt/airflow/dags/data_processing.py for tasks to queue
[2022-11-15T12:43:54.875+0000] {logging_mixin.py:120} INFO - [2022-11-15T12:43:54.875+0000] {dagbag.py:537} INFO - Filling up the DagBag from /opt/airflow/dags/data_processing.py
[2022-11-15T12:43:54.890+0000] {processor.py:766} INFO - DAG(s) dict_keys(['data_processing']) retrieved from /opt/airflow/dags/data_processing.py
[2022-11-15T12:43:54.928+0000] {logging_mixin.py:120} INFO - [2022-11-15T12:43:54.928+0000] {dag.py:2585} INFO - Sync 1 DAGs
[2022-11-15T12:43:54.961+0000] {logging_mixin.py:120} INFO - [2022-11-15T12:43:54.960+0000] {dag.py:3340} INFO - Setting next_dagrun for data_processing to 2022-11-07T00:00:00+00:00, run_after=2022-11-08T00:00:00+00:00
[2022-11-15T12:43:54.980+0000] {processor.py:176} INFO - Processing /opt/airflow/dags/data_processing.py took 0.111 seconds
[2022-11-15T12:44:25.250+0000] {processor.py:154} INFO - Started process (PID=680) to work on /opt/airflow/dags/data_processing.py
[2022-11-15T12:44:25.250+0000] {processor.py:756} INFO - Processing file /opt/airflow/dags/data_processing.py for tasks to queue
[2022-11-15T12:44:25.251+0000] {logging_mixin.py:120} INFO - [2022-11-15T12:44:25.251+0000] {dagbag.py:537} INFO - Filling up the DagBag from /opt/airflow/dags/data_processing.py
[2022-11-15T12:44:25.263+0000] {processor.py:766} INFO - DAG(s) dict_keys(['data_processing']) retrieved from /opt/airflow/dags/data_processing.py
[2022-11-15T12:44:25.297+0000] {logging_mixin.py:120} INFO - [2022-11-15T12:44:25.297+0000] {dag.py:2585} INFO - Sync 1 DAGs
[2022-11-15T12:44:25.318+0000] {logging_mixin.py:120} INFO - [2022-11-15T12:44:25.317+0000] {dag.py:3340} INFO - Setting next_dagrun for data_processing to 2022-11-07T00:00:00+00:00, run_after=2022-11-08T00:00:00+00:00
[2022-11-15T12:44:25.333+0000] {processor.py:176} INFO - Processing /opt/airflow/dags/data_processing.py took 0.086 seconds
[2022-11-15T12:44:55.795+0000] {processor.py:154} INFO - Started process (PID=737) to work on /opt/airflow/dags/data_processing.py
[2022-11-15T12:44:55.796+0000] {processor.py:756} INFO - Processing file /opt/airflow/dags/data_processing.py for tasks to queue
[2022-11-15T12:44:55.798+0000] {logging_mixin.py:120} INFO - [2022-11-15T12:44:55.797+0000] {dagbag.py:537} INFO - Filling up the DagBag from /opt/airflow/dags/data_processing.py
[2022-11-15T12:44:55.815+0000] {processor.py:766} INFO - DAG(s) dict_keys(['data_processing']) retrieved from /opt/airflow/dags/data_processing.py
[2022-11-15T12:44:55.858+0000] {logging_mixin.py:120} INFO - [2022-11-15T12:44:55.858+0000] {dag.py:2585} INFO - Sync 1 DAGs
[2022-11-15T12:44:55.884+0000] {logging_mixin.py:120} INFO - [2022-11-15T12:44:55.884+0000] {dag.py:3340} INFO - Setting next_dagrun for data_processing to 2022-11-07T00:00:00+00:00, run_after=2022-11-08T00:00:00+00:00
[2022-11-15T12:44:55.913+0000] {processor.py:176} INFO - Processing /opt/airflow/dags/data_processing.py took 0.125 seconds
[2022-11-15T12:45:26.354+0000] {processor.py:154} INFO - Started process (PID=794) to work on /opt/airflow/dags/data_processing.py
[2022-11-15T12:45:26.354+0000] {processor.py:756} INFO - Processing file /opt/airflow/dags/data_processing.py for tasks to queue
[2022-11-15T12:45:26.355+0000] {logging_mixin.py:120} INFO - [2022-11-15T12:45:26.355+0000] {dagbag.py:537} INFO - Filling up the DagBag from /opt/airflow/dags/data_processing.py
[2022-11-15T12:45:26.368+0000] {processor.py:766} INFO - DAG(s) dict_keys(['data_processing']) retrieved from /opt/airflow/dags/data_processing.py
[2022-11-15T12:45:26.408+0000] {logging_mixin.py:120} INFO - [2022-11-15T12:45:26.407+0000] {dag.py:2585} INFO - Sync 1 DAGs
[2022-11-15T12:45:26.431+0000] {logging_mixin.py:120} INFO - [2022-11-15T12:45:26.431+0000] {dag.py:3340} INFO - Setting next_dagrun for data_processing to 2022-11-07T00:00:00+00:00, run_after=2022-11-08T00:00:00+00:00
[2022-11-15T12:45:26.448+0000] {processor.py:176} INFO - Processing /opt/airflow/dags/data_processing.py took 0.097 seconds
[2022-11-15T12:45:56.791+0000] {processor.py:154} INFO - Started process (PID=840) to work on /opt/airflow/dags/data_processing.py
[2022-11-15T12:45:56.792+0000] {processor.py:756} INFO - Processing file /opt/airflow/dags/data_processing.py for tasks to queue
[2022-11-15T12:45:56.792+0000] {logging_mixin.py:120} INFO - [2022-11-15T12:45:56.792+0000] {dagbag.py:537} INFO - Filling up the DagBag from /opt/airflow/dags/data_processing.py
[2022-11-15T12:45:56.806+0000] {processor.py:766} INFO - DAG(s) dict_keys(['data_processing']) retrieved from /opt/airflow/dags/data_processing.py
[2022-11-15T12:45:56.842+0000] {logging_mixin.py:120} INFO - [2022-11-15T12:45:56.842+0000] {dag.py:2585} INFO - Sync 1 DAGs
[2022-11-15T12:45:56.865+0000] {logging_mixin.py:120} INFO - [2022-11-15T12:45:56.865+0000] {dag.py:3340} INFO - Setting next_dagrun for data_processing to 2022-11-07T00:00:00+00:00, run_after=2022-11-08T00:00:00+00:00
[2022-11-15T12:45:56.883+0000] {processor.py:176} INFO - Processing /opt/airflow/dags/data_processing.py took 0.095 seconds
[2022-11-15T12:46:27.178+0000] {processor.py:154} INFO - Started process (PID=900) to work on /opt/airflow/dags/data_processing.py
[2022-11-15T12:46:27.178+0000] {processor.py:756} INFO - Processing file /opt/airflow/dags/data_processing.py for tasks to queue
[2022-11-15T12:46:27.179+0000] {logging_mixin.py:120} INFO - [2022-11-15T12:46:27.179+0000] {dagbag.py:537} INFO - Filling up the DagBag from /opt/airflow/dags/data_processing.py
[2022-11-15T12:46:27.198+0000] {processor.py:766} INFO - DAG(s) dict_keys(['data_processing']) retrieved from /opt/airflow/dags/data_processing.py
[2022-11-15T12:46:27.244+0000] {logging_mixin.py:120} INFO - [2022-11-15T12:46:27.243+0000] {dag.py:2585} INFO - Sync 1 DAGs
[2022-11-15T12:46:27.270+0000] {logging_mixin.py:120} INFO - [2022-11-15T12:46:27.269+0000] {dag.py:3340} INFO - Setting next_dagrun for data_processing to 2022-11-07T00:00:00+00:00, run_after=2022-11-08T00:00:00+00:00
[2022-11-15T12:46:27.288+0000] {processor.py:176} INFO - Processing /opt/airflow/dags/data_processing.py took 0.114 seconds
[2022-11-15T12:46:57.530+0000] {processor.py:154} INFO - Started process (PID=957) to work on /opt/airflow/dags/data_processing.py
[2022-11-15T12:46:57.535+0000] {processor.py:756} INFO - Processing file /opt/airflow/dags/data_processing.py for tasks to queue
[2022-11-15T12:46:57.536+0000] {logging_mixin.py:120} INFO - [2022-11-15T12:46:57.535+0000] {dagbag.py:537} INFO - Filling up the DagBag from /opt/airflow/dags/data_processing.py
[2022-11-15T12:46:57.548+0000] {processor.py:766} INFO - DAG(s) dict_keys(['data_processing']) retrieved from /opt/airflow/dags/data_processing.py
[2022-11-15T12:46:57.584+0000] {logging_mixin.py:120} INFO - [2022-11-15T12:46:57.583+0000] {dag.py:2585} INFO - Sync 1 DAGs
[2022-11-15T12:46:57.607+0000] {logging_mixin.py:120} INFO - [2022-11-15T12:46:57.607+0000] {dag.py:3340} INFO - Setting next_dagrun for data_processing to 2022-11-07T00:00:00+00:00, run_after=2022-11-08T00:00:00+00:00
[2022-11-15T12:46:57.633+0000] {processor.py:176} INFO - Processing /opt/airflow/dags/data_processing.py took 0.106 seconds
[2022-11-15T12:47:28.378+0000] {processor.py:154} INFO - Started process (PID=1003) to work on /opt/airflow/dags/data_processing.py
[2022-11-15T12:47:28.380+0000] {processor.py:756} INFO - Processing file /opt/airflow/dags/data_processing.py for tasks to queue
[2022-11-15T12:47:28.381+0000] {logging_mixin.py:120} INFO - [2022-11-15T12:47:28.380+0000] {dagbag.py:537} INFO - Filling up the DagBag from /opt/airflow/dags/data_processing.py
[2022-11-15T12:47:28.403+0000] {processor.py:766} INFO - DAG(s) dict_keys(['data_processing']) retrieved from /opt/airflow/dags/data_processing.py
[2022-11-15T12:47:28.455+0000] {logging_mixin.py:120} INFO - [2022-11-15T12:47:28.455+0000] {dag.py:2585} INFO - Sync 1 DAGs
[2022-11-15T12:47:28.480+0000] {logging_mixin.py:120} INFO - [2022-11-15T12:47:28.480+0000] {dag.py:3340} INFO - Setting next_dagrun for data_processing to 2022-11-07T00:00:00+00:00, run_after=2022-11-08T00:00:00+00:00
[2022-11-15T12:47:28.740+0000] {processor.py:176} INFO - Processing /opt/airflow/dags/data_processing.py took 0.367 seconds
[2022-11-15T12:47:59.114+0000] {processor.py:154} INFO - Started process (PID=1062) to work on /opt/airflow/dags/data_processing.py
[2022-11-15T12:47:59.125+0000] {processor.py:756} INFO - Processing file /opt/airflow/dags/data_processing.py for tasks to queue
[2022-11-15T12:47:59.126+0000] {logging_mixin.py:120} INFO - [2022-11-15T12:47:59.126+0000] {dagbag.py:537} INFO - Filling up the DagBag from /opt/airflow/dags/data_processing.py
[2022-11-15T12:47:59.138+0000] {processor.py:766} INFO - DAG(s) dict_keys(['data_processing']) retrieved from /opt/airflow/dags/data_processing.py
[2022-11-15T12:47:59.173+0000] {logging_mixin.py:120} INFO - [2022-11-15T12:47:59.172+0000] {dag.py:2585} INFO - Sync 1 DAGs
[2022-11-15T12:47:59.193+0000] {logging_mixin.py:120} INFO - [2022-11-15T12:47:59.193+0000] {dag.py:3340} INFO - Setting next_dagrun for data_processing to 2022-11-07T00:00:00+00:00, run_after=2022-11-08T00:00:00+00:00
[2022-11-15T12:47:59.209+0000] {processor.py:176} INFO - Processing /opt/airflow/dags/data_processing.py took 0.097 seconds
[2022-11-15T12:48:29.607+0000] {processor.py:154} INFO - Started process (PID=1119) to work on /opt/airflow/dags/data_processing.py
[2022-11-15T12:48:29.608+0000] {processor.py:756} INFO - Processing file /opt/airflow/dags/data_processing.py for tasks to queue
[2022-11-15T12:48:29.608+0000] {logging_mixin.py:120} INFO - [2022-11-15T12:48:29.608+0000] {dagbag.py:537} INFO - Filling up the DagBag from /opt/airflow/dags/data_processing.py
[2022-11-15T12:48:29.620+0000] {processor.py:766} INFO - DAG(s) dict_keys(['data_processing']) retrieved from /opt/airflow/dags/data_processing.py
[2022-11-15T12:48:29.653+0000] {logging_mixin.py:120} INFO - [2022-11-15T12:48:29.653+0000] {dag.py:2585} INFO - Sync 1 DAGs
[2022-11-15T12:48:29.675+0000] {logging_mixin.py:120} INFO - [2022-11-15T12:48:29.674+0000] {dag.py:3340} INFO - Setting next_dagrun for data_processing to 2022-11-07T00:00:00+00:00, run_after=2022-11-08T00:00:00+00:00
[2022-11-15T12:48:29.692+0000] {processor.py:176} INFO - Processing /opt/airflow/dags/data_processing.py took 0.087 seconds
[2022-11-15T12:49:00.093+0000] {processor.py:154} INFO - Started process (PID=1177) to work on /opt/airflow/dags/data_processing.py
[2022-11-15T12:49:00.094+0000] {processor.py:756} INFO - Processing file /opt/airflow/dags/data_processing.py for tasks to queue
[2022-11-15T12:49:00.094+0000] {logging_mixin.py:120} INFO - [2022-11-15T12:49:00.094+0000] {dagbag.py:537} INFO - Filling up the DagBag from /opt/airflow/dags/data_processing.py
[2022-11-15T12:49:00.108+0000] {processor.py:766} INFO - DAG(s) dict_keys(['data_processing']) retrieved from /opt/airflow/dags/data_processing.py
[2022-11-15T12:49:00.144+0000] {logging_mixin.py:120} INFO - [2022-11-15T12:49:00.144+0000] {dag.py:2585} INFO - Sync 1 DAGs
[2022-11-15T12:49:00.169+0000] {logging_mixin.py:120} INFO - [2022-11-15T12:49:00.168+0000] {dag.py:3340} INFO - Setting next_dagrun for data_processing to 2022-11-07T00:00:00+00:00, run_after=2022-11-08T00:00:00+00:00
[2022-11-15T12:49:00.187+0000] {processor.py:176} INFO - Processing /opt/airflow/dags/data_processing.py took 0.098 seconds
[2022-11-15T12:49:30.559+0000] {processor.py:154} INFO - Started process (PID=1225) to work on /opt/airflow/dags/data_processing.py
[2022-11-15T12:49:30.560+0000] {processor.py:756} INFO - Processing file /opt/airflow/dags/data_processing.py for tasks to queue
[2022-11-15T12:49:30.561+0000] {logging_mixin.py:120} INFO - [2022-11-15T12:49:30.560+0000] {dagbag.py:537} INFO - Filling up the DagBag from /opt/airflow/dags/data_processing.py
[2022-11-15T12:49:30.578+0000] {processor.py:766} INFO - DAG(s) dict_keys(['data_processing']) retrieved from /opt/airflow/dags/data_processing.py
[2022-11-15T12:49:30.630+0000] {logging_mixin.py:120} INFO - [2022-11-15T12:49:30.630+0000] {dag.py:2585} INFO - Sync 1 DAGs
[2022-11-15T12:49:30.663+0000] {logging_mixin.py:120} INFO - [2022-11-15T12:49:30.663+0000] {dag.py:3340} INFO - Setting next_dagrun for data_processing to 2022-11-07T00:00:00+00:00, run_after=2022-11-08T00:00:00+00:00
[2022-11-15T12:49:30.681+0000] {processor.py:176} INFO - Processing /opt/airflow/dags/data_processing.py took 0.127 seconds
[2022-11-15T12:50:01.070+0000] {processor.py:154} INFO - Started process (PID=1282) to work on /opt/airflow/dags/data_processing.py
[2022-11-15T12:50:01.071+0000] {processor.py:756} INFO - Processing file /opt/airflow/dags/data_processing.py for tasks to queue
[2022-11-15T12:50:01.072+0000] {logging_mixin.py:120} INFO - [2022-11-15T12:50:01.071+0000] {dagbag.py:537} INFO - Filling up the DagBag from /opt/airflow/dags/data_processing.py
[2022-11-15T12:50:01.087+0000] {processor.py:766} INFO - DAG(s) dict_keys(['data_processing']) retrieved from /opt/airflow/dags/data_processing.py
[2022-11-15T12:50:01.126+0000] {logging_mixin.py:120} INFO - [2022-11-15T12:50:01.125+0000] {dag.py:2585} INFO - Sync 1 DAGs
[2022-11-15T12:50:01.149+0000] {logging_mixin.py:120} INFO - [2022-11-15T12:50:01.149+0000] {dag.py:3340} INFO - Setting next_dagrun for data_processing to 2022-11-07T00:00:00+00:00, run_after=2022-11-08T00:00:00+00:00
[2022-11-15T12:50:01.165+0000] {processor.py:176} INFO - Processing /opt/airflow/dags/data_processing.py took 0.098 seconds
[2022-11-15T12:50:31.511+0000] {processor.py:154} INFO - Started process (PID=1339) to work on /opt/airflow/dags/data_processing.py
[2022-11-15T12:50:31.512+0000] {processor.py:756} INFO - Processing file /opt/airflow/dags/data_processing.py for tasks to queue
[2022-11-15T12:50:31.512+0000] {logging_mixin.py:120} INFO - [2022-11-15T12:50:31.512+0000] {dagbag.py:537} INFO - Filling up the DagBag from /opt/airflow/dags/data_processing.py
[2022-11-15T12:50:31.524+0000] {processor.py:766} INFO - DAG(s) dict_keys(['data_processing']) retrieved from /opt/airflow/dags/data_processing.py
[2022-11-15T12:50:31.562+0000] {logging_mixin.py:120} INFO - [2022-11-15T12:50:31.562+0000] {dag.py:2585} INFO - Sync 1 DAGs
[2022-11-15T12:50:31.584+0000] {logging_mixin.py:120} INFO - [2022-11-15T12:50:31.583+0000] {dag.py:3340} INFO - Setting next_dagrun for data_processing to 2022-11-07T00:00:00+00:00, run_after=2022-11-08T00:00:00+00:00
[2022-11-15T12:50:31.599+0000] {processor.py:176} INFO - Processing /opt/airflow/dags/data_processing.py took 0.091 seconds
[2022-11-15T12:51:01.944+0000] {processor.py:154} INFO - Started process (PID=1396) to work on /opt/airflow/dags/data_processing.py
[2022-11-15T12:51:01.945+0000] {processor.py:756} INFO - Processing file /opt/airflow/dags/data_processing.py for tasks to queue
[2022-11-15T12:51:01.945+0000] {logging_mixin.py:120} INFO - [2022-11-15T12:51:01.945+0000] {dagbag.py:537} INFO - Filling up the DagBag from /opt/airflow/dags/data_processing.py
[2022-11-15T12:51:01.958+0000] {processor.py:766} INFO - DAG(s) dict_keys(['data_processing']) retrieved from /opt/airflow/dags/data_processing.py
[2022-11-15T12:51:01.995+0000] {logging_mixin.py:120} INFO - [2022-11-15T12:51:01.995+0000] {dag.py:2585} INFO - Sync 1 DAGs
[2022-11-15T12:51:02.018+0000] {logging_mixin.py:120} INFO - [2022-11-15T12:51:02.018+0000] {dag.py:3340} INFO - Setting next_dagrun for data_processing to 2022-11-07T00:00:00+00:00, run_after=2022-11-08T00:00:00+00:00
[2022-11-15T12:51:02.035+0000] {processor.py:176} INFO - Processing /opt/airflow/dags/data_processing.py took 0.094 seconds
[2022-11-15T12:51:32.307+0000] {processor.py:154} INFO - Started process (PID=1444) to work on /opt/airflow/dags/data_processing.py
[2022-11-15T12:51:32.308+0000] {processor.py:756} INFO - Processing file /opt/airflow/dags/data_processing.py for tasks to queue
[2022-11-15T12:51:32.308+0000] {logging_mixin.py:120} INFO - [2022-11-15T12:51:32.308+0000] {dagbag.py:537} INFO - Filling up the DagBag from /opt/airflow/dags/data_processing.py
[2022-11-15T12:51:32.320+0000] {processor.py:766} INFO - DAG(s) dict_keys(['data_processing']) retrieved from /opt/airflow/dags/data_processing.py
[2022-11-15T12:51:32.355+0000] {logging_mixin.py:120} INFO - [2022-11-15T12:51:32.354+0000] {dag.py:2585} INFO - Sync 1 DAGs
[2022-11-15T12:51:32.378+0000] {logging_mixin.py:120} INFO - [2022-11-15T12:51:32.377+0000] {dag.py:3340} INFO - Setting next_dagrun for data_processing to 2022-11-07T00:00:00+00:00, run_after=2022-11-08T00:00:00+00:00
[2022-11-15T12:51:32.392+0000] {processor.py:176} INFO - Processing /opt/airflow/dags/data_processing.py took 0.089 seconds
