[2022-11-15T12:40:18.691+0000] {processor.py:154} INFO - Started process (PID=173) to work on /opt/airflow/dags/extr_processing_augmentation.py
[2022-11-15T12:40:18.694+0000] {processor.py:756} INFO - Processing file /opt/airflow/dags/extr_processing_augmentation.py for tasks to queue
[2022-11-15T12:40:18.697+0000] {logging_mixin.py:120} INFO - [2022-11-15T12:40:18.697+0000] {dagbag.py:537} INFO - Filling up the DagBag from /opt/airflow/dags/extr_processing_augmentation.py
[2022-11-15T12:40:18.865+0000] {processor.py:766} INFO - DAG(s) dict_keys(['extr_proc_aug_pipl']) retrieved from /opt/airflow/dags/extr_processing_augmentation.py
[2022-11-15T12:40:20.367+0000] {logging_mixin.py:120} INFO - [2022-11-15T12:40:20.366+0000] {dag.py:2585} INFO - Sync 1 DAGs
[2022-11-15T12:40:20.401+0000] {logging_mixin.py:120} INFO - [2022-11-15T12:40:20.401+0000] {dag.py:3340} INFO - Setting next_dagrun for extr_proc_aug_pipl to 2022-11-14T00:00:00+00:00, run_after=2022-11-15T00:00:00+00:00
[2022-11-15T12:40:20.428+0000] {processor.py:176} INFO - Processing /opt/airflow/dags/extr_processing_augmentation.py took 1.747 seconds
[2022-11-15T12:40:50.503+0000] {processor.py:154} INFO - Started process (PID=279) to work on /opt/airflow/dags/extr_processing_augmentation.py
[2022-11-15T12:40:50.504+0000] {processor.py:756} INFO - Processing file /opt/airflow/dags/extr_processing_augmentation.py for tasks to queue
[2022-11-15T12:40:50.505+0000] {logging_mixin.py:120} INFO - [2022-11-15T12:40:50.505+0000] {dagbag.py:537} INFO - Filling up the DagBag from /opt/airflow/dags/extr_processing_augmentation.py
[2022-11-15T12:40:50.697+0000] {processor.py:766} INFO - DAG(s) dict_keys(['extr_proc_aug_pipl']) retrieved from /opt/airflow/dags/extr_processing_augmentation.py
[2022-11-15T12:40:50.736+0000] {logging_mixin.py:120} INFO - [2022-11-15T12:40:50.736+0000] {dag.py:2585} INFO - Sync 1 DAGs
[2022-11-15T12:40:50.761+0000] {logging_mixin.py:120} INFO - [2022-11-15T12:40:50.760+0000] {dag.py:3340} INFO - Setting next_dagrun for extr_proc_aug_pipl to 2022-11-15T00:00:00+00:00, run_after=2022-11-16T00:00:00+00:00
[2022-11-15T12:40:50.778+0000] {processor.py:176} INFO - Processing /opt/airflow/dags/extr_processing_augmentation.py took 0.279 seconds
[2022-11-15T12:41:21.250+0000] {processor.py:154} INFO - Started process (PID=336) to work on /opt/airflow/dags/extr_processing_augmentation.py
[2022-11-15T12:41:21.251+0000] {processor.py:756} INFO - Processing file /opt/airflow/dags/extr_processing_augmentation.py for tasks to queue
[2022-11-15T12:41:21.251+0000] {logging_mixin.py:120} INFO - [2022-11-15T12:41:21.251+0000] {dagbag.py:537} INFO - Filling up the DagBag from /opt/airflow/dags/extr_processing_augmentation.py
[2022-11-15T12:41:21.265+0000] {processor.py:766} INFO - DAG(s) dict_keys(['extr_proc_aug_pipl']) retrieved from /opt/airflow/dags/extr_processing_augmentation.py
[2022-11-15T12:41:21.303+0000] {logging_mixin.py:120} INFO - [2022-11-15T12:41:21.303+0000] {dag.py:2585} INFO - Sync 1 DAGs
[2022-11-15T12:41:21.325+0000] {logging_mixin.py:120} INFO - [2022-11-15T12:41:21.325+0000] {dag.py:3340} INFO - Setting next_dagrun for extr_proc_aug_pipl to 2022-11-15T00:00:00+00:00, run_after=2022-11-16T00:00:00+00:00
[2022-11-15T12:41:21.343+0000] {processor.py:176} INFO - Processing /opt/airflow/dags/extr_processing_augmentation.py took 0.096 seconds
[2022-11-15T12:41:51.583+0000] {processor.py:154} INFO - Started process (PID=384) to work on /opt/airflow/dags/extr_processing_augmentation.py
[2022-11-15T12:41:51.584+0000] {processor.py:756} INFO - Processing file /opt/airflow/dags/extr_processing_augmentation.py for tasks to queue
[2022-11-15T12:41:51.585+0000] {logging_mixin.py:120} INFO - [2022-11-15T12:41:51.584+0000] {dagbag.py:537} INFO - Filling up the DagBag from /opt/airflow/dags/extr_processing_augmentation.py
[2022-11-15T12:41:51.600+0000] {processor.py:766} INFO - DAG(s) dict_keys(['extr_proc_aug_pipl']) retrieved from /opt/airflow/dags/extr_processing_augmentation.py
[2022-11-15T12:41:51.655+0000] {logging_mixin.py:120} INFO - [2022-11-15T12:41:51.654+0000] {dag.py:2585} INFO - Sync 1 DAGs
[2022-11-15T12:41:51.685+0000] {logging_mixin.py:120} INFO - [2022-11-15T12:41:51.685+0000] {dag.py:3340} INFO - Setting next_dagrun for extr_proc_aug_pipl to 2022-11-15T00:00:00+00:00, run_after=2022-11-16T00:00:00+00:00
[2022-11-15T12:41:51.710+0000] {processor.py:176} INFO - Processing /opt/airflow/dags/extr_processing_augmentation.py took 0.130 seconds
[2022-11-15T12:42:22.146+0000] {processor.py:154} INFO - Started process (PID=441) to work on /opt/airflow/dags/extr_processing_augmentation.py
[2022-11-15T12:42:22.148+0000] {processor.py:756} INFO - Processing file /opt/airflow/dags/extr_processing_augmentation.py for tasks to queue
[2022-11-15T12:42:22.149+0000] {logging_mixin.py:120} INFO - [2022-11-15T12:42:22.149+0000] {dagbag.py:537} INFO - Filling up the DagBag from /opt/airflow/dags/extr_processing_augmentation.py
[2022-11-15T12:42:22.168+0000] {processor.py:766} INFO - DAG(s) dict_keys(['extr_proc_aug_pipl']) retrieved from /opt/airflow/dags/extr_processing_augmentation.py
[2022-11-15T12:42:22.216+0000] {logging_mixin.py:120} INFO - [2022-11-15T12:42:22.215+0000] {dag.py:2585} INFO - Sync 1 DAGs
[2022-11-15T12:42:22.245+0000] {logging_mixin.py:120} INFO - [2022-11-15T12:42:22.245+0000] {dag.py:3340} INFO - Setting next_dagrun for extr_proc_aug_pipl to 2022-11-15T00:00:00+00:00, run_after=2022-11-16T00:00:00+00:00
[2022-11-15T12:42:22.267+0000] {processor.py:176} INFO - Processing /opt/airflow/dags/extr_processing_augmentation.py took 0.127 seconds
[2022-11-15T12:42:52.447+0000] {processor.py:154} INFO - Started process (PID=498) to work on /opt/airflow/dags/extr_processing_augmentation.py
[2022-11-15T12:42:52.448+0000] {processor.py:756} INFO - Processing file /opt/airflow/dags/extr_processing_augmentation.py for tasks to queue
[2022-11-15T12:42:52.449+0000] {logging_mixin.py:120} INFO - [2022-11-15T12:42:52.449+0000] {dagbag.py:537} INFO - Filling up the DagBag from /opt/airflow/dags/extr_processing_augmentation.py
[2022-11-15T12:42:52.472+0000] {processor.py:766} INFO - DAG(s) dict_keys(['extr_proc_aug_pipl']) retrieved from /opt/airflow/dags/extr_processing_augmentation.py
[2022-11-15T12:42:52.530+0000] {logging_mixin.py:120} INFO - [2022-11-15T12:42:52.530+0000] {dag.py:2585} INFO - Sync 1 DAGs
[2022-11-15T12:42:52.566+0000] {logging_mixin.py:120} INFO - [2022-11-15T12:42:52.565+0000] {dag.py:3340} INFO - Setting next_dagrun for extr_proc_aug_pipl to 2022-11-15T00:00:00+00:00, run_after=2022-11-16T00:00:00+00:00
[2022-11-15T12:42:52.585+0000] {processor.py:176} INFO - Processing /opt/airflow/dags/extr_processing_augmentation.py took 0.143 seconds
[2022-11-15T12:43:22.896+0000] {processor.py:154} INFO - Started process (PID=555) to work on /opt/airflow/dags/extr_processing_augmentation.py
[2022-11-15T12:43:22.897+0000] {processor.py:756} INFO - Processing file /opt/airflow/dags/extr_processing_augmentation.py for tasks to queue
[2022-11-15T12:43:22.898+0000] {logging_mixin.py:120} INFO - [2022-11-15T12:43:22.898+0000] {dagbag.py:537} INFO - Filling up the DagBag from /opt/airflow/dags/extr_processing_augmentation.py
[2022-11-15T12:43:22.913+0000] {processor.py:766} INFO - DAG(s) dict_keys(['extr_proc_aug_pipl']) retrieved from /opt/airflow/dags/extr_processing_augmentation.py
[2022-11-15T12:43:22.955+0000] {logging_mixin.py:120} INFO - [2022-11-15T12:43:22.955+0000] {dag.py:2585} INFO - Sync 1 DAGs
[2022-11-15T12:43:22.988+0000] {logging_mixin.py:120} INFO - [2022-11-15T12:43:22.988+0000] {dag.py:3340} INFO - Setting next_dagrun for extr_proc_aug_pipl to 2022-11-15T00:00:00+00:00, run_after=2022-11-16T00:00:00+00:00
[2022-11-15T12:43:23.012+0000] {processor.py:176} INFO - Processing /opt/airflow/dags/extr_processing_augmentation.py took 0.120 seconds
[2022-11-15T12:43:53.432+0000] {processor.py:154} INFO - Started process (PID=603) to work on /opt/airflow/dags/extr_processing_augmentation.py
[2022-11-15T12:43:53.434+0000] {processor.py:756} INFO - Processing file /opt/airflow/dags/extr_processing_augmentation.py for tasks to queue
[2022-11-15T12:43:53.434+0000] {logging_mixin.py:120} INFO - [2022-11-15T12:43:53.434+0000] {dagbag.py:537} INFO - Filling up the DagBag from /opt/airflow/dags/extr_processing_augmentation.py
[2022-11-15T12:43:53.453+0000] {processor.py:766} INFO - DAG(s) dict_keys(['extr_proc_aug_pipl']) retrieved from /opt/airflow/dags/extr_processing_augmentation.py
[2022-11-15T12:43:53.512+0000] {logging_mixin.py:120} INFO - [2022-11-15T12:43:53.512+0000] {dag.py:2585} INFO - Sync 1 DAGs
[2022-11-15T12:43:53.553+0000] {logging_mixin.py:120} INFO - [2022-11-15T12:43:53.553+0000] {dag.py:3340} INFO - Setting next_dagrun for extr_proc_aug_pipl to 2022-11-15T00:00:00+00:00, run_after=2022-11-16T00:00:00+00:00
[2022-11-15T12:43:53.584+0000] {processor.py:176} INFO - Processing /opt/airflow/dags/extr_processing_augmentation.py took 0.156 seconds
[2022-11-15T12:44:24.129+0000] {processor.py:154} INFO - Started process (PID=660) to work on /opt/airflow/dags/extr_processing_augmentation.py
[2022-11-15T12:44:24.130+0000] {processor.py:756} INFO - Processing file /opt/airflow/dags/extr_processing_augmentation.py for tasks to queue
[2022-11-15T12:44:24.130+0000] {logging_mixin.py:120} INFO - [2022-11-15T12:44:24.130+0000] {dagbag.py:537} INFO - Filling up the DagBag from /opt/airflow/dags/extr_processing_augmentation.py
[2022-11-15T12:44:24.145+0000] {processor.py:766} INFO - DAG(s) dict_keys(['extr_proc_aug_pipl']) retrieved from /opt/airflow/dags/extr_processing_augmentation.py
[2022-11-15T12:44:24.183+0000] {logging_mixin.py:120} INFO - [2022-11-15T12:44:24.182+0000] {dag.py:2585} INFO - Sync 1 DAGs
[2022-11-15T12:44:24.206+0000] {logging_mixin.py:120} INFO - [2022-11-15T12:44:24.206+0000] {dag.py:3340} INFO - Setting next_dagrun for extr_proc_aug_pipl to 2022-11-15T00:00:00+00:00, run_after=2022-11-16T00:00:00+00:00
[2022-11-15T12:44:24.223+0000] {processor.py:176} INFO - Processing /opt/airflow/dags/extr_processing_augmentation.py took 0.096 seconds
[2022-11-15T12:44:54.478+0000] {processor.py:154} INFO - Started process (PID=717) to work on /opt/airflow/dags/extr_processing_augmentation.py
[2022-11-15T12:44:54.480+0000] {processor.py:756} INFO - Processing file /opt/airflow/dags/extr_processing_augmentation.py for tasks to queue
[2022-11-15T12:44:54.481+0000] {logging_mixin.py:120} INFO - [2022-11-15T12:44:54.481+0000] {dagbag.py:537} INFO - Filling up the DagBag from /opt/airflow/dags/extr_processing_augmentation.py
[2022-11-15T12:44:54.498+0000] {processor.py:766} INFO - DAG(s) dict_keys(['extr_proc_aug_pipl']) retrieved from /opt/airflow/dags/extr_processing_augmentation.py
[2022-11-15T12:44:54.545+0000] {logging_mixin.py:120} INFO - [2022-11-15T12:44:54.544+0000] {dag.py:2585} INFO - Sync 1 DAGs
[2022-11-15T12:44:54.574+0000] {logging_mixin.py:120} INFO - [2022-11-15T12:44:54.574+0000] {dag.py:3340} INFO - Setting next_dagrun for extr_proc_aug_pipl to 2022-11-15T00:00:00+00:00, run_after=2022-11-16T00:00:00+00:00
[2022-11-15T12:44:54.599+0000] {processor.py:176} INFO - Processing /opt/airflow/dags/extr_processing_augmentation.py took 0.124 seconds
[2022-11-15T12:45:25.062+0000] {processor.py:154} INFO - Started process (PID=765) to work on /opt/airflow/dags/extr_processing_augmentation.py
[2022-11-15T12:45:25.063+0000] {processor.py:756} INFO - Processing file /opt/airflow/dags/extr_processing_augmentation.py for tasks to queue
[2022-11-15T12:45:25.063+0000] {logging_mixin.py:120} INFO - [2022-11-15T12:45:25.063+0000] {dagbag.py:537} INFO - Filling up the DagBag from /opt/airflow/dags/extr_processing_augmentation.py
[2022-11-15T12:45:25.078+0000] {processor.py:766} INFO - DAG(s) dict_keys(['extr_proc_aug_pipl']) retrieved from /opt/airflow/dags/extr_processing_augmentation.py
[2022-11-15T12:45:25.116+0000] {logging_mixin.py:120} INFO - [2022-11-15T12:45:25.116+0000] {dag.py:2585} INFO - Sync 1 DAGs
[2022-11-15T12:45:25.144+0000] {logging_mixin.py:120} INFO - [2022-11-15T12:45:25.144+0000] {dag.py:3340} INFO - Setting next_dagrun for extr_proc_aug_pipl to 2022-11-15T00:00:00+00:00, run_after=2022-11-16T00:00:00+00:00
[2022-11-15T12:45:25.161+0000] {processor.py:176} INFO - Processing /opt/airflow/dags/extr_processing_augmentation.py took 0.102 seconds
[2022-11-15T12:45:55.582+0000] {processor.py:154} INFO - Started process (PID=822) to work on /opt/airflow/dags/extr_processing_augmentation.py
[2022-11-15T12:45:55.583+0000] {processor.py:756} INFO - Processing file /opt/airflow/dags/extr_processing_augmentation.py for tasks to queue
[2022-11-15T12:45:55.584+0000] {logging_mixin.py:120} INFO - [2022-11-15T12:45:55.584+0000] {dagbag.py:537} INFO - Filling up the DagBag from /opt/airflow/dags/extr_processing_augmentation.py
[2022-11-15T12:45:55.599+0000] {processor.py:766} INFO - DAG(s) dict_keys(['extr_proc_aug_pipl']) retrieved from /opt/airflow/dags/extr_processing_augmentation.py
[2022-11-15T12:45:55.640+0000] {logging_mixin.py:120} INFO - [2022-11-15T12:45:55.640+0000] {dag.py:2585} INFO - Sync 1 DAGs
[2022-11-15T12:45:55.663+0000] {logging_mixin.py:120} INFO - [2022-11-15T12:45:55.663+0000] {dag.py:3340} INFO - Setting next_dagrun for extr_proc_aug_pipl to 2022-11-15T00:00:00+00:00, run_after=2022-11-16T00:00:00+00:00
[2022-11-15T12:45:55.683+0000] {processor.py:176} INFO - Processing /opt/airflow/dags/extr_processing_augmentation.py took 0.104 seconds
[2022-11-15T12:46:26.024+0000] {processor.py:154} INFO - Started process (PID=880) to work on /opt/airflow/dags/extr_processing_augmentation.py
[2022-11-15T12:46:26.025+0000] {processor.py:756} INFO - Processing file /opt/airflow/dags/extr_processing_augmentation.py for tasks to queue
[2022-11-15T12:46:26.026+0000] {logging_mixin.py:120} INFO - [2022-11-15T12:46:26.025+0000] {dagbag.py:537} INFO - Filling up the DagBag from /opt/airflow/dags/extr_processing_augmentation.py
[2022-11-15T12:46:26.041+0000] {processor.py:766} INFO - DAG(s) dict_keys(['extr_proc_aug_pipl']) retrieved from /opt/airflow/dags/extr_processing_augmentation.py
[2022-11-15T12:46:26.079+0000] {logging_mixin.py:120} INFO - [2022-11-15T12:46:26.079+0000] {dag.py:2585} INFO - Sync 1 DAGs
[2022-11-15T12:46:26.104+0000] {logging_mixin.py:120} INFO - [2022-11-15T12:46:26.104+0000] {dag.py:3340} INFO - Setting next_dagrun for extr_proc_aug_pipl to 2022-11-15T00:00:00+00:00, run_after=2022-11-16T00:00:00+00:00
[2022-11-15T12:46:26.122+0000] {processor.py:176} INFO - Processing /opt/airflow/dags/extr_processing_augmentation.py took 0.102 seconds
[2022-11-15T12:46:56.298+0000] {processor.py:154} INFO - Started process (PID=937) to work on /opt/airflow/dags/extr_processing_augmentation.py
[2022-11-15T12:46:56.299+0000] {processor.py:756} INFO - Processing file /opt/airflow/dags/extr_processing_augmentation.py for tasks to queue
[2022-11-15T12:46:56.299+0000] {logging_mixin.py:120} INFO - [2022-11-15T12:46:56.299+0000] {dagbag.py:537} INFO - Filling up the DagBag from /opt/airflow/dags/extr_processing_augmentation.py
[2022-11-15T12:46:56.313+0000] {processor.py:766} INFO - DAG(s) dict_keys(['extr_proc_aug_pipl']) retrieved from /opt/airflow/dags/extr_processing_augmentation.py
[2022-11-15T12:46:56.350+0000] {logging_mixin.py:120} INFO - [2022-11-15T12:46:56.349+0000] {dag.py:2585} INFO - Sync 1 DAGs
[2022-11-15T12:46:56.374+0000] {logging_mixin.py:120} INFO - [2022-11-15T12:46:56.374+0000] {dag.py:3340} INFO - Setting next_dagrun for extr_proc_aug_pipl to 2022-11-15T00:00:00+00:00, run_after=2022-11-16T00:00:00+00:00
[2022-11-15T12:46:56.402+0000] {processor.py:176} INFO - Processing /opt/airflow/dags/extr_processing_augmentation.py took 0.107 seconds
[2022-11-15T12:47:26.811+0000] {processor.py:154} INFO - Started process (PID=985) to work on /opt/airflow/dags/extr_processing_augmentation.py
[2022-11-15T12:47:26.824+0000] {processor.py:756} INFO - Processing file /opt/airflow/dags/extr_processing_augmentation.py for tasks to queue
[2022-11-15T12:47:26.825+0000] {logging_mixin.py:120} INFO - [2022-11-15T12:47:26.825+0000] {dagbag.py:537} INFO - Filling up the DagBag from /opt/airflow/dags/extr_processing_augmentation.py
[2022-11-15T12:47:26.845+0000] {processor.py:766} INFO - DAG(s) dict_keys(['extr_proc_aug_pipl']) retrieved from /opt/airflow/dags/extr_processing_augmentation.py
[2022-11-15T12:47:26.906+0000] {logging_mixin.py:120} INFO - [2022-11-15T12:47:26.906+0000] {dag.py:2585} INFO - Sync 1 DAGs
[2022-11-15T12:47:26.956+0000] {logging_mixin.py:120} INFO - [2022-11-15T12:47:26.956+0000] {dag.py:3340} INFO - Setting next_dagrun for extr_proc_aug_pipl to 2022-11-15T00:00:00+00:00, run_after=2022-11-16T00:00:00+00:00
[2022-11-15T12:47:27.002+0000] {processor.py:176} INFO - Processing /opt/airflow/dags/extr_processing_augmentation.py took 0.195 seconds
[2022-11-15T12:47:57.897+0000] {processor.py:154} INFO - Started process (PID=1042) to work on /opt/airflow/dags/extr_processing_augmentation.py
[2022-11-15T12:47:57.898+0000] {processor.py:756} INFO - Processing file /opt/airflow/dags/extr_processing_augmentation.py for tasks to queue
[2022-11-15T12:47:57.898+0000] {logging_mixin.py:120} INFO - [2022-11-15T12:47:57.898+0000] {dagbag.py:537} INFO - Filling up the DagBag from /opt/airflow/dags/extr_processing_augmentation.py
[2022-11-15T12:47:57.913+0000] {processor.py:766} INFO - DAG(s) dict_keys(['extr_proc_aug_pipl']) retrieved from /opt/airflow/dags/extr_processing_augmentation.py
[2022-11-15T12:47:57.951+0000] {logging_mixin.py:120} INFO - [2022-11-15T12:47:57.950+0000] {dag.py:2585} INFO - Sync 1 DAGs
[2022-11-15T12:47:57.974+0000] {logging_mixin.py:120} INFO - [2022-11-15T12:47:57.973+0000] {dag.py:3340} INFO - Setting next_dagrun for extr_proc_aug_pipl to 2022-11-15T00:00:00+00:00, run_after=2022-11-16T00:00:00+00:00
[2022-11-15T12:47:57.997+0000] {processor.py:176} INFO - Processing /opt/airflow/dags/extr_processing_augmentation.py took 0.102 seconds
[2022-11-15T12:48:28.344+0000] {processor.py:154} INFO - Started process (PID=1099) to work on /opt/airflow/dags/extr_processing_augmentation.py
[2022-11-15T12:48:28.352+0000] {processor.py:756} INFO - Processing file /opt/airflow/dags/extr_processing_augmentation.py for tasks to queue
[2022-11-15T12:48:28.352+0000] {logging_mixin.py:120} INFO - [2022-11-15T12:48:28.352+0000] {dagbag.py:537} INFO - Filling up the DagBag from /opt/airflow/dags/extr_processing_augmentation.py
[2022-11-15T12:48:28.365+0000] {processor.py:766} INFO - DAG(s) dict_keys(['extr_proc_aug_pipl']) retrieved from /opt/airflow/dags/extr_processing_augmentation.py
[2022-11-15T12:48:28.400+0000] {logging_mixin.py:120} INFO - [2022-11-15T12:48:28.400+0000] {dag.py:2585} INFO - Sync 1 DAGs
[2022-11-15T12:48:28.423+0000] {logging_mixin.py:120} INFO - [2022-11-15T12:48:28.422+0000] {dag.py:3340} INFO - Setting next_dagrun for extr_proc_aug_pipl to 2022-11-15T00:00:00+00:00, run_after=2022-11-16T00:00:00+00:00
[2022-11-15T12:48:28.450+0000] {processor.py:176} INFO - Processing /opt/airflow/dags/extr_processing_augmentation.py took 0.108 seconds
[2022-11-15T12:48:58.824+0000] {processor.py:154} INFO - Started process (PID=1148) to work on /opt/airflow/dags/extr_processing_augmentation.py
[2022-11-15T12:48:58.825+0000] {processor.py:756} INFO - Processing file /opt/airflow/dags/extr_processing_augmentation.py for tasks to queue
[2022-11-15T12:48:58.826+0000] {logging_mixin.py:120} INFO - [2022-11-15T12:48:58.825+0000] {dagbag.py:537} INFO - Filling up the DagBag from /opt/airflow/dags/extr_processing_augmentation.py
[2022-11-15T12:48:58.840+0000] {processor.py:766} INFO - DAG(s) dict_keys(['extr_proc_aug_pipl']) retrieved from /opt/airflow/dags/extr_processing_augmentation.py
[2022-11-15T12:48:58.876+0000] {logging_mixin.py:120} INFO - [2022-11-15T12:48:58.876+0000] {dag.py:2585} INFO - Sync 1 DAGs
[2022-11-15T12:48:58.897+0000] {logging_mixin.py:120} INFO - [2022-11-15T12:48:58.897+0000] {dag.py:3340} INFO - Setting next_dagrun for extr_proc_aug_pipl to 2022-11-15T00:00:00+00:00, run_after=2022-11-16T00:00:00+00:00
[2022-11-15T12:48:58.920+0000] {processor.py:176} INFO - Processing /opt/airflow/dags/extr_processing_augmentation.py took 0.099 seconds
[2022-11-15T12:49:29.326+0000] {processor.py:154} INFO - Started process (PID=1205) to work on /opt/airflow/dags/extr_processing_augmentation.py
[2022-11-15T12:49:29.327+0000] {processor.py:756} INFO - Processing file /opt/airflow/dags/extr_processing_augmentation.py for tasks to queue
[2022-11-15T12:49:29.327+0000] {logging_mixin.py:120} INFO - [2022-11-15T12:49:29.327+0000] {dagbag.py:537} INFO - Filling up the DagBag from /opt/airflow/dags/extr_processing_augmentation.py
[2022-11-15T12:49:29.343+0000] {processor.py:766} INFO - DAG(s) dict_keys(['extr_proc_aug_pipl']) retrieved from /opt/airflow/dags/extr_processing_augmentation.py
[2022-11-15T12:49:29.382+0000] {logging_mixin.py:120} INFO - [2022-11-15T12:49:29.382+0000] {dag.py:2585} INFO - Sync 1 DAGs
[2022-11-15T12:49:29.407+0000] {logging_mixin.py:120} INFO - [2022-11-15T12:49:29.407+0000] {dag.py:3340} INFO - Setting next_dagrun for extr_proc_aug_pipl to 2022-11-15T00:00:00+00:00, run_after=2022-11-16T00:00:00+00:00
[2022-11-15T12:49:29.424+0000] {processor.py:176} INFO - Processing /opt/airflow/dags/extr_processing_augmentation.py took 0.102 seconds
[2022-11-15T12:49:59.817+0000] {processor.py:154} INFO - Started process (PID=1262) to work on /opt/airflow/dags/extr_processing_augmentation.py
[2022-11-15T12:49:59.818+0000] {processor.py:756} INFO - Processing file /opt/airflow/dags/extr_processing_augmentation.py for tasks to queue
[2022-11-15T12:49:59.819+0000] {logging_mixin.py:120} INFO - [2022-11-15T12:49:59.818+0000] {dagbag.py:537} INFO - Filling up the DagBag from /opt/airflow/dags/extr_processing_augmentation.py
[2022-11-15T12:49:59.834+0000] {processor.py:766} INFO - DAG(s) dict_keys(['extr_proc_aug_pipl']) retrieved from /opt/airflow/dags/extr_processing_augmentation.py
[2022-11-15T12:49:59.878+0000] {logging_mixin.py:120} INFO - [2022-11-15T12:49:59.878+0000] {dag.py:2585} INFO - Sync 1 DAGs
[2022-11-15T12:49:59.905+0000] {logging_mixin.py:120} INFO - [2022-11-15T12:49:59.905+0000] {dag.py:3340} INFO - Setting next_dagrun for extr_proc_aug_pipl to 2022-11-15T00:00:00+00:00, run_after=2022-11-16T00:00:00+00:00
[2022-11-15T12:49:59.925+0000] {processor.py:176} INFO - Processing /opt/airflow/dags/extr_processing_augmentation.py took 0.112 seconds
[2022-11-15T12:50:30.319+0000] {processor.py:154} INFO - Started process (PID=1319) to work on /opt/airflow/dags/extr_processing_augmentation.py
[2022-11-15T12:50:30.320+0000] {processor.py:756} INFO - Processing file /opt/airflow/dags/extr_processing_augmentation.py for tasks to queue
[2022-11-15T12:50:30.321+0000] {logging_mixin.py:120} INFO - [2022-11-15T12:50:30.320+0000] {dagbag.py:537} INFO - Filling up the DagBag from /opt/airflow/dags/extr_processing_augmentation.py
[2022-11-15T12:50:30.339+0000] {processor.py:766} INFO - DAG(s) dict_keys(['extr_proc_aug_pipl']) retrieved from /opt/airflow/dags/extr_processing_augmentation.py
[2022-11-15T12:50:30.381+0000] {logging_mixin.py:120} INFO - [2022-11-15T12:50:30.380+0000] {dag.py:2585} INFO - Sync 1 DAGs
[2022-11-15T12:50:30.413+0000] {logging_mixin.py:120} INFO - [2022-11-15T12:50:30.413+0000] {dag.py:3340} INFO - Setting next_dagrun for extr_proc_aug_pipl to 2022-11-15T00:00:00+00:00, run_after=2022-11-16T00:00:00+00:00
[2022-11-15T12:50:30.433+0000] {processor.py:176} INFO - Processing /opt/airflow/dags/extr_processing_augmentation.py took 0.118 seconds
[2022-11-15T12:51:00.735+0000] {processor.py:154} INFO - Started process (PID=1367) to work on /opt/airflow/dags/extr_processing_augmentation.py
[2022-11-15T12:51:00.736+0000] {processor.py:756} INFO - Processing file /opt/airflow/dags/extr_processing_augmentation.py for tasks to queue
[2022-11-15T12:51:00.736+0000] {logging_mixin.py:120} INFO - [2022-11-15T12:51:00.736+0000] {dagbag.py:537} INFO - Filling up the DagBag from /opt/airflow/dags/extr_processing_augmentation.py
[2022-11-15T12:51:00.750+0000] {processor.py:766} INFO - DAG(s) dict_keys(['extr_proc_aug_pipl']) retrieved from /opt/airflow/dags/extr_processing_augmentation.py
[2022-11-15T12:51:00.787+0000] {logging_mixin.py:120} INFO - [2022-11-15T12:51:00.787+0000] {dag.py:2585} INFO - Sync 1 DAGs
[2022-11-15T12:51:00.809+0000] {logging_mixin.py:120} INFO - [2022-11-15T12:51:00.809+0000] {dag.py:3340} INFO - Setting next_dagrun for extr_proc_aug_pipl to 2022-11-15T00:00:00+00:00, run_after=2022-11-16T00:00:00+00:00
[2022-11-15T12:51:00.826+0000] {processor.py:176} INFO - Processing /opt/airflow/dags/extr_processing_augmentation.py took 0.095 seconds
[2022-11-15T12:51:31.177+0000] {processor.py:154} INFO - Started process (PID=1424) to work on /opt/airflow/dags/extr_processing_augmentation.py
[2022-11-15T12:51:31.178+0000] {processor.py:756} INFO - Processing file /opt/airflow/dags/extr_processing_augmentation.py for tasks to queue
[2022-11-15T12:51:31.178+0000] {logging_mixin.py:120} INFO - [2022-11-15T12:51:31.178+0000] {dagbag.py:537} INFO - Filling up the DagBag from /opt/airflow/dags/extr_processing_augmentation.py
[2022-11-15T12:51:31.194+0000] {processor.py:766} INFO - DAG(s) dict_keys(['extr_proc_aug_pipl']) retrieved from /opt/airflow/dags/extr_processing_augmentation.py
[2022-11-15T12:51:31.232+0000] {logging_mixin.py:120} INFO - [2022-11-15T12:51:31.232+0000] {dag.py:2585} INFO - Sync 1 DAGs
[2022-11-15T12:51:31.254+0000] {logging_mixin.py:120} INFO - [2022-11-15T12:51:31.254+0000] {dag.py:3340} INFO - Setting next_dagrun for extr_proc_aug_pipl to 2022-11-15T00:00:00+00:00, run_after=2022-11-16T00:00:00+00:00
[2022-11-15T12:51:31.271+0000] {processor.py:176} INFO - Processing /opt/airflow/dags/extr_processing_augmentation.py took 0.098 seconds
