[2022-11-15T12:40:18.735+0000] {processor.py:154} INFO - Started process (PID=176) to work on /opt/airflow/dags/parsing.py
[2022-11-15T12:40:18.736+0000] {processor.py:756} INFO - Processing file /opt/airflow/dags/parsing.py for tasks to queue
[2022-11-15T12:40:18.741+0000] {logging_mixin.py:120} INFO - [2022-11-15T12:40:18.741+0000] {dagbag.py:537} INFO - Filling up the DagBag from /opt/airflow/dags/parsing.py
[2022-11-15T12:40:18.865+0000] {processor.py:766} INFO - DAG(s) dict_keys(['parsing']) retrieved from /opt/airflow/dags/parsing.py
[2022-11-15T12:40:20.367+0000] {logging_mixin.py:120} INFO - [2022-11-15T12:40:20.366+0000] {dag.py:2585} INFO - Sync 1 DAGs
[2022-11-15T12:40:20.402+0000] {logging_mixin.py:120} INFO - [2022-11-15T12:40:20.401+0000] {dag.py:3340} INFO - Setting next_dagrun for parsing to 2022-11-08T00:00:00+00:00, run_after=2022-11-09T00:00:00+00:00
[2022-11-15T12:40:20.429+0000] {processor.py:176} INFO - Processing /opt/airflow/dags/parsing.py took 1.716 seconds
[2022-11-15T12:40:50.503+0000] {processor.py:154} INFO - Started process (PID=280) to work on /opt/airflow/dags/parsing.py
[2022-11-15T12:40:50.504+0000] {processor.py:756} INFO - Processing file /opt/airflow/dags/parsing.py for tasks to queue
[2022-11-15T12:40:50.505+0000] {logging_mixin.py:120} INFO - [2022-11-15T12:40:50.505+0000] {dagbag.py:537} INFO - Filling up the DagBag from /opt/airflow/dags/parsing.py
[2022-11-15T12:40:50.697+0000] {processor.py:766} INFO - DAG(s) dict_keys(['parsing']) retrieved from /opt/airflow/dags/parsing.py
[2022-11-15T12:40:50.735+0000] {logging_mixin.py:120} INFO - [2022-11-15T12:40:50.734+0000] {dag.py:2585} INFO - Sync 1 DAGs
[2022-11-15T12:40:50.759+0000] {logging_mixin.py:120} INFO - [2022-11-15T12:40:50.758+0000] {dag.py:3340} INFO - Setting next_dagrun for parsing to 2022-11-08T00:00:00+00:00, run_after=2022-11-09T00:00:00+00:00
[2022-11-15T12:40:50.776+0000] {processor.py:176} INFO - Processing /opt/airflow/dags/parsing.py took 0.276 seconds
[2022-11-15T12:41:21.254+0000] {processor.py:154} INFO - Started process (PID=339) to work on /opt/airflow/dags/parsing.py
[2022-11-15T12:41:21.255+0000] {processor.py:756} INFO - Processing file /opt/airflow/dags/parsing.py for tasks to queue
[2022-11-15T12:41:21.255+0000] {logging_mixin.py:120} INFO - [2022-11-15T12:41:21.255+0000] {dagbag.py:537} INFO - Filling up the DagBag from /opt/airflow/dags/parsing.py
[2022-11-15T12:41:21.268+0000] {processor.py:766} INFO - DAG(s) dict_keys(['parsing']) retrieved from /opt/airflow/dags/parsing.py
[2022-11-15T12:41:21.304+0000] {logging_mixin.py:120} INFO - [2022-11-15T12:41:21.304+0000] {dag.py:2585} INFO - Sync 1 DAGs
[2022-11-15T12:41:21.326+0000] {logging_mixin.py:120} INFO - [2022-11-15T12:41:21.326+0000] {dag.py:3340} INFO - Setting next_dagrun for parsing to 2022-11-08T00:00:00+00:00, run_after=2022-11-09T00:00:00+00:00
[2022-11-15T12:41:21.344+0000] {processor.py:176} INFO - Processing /opt/airflow/dags/parsing.py took 0.092 seconds
[2022-11-15T12:41:51.587+0000] {processor.py:154} INFO - Started process (PID=387) to work on /opt/airflow/dags/parsing.py
[2022-11-15T12:41:51.588+0000] {processor.py:756} INFO - Processing file /opt/airflow/dags/parsing.py for tasks to queue
[2022-11-15T12:41:51.589+0000] {logging_mixin.py:120} INFO - [2022-11-15T12:41:51.589+0000] {dagbag.py:537} INFO - Filling up the DagBag from /opt/airflow/dags/parsing.py
[2022-11-15T12:41:51.602+0000] {processor.py:766} INFO - DAG(s) dict_keys(['parsing']) retrieved from /opt/airflow/dags/parsing.py
[2022-11-15T12:41:51.643+0000] {logging_mixin.py:120} INFO - [2022-11-15T12:41:51.642+0000] {dag.py:2585} INFO - Sync 1 DAGs
[2022-11-15T12:41:51.667+0000] {logging_mixin.py:120} INFO - [2022-11-15T12:41:51.667+0000] {dag.py:3340} INFO - Setting next_dagrun for parsing to 2022-11-08T00:00:00+00:00, run_after=2022-11-09T00:00:00+00:00
[2022-11-15T12:41:51.688+0000] {processor.py:176} INFO - Processing /opt/airflow/dags/parsing.py took 0.103 seconds
[2022-11-15T12:42:22.152+0000] {processor.py:154} INFO - Started process (PID=444) to work on /opt/airflow/dags/parsing.py
[2022-11-15T12:42:22.154+0000] {processor.py:756} INFO - Processing file /opt/airflow/dags/parsing.py for tasks to queue
[2022-11-15T12:42:22.154+0000] {logging_mixin.py:120} INFO - [2022-11-15T12:42:22.154+0000] {dagbag.py:537} INFO - Filling up the DagBag from /opt/airflow/dags/parsing.py
[2022-11-15T12:42:22.170+0000] {processor.py:766} INFO - DAG(s) dict_keys(['parsing']) retrieved from /opt/airflow/dags/parsing.py
[2022-11-15T12:42:22.214+0000] {logging_mixin.py:120} INFO - [2022-11-15T12:42:22.214+0000] {dag.py:2585} INFO - Sync 1 DAGs
[2022-11-15T12:42:22.247+0000] {logging_mixin.py:120} INFO - [2022-11-15T12:42:22.247+0000] {dag.py:3340} INFO - Setting next_dagrun for parsing to 2022-11-08T00:00:00+00:00, run_after=2022-11-09T00:00:00+00:00
[2022-11-15T12:42:22.268+0000] {processor.py:176} INFO - Processing /opt/airflow/dags/parsing.py took 0.119 seconds
[2022-11-15T12:42:52.454+0000] {processor.py:154} INFO - Started process (PID=501) to work on /opt/airflow/dags/parsing.py
[2022-11-15T12:42:52.456+0000] {processor.py:756} INFO - Processing file /opt/airflow/dags/parsing.py for tasks to queue
[2022-11-15T12:42:52.457+0000] {logging_mixin.py:120} INFO - [2022-11-15T12:42:52.457+0000] {dagbag.py:537} INFO - Filling up the DagBag from /opt/airflow/dags/parsing.py
[2022-11-15T12:42:52.478+0000] {processor.py:766} INFO - DAG(s) dict_keys(['parsing']) retrieved from /opt/airflow/dags/parsing.py
[2022-11-15T12:42:52.531+0000] {logging_mixin.py:120} INFO - [2022-11-15T12:42:52.531+0000] {dag.py:2585} INFO - Sync 1 DAGs
[2022-11-15T12:42:52.568+0000] {logging_mixin.py:120} INFO - [2022-11-15T12:42:52.567+0000] {dag.py:3340} INFO - Setting next_dagrun for parsing to 2022-11-08T00:00:00+00:00, run_after=2022-11-09T00:00:00+00:00
[2022-11-15T12:42:52.585+0000] {processor.py:176} INFO - Processing /opt/airflow/dags/parsing.py took 0.136 seconds
[2022-11-15T12:43:22.900+0000] {processor.py:154} INFO - Started process (PID=558) to work on /opt/airflow/dags/parsing.py
[2022-11-15T12:43:22.901+0000] {processor.py:756} INFO - Processing file /opt/airflow/dags/parsing.py for tasks to queue
[2022-11-15T12:43:22.902+0000] {logging_mixin.py:120} INFO - [2022-11-15T12:43:22.902+0000] {dagbag.py:537} INFO - Filling up the DagBag from /opt/airflow/dags/parsing.py
[2022-11-15T12:43:22.916+0000] {processor.py:766} INFO - DAG(s) dict_keys(['parsing']) retrieved from /opt/airflow/dags/parsing.py
[2022-11-15T12:43:22.956+0000] {logging_mixin.py:120} INFO - [2022-11-15T12:43:22.956+0000] {dag.py:2585} INFO - Sync 1 DAGs
[2022-11-15T12:43:22.992+0000] {logging_mixin.py:120} INFO - [2022-11-15T12:43:22.991+0000] {dag.py:3340} INFO - Setting next_dagrun for parsing to 2022-11-08T00:00:00+00:00, run_after=2022-11-09T00:00:00+00:00
[2022-11-15T12:43:23.016+0000] {processor.py:176} INFO - Processing /opt/airflow/dags/parsing.py took 0.119 seconds
[2022-11-15T12:43:53.438+0000] {processor.py:154} INFO - Started process (PID=606) to work on /opt/airflow/dags/parsing.py
[2022-11-15T12:43:53.439+0000] {processor.py:756} INFO - Processing file /opt/airflow/dags/parsing.py for tasks to queue
[2022-11-15T12:43:53.440+0000] {logging_mixin.py:120} INFO - [2022-11-15T12:43:53.440+0000] {dagbag.py:537} INFO - Filling up the DagBag from /opt/airflow/dags/parsing.py
[2022-11-15T12:43:53.457+0000] {processor.py:766} INFO - DAG(s) dict_keys(['parsing']) retrieved from /opt/airflow/dags/parsing.py
[2022-11-15T12:43:53.517+0000] {logging_mixin.py:120} INFO - [2022-11-15T12:43:53.517+0000] {dag.py:2585} INFO - Sync 1 DAGs
[2022-11-15T12:43:53.562+0000] {logging_mixin.py:120} INFO - [2022-11-15T12:43:53.562+0000] {dag.py:3340} INFO - Setting next_dagrun for parsing to 2022-11-08T00:00:00+00:00, run_after=2022-11-09T00:00:00+00:00
[2022-11-15T12:43:53.602+0000] {processor.py:176} INFO - Processing /opt/airflow/dags/parsing.py took 0.167 seconds
[2022-11-15T12:44:24.133+0000] {processor.py:154} INFO - Started process (PID=663) to work on /opt/airflow/dags/parsing.py
[2022-11-15T12:44:24.134+0000] {processor.py:756} INFO - Processing file /opt/airflow/dags/parsing.py for tasks to queue
[2022-11-15T12:44:24.134+0000] {logging_mixin.py:120} INFO - [2022-11-15T12:44:24.134+0000] {dagbag.py:537} INFO - Filling up the DagBag from /opt/airflow/dags/parsing.py
[2022-11-15T12:44:24.147+0000] {processor.py:766} INFO - DAG(s) dict_keys(['parsing']) retrieved from /opt/airflow/dags/parsing.py
[2022-11-15T12:44:24.184+0000] {logging_mixin.py:120} INFO - [2022-11-15T12:44:24.184+0000] {dag.py:2585} INFO - Sync 1 DAGs
[2022-11-15T12:44:24.207+0000] {logging_mixin.py:120} INFO - [2022-11-15T12:44:24.207+0000] {dag.py:3340} INFO - Setting next_dagrun for parsing to 2022-11-08T00:00:00+00:00, run_after=2022-11-09T00:00:00+00:00
[2022-11-15T12:44:24.224+0000] {processor.py:176} INFO - Processing /opt/airflow/dags/parsing.py took 0.094 seconds
[2022-11-15T12:44:54.484+0000] {processor.py:154} INFO - Started process (PID=720) to work on /opt/airflow/dags/parsing.py
[2022-11-15T12:44:54.485+0000] {processor.py:756} INFO - Processing file /opt/airflow/dags/parsing.py for tasks to queue
[2022-11-15T12:44:54.486+0000] {logging_mixin.py:120} INFO - [2022-11-15T12:44:54.486+0000] {dagbag.py:537} INFO - Filling up the DagBag from /opt/airflow/dags/parsing.py
[2022-11-15T12:44:54.501+0000] {processor.py:766} INFO - DAG(s) dict_keys(['parsing']) retrieved from /opt/airflow/dags/parsing.py
[2022-11-15T12:44:54.543+0000] {logging_mixin.py:120} INFO - [2022-11-15T12:44:54.543+0000] {dag.py:2585} INFO - Sync 1 DAGs
[2022-11-15T12:44:54.571+0000] {logging_mixin.py:120} INFO - [2022-11-15T12:44:54.571+0000] {dag.py:3340} INFO - Setting next_dagrun for parsing to 2022-11-08T00:00:00+00:00, run_after=2022-11-09T00:00:00+00:00
[2022-11-15T12:44:54.594+0000] {processor.py:176} INFO - Processing /opt/airflow/dags/parsing.py took 0.114 seconds
[2022-11-15T12:45:25.066+0000] {processor.py:154} INFO - Started process (PID=768) to work on /opt/airflow/dags/parsing.py
[2022-11-15T12:45:25.067+0000] {processor.py:756} INFO - Processing file /opt/airflow/dags/parsing.py for tasks to queue
[2022-11-15T12:45:25.068+0000] {logging_mixin.py:120} INFO - [2022-11-15T12:45:25.067+0000] {dagbag.py:537} INFO - Filling up the DagBag from /opt/airflow/dags/parsing.py
[2022-11-15T12:45:25.080+0000] {processor.py:766} INFO - DAG(s) dict_keys(['parsing']) retrieved from /opt/airflow/dags/parsing.py
[2022-11-15T12:45:25.116+0000] {logging_mixin.py:120} INFO - [2022-11-15T12:45:25.116+0000] {dag.py:2585} INFO - Sync 1 DAGs
[2022-11-15T12:45:25.144+0000] {logging_mixin.py:120} INFO - [2022-11-15T12:45:25.144+0000] {dag.py:3340} INFO - Setting next_dagrun for parsing to 2022-11-08T00:00:00+00:00, run_after=2022-11-09T00:00:00+00:00
[2022-11-15T12:45:25.162+0000] {processor.py:176} INFO - Processing /opt/airflow/dags/parsing.py took 0.099 seconds
[2022-11-15T12:45:55.588+0000] {processor.py:154} INFO - Started process (PID=825) to work on /opt/airflow/dags/parsing.py
[2022-11-15T12:45:55.589+0000] {processor.py:756} INFO - Processing file /opt/airflow/dags/parsing.py for tasks to queue
[2022-11-15T12:45:55.589+0000] {logging_mixin.py:120} INFO - [2022-11-15T12:45:55.589+0000] {dagbag.py:537} INFO - Filling up the DagBag from /opt/airflow/dags/parsing.py
[2022-11-15T12:45:55.604+0000] {processor.py:766} INFO - DAG(s) dict_keys(['parsing']) retrieved from /opt/airflow/dags/parsing.py
[2022-11-15T12:45:55.643+0000] {logging_mixin.py:120} INFO - [2022-11-15T12:45:55.643+0000] {dag.py:2585} INFO - Sync 1 DAGs
[2022-11-15T12:45:55.666+0000] {logging_mixin.py:120} INFO - [2022-11-15T12:45:55.666+0000] {dag.py:3340} INFO - Setting next_dagrun for parsing to 2022-11-08T00:00:00+00:00, run_after=2022-11-09T00:00:00+00:00
[2022-11-15T12:45:55.686+0000] {processor.py:176} INFO - Processing /opt/airflow/dags/parsing.py took 0.101 seconds
[2022-11-15T12:46:26.028+0000] {processor.py:154} INFO - Started process (PID=883) to work on /opt/airflow/dags/parsing.py
[2022-11-15T12:46:26.029+0000] {processor.py:756} INFO - Processing file /opt/airflow/dags/parsing.py for tasks to queue
[2022-11-15T12:46:26.029+0000] {logging_mixin.py:120} INFO - [2022-11-15T12:46:26.029+0000] {dagbag.py:537} INFO - Filling up the DagBag from /opt/airflow/dags/parsing.py
[2022-11-15T12:46:26.043+0000] {processor.py:766} INFO - DAG(s) dict_keys(['parsing']) retrieved from /opt/airflow/dags/parsing.py
[2022-11-15T12:46:26.078+0000] {logging_mixin.py:120} INFO - [2022-11-15T12:46:26.078+0000] {dag.py:2585} INFO - Sync 1 DAGs
[2022-11-15T12:46:26.104+0000] {logging_mixin.py:120} INFO - [2022-11-15T12:46:26.104+0000] {dag.py:3340} INFO - Setting next_dagrun for parsing to 2022-11-08T00:00:00+00:00, run_after=2022-11-09T00:00:00+00:00
[2022-11-15T12:46:26.123+0000] {processor.py:176} INFO - Processing /opt/airflow/dags/parsing.py took 0.098 seconds
[2022-11-15T12:46:56.302+0000] {processor.py:154} INFO - Started process (PID=940) to work on /opt/airflow/dags/parsing.py
[2022-11-15T12:46:56.303+0000] {processor.py:756} INFO - Processing file /opt/airflow/dags/parsing.py for tasks to queue
[2022-11-15T12:46:56.303+0000] {logging_mixin.py:120} INFO - [2022-11-15T12:46:56.303+0000] {dagbag.py:537} INFO - Filling up the DagBag from /opt/airflow/dags/parsing.py
[2022-11-15T12:46:56.316+0000] {processor.py:766} INFO - DAG(s) dict_keys(['parsing']) retrieved from /opt/airflow/dags/parsing.py
[2022-11-15T12:46:56.350+0000] {logging_mixin.py:120} INFO - [2022-11-15T12:46:56.349+0000] {dag.py:2585} INFO - Sync 1 DAGs
[2022-11-15T12:46:56.374+0000] {logging_mixin.py:120} INFO - [2022-11-15T12:46:56.374+0000] {dag.py:3340} INFO - Setting next_dagrun for parsing to 2022-11-08T00:00:00+00:00, run_after=2022-11-09T00:00:00+00:00
[2022-11-15T12:46:56.402+0000] {processor.py:176} INFO - Processing /opt/airflow/dags/parsing.py took 0.103 seconds
[2022-11-15T12:47:26.820+0000] {processor.py:154} INFO - Started process (PID=988) to work on /opt/airflow/dags/parsing.py
[2022-11-15T12:47:26.824+0000] {processor.py:756} INFO - Processing file /opt/airflow/dags/parsing.py for tasks to queue
[2022-11-15T12:47:26.825+0000] {logging_mixin.py:120} INFO - [2022-11-15T12:47:26.825+0000] {dagbag.py:537} INFO - Filling up the DagBag from /opt/airflow/dags/parsing.py
[2022-11-15T12:47:26.843+0000] {processor.py:766} INFO - DAG(s) dict_keys(['parsing']) retrieved from /opt/airflow/dags/parsing.py
[2022-11-15T12:47:26.899+0000] {logging_mixin.py:120} INFO - [2022-11-15T12:47:26.898+0000] {dag.py:2585} INFO - Sync 1 DAGs
[2022-11-15T12:47:26.943+0000] {logging_mixin.py:120} INFO - [2022-11-15T12:47:26.943+0000] {dag.py:3340} INFO - Setting next_dagrun for parsing to 2022-11-08T00:00:00+00:00, run_after=2022-11-09T00:00:00+00:00
[2022-11-15T12:47:26.988+0000] {processor.py:176} INFO - Processing /opt/airflow/dags/parsing.py took 0.173 seconds
[2022-11-15T12:47:57.910+0000] {processor.py:154} INFO - Started process (PID=1045) to work on /opt/airflow/dags/parsing.py
[2022-11-15T12:47:57.911+0000] {processor.py:756} INFO - Processing file /opt/airflow/dags/parsing.py for tasks to queue
[2022-11-15T12:47:57.911+0000] {logging_mixin.py:120} INFO - [2022-11-15T12:47:57.911+0000] {dagbag.py:537} INFO - Filling up the DagBag from /opt/airflow/dags/parsing.py
[2022-11-15T12:47:57.924+0000] {processor.py:766} INFO - DAG(s) dict_keys(['parsing']) retrieved from /opt/airflow/dags/parsing.py
[2022-11-15T12:47:57.961+0000] {logging_mixin.py:120} INFO - [2022-11-15T12:47:57.961+0000] {dag.py:2585} INFO - Sync 1 DAGs
[2022-11-15T12:47:57.983+0000] {logging_mixin.py:120} INFO - [2022-11-15T12:47:57.983+0000] {dag.py:3340} INFO - Setting next_dagrun for parsing to 2022-11-08T00:00:00+00:00, run_after=2022-11-09T00:00:00+00:00
[2022-11-15T12:47:57.999+0000] {processor.py:176} INFO - Processing /opt/airflow/dags/parsing.py took 0.092 seconds
[2022-11-15T12:48:28.348+0000] {processor.py:154} INFO - Started process (PID=1102) to work on /opt/airflow/dags/parsing.py
[2022-11-15T12:48:28.351+0000] {processor.py:756} INFO - Processing file /opt/airflow/dags/parsing.py for tasks to queue
[2022-11-15T12:48:28.352+0000] {logging_mixin.py:120} INFO - [2022-11-15T12:48:28.352+0000] {dagbag.py:537} INFO - Filling up the DagBag from /opt/airflow/dags/parsing.py
[2022-11-15T12:48:28.364+0000] {processor.py:766} INFO - DAG(s) dict_keys(['parsing']) retrieved from /opt/airflow/dags/parsing.py
[2022-11-15T12:48:28.399+0000] {logging_mixin.py:120} INFO - [2022-11-15T12:48:28.399+0000] {dag.py:2585} INFO - Sync 1 DAGs
[2022-11-15T12:48:28.423+0000] {logging_mixin.py:120} INFO - [2022-11-15T12:48:28.422+0000] {dag.py:3340} INFO - Setting next_dagrun for parsing to 2022-11-08T00:00:00+00:00, run_after=2022-11-09T00:00:00+00:00
[2022-11-15T12:48:28.447+0000] {processor.py:176} INFO - Processing /opt/airflow/dags/parsing.py took 0.101 seconds
[2022-11-15T12:48:58.829+0000] {processor.py:154} INFO - Started process (PID=1151) to work on /opt/airflow/dags/parsing.py
[2022-11-15T12:48:58.829+0000] {processor.py:756} INFO - Processing file /opt/airflow/dags/parsing.py for tasks to queue
[2022-11-15T12:48:58.830+0000] {logging_mixin.py:120} INFO - [2022-11-15T12:48:58.830+0000] {dagbag.py:537} INFO - Filling up the DagBag from /opt/airflow/dags/parsing.py
[2022-11-15T12:48:58.842+0000] {processor.py:766} INFO - DAG(s) dict_keys(['parsing']) retrieved from /opt/airflow/dags/parsing.py
[2022-11-15T12:48:58.876+0000] {logging_mixin.py:120} INFO - [2022-11-15T12:48:58.875+0000] {dag.py:2585} INFO - Sync 1 DAGs
[2022-11-15T12:48:58.897+0000] {logging_mixin.py:120} INFO - [2022-11-15T12:48:58.897+0000] {dag.py:3340} INFO - Setting next_dagrun for parsing to 2022-11-08T00:00:00+00:00, run_after=2022-11-09T00:00:00+00:00
[2022-11-15T12:48:58.917+0000] {processor.py:176} INFO - Processing /opt/airflow/dags/parsing.py took 0.091 seconds
[2022-11-15T12:49:29.331+0000] {processor.py:154} INFO - Started process (PID=1208) to work on /opt/airflow/dags/parsing.py
[2022-11-15T12:49:29.332+0000] {processor.py:756} INFO - Processing file /opt/airflow/dags/parsing.py for tasks to queue
[2022-11-15T12:49:29.333+0000] {logging_mixin.py:120} INFO - [2022-11-15T12:49:29.333+0000] {dagbag.py:537} INFO - Filling up the DagBag from /opt/airflow/dags/parsing.py
[2022-11-15T12:49:29.349+0000] {processor.py:766} INFO - DAG(s) dict_keys(['parsing']) retrieved from /opt/airflow/dags/parsing.py
[2022-11-15T12:49:29.384+0000] {logging_mixin.py:120} INFO - [2022-11-15T12:49:29.384+0000] {dag.py:2585} INFO - Sync 1 DAGs
[2022-11-15T12:49:29.408+0000] {logging_mixin.py:120} INFO - [2022-11-15T12:49:29.408+0000] {dag.py:3340} INFO - Setting next_dagrun for parsing to 2022-11-08T00:00:00+00:00, run_after=2022-11-09T00:00:00+00:00
[2022-11-15T12:49:29.426+0000] {processor.py:176} INFO - Processing /opt/airflow/dags/parsing.py took 0.098 seconds
[2022-11-15T12:49:59.822+0000] {processor.py:154} INFO - Started process (PID=1265) to work on /opt/airflow/dags/parsing.py
[2022-11-15T12:49:59.823+0000] {processor.py:756} INFO - Processing file /opt/airflow/dags/parsing.py for tasks to queue
[2022-11-15T12:49:59.824+0000] {logging_mixin.py:120} INFO - [2022-11-15T12:49:59.824+0000] {dagbag.py:537} INFO - Filling up the DagBag from /opt/airflow/dags/parsing.py
[2022-11-15T12:49:59.838+0000] {processor.py:766} INFO - DAG(s) dict_keys(['parsing']) retrieved from /opt/airflow/dags/parsing.py
[2022-11-15T12:49:59.879+0000] {logging_mixin.py:120} INFO - [2022-11-15T12:49:59.879+0000] {dag.py:2585} INFO - Sync 1 DAGs
[2022-11-15T12:49:59.904+0000] {logging_mixin.py:120} INFO - [2022-11-15T12:49:59.904+0000] {dag.py:3340} INFO - Setting next_dagrun for parsing to 2022-11-08T00:00:00+00:00, run_after=2022-11-09T00:00:00+00:00
[2022-11-15T12:49:59.925+0000] {processor.py:176} INFO - Processing /opt/airflow/dags/parsing.py took 0.106 seconds
[2022-11-15T12:50:30.324+0000] {processor.py:154} INFO - Started process (PID=1322) to work on /opt/airflow/dags/parsing.py
[2022-11-15T12:50:30.326+0000] {processor.py:756} INFO - Processing file /opt/airflow/dags/parsing.py for tasks to queue
[2022-11-15T12:50:30.327+0000] {logging_mixin.py:120} INFO - [2022-11-15T12:50:30.327+0000] {dagbag.py:537} INFO - Filling up the DagBag from /opt/airflow/dags/parsing.py
[2022-11-15T12:50:30.341+0000] {processor.py:766} INFO - DAG(s) dict_keys(['parsing']) retrieved from /opt/airflow/dags/parsing.py
[2022-11-15T12:50:30.381+0000] {logging_mixin.py:120} INFO - [2022-11-15T12:50:30.380+0000] {dag.py:2585} INFO - Sync 1 DAGs
[2022-11-15T12:50:30.413+0000] {logging_mixin.py:120} INFO - [2022-11-15T12:50:30.413+0000] {dag.py:3340} INFO - Setting next_dagrun for parsing to 2022-11-08T00:00:00+00:00, run_after=2022-11-09T00:00:00+00:00
[2022-11-15T12:50:30.433+0000] {processor.py:176} INFO - Processing /opt/airflow/dags/parsing.py took 0.113 seconds
[2022-11-15T12:51:00.738+0000] {processor.py:154} INFO - Started process (PID=1370) to work on /opt/airflow/dags/parsing.py
[2022-11-15T12:51:00.739+0000] {processor.py:756} INFO - Processing file /opt/airflow/dags/parsing.py for tasks to queue
[2022-11-15T12:51:00.740+0000] {logging_mixin.py:120} INFO - [2022-11-15T12:51:00.739+0000] {dagbag.py:537} INFO - Filling up the DagBag from /opt/airflow/dags/parsing.py
[2022-11-15T12:51:00.752+0000] {processor.py:766} INFO - DAG(s) dict_keys(['parsing']) retrieved from /opt/airflow/dags/parsing.py
[2022-11-15T12:51:00.786+0000] {logging_mixin.py:120} INFO - [2022-11-15T12:51:00.786+0000] {dag.py:2585} INFO - Sync 1 DAGs
[2022-11-15T12:51:00.809+0000] {logging_mixin.py:120} INFO - [2022-11-15T12:51:00.809+0000] {dag.py:3340} INFO - Setting next_dagrun for parsing to 2022-11-08T00:00:00+00:00, run_after=2022-11-09T00:00:00+00:00
[2022-11-15T12:51:00.826+0000] {processor.py:176} INFO - Processing /opt/airflow/dags/parsing.py took 0.090 seconds
[2022-11-15T12:51:31.182+0000] {processor.py:154} INFO - Started process (PID=1427) to work on /opt/airflow/dags/parsing.py
[2022-11-15T12:51:31.183+0000] {processor.py:756} INFO - Processing file /opt/airflow/dags/parsing.py for tasks to queue
[2022-11-15T12:51:31.184+0000] {logging_mixin.py:120} INFO - [2022-11-15T12:51:31.184+0000] {dagbag.py:537} INFO - Filling up the DagBag from /opt/airflow/dags/parsing.py
[2022-11-15T12:51:31.197+0000] {processor.py:766} INFO - DAG(s) dict_keys(['parsing']) retrieved from /opt/airflow/dags/parsing.py
[2022-11-15T12:51:31.232+0000] {logging_mixin.py:120} INFO - [2022-11-15T12:51:31.232+0000] {dag.py:2585} INFO - Sync 1 DAGs
[2022-11-15T12:51:31.254+0000] {logging_mixin.py:120} INFO - [2022-11-15T12:51:31.254+0000] {dag.py:3340} INFO - Setting next_dagrun for parsing to 2022-11-08T00:00:00+00:00, run_after=2022-11-09T00:00:00+00:00
[2022-11-15T12:51:31.272+0000] {processor.py:176} INFO - Processing /opt/airflow/dags/parsing.py took 0.094 seconds
