[2022-11-15T12:40:20.498+0000] {processor.py:154} INFO - Started process (PID=184) to work on /opt/airflow/dags/text_aug.py
[2022-11-15T12:40:20.500+0000] {processor.py:756} INFO - Processing file /opt/airflow/dags/text_aug.py for tasks to queue
[2022-11-15T12:40:20.502+0000] {logging_mixin.py:120} INFO - [2022-11-15T12:40:20.501+0000] {dagbag.py:537} INFO - Filling up the DagBag from /opt/airflow/dags/text_aug.py
[2022-11-15T12:40:20.538+0000] {processor.py:766} INFO - DAG(s) dict_keys(['text_aug']) retrieved from /opt/airflow/dags/text_aug.py
[2022-11-15T12:40:20.876+0000] {logging_mixin.py:120} INFO - [2022-11-15T12:40:20.875+0000] {dag.py:2585} INFO - Sync 1 DAGs
[2022-11-15T12:40:20.924+0000] {logging_mixin.py:120} INFO - [2022-11-15T12:40:20.923+0000] {dag.py:3340} INFO - Setting next_dagrun for text_aug to 2022-11-12T00:00:00+00:00, run_after=2022-11-13T00:00:00+00:00
[2022-11-15T12:40:20.961+0000] {processor.py:176} INFO - Processing /opt/airflow/dags/text_aug.py took 0.474 seconds
[2022-11-15T12:40:51.720+0000] {processor.py:154} INFO - Started process (PID=289) to work on /opt/airflow/dags/text_aug.py
[2022-11-15T12:40:51.721+0000] {processor.py:756} INFO - Processing file /opt/airflow/dags/text_aug.py for tasks to queue
[2022-11-15T12:40:51.722+0000] {logging_mixin.py:120} INFO - [2022-11-15T12:40:51.722+0000] {dagbag.py:537} INFO - Filling up the DagBag from /opt/airflow/dags/text_aug.py
[2022-11-15T12:40:51.856+0000] {processor.py:766} INFO - DAG(s) dict_keys(['text_aug']) retrieved from /opt/airflow/dags/text_aug.py
[2022-11-15T12:40:51.885+0000] {logging_mixin.py:120} INFO - [2022-11-15T12:40:51.885+0000] {dag.py:2585} INFO - Sync 1 DAGs
[2022-11-15T12:40:51.906+0000] {logging_mixin.py:120} INFO - [2022-11-15T12:40:51.906+0000] {dag.py:3340} INFO - Setting next_dagrun for text_aug to 2022-11-12T00:00:00+00:00, run_after=2022-11-13T00:00:00+00:00
[2022-11-15T12:40:51.921+0000] {processor.py:176} INFO - Processing /opt/airflow/dags/text_aug.py took 0.205 seconds
[2022-11-15T12:41:22.262+0000] {processor.py:154} INFO - Started process (PID=346) to work on /opt/airflow/dags/text_aug.py
[2022-11-15T12:41:22.263+0000] {processor.py:756} INFO - Processing file /opt/airflow/dags/text_aug.py for tasks to queue
[2022-11-15T12:41:22.263+0000] {logging_mixin.py:120} INFO - [2022-11-15T12:41:22.263+0000] {dagbag.py:537} INFO - Filling up the DagBag from /opt/airflow/dags/text_aug.py
[2022-11-15T12:41:22.277+0000] {processor.py:766} INFO - DAG(s) dict_keys(['text_aug']) retrieved from /opt/airflow/dags/text_aug.py
[2022-11-15T12:41:22.312+0000] {logging_mixin.py:120} INFO - [2022-11-15T12:41:22.312+0000] {dag.py:2585} INFO - Sync 1 DAGs
[2022-11-15T12:41:22.334+0000] {logging_mixin.py:120} INFO - [2022-11-15T12:41:22.334+0000] {dag.py:3340} INFO - Setting next_dagrun for text_aug to 2022-11-12T00:00:00+00:00, run_after=2022-11-13T00:00:00+00:00
[2022-11-15T12:41:22.351+0000] {processor.py:176} INFO - Processing /opt/airflow/dags/text_aug.py took 0.092 seconds
[2022-11-15T12:41:52.726+0000] {processor.py:154} INFO - Started process (PID=401) to work on /opt/airflow/dags/text_aug.py
[2022-11-15T12:41:52.727+0000] {processor.py:756} INFO - Processing file /opt/airflow/dags/text_aug.py for tasks to queue
[2022-11-15T12:41:52.729+0000] {logging_mixin.py:120} INFO - [2022-11-15T12:41:52.729+0000] {dagbag.py:537} INFO - Filling up the DagBag from /opt/airflow/dags/text_aug.py
[2022-11-15T12:41:52.749+0000] {processor.py:766} INFO - DAG(s) dict_keys(['text_aug']) retrieved from /opt/airflow/dags/text_aug.py
[2022-11-15T12:41:52.797+0000] {logging_mixin.py:120} INFO - [2022-11-15T12:41:52.797+0000] {dag.py:2585} INFO - Sync 1 DAGs
[2022-11-15T12:41:52.846+0000] {logging_mixin.py:120} INFO - [2022-11-15T12:41:52.846+0000] {dag.py:3340} INFO - Setting next_dagrun for text_aug to 2022-11-12T00:00:00+00:00, run_after=2022-11-13T00:00:00+00:00
[2022-11-15T12:41:52.874+0000] {processor.py:176} INFO - Processing /opt/airflow/dags/text_aug.py took 0.151 seconds
[2022-11-15T12:42:23.165+0000] {processor.py:154} INFO - Started process (PID=451) to work on /opt/airflow/dags/text_aug.py
[2022-11-15T12:42:23.166+0000] {processor.py:756} INFO - Processing file /opt/airflow/dags/text_aug.py for tasks to queue
[2022-11-15T12:42:23.167+0000] {logging_mixin.py:120} INFO - [2022-11-15T12:42:23.166+0000] {dagbag.py:537} INFO - Filling up the DagBag from /opt/airflow/dags/text_aug.py
[2022-11-15T12:42:23.181+0000] {processor.py:766} INFO - DAG(s) dict_keys(['text_aug']) retrieved from /opt/airflow/dags/text_aug.py
[2022-11-15T12:42:23.228+0000] {logging_mixin.py:120} INFO - [2022-11-15T12:42:23.228+0000] {dag.py:2585} INFO - Sync 1 DAGs
[2022-11-15T12:42:23.253+0000] {logging_mixin.py:120} INFO - [2022-11-15T12:42:23.253+0000] {dag.py:3340} INFO - Setting next_dagrun for text_aug to 2022-11-12T00:00:00+00:00, run_after=2022-11-13T00:00:00+00:00
[2022-11-15T12:42:23.276+0000] {processor.py:176} INFO - Processing /opt/airflow/dags/text_aug.py took 0.114 seconds
[2022-11-15T12:42:53.550+0000] {processor.py:154} INFO - Started process (PID=508) to work on /opt/airflow/dags/text_aug.py
[2022-11-15T12:42:53.551+0000] {processor.py:756} INFO - Processing file /opt/airflow/dags/text_aug.py for tasks to queue
[2022-11-15T12:42:53.552+0000] {logging_mixin.py:120} INFO - [2022-11-15T12:42:53.552+0000] {dagbag.py:537} INFO - Filling up the DagBag from /opt/airflow/dags/text_aug.py
[2022-11-15T12:42:53.565+0000] {processor.py:766} INFO - DAG(s) dict_keys(['text_aug']) retrieved from /opt/airflow/dags/text_aug.py
[2022-11-15T12:42:53.603+0000] {logging_mixin.py:120} INFO - [2022-11-15T12:42:53.603+0000] {dag.py:2585} INFO - Sync 1 DAGs
[2022-11-15T12:42:53.628+0000] {logging_mixin.py:120} INFO - [2022-11-15T12:42:53.627+0000] {dag.py:3340} INFO - Setting next_dagrun for text_aug to 2022-11-12T00:00:00+00:00, run_after=2022-11-13T00:00:00+00:00
[2022-11-15T12:42:53.649+0000] {processor.py:176} INFO - Processing /opt/airflow/dags/text_aug.py took 0.102 seconds
[2022-11-15T12:43:24.042+0000] {processor.py:154} INFO - Started process (PID=565) to work on /opt/airflow/dags/text_aug.py
[2022-11-15T12:43:24.043+0000] {processor.py:756} INFO - Processing file /opt/airflow/dags/text_aug.py for tasks to queue
[2022-11-15T12:43:24.044+0000] {logging_mixin.py:120} INFO - [2022-11-15T12:43:24.043+0000] {dagbag.py:537} INFO - Filling up the DagBag from /opt/airflow/dags/text_aug.py
[2022-11-15T12:43:24.057+0000] {processor.py:766} INFO - DAG(s) dict_keys(['text_aug']) retrieved from /opt/airflow/dags/text_aug.py
[2022-11-15T12:43:24.098+0000] {logging_mixin.py:120} INFO - [2022-11-15T12:43:24.098+0000] {dag.py:2585} INFO - Sync 1 DAGs
[2022-11-15T12:43:24.132+0000] {logging_mixin.py:120} INFO - [2022-11-15T12:43:24.132+0000] {dag.py:3340} INFO - Setting next_dagrun for text_aug to 2022-11-12T00:00:00+00:00, run_after=2022-11-13T00:00:00+00:00
[2022-11-15T12:43:24.153+0000] {processor.py:176} INFO - Processing /opt/airflow/dags/text_aug.py took 0.114 seconds
[2022-11-15T12:43:54.630+0000] {processor.py:154} INFO - Started process (PID=613) to work on /opt/airflow/dags/text_aug.py
[2022-11-15T12:43:54.632+0000] {processor.py:756} INFO - Processing file /opt/airflow/dags/text_aug.py for tasks to queue
[2022-11-15T12:43:54.633+0000] {logging_mixin.py:120} INFO - [2022-11-15T12:43:54.632+0000] {dagbag.py:537} INFO - Filling up the DagBag from /opt/airflow/dags/text_aug.py
[2022-11-15T12:43:54.664+0000] {processor.py:766} INFO - DAG(s) dict_keys(['text_aug']) retrieved from /opt/airflow/dags/text_aug.py
[2022-11-15T12:43:54.739+0000] {logging_mixin.py:120} INFO - [2022-11-15T12:43:54.739+0000] {dag.py:2585} INFO - Sync 1 DAGs
[2022-11-15T12:43:54.790+0000] {logging_mixin.py:120} INFO - [2022-11-15T12:43:54.789+0000] {dag.py:3340} INFO - Setting next_dagrun for text_aug to 2022-11-12T00:00:00+00:00, run_after=2022-11-13T00:00:00+00:00
[2022-11-15T12:43:54.849+0000] {processor.py:176} INFO - Processing /opt/airflow/dags/text_aug.py took 0.228 seconds
[2022-11-15T12:44:25.141+0000] {processor.py:154} INFO - Started process (PID=670) to work on /opt/airflow/dags/text_aug.py
[2022-11-15T12:44:25.142+0000] {processor.py:756} INFO - Processing file /opt/airflow/dags/text_aug.py for tasks to queue
[2022-11-15T12:44:25.142+0000] {logging_mixin.py:120} INFO - [2022-11-15T12:44:25.142+0000] {dagbag.py:537} INFO - Filling up the DagBag from /opt/airflow/dags/text_aug.py
[2022-11-15T12:44:25.156+0000] {processor.py:766} INFO - DAG(s) dict_keys(['text_aug']) retrieved from /opt/airflow/dags/text_aug.py
[2022-11-15T12:44:25.192+0000] {logging_mixin.py:120} INFO - [2022-11-15T12:44:25.192+0000] {dag.py:2585} INFO - Sync 1 DAGs
[2022-11-15T12:44:25.214+0000] {logging_mixin.py:120} INFO - [2022-11-15T12:44:25.214+0000] {dag.py:3340} INFO - Setting next_dagrun for text_aug to 2022-11-12T00:00:00+00:00, run_after=2022-11-13T00:00:00+00:00
[2022-11-15T12:44:25.231+0000] {processor.py:176} INFO - Processing /opt/airflow/dags/text_aug.py took 0.092 seconds
[2022-11-15T12:44:55.665+0000] {processor.py:154} INFO - Started process (PID=727) to work on /opt/airflow/dags/text_aug.py
[2022-11-15T12:44:55.667+0000] {processor.py:756} INFO - Processing file /opt/airflow/dags/text_aug.py for tasks to queue
[2022-11-15T12:44:55.667+0000] {logging_mixin.py:120} INFO - [2022-11-15T12:44:55.667+0000] {dagbag.py:537} INFO - Filling up the DagBag from /opt/airflow/dags/text_aug.py
[2022-11-15T12:44:55.682+0000] {processor.py:766} INFO - DAG(s) dict_keys(['text_aug']) retrieved from /opt/airflow/dags/text_aug.py
[2022-11-15T12:44:55.724+0000] {logging_mixin.py:120} INFO - [2022-11-15T12:44:55.724+0000] {dag.py:2585} INFO - Sync 1 DAGs
[2022-11-15T12:44:55.748+0000] {logging_mixin.py:120} INFO - [2022-11-15T12:44:55.748+0000] {dag.py:3340} INFO - Setting next_dagrun for text_aug to 2022-11-12T00:00:00+00:00, run_after=2022-11-13T00:00:00+00:00
[2022-11-15T12:44:55.767+0000] {processor.py:176} INFO - Processing /opt/airflow/dags/text_aug.py took 0.104 seconds
[2022-11-15T12:45:26.178+0000] {processor.py:154} INFO - Started process (PID=784) to work on /opt/airflow/dags/text_aug.py
[2022-11-15T12:45:26.179+0000] {processor.py:756} INFO - Processing file /opt/airflow/dags/text_aug.py for tasks to queue
[2022-11-15T12:45:26.179+0000] {logging_mixin.py:120} INFO - [2022-11-15T12:45:26.179+0000] {dagbag.py:537} INFO - Filling up the DagBag from /opt/airflow/dags/text_aug.py
[2022-11-15T12:45:26.198+0000] {processor.py:766} INFO - DAG(s) dict_keys(['text_aug']) retrieved from /opt/airflow/dags/text_aug.py
[2022-11-15T12:45:26.282+0000] {logging_mixin.py:120} INFO - [2022-11-15T12:45:26.282+0000] {dag.py:2585} INFO - Sync 1 DAGs
[2022-11-15T12:45:26.312+0000] {logging_mixin.py:120} INFO - [2022-11-15T12:45:26.312+0000] {dag.py:3340} INFO - Setting next_dagrun for text_aug to 2022-11-12T00:00:00+00:00, run_after=2022-11-13T00:00:00+00:00
[2022-11-15T12:45:26.335+0000] {processor.py:176} INFO - Processing /opt/airflow/dags/text_aug.py took 0.162 seconds
[2022-11-15T12:45:56.664+0000] {processor.py:154} INFO - Started process (PID=832) to work on /opt/airflow/dags/text_aug.py
[2022-11-15T12:45:56.665+0000] {processor.py:756} INFO - Processing file /opt/airflow/dags/text_aug.py for tasks to queue
[2022-11-15T12:45:56.665+0000] {logging_mixin.py:120} INFO - [2022-11-15T12:45:56.665+0000] {dagbag.py:537} INFO - Filling up the DagBag from /opt/airflow/dags/text_aug.py
[2022-11-15T12:45:56.680+0000] {processor.py:766} INFO - DAG(s) dict_keys(['text_aug']) retrieved from /opt/airflow/dags/text_aug.py
[2022-11-15T12:45:56.725+0000] {logging_mixin.py:120} INFO - [2022-11-15T12:45:56.724+0000] {dag.py:2585} INFO - Sync 1 DAGs
[2022-11-15T12:45:56.750+0000] {logging_mixin.py:120} INFO - [2022-11-15T12:45:56.750+0000] {dag.py:3340} INFO - Setting next_dagrun for text_aug to 2022-11-12T00:00:00+00:00, run_after=2022-11-13T00:00:00+00:00
[2022-11-15T12:45:56.767+0000] {processor.py:176} INFO - Processing /opt/airflow/dags/text_aug.py took 0.107 seconds
[2022-11-15T12:46:27.041+0000] {processor.py:154} INFO - Started process (PID=890) to work on /opt/airflow/dags/text_aug.py
[2022-11-15T12:46:27.041+0000] {processor.py:756} INFO - Processing file /opt/airflow/dags/text_aug.py for tasks to queue
[2022-11-15T12:46:27.042+0000] {logging_mixin.py:120} INFO - [2022-11-15T12:46:27.042+0000] {dagbag.py:537} INFO - Filling up the DagBag from /opt/airflow/dags/text_aug.py
[2022-11-15T12:46:27.054+0000] {processor.py:766} INFO - DAG(s) dict_keys(['text_aug']) retrieved from /opt/airflow/dags/text_aug.py
[2022-11-15T12:46:27.090+0000] {logging_mixin.py:120} INFO - [2022-11-15T12:46:27.090+0000] {dag.py:2585} INFO - Sync 1 DAGs
[2022-11-15T12:46:27.124+0000] {logging_mixin.py:120} INFO - [2022-11-15T12:46:27.124+0000] {dag.py:3340} INFO - Setting next_dagrun for text_aug to 2022-11-12T00:00:00+00:00, run_after=2022-11-13T00:00:00+00:00
[2022-11-15T12:46:27.151+0000] {processor.py:176} INFO - Processing /opt/airflow/dags/text_aug.py took 0.113 seconds
[2022-11-15T12:46:57.402+0000] {processor.py:154} INFO - Started process (PID=947) to work on /opt/airflow/dags/text_aug.py
[2022-11-15T12:46:57.411+0000] {processor.py:756} INFO - Processing file /opt/airflow/dags/text_aug.py for tasks to queue
[2022-11-15T12:46:57.412+0000] {logging_mixin.py:120} INFO - [2022-11-15T12:46:57.412+0000] {dagbag.py:537} INFO - Filling up the DagBag from /opt/airflow/dags/text_aug.py
[2022-11-15T12:46:57.425+0000] {processor.py:766} INFO - DAG(s) dict_keys(['text_aug']) retrieved from /opt/airflow/dags/text_aug.py
[2022-11-15T12:46:57.460+0000] {logging_mixin.py:120} INFO - [2022-11-15T12:46:57.460+0000] {dag.py:2585} INFO - Sync 1 DAGs
[2022-11-15T12:46:57.484+0000] {logging_mixin.py:120} INFO - [2022-11-15T12:46:57.484+0000] {dag.py:3340} INFO - Setting next_dagrun for text_aug to 2022-11-12T00:00:00+00:00, run_after=2022-11-13T00:00:00+00:00
[2022-11-15T12:46:57.509+0000] {processor.py:176} INFO - Processing /opt/airflow/dags/text_aug.py took 0.109 seconds
[2022-11-15T12:47:28.027+0000] {processor.py:154} INFO - Started process (PID=995) to work on /opt/airflow/dags/text_aug.py
[2022-11-15T12:47:28.028+0000] {processor.py:756} INFO - Processing file /opt/airflow/dags/text_aug.py for tasks to queue
[2022-11-15T12:47:28.029+0000] {logging_mixin.py:120} INFO - [2022-11-15T12:47:28.029+0000] {dagbag.py:537} INFO - Filling up the DagBag from /opt/airflow/dags/text_aug.py
[2022-11-15T12:47:28.045+0000] {processor.py:766} INFO - DAG(s) dict_keys(['text_aug']) retrieved from /opt/airflow/dags/text_aug.py
[2022-11-15T12:47:28.084+0000] {logging_mixin.py:120} INFO - [2022-11-15T12:47:28.084+0000] {dag.py:2585} INFO - Sync 1 DAGs
[2022-11-15T12:47:28.114+0000] {logging_mixin.py:120} INFO - [2022-11-15T12:47:28.114+0000] {dag.py:3340} INFO - Setting next_dagrun for text_aug to 2022-11-12T00:00:00+00:00, run_after=2022-11-13T00:00:00+00:00
[2022-11-15T12:47:28.343+0000] {processor.py:176} INFO - Processing /opt/airflow/dags/text_aug.py took 0.320 seconds
[2022-11-15T12:47:58.987+0000] {processor.py:154} INFO - Started process (PID=1052) to work on /opt/airflow/dags/text_aug.py
[2022-11-15T12:47:58.997+0000] {processor.py:756} INFO - Processing file /opt/airflow/dags/text_aug.py for tasks to queue
[2022-11-15T12:47:58.998+0000] {logging_mixin.py:120} INFO - [2022-11-15T12:47:58.998+0000] {dagbag.py:537} INFO - Filling up the DagBag from /opt/airflow/dags/text_aug.py
[2022-11-15T12:47:59.010+0000] {processor.py:766} INFO - DAG(s) dict_keys(['text_aug']) retrieved from /opt/airflow/dags/text_aug.py
[2022-11-15T12:47:59.046+0000] {logging_mixin.py:120} INFO - [2022-11-15T12:47:59.045+0000] {dag.py:2585} INFO - Sync 1 DAGs
[2022-11-15T12:47:59.067+0000] {logging_mixin.py:120} INFO - [2022-11-15T12:47:59.067+0000] {dag.py:3340} INFO - Setting next_dagrun for text_aug to 2022-11-12T00:00:00+00:00, run_after=2022-11-13T00:00:00+00:00
[2022-11-15T12:47:59.094+0000] {processor.py:176} INFO - Processing /opt/airflow/dags/text_aug.py took 0.110 seconds
[2022-11-15T12:48:29.473+0000] {processor.py:154} INFO - Started process (PID=1109) to work on /opt/airflow/dags/text_aug.py
[2022-11-15T12:48:29.473+0000] {processor.py:756} INFO - Processing file /opt/airflow/dags/text_aug.py for tasks to queue
[2022-11-15T12:48:29.474+0000] {logging_mixin.py:120} INFO - [2022-11-15T12:48:29.474+0000] {dagbag.py:537} INFO - Filling up the DagBag from /opt/airflow/dags/text_aug.py
[2022-11-15T12:48:29.487+0000] {processor.py:766} INFO - DAG(s) dict_keys(['text_aug']) retrieved from /opt/airflow/dags/text_aug.py
[2022-11-15T12:48:29.522+0000] {logging_mixin.py:120} INFO - [2022-11-15T12:48:29.522+0000] {dag.py:2585} INFO - Sync 1 DAGs
[2022-11-15T12:48:29.544+0000] {logging_mixin.py:120} INFO - [2022-11-15T12:48:29.544+0000] {dag.py:3340} INFO - Setting next_dagrun for text_aug to 2022-11-12T00:00:00+00:00, run_after=2022-11-13T00:00:00+00:00
[2022-11-15T12:48:29.575+0000] {processor.py:176} INFO - Processing /opt/airflow/dags/text_aug.py took 0.106 seconds
[2022-11-15T12:48:59.944+0000] {processor.py:154} INFO - Started process (PID=1167) to work on /opt/airflow/dags/text_aug.py
[2022-11-15T12:48:59.946+0000] {processor.py:756} INFO - Processing file /opt/airflow/dags/text_aug.py for tasks to queue
[2022-11-15T12:48:59.946+0000] {logging_mixin.py:120} INFO - [2022-11-15T12:48:59.946+0000] {dagbag.py:537} INFO - Filling up the DagBag from /opt/airflow/dags/text_aug.py
[2022-11-15T12:48:59.961+0000] {processor.py:766} INFO - DAG(s) dict_keys(['text_aug']) retrieved from /opt/airflow/dags/text_aug.py
[2022-11-15T12:49:00.010+0000] {logging_mixin.py:120} INFO - [2022-11-15T12:49:00.010+0000] {dag.py:2585} INFO - Sync 1 DAGs
[2022-11-15T12:49:00.052+0000] {logging_mixin.py:120} INFO - [2022-11-15T12:49:00.052+0000] {dag.py:3340} INFO - Setting next_dagrun for text_aug to 2022-11-12T00:00:00+00:00, run_after=2022-11-13T00:00:00+00:00
[2022-11-15T12:49:00.073+0000] {processor.py:176} INFO - Processing /opt/airflow/dags/text_aug.py took 0.132 seconds
[2022-11-15T12:49:30.420+0000] {processor.py:154} INFO - Started process (PID=1215) to work on /opt/airflow/dags/text_aug.py
[2022-11-15T12:49:30.422+0000] {processor.py:756} INFO - Processing file /opt/airflow/dags/text_aug.py for tasks to queue
[2022-11-15T12:49:30.422+0000] {logging_mixin.py:120} INFO - [2022-11-15T12:49:30.422+0000] {dagbag.py:537} INFO - Filling up the DagBag from /opt/airflow/dags/text_aug.py
[2022-11-15T12:49:30.435+0000] {processor.py:766} INFO - DAG(s) dict_keys(['text_aug']) retrieved from /opt/airflow/dags/text_aug.py
[2022-11-15T12:49:30.473+0000] {logging_mixin.py:120} INFO - [2022-11-15T12:49:30.472+0000] {dag.py:2585} INFO - Sync 1 DAGs
[2022-11-15T12:49:30.502+0000] {logging_mixin.py:120} INFO - [2022-11-15T12:49:30.501+0000] {dag.py:3340} INFO - Setting next_dagrun for text_aug to 2022-11-12T00:00:00+00:00, run_after=2022-11-13T00:00:00+00:00
[2022-11-15T12:49:30.529+0000] {processor.py:176} INFO - Processing /opt/airflow/dags/text_aug.py took 0.111 seconds
[2022-11-15T12:50:00.908+0000] {processor.py:154} INFO - Started process (PID=1272) to work on /opt/airflow/dags/text_aug.py
[2022-11-15T12:50:00.909+0000] {processor.py:756} INFO - Processing file /opt/airflow/dags/text_aug.py for tasks to queue
[2022-11-15T12:50:00.910+0000] {logging_mixin.py:120} INFO - [2022-11-15T12:50:00.909+0000] {dagbag.py:537} INFO - Filling up the DagBag from /opt/airflow/dags/text_aug.py
[2022-11-15T12:50:00.924+0000] {processor.py:766} INFO - DAG(s) dict_keys(['text_aug']) retrieved from /opt/airflow/dags/text_aug.py
[2022-11-15T12:50:00.976+0000] {logging_mixin.py:120} INFO - [2022-11-15T12:50:00.976+0000] {dag.py:2585} INFO - Sync 1 DAGs
[2022-11-15T12:50:01.007+0000] {logging_mixin.py:120} INFO - [2022-11-15T12:50:01.007+0000] {dag.py:3340} INFO - Setting next_dagrun for text_aug to 2022-11-12T00:00:00+00:00, run_after=2022-11-13T00:00:00+00:00
[2022-11-15T12:50:01.040+0000] {processor.py:176} INFO - Processing /opt/airflow/dags/text_aug.py took 0.136 seconds
[2022-11-15T12:50:31.401+0000] {processor.py:154} INFO - Started process (PID=1329) to work on /opt/airflow/dags/text_aug.py
[2022-11-15T12:50:31.401+0000] {processor.py:756} INFO - Processing file /opt/airflow/dags/text_aug.py for tasks to queue
[2022-11-15T12:50:31.402+0000] {logging_mixin.py:120} INFO - [2022-11-15T12:50:31.402+0000] {dagbag.py:537} INFO - Filling up the DagBag from /opt/airflow/dags/text_aug.py
[2022-11-15T12:50:31.414+0000] {processor.py:766} INFO - DAG(s) dict_keys(['text_aug']) retrieved from /opt/airflow/dags/text_aug.py
[2022-11-15T12:50:31.452+0000] {logging_mixin.py:120} INFO - [2022-11-15T12:50:31.452+0000] {dag.py:2585} INFO - Sync 1 DAGs
[2022-11-15T12:50:31.473+0000] {logging_mixin.py:120} INFO - [2022-11-15T12:50:31.473+0000] {dag.py:3340} INFO - Setting next_dagrun for text_aug to 2022-11-12T00:00:00+00:00, run_after=2022-11-13T00:00:00+00:00
[2022-11-15T12:50:31.490+0000] {processor.py:176} INFO - Processing /opt/airflow/dags/text_aug.py took 0.094 seconds
[2022-11-15T12:51:01.820+0000] {processor.py:154} INFO - Started process (PID=1384) to work on /opt/airflow/dags/text_aug.py
[2022-11-15T12:51:01.821+0000] {processor.py:756} INFO - Processing file /opt/airflow/dags/text_aug.py for tasks to queue
[2022-11-15T12:51:01.823+0000] {logging_mixin.py:120} INFO - [2022-11-15T12:51:01.823+0000] {dagbag.py:537} INFO - Filling up the DagBag from /opt/airflow/dags/text_aug.py
[2022-11-15T12:51:01.836+0000] {processor.py:766} INFO - DAG(s) dict_keys(['text_aug']) retrieved from /opt/airflow/dags/text_aug.py
[2022-11-15T12:51:01.879+0000] {logging_mixin.py:120} INFO - [2022-11-15T12:51:01.878+0000] {dag.py:2585} INFO - Sync 1 DAGs
[2022-11-15T12:51:01.904+0000] {logging_mixin.py:120} INFO - [2022-11-15T12:51:01.904+0000] {dag.py:3340} INFO - Setting next_dagrun for text_aug to 2022-11-12T00:00:00+00:00, run_after=2022-11-13T00:00:00+00:00
[2022-11-15T12:51:01.923+0000] {processor.py:176} INFO - Processing /opt/airflow/dags/text_aug.py took 0.107 seconds
[2022-11-15T12:51:32.191+0000] {processor.py:154} INFO - Started process (PID=1434) to work on /opt/airflow/dags/text_aug.py
[2022-11-15T12:51:32.192+0000] {processor.py:756} INFO - Processing file /opt/airflow/dags/text_aug.py for tasks to queue
[2022-11-15T12:51:32.193+0000] {logging_mixin.py:120} INFO - [2022-11-15T12:51:32.193+0000] {dagbag.py:537} INFO - Filling up the DagBag from /opt/airflow/dags/text_aug.py
[2022-11-15T12:51:32.208+0000] {processor.py:766} INFO - DAG(s) dict_keys(['text_aug']) retrieved from /opt/airflow/dags/text_aug.py
[2022-11-15T12:51:32.245+0000] {logging_mixin.py:120} INFO - [2022-11-15T12:51:32.245+0000] {dag.py:2585} INFO - Sync 1 DAGs
[2022-11-15T12:51:32.269+0000] {logging_mixin.py:120} INFO - [2022-11-15T12:51:32.269+0000] {dag.py:3340} INFO - Setting next_dagrun for text_aug to 2022-11-12T00:00:00+00:00, run_after=2022-11-13T00:00:00+00:00
[2022-11-15T12:51:32.288+0000] {processor.py:176} INFO - Processing /opt/airflow/dags/text_aug.py took 0.101 seconds
