[2022-11-15T12:40:21.233+0000] {processor.py:154} INFO - Started process (PID=201) to work on /opt/airflow/dags/tuto.py
[2022-11-15T12:40:21.234+0000] {processor.py:756} INFO - Processing file /opt/airflow/dags/tuto.py for tasks to queue
[2022-11-15T12:40:21.235+0000] {logging_mixin.py:120} INFO - [2022-11-15T12:40:21.235+0000] {dagbag.py:537} INFO - Filling up the DagBag from /opt/airflow/dags/tuto.py
[2022-11-15T12:40:21.259+0000] {processor.py:766} INFO - DAG(s) dict_keys(['tutorial']) retrieved from /opt/airflow/dags/tuto.py
[2022-11-15T12:40:21.494+0000] {logging_mixin.py:120} INFO - [2022-11-15T12:40:21.494+0000] {dag.py:2585} INFO - Sync 1 DAGs
[2022-11-15T12:40:21.541+0000] {logging_mixin.py:120} INFO - [2022-11-15T12:40:21.541+0000] {dag.py:3340} INFO - Setting next_dagrun for tutorial to 2019-07-27T00:00:00+00:00, run_after=2019-07-28T00:00:00+00:00
[2022-11-15T12:40:21.573+0000] {processor.py:176} INFO - Processing /opt/airflow/dags/tuto.py took 0.344 seconds
[2022-11-15T12:40:52.146+0000] {processor.py:154} INFO - Started process (PID=304) to work on /opt/airflow/dags/tuto.py
[2022-11-15T12:40:52.147+0000] {processor.py:756} INFO - Processing file /opt/airflow/dags/tuto.py for tasks to queue
[2022-11-15T12:40:52.147+0000] {logging_mixin.py:120} INFO - [2022-11-15T12:40:52.147+0000] {dagbag.py:537} INFO - Filling up the DagBag from /opt/airflow/dags/tuto.py
[2022-11-15T12:40:52.270+0000] {processor.py:766} INFO - DAG(s) dict_keys(['tutorial']) retrieved from /opt/airflow/dags/tuto.py
[2022-11-15T12:40:52.298+0000] {logging_mixin.py:120} INFO - [2022-11-15T12:40:52.298+0000] {dag.py:2585} INFO - Sync 1 DAGs
[2022-11-15T12:40:52.320+0000] {logging_mixin.py:120} INFO - [2022-11-15T12:40:52.320+0000] {dag.py:3340} INFO - Setting next_dagrun for tutorial to 2019-07-27T00:00:00+00:00, run_after=2019-07-28T00:00:00+00:00
[2022-11-15T12:40:52.335+0000] {processor.py:176} INFO - Processing /opt/airflow/dags/tuto.py took 0.192 seconds
[2022-11-15T12:41:22.473+0000] {processor.py:154} INFO - Started process (PID=361) to work on /opt/airflow/dags/tuto.py
[2022-11-15T12:41:22.474+0000] {processor.py:756} INFO - Processing file /opt/airflow/dags/tuto.py for tasks to queue
[2022-11-15T12:41:22.474+0000] {logging_mixin.py:120} INFO - [2022-11-15T12:41:22.474+0000] {dagbag.py:537} INFO - Filling up the DagBag from /opt/airflow/dags/tuto.py
[2022-11-15T12:41:22.487+0000] {processor.py:766} INFO - DAG(s) dict_keys(['tutorial']) retrieved from /opt/airflow/dags/tuto.py
[2022-11-15T12:41:22.524+0000] {logging_mixin.py:120} INFO - [2022-11-15T12:41:22.524+0000] {dag.py:2585} INFO - Sync 1 DAGs
[2022-11-15T12:41:22.546+0000] {logging_mixin.py:120} INFO - [2022-11-15T12:41:22.546+0000] {dag.py:3340} INFO - Setting next_dagrun for tutorial to 2019-07-27T00:00:00+00:00, run_after=2019-07-28T00:00:00+00:00
[2022-11-15T12:41:22.562+0000] {processor.py:176} INFO - Processing /opt/airflow/dags/tuto.py took 0.091 seconds
[2022-11-15T12:41:52.900+0000] {processor.py:154} INFO - Started process (PID=414) to work on /opt/airflow/dags/tuto.py
[2022-11-15T12:41:52.900+0000] {processor.py:756} INFO - Processing file /opt/airflow/dags/tuto.py for tasks to queue
[2022-11-15T12:41:52.901+0000] {logging_mixin.py:120} INFO - [2022-11-15T12:41:52.901+0000] {dagbag.py:537} INFO - Filling up the DagBag from /opt/airflow/dags/tuto.py
[2022-11-15T12:41:52.919+0000] {processor.py:766} INFO - DAG(s) dict_keys(['tutorial']) retrieved from /opt/airflow/dags/tuto.py
[2022-11-15T12:41:52.962+0000] {logging_mixin.py:120} INFO - [2022-11-15T12:41:52.962+0000] {dag.py:2585} INFO - Sync 1 DAGs
[2022-11-15T12:41:52.987+0000] {logging_mixin.py:120} INFO - [2022-11-15T12:41:52.987+0000] {dag.py:3340} INFO - Setting next_dagrun for tutorial to 2019-07-27T00:00:00+00:00, run_after=2019-07-28T00:00:00+00:00
[2022-11-15T12:41:53.010+0000] {processor.py:176} INFO - Processing /opt/airflow/dags/tuto.py took 0.113 seconds
[2022-11-15T12:42:23.311+0000] {processor.py:154} INFO - Started process (PID=464) to work on /opt/airflow/dags/tuto.py
[2022-11-15T12:42:23.312+0000] {processor.py:756} INFO - Processing file /opt/airflow/dags/tuto.py for tasks to queue
[2022-11-15T12:42:23.313+0000] {logging_mixin.py:120} INFO - [2022-11-15T12:42:23.313+0000] {dagbag.py:537} INFO - Filling up the DagBag from /opt/airflow/dags/tuto.py
[2022-11-15T12:42:23.329+0000] {processor.py:766} INFO - DAG(s) dict_keys(['tutorial']) retrieved from /opt/airflow/dags/tuto.py
[2022-11-15T12:42:23.374+0000] {logging_mixin.py:120} INFO - [2022-11-15T12:42:23.373+0000] {dag.py:2585} INFO - Sync 1 DAGs
[2022-11-15T12:42:23.404+0000] {logging_mixin.py:120} INFO - [2022-11-15T12:42:23.404+0000] {dag.py:3340} INFO - Setting next_dagrun for tutorial to 2019-07-27T00:00:00+00:00, run_after=2019-07-28T00:00:00+00:00
[2022-11-15T12:42:23.426+0000] {processor.py:176} INFO - Processing /opt/airflow/dags/tuto.py took 0.119 seconds
[2022-11-15T12:42:53.778+0000] {processor.py:154} INFO - Started process (PID=523) to work on /opt/airflow/dags/tuto.py
[2022-11-15T12:42:53.779+0000] {processor.py:756} INFO - Processing file /opt/airflow/dags/tuto.py for tasks to queue
[2022-11-15T12:42:53.779+0000] {logging_mixin.py:120} INFO - [2022-11-15T12:42:53.779+0000] {dagbag.py:537} INFO - Filling up the DagBag from /opt/airflow/dags/tuto.py
[2022-11-15T12:42:53.794+0000] {processor.py:766} INFO - DAG(s) dict_keys(['tutorial']) retrieved from /opt/airflow/dags/tuto.py
[2022-11-15T12:42:53.830+0000] {logging_mixin.py:120} INFO - [2022-11-15T12:42:53.830+0000] {dag.py:2585} INFO - Sync 1 DAGs
[2022-11-15T12:42:53.852+0000] {logging_mixin.py:120} INFO - [2022-11-15T12:42:53.852+0000] {dag.py:3340} INFO - Setting next_dagrun for tutorial to 2019-07-27T00:00:00+00:00, run_after=2019-07-28T00:00:00+00:00
[2022-11-15T12:42:53.869+0000] {processor.py:176} INFO - Processing /opt/airflow/dags/tuto.py took 0.094 seconds
[2022-11-15T12:43:24.313+0000] {processor.py:154} INFO - Started process (PID=580) to work on /opt/airflow/dags/tuto.py
[2022-11-15T12:43:24.314+0000] {processor.py:756} INFO - Processing file /opt/airflow/dags/tuto.py for tasks to queue
[2022-11-15T12:43:24.315+0000] {logging_mixin.py:120} INFO - [2022-11-15T12:43:24.314+0000] {dagbag.py:537} INFO - Filling up the DagBag from /opt/airflow/dags/tuto.py
[2022-11-15T12:43:24.330+0000] {processor.py:766} INFO - DAG(s) dict_keys(['tutorial']) retrieved from /opt/airflow/dags/tuto.py
[2022-11-15T12:43:24.382+0000] {logging_mixin.py:120} INFO - [2022-11-15T12:43:24.382+0000] {dag.py:2585} INFO - Sync 1 DAGs
[2022-11-15T12:43:24.408+0000] {logging_mixin.py:120} INFO - [2022-11-15T12:43:24.408+0000] {dag.py:3340} INFO - Setting next_dagrun for tutorial to 2019-07-27T00:00:00+00:00, run_after=2019-07-28T00:00:00+00:00
[2022-11-15T12:43:24.427+0000] {processor.py:176} INFO - Processing /opt/airflow/dags/tuto.py took 0.117 seconds
[2022-11-15T12:43:55.005+0000] {processor.py:154} INFO - Started process (PID=628) to work on /opt/airflow/dags/tuto.py
[2022-11-15T12:43:55.006+0000] {processor.py:756} INFO - Processing file /opt/airflow/dags/tuto.py for tasks to queue
[2022-11-15T12:43:55.007+0000] {logging_mixin.py:120} INFO - [2022-11-15T12:43:55.007+0000] {dagbag.py:537} INFO - Filling up the DagBag from /opt/airflow/dags/tuto.py
[2022-11-15T12:43:55.022+0000] {processor.py:766} INFO - DAG(s) dict_keys(['tutorial']) retrieved from /opt/airflow/dags/tuto.py
[2022-11-15T12:43:55.069+0000] {logging_mixin.py:120} INFO - [2022-11-15T12:43:55.068+0000] {dag.py:2585} INFO - Sync 1 DAGs
[2022-11-15T12:43:55.097+0000] {logging_mixin.py:120} INFO - [2022-11-15T12:43:55.097+0000] {dag.py:3340} INFO - Setting next_dagrun for tutorial to 2019-07-27T00:00:00+00:00, run_after=2019-07-28T00:00:00+00:00
[2022-11-15T12:43:55.125+0000] {processor.py:176} INFO - Processing /opt/airflow/dags/tuto.py took 0.123 seconds
[2022-11-15T12:44:25.352+0000] {processor.py:154} INFO - Started process (PID=685) to work on /opt/airflow/dags/tuto.py
[2022-11-15T12:44:25.353+0000] {processor.py:756} INFO - Processing file /opt/airflow/dags/tuto.py for tasks to queue
[2022-11-15T12:44:25.354+0000] {logging_mixin.py:120} INFO - [2022-11-15T12:44:25.354+0000] {dagbag.py:537} INFO - Filling up the DagBag from /opt/airflow/dags/tuto.py
[2022-11-15T12:44:25.367+0000] {processor.py:766} INFO - DAG(s) dict_keys(['tutorial']) retrieved from /opt/airflow/dags/tuto.py
[2022-11-15T12:44:25.407+0000] {logging_mixin.py:120} INFO - [2022-11-15T12:44:25.407+0000] {dag.py:2585} INFO - Sync 1 DAGs
[2022-11-15T12:44:25.429+0000] {logging_mixin.py:120} INFO - [2022-11-15T12:44:25.429+0000] {dag.py:3340} INFO - Setting next_dagrun for tutorial to 2019-07-27T00:00:00+00:00, run_after=2019-07-28T00:00:00+00:00
[2022-11-15T12:44:25.446+0000] {processor.py:176} INFO - Processing /opt/airflow/dags/tuto.py took 0.096 seconds
[2022-11-15T12:44:55.937+0000] {processor.py:154} INFO - Started process (PID=742) to work on /opt/airflow/dags/tuto.py
[2022-11-15T12:44:55.938+0000] {processor.py:756} INFO - Processing file /opt/airflow/dags/tuto.py for tasks to queue
[2022-11-15T12:44:55.938+0000] {logging_mixin.py:120} INFO - [2022-11-15T12:44:55.938+0000] {dagbag.py:537} INFO - Filling up the DagBag from /opt/airflow/dags/tuto.py
[2022-11-15T12:44:55.953+0000] {processor.py:766} INFO - DAG(s) dict_keys(['tutorial']) retrieved from /opt/airflow/dags/tuto.py
[2022-11-15T12:44:55.995+0000] {logging_mixin.py:120} INFO - [2022-11-15T12:44:55.995+0000] {dag.py:2585} INFO - Sync 1 DAGs
[2022-11-15T12:44:56.020+0000] {logging_mixin.py:120} INFO - [2022-11-15T12:44:56.020+0000] {dag.py:3340} INFO - Setting next_dagrun for tutorial to 2019-07-27T00:00:00+00:00, run_after=2019-07-28T00:00:00+00:00
[2022-11-15T12:44:56.036+0000] {processor.py:176} INFO - Processing /opt/airflow/dags/tuto.py took 0.103 seconds
[2022-11-15T12:45:26.470+0000] {processor.py:154} INFO - Started process (PID=799) to work on /opt/airflow/dags/tuto.py
[2022-11-15T12:45:26.471+0000] {processor.py:756} INFO - Processing file /opt/airflow/dags/tuto.py for tasks to queue
[2022-11-15T12:45:26.472+0000] {logging_mixin.py:120} INFO - [2022-11-15T12:45:26.472+0000] {dagbag.py:537} INFO - Filling up the DagBag from /opt/airflow/dags/tuto.py
[2022-11-15T12:45:26.485+0000] {processor.py:766} INFO - DAG(s) dict_keys(['tutorial']) retrieved from /opt/airflow/dags/tuto.py
[2022-11-15T12:45:26.521+0000] {logging_mixin.py:120} INFO - [2022-11-15T12:45:26.521+0000] {dag.py:2585} INFO - Sync 1 DAGs
[2022-11-15T12:45:26.543+0000] {logging_mixin.py:120} INFO - [2022-11-15T12:45:26.543+0000] {dag.py:3340} INFO - Setting next_dagrun for tutorial to 2019-07-27T00:00:00+00:00, run_after=2019-07-28T00:00:00+00:00
[2022-11-15T12:45:26.559+0000] {processor.py:176} INFO - Processing /opt/airflow/dags/tuto.py took 0.092 seconds
[2022-11-15T12:45:56.821+0000] {processor.py:154} INFO - Started process (PID=845) to work on /opt/airflow/dags/tuto.py
[2022-11-15T12:45:56.822+0000] {processor.py:756} INFO - Processing file /opt/airflow/dags/tuto.py for tasks to queue
[2022-11-15T12:45:56.822+0000] {logging_mixin.py:120} INFO - [2022-11-15T12:45:56.822+0000] {dagbag.py:537} INFO - Filling up the DagBag from /opt/airflow/dags/tuto.py
[2022-11-15T12:45:56.837+0000] {processor.py:766} INFO - DAG(s) dict_keys(['tutorial']) retrieved from /opt/airflow/dags/tuto.py
[2022-11-15T12:45:56.874+0000] {logging_mixin.py:120} INFO - [2022-11-15T12:45:56.874+0000] {dag.py:2585} INFO - Sync 1 DAGs
[2022-11-15T12:45:56.898+0000] {logging_mixin.py:120} INFO - [2022-11-15T12:45:56.898+0000] {dag.py:3340} INFO - Setting next_dagrun for tutorial to 2019-07-27T00:00:00+00:00, run_after=2019-07-28T00:00:00+00:00
[2022-11-15T12:45:56.914+0000] {processor.py:176} INFO - Processing /opt/airflow/dags/tuto.py took 0.096 seconds
[2022-11-15T12:46:27.184+0000] {processor.py:154} INFO - Started process (PID=903) to work on /opt/airflow/dags/tuto.py
[2022-11-15T12:46:27.185+0000] {processor.py:756} INFO - Processing file /opt/airflow/dags/tuto.py for tasks to queue
[2022-11-15T12:46:27.185+0000] {logging_mixin.py:120} INFO - [2022-11-15T12:46:27.185+0000] {dagbag.py:537} INFO - Filling up the DagBag from /opt/airflow/dags/tuto.py
[2022-11-15T12:46:27.203+0000] {processor.py:766} INFO - DAG(s) dict_keys(['tutorial']) retrieved from /opt/airflow/dags/tuto.py
[2022-11-15T12:46:27.245+0000] {logging_mixin.py:120} INFO - [2022-11-15T12:46:27.245+0000] {dag.py:2585} INFO - Sync 1 DAGs
[2022-11-15T12:46:27.271+0000] {logging_mixin.py:120} INFO - [2022-11-15T12:46:27.271+0000] {dag.py:3340} INFO - Setting next_dagrun for tutorial to 2019-07-27T00:00:00+00:00, run_after=2019-07-28T00:00:00+00:00
[2022-11-15T12:46:27.288+0000] {processor.py:176} INFO - Processing /opt/airflow/dags/tuto.py took 0.109 seconds
[2022-11-15T12:46:57.652+0000] {processor.py:154} INFO - Started process (PID=962) to work on /opt/airflow/dags/tuto.py
[2022-11-15T12:46:57.653+0000] {processor.py:756} INFO - Processing file /opt/airflow/dags/tuto.py for tasks to queue
[2022-11-15T12:46:57.653+0000] {logging_mixin.py:120} INFO - [2022-11-15T12:46:57.653+0000] {dagbag.py:537} INFO - Filling up the DagBag from /opt/airflow/dags/tuto.py
[2022-11-15T12:46:57.666+0000] {processor.py:766} INFO - DAG(s) dict_keys(['tutorial']) retrieved from /opt/airflow/dags/tuto.py
[2022-11-15T12:46:57.700+0000] {logging_mixin.py:120} INFO - [2022-11-15T12:46:57.700+0000] {dag.py:2585} INFO - Sync 1 DAGs
[2022-11-15T12:46:57.723+0000] {logging_mixin.py:120} INFO - [2022-11-15T12:46:57.723+0000] {dag.py:3340} INFO - Setting next_dagrun for tutorial to 2019-07-27T00:00:00+00:00, run_after=2019-07-28T00:00:00+00:00
[2022-11-15T12:46:57.742+0000] {processor.py:176} INFO - Processing /opt/airflow/dags/tuto.py took 0.092 seconds
[2022-11-15T12:47:28.507+0000] {processor.py:154} INFO - Started process (PID=1008) to work on /opt/airflow/dags/tuto.py
[2022-11-15T12:47:28.528+0000] {processor.py:756} INFO - Processing file /opt/airflow/dags/tuto.py for tasks to queue
[2022-11-15T12:47:28.529+0000] {logging_mixin.py:120} INFO - [2022-11-15T12:47:28.529+0000] {dagbag.py:537} INFO - Filling up the DagBag from /opt/airflow/dags/tuto.py
[2022-11-15T12:47:28.546+0000] {processor.py:766} INFO - DAG(s) dict_keys(['tutorial']) retrieved from /opt/airflow/dags/tuto.py
[2022-11-15T12:47:28.589+0000] {logging_mixin.py:120} INFO - [2022-11-15T12:47:28.589+0000] {dag.py:2585} INFO - Sync 1 DAGs
[2022-11-15T12:47:28.778+0000] {logging_mixin.py:120} INFO - [2022-11-15T12:47:28.777+0000] {dag.py:3340} INFO - Setting next_dagrun for tutorial to 2019-07-27T00:00:00+00:00, run_after=2019-07-28T00:00:00+00:00
[2022-11-15T12:47:28.864+0000] {processor.py:176} INFO - Processing /opt/airflow/dags/tuto.py took 0.359 seconds
[2022-11-15T12:47:59.229+0000] {processor.py:154} INFO - Started process (PID=1067) to work on /opt/airflow/dags/tuto.py
[2022-11-15T12:47:59.229+0000] {processor.py:756} INFO - Processing file /opt/airflow/dags/tuto.py for tasks to queue
[2022-11-15T12:47:59.230+0000] {logging_mixin.py:120} INFO - [2022-11-15T12:47:59.230+0000] {dagbag.py:537} INFO - Filling up the DagBag from /opt/airflow/dags/tuto.py
[2022-11-15T12:47:59.242+0000] {processor.py:766} INFO - DAG(s) dict_keys(['tutorial']) retrieved from /opt/airflow/dags/tuto.py
[2022-11-15T12:47:59.278+0000] {logging_mixin.py:120} INFO - [2022-11-15T12:47:59.278+0000] {dag.py:2585} INFO - Sync 1 DAGs
[2022-11-15T12:47:59.299+0000] {logging_mixin.py:120} INFO - [2022-11-15T12:47:59.299+0000] {dag.py:3340} INFO - Setting next_dagrun for tutorial to 2019-07-27T00:00:00+00:00, run_after=2019-07-28T00:00:00+00:00
[2022-11-15T12:47:59.324+0000] {processor.py:176} INFO - Processing /opt/airflow/dags/tuto.py took 0.098 seconds
[2022-11-15T12:48:29.711+0000] {processor.py:154} INFO - Started process (PID=1124) to work on /opt/airflow/dags/tuto.py
[2022-11-15T12:48:29.712+0000] {processor.py:756} INFO - Processing file /opt/airflow/dags/tuto.py for tasks to queue
[2022-11-15T12:48:29.713+0000] {logging_mixin.py:120} INFO - [2022-11-15T12:48:29.713+0000] {dagbag.py:537} INFO - Filling up the DagBag from /opt/airflow/dags/tuto.py
[2022-11-15T12:48:29.725+0000] {processor.py:766} INFO - DAG(s) dict_keys(['tutorial']) retrieved from /opt/airflow/dags/tuto.py
[2022-11-15T12:48:29.759+0000] {logging_mixin.py:120} INFO - [2022-11-15T12:48:29.759+0000] {dag.py:2585} INFO - Sync 1 DAGs
[2022-11-15T12:48:29.781+0000] {logging_mixin.py:120} INFO - [2022-11-15T12:48:29.781+0000] {dag.py:3340} INFO - Setting next_dagrun for tutorial to 2019-07-27T00:00:00+00:00, run_after=2019-07-28T00:00:00+00:00
[2022-11-15T12:48:29.809+0000] {processor.py:176} INFO - Processing /opt/airflow/dags/tuto.py took 0.100 seconds
[2022-11-15T12:49:00.210+0000] {processor.py:154} INFO - Started process (PID=1182) to work on /opt/airflow/dags/tuto.py
[2022-11-15T12:49:00.211+0000] {processor.py:756} INFO - Processing file /opt/airflow/dags/tuto.py for tasks to queue
[2022-11-15T12:49:00.212+0000] {logging_mixin.py:120} INFO - [2022-11-15T12:49:00.212+0000] {dagbag.py:537} INFO - Filling up the DagBag from /opt/airflow/dags/tuto.py
[2022-11-15T12:49:00.226+0000] {processor.py:766} INFO - DAG(s) dict_keys(['tutorial']) retrieved from /opt/airflow/dags/tuto.py
[2022-11-15T12:49:00.270+0000] {logging_mixin.py:120} INFO - [2022-11-15T12:49:00.270+0000] {dag.py:2585} INFO - Sync 1 DAGs
[2022-11-15T12:49:00.294+0000] {logging_mixin.py:120} INFO - [2022-11-15T12:49:00.293+0000] {dag.py:3340} INFO - Setting next_dagrun for tutorial to 2019-07-27T00:00:00+00:00, run_after=2019-07-28T00:00:00+00:00
[2022-11-15T12:49:00.312+0000] {processor.py:176} INFO - Processing /opt/airflow/dags/tuto.py took 0.105 seconds
[2022-11-15T12:49:30.703+0000] {processor.py:154} INFO - Started process (PID=1230) to work on /opt/airflow/dags/tuto.py
[2022-11-15T12:49:30.704+0000] {processor.py:756} INFO - Processing file /opt/airflow/dags/tuto.py for tasks to queue
[2022-11-15T12:49:30.705+0000] {logging_mixin.py:120} INFO - [2022-11-15T12:49:30.704+0000] {dagbag.py:537} INFO - Filling up the DagBag from /opt/airflow/dags/tuto.py
[2022-11-15T12:49:30.718+0000] {processor.py:766} INFO - DAG(s) dict_keys(['tutorial']) retrieved from /opt/airflow/dags/tuto.py
[2022-11-15T12:49:30.755+0000] {logging_mixin.py:120} INFO - [2022-11-15T12:49:30.755+0000] {dag.py:2585} INFO - Sync 1 DAGs
[2022-11-15T12:49:30.781+0000] {logging_mixin.py:120} INFO - [2022-11-15T12:49:30.781+0000] {dag.py:3340} INFO - Setting next_dagrun for tutorial to 2019-07-27T00:00:00+00:00, run_after=2019-07-28T00:00:00+00:00
[2022-11-15T12:49:30.799+0000] {processor.py:176} INFO - Processing /opt/airflow/dags/tuto.py took 0.099 seconds
[2022-11-15T12:50:01.187+0000] {processor.py:154} INFO - Started process (PID=1287) to work on /opt/airflow/dags/tuto.py
[2022-11-15T12:50:01.188+0000] {processor.py:756} INFO - Processing file /opt/airflow/dags/tuto.py for tasks to queue
[2022-11-15T12:50:01.189+0000] {logging_mixin.py:120} INFO - [2022-11-15T12:50:01.189+0000] {dagbag.py:537} INFO - Filling up the DagBag from /opt/airflow/dags/tuto.py
[2022-11-15T12:50:01.203+0000] {processor.py:766} INFO - DAG(s) dict_keys(['tutorial']) retrieved from /opt/airflow/dags/tuto.py
[2022-11-15T12:50:01.243+0000] {logging_mixin.py:120} INFO - [2022-11-15T12:50:01.243+0000] {dag.py:2585} INFO - Sync 1 DAGs
[2022-11-15T12:50:01.269+0000] {logging_mixin.py:120} INFO - [2022-11-15T12:50:01.269+0000] {dag.py:3340} INFO - Setting next_dagrun for tutorial to 2019-07-27T00:00:00+00:00, run_after=2019-07-28T00:00:00+00:00
[2022-11-15T12:50:01.287+0000] {processor.py:176} INFO - Processing /opt/airflow/dags/tuto.py took 0.103 seconds
[2022-11-15T12:50:31.618+0000] {processor.py:154} INFO - Started process (PID=1344) to work on /opt/airflow/dags/tuto.py
[2022-11-15T12:50:31.619+0000] {processor.py:756} INFO - Processing file /opt/airflow/dags/tuto.py for tasks to queue
[2022-11-15T12:50:31.620+0000] {logging_mixin.py:120} INFO - [2022-11-15T12:50:31.619+0000] {dagbag.py:537} INFO - Filling up the DagBag from /opt/airflow/dags/tuto.py
[2022-11-15T12:50:31.632+0000] {processor.py:766} INFO - DAG(s) dict_keys(['tutorial']) retrieved from /opt/airflow/dags/tuto.py
[2022-11-15T12:50:31.667+0000] {logging_mixin.py:120} INFO - [2022-11-15T12:50:31.667+0000] {dag.py:2585} INFO - Sync 1 DAGs
[2022-11-15T12:50:31.689+0000] {logging_mixin.py:120} INFO - [2022-11-15T12:50:31.689+0000] {dag.py:3340} INFO - Setting next_dagrun for tutorial to 2019-07-27T00:00:00+00:00, run_after=2019-07-28T00:00:00+00:00
[2022-11-15T12:50:31.705+0000] {processor.py:176} INFO - Processing /opt/airflow/dags/tuto.py took 0.090 seconds
[2022-11-15T12:51:02.065+0000] {processor.py:154} INFO - Started process (PID=1401) to work on /opt/airflow/dags/tuto.py
[2022-11-15T12:51:02.066+0000] {processor.py:756} INFO - Processing file /opt/airflow/dags/tuto.py for tasks to queue
[2022-11-15T12:51:02.066+0000] {logging_mixin.py:120} INFO - [2022-11-15T12:51:02.066+0000] {dagbag.py:537} INFO - Filling up the DagBag from /opt/airflow/dags/tuto.py
[2022-11-15T12:51:02.086+0000] {processor.py:766} INFO - DAG(s) dict_keys(['tutorial']) retrieved from /opt/airflow/dags/tuto.py
[2022-11-15T12:51:02.152+0000] {logging_mixin.py:120} INFO - [2022-11-15T12:51:02.151+0000] {dag.py:2585} INFO - Sync 1 DAGs
[2022-11-15T12:51:02.204+0000] {logging_mixin.py:120} INFO - [2022-11-15T12:51:02.204+0000] {dag.py:3340} INFO - Setting next_dagrun for tutorial to 2019-07-27T00:00:00+00:00, run_after=2019-07-28T00:00:00+00:00
[2022-11-15T12:51:02.226+0000] {processor.py:176} INFO - Processing /opt/airflow/dags/tuto.py took 0.167 seconds
[2022-11-15T12:51:32.412+0000] {processor.py:154} INFO - Started process (PID=1449) to work on /opt/airflow/dags/tuto.py
[2022-11-15T12:51:32.413+0000] {processor.py:756} INFO - Processing file /opt/airflow/dags/tuto.py for tasks to queue
[2022-11-15T12:51:32.414+0000] {logging_mixin.py:120} INFO - [2022-11-15T12:51:32.414+0000] {dagbag.py:537} INFO - Filling up the DagBag from /opt/airflow/dags/tuto.py
[2022-11-15T12:51:32.425+0000] {processor.py:766} INFO - DAG(s) dict_keys(['tutorial']) retrieved from /opt/airflow/dags/tuto.py
[2022-11-15T12:51:32.462+0000] {logging_mixin.py:120} INFO - [2022-11-15T12:51:32.462+0000] {dag.py:2585} INFO - Sync 1 DAGs
[2022-11-15T12:51:32.491+0000] {logging_mixin.py:120} INFO - [2022-11-15T12:51:32.490+0000] {dag.py:3340} INFO - Setting next_dagrun for tutorial to 2019-07-27T00:00:00+00:00, run_after=2019-07-28T00:00:00+00:00
[2022-11-15T12:51:32.507+0000] {processor.py:176} INFO - Processing /opt/airflow/dags/tuto.py took 0.098 seconds
