[2022-12-03T18:10:03.795+0000] {taskinstance.py:1165} INFO - Dependencies all met for <TaskInstance: extr_proc_aug_pipl.processing_data scheduled__2022-11-27T00:00:00+00:00 [queued]>
[2022-12-03T18:10:03.824+0000] {taskinstance.py:1165} INFO - Dependencies all met for <TaskInstance: extr_proc_aug_pipl.processing_data scheduled__2022-11-27T00:00:00+00:00 [queued]>
[2022-12-03T18:10:03.824+0000] {taskinstance.py:1362} INFO - 
--------------------------------------------------------------------------------
[2022-12-03T18:10:03.824+0000] {taskinstance.py:1363} INFO - Starting attempt 1 of 4
[2022-12-03T18:10:03.824+0000] {taskinstance.py:1364} INFO - 
--------------------------------------------------------------------------------
[2022-12-03T18:10:03.898+0000] {taskinstance.py:1383} INFO - Executing <Task(BashOperator): processing_data> on 2022-11-27 00:00:00+00:00
[2022-12-03T18:10:03.914+0000] {standard_task_runner.py:55} INFO - Started process 249 to run task
[2022-12-03T18:10:03.949+0000] {standard_task_runner.py:82} INFO - Running: ['***', 'tasks', 'run', 'extr_proc_aug_pipl', 'processing_data', 'scheduled__2022-11-27T00:00:00+00:00', '--job-id', '4938', '--raw', '--subdir', 'DAGS_FOLDER/extr_processing_augmentation.py', '--cfg-path', '/tmp/tmp0yabyini']
[2022-12-03T18:10:03.953+0000] {standard_task_runner.py:83} INFO - Job 4938: Subtask processing_data
[2022-12-03T18:10:04.100+0000] {logging_mixin.py:120} WARNING - /home/***/.local/lib/python3.7/site-packages/***/configuration.py:545 DeprecationWarning: The sql_alchemy_conn option in [core] has been moved to the sql_alchemy_conn option in [database] - the old setting has been used, but please update your config.
[2022-12-03T18:10:04.374+0000] {task_command.py:376} INFO - Running <TaskInstance: extr_proc_aug_pipl.processing_data scheduled__2022-11-27T00:00:00+00:00 [running]> on host ed3e98310717
[2022-12-03T18:10:04.692+0000] {taskinstance.py:1592} INFO - Exporting the following env vars:
AIRFLOW_CTX_DAG_EMAIL=***@***.com
AIRFLOW_CTX_DAG_OWNER=***
AIRFLOW_CTX_DAG_ID=extr_proc_aug_pipl
AIRFLOW_CTX_TASK_ID=processing_data
AIRFLOW_CTX_EXECUTION_DATE=2022-11-27T00:00:00+00:00
AIRFLOW_CTX_TRY_NUMBER=1
AIRFLOW_CTX_DAG_RUN_ID=scheduled__2022-11-27T00:00:00+00:00
[2022-12-03T18:10:04.694+0000] {subprocess.py:63} INFO - Tmp dir root location: 
 /tmp
[2022-12-03T18:10:04.707+0000] {subprocess.py:75} INFO - Running command: ['/bin/bash', '-c', 'sleep 5']
[2022-12-03T18:10:04.788+0000] {subprocess.py:86} INFO - Output:
[2022-12-03T18:10:09.796+0000] {subprocess.py:97} INFO - Command exited with return code 0
[2022-12-03T18:10:09.860+0000] {taskinstance.py:1406} INFO - Marking task as SUCCESS. dag_id=extr_proc_aug_pipl, task_id=processing_data, execution_date=20221127T000000, start_date=20221203T181003, end_date=20221203T181009
[2022-12-03T18:10:09.912+0000] {local_task_job.py:164} INFO - Task exited with return code 0
[2022-12-03T18:10:09.964+0000] {local_task_job.py:273} INFO - 0 downstream tasks scheduled from follow-on schedule check
