[2022-11-12T08:27:01.722+0000] {taskinstance.py:1165} INFO - Dependencies all met for <TaskInstance: text_aug.sleep scheduled__2022-10-31T00:00:00+00:00 [queued]>
[2022-11-12T08:27:01.832+0000] {taskinstance.py:1165} INFO - Dependencies all met for <TaskInstance: text_aug.sleep scheduled__2022-10-31T00:00:00+00:00 [queued]>
[2022-11-12T08:27:01.832+0000] {taskinstance.py:1362} INFO - 
--------------------------------------------------------------------------------
[2022-11-12T08:27:01.832+0000] {taskinstance.py:1363} INFO - Starting attempt 1 of 4
[2022-11-12T08:27:01.832+0000] {taskinstance.py:1364} INFO - 
--------------------------------------------------------------------------------
[2022-11-12T08:27:05.282+0000] {taskinstance.py:1383} INFO - Executing <Task(BashOperator): sleep> on 2022-10-31 00:00:00+00:00
[2022-11-12T08:27:05.353+0000] {standard_task_runner.py:55} INFO - Started process 8917 to run task
[2022-11-12T08:27:05.391+0000] {standard_task_runner.py:82} INFO - Running: ['***', 'tasks', 'run', 'text_aug', 'sleep', 'scheduled__2022-10-31T00:00:00+00:00', '--job-id', '4665', '--raw', '--subdir', 'DAGS_FOLDER/text_aug.py', '--cfg-path', '/tmp/tmphuqg038w']
[2022-11-12T08:27:05.403+0000] {standard_task_runner.py:83} INFO - Job 4665: Subtask sleep
[2022-11-12T08:27:06.032+0000] {logging_mixin.py:120} WARNING - /home/***/.local/lib/python3.7/site-packages/***/configuration.py:545 DeprecationWarning: The sql_alchemy_conn option in [core] has been moved to the sql_alchemy_conn option in [database] - the old setting has been used, but please update your config.
[2022-11-12T08:27:06.584+0000] {task_command.py:376} INFO - Running <TaskInstance: text_aug.sleep scheduled__2022-10-31T00:00:00+00:00 [running]> on host ed3e98310717
[2022-11-12T08:27:07.418+0000] {taskinstance.py:1592} INFO - Exporting the following env vars:
AIRFLOW_CTX_DAG_EMAIL=***@***.com
AIRFLOW_CTX_DAG_OWNER=***
AIRFLOW_CTX_DAG_ID=text_aug
AIRFLOW_CTX_TASK_ID=sleep
AIRFLOW_CTX_EXECUTION_DATE=2022-10-31T00:00:00+00:00
AIRFLOW_CTX_TRY_NUMBER=1
AIRFLOW_CTX_DAG_RUN_ID=scheduled__2022-10-31T00:00:00+00:00
[2022-11-12T08:27:07.428+0000] {subprocess.py:63} INFO - Tmp dir root location: 
 /tmp
[2022-11-12T08:27:07.431+0000] {subprocess.py:75} INFO - Running command: ['/bin/bash', '-c', 'sleep 5']
[2022-11-12T08:27:08.998+0000] {subprocess.py:86} INFO - Output:
[2022-11-12T08:27:14.833+0000] {subprocess.py:97} INFO - Command exited with return code 0
[2022-11-12T08:27:14.905+0000] {taskinstance.py:1406} INFO - Marking task as SUCCESS. dag_id=text_aug, task_id=sleep, execution_date=20221031T000000, start_date=20221112T082701, end_date=20221112T082714
[2022-11-12T08:27:14.962+0000] {local_task_job.py:164} INFO - Task exited with return code 0
[2022-11-12T08:27:15.000+0000] {local_task_job.py:273} INFO - 0 downstream tasks scheduled from follow-on schedule check
