[2022-10-27T13:11:59.470+0000] {taskinstance.py:1165} INFO - Dependencies all met for <TaskInstance: tutorial.templated scheduled__2019-07-26T00:00:00+00:00 [queued]>
[2022-10-27T13:11:59.493+0000] {taskinstance.py:1165} INFO - Dependencies all met for <TaskInstance: tutorial.templated scheduled__2019-07-26T00:00:00+00:00 [queued]>
[2022-10-27T13:11:59.494+0000] {taskinstance.py:1362} INFO - 
--------------------------------------------------------------------------------
[2022-10-27T13:11:59.494+0000] {taskinstance.py:1363} INFO - Starting attempt 1 of 2
[2022-10-27T13:11:59.494+0000] {taskinstance.py:1364} INFO - 
--------------------------------------------------------------------------------
[2022-10-27T13:11:59.526+0000] {taskinstance.py:1383} INFO - Executing <Task(BashOperator): templated> on 2019-07-26 00:00:00+00:00
[2022-10-27T13:11:59.535+0000] {standard_task_runner.py:55} INFO - Started process 521 to run task
[2022-10-27T13:11:59.541+0000] {standard_task_runner.py:82} INFO - Running: ['***', 'tasks', 'run', 'tutorial', 'templated', 'scheduled__2019-07-26T00:00:00+00:00', '--job-id', '4645', '--raw', '--subdir', 'DAGS_FOLDER/tuto.py', '--cfg-path', '/tmp/tmpdkwigh6w']
[2022-10-27T13:11:59.545+0000] {standard_task_runner.py:83} INFO - Job 4645: Subtask templated
[2022-10-27T13:11:59.571+0000] {logging_mixin.py:120} WARNING - /home/***/.local/lib/python3.7/site-packages/***/configuration.py:545 DeprecationWarning: The sql_alchemy_conn option in [core] has been moved to the sql_alchemy_conn option in [database] - the old setting has been used, but please update your config.
[2022-10-27T13:11:59.664+0000] {task_command.py:376} INFO - Running <TaskInstance: tutorial.templated scheduled__2019-07-26T00:00:00+00:00 [running]> on host ed3e98310717
[2022-10-27T13:11:59.915+0000] {taskinstance.py:1592} INFO - Exporting the following env vars:
AIRFLOW_CTX_DAG_EMAIL=***@***.com
AIRFLOW_CTX_DAG_OWNER=***
AIRFLOW_CTX_DAG_ID=tutorial
AIRFLOW_CTX_TASK_ID=templated
AIRFLOW_CTX_EXECUTION_DATE=2019-07-26T00:00:00+00:00
AIRFLOW_CTX_TRY_NUMBER=1
AIRFLOW_CTX_DAG_RUN_ID=scheduled__2019-07-26T00:00:00+00:00
[2022-10-27T13:11:59.917+0000] {subprocess.py:63} INFO - Tmp dir root location: 
 /tmp
[2022-10-27T13:11:59.917+0000] {subprocess.py:75} INFO - Running command: ['/bin/bash', '-c', '\n    \n        echo "2019-07-26"\n        echo "2019-08-02"\n        echo "Parameter I passed in"\n    \n        echo "2019-07-26"\n        echo "2019-08-02"\n        echo "Parameter I passed in"\n    \n        echo "2019-07-26"\n        echo "2019-08-02"\n        echo "Parameter I passed in"\n    \n        echo "2019-07-26"\n        echo "2019-08-02"\n        echo "Parameter I passed in"\n    \n        echo "2019-07-26"\n        echo "2019-08-02"\n        echo "Parameter I passed in"\n    ']
[2022-10-27T13:11:59.933+0000] {subprocess.py:86} INFO - Output:
[2022-10-27T13:11:59.935+0000] {subprocess.py:93} INFO - 2019-07-26
[2022-10-27T13:11:59.935+0000] {subprocess.py:93} INFO - 2019-08-02
[2022-10-27T13:11:59.936+0000] {subprocess.py:93} INFO - Parameter I passed in
[2022-10-27T13:11:59.936+0000] {subprocess.py:93} INFO - 2019-07-26
[2022-10-27T13:11:59.936+0000] {subprocess.py:93} INFO - 2019-08-02
[2022-10-27T13:11:59.936+0000] {subprocess.py:93} INFO - Parameter I passed in
[2022-10-27T13:11:59.937+0000] {subprocess.py:93} INFO - 2019-07-26
[2022-10-27T13:11:59.937+0000] {subprocess.py:93} INFO - 2019-08-02
[2022-10-27T13:11:59.937+0000] {subprocess.py:93} INFO - Parameter I passed in
[2022-10-27T13:11:59.937+0000] {subprocess.py:93} INFO - 2019-07-26
[2022-10-27T13:11:59.937+0000] {subprocess.py:93} INFO - 2019-08-02
[2022-10-27T13:11:59.937+0000] {subprocess.py:93} INFO - Parameter I passed in
[2022-10-27T13:11:59.938+0000] {subprocess.py:93} INFO - 2019-07-26
[2022-10-27T13:11:59.938+0000] {subprocess.py:93} INFO - 2019-08-02
[2022-10-27T13:11:59.938+0000] {subprocess.py:93} INFO - Parameter I passed in
[2022-10-27T13:11:59.938+0000] {subprocess.py:97} INFO - Command exited with return code 0
[2022-10-27T13:11:59.979+0000] {taskinstance.py:1406} INFO - Marking task as SUCCESS. dag_id=tutorial, task_id=templated, execution_date=20190726T000000, start_date=20221027T131159, end_date=20221027T131159
[2022-10-27T13:12:00.034+0000] {local_task_job.py:164} INFO - Task exited with return code 0
[2022-10-27T13:12:00.066+0000] {local_task_job.py:273} INFO - 0 downstream tasks scheduled from follow-on schedule check
