[2022-10-27T12:51:46.539+0000] {taskinstance.py:1165} INFO - Dependencies all met for <TaskInstance: tutorial.sleep scheduled__2016-07-29T00:00:00+00:00 [queued]>
[2022-10-27T12:51:46.555+0000] {taskinstance.py:1165} INFO - Dependencies all met for <TaskInstance: tutorial.sleep scheduled__2016-07-29T00:00:00+00:00 [queued]>
[2022-10-27T12:51:46.556+0000] {taskinstance.py:1362} INFO - 
--------------------------------------------------------------------------------
[2022-10-27T12:51:46.556+0000] {taskinstance.py:1363} INFO - Starting attempt 1 of 4
[2022-10-27T12:51:46.556+0000] {taskinstance.py:1364} INFO - 
--------------------------------------------------------------------------------
[2022-10-27T12:51:46.571+0000] {taskinstance.py:1383} INFO - Executing <Task(BashOperator): sleep> on 2016-07-29 00:00:00+00:00
[2022-10-27T12:51:46.577+0000] {standard_task_runner.py:55} INFO - Started process 4855 to run task
[2022-10-27T12:51:46.582+0000] {standard_task_runner.py:82} INFO - Running: ['***', 'tasks', 'run', 'tutorial', 'sleep', 'scheduled__2016-07-29T00:00:00+00:00', '--job-id', '1365', '--raw', '--subdir', 'DAGS_FOLDER/tuto.py', '--cfg-path', '/tmp/tmpxq4trn5v']
[2022-10-27T12:51:46.584+0000] {standard_task_runner.py:83} INFO - Job 1365: Subtask sleep
[2022-10-27T12:51:46.601+0000] {logging_mixin.py:120} WARNING - /home/***/.local/lib/python3.7/site-packages/***/configuration.py:545 DeprecationWarning: The sql_alchemy_conn option in [core] has been moved to the sql_alchemy_conn option in [database] - the old setting has been used, but please update your config.
[2022-10-27T12:51:46.660+0000] {task_command.py:376} INFO - Running <TaskInstance: tutorial.sleep scheduled__2016-07-29T00:00:00+00:00 [running]> on host e60030a57919
[2022-10-27T12:51:46.748+0000] {taskinstance.py:1592} INFO - Exporting the following env vars:
AIRFLOW_CTX_DAG_EMAIL=***@***.com
AIRFLOW_CTX_DAG_OWNER=***
AIRFLOW_CTX_DAG_ID=tutorial
AIRFLOW_CTX_TASK_ID=sleep
AIRFLOW_CTX_EXECUTION_DATE=2016-07-29T00:00:00+00:00
AIRFLOW_CTX_TRY_NUMBER=1
AIRFLOW_CTX_DAG_RUN_ID=scheduled__2016-07-29T00:00:00+00:00
[2022-10-27T12:51:46.750+0000] {subprocess.py:63} INFO - Tmp dir root location: 
 /tmp
[2022-10-27T12:51:46.751+0000] {subprocess.py:75} INFO - Running command: ['/bin/bash', '-c', 'sleep 5']
[2022-10-27T12:51:46.767+0000] {subprocess.py:86} INFO - Output:
[2022-10-27T12:51:51.771+0000] {subprocess.py:97} INFO - Command exited with return code 0
[2022-10-27T12:51:51.796+0000] {taskinstance.py:1406} INFO - Marking task as SUCCESS. dag_id=tutorial, task_id=sleep, execution_date=20160729T000000, start_date=20221027T125146, end_date=20221027T125151
[2022-10-27T12:51:51.856+0000] {local_task_job.py:164} INFO - Task exited with return code 0
[2022-10-27T12:51:51.874+0000] {local_task_job.py:273} INFO - 0 downstream tasks scheduled from follow-on schedule check
