[2022-11-24T10:04:20.643+0000] {taskinstance.py:1165} INFO - Dependencies all met for <TaskInstance: extr_proc_aug_pipl.processing_data scheduled__2022-11-23T00:00:00+00:00 [queued]>
[2022-11-24T10:04:20.671+0000] {taskinstance.py:1165} INFO - Dependencies all met for <TaskInstance: extr_proc_aug_pipl.processing_data scheduled__2022-11-23T00:00:00+00:00 [queued]>
[2022-11-24T10:04:20.672+0000] {taskinstance.py:1362} INFO - 
--------------------------------------------------------------------------------
[2022-11-24T10:04:20.672+0000] {taskinstance.py:1363} INFO - Starting attempt 1 of 4
[2022-11-24T10:04:20.672+0000] {taskinstance.py:1364} INFO - 
--------------------------------------------------------------------------------
[2022-11-24T10:04:20.756+0000] {taskinstance.py:1383} INFO - Executing <Task(BashOperator): processing_data> on 2022-11-23 00:00:00+00:00
[2022-11-24T10:04:20.774+0000] {standard_task_runner.py:55} INFO - Started process 334 to run task
[2022-11-24T10:04:20.801+0000] {standard_task_runner.py:82} INFO - Running: ['***', 'tasks', 'run', 'extr_proc_aug_pipl', 'processing_data', 'scheduled__2022-11-23T00:00:00+00:00', '--job-id', '4850', '--raw', '--subdir', 'DAGS_FOLDER/extr_processing_augmentation.py', '--cfg-path', '/tmp/tmpq2ap91vi']
[2022-11-24T10:04:20.806+0000] {standard_task_runner.py:83} INFO - Job 4850: Subtask processing_data
[2022-11-24T10:04:20.895+0000] {logging_mixin.py:120} WARNING - /home/***/.local/lib/python3.7/site-packages/***/configuration.py:545 DeprecationWarning: The sql_alchemy_conn option in [core] has been moved to the sql_alchemy_conn option in [database] - the old setting has been used, but please update your config.
[2022-11-24T10:04:21.146+0000] {task_command.py:376} INFO - Running <TaskInstance: extr_proc_aug_pipl.processing_data scheduled__2022-11-23T00:00:00+00:00 [running]> on host ed3e98310717
[2022-11-24T10:04:21.732+0000] {taskinstance.py:1592} INFO - Exporting the following env vars:
AIRFLOW_CTX_DAG_EMAIL=***@***.com
AIRFLOW_CTX_DAG_OWNER=***
AIRFLOW_CTX_DAG_ID=extr_proc_aug_pipl
AIRFLOW_CTX_TASK_ID=processing_data
AIRFLOW_CTX_EXECUTION_DATE=2022-11-23T00:00:00+00:00
AIRFLOW_CTX_TRY_NUMBER=1
AIRFLOW_CTX_DAG_RUN_ID=scheduled__2022-11-23T00:00:00+00:00
[2022-11-24T10:04:21.734+0000] {subprocess.py:63} INFO - Tmp dir root location: 
 /tmp
[2022-11-24T10:04:21.736+0000] {subprocess.py:75} INFO - Running command: ['/bin/bash', '-c', 'sleep 5']
[2022-11-24T10:04:21.784+0000] {subprocess.py:86} INFO - Output:
[2022-11-24T10:04:26.792+0000] {subprocess.py:97} INFO - Command exited with return code 0
[2022-11-24T10:04:27.255+0000] {taskinstance.py:1406} INFO - Marking task as SUCCESS. dag_id=extr_proc_aug_pipl, task_id=processing_data, execution_date=20221123T000000, start_date=20221124T100420, end_date=20221124T100427
[2022-11-24T10:04:27.424+0000] {local_task_job.py:164} INFO - Task exited with return code 0
[2022-11-24T10:04:27.478+0000] {local_task_job.py:273} INFO - 0 downstream tasks scheduled from follow-on schedule check
