[2022-10-27T12:59:49.700+0000] {taskinstance.py:1165} INFO - Dependencies all met for <TaskInstance: tutorial.print_date scheduled__2017-11-01T00:00:00+00:00 [queued]>
[2022-10-27T12:59:49.727+0000] {taskinstance.py:1165} INFO - Dependencies all met for <TaskInstance: tutorial.print_date scheduled__2017-11-01T00:00:00+00:00 [queued]>
[2022-10-27T12:59:49.728+0000] {taskinstance.py:1362} INFO - 
--------------------------------------------------------------------------------
[2022-10-27T12:59:49.728+0000] {taskinstance.py:1363} INFO - Starting attempt 1 of 2
[2022-10-27T12:59:49.728+0000] {taskinstance.py:1364} INFO - 
--------------------------------------------------------------------------------
[2022-10-27T12:59:49.975+0000] {taskinstance.py:1383} INFO - Executing <Task(BashOperator): print_date> on 2017-11-01 00:00:00+00:00
[2022-10-27T12:59:50.009+0000] {standard_task_runner.py:55} INFO - Started process 9562 to run task
[2022-10-27T12:59:50.020+0000] {standard_task_runner.py:82} INFO - Running: ['***', 'tasks', 'run', 'tutorial', 'print_date', 'scheduled__2017-11-01T00:00:00+00:00', '--job-id', '2730', '--raw', '--subdir', 'DAGS_FOLDER/tuto.py', '--cfg-path', '/tmp/tmp6d5gtdh5']
[2022-10-27T12:59:50.027+0000] {standard_task_runner.py:83} INFO - Job 2730: Subtask print_date
[2022-10-27T12:59:50.059+0000] {logging_mixin.py:120} WARNING - /home/***/.local/lib/python3.7/site-packages/***/configuration.py:545 DeprecationWarning: The sql_alchemy_conn option in [core] has been moved to the sql_alchemy_conn option in [database] - the old setting has been used, but please update your config.
[2022-10-27T12:59:50.169+0000] {task_command.py:376} INFO - Running <TaskInstance: tutorial.print_date scheduled__2017-11-01T00:00:00+00:00 [running]> on host e60030a57919
[2022-10-27T12:59:50.573+0000] {taskinstance.py:1592} INFO - Exporting the following env vars:
AIRFLOW_CTX_DAG_EMAIL=***@***.com
AIRFLOW_CTX_DAG_OWNER=***
AIRFLOW_CTX_DAG_ID=tutorial
AIRFLOW_CTX_TASK_ID=print_date
AIRFLOW_CTX_EXECUTION_DATE=2017-11-01T00:00:00+00:00
AIRFLOW_CTX_TRY_NUMBER=1
AIRFLOW_CTX_DAG_RUN_ID=scheduled__2017-11-01T00:00:00+00:00
[2022-10-27T12:59:50.579+0000] {subprocess.py:63} INFO - Tmp dir root location: 
 /tmp
[2022-10-27T12:59:50.581+0000] {subprocess.py:75} INFO - Running command: ['/bin/bash', '-c', 'date']
[2022-10-27T12:59:50.634+0000] {subprocess.py:86} INFO - Output:
[2022-10-27T12:59:50.640+0000] {subprocess.py:93} INFO - Thu Oct 27 12:59:50 UTC 2022
[2022-10-27T12:59:50.641+0000] {subprocess.py:97} INFO - Command exited with return code 0
[2022-10-27T12:59:50.709+0000] {taskinstance.py:1406} INFO - Marking task as SUCCESS. dag_id=tutorial, task_id=print_date, execution_date=20171101T000000, start_date=20221027T125949, end_date=20221027T125950
[2022-10-27T12:59:50.776+0000] {local_task_job.py:164} INFO - Task exited with return code 0
[2022-10-27T12:59:50.825+0000] {local_task_job.py:273} INFO - 2 downstream tasks scheduled from follow-on schedule check
