[2022-12-10T05:46:40.989+0000] {taskinstance.py:1165} INFO - Dependencies all met for <TaskInstance: extr_proc_aug_pipl.merge_text_d scheduled__2022-12-02T00:00:00+00:00 [queued]>
[2022-12-10T05:46:41.004+0000] {taskinstance.py:1165} INFO - Dependencies all met for <TaskInstance: extr_proc_aug_pipl.merge_text_d scheduled__2022-12-02T00:00:00+00:00 [queued]>
[2022-12-10T05:46:41.005+0000] {taskinstance.py:1362} INFO - 
--------------------------------------------------------------------------------
[2022-12-10T05:46:41.005+0000] {taskinstance.py:1363} INFO - Starting attempt 1 of 4
[2022-12-10T05:46:41.005+0000] {taskinstance.py:1364} INFO - 
--------------------------------------------------------------------------------
[2022-12-10T05:46:41.024+0000] {taskinstance.py:1383} INFO - Executing <Task(BashOperator): merge_text_d> on 2022-12-02 00:00:00+00:00
[2022-12-10T05:46:41.028+0000] {standard_task_runner.py:55} INFO - Started process 419 to run task
[2022-12-10T05:46:41.031+0000] {standard_task_runner.py:82} INFO - Running: ['***', 'tasks', 'run', 'extr_proc_aug_pipl', 'merge_text_d', 'scheduled__2022-12-02T00:00:00+00:00', '--job-id', '5022', '--raw', '--subdir', 'DAGS_FOLDER/extr_processing_augmentation.py', '--cfg-path', '/tmp/tmpfzyjepmb']
[2022-12-10T05:46:41.033+0000] {standard_task_runner.py:83} INFO - Job 5022: Subtask merge_text_d
[2022-12-10T05:46:41.047+0000] {logging_mixin.py:120} WARNING - /home/***/.local/lib/python3.7/site-packages/***/configuration.py:545 DeprecationWarning: The sql_alchemy_conn option in [core] has been moved to the sql_alchemy_conn option in [database] - the old setting has been used, but please update your config.
[2022-12-10T05:46:41.104+0000] {task_command.py:376} INFO - Running <TaskInstance: extr_proc_aug_pipl.merge_text_d scheduled__2022-12-02T00:00:00+00:00 [running]> on host ed3e98310717
[2022-12-10T05:46:41.184+0000] {taskinstance.py:1592} INFO - Exporting the following env vars:
AIRFLOW_CTX_DAG_EMAIL=***@***.com
AIRFLOW_CTX_DAG_OWNER=***
AIRFLOW_CTX_DAG_ID=extr_proc_aug_pipl
AIRFLOW_CTX_TASK_ID=merge_text_d
AIRFLOW_CTX_EXECUTION_DATE=2022-12-02T00:00:00+00:00
AIRFLOW_CTX_TRY_NUMBER=1
AIRFLOW_CTX_DAG_RUN_ID=scheduled__2022-12-02T00:00:00+00:00
[2022-12-10T05:46:41.186+0000] {subprocess.py:63} INFO - Tmp dir root location: 
 /tmp
[2022-12-10T05:46:41.186+0000] {subprocess.py:75} INFO - Running command: ['/bin/bash', '-c', 'sleep 5']
[2022-12-10T05:46:41.195+0000] {subprocess.py:86} INFO - Output:
[2022-12-10T05:46:46.197+0000] {subprocess.py:97} INFO - Command exited with return code 0
[2022-12-10T05:46:46.220+0000] {taskinstance.py:1406} INFO - Marking task as SUCCESS. dag_id=extr_proc_aug_pipl, task_id=merge_text_d, execution_date=20221202T000000, start_date=20221210T054640, end_date=20221210T054646
[2022-12-10T05:46:46.274+0000] {local_task_job.py:164} INFO - Task exited with return code 0
[2022-12-10T05:46:46.301+0000] {local_task_job.py:273} INFO - 1 downstream tasks scheduled from follow-on schedule check
