[2022-10-27T12:48:26.711+0000] {taskinstance.py:1165} INFO - Dependencies all met for <TaskInstance: tutorial.sleep scheduled__2016-01-10T00:00:00+00:00 [queued]>
[2022-10-27T12:48:26.721+0000] {taskinstance.py:1165} INFO - Dependencies all met for <TaskInstance: tutorial.sleep scheduled__2016-01-10T00:00:00+00:00 [queued]>
[2022-10-27T12:48:26.721+0000] {taskinstance.py:1362} INFO - 
--------------------------------------------------------------------------------
[2022-10-27T12:48:26.721+0000] {taskinstance.py:1363} INFO - Starting attempt 1 of 4
[2022-10-27T12:48:26.721+0000] {taskinstance.py:1364} INFO - 
--------------------------------------------------------------------------------
[2022-10-27T12:48:26.736+0000] {taskinstance.py:1383} INFO - Executing <Task(BashOperator): sleep> on 2016-01-10 00:00:00+00:00
[2022-10-27T12:48:26.741+0000] {standard_task_runner.py:55} INFO - Started process 2802 to run task
[2022-10-27T12:48:26.744+0000] {standard_task_runner.py:82} INFO - Running: ['***', 'tasks', 'run', 'tutorial', 'sleep', 'scheduled__2016-01-10T00:00:00+00:00', '--job-id', '762', '--raw', '--subdir', 'DAGS_FOLDER/tuto.py', '--cfg-path', '/tmp/tmpvh333g4o']
[2022-10-27T12:48:26.746+0000] {standard_task_runner.py:83} INFO - Job 762: Subtask sleep
[2022-10-27T12:48:26.761+0000] {logging_mixin.py:120} WARNING - /home/***/.local/lib/python3.7/site-packages/***/configuration.py:545 DeprecationWarning: The sql_alchemy_conn option in [core] has been moved to the sql_alchemy_conn option in [database] - the old setting has been used, but please update your config.
[2022-10-27T12:48:26.812+0000] {task_command.py:376} INFO - Running <TaskInstance: tutorial.sleep scheduled__2016-01-10T00:00:00+00:00 [running]> on host e60030a57919
[2022-10-27T12:48:26.886+0000] {taskinstance.py:1592} INFO - Exporting the following env vars:
AIRFLOW_CTX_DAG_EMAIL=***@***.com
AIRFLOW_CTX_DAG_OWNER=***
AIRFLOW_CTX_DAG_ID=tutorial
AIRFLOW_CTX_TASK_ID=sleep
AIRFLOW_CTX_EXECUTION_DATE=2016-01-10T00:00:00+00:00
AIRFLOW_CTX_TRY_NUMBER=1
AIRFLOW_CTX_DAG_RUN_ID=scheduled__2016-01-10T00:00:00+00:00
[2022-10-27T12:48:26.887+0000] {subprocess.py:63} INFO - Tmp dir root location: 
 /tmp
[2022-10-27T12:48:26.887+0000] {subprocess.py:75} INFO - Running command: ['/bin/bash', '-c', 'sleep 5']
[2022-10-27T12:48:26.897+0000] {subprocess.py:86} INFO - Output:
[2022-10-27T12:48:31.900+0000] {subprocess.py:97} INFO - Command exited with return code 0
[2022-10-27T12:48:31.922+0000] {taskinstance.py:1406} INFO - Marking task as SUCCESS. dag_id=tutorial, task_id=sleep, execution_date=20160110T000000, start_date=20221027T124826, end_date=20221027T124831
[2022-10-27T12:48:31.977+0000] {local_task_job.py:164} INFO - Task exited with return code 0
[2022-10-27T12:48:31.993+0000] {local_task_job.py:273} INFO - 0 downstream tasks scheduled from follow-on schedule check
