[2022-10-27T12:58:28.124+0000] {taskinstance.py:1165} INFO - Dependencies all met for <TaskInstance: tutorial.templated scheduled__2017-08-08T00:00:00+00:00 [queued]>
[2022-10-27T12:58:28.145+0000] {taskinstance.py:1165} INFO - Dependencies all met for <TaskInstance: tutorial.templated scheduled__2017-08-08T00:00:00+00:00 [queued]>
[2022-10-27T12:58:28.145+0000] {taskinstance.py:1362} INFO - 
--------------------------------------------------------------------------------
[2022-10-27T12:58:28.146+0000] {taskinstance.py:1363} INFO - Starting attempt 1 of 2
[2022-10-27T12:58:28.146+0000] {taskinstance.py:1364} INFO - 
--------------------------------------------------------------------------------
[2022-10-27T12:58:28.220+0000] {taskinstance.py:1383} INFO - Executing <Task(BashOperator): templated> on 2017-08-08 00:00:00+00:00
[2022-10-27T12:58:28.233+0000] {standard_task_runner.py:55} INFO - Started process 8742 to run task
[2022-10-27T12:58:28.260+0000] {standard_task_runner.py:82} INFO - Running: ['***', 'tasks', 'run', 'tutorial', 'templated', 'scheduled__2017-08-08T00:00:00+00:00', '--job-id', '2496', '--raw', '--subdir', 'DAGS_FOLDER/tuto.py', '--cfg-path', '/tmp/tmp2fpil39n']
[2022-10-27T12:58:28.264+0000] {standard_task_runner.py:83} INFO - Job 2496: Subtask templated
[2022-10-27T12:58:28.315+0000] {logging_mixin.py:120} WARNING - /home/***/.local/lib/python3.7/site-packages/***/configuration.py:545 DeprecationWarning: The sql_alchemy_conn option in [core] has been moved to the sql_alchemy_conn option in [database] - the old setting has been used, but please update your config.
[2022-10-27T12:58:28.454+0000] {task_command.py:376} INFO - Running <TaskInstance: tutorial.templated scheduled__2017-08-08T00:00:00+00:00 [running]> on host e60030a57919
[2022-10-27T12:58:28.690+0000] {taskinstance.py:1592} INFO - Exporting the following env vars:
AIRFLOW_CTX_DAG_EMAIL=***@***.com
AIRFLOW_CTX_DAG_OWNER=***
AIRFLOW_CTX_DAG_ID=tutorial
AIRFLOW_CTX_TASK_ID=templated
AIRFLOW_CTX_EXECUTION_DATE=2017-08-08T00:00:00+00:00
AIRFLOW_CTX_TRY_NUMBER=1
AIRFLOW_CTX_DAG_RUN_ID=scheduled__2017-08-08T00:00:00+00:00
[2022-10-27T12:58:28.692+0000] {subprocess.py:63} INFO - Tmp dir root location: 
 /tmp
[2022-10-27T12:58:28.693+0000] {subprocess.py:75} INFO - Running command: ['/bin/bash', '-c', '\n    \n        echo "2017-08-08"\n        echo "2017-08-15"\n        echo "Parameter I passed in"\n    \n        echo "2017-08-08"\n        echo "2017-08-15"\n        echo "Parameter I passed in"\n    \n        echo "2017-08-08"\n        echo "2017-08-15"\n        echo "Parameter I passed in"\n    \n        echo "2017-08-08"\n        echo "2017-08-15"\n        echo "Parameter I passed in"\n    \n        echo "2017-08-08"\n        echo "2017-08-15"\n        echo "Parameter I passed in"\n    ']
[2022-10-27T12:58:28.728+0000] {subprocess.py:86} INFO - Output:
[2022-10-27T12:58:28.731+0000] {subprocess.py:93} INFO - 2017-08-08
[2022-10-27T12:58:28.732+0000] {subprocess.py:93} INFO - 2017-08-15
[2022-10-27T12:58:28.732+0000] {subprocess.py:93} INFO - Parameter I passed in
[2022-10-27T12:58:28.732+0000] {subprocess.py:93} INFO - 2017-08-08
[2022-10-27T12:58:28.732+0000] {subprocess.py:93} INFO - 2017-08-15
[2022-10-27T12:58:28.733+0000] {subprocess.py:93} INFO - Parameter I passed in
[2022-10-27T12:58:28.733+0000] {subprocess.py:93} INFO - 2017-08-08
[2022-10-27T12:58:28.733+0000] {subprocess.py:93} INFO - 2017-08-15
[2022-10-27T12:58:28.733+0000] {subprocess.py:93} INFO - Parameter I passed in
[2022-10-27T12:58:28.733+0000] {subprocess.py:93} INFO - 2017-08-08
[2022-10-27T12:58:28.734+0000] {subprocess.py:93} INFO - 2017-08-15
[2022-10-27T12:58:28.734+0000] {subprocess.py:93} INFO - Parameter I passed in
[2022-10-27T12:58:28.734+0000] {subprocess.py:93} INFO - 2017-08-08
[2022-10-27T12:58:28.735+0000] {subprocess.py:93} INFO - 2017-08-15
[2022-10-27T12:58:28.735+0000] {subprocess.py:93} INFO - Parameter I passed in
[2022-10-27T12:58:28.735+0000] {subprocess.py:97} INFO - Command exited with return code 0
[2022-10-27T12:58:28.829+0000] {taskinstance.py:1406} INFO - Marking task as SUCCESS. dag_id=tutorial, task_id=templated, execution_date=20170808T000000, start_date=20221027T125828, end_date=20221027T125828
[2022-10-27T12:58:28.919+0000] {local_task_job.py:164} INFO - Task exited with return code 0
[2022-10-27T12:58:28.991+0000] {local_task_job.py:273} INFO - 0 downstream tasks scheduled from follow-on schedule check
