[2022-10-27T13:01:51.626+0000] {taskinstance.py:1165} INFO - Dependencies all met for <TaskInstance: tutorial.sleep scheduled__2018-02-18T00:00:00+00:00 [queued]>
[2022-10-27T13:01:51.652+0000] {taskinstance.py:1165} INFO - Dependencies all met for <TaskInstance: tutorial.sleep scheduled__2018-02-18T00:00:00+00:00 [queued]>
[2022-10-27T13:01:51.652+0000] {taskinstance.py:1362} INFO - 
--------------------------------------------------------------------------------
[2022-10-27T13:01:51.653+0000] {taskinstance.py:1363} INFO - Starting attempt 1 of 4
[2022-10-27T13:01:51.653+0000] {taskinstance.py:1364} INFO - 
--------------------------------------------------------------------------------
[2022-10-27T13:01:51.802+0000] {taskinstance.py:1383} INFO - Executing <Task(BashOperator): sleep> on 2018-02-18 00:00:00+00:00
[2022-10-27T13:01:51.836+0000] {standard_task_runner.py:55} INFO - Started process 10752 to run task
[2022-10-27T13:01:51.845+0000] {standard_task_runner.py:82} INFO - Running: ['***', 'tasks', 'run', 'tutorial', 'sleep', 'scheduled__2018-02-18T00:00:00+00:00', '--job-id', '3077', '--raw', '--subdir', 'DAGS_FOLDER/tuto.py', '--cfg-path', '/tmp/tmptp9_0chu']
[2022-10-27T13:01:51.850+0000] {standard_task_runner.py:83} INFO - Job 3077: Subtask sleep
[2022-10-27T13:01:51.904+0000] {logging_mixin.py:120} WARNING - /home/***/.local/lib/python3.7/site-packages/***/configuration.py:545 DeprecationWarning: The sql_alchemy_conn option in [core] has been moved to the sql_alchemy_conn option in [database] - the old setting has been used, but please update your config.
[2022-10-27T13:01:52.049+0000] {task_command.py:376} INFO - Running <TaskInstance: tutorial.sleep scheduled__2018-02-18T00:00:00+00:00 [running]> on host e60030a57919
[2022-10-27T13:01:52.270+0000] {taskinstance.py:1592} INFO - Exporting the following env vars:
AIRFLOW_CTX_DAG_EMAIL=***@***.com
AIRFLOW_CTX_DAG_OWNER=***
AIRFLOW_CTX_DAG_ID=tutorial
AIRFLOW_CTX_TASK_ID=sleep
AIRFLOW_CTX_EXECUTION_DATE=2018-02-18T00:00:00+00:00
AIRFLOW_CTX_TRY_NUMBER=1
AIRFLOW_CTX_DAG_RUN_ID=scheduled__2018-02-18T00:00:00+00:00
[2022-10-27T13:01:52.273+0000] {subprocess.py:63} INFO - Tmp dir root location: 
 /tmp
[2022-10-27T13:01:52.279+0000] {subprocess.py:75} INFO - Running command: ['/bin/bash', '-c', 'sleep 5']
[2022-10-27T13:01:52.350+0000] {subprocess.py:86} INFO - Output:
[2022-10-27T13:01:57.358+0000] {subprocess.py:97} INFO - Command exited with return code 0
[2022-10-27T13:01:57.382+0000] {taskinstance.py:1406} INFO - Marking task as SUCCESS. dag_id=tutorial, task_id=sleep, execution_date=20180218T000000, start_date=20221027T130151, end_date=20221027T130157
[2022-10-27T13:01:57.463+0000] {local_task_job.py:164} INFO - Task exited with return code 0
[2022-10-27T13:01:57.479+0000] {local_task_job.py:273} INFO - 0 downstream tasks scheduled from follow-on schedule check
