[2022-10-27T12:51:45.241+0000] {taskinstance.py:1165} INFO - Dependencies all met for <TaskInstance: tutorial.templated scheduled__2016-07-25T00:00:00+00:00 [queued]>
[2022-10-27T12:51:45.263+0000] {taskinstance.py:1165} INFO - Dependencies all met for <TaskInstance: tutorial.templated scheduled__2016-07-25T00:00:00+00:00 [queued]>
[2022-10-27T12:51:45.263+0000] {taskinstance.py:1362} INFO - 
--------------------------------------------------------------------------------
[2022-10-27T12:51:45.263+0000] {taskinstance.py:1363} INFO - Starting attempt 1 of 2
[2022-10-27T12:51:45.263+0000] {taskinstance.py:1364} INFO - 
--------------------------------------------------------------------------------
[2022-10-27T12:51:45.407+0000] {taskinstance.py:1383} INFO - Executing <Task(BashOperator): templated> on 2016-07-25 00:00:00+00:00
[2022-10-27T12:51:45.417+0000] {standard_task_runner.py:55} INFO - Started process 4836 to run task
[2022-10-27T12:51:45.424+0000] {standard_task_runner.py:82} INFO - Running: ['***', 'tasks', 'run', 'tutorial', 'templated', 'scheduled__2016-07-25T00:00:00+00:00', '--job-id', '1359', '--raw', '--subdir', 'DAGS_FOLDER/tuto.py', '--cfg-path', '/tmp/tmpcv2mvktm']
[2022-10-27T12:51:45.428+0000] {standard_task_runner.py:83} INFO - Job 1359: Subtask templated
[2022-10-27T12:51:45.452+0000] {logging_mixin.py:120} WARNING - /home/***/.local/lib/python3.7/site-packages/***/configuration.py:545 DeprecationWarning: The sql_alchemy_conn option in [core] has been moved to the sql_alchemy_conn option in [database] - the old setting has been used, but please update your config.
[2022-10-27T12:51:45.544+0000] {task_command.py:376} INFO - Running <TaskInstance: tutorial.templated scheduled__2016-07-25T00:00:00+00:00 [running]> on host e60030a57919
[2022-10-27T12:51:45.661+0000] {taskinstance.py:1592} INFO - Exporting the following env vars:
AIRFLOW_CTX_DAG_EMAIL=***@***.com
AIRFLOW_CTX_DAG_OWNER=***
AIRFLOW_CTX_DAG_ID=tutorial
AIRFLOW_CTX_TASK_ID=templated
AIRFLOW_CTX_EXECUTION_DATE=2016-07-25T00:00:00+00:00
AIRFLOW_CTX_TRY_NUMBER=1
AIRFLOW_CTX_DAG_RUN_ID=scheduled__2016-07-25T00:00:00+00:00
[2022-10-27T12:51:45.663+0000] {subprocess.py:63} INFO - Tmp dir root location: 
 /tmp
[2022-10-27T12:51:45.664+0000] {subprocess.py:75} INFO - Running command: ['/bin/bash', '-c', '\n    \n        echo "2016-07-25"\n        echo "2016-08-01"\n        echo "Parameter I passed in"\n    \n        echo "2016-07-25"\n        echo "2016-08-01"\n        echo "Parameter I passed in"\n    \n        echo "2016-07-25"\n        echo "2016-08-01"\n        echo "Parameter I passed in"\n    \n        echo "2016-07-25"\n        echo "2016-08-01"\n        echo "Parameter I passed in"\n    \n        echo "2016-07-25"\n        echo "2016-08-01"\n        echo "Parameter I passed in"\n    ']
[2022-10-27T12:51:45.680+0000] {subprocess.py:86} INFO - Output:
[2022-10-27T12:51:45.682+0000] {subprocess.py:93} INFO - 2016-07-25
[2022-10-27T12:51:45.683+0000] {subprocess.py:93} INFO - 2016-08-01
[2022-10-27T12:51:45.683+0000] {subprocess.py:93} INFO - Parameter I passed in
[2022-10-27T12:51:45.683+0000] {subprocess.py:93} INFO - 2016-07-25
[2022-10-27T12:51:45.684+0000] {subprocess.py:93} INFO - 2016-08-01
[2022-10-27T12:51:45.684+0000] {subprocess.py:93} INFO - Parameter I passed in
[2022-10-27T12:51:45.684+0000] {subprocess.py:93} INFO - 2016-07-25
[2022-10-27T12:51:45.684+0000] {subprocess.py:93} INFO - 2016-08-01
[2022-10-27T12:51:45.684+0000] {subprocess.py:93} INFO - Parameter I passed in
[2022-10-27T12:51:45.684+0000] {subprocess.py:93} INFO - 2016-07-25
[2022-10-27T12:51:45.684+0000] {subprocess.py:93} INFO - 2016-08-01
[2022-10-27T12:51:45.685+0000] {subprocess.py:93} INFO - Parameter I passed in
[2022-10-27T12:51:45.685+0000] {subprocess.py:93} INFO - 2016-07-25
[2022-10-27T12:51:45.685+0000] {subprocess.py:93} INFO - 2016-08-01
[2022-10-27T12:51:45.685+0000] {subprocess.py:93} INFO - Parameter I passed in
[2022-10-27T12:51:45.685+0000] {subprocess.py:97} INFO - Command exited with return code 0
[2022-10-27T12:51:45.718+0000] {taskinstance.py:1406} INFO - Marking task as SUCCESS. dag_id=tutorial, task_id=templated, execution_date=20160725T000000, start_date=20221027T125145, end_date=20221027T125145
[2022-10-27T12:51:45.837+0000] {local_task_job.py:164} INFO - Task exited with return code 0
[2022-10-27T12:51:45.861+0000] {local_task_job.py:273} INFO - 0 downstream tasks scheduled from follow-on schedule check
