[2022-10-27T13:06:02.237+0000] {taskinstance.py:1165} INFO - Dependencies all met for <TaskInstance: tutorial.templated scheduled__2018-09-25T00:00:00+00:00 [queued]>
[2022-10-27T13:06:02.279+0000] {taskinstance.py:1165} INFO - Dependencies all met for <TaskInstance: tutorial.templated scheduled__2018-09-25T00:00:00+00:00 [queued]>
[2022-10-27T13:06:02.280+0000] {taskinstance.py:1362} INFO - 
--------------------------------------------------------------------------------
[2022-10-27T13:06:02.280+0000] {taskinstance.py:1363} INFO - Starting attempt 1 of 2
[2022-10-27T13:06:02.280+0000] {taskinstance.py:1364} INFO - 
--------------------------------------------------------------------------------
[2022-10-27T13:06:02.890+0000] {taskinstance.py:1383} INFO - Executing <Task(BashOperator): templated> on 2018-09-25 00:00:00+00:00
[2022-10-27T13:06:02.900+0000] {standard_task_runner.py:55} INFO - Started process 13039 to run task
[2022-10-27T13:06:02.909+0000] {standard_task_runner.py:82} INFO - Running: ['***', 'tasks', 'run', 'tutorial', 'templated', 'scheduled__2018-09-25T00:00:00+00:00', '--job-id', '3736', '--raw', '--subdir', 'DAGS_FOLDER/tuto.py', '--cfg-path', '/tmp/tmp84c_ak3v']
[2022-10-27T13:06:02.912+0000] {standard_task_runner.py:83} INFO - Job 3736: Subtask templated
[2022-10-27T13:06:02.984+0000] {logging_mixin.py:120} WARNING - /home/***/.local/lib/python3.7/site-packages/***/configuration.py:545 DeprecationWarning: The sql_alchemy_conn option in [core] has been moved to the sql_alchemy_conn option in [database] - the old setting has been used, but please update your config.
[2022-10-27T13:06:03.152+0000] {task_command.py:376} INFO - Running <TaskInstance: tutorial.templated scheduled__2018-09-25T00:00:00+00:00 [running]> on host e60030a57919
[2022-10-27T13:06:03.423+0000] {taskinstance.py:1592} INFO - Exporting the following env vars:
AIRFLOW_CTX_DAG_EMAIL=***@***.com
AIRFLOW_CTX_DAG_OWNER=***
AIRFLOW_CTX_DAG_ID=tutorial
AIRFLOW_CTX_TASK_ID=templated
AIRFLOW_CTX_EXECUTION_DATE=2018-09-25T00:00:00+00:00
AIRFLOW_CTX_TRY_NUMBER=1
AIRFLOW_CTX_DAG_RUN_ID=scheduled__2018-09-25T00:00:00+00:00
[2022-10-27T13:06:03.425+0000] {subprocess.py:63} INFO - Tmp dir root location: 
 /tmp
[2022-10-27T13:06:03.432+0000] {subprocess.py:75} INFO - Running command: ['/bin/bash', '-c', '\n    \n        echo "2018-09-25"\n        echo "2018-10-02"\n        echo "Parameter I passed in"\n    \n        echo "2018-09-25"\n        echo "2018-10-02"\n        echo "Parameter I passed in"\n    \n        echo "2018-09-25"\n        echo "2018-10-02"\n        echo "Parameter I passed in"\n    \n        echo "2018-09-25"\n        echo "2018-10-02"\n        echo "Parameter I passed in"\n    \n        echo "2018-09-25"\n        echo "2018-10-02"\n        echo "Parameter I passed in"\n    ']
[2022-10-27T13:06:03.468+0000] {subprocess.py:86} INFO - Output:
[2022-10-27T13:06:03.470+0000] {subprocess.py:93} INFO - 2018-09-25
[2022-10-27T13:06:03.488+0000] {subprocess.py:93} INFO - 2018-10-02
[2022-10-27T13:06:03.488+0000] {subprocess.py:93} INFO - Parameter I passed in
[2022-10-27T13:06:03.488+0000] {subprocess.py:93} INFO - 2018-09-25
[2022-10-27T13:06:03.488+0000] {subprocess.py:93} INFO - 2018-10-02
[2022-10-27T13:06:03.489+0000] {subprocess.py:93} INFO - Parameter I passed in
[2022-10-27T13:06:03.489+0000] {subprocess.py:93} INFO - 2018-09-25
[2022-10-27T13:06:03.489+0000] {subprocess.py:93} INFO - 2018-10-02
[2022-10-27T13:06:03.489+0000] {subprocess.py:93} INFO - Parameter I passed in
[2022-10-27T13:06:03.489+0000] {subprocess.py:93} INFO - 2018-09-25
[2022-10-27T13:06:03.489+0000] {subprocess.py:93} INFO - 2018-10-02
[2022-10-27T13:06:03.490+0000] {subprocess.py:93} INFO - Parameter I passed in
[2022-10-27T13:06:03.490+0000] {subprocess.py:93} INFO - 2018-09-25
[2022-10-27T13:06:03.490+0000] {subprocess.py:93} INFO - 2018-10-02
[2022-10-27T13:06:03.490+0000] {subprocess.py:93} INFO - Parameter I passed in
[2022-10-27T13:06:03.491+0000] {subprocess.py:97} INFO - Command exited with return code 0
[2022-10-27T13:06:03.586+0000] {taskinstance.py:1406} INFO - Marking task as SUCCESS. dag_id=tutorial, task_id=templated, execution_date=20180925T000000, start_date=20221027T130602, end_date=20221027T130603
[2022-10-27T13:06:03.740+0000] {local_task_job.py:164} INFO - Task exited with return code 0
[2022-10-27T13:06:03.788+0000] {local_task_job.py:273} INFO - 0 downstream tasks scheduled from follow-on schedule check
