[2022-12-21T15:56:21.250+0000] {taskinstance.py:1165} INFO - Dependencies all met for <TaskInstance: extr_proc_aug_pipl.processing_text scheduled__2022-12-19T00:00:00+00:00 [queued]>
[2022-12-21T15:56:21.266+0000] {taskinstance.py:1165} INFO - Dependencies all met for <TaskInstance: extr_proc_aug_pipl.processing_text scheduled__2022-12-19T00:00:00+00:00 [queued]>
[2022-12-21T15:56:21.266+0000] {taskinstance.py:1362} INFO - 
--------------------------------------------------------------------------------
[2022-12-21T15:56:21.267+0000] {taskinstance.py:1363} INFO - Starting attempt 1 of 4
[2022-12-21T15:56:21.267+0000] {taskinstance.py:1364} INFO - 
--------------------------------------------------------------------------------
[2022-12-21T15:56:21.288+0000] {taskinstance.py:1383} INFO - Executing <Task(BashOperator): processing_text> on 2022-12-19 00:00:00+00:00
[2022-12-21T15:56:21.294+0000] {standard_task_runner.py:55} INFO - Started process 236 to run task
[2022-12-21T15:56:21.298+0000] {standard_task_runner.py:82} INFO - Running: ['***', 'tasks', 'run', 'extr_proc_aug_pipl', 'processing_text', 'scheduled__2022-12-19T00:00:00+00:00', '--job-id', '5116', '--raw', '--subdir', 'DAGS_FOLDER/extr_processing_augmentation.py', '--cfg-path', '/tmp/tmp9w8leinj']
[2022-12-21T15:56:21.300+0000] {standard_task_runner.py:83} INFO - Job 5116: Subtask processing_text
[2022-12-21T15:56:21.318+0000] {logging_mixin.py:120} WARNING - /home/***/.local/lib/python3.7/site-packages/***/configuration.py:545 DeprecationWarning: The sql_alchemy_conn option in [core] has been moved to the sql_alchemy_conn option in [database] - the old setting has been used, but please update your config.
[2022-12-21T15:56:21.404+0000] {task_command.py:376} INFO - Running <TaskInstance: extr_proc_aug_pipl.processing_text scheduled__2022-12-19T00:00:00+00:00 [running]> on host ed3e98310717
[2022-12-21T15:56:21.508+0000] {taskinstance.py:1592} INFO - Exporting the following env vars:
AIRFLOW_CTX_DAG_EMAIL=***@***.com
AIRFLOW_CTX_DAG_OWNER=***
AIRFLOW_CTX_DAG_ID=extr_proc_aug_pipl
AIRFLOW_CTX_TASK_ID=processing_text
AIRFLOW_CTX_EXECUTION_DATE=2022-12-19T00:00:00+00:00
AIRFLOW_CTX_TRY_NUMBER=1
AIRFLOW_CTX_DAG_RUN_ID=scheduled__2022-12-19T00:00:00+00:00
[2022-12-21T15:56:21.509+0000] {subprocess.py:63} INFO - Tmp dir root location: 
 /tmp
[2022-12-21T15:56:21.509+0000] {subprocess.py:75} INFO - Running command: ['/bin/bash', '-c', 'sleep 5']
[2022-12-21T15:56:21.517+0000] {subprocess.py:86} INFO - Output:
[2022-12-21T15:56:26.519+0000] {subprocess.py:97} INFO - Command exited with return code 0
[2022-12-21T15:56:26.565+0000] {taskinstance.py:1406} INFO - Marking task as SUCCESS. dag_id=extr_proc_aug_pipl, task_id=processing_text, execution_date=20221219T000000, start_date=20221221T155621, end_date=20221221T155626
[2022-12-21T15:56:26.709+0000] {local_task_job.py:164} INFO - Task exited with return code 0
[2022-12-21T15:56:26.769+0000] {local_task_job.py:273} INFO - 1 downstream tasks scheduled from follow-on schedule check
