[2022-10-27T12:46:01.596+0000] {taskinstance.py:1165} INFO - Dependencies all met for <TaskInstance: tutorial.sleep scheduled__2015-08-09T00:00:00+00:00 [queued]>
[2022-10-27T12:46:01.634+0000] {taskinstance.py:1165} INFO - Dependencies all met for <TaskInstance: tutorial.sleep scheduled__2015-08-09T00:00:00+00:00 [queued]>
[2022-10-27T12:46:01.635+0000] {taskinstance.py:1362} INFO - 
--------------------------------------------------------------------------------
[2022-10-27T12:46:01.635+0000] {taskinstance.py:1363} INFO - Starting attempt 1 of 4
[2022-10-27T12:46:01.635+0000] {taskinstance.py:1364} INFO - 
--------------------------------------------------------------------------------
[2022-10-27T12:46:01.684+0000] {taskinstance.py:1383} INFO - Executing <Task(BashOperator): sleep> on 2015-08-09 00:00:00+00:00
[2022-10-27T12:46:01.697+0000] {standard_task_runner.py:55} INFO - Started process 1252 to run task
[2022-10-27T12:46:01.708+0000] {standard_task_runner.py:82} INFO - Running: ['***', 'tasks', 'run', 'tutorial', 'sleep', 'scheduled__2015-08-09T00:00:00+00:00', '--job-id', '305', '--raw', '--subdir', 'DAGS_FOLDER/tuto.py', '--cfg-path', '/tmp/tmp_0m5l8xm']
[2022-10-27T12:46:01.710+0000] {standard_task_runner.py:83} INFO - Job 305: Subtask sleep
[2022-10-27T12:46:01.733+0000] {logging_mixin.py:120} WARNING - /home/***/.local/lib/python3.7/site-packages/***/configuration.py:545 DeprecationWarning: The sql_alchemy_conn option in [core] has been moved to the sql_alchemy_conn option in [database] - the old setting has been used, but please update your config.
[2022-10-27T12:46:01.867+0000] {task_command.py:376} INFO - Running <TaskInstance: tutorial.sleep scheduled__2015-08-09T00:00:00+00:00 [running]> on host e60030a57919
[2022-10-27T12:46:02.026+0000] {taskinstance.py:1592} INFO - Exporting the following env vars:
AIRFLOW_CTX_DAG_EMAIL=***@***.com
AIRFLOW_CTX_DAG_OWNER=***
AIRFLOW_CTX_DAG_ID=tutorial
AIRFLOW_CTX_TASK_ID=sleep
AIRFLOW_CTX_EXECUTION_DATE=2015-08-09T00:00:00+00:00
AIRFLOW_CTX_TRY_NUMBER=1
AIRFLOW_CTX_DAG_RUN_ID=scheduled__2015-08-09T00:00:00+00:00
[2022-10-27T12:46:02.027+0000] {subprocess.py:63} INFO - Tmp dir root location: 
 /tmp
[2022-10-27T12:46:02.029+0000] {subprocess.py:75} INFO - Running command: ['/bin/bash', '-c', 'sleep 5']
[2022-10-27T12:46:02.062+0000] {subprocess.py:86} INFO - Output:
[2022-10-27T12:46:07.066+0000] {subprocess.py:97} INFO - Command exited with return code 0
[2022-10-27T12:46:07.095+0000] {taskinstance.py:1406} INFO - Marking task as SUCCESS. dag_id=tutorial, task_id=sleep, execution_date=20150809T000000, start_date=20221027T124601, end_date=20221027T124607
[2022-10-27T12:46:07.141+0000] {local_task_job.py:164} INFO - Task exited with return code 0
[2022-10-27T12:46:07.157+0000] {local_task_job.py:273} INFO - 0 downstream tasks scheduled from follow-on schedule check
