[2022-11-26T06:34:20.590+0000] {taskinstance.py:1165} INFO - Dependencies all met for <TaskInstance: extr_proc_aug_pipl.train_bert_text scheduled__2022-11-25T00:00:00+00:00 [queued]>
[2022-11-26T06:34:20.604+0000] {taskinstance.py:1165} INFO - Dependencies all met for <TaskInstance: extr_proc_aug_pipl.train_bert_text scheduled__2022-11-25T00:00:00+00:00 [queued]>
[2022-11-26T06:34:20.605+0000] {taskinstance.py:1362} INFO - 
--------------------------------------------------------------------------------
[2022-11-26T06:34:20.605+0000] {taskinstance.py:1363} INFO - Starting attempt 1 of 4
[2022-11-26T06:34:20.605+0000] {taskinstance.py:1364} INFO - 
--------------------------------------------------------------------------------
[2022-11-26T06:34:20.623+0000] {taskinstance.py:1383} INFO - Executing <Task(BashOperator): train_bert_text> on 2022-11-25 00:00:00+00:00
[2022-11-26T06:34:20.630+0000] {standard_task_runner.py:55} INFO - Started process 218 to run task
[2022-11-26T06:34:20.633+0000] {standard_task_runner.py:82} INFO - Running: ['***', 'tasks', 'run', 'extr_proc_aug_pipl', 'train_bert_text', 'scheduled__2022-11-25T00:00:00+00:00', '--job-id', '4917', '--raw', '--subdir', 'DAGS_FOLDER/extr_processing_augmentation.py', '--cfg-path', '/tmp/tmpn6u0cqka']
[2022-11-26T06:34:20.635+0000] {standard_task_runner.py:83} INFO - Job 4917: Subtask train_bert_text
[2022-11-26T06:34:20.648+0000] {logging_mixin.py:120} WARNING - /home/***/.local/lib/python3.7/site-packages/***/configuration.py:545 DeprecationWarning: The sql_alchemy_conn option in [core] has been moved to the sql_alchemy_conn option in [database] - the old setting has been used, but please update your config.
[2022-11-26T06:34:20.695+0000] {task_command.py:376} INFO - Running <TaskInstance: extr_proc_aug_pipl.train_bert_text scheduled__2022-11-25T00:00:00+00:00 [running]> on host ed3e98310717
[2022-11-26T06:34:20.762+0000] {taskinstance.py:1592} INFO - Exporting the following env vars:
AIRFLOW_CTX_DAG_EMAIL=***@***.com
AIRFLOW_CTX_DAG_OWNER=***
AIRFLOW_CTX_DAG_ID=extr_proc_aug_pipl
AIRFLOW_CTX_TASK_ID=train_bert_text
AIRFLOW_CTX_EXECUTION_DATE=2022-11-25T00:00:00+00:00
AIRFLOW_CTX_TRY_NUMBER=1
AIRFLOW_CTX_DAG_RUN_ID=scheduled__2022-11-25T00:00:00+00:00
[2022-11-26T06:34:20.763+0000] {subprocess.py:63} INFO - Tmp dir root location: 
 /tmp
[2022-11-26T06:34:20.765+0000] {subprocess.py:75} INFO - Running command: ['/bin/bash', '-c', 'sleep 5']
[2022-11-26T06:34:20.773+0000] {subprocess.py:86} INFO - Output:
[2022-11-26T06:34:25.775+0000] {subprocess.py:97} INFO - Command exited with return code 0
[2022-11-26T06:34:25.807+0000] {taskinstance.py:1406} INFO - Marking task as SUCCESS. dag_id=extr_proc_aug_pipl, task_id=train_bert_text, execution_date=20221125T000000, start_date=20221126T063420, end_date=20221126T063425
[2022-11-26T06:34:25.870+0000] {local_task_job.py:164} INFO - Task exited with return code 0
[2022-11-26T06:34:25.906+0000] {local_task_job.py:273} INFO - 1 downstream tasks scheduled from follow-on schedule check
