[2022-10-27T12:51:42.521+0000] {taskinstance.py:1165} INFO - Dependencies all met for <TaskInstance: tutorial.sleep scheduled__2016-07-17T00:00:00+00:00 [queued]>
[2022-10-27T12:51:42.544+0000] {taskinstance.py:1165} INFO - Dependencies all met for <TaskInstance: tutorial.sleep scheduled__2016-07-17T00:00:00+00:00 [queued]>
[2022-10-27T12:51:42.545+0000] {taskinstance.py:1362} INFO - 
--------------------------------------------------------------------------------
[2022-10-27T12:51:42.545+0000] {taskinstance.py:1363} INFO - Starting attempt 1 of 4
[2022-10-27T12:51:42.545+0000] {taskinstance.py:1364} INFO - 
--------------------------------------------------------------------------------
[2022-10-27T12:51:42.696+0000] {taskinstance.py:1383} INFO - Executing <Task(BashOperator): sleep> on 2016-07-17 00:00:00+00:00
[2022-10-27T12:51:42.710+0000] {standard_task_runner.py:55} INFO - Started process 4768 to run task
[2022-10-27T12:51:42.736+0000] {standard_task_runner.py:82} INFO - Running: ['***', 'tasks', 'run', 'tutorial', 'sleep', 'scheduled__2016-07-17T00:00:00+00:00', '--job-id', '1336', '--raw', '--subdir', 'DAGS_FOLDER/tuto.py', '--cfg-path', '/tmp/tmpibwpel6y']
[2022-10-27T12:51:42.739+0000] {standard_task_runner.py:83} INFO - Job 1336: Subtask sleep
[2022-10-27T12:51:42.781+0000] {logging_mixin.py:120} WARNING - /home/***/.local/lib/python3.7/site-packages/***/configuration.py:545 DeprecationWarning: The sql_alchemy_conn option in [core] has been moved to the sql_alchemy_conn option in [database] - the old setting has been used, but please update your config.
[2022-10-27T12:51:42.916+0000] {task_command.py:376} INFO - Running <TaskInstance: tutorial.sleep scheduled__2016-07-17T00:00:00+00:00 [running]> on host e60030a57919
[2022-10-27T12:51:43.102+0000] {taskinstance.py:1592} INFO - Exporting the following env vars:
AIRFLOW_CTX_DAG_EMAIL=***@***.com
AIRFLOW_CTX_DAG_OWNER=***
AIRFLOW_CTX_DAG_ID=tutorial
AIRFLOW_CTX_TASK_ID=sleep
AIRFLOW_CTX_EXECUTION_DATE=2016-07-17T00:00:00+00:00
AIRFLOW_CTX_TRY_NUMBER=1
AIRFLOW_CTX_DAG_RUN_ID=scheduled__2016-07-17T00:00:00+00:00
[2022-10-27T12:51:43.104+0000] {subprocess.py:63} INFO - Tmp dir root location: 
 /tmp
[2022-10-27T12:51:43.105+0000] {subprocess.py:75} INFO - Running command: ['/bin/bash', '-c', 'sleep 5']
[2022-10-27T12:51:43.135+0000] {subprocess.py:86} INFO - Output:
[2022-10-27T12:51:48.140+0000] {subprocess.py:97} INFO - Command exited with return code 0
[2022-10-27T12:51:48.168+0000] {taskinstance.py:1406} INFO - Marking task as SUCCESS. dag_id=tutorial, task_id=sleep, execution_date=20160717T000000, start_date=20221027T125142, end_date=20221027T125148
[2022-10-27T12:51:48.218+0000] {local_task_job.py:164} INFO - Task exited with return code 0
[2022-10-27T12:51:48.236+0000] {local_task_job.py:273} INFO - 0 downstream tasks scheduled from follow-on schedule check
