[2022-10-27T12:47:49.166+0000] {taskinstance.py:1165} INFO - Dependencies all met for <TaskInstance: tutorial.templated scheduled__2015-11-26T00:00:00+00:00 [queued]>
[2022-10-27T12:47:49.189+0000] {taskinstance.py:1165} INFO - Dependencies all met for <TaskInstance: tutorial.templated scheduled__2015-11-26T00:00:00+00:00 [queued]>
[2022-10-27T12:47:49.189+0000] {taskinstance.py:1362} INFO - 
--------------------------------------------------------------------------------
[2022-10-27T12:47:49.190+0000] {taskinstance.py:1363} INFO - Starting attempt 1 of 2
[2022-10-27T12:47:49.190+0000] {taskinstance.py:1364} INFO - 
--------------------------------------------------------------------------------
[2022-10-27T12:47:49.258+0000] {taskinstance.py:1383} INFO - Executing <Task(BashOperator): templated> on 2015-11-26 00:00:00+00:00
[2022-10-27T12:47:49.270+0000] {standard_task_runner.py:55} INFO - Started process 2374 to run task
[2022-10-27T12:47:49.276+0000] {standard_task_runner.py:82} INFO - Running: ['***', 'tasks', 'run', 'tutorial', 'templated', 'scheduled__2015-11-26T00:00:00+00:00', '--job-id', '632', '--raw', '--subdir', 'DAGS_FOLDER/tuto.py', '--cfg-path', '/tmp/tmpr9s_thy7']
[2022-10-27T12:47:49.279+0000] {standard_task_runner.py:83} INFO - Job 632: Subtask templated
[2022-10-27T12:47:49.333+0000] {logging_mixin.py:120} WARNING - /home/***/.local/lib/python3.7/site-packages/***/configuration.py:545 DeprecationWarning: The sql_alchemy_conn option in [core] has been moved to the sql_alchemy_conn option in [database] - the old setting has been used, but please update your config.
[2022-10-27T12:47:49.620+0000] {task_command.py:376} INFO - Running <TaskInstance: tutorial.templated scheduled__2015-11-26T00:00:00+00:00 [running]> on host e60030a57919
[2022-10-27T12:47:49.843+0000] {taskinstance.py:1592} INFO - Exporting the following env vars:
AIRFLOW_CTX_DAG_EMAIL=***@***.com
AIRFLOW_CTX_DAG_OWNER=***
AIRFLOW_CTX_DAG_ID=tutorial
AIRFLOW_CTX_TASK_ID=templated
AIRFLOW_CTX_EXECUTION_DATE=2015-11-26T00:00:00+00:00
AIRFLOW_CTX_TRY_NUMBER=1
AIRFLOW_CTX_DAG_RUN_ID=scheduled__2015-11-26T00:00:00+00:00
[2022-10-27T12:47:49.845+0000] {subprocess.py:63} INFO - Tmp dir root location: 
 /tmp
[2022-10-27T12:47:49.846+0000] {subprocess.py:75} INFO - Running command: ['/bin/bash', '-c', '\n    \n        echo "2015-11-26"\n        echo "2015-12-03"\n        echo "Parameter I passed in"\n    \n        echo "2015-11-26"\n        echo "2015-12-03"\n        echo "Parameter I passed in"\n    \n        echo "2015-11-26"\n        echo "2015-12-03"\n        echo "Parameter I passed in"\n    \n        echo "2015-11-26"\n        echo "2015-12-03"\n        echo "Parameter I passed in"\n    \n        echo "2015-11-26"\n        echo "2015-12-03"\n        echo "Parameter I passed in"\n    ']
[2022-10-27T12:47:49.878+0000] {subprocess.py:86} INFO - Output:
[2022-10-27T12:47:49.880+0000] {subprocess.py:93} INFO - 2015-11-26
[2022-10-27T12:47:49.880+0000] {subprocess.py:93} INFO - 2015-12-03
[2022-10-27T12:47:49.881+0000] {subprocess.py:93} INFO - Parameter I passed in
[2022-10-27T12:47:49.881+0000] {subprocess.py:93} INFO - 2015-11-26
[2022-10-27T12:47:49.881+0000] {subprocess.py:93} INFO - 2015-12-03
[2022-10-27T12:47:49.881+0000] {subprocess.py:93} INFO - Parameter I passed in
[2022-10-27T12:47:49.881+0000] {subprocess.py:93} INFO - 2015-11-26
[2022-10-27T12:47:49.882+0000] {subprocess.py:93} INFO - 2015-12-03
[2022-10-27T12:47:49.882+0000] {subprocess.py:93} INFO - Parameter I passed in
[2022-10-27T12:47:49.882+0000] {subprocess.py:93} INFO - 2015-11-26
[2022-10-27T12:47:49.882+0000] {subprocess.py:93} INFO - 2015-12-03
[2022-10-27T12:47:49.882+0000] {subprocess.py:93} INFO - Parameter I passed in
[2022-10-27T12:47:49.882+0000] {subprocess.py:93} INFO - 2015-11-26
[2022-10-27T12:47:49.883+0000] {subprocess.py:93} INFO - 2015-12-03
[2022-10-27T12:47:49.883+0000] {subprocess.py:93} INFO - Parameter I passed in
[2022-10-27T12:47:49.883+0000] {subprocess.py:97} INFO - Command exited with return code 0
[2022-10-27T12:47:49.972+0000] {taskinstance.py:1406} INFO - Marking task as SUCCESS. dag_id=tutorial, task_id=templated, execution_date=20151126T000000, start_date=20221027T124749, end_date=20221027T124749
[2022-10-27T12:47:50.027+0000] {local_task_job.py:164} INFO - Task exited with return code 0
[2022-10-27T12:47:50.331+0000] {local_task_job.py:273} INFO - 0 downstream tasks scheduled from follow-on schedule check
