[2022-10-27T12:51:12.545+0000] {taskinstance.py:1165} INFO - Dependencies all met for <TaskInstance: tutorial.templated scheduled__2016-06-19T00:00:00+00:00 [queued]>
[2022-10-27T12:51:12.566+0000] {taskinstance.py:1165} INFO - Dependencies all met for <TaskInstance: tutorial.templated scheduled__2016-06-19T00:00:00+00:00 [queued]>
[2022-10-27T12:51:12.567+0000] {taskinstance.py:1362} INFO - 
--------------------------------------------------------------------------------
[2022-10-27T12:51:12.567+0000] {taskinstance.py:1363} INFO - Starting attempt 1 of 2
[2022-10-27T12:51:12.567+0000] {taskinstance.py:1364} INFO - 
--------------------------------------------------------------------------------
[2022-10-27T12:51:12.615+0000] {taskinstance.py:1383} INFO - Executing <Task(BashOperator): templated> on 2016-06-19 00:00:00+00:00
[2022-10-27T12:51:12.623+0000] {standard_task_runner.py:55} INFO - Started process 4478 to run task
[2022-10-27T12:51:12.629+0000] {standard_task_runner.py:82} INFO - Running: ['***', 'tasks', 'run', 'tutorial', 'templated', 'scheduled__2016-06-19T00:00:00+00:00', '--job-id', '1252', '--raw', '--subdir', 'DAGS_FOLDER/tuto.py', '--cfg-path', '/tmp/tmp4284so9j']
[2022-10-27T12:51:12.631+0000] {standard_task_runner.py:83} INFO - Job 1252: Subtask templated
[2022-10-27T12:51:12.670+0000] {logging_mixin.py:120} WARNING - /home/***/.local/lib/python3.7/site-packages/***/configuration.py:545 DeprecationWarning: The sql_alchemy_conn option in [core] has been moved to the sql_alchemy_conn option in [database] - the old setting has been used, but please update your config.
[2022-10-27T12:51:12.770+0000] {task_command.py:376} INFO - Running <TaskInstance: tutorial.templated scheduled__2016-06-19T00:00:00+00:00 [running]> on host e60030a57919
[2022-10-27T12:51:12.976+0000] {taskinstance.py:1592} INFO - Exporting the following env vars:
AIRFLOW_CTX_DAG_EMAIL=***@***.com
AIRFLOW_CTX_DAG_OWNER=***
AIRFLOW_CTX_DAG_ID=tutorial
AIRFLOW_CTX_TASK_ID=templated
AIRFLOW_CTX_EXECUTION_DATE=2016-06-19T00:00:00+00:00
AIRFLOW_CTX_TRY_NUMBER=1
AIRFLOW_CTX_DAG_RUN_ID=scheduled__2016-06-19T00:00:00+00:00
[2022-10-27T12:51:12.978+0000] {subprocess.py:63} INFO - Tmp dir root location: 
 /tmp
[2022-10-27T12:51:12.980+0000] {subprocess.py:75} INFO - Running command: ['/bin/bash', '-c', '\n    \n        echo "2016-06-19"\n        echo "2016-06-26"\n        echo "Parameter I passed in"\n    \n        echo "2016-06-19"\n        echo "2016-06-26"\n        echo "Parameter I passed in"\n    \n        echo "2016-06-19"\n        echo "2016-06-26"\n        echo "Parameter I passed in"\n    \n        echo "2016-06-19"\n        echo "2016-06-26"\n        echo "Parameter I passed in"\n    \n        echo "2016-06-19"\n        echo "2016-06-26"\n        echo "Parameter I passed in"\n    ']
[2022-10-27T12:51:13.005+0000] {subprocess.py:86} INFO - Output:
[2022-10-27T12:51:13.006+0000] {subprocess.py:93} INFO - 2016-06-19
[2022-10-27T12:51:13.007+0000] {subprocess.py:93} INFO - 2016-06-26
[2022-10-27T12:51:13.007+0000] {subprocess.py:93} INFO - Parameter I passed in
[2022-10-27T12:51:13.007+0000] {subprocess.py:93} INFO - 2016-06-19
[2022-10-27T12:51:13.007+0000] {subprocess.py:93} INFO - 2016-06-26
[2022-10-27T12:51:13.007+0000] {subprocess.py:93} INFO - Parameter I passed in
[2022-10-27T12:51:13.007+0000] {subprocess.py:93} INFO - 2016-06-19
[2022-10-27T12:51:13.008+0000] {subprocess.py:93} INFO - 2016-06-26
[2022-10-27T12:51:13.008+0000] {subprocess.py:93} INFO - Parameter I passed in
[2022-10-27T12:51:13.008+0000] {subprocess.py:93} INFO - 2016-06-19
[2022-10-27T12:51:13.008+0000] {subprocess.py:93} INFO - 2016-06-26
[2022-10-27T12:51:13.008+0000] {subprocess.py:93} INFO - Parameter I passed in
[2022-10-27T12:51:13.008+0000] {subprocess.py:93} INFO - 2016-06-19
[2022-10-27T12:51:13.009+0000] {subprocess.py:93} INFO - 2016-06-26
[2022-10-27T12:51:13.009+0000] {subprocess.py:93} INFO - Parameter I passed in
[2022-10-27T12:51:13.009+0000] {subprocess.py:97} INFO - Command exited with return code 0
[2022-10-27T12:51:13.084+0000] {taskinstance.py:1406} INFO - Marking task as SUCCESS. dag_id=tutorial, task_id=templated, execution_date=20160619T000000, start_date=20221027T125112, end_date=20221027T125113
[2022-10-27T12:51:13.125+0000] {local_task_job.py:164} INFO - Task exited with return code 0
[2022-10-27T12:51:13.271+0000] {local_task_job.py:273} INFO - 0 downstream tasks scheduled from follow-on schedule check
