[2022-11-12T08:27:00.248+0000] {taskinstance.py:1165} INFO - Dependencies all met for <TaskInstance: data_processing.sleep scheduled__2022-10-30T00:00:00+00:00 [queued]>
[2022-11-12T08:27:00.450+0000] {taskinstance.py:1165} INFO - Dependencies all met for <TaskInstance: data_processing.sleep scheduled__2022-10-30T00:00:00+00:00 [queued]>
[2022-11-12T08:27:00.451+0000] {taskinstance.py:1362} INFO - 
--------------------------------------------------------------------------------
[2022-11-12T08:27:00.451+0000] {taskinstance.py:1363} INFO - Starting attempt 1 of 4
[2022-11-12T08:27:00.451+0000] {taskinstance.py:1364} INFO - 
--------------------------------------------------------------------------------
[2022-11-12T08:27:00.533+0000] {taskinstance.py:1383} INFO - Executing <Task(BashOperator): sleep> on 2022-10-30 00:00:00+00:00
[2022-11-12T08:27:00.658+0000] {standard_task_runner.py:55} INFO - Started process 8909 to run task
[2022-11-12T08:27:00.733+0000] {standard_task_runner.py:82} INFO - Running: ['***', 'tasks', 'run', 'data_processing', 'sleep', 'scheduled__2022-10-30T00:00:00+00:00', '--job-id', '4664', '--raw', '--subdir', 'DAGS_FOLDER/data_processing.py', '--cfg-path', '/tmp/tmpm_vigozx']
[2022-11-12T08:27:00.740+0000] {standard_task_runner.py:83} INFO - Job 4664: Subtask sleep
[2022-11-12T08:27:05.131+0000] {logging_mixin.py:120} WARNING - /home/***/.local/lib/python3.7/site-packages/***/configuration.py:545 DeprecationWarning: The sql_alchemy_conn option in [core] has been moved to the sql_alchemy_conn option in [database] - the old setting has been used, but please update your config.
[2022-11-12T08:27:06.418+0000] {task_command.py:376} INFO - Running <TaskInstance: data_processing.sleep scheduled__2022-10-30T00:00:00+00:00 [running]> on host ed3e98310717
[2022-11-12T08:27:07.393+0000] {taskinstance.py:1592} INFO - Exporting the following env vars:
AIRFLOW_CTX_DAG_EMAIL=***@***.com
AIRFLOW_CTX_DAG_OWNER=***
AIRFLOW_CTX_DAG_ID=data_processing
AIRFLOW_CTX_TASK_ID=sleep
AIRFLOW_CTX_EXECUTION_DATE=2022-10-30T00:00:00+00:00
AIRFLOW_CTX_TRY_NUMBER=1
AIRFLOW_CTX_DAG_RUN_ID=scheduled__2022-10-30T00:00:00+00:00
[2022-11-12T08:27:07.407+0000] {subprocess.py:63} INFO - Tmp dir root location: 
 /tmp
[2022-11-12T08:27:07.409+0000] {subprocess.py:75} INFO - Running command: ['/bin/bash', '-c', 'sleep 5']
[2022-11-12T08:27:08.997+0000] {subprocess.py:86} INFO - Output:
[2022-11-12T08:27:14.832+0000] {subprocess.py:97} INFO - Command exited with return code 0
[2022-11-12T08:27:14.896+0000] {taskinstance.py:1406} INFO - Marking task as SUCCESS. dag_id=data_processing, task_id=sleep, execution_date=20221030T000000, start_date=20221112T082700, end_date=20221112T082714
[2022-11-12T08:27:14.959+0000] {local_task_job.py:164} INFO - Task exited with return code 0
[2022-11-12T08:27:14.997+0000] {local_task_job.py:273} INFO - 0 downstream tasks scheduled from follow-on schedule check
