[2022-10-27T13:11:12.022+0000] {taskinstance.py:1165} INFO - Dependencies all met for <TaskInstance: tutorial.templated scheduled__2019-06-25T00:00:00+00:00 [queued]>
[2022-10-27T13:11:12.050+0000] {taskinstance.py:1165} INFO - Dependencies all met for <TaskInstance: tutorial.templated scheduled__2019-06-25T00:00:00+00:00 [queued]>
[2022-10-27T13:11:12.052+0000] {taskinstance.py:1362} INFO - 
--------------------------------------------------------------------------------
[2022-10-27T13:11:12.054+0000] {taskinstance.py:1363} INFO - Starting attempt 1 of 2
[2022-10-27T13:11:12.054+0000] {taskinstance.py:1364} INFO - 
--------------------------------------------------------------------------------
[2022-10-27T13:11:12.094+0000] {taskinstance.py:1383} INFO - Executing <Task(BashOperator): templated> on 2019-06-25 00:00:00+00:00
[2022-10-27T13:11:12.165+0000] {standard_task_runner.py:55} INFO - Started process 201 to run task
[2022-10-27T13:11:12.183+0000] {standard_task_runner.py:82} INFO - Running: ['***', 'tasks', 'run', 'tutorial', 'templated', 'scheduled__2019-06-25T00:00:00+00:00', '--job-id', '4550', '--raw', '--subdir', 'DAGS_FOLDER/tuto.py', '--cfg-path', '/tmp/tmpaycu0bpt']
[2022-10-27T13:11:12.189+0000] {standard_task_runner.py:83} INFO - Job 4550: Subtask templated
[2022-10-27T13:11:12.254+0000] {logging_mixin.py:120} WARNING - /home/***/.local/lib/python3.7/site-packages/***/configuration.py:545 DeprecationWarning: The sql_alchemy_conn option in [core] has been moved to the sql_alchemy_conn option in [database] - the old setting has been used, but please update your config.
[2022-10-27T13:11:12.368+0000] {task_command.py:376} INFO - Running <TaskInstance: tutorial.templated scheduled__2019-06-25T00:00:00+00:00 [running]> on host ed3e98310717
[2022-10-27T13:11:12.610+0000] {taskinstance.py:1592} INFO - Exporting the following env vars:
AIRFLOW_CTX_DAG_EMAIL=***@***.com
AIRFLOW_CTX_DAG_OWNER=***
AIRFLOW_CTX_DAG_ID=tutorial
AIRFLOW_CTX_TASK_ID=templated
AIRFLOW_CTX_EXECUTION_DATE=2019-06-25T00:00:00+00:00
AIRFLOW_CTX_TRY_NUMBER=1
AIRFLOW_CTX_DAG_RUN_ID=scheduled__2019-06-25T00:00:00+00:00
[2022-10-27T13:11:12.614+0000] {subprocess.py:63} INFO - Tmp dir root location: 
 /tmp
[2022-10-27T13:11:12.615+0000] {subprocess.py:75} INFO - Running command: ['/bin/bash', '-c', '\n    \n        echo "2019-06-25"\n        echo "2019-07-02"\n        echo "Parameter I passed in"\n    \n        echo "2019-06-25"\n        echo "2019-07-02"\n        echo "Parameter I passed in"\n    \n        echo "2019-06-25"\n        echo "2019-07-02"\n        echo "Parameter I passed in"\n    \n        echo "2019-06-25"\n        echo "2019-07-02"\n        echo "Parameter I passed in"\n    \n        echo "2019-06-25"\n        echo "2019-07-02"\n        echo "Parameter I passed in"\n    ']
[2022-10-27T13:11:12.636+0000] {subprocess.py:86} INFO - Output:
[2022-10-27T13:11:12.638+0000] {subprocess.py:93} INFO - 2019-06-25
[2022-10-27T13:11:12.638+0000] {subprocess.py:93} INFO - 2019-07-02
[2022-10-27T13:11:12.639+0000] {subprocess.py:93} INFO - Parameter I passed in
[2022-10-27T13:11:12.639+0000] {subprocess.py:93} INFO - 2019-06-25
[2022-10-27T13:11:12.640+0000] {subprocess.py:93} INFO - 2019-07-02
[2022-10-27T13:11:12.640+0000] {subprocess.py:93} INFO - Parameter I passed in
[2022-10-27T13:11:12.640+0000] {subprocess.py:93} INFO - 2019-06-25
[2022-10-27T13:11:12.640+0000] {subprocess.py:93} INFO - 2019-07-02
[2022-10-27T13:11:12.640+0000] {subprocess.py:93} INFO - Parameter I passed in
[2022-10-27T13:11:12.640+0000] {subprocess.py:93} INFO - 2019-06-25
[2022-10-27T13:11:12.640+0000] {subprocess.py:93} INFO - 2019-07-02
[2022-10-27T13:11:12.641+0000] {subprocess.py:93} INFO - Parameter I passed in
[2022-10-27T13:11:12.641+0000] {subprocess.py:93} INFO - 2019-06-25
[2022-10-27T13:11:12.641+0000] {subprocess.py:93} INFO - 2019-07-02
[2022-10-27T13:11:12.641+0000] {subprocess.py:93} INFO - Parameter I passed in
[2022-10-27T13:11:12.641+0000] {subprocess.py:97} INFO - Command exited with return code 0
[2022-10-27T13:11:12.729+0000] {taskinstance.py:1406} INFO - Marking task as SUCCESS. dag_id=tutorial, task_id=templated, execution_date=20190625T000000, start_date=20221027T131112, end_date=20221027T131112
[2022-10-27T13:11:12.788+0000] {local_task_job.py:164} INFO - Task exited with return code 0
[2022-10-27T13:11:12.897+0000] {local_task_job.py:273} INFO - 0 downstream tasks scheduled from follow-on schedule check
