[2022-10-27T12:48:53.691+0000] {taskinstance.py:1165} INFO - Dependencies all met for <TaskInstance: tutorial.templated scheduled__2016-01-31T00:00:00+00:00 [queued]>
[2022-10-27T12:48:53.714+0000] {taskinstance.py:1165} INFO - Dependencies all met for <TaskInstance: tutorial.templated scheduled__2016-01-31T00:00:00+00:00 [queued]>
[2022-10-27T12:48:53.714+0000] {taskinstance.py:1362} INFO - 
--------------------------------------------------------------------------------
[2022-10-27T12:48:53.714+0000] {taskinstance.py:1363} INFO - Starting attempt 1 of 2
[2022-10-27T12:48:53.715+0000] {taskinstance.py:1364} INFO - 
--------------------------------------------------------------------------------
[2022-10-27T12:48:53.965+0000] {taskinstance.py:1383} INFO - Executing <Task(BashOperator): templated> on 2016-01-31 00:00:00+00:00
[2022-10-27T12:48:53.978+0000] {standard_task_runner.py:55} INFO - Started process 3050 to run task
[2022-10-27T12:48:53.984+0000] {standard_task_runner.py:82} INFO - Running: ['***', 'tasks', 'run', 'tutorial', 'templated', 'scheduled__2016-01-31T00:00:00+00:00', '--job-id', '832', '--raw', '--subdir', 'DAGS_FOLDER/tuto.py', '--cfg-path', '/tmp/tmpyo4ikxvz']
[2022-10-27T12:48:53.987+0000] {standard_task_runner.py:83} INFO - Job 832: Subtask templated
[2022-10-27T12:48:54.029+0000] {logging_mixin.py:120} WARNING - /home/***/.local/lib/python3.7/site-packages/***/configuration.py:545 DeprecationWarning: The sql_alchemy_conn option in [core] has been moved to the sql_alchemy_conn option in [database] - the old setting has been used, but please update your config.
[2022-10-27T12:48:54.141+0000] {task_command.py:376} INFO - Running <TaskInstance: tutorial.templated scheduled__2016-01-31T00:00:00+00:00 [running]> on host e60030a57919
[2022-10-27T12:48:54.280+0000] {taskinstance.py:1592} INFO - Exporting the following env vars:
AIRFLOW_CTX_DAG_EMAIL=***@***.com
AIRFLOW_CTX_DAG_OWNER=***
AIRFLOW_CTX_DAG_ID=tutorial
AIRFLOW_CTX_TASK_ID=templated
AIRFLOW_CTX_EXECUTION_DATE=2016-01-31T00:00:00+00:00
AIRFLOW_CTX_TRY_NUMBER=1
AIRFLOW_CTX_DAG_RUN_ID=scheduled__2016-01-31T00:00:00+00:00
[2022-10-27T12:48:54.282+0000] {subprocess.py:63} INFO - Tmp dir root location: 
 /tmp
[2022-10-27T12:48:54.283+0000] {subprocess.py:75} INFO - Running command: ['/bin/bash', '-c', '\n    \n        echo "2016-01-31"\n        echo "2016-02-07"\n        echo "Parameter I passed in"\n    \n        echo "2016-01-31"\n        echo "2016-02-07"\n        echo "Parameter I passed in"\n    \n        echo "2016-01-31"\n        echo "2016-02-07"\n        echo "Parameter I passed in"\n    \n        echo "2016-01-31"\n        echo "2016-02-07"\n        echo "Parameter I passed in"\n    \n        echo "2016-01-31"\n        echo "2016-02-07"\n        echo "Parameter I passed in"\n    ']
[2022-10-27T12:48:54.306+0000] {subprocess.py:86} INFO - Output:
[2022-10-27T12:48:54.309+0000] {subprocess.py:93} INFO - 2016-01-31
[2022-10-27T12:48:54.310+0000] {subprocess.py:93} INFO - 2016-02-07
[2022-10-27T12:48:54.310+0000] {subprocess.py:93} INFO - Parameter I passed in
[2022-10-27T12:48:54.310+0000] {subprocess.py:93} INFO - 2016-01-31
[2022-10-27T12:48:54.310+0000] {subprocess.py:93} INFO - 2016-02-07
[2022-10-27T12:48:54.310+0000] {subprocess.py:93} INFO - Parameter I passed in
[2022-10-27T12:48:54.310+0000] {subprocess.py:93} INFO - 2016-01-31
[2022-10-27T12:48:54.310+0000] {subprocess.py:93} INFO - 2016-02-07
[2022-10-27T12:48:54.311+0000] {subprocess.py:93} INFO - Parameter I passed in
[2022-10-27T12:48:54.311+0000] {subprocess.py:93} INFO - 2016-01-31
[2022-10-27T12:48:54.311+0000] {subprocess.py:93} INFO - 2016-02-07
[2022-10-27T12:48:54.311+0000] {subprocess.py:93} INFO - Parameter I passed in
[2022-10-27T12:48:54.311+0000] {subprocess.py:93} INFO - 2016-01-31
[2022-10-27T12:48:54.311+0000] {subprocess.py:93} INFO - 2016-02-07
[2022-10-27T12:48:54.311+0000] {subprocess.py:93} INFO - Parameter I passed in
[2022-10-27T12:48:54.312+0000] {subprocess.py:97} INFO - Command exited with return code 0
[2022-10-27T12:48:54.358+0000] {taskinstance.py:1406} INFO - Marking task as SUCCESS. dag_id=tutorial, task_id=templated, execution_date=20160131T000000, start_date=20221027T124853, end_date=20221027T124854
[2022-10-27T12:48:54.400+0000] {local_task_job.py:164} INFO - Task exited with return code 0
[2022-10-27T12:48:54.439+0000] {local_task_job.py:273} INFO - 0 downstream tasks scheduled from follow-on schedule check
