[2023-05-10T10:46:45.522+0000] {taskinstance.py:1165} INFO - Dependencies all met for <TaskInstance: extr_proc_aug_pipl.processing_data scheduled__2022-12-26T17:30:00+00:00 [queued]>
[2023-05-10T10:46:45.556+0000] {taskinstance.py:1165} INFO - Dependencies all met for <TaskInstance: extr_proc_aug_pipl.processing_data scheduled__2022-12-26T17:30:00+00:00 [queued]>
[2023-05-10T10:46:45.556+0000] {taskinstance.py:1362} INFO - 
--------------------------------------------------------------------------------
[2023-05-10T10:46:45.557+0000] {taskinstance.py:1363} INFO - Starting attempt 1 of 4
[2023-05-10T10:46:45.557+0000] {taskinstance.py:1364} INFO - 
--------------------------------------------------------------------------------
[2023-05-10T10:46:45.604+0000] {taskinstance.py:1383} INFO - Executing <Task(BashOperator): processing_data> on 2022-12-26 17:30:00+00:00
[2023-05-10T10:46:45.613+0000] {standard_task_runner.py:55} INFO - Started process 1082 to run task
[2023-05-10T10:46:45.619+0000] {standard_task_runner.py:82} INFO - Running: ['***', 'tasks', 'run', 'extr_proc_aug_pipl', 'processing_data', 'scheduled__2022-12-26T17:30:00+00:00', '--job-id', '5723', '--raw', '--subdir', 'DAGS_FOLDER/extr_processing_augmentation.py', '--cfg-path', '/tmp/tmp2hrlukky']
[2023-05-10T10:46:45.623+0000] {standard_task_runner.py:83} INFO - Job 5723: Subtask processing_data
[2023-05-10T10:46:45.654+0000] {logging_mixin.py:120} WARNING - /home/***/.local/lib/python3.7/site-packages/***/configuration.py:545 DeprecationWarning: The sql_alchemy_conn option in [core] has been moved to the sql_alchemy_conn option in [database] - the old setting has been used, but please update your config.
[2023-05-10T10:46:45.756+0000] {task_command.py:376} INFO - Running <TaskInstance: extr_proc_aug_pipl.processing_data scheduled__2022-12-26T17:30:00+00:00 [running]> on host 0961b7a3874f
[2023-05-10T10:46:45.911+0000] {taskinstance.py:1592} INFO - Exporting the following env vars:
AIRFLOW_CTX_DAG_EMAIL=***@***.com
AIRFLOW_CTX_DAG_OWNER=***
AIRFLOW_CTX_DAG_ID=extr_proc_aug_pipl
AIRFLOW_CTX_TASK_ID=processing_data
AIRFLOW_CTX_EXECUTION_DATE=2022-12-26T17:30:00+00:00
AIRFLOW_CTX_TRY_NUMBER=1
AIRFLOW_CTX_DAG_RUN_ID=scheduled__2022-12-26T17:30:00+00:00
[2023-05-10T10:46:45.913+0000] {subprocess.py:63} INFO - Tmp dir root location: 
 /tmp
[2023-05-10T10:46:45.914+0000] {subprocess.py:75} INFO - Running command: ['/bin/bash', '-c', 'sleep 5']
[2023-05-10T10:46:45.930+0000] {subprocess.py:86} INFO - Output:
[2023-05-10T10:46:50.935+0000] {subprocess.py:97} INFO - Command exited with return code 0
[2023-05-10T10:46:51.095+0000] {taskinstance.py:1406} INFO - Marking task as SUCCESS. dag_id=extr_proc_aug_pipl, task_id=processing_data, execution_date=20221226T173000, start_date=20230510T104645, end_date=20230510T104651
[2023-05-10T10:46:51.187+0000] {local_task_job.py:164} INFO - Task exited with return code 0
[2023-05-10T10:46:51.260+0000] {local_task_job.py:273} INFO - 1 downstream tasks scheduled from follow-on schedule check
