[2022-10-27T13:00:44.130+0000] {taskinstance.py:1165} INFO - Dependencies all met for <TaskInstance: tutorial.templated scheduled__2017-12-18T00:00:00+00:00 [queued]>
[2022-10-27T13:00:44.150+0000] {taskinstance.py:1165} INFO - Dependencies all met for <TaskInstance: tutorial.templated scheduled__2017-12-18T00:00:00+00:00 [queued]>
[2022-10-27T13:00:44.151+0000] {taskinstance.py:1362} INFO - 
--------------------------------------------------------------------------------
[2022-10-27T13:00:44.151+0000] {taskinstance.py:1363} INFO - Starting attempt 1 of 2
[2022-10-27T13:00:44.151+0000] {taskinstance.py:1364} INFO - 
--------------------------------------------------------------------------------
[2022-10-27T13:00:44.257+0000] {taskinstance.py:1383} INFO - Executing <Task(BashOperator): templated> on 2017-12-18 00:00:00+00:00
[2022-10-27T13:00:44.267+0000] {standard_task_runner.py:55} INFO - Started process 10116 to run task
[2022-10-27T13:00:44.272+0000] {standard_task_runner.py:82} INFO - Running: ['***', 'tasks', 'run', 'tutorial', 'templated', 'scheduled__2017-12-18T00:00:00+00:00', '--job-id', '2894', '--raw', '--subdir', 'DAGS_FOLDER/tuto.py', '--cfg-path', '/tmp/tmprvpkc0_c']
[2022-10-27T13:00:44.275+0000] {standard_task_runner.py:83} INFO - Job 2894: Subtask templated
[2022-10-27T13:00:44.299+0000] {logging_mixin.py:120} WARNING - /home/***/.local/lib/python3.7/site-packages/***/configuration.py:545 DeprecationWarning: The sql_alchemy_conn option in [core] has been moved to the sql_alchemy_conn option in [database] - the old setting has been used, but please update your config.
[2022-10-27T13:00:44.379+0000] {task_command.py:376} INFO - Running <TaskInstance: tutorial.templated scheduled__2017-12-18T00:00:00+00:00 [running]> on host e60030a57919
[2022-10-27T13:00:44.483+0000] {taskinstance.py:1592} INFO - Exporting the following env vars:
AIRFLOW_CTX_DAG_EMAIL=***@***.com
AIRFLOW_CTX_DAG_OWNER=***
AIRFLOW_CTX_DAG_ID=tutorial
AIRFLOW_CTX_TASK_ID=templated
AIRFLOW_CTX_EXECUTION_DATE=2017-12-18T00:00:00+00:00
AIRFLOW_CTX_TRY_NUMBER=1
AIRFLOW_CTX_DAG_RUN_ID=scheduled__2017-12-18T00:00:00+00:00
[2022-10-27T13:00:44.483+0000] {subprocess.py:63} INFO - Tmp dir root location: 
 /tmp
[2022-10-27T13:00:44.484+0000] {subprocess.py:75} INFO - Running command: ['/bin/bash', '-c', '\n    \n        echo "2017-12-18"\n        echo "2017-12-25"\n        echo "Parameter I passed in"\n    \n        echo "2017-12-18"\n        echo "2017-12-25"\n        echo "Parameter I passed in"\n    \n        echo "2017-12-18"\n        echo "2017-12-25"\n        echo "Parameter I passed in"\n    \n        echo "2017-12-18"\n        echo "2017-12-25"\n        echo "Parameter I passed in"\n    \n        echo "2017-12-18"\n        echo "2017-12-25"\n        echo "Parameter I passed in"\n    ']
[2022-10-27T13:00:44.493+0000] {subprocess.py:86} INFO - Output:
[2022-10-27T13:00:44.495+0000] {subprocess.py:93} INFO - 2017-12-18
[2022-10-27T13:00:44.495+0000] {subprocess.py:93} INFO - 2017-12-25
[2022-10-27T13:00:44.495+0000] {subprocess.py:93} INFO - Parameter I passed in
[2022-10-27T13:00:44.495+0000] {subprocess.py:93} INFO - 2017-12-18
[2022-10-27T13:00:44.495+0000] {subprocess.py:93} INFO - 2017-12-25
[2022-10-27T13:00:44.495+0000] {subprocess.py:93} INFO - Parameter I passed in
[2022-10-27T13:00:44.495+0000] {subprocess.py:93} INFO - 2017-12-18
[2022-10-27T13:00:44.496+0000] {subprocess.py:93} INFO - 2017-12-25
[2022-10-27T13:00:44.496+0000] {subprocess.py:93} INFO - Parameter I passed in
[2022-10-27T13:00:44.496+0000] {subprocess.py:93} INFO - 2017-12-18
[2022-10-27T13:00:44.496+0000] {subprocess.py:93} INFO - 2017-12-25
[2022-10-27T13:00:44.496+0000] {subprocess.py:93} INFO - Parameter I passed in
[2022-10-27T13:00:44.496+0000] {subprocess.py:93} INFO - 2017-12-18
[2022-10-27T13:00:44.496+0000] {subprocess.py:93} INFO - 2017-12-25
[2022-10-27T13:00:44.496+0000] {subprocess.py:93} INFO - Parameter I passed in
[2022-10-27T13:00:44.496+0000] {subprocess.py:97} INFO - Command exited with return code 0
[2022-10-27T13:00:44.521+0000] {taskinstance.py:1406} INFO - Marking task as SUCCESS. dag_id=tutorial, task_id=templated, execution_date=20171218T000000, start_date=20221027T130044, end_date=20221027T130044
[2022-10-27T13:00:44.563+0000] {local_task_job.py:164} INFO - Task exited with return code 0
[2022-10-27T13:00:44.579+0000] {local_task_job.py:273} INFO - 0 downstream tasks scheduled from follow-on schedule check
