[2022-10-27T12:44:11.359+0000] {taskinstance.py:1165} INFO - Dependencies all met for <TaskInstance: tutorial2.sleep scheduled__2015-06-14T00:00:00+00:00 [queued]>
[2022-10-27T12:44:11.378+0000] {taskinstance.py:1165} INFO - Dependencies all met for <TaskInstance: tutorial2.sleep scheduled__2015-06-14T00:00:00+00:00 [queued]>
[2022-10-27T12:44:11.378+0000] {taskinstance.py:1362} INFO - 
--------------------------------------------------------------------------------
[2022-10-27T12:44:11.379+0000] {taskinstance.py:1363} INFO - Starting attempt 1 of 4
[2022-10-27T12:44:11.379+0000] {taskinstance.py:1364} INFO - 
--------------------------------------------------------------------------------
[2022-10-27T12:44:11.397+0000] {taskinstance.py:1383} INFO - Executing <Task(BashOperator): sleep> on 2015-06-14 00:00:00+00:00
[2022-10-27T12:44:11.407+0000] {standard_task_runner.py:55} INFO - Started process 298 to run task
[2022-10-27T12:44:11.413+0000] {standard_task_runner.py:82} INFO - Running: ['***', 'tasks', 'run', 'tutorial2', 'sleep', 'scheduled__2015-06-14T00:00:00+00:00', '--job-id', '40', '--raw', '--subdir', 'DAGS_FOLDER/hello-world.py', '--cfg-path', '/tmp/tmph_p84xrx']
[2022-10-27T12:44:11.416+0000] {standard_task_runner.py:83} INFO - Job 40: Subtask sleep
[2022-10-27T12:44:11.438+0000] {logging_mixin.py:120} WARNING - /home/***/.local/lib/python3.7/site-packages/***/configuration.py:545 DeprecationWarning: The sql_alchemy_conn option in [core] has been moved to the sql_alchemy_conn option in [database] - the old setting has been used, but please update your config.
[2022-10-27T12:44:11.557+0000] {task_command.py:376} INFO - Running <TaskInstance: tutorial2.sleep scheduled__2015-06-14T00:00:00+00:00 [running]> on host e60030a57919
[2022-10-27T12:44:11.793+0000] {taskinstance.py:1592} INFO - Exporting the following env vars:
AIRFLOW_CTX_DAG_EMAIL=***@***.com
AIRFLOW_CTX_DAG_OWNER=***
AIRFLOW_CTX_DAG_ID=tutorial2
AIRFLOW_CTX_TASK_ID=sleep
AIRFLOW_CTX_EXECUTION_DATE=2015-06-14T00:00:00+00:00
AIRFLOW_CTX_TRY_NUMBER=1
AIRFLOW_CTX_DAG_RUN_ID=scheduled__2015-06-14T00:00:00+00:00
[2022-10-27T12:44:11.795+0000] {subprocess.py:63} INFO - Tmp dir root location: 
 /tmp
[2022-10-27T12:44:11.796+0000] {subprocess.py:75} INFO - Running command: ['/bin/bash', '-c', 'sleep 5']
[2022-10-27T12:44:11.822+0000] {subprocess.py:86} INFO - Output:
[2022-10-27T12:44:16.828+0000] {subprocess.py:97} INFO - Command exited with return code 0
[2022-10-27T12:44:16.854+0000] {taskinstance.py:1406} INFO - Marking task as SUCCESS. dag_id=tutorial2, task_id=sleep, execution_date=20150614T000000, start_date=20221027T124411, end_date=20221027T124416
[2022-10-27T12:44:16.893+0000] {local_task_job.py:164} INFO - Task exited with return code 0
[2022-10-27T12:44:16.909+0000] {local_task_job.py:273} INFO - 0 downstream tasks scheduled from follow-on schedule check
