[2022-10-27T12:44:02.302+0000] {taskinstance.py:1165} INFO - Dependencies all met for <TaskInstance: tutorial2.print_date manual__2022-10-27T12:44:00.229185+00:00 [queued]>
[2022-10-27T12:44:02.329+0000] {taskinstance.py:1165} INFO - Dependencies all met for <TaskInstance: tutorial2.print_date manual__2022-10-27T12:44:00.229185+00:00 [queued]>
[2022-10-27T12:44:02.329+0000] {taskinstance.py:1362} INFO - 
--------------------------------------------------------------------------------
[2022-10-27T12:44:02.329+0000] {taskinstance.py:1363} INFO - Starting attempt 1 of 2
[2022-10-27T12:44:02.330+0000] {taskinstance.py:1364} INFO - 
--------------------------------------------------------------------------------
[2022-10-27T12:44:02.373+0000] {taskinstance.py:1383} INFO - Executing <Task(BashOperator): print_date> on 2022-10-27 12:44:00.229185+00:00
[2022-10-27T12:44:02.401+0000] {standard_task_runner.py:55} INFO - Started process 224 to run task
[2022-10-27T12:44:02.425+0000] {standard_task_runner.py:82} INFO - Running: ['***', 'tasks', 'run', 'tutorial2', 'print_date', 'manual__2022-10-27T12:44:00.229185+00:00', '--job-id', '11', '--raw', '--subdir', 'DAGS_FOLDER/hello-world.py', '--cfg-path', '/tmp/tmpt4a71wh3']
[2022-10-27T12:44:02.435+0000] {standard_task_runner.py:83} INFO - Job 11: Subtask print_date
[2022-10-27T12:44:02.842+0000] {task_command.py:376} INFO - Running <TaskInstance: tutorial2.print_date manual__2022-10-27T12:44:00.229185+00:00 [running]> on host e60030a57919
[2022-10-27T12:44:04.460+0000] {taskinstance.py:1592} INFO - Exporting the following env vars:
AIRFLOW_CTX_DAG_EMAIL=***@***.com
AIRFLOW_CTX_DAG_OWNER=***
AIRFLOW_CTX_DAG_ID=tutorial2
AIRFLOW_CTX_TASK_ID=print_date
AIRFLOW_CTX_EXECUTION_DATE=2022-10-27T12:44:00.229185+00:00
AIRFLOW_CTX_TRY_NUMBER=1
AIRFLOW_CTX_DAG_RUN_ID=manual__2022-10-27T12:44:00.229185+00:00
[2022-10-27T12:44:04.470+0000] {subprocess.py:63} INFO - Tmp dir root location: 
 /tmp
[2022-10-27T12:44:04.471+0000] {subprocess.py:75} INFO - Running command: ['/bin/bash', '-c', 'date']
[2022-10-27T12:44:04.606+0000] {subprocess.py:86} INFO - Output:
[2022-10-27T12:44:04.639+0000] {subprocess.py:93} INFO - Thu Oct 27 12:44:04 UTC 2022
[2022-10-27T12:44:04.640+0000] {subprocess.py:97} INFO - Command exited with return code 0
[2022-10-27T12:44:05.045+0000] {taskinstance.py:1406} INFO - Marking task as SUCCESS. dag_id=tutorial2, task_id=print_date, execution_date=20221027T124400, start_date=20221027T124402, end_date=20221027T124405
[2022-10-27T12:44:05.364+0000] {local_task_job.py:164} INFO - Task exited with return code 0
[2022-10-27T12:44:05.564+0000] {local_task_job.py:273} INFO - 0 downstream tasks scheduled from follow-on schedule check
