[2022-10-27T13:10:04.030+0000] {taskinstance.py:1165} INFO - Dependencies all met for <TaskInstance: tutorial.sleep scheduled__2019-05-22T00:00:00+00:00 [queued]>
[2022-10-27T13:10:04.044+0000] {taskinstance.py:1165} INFO - Dependencies all met for <TaskInstance: tutorial.sleep scheduled__2019-05-22T00:00:00+00:00 [queued]>
[2022-10-27T13:10:04.045+0000] {taskinstance.py:1362} INFO - 
--------------------------------------------------------------------------------
[2022-10-27T13:10:04.045+0000] {taskinstance.py:1363} INFO - Starting attempt 1 of 4
[2022-10-27T13:10:04.045+0000] {taskinstance.py:1364} INFO - 
--------------------------------------------------------------------------------
[2022-10-27T13:10:04.109+0000] {taskinstance.py:1383} INFO - Executing <Task(BashOperator): sleep> on 2019-05-22 00:00:00+00:00
[2022-10-27T13:10:04.119+0000] {standard_task_runner.py:55} INFO - Started process 15474 to run task
[2022-10-27T13:10:04.125+0000] {standard_task_runner.py:82} INFO - Running: ['***', 'tasks', 'run', 'tutorial', 'sleep', 'scheduled__2019-05-22T00:00:00+00:00', '--job-id', '4450', '--raw', '--subdir', 'DAGS_FOLDER/tuto.py', '--cfg-path', '/tmp/tmpg8izbpr1']
[2022-10-27T13:10:04.127+0000] {standard_task_runner.py:83} INFO - Job 4450: Subtask sleep
[2022-10-27T13:10:04.217+0000] {logging_mixin.py:120} WARNING - /home/***/.local/lib/python3.7/site-packages/***/configuration.py:545 DeprecationWarning: The sql_alchemy_conn option in [core] has been moved to the sql_alchemy_conn option in [database] - the old setting has been used, but please update your config.
[2022-10-27T13:10:04.288+0000] {task_command.py:376} INFO - Running <TaskInstance: tutorial.sleep scheduled__2019-05-22T00:00:00+00:00 [running]> on host e60030a57919
[2022-10-27T13:10:04.379+0000] {taskinstance.py:1592} INFO - Exporting the following env vars:
AIRFLOW_CTX_DAG_EMAIL=***@***.com
AIRFLOW_CTX_DAG_OWNER=***
AIRFLOW_CTX_DAG_ID=tutorial
AIRFLOW_CTX_TASK_ID=sleep
AIRFLOW_CTX_EXECUTION_DATE=2019-05-22T00:00:00+00:00
AIRFLOW_CTX_TRY_NUMBER=1
AIRFLOW_CTX_DAG_RUN_ID=scheduled__2019-05-22T00:00:00+00:00
[2022-10-27T13:10:04.382+0000] {subprocess.py:63} INFO - Tmp dir root location: 
 /tmp
[2022-10-27T13:10:04.382+0000] {subprocess.py:75} INFO - Running command: ['/bin/bash', '-c', 'sleep 5']
[2022-10-27T13:10:04.398+0000] {subprocess.py:86} INFO - Output:
[2022-10-27T13:10:09.402+0000] {subprocess.py:97} INFO - Command exited with return code 0
[2022-10-27T13:10:09.436+0000] {taskinstance.py:1406} INFO - Marking task as SUCCESS. dag_id=tutorial, task_id=sleep, execution_date=20190522T000000, start_date=20221027T131004, end_date=20221027T131009
[2022-10-27T13:10:09.519+0000] {local_task_job.py:164} INFO - Task exited with return code 0
[2022-10-27T13:10:09.536+0000] {local_task_job.py:273} INFO - 0 downstream tasks scheduled from follow-on schedule check
