[2022-10-27T13:04:39.281+0000] {taskinstance.py:1165} INFO - Dependencies all met for <TaskInstance: tutorial.print_date scheduled__2018-07-19T00:00:00+00:00 [queued]>
[2022-10-27T13:04:39.303+0000] {taskinstance.py:1165} INFO - Dependencies all met for <TaskInstance: tutorial.print_date scheduled__2018-07-19T00:00:00+00:00 [queued]>
[2022-10-27T13:04:39.303+0000] {taskinstance.py:1362} INFO - 
--------------------------------------------------------------------------------
[2022-10-27T13:04:39.304+0000] {taskinstance.py:1363} INFO - Starting attempt 1 of 2
[2022-10-27T13:04:39.304+0000] {taskinstance.py:1364} INFO - 
--------------------------------------------------------------------------------
[2022-10-27T13:04:39.342+0000] {taskinstance.py:1383} INFO - Executing <Task(BashOperator): print_date> on 2018-07-19 00:00:00+00:00
[2022-10-27T13:04:39.350+0000] {standard_task_runner.py:55} INFO - Started process 12266 to run task
[2022-10-27T13:04:39.356+0000] {standard_task_runner.py:82} INFO - Running: ['***', 'tasks', 'run', 'tutorial', 'print_date', 'scheduled__2018-07-19T00:00:00+00:00', '--job-id', '3509', '--raw', '--subdir', 'DAGS_FOLDER/tuto.py', '--cfg-path', '/tmp/tmp4gd2y1ac']
[2022-10-27T13:04:39.358+0000] {standard_task_runner.py:83} INFO - Job 3509: Subtask print_date
[2022-10-27T13:04:39.383+0000] {logging_mixin.py:120} WARNING - /home/***/.local/lib/python3.7/site-packages/***/configuration.py:545 DeprecationWarning: The sql_alchemy_conn option in [core] has been moved to the sql_alchemy_conn option in [database] - the old setting has been used, but please update your config.
[2022-10-27T13:04:39.457+0000] {task_command.py:376} INFO - Running <TaskInstance: tutorial.print_date scheduled__2018-07-19T00:00:00+00:00 [running]> on host e60030a57919
[2022-10-27T13:04:39.589+0000] {taskinstance.py:1592} INFO - Exporting the following env vars:
AIRFLOW_CTX_DAG_EMAIL=***@***.com
AIRFLOW_CTX_DAG_OWNER=***
AIRFLOW_CTX_DAG_ID=tutorial
AIRFLOW_CTX_TASK_ID=print_date
AIRFLOW_CTX_EXECUTION_DATE=2018-07-19T00:00:00+00:00
AIRFLOW_CTX_TRY_NUMBER=1
AIRFLOW_CTX_DAG_RUN_ID=scheduled__2018-07-19T00:00:00+00:00
[2022-10-27T13:04:39.590+0000] {subprocess.py:63} INFO - Tmp dir root location: 
 /tmp
[2022-10-27T13:04:39.595+0000] {subprocess.py:75} INFO - Running command: ['/bin/bash', '-c', 'date']
[2022-10-27T13:04:39.636+0000] {subprocess.py:86} INFO - Output:
[2022-10-27T13:04:39.646+0000] {subprocess.py:93} INFO - Thu Oct 27 13:04:39 UTC 2022
[2022-10-27T13:04:39.647+0000] {subprocess.py:97} INFO - Command exited with return code 0
[2022-10-27T13:04:39.711+0000] {taskinstance.py:1406} INFO - Marking task as SUCCESS. dag_id=tutorial, task_id=print_date, execution_date=20180719T000000, start_date=20221027T130439, end_date=20221027T130439
[2022-10-27T13:04:39.781+0000] {local_task_job.py:164} INFO - Task exited with return code 0
[2022-10-27T13:04:39.829+0000] {local_task_job.py:273} INFO - 2 downstream tasks scheduled from follow-on schedule check
