[2022-10-27T13:00:42.303+0000] {taskinstance.py:1165} INFO - Dependencies all met for <TaskInstance: tutorial.sleep scheduled__2017-12-14T00:00:00+00:00 [queued]>
[2022-10-27T13:00:42.316+0000] {taskinstance.py:1165} INFO - Dependencies all met for <TaskInstance: tutorial.sleep scheduled__2017-12-14T00:00:00+00:00 [queued]>
[2022-10-27T13:00:42.316+0000] {taskinstance.py:1362} INFO - 
--------------------------------------------------------------------------------
[2022-10-27T13:00:42.317+0000] {taskinstance.py:1363} INFO - Starting attempt 1 of 4
[2022-10-27T13:00:42.317+0000] {taskinstance.py:1364} INFO - 
--------------------------------------------------------------------------------
[2022-10-27T13:00:42.332+0000] {taskinstance.py:1383} INFO - Executing <Task(BashOperator): sleep> on 2017-12-14 00:00:00+00:00
[2022-10-27T13:00:42.341+0000] {standard_task_runner.py:55} INFO - Started process 10068 to run task
[2022-10-27T13:00:42.347+0000] {standard_task_runner.py:82} INFO - Running: ['***', 'tasks', 'run', 'tutorial', 'sleep', 'scheduled__2017-12-14T00:00:00+00:00', '--job-id', '2881', '--raw', '--subdir', 'DAGS_FOLDER/tuto.py', '--cfg-path', '/tmp/tmpsta5ysb1']
[2022-10-27T13:00:42.350+0000] {standard_task_runner.py:83} INFO - Job 2881: Subtask sleep
[2022-10-27T13:00:42.400+0000] {logging_mixin.py:120} WARNING - /home/***/.local/lib/python3.7/site-packages/***/configuration.py:545 DeprecationWarning: The sql_alchemy_conn option in [core] has been moved to the sql_alchemy_conn option in [database] - the old setting has been used, but please update your config.
[2022-10-27T13:00:42.605+0000] {task_command.py:376} INFO - Running <TaskInstance: tutorial.sleep scheduled__2017-12-14T00:00:00+00:00 [running]> on host e60030a57919
[2022-10-27T13:00:42.859+0000] {taskinstance.py:1592} INFO - Exporting the following env vars:
AIRFLOW_CTX_DAG_EMAIL=***@***.com
AIRFLOW_CTX_DAG_OWNER=***
AIRFLOW_CTX_DAG_ID=tutorial
AIRFLOW_CTX_TASK_ID=sleep
AIRFLOW_CTX_EXECUTION_DATE=2017-12-14T00:00:00+00:00
AIRFLOW_CTX_TRY_NUMBER=1
AIRFLOW_CTX_DAG_RUN_ID=scheduled__2017-12-14T00:00:00+00:00
[2022-10-27T13:00:42.861+0000] {subprocess.py:63} INFO - Tmp dir root location: 
 /tmp
[2022-10-27T13:00:42.862+0000] {subprocess.py:75} INFO - Running command: ['/bin/bash', '-c', 'sleep 5']
[2022-10-27T13:00:42.883+0000] {subprocess.py:86} INFO - Output:
[2022-10-27T13:00:47.889+0000] {subprocess.py:97} INFO - Command exited with return code 0
[2022-10-27T13:00:47.929+0000] {taskinstance.py:1406} INFO - Marking task as SUCCESS. dag_id=tutorial, task_id=sleep, execution_date=20171214T000000, start_date=20221027T130042, end_date=20221027T130047
[2022-10-27T13:00:48.041+0000] {local_task_job.py:164} INFO - Task exited with return code 0
[2022-10-27T13:00:48.065+0000] {local_task_job.py:273} INFO - 0 downstream tasks scheduled from follow-on schedule check
