[2022-10-27T12:57:03.704+0000] {taskinstance.py:1165} INFO - Dependencies all met for <TaskInstance: tutorial.templated scheduled__2017-05-23T00:00:00+00:00 [queued]>
[2022-10-27T12:57:03.798+0000] {taskinstance.py:1165} INFO - Dependencies all met for <TaskInstance: tutorial.templated scheduled__2017-05-23T00:00:00+00:00 [queued]>
[2022-10-27T12:57:03.799+0000] {taskinstance.py:1362} INFO - 
--------------------------------------------------------------------------------
[2022-10-27T12:57:03.800+0000] {taskinstance.py:1363} INFO - Starting attempt 1 of 2
[2022-10-27T12:57:03.802+0000] {taskinstance.py:1364} INFO - 
--------------------------------------------------------------------------------
[2022-10-27T12:57:04.164+0000] {taskinstance.py:1383} INFO - Executing <Task(BashOperator): templated> on 2017-05-23 00:00:00+00:00
[2022-10-27T12:57:04.178+0000] {standard_task_runner.py:55} INFO - Started process 7954 to run task
[2022-10-27T12:57:04.185+0000] {standard_task_runner.py:82} INFO - Running: ['***', 'tasks', 'run', 'tutorial', 'templated', 'scheduled__2017-05-23T00:00:00+00:00', '--job-id', '2263', '--raw', '--subdir', 'DAGS_FOLDER/tuto.py', '--cfg-path', '/tmp/tmpwtt3vvkt']
[2022-10-27T12:57:04.189+0000] {standard_task_runner.py:83} INFO - Job 2263: Subtask templated
[2022-10-27T12:57:04.313+0000] {logging_mixin.py:120} WARNING - /home/***/.local/lib/python3.7/site-packages/***/configuration.py:545 DeprecationWarning: The sql_alchemy_conn option in [core] has been moved to the sql_alchemy_conn option in [database] - the old setting has been used, but please update your config.
[2022-10-27T12:57:04.503+0000] {task_command.py:376} INFO - Running <TaskInstance: tutorial.templated scheduled__2017-05-23T00:00:00+00:00 [running]> on host e60030a57919
[2022-10-27T12:57:04.968+0000] {taskinstance.py:1592} INFO - Exporting the following env vars:
AIRFLOW_CTX_DAG_EMAIL=***@***.com
AIRFLOW_CTX_DAG_OWNER=***
AIRFLOW_CTX_DAG_ID=tutorial
AIRFLOW_CTX_TASK_ID=templated
AIRFLOW_CTX_EXECUTION_DATE=2017-05-23T00:00:00+00:00
AIRFLOW_CTX_TRY_NUMBER=1
AIRFLOW_CTX_DAG_RUN_ID=scheduled__2017-05-23T00:00:00+00:00
[2022-10-27T12:57:04.970+0000] {subprocess.py:63} INFO - Tmp dir root location: 
 /tmp
[2022-10-27T12:57:04.971+0000] {subprocess.py:75} INFO - Running command: ['/bin/bash', '-c', '\n    \n        echo "2017-05-23"\n        echo "2017-05-30"\n        echo "Parameter I passed in"\n    \n        echo "2017-05-23"\n        echo "2017-05-30"\n        echo "Parameter I passed in"\n    \n        echo "2017-05-23"\n        echo "2017-05-30"\n        echo "Parameter I passed in"\n    \n        echo "2017-05-23"\n        echo "2017-05-30"\n        echo "Parameter I passed in"\n    \n        echo "2017-05-23"\n        echo "2017-05-30"\n        echo "Parameter I passed in"\n    ']
[2022-10-27T12:57:05.005+0000] {subprocess.py:86} INFO - Output:
[2022-10-27T12:57:05.012+0000] {subprocess.py:93} INFO - 2017-05-23
[2022-10-27T12:57:05.012+0000] {subprocess.py:93} INFO - 2017-05-30
[2022-10-27T12:57:05.012+0000] {subprocess.py:93} INFO - Parameter I passed in
[2022-10-27T12:57:05.013+0000] {subprocess.py:93} INFO - 2017-05-23
[2022-10-27T12:57:05.013+0000] {subprocess.py:93} INFO - 2017-05-30
[2022-10-27T12:57:05.013+0000] {subprocess.py:93} INFO - Parameter I passed in
[2022-10-27T12:57:05.013+0000] {subprocess.py:93} INFO - 2017-05-23
[2022-10-27T12:57:05.013+0000] {subprocess.py:93} INFO - 2017-05-30
[2022-10-27T12:57:05.014+0000] {subprocess.py:93} INFO - Parameter I passed in
[2022-10-27T12:57:05.014+0000] {subprocess.py:93} INFO - 2017-05-23
[2022-10-27T12:57:05.014+0000] {subprocess.py:93} INFO - 2017-05-30
[2022-10-27T12:57:05.014+0000] {subprocess.py:93} INFO - Parameter I passed in
[2022-10-27T12:57:05.014+0000] {subprocess.py:93} INFO - 2017-05-23
[2022-10-27T12:57:05.014+0000] {subprocess.py:93} INFO - 2017-05-30
[2022-10-27T12:57:05.014+0000] {subprocess.py:93} INFO - Parameter I passed in
[2022-10-27T12:57:05.015+0000] {subprocess.py:97} INFO - Command exited with return code 0
[2022-10-27T12:57:05.151+0000] {taskinstance.py:1406} INFO - Marking task as SUCCESS. dag_id=tutorial, task_id=templated, execution_date=20170523T000000, start_date=20221027T125703, end_date=20221027T125705
[2022-10-27T12:57:05.234+0000] {local_task_job.py:164} INFO - Task exited with return code 0
[2022-10-27T12:57:05.467+0000] {local_task_job.py:273} INFO - 0 downstream tasks scheduled from follow-on schedule check
