[2022-10-27T12:54:45.771+0000] {taskinstance.py:1165} INFO - Dependencies all met for <TaskInstance: tutorial.print_date scheduled__2017-01-16T00:00:00+00:00 [queued]>
[2022-10-27T12:54:45.798+0000] {taskinstance.py:1165} INFO - Dependencies all met for <TaskInstance: tutorial.print_date scheduled__2017-01-16T00:00:00+00:00 [queued]>
[2022-10-27T12:54:45.798+0000] {taskinstance.py:1362} INFO - 
--------------------------------------------------------------------------------
[2022-10-27T12:54:45.799+0000] {taskinstance.py:1363} INFO - Starting attempt 1 of 2
[2022-10-27T12:54:45.799+0000] {taskinstance.py:1364} INFO - 
--------------------------------------------------------------------------------
[2022-10-27T12:54:45.970+0000] {taskinstance.py:1383} INFO - Executing <Task(BashOperator): print_date> on 2017-01-16 00:00:00+00:00
[2022-10-27T12:54:45.980+0000] {standard_task_runner.py:55} INFO - Started process 6572 to run task
[2022-10-27T12:54:45.989+0000] {standard_task_runner.py:82} INFO - Running: ['***', 'tasks', 'run', 'tutorial', 'print_date', 'scheduled__2017-01-16T00:00:00+00:00', '--job-id', '1863', '--raw', '--subdir', 'DAGS_FOLDER/tuto.py', '--cfg-path', '/tmp/tmpgdx17fiu']
[2022-10-27T12:54:45.992+0000] {standard_task_runner.py:83} INFO - Job 1863: Subtask print_date
[2022-10-27T12:54:46.038+0000] {logging_mixin.py:120} WARNING - /home/***/.local/lib/python3.7/site-packages/***/configuration.py:545 DeprecationWarning: The sql_alchemy_conn option in [core] has been moved to the sql_alchemy_conn option in [database] - the old setting has been used, but please update your config.
[2022-10-27T12:54:46.213+0000] {task_command.py:376} INFO - Running <TaskInstance: tutorial.print_date scheduled__2017-01-16T00:00:00+00:00 [running]> on host e60030a57919
[2022-10-27T12:54:46.356+0000] {taskinstance.py:1592} INFO - Exporting the following env vars:
AIRFLOW_CTX_DAG_EMAIL=***@***.com
AIRFLOW_CTX_DAG_OWNER=***
AIRFLOW_CTX_DAG_ID=tutorial
AIRFLOW_CTX_TASK_ID=print_date
AIRFLOW_CTX_EXECUTION_DATE=2017-01-16T00:00:00+00:00
AIRFLOW_CTX_TRY_NUMBER=1
AIRFLOW_CTX_DAG_RUN_ID=scheduled__2017-01-16T00:00:00+00:00
[2022-10-27T12:54:46.358+0000] {subprocess.py:63} INFO - Tmp dir root location: 
 /tmp
[2022-10-27T12:54:46.360+0000] {subprocess.py:75} INFO - Running command: ['/bin/bash', '-c', 'date']
[2022-10-27T12:54:46.385+0000] {subprocess.py:86} INFO - Output:
[2022-10-27T12:54:46.390+0000] {subprocess.py:93} INFO - Thu Oct 27 12:54:46 UTC 2022
[2022-10-27T12:54:46.391+0000] {subprocess.py:97} INFO - Command exited with return code 0
[2022-10-27T12:54:46.434+0000] {taskinstance.py:1406} INFO - Marking task as SUCCESS. dag_id=tutorial, task_id=print_date, execution_date=20170116T000000, start_date=20221027T125445, end_date=20221027T125446
[2022-10-27T12:54:46.523+0000] {local_task_job.py:164} INFO - Task exited with return code 0
[2022-10-27T12:54:46.593+0000] {local_task_job.py:273} INFO - 2 downstream tasks scheduled from follow-on schedule check
