[2022-10-27T12:52:32.564+0000] {taskinstance.py:1165} INFO - Dependencies all met for <TaskInstance: tutorial.sleep scheduled__2016-09-06T00:00:00+00:00 [queued]>
[2022-10-27T12:52:32.588+0000] {taskinstance.py:1165} INFO - Dependencies all met for <TaskInstance: tutorial.sleep scheduled__2016-09-06T00:00:00+00:00 [queued]>
[2022-10-27T12:52:32.589+0000] {taskinstance.py:1362} INFO - 
--------------------------------------------------------------------------------
[2022-10-27T12:52:32.589+0000] {taskinstance.py:1363} INFO - Starting attempt 1 of 4
[2022-10-27T12:52:32.589+0000] {taskinstance.py:1364} INFO - 
--------------------------------------------------------------------------------
[2022-10-27T12:52:32.614+0000] {taskinstance.py:1383} INFO - Executing <Task(BashOperator): sleep> on 2016-09-06 00:00:00+00:00
[2022-10-27T12:52:32.622+0000] {standard_task_runner.py:55} INFO - Started process 5290 to run task
[2022-10-27T12:52:32.626+0000] {standard_task_runner.py:82} INFO - Running: ['***', 'tasks', 'run', 'tutorial', 'sleep', 'scheduled__2016-09-06T00:00:00+00:00', '--job-id', '1489', '--raw', '--subdir', 'DAGS_FOLDER/tuto.py', '--cfg-path', '/tmp/tmphfy0br1e']
[2022-10-27T12:52:32.628+0000] {standard_task_runner.py:83} INFO - Job 1489: Subtask sleep
[2022-10-27T12:52:32.656+0000] {logging_mixin.py:120} WARNING - /home/***/.local/lib/python3.7/site-packages/***/configuration.py:545 DeprecationWarning: The sql_alchemy_conn option in [core] has been moved to the sql_alchemy_conn option in [database] - the old setting has been used, but please update your config.
[2022-10-27T12:52:32.788+0000] {task_command.py:376} INFO - Running <TaskInstance: tutorial.sleep scheduled__2016-09-06T00:00:00+00:00 [running]> on host e60030a57919
[2022-10-27T12:52:32.938+0000] {taskinstance.py:1592} INFO - Exporting the following env vars:
AIRFLOW_CTX_DAG_EMAIL=***@***.com
AIRFLOW_CTX_DAG_OWNER=***
AIRFLOW_CTX_DAG_ID=tutorial
AIRFLOW_CTX_TASK_ID=sleep
AIRFLOW_CTX_EXECUTION_DATE=2016-09-06T00:00:00+00:00
AIRFLOW_CTX_TRY_NUMBER=1
AIRFLOW_CTX_DAG_RUN_ID=scheduled__2016-09-06T00:00:00+00:00
[2022-10-27T12:52:32.940+0000] {subprocess.py:63} INFO - Tmp dir root location: 
 /tmp
[2022-10-27T12:52:32.941+0000] {subprocess.py:75} INFO - Running command: ['/bin/bash', '-c', 'sleep 5']
[2022-10-27T12:52:32.974+0000] {subprocess.py:86} INFO - Output:
[2022-10-27T12:52:37.980+0000] {subprocess.py:97} INFO - Command exited with return code 0
[2022-10-27T12:52:38.015+0000] {taskinstance.py:1406} INFO - Marking task as SUCCESS. dag_id=tutorial, task_id=sleep, execution_date=20160906T000000, start_date=20221027T125232, end_date=20221027T125238
[2022-10-27T12:52:38.076+0000] {local_task_job.py:164} INFO - Task exited with return code 0
[2022-10-27T12:52:38.145+0000] {local_task_job.py:273} INFO - 0 downstream tasks scheduled from follow-on schedule check
