[2022-10-27T13:09:26.257+0000] {taskinstance.py:1165} INFO - Dependencies all met for <TaskInstance: tutorial.print_date scheduled__2019-04-15T00:00:00+00:00 [queued]>
[2022-10-27T13:09:26.285+0000] {taskinstance.py:1165} INFO - Dependencies all met for <TaskInstance: tutorial.print_date scheduled__2019-04-15T00:00:00+00:00 [queued]>
[2022-10-27T13:09:26.285+0000] {taskinstance.py:1362} INFO - 
--------------------------------------------------------------------------------
[2022-10-27T13:09:26.286+0000] {taskinstance.py:1363} INFO - Starting attempt 1 of 2
[2022-10-27T13:09:26.286+0000] {taskinstance.py:1364} INFO - 
--------------------------------------------------------------------------------
[2022-10-27T13:09:26.334+0000] {taskinstance.py:1383} INFO - Executing <Task(BashOperator): print_date> on 2019-04-15 00:00:00+00:00
[2022-10-27T13:09:26.352+0000] {standard_task_runner.py:55} INFO - Started process 15052 to run task
[2022-10-27T13:09:26.358+0000] {standard_task_runner.py:82} INFO - Running: ['***', 'tasks', 'run', 'tutorial', 'print_date', 'scheduled__2019-04-15T00:00:00+00:00', '--job-id', '4322', '--raw', '--subdir', 'DAGS_FOLDER/tuto.py', '--cfg-path', '/tmp/tmpbssijp59']
[2022-10-27T13:09:26.361+0000] {standard_task_runner.py:83} INFO - Job 4322: Subtask print_date
[2022-10-27T13:09:26.389+0000] {logging_mixin.py:120} WARNING - /home/***/.local/lib/python3.7/site-packages/***/configuration.py:545 DeprecationWarning: The sql_alchemy_conn option in [core] has been moved to the sql_alchemy_conn option in [database] - the old setting has been used, but please update your config.
[2022-10-27T13:09:26.584+0000] {task_command.py:376} INFO - Running <TaskInstance: tutorial.print_date scheduled__2019-04-15T00:00:00+00:00 [running]> on host e60030a57919
[2022-10-27T13:09:26.810+0000] {taskinstance.py:1592} INFO - Exporting the following env vars:
AIRFLOW_CTX_DAG_EMAIL=***@***.com
AIRFLOW_CTX_DAG_OWNER=***
AIRFLOW_CTX_DAG_ID=tutorial
AIRFLOW_CTX_TASK_ID=print_date
AIRFLOW_CTX_EXECUTION_DATE=2019-04-15T00:00:00+00:00
AIRFLOW_CTX_TRY_NUMBER=1
AIRFLOW_CTX_DAG_RUN_ID=scheduled__2019-04-15T00:00:00+00:00
[2022-10-27T13:09:26.811+0000] {subprocess.py:63} INFO - Tmp dir root location: 
 /tmp
[2022-10-27T13:09:26.815+0000] {subprocess.py:75} INFO - Running command: ['/bin/bash', '-c', 'date']
[2022-10-27T13:09:26.870+0000] {subprocess.py:86} INFO - Output:
[2022-10-27T13:09:26.871+0000] {subprocess.py:93} INFO - Thu Oct 27 13:09:26 UTC 2022
[2022-10-27T13:09:26.871+0000] {subprocess.py:97} INFO - Command exited with return code 0
[2022-10-27T13:09:27.045+0000] {taskinstance.py:1406} INFO - Marking task as SUCCESS. dag_id=tutorial, task_id=print_date, execution_date=20190415T000000, start_date=20221027T130926, end_date=20221027T130927
[2022-10-27T13:09:27.111+0000] {local_task_job.py:164} INFO - Task exited with return code 0
[2022-10-27T13:09:27.180+0000] {local_task_job.py:273} INFO - 2 downstream tasks scheduled from follow-on schedule check
