[2022-10-27T13:02:24.469+0000] {taskinstance.py:1165} INFO - Dependencies all met for <TaskInstance: tutorial.templated scheduled__2018-03-24T00:00:00+00:00 [queued]>
[2022-10-27T13:02:24.492+0000] {taskinstance.py:1165} INFO - Dependencies all met for <TaskInstance: tutorial.templated scheduled__2018-03-24T00:00:00+00:00 [queued]>
[2022-10-27T13:02:24.492+0000] {taskinstance.py:1362} INFO - 
--------------------------------------------------------------------------------
[2022-10-27T13:02:24.492+0000] {taskinstance.py:1363} INFO - Starting attempt 1 of 2
[2022-10-27T13:02:24.493+0000] {taskinstance.py:1364} INFO - 
--------------------------------------------------------------------------------
[2022-10-27T13:02:24.600+0000] {taskinstance.py:1383} INFO - Executing <Task(BashOperator): templated> on 2018-03-24 00:00:00+00:00
[2022-10-27T13:02:24.613+0000] {standard_task_runner.py:55} INFO - Started process 11102 to run task
[2022-10-27T13:02:24.623+0000] {standard_task_runner.py:82} INFO - Running: ['***', 'tasks', 'run', 'tutorial', 'templated', 'scheduled__2018-03-24T00:00:00+00:00', '--job-id', '3181', '--raw', '--subdir', 'DAGS_FOLDER/tuto.py', '--cfg-path', '/tmp/tmpyaztui4k']
[2022-10-27T13:02:24.626+0000] {standard_task_runner.py:83} INFO - Job 3181: Subtask templated
[2022-10-27T13:02:24.655+0000] {logging_mixin.py:120} WARNING - /home/***/.local/lib/python3.7/site-packages/***/configuration.py:545 DeprecationWarning: The sql_alchemy_conn option in [core] has been moved to the sql_alchemy_conn option in [database] - the old setting has been used, but please update your config.
[2022-10-27T13:02:24.758+0000] {task_command.py:376} INFO - Running <TaskInstance: tutorial.templated scheduled__2018-03-24T00:00:00+00:00 [running]> on host e60030a57919
[2022-10-27T13:02:24.917+0000] {taskinstance.py:1592} INFO - Exporting the following env vars:
AIRFLOW_CTX_DAG_EMAIL=***@***.com
AIRFLOW_CTX_DAG_OWNER=***
AIRFLOW_CTX_DAG_ID=tutorial
AIRFLOW_CTX_TASK_ID=templated
AIRFLOW_CTX_EXECUTION_DATE=2018-03-24T00:00:00+00:00
AIRFLOW_CTX_TRY_NUMBER=1
AIRFLOW_CTX_DAG_RUN_ID=scheduled__2018-03-24T00:00:00+00:00
[2022-10-27T13:02:24.919+0000] {subprocess.py:63} INFO - Tmp dir root location: 
 /tmp
[2022-10-27T13:02:24.921+0000] {subprocess.py:75} INFO - Running command: ['/bin/bash', '-c', '\n    \n        echo "2018-03-24"\n        echo "2018-03-31"\n        echo "Parameter I passed in"\n    \n        echo "2018-03-24"\n        echo "2018-03-31"\n        echo "Parameter I passed in"\n    \n        echo "2018-03-24"\n        echo "2018-03-31"\n        echo "Parameter I passed in"\n    \n        echo "2018-03-24"\n        echo "2018-03-31"\n        echo "Parameter I passed in"\n    \n        echo "2018-03-24"\n        echo "2018-03-31"\n        echo "Parameter I passed in"\n    ']
[2022-10-27T13:02:24.943+0000] {subprocess.py:86} INFO - Output:
[2022-10-27T13:02:24.945+0000] {subprocess.py:93} INFO - 2018-03-24
[2022-10-27T13:02:24.946+0000] {subprocess.py:93} INFO - 2018-03-31
[2022-10-27T13:02:24.946+0000] {subprocess.py:93} INFO - Parameter I passed in
[2022-10-27T13:02:24.946+0000] {subprocess.py:93} INFO - 2018-03-24
[2022-10-27T13:02:24.946+0000] {subprocess.py:93} INFO - 2018-03-31
[2022-10-27T13:02:24.947+0000] {subprocess.py:93} INFO - Parameter I passed in
[2022-10-27T13:02:24.947+0000] {subprocess.py:93} INFO - 2018-03-24
[2022-10-27T13:02:24.947+0000] {subprocess.py:93} INFO - 2018-03-31
[2022-10-27T13:02:24.947+0000] {subprocess.py:93} INFO - Parameter I passed in
[2022-10-27T13:02:24.947+0000] {subprocess.py:93} INFO - 2018-03-24
[2022-10-27T13:02:24.947+0000] {subprocess.py:93} INFO - 2018-03-31
[2022-10-27T13:02:24.947+0000] {subprocess.py:93} INFO - Parameter I passed in
[2022-10-27T13:02:24.947+0000] {subprocess.py:93} INFO - 2018-03-24
[2022-10-27T13:02:24.947+0000] {subprocess.py:93} INFO - 2018-03-31
[2022-10-27T13:02:24.947+0000] {subprocess.py:93} INFO - Parameter I passed in
[2022-10-27T13:02:24.948+0000] {subprocess.py:97} INFO - Command exited with return code 0
[2022-10-27T13:02:24.996+0000] {taskinstance.py:1406} INFO - Marking task as SUCCESS. dag_id=tutorial, task_id=templated, execution_date=20180324T000000, start_date=20221027T130224, end_date=20221027T130224
[2022-10-27T13:02:25.032+0000] {local_task_job.py:164} INFO - Task exited with return code 0
[2022-10-27T13:02:25.193+0000] {local_task_job.py:273} INFO - 0 downstream tasks scheduled from follow-on schedule check
