[2022-10-27T13:05:09.487+0000] {taskinstance.py:1165} INFO - Dependencies all met for <TaskInstance: tutorial.templated scheduled__2018-08-08T00:00:00+00:00 [queued]>
[2022-10-27T13:05:09.540+0000] {taskinstance.py:1165} INFO - Dependencies all met for <TaskInstance: tutorial.templated scheduled__2018-08-08T00:00:00+00:00 [queued]>
[2022-10-27T13:05:09.541+0000] {taskinstance.py:1362} INFO - 
--------------------------------------------------------------------------------
[2022-10-27T13:05:09.541+0000] {taskinstance.py:1363} INFO - Starting attempt 1 of 2
[2022-10-27T13:05:09.541+0000] {taskinstance.py:1364} INFO - 
--------------------------------------------------------------------------------
[2022-10-27T13:05:09.758+0000] {taskinstance.py:1383} INFO - Executing <Task(BashOperator): templated> on 2018-08-08 00:00:00+00:00
[2022-10-27T13:05:09.772+0000] {standard_task_runner.py:55} INFO - Started process 12558 to run task
[2022-10-27T13:05:09.779+0000] {standard_task_runner.py:82} INFO - Running: ['***', 'tasks', 'run', 'tutorial', 'templated', 'scheduled__2018-08-08T00:00:00+00:00', '--job-id', '3593', '--raw', '--subdir', 'DAGS_FOLDER/tuto.py', '--cfg-path', '/tmp/tmphu645vwq']
[2022-10-27T13:05:09.783+0000] {standard_task_runner.py:83} INFO - Job 3593: Subtask templated
[2022-10-27T13:05:09.839+0000] {logging_mixin.py:120} WARNING - /home/***/.local/lib/python3.7/site-packages/***/configuration.py:545 DeprecationWarning: The sql_alchemy_conn option in [core] has been moved to the sql_alchemy_conn option in [database] - the old setting has been used, but please update your config.
[2022-10-27T13:05:09.976+0000] {task_command.py:376} INFO - Running <TaskInstance: tutorial.templated scheduled__2018-08-08T00:00:00+00:00 [running]> on host e60030a57919
[2022-10-27T13:05:10.181+0000] {taskinstance.py:1592} INFO - Exporting the following env vars:
AIRFLOW_CTX_DAG_EMAIL=***@***.com
AIRFLOW_CTX_DAG_OWNER=***
AIRFLOW_CTX_DAG_ID=tutorial
AIRFLOW_CTX_TASK_ID=templated
AIRFLOW_CTX_EXECUTION_DATE=2018-08-08T00:00:00+00:00
AIRFLOW_CTX_TRY_NUMBER=1
AIRFLOW_CTX_DAG_RUN_ID=scheduled__2018-08-08T00:00:00+00:00
[2022-10-27T13:05:10.182+0000] {subprocess.py:63} INFO - Tmp dir root location: 
 /tmp
[2022-10-27T13:05:10.187+0000] {subprocess.py:75} INFO - Running command: ['/bin/bash', '-c', '\n    \n        echo "2018-08-08"\n        echo "2018-08-15"\n        echo "Parameter I passed in"\n    \n        echo "2018-08-08"\n        echo "2018-08-15"\n        echo "Parameter I passed in"\n    \n        echo "2018-08-08"\n        echo "2018-08-15"\n        echo "Parameter I passed in"\n    \n        echo "2018-08-08"\n        echo "2018-08-15"\n        echo "Parameter I passed in"\n    \n        echo "2018-08-08"\n        echo "2018-08-15"\n        echo "Parameter I passed in"\n    ']
[2022-10-27T13:05:10.224+0000] {subprocess.py:86} INFO - Output:
[2022-10-27T13:05:10.234+0000] {subprocess.py:93} INFO - 2018-08-08
[2022-10-27T13:05:10.235+0000] {subprocess.py:93} INFO - 2018-08-15
[2022-10-27T13:05:10.235+0000] {subprocess.py:93} INFO - Parameter I passed in
[2022-10-27T13:05:10.235+0000] {subprocess.py:93} INFO - 2018-08-08
[2022-10-27T13:05:10.235+0000] {subprocess.py:93} INFO - 2018-08-15
[2022-10-27T13:05:10.236+0000] {subprocess.py:93} INFO - Parameter I passed in
[2022-10-27T13:05:10.236+0000] {subprocess.py:93} INFO - 2018-08-08
[2022-10-27T13:05:10.236+0000] {subprocess.py:93} INFO - 2018-08-15
[2022-10-27T13:05:10.236+0000] {subprocess.py:93} INFO - Parameter I passed in
[2022-10-27T13:05:10.236+0000] {subprocess.py:93} INFO - 2018-08-08
[2022-10-27T13:05:10.236+0000] {subprocess.py:93} INFO - 2018-08-15
[2022-10-27T13:05:10.236+0000] {subprocess.py:93} INFO - Parameter I passed in
[2022-10-27T13:05:10.237+0000] {subprocess.py:93} INFO - 2018-08-08
[2022-10-27T13:05:10.237+0000] {subprocess.py:93} INFO - 2018-08-15
[2022-10-27T13:05:10.237+0000] {subprocess.py:93} INFO - Parameter I passed in
[2022-10-27T13:05:10.237+0000] {subprocess.py:97} INFO - Command exited with return code 0
[2022-10-27T13:05:10.313+0000] {taskinstance.py:1406} INFO - Marking task as SUCCESS. dag_id=tutorial, task_id=templated, execution_date=20180808T000000, start_date=20221027T130509, end_date=20221027T130510
[2022-10-27T13:05:10.370+0000] {local_task_job.py:164} INFO - Task exited with return code 0
[2022-10-27T13:05:10.429+0000] {local_task_job.py:273} INFO - 0 downstream tasks scheduled from follow-on schedule check
