[2022-10-27T12:55:08.278+0000] {taskinstance.py:1165} INFO - Dependencies all met for <TaskInstance: tutorial.sleep scheduled__2017-01-31T00:00:00+00:00 [queued]>
[2022-10-27T12:55:08.308+0000] {taskinstance.py:1165} INFO - Dependencies all met for <TaskInstance: tutorial.sleep scheduled__2017-01-31T00:00:00+00:00 [queued]>
[2022-10-27T12:55:08.309+0000] {taskinstance.py:1362} INFO - 
--------------------------------------------------------------------------------
[2022-10-27T12:55:08.309+0000] {taskinstance.py:1363} INFO - Starting attempt 1 of 4
[2022-10-27T12:55:08.309+0000] {taskinstance.py:1364} INFO - 
--------------------------------------------------------------------------------
[2022-10-27T12:55:08.354+0000] {taskinstance.py:1383} INFO - Executing <Task(BashOperator): sleep> on 2017-01-31 00:00:00+00:00
[2022-10-27T12:55:08.362+0000] {standard_task_runner.py:55} INFO - Started process 6802 to run task
[2022-10-27T12:55:08.368+0000] {standard_task_runner.py:82} INFO - Running: ['***', 'tasks', 'run', 'tutorial', 'sleep', 'scheduled__2017-01-31T00:00:00+00:00', '--job-id', '1928', '--raw', '--subdir', 'DAGS_FOLDER/tuto.py', '--cfg-path', '/tmp/tmpfmr_xebc']
[2022-10-27T12:55:08.371+0000] {standard_task_runner.py:83} INFO - Job 1928: Subtask sleep
[2022-10-27T12:55:08.400+0000] {logging_mixin.py:120} WARNING - /home/***/.local/lib/python3.7/site-packages/***/configuration.py:545 DeprecationWarning: The sql_alchemy_conn option in [core] has been moved to the sql_alchemy_conn option in [database] - the old setting has been used, but please update your config.
[2022-10-27T12:55:08.495+0000] {task_command.py:376} INFO - Running <TaskInstance: tutorial.sleep scheduled__2017-01-31T00:00:00+00:00 [running]> on host e60030a57919
[2022-10-27T12:55:08.632+0000] {taskinstance.py:1592} INFO - Exporting the following env vars:
AIRFLOW_CTX_DAG_EMAIL=***@***.com
AIRFLOW_CTX_DAG_OWNER=***
AIRFLOW_CTX_DAG_ID=tutorial
AIRFLOW_CTX_TASK_ID=sleep
AIRFLOW_CTX_EXECUTION_DATE=2017-01-31T00:00:00+00:00
AIRFLOW_CTX_TRY_NUMBER=1
AIRFLOW_CTX_DAG_RUN_ID=scheduled__2017-01-31T00:00:00+00:00
[2022-10-27T12:55:08.634+0000] {subprocess.py:63} INFO - Tmp dir root location: 
 /tmp
[2022-10-27T12:55:08.635+0000] {subprocess.py:75} INFO - Running command: ['/bin/bash', '-c', 'sleep 5']
[2022-10-27T12:55:08.660+0000] {subprocess.py:86} INFO - Output:
[2022-10-27T12:55:13.666+0000] {subprocess.py:97} INFO - Command exited with return code 0
[2022-10-27T12:55:13.701+0000] {taskinstance.py:1406} INFO - Marking task as SUCCESS. dag_id=tutorial, task_id=sleep, execution_date=20170131T000000, start_date=20221027T125508, end_date=20221027T125513
[2022-10-27T12:55:13.767+0000] {local_task_job.py:164} INFO - Task exited with return code 0
[2022-10-27T12:55:13.830+0000] {local_task_job.py:273} INFO - 0 downstream tasks scheduled from follow-on schedule check
