[2022-10-27T13:04:12.886+0000] {taskinstance.py:1165} INFO - Dependencies all met for <TaskInstance: tutorial.templated scheduled__2018-06-25T00:00:00+00:00 [queued]>
[2022-10-27T13:04:12.910+0000] {taskinstance.py:1165} INFO - Dependencies all met for <TaskInstance: tutorial.templated scheduled__2018-06-25T00:00:00+00:00 [queued]>
[2022-10-27T13:04:12.910+0000] {taskinstance.py:1362} INFO - 
--------------------------------------------------------------------------------
[2022-10-27T13:04:12.910+0000] {taskinstance.py:1363} INFO - Starting attempt 1 of 2
[2022-10-27T13:04:12.911+0000] {taskinstance.py:1364} INFO - 
--------------------------------------------------------------------------------
[2022-10-27T13:04:12.937+0000] {taskinstance.py:1383} INFO - Executing <Task(BashOperator): templated> on 2018-06-25 00:00:00+00:00
[2022-10-27T13:04:12.946+0000] {standard_task_runner.py:55} INFO - Started process 12041 to run task
[2022-10-27T13:04:12.955+0000] {standard_task_runner.py:82} INFO - Running: ['***', 'tasks', 'run', 'tutorial', 'templated', 'scheduled__2018-06-25T00:00:00+00:00', '--job-id', '3445', '--raw', '--subdir', 'DAGS_FOLDER/tuto.py', '--cfg-path', '/tmp/tmpn489wzkc']
[2022-10-27T13:04:12.958+0000] {standard_task_runner.py:83} INFO - Job 3445: Subtask templated
[2022-10-27T13:04:12.997+0000] {logging_mixin.py:120} WARNING - /home/***/.local/lib/python3.7/site-packages/***/configuration.py:545 DeprecationWarning: The sql_alchemy_conn option in [core] has been moved to the sql_alchemy_conn option in [database] - the old setting has been used, but please update your config.
[2022-10-27T13:04:13.107+0000] {task_command.py:376} INFO - Running <TaskInstance: tutorial.templated scheduled__2018-06-25T00:00:00+00:00 [running]> on host e60030a57919
[2022-10-27T13:04:13.275+0000] {taskinstance.py:1592} INFO - Exporting the following env vars:
AIRFLOW_CTX_DAG_EMAIL=***@***.com
AIRFLOW_CTX_DAG_OWNER=***
AIRFLOW_CTX_DAG_ID=tutorial
AIRFLOW_CTX_TASK_ID=templated
AIRFLOW_CTX_EXECUTION_DATE=2018-06-25T00:00:00+00:00
AIRFLOW_CTX_TRY_NUMBER=1
AIRFLOW_CTX_DAG_RUN_ID=scheduled__2018-06-25T00:00:00+00:00
[2022-10-27T13:04:13.277+0000] {subprocess.py:63} INFO - Tmp dir root location: 
 /tmp
[2022-10-27T13:04:13.278+0000] {subprocess.py:75} INFO - Running command: ['/bin/bash', '-c', '\n    \n        echo "2018-06-25"\n        echo "2018-07-02"\n        echo "Parameter I passed in"\n    \n        echo "2018-06-25"\n        echo "2018-07-02"\n        echo "Parameter I passed in"\n    \n        echo "2018-06-25"\n        echo "2018-07-02"\n        echo "Parameter I passed in"\n    \n        echo "2018-06-25"\n        echo "2018-07-02"\n        echo "Parameter I passed in"\n    \n        echo "2018-06-25"\n        echo "2018-07-02"\n        echo "Parameter I passed in"\n    ']
[2022-10-27T13:04:13.309+0000] {subprocess.py:86} INFO - Output:
[2022-10-27T13:04:13.311+0000] {subprocess.py:93} INFO - 2018-06-25
[2022-10-27T13:04:13.312+0000] {subprocess.py:93} INFO - 2018-07-02
[2022-10-27T13:04:13.312+0000] {subprocess.py:93} INFO - Parameter I passed in
[2022-10-27T13:04:13.312+0000] {subprocess.py:93} INFO - 2018-06-25
[2022-10-27T13:04:13.313+0000] {subprocess.py:93} INFO - 2018-07-02
[2022-10-27T13:04:13.313+0000] {subprocess.py:93} INFO - Parameter I passed in
[2022-10-27T13:04:13.313+0000] {subprocess.py:93} INFO - 2018-06-25
[2022-10-27T13:04:13.313+0000] {subprocess.py:93} INFO - 2018-07-02
[2022-10-27T13:04:13.314+0000] {subprocess.py:93} INFO - Parameter I passed in
[2022-10-27T13:04:13.314+0000] {subprocess.py:93} INFO - 2018-06-25
[2022-10-27T13:04:13.314+0000] {subprocess.py:93} INFO - 2018-07-02
[2022-10-27T13:04:13.314+0000] {subprocess.py:93} INFO - Parameter I passed in
[2022-10-27T13:04:13.314+0000] {subprocess.py:93} INFO - 2018-06-25
[2022-10-27T13:04:13.314+0000] {subprocess.py:93} INFO - 2018-07-02
[2022-10-27T13:04:13.314+0000] {subprocess.py:93} INFO - Parameter I passed in
[2022-10-27T13:04:13.315+0000] {subprocess.py:97} INFO - Command exited with return code 0
[2022-10-27T13:04:13.358+0000] {taskinstance.py:1406} INFO - Marking task as SUCCESS. dag_id=tutorial, task_id=templated, execution_date=20180625T000000, start_date=20221027T130412, end_date=20221027T130413
[2022-10-27T13:04:13.406+0000] {local_task_job.py:164} INFO - Task exited with return code 0
[2022-10-27T13:04:13.428+0000] {local_task_job.py:273} INFO - 0 downstream tasks scheduled from follow-on schedule check
