[2022-12-21T16:01:47.501+0000] {taskinstance.py:1165} INFO - Dependencies all met for <TaskInstance: extr_proc_aug_pipl.merge_text_n_data scheduled__2022-12-19T00:00:00+00:00 [queued]>
[2022-12-21T16:01:47.515+0000] {taskinstance.py:1165} INFO - Dependencies all met for <TaskInstance: extr_proc_aug_pipl.merge_text_n_data scheduled__2022-12-19T00:00:00+00:00 [queued]>
[2022-12-21T16:01:47.515+0000] {taskinstance.py:1362} INFO - 
--------------------------------------------------------------------------------
[2022-12-21T16:01:47.515+0000] {taskinstance.py:1363} INFO - Starting attempt 1 of 4
[2022-12-21T16:01:47.515+0000] {taskinstance.py:1364} INFO - 
--------------------------------------------------------------------------------
[2022-12-21T16:01:47.532+0000] {taskinstance.py:1383} INFO - Executing <Task(BashOperator): merge_text_n_data> on 2022-12-19 00:00:00+00:00
[2022-12-21T16:01:47.537+0000] {standard_task_runner.py:55} INFO - Started process 368 to run task
[2022-12-21T16:01:47.540+0000] {standard_task_runner.py:82} INFO - Running: ['***', 'tasks', 'run', 'extr_proc_aug_pipl', 'merge_text_n_data', 'scheduled__2022-12-19T00:00:00+00:00', '--job-id', '5147', '--raw', '--subdir', 'DAGS_FOLDER/extr_processing_augmentation.py', '--cfg-path', '/tmp/tmpfwt7j74q']
[2022-12-21T16:01:47.541+0000] {standard_task_runner.py:83} INFO - Job 5147: Subtask merge_text_n_data
[2022-12-21T16:01:47.556+0000] {logging_mixin.py:120} WARNING - /home/***/.local/lib/python3.7/site-packages/***/configuration.py:545 DeprecationWarning: The sql_alchemy_conn option in [core] has been moved to the sql_alchemy_conn option in [database] - the old setting has been used, but please update your config.
[2022-12-21T16:01:47.605+0000] {task_command.py:376} INFO - Running <TaskInstance: extr_proc_aug_pipl.merge_text_n_data scheduled__2022-12-19T00:00:00+00:00 [running]> on host ed3e98310717
[2022-12-21T16:01:47.676+0000] {taskinstance.py:1592} INFO - Exporting the following env vars:
AIRFLOW_CTX_DAG_EMAIL=***@***.com
AIRFLOW_CTX_DAG_OWNER=***
AIRFLOW_CTX_DAG_ID=extr_proc_aug_pipl
AIRFLOW_CTX_TASK_ID=merge_text_n_data
AIRFLOW_CTX_EXECUTION_DATE=2022-12-19T00:00:00+00:00
AIRFLOW_CTX_TRY_NUMBER=1
AIRFLOW_CTX_DAG_RUN_ID=scheduled__2022-12-19T00:00:00+00:00
[2022-12-21T16:01:47.676+0000] {subprocess.py:63} INFO - Tmp dir root location: 
 /tmp
[2022-12-21T16:01:47.677+0000] {subprocess.py:75} INFO - Running command: ['/bin/bash', '-c', 'sleep 5']
[2022-12-21T16:01:47.684+0000] {subprocess.py:86} INFO - Output:
[2022-12-21T16:01:52.686+0000] {subprocess.py:97} INFO - Command exited with return code 0
[2022-12-21T16:01:52.716+0000] {taskinstance.py:1406} INFO - Marking task as SUCCESS. dag_id=extr_proc_aug_pipl, task_id=merge_text_n_data, execution_date=20221219T000000, start_date=20221221T160147, end_date=20221221T160152
[2022-12-21T16:01:52.776+0000] {local_task_job.py:164} INFO - Task exited with return code 0
[2022-12-21T16:01:52.795+0000] {local_task_job.py:273} INFO - 0 downstream tasks scheduled from follow-on schedule check
