[2022-10-27T12:56:15.574+0000] {taskinstance.py:1165} INFO - Dependencies all met for <TaskInstance: tutorial.templated scheduled__2017-04-07T00:00:00+00:00 [queued]>
[2022-10-27T12:56:15.596+0000] {taskinstance.py:1165} INFO - Dependencies all met for <TaskInstance: tutorial.templated scheduled__2017-04-07T00:00:00+00:00 [queued]>
[2022-10-27T12:56:15.596+0000] {taskinstance.py:1362} INFO - 
--------------------------------------------------------------------------------
[2022-10-27T12:56:15.596+0000] {taskinstance.py:1363} INFO - Starting attempt 1 of 2
[2022-10-27T12:56:15.596+0000] {taskinstance.py:1364} INFO - 
--------------------------------------------------------------------------------
[2022-10-27T12:56:15.713+0000] {taskinstance.py:1383} INFO - Executing <Task(BashOperator): templated> on 2017-04-07 00:00:00+00:00
[2022-10-27T12:56:15.724+0000] {standard_task_runner.py:55} INFO - Started process 7484 to run task
[2022-10-27T12:56:15.730+0000] {standard_task_runner.py:82} INFO - Running: ['***', 'tasks', 'run', 'tutorial', 'templated', 'scheduled__2017-04-07T00:00:00+00:00', '--job-id', '2129', '--raw', '--subdir', 'DAGS_FOLDER/tuto.py', '--cfg-path', '/tmp/tmpa9vet3cc']
[2022-10-27T12:56:15.733+0000] {standard_task_runner.py:83} INFO - Job 2129: Subtask templated
[2022-10-27T12:56:15.760+0000] {logging_mixin.py:120} WARNING - /home/***/.local/lib/python3.7/site-packages/***/configuration.py:545 DeprecationWarning: The sql_alchemy_conn option in [core] has been moved to the sql_alchemy_conn option in [database] - the old setting has been used, but please update your config.
[2022-10-27T12:56:15.845+0000] {task_command.py:376} INFO - Running <TaskInstance: tutorial.templated scheduled__2017-04-07T00:00:00+00:00 [running]> on host e60030a57919
[2022-10-27T12:56:15.958+0000] {taskinstance.py:1592} INFO - Exporting the following env vars:
AIRFLOW_CTX_DAG_EMAIL=***@***.com
AIRFLOW_CTX_DAG_OWNER=***
AIRFLOW_CTX_DAG_ID=tutorial
AIRFLOW_CTX_TASK_ID=templated
AIRFLOW_CTX_EXECUTION_DATE=2017-04-07T00:00:00+00:00
AIRFLOW_CTX_TRY_NUMBER=1
AIRFLOW_CTX_DAG_RUN_ID=scheduled__2017-04-07T00:00:00+00:00
[2022-10-27T12:56:15.959+0000] {subprocess.py:63} INFO - Tmp dir root location: 
 /tmp
[2022-10-27T12:56:15.960+0000] {subprocess.py:75} INFO - Running command: ['/bin/bash', '-c', '\n    \n        echo "2017-04-07"\n        echo "2017-04-14"\n        echo "Parameter I passed in"\n    \n        echo "2017-04-07"\n        echo "2017-04-14"\n        echo "Parameter I passed in"\n    \n        echo "2017-04-07"\n        echo "2017-04-14"\n        echo "Parameter I passed in"\n    \n        echo "2017-04-07"\n        echo "2017-04-14"\n        echo "Parameter I passed in"\n    \n        echo "2017-04-07"\n        echo "2017-04-14"\n        echo "Parameter I passed in"\n    ']
[2022-10-27T12:56:15.972+0000] {subprocess.py:86} INFO - Output:
[2022-10-27T12:56:15.973+0000] {subprocess.py:93} INFO - 2017-04-07
[2022-10-27T12:56:15.974+0000] {subprocess.py:93} INFO - 2017-04-14
[2022-10-27T12:56:15.974+0000] {subprocess.py:93} INFO - Parameter I passed in
[2022-10-27T12:56:15.974+0000] {subprocess.py:93} INFO - 2017-04-07
[2022-10-27T12:56:15.974+0000] {subprocess.py:93} INFO - 2017-04-14
[2022-10-27T12:56:15.974+0000] {subprocess.py:93} INFO - Parameter I passed in
[2022-10-27T12:56:15.974+0000] {subprocess.py:93} INFO - 2017-04-07
[2022-10-27T12:56:15.974+0000] {subprocess.py:93} INFO - 2017-04-14
[2022-10-27T12:56:15.974+0000] {subprocess.py:93} INFO - Parameter I passed in
[2022-10-27T12:56:15.975+0000] {subprocess.py:93} INFO - 2017-04-07
[2022-10-27T12:56:15.975+0000] {subprocess.py:93} INFO - 2017-04-14
[2022-10-27T12:56:15.975+0000] {subprocess.py:93} INFO - Parameter I passed in
[2022-10-27T12:56:15.975+0000] {subprocess.py:93} INFO - 2017-04-07
[2022-10-27T12:56:15.975+0000] {subprocess.py:93} INFO - 2017-04-14
[2022-10-27T12:56:15.975+0000] {subprocess.py:93} INFO - Parameter I passed in
[2022-10-27T12:56:15.976+0000] {subprocess.py:97} INFO - Command exited with return code 0
[2022-10-27T12:56:16.006+0000] {taskinstance.py:1406} INFO - Marking task as SUCCESS. dag_id=tutorial, task_id=templated, execution_date=20170407T000000, start_date=20221027T125615, end_date=20221027T125616
[2022-10-27T12:56:16.025+0000] {local_task_job.py:164} INFO - Task exited with return code 0
[2022-10-27T12:56:16.045+0000] {local_task_job.py:273} INFO - 0 downstream tasks scheduled from follow-on schedule check
