[2022-10-27T13:02:12.657+0000] {taskinstance.py:1165} INFO - Dependencies all met for <TaskInstance: tutorial.sleep scheduled__2018-03-14T00:00:00+00:00 [queued]>
[2022-10-27T13:02:12.687+0000] {taskinstance.py:1165} INFO - Dependencies all met for <TaskInstance: tutorial.sleep scheduled__2018-03-14T00:00:00+00:00 [queued]>
[2022-10-27T13:02:12.688+0000] {taskinstance.py:1362} INFO - 
--------------------------------------------------------------------------------
[2022-10-27T13:02:12.690+0000] {taskinstance.py:1363} INFO - Starting attempt 1 of 4
[2022-10-27T13:02:12.691+0000] {taskinstance.py:1364} INFO - 
--------------------------------------------------------------------------------
[2022-10-27T13:02:12.719+0000] {taskinstance.py:1383} INFO - Executing <Task(BashOperator): sleep> on 2018-03-14 00:00:00+00:00
[2022-10-27T13:02:12.730+0000] {standard_task_runner.py:55} INFO - Started process 10991 to run task
[2022-10-27T13:02:12.738+0000] {standard_task_runner.py:82} INFO - Running: ['***', 'tasks', 'run', 'tutorial', 'sleep', 'scheduled__2018-03-14T00:00:00+00:00', '--job-id', '3148', '--raw', '--subdir', 'DAGS_FOLDER/tuto.py', '--cfg-path', '/tmp/tmpfsrf155o']
[2022-10-27T13:02:12.742+0000] {standard_task_runner.py:83} INFO - Job 3148: Subtask sleep
[2022-10-27T13:02:12.771+0000] {logging_mixin.py:120} WARNING - /home/***/.local/lib/python3.7/site-packages/***/configuration.py:545 DeprecationWarning: The sql_alchemy_conn option in [core] has been moved to the sql_alchemy_conn option in [database] - the old setting has been used, but please update your config.
[2022-10-27T13:02:12.866+0000] {task_command.py:376} INFO - Running <TaskInstance: tutorial.sleep scheduled__2018-03-14T00:00:00+00:00 [running]> on host e60030a57919
[2022-10-27T13:02:12.977+0000] {taskinstance.py:1592} INFO - Exporting the following env vars:
AIRFLOW_CTX_DAG_EMAIL=***@***.com
AIRFLOW_CTX_DAG_OWNER=***
AIRFLOW_CTX_DAG_ID=tutorial
AIRFLOW_CTX_TASK_ID=sleep
AIRFLOW_CTX_EXECUTION_DATE=2018-03-14T00:00:00+00:00
AIRFLOW_CTX_TRY_NUMBER=1
AIRFLOW_CTX_DAG_RUN_ID=scheduled__2018-03-14T00:00:00+00:00
[2022-10-27T13:02:12.978+0000] {subprocess.py:63} INFO - Tmp dir root location: 
 /tmp
[2022-10-27T13:02:12.980+0000] {subprocess.py:75} INFO - Running command: ['/bin/bash', '-c', 'sleep 5']
[2022-10-27T13:02:13.003+0000] {subprocess.py:86} INFO - Output:
[2022-10-27T13:02:18.010+0000] {subprocess.py:97} INFO - Command exited with return code 0
[2022-10-27T13:02:18.039+0000] {taskinstance.py:1406} INFO - Marking task as SUCCESS. dag_id=tutorial, task_id=sleep, execution_date=20180314T000000, start_date=20221027T130212, end_date=20221027T130218
[2022-10-27T13:02:18.097+0000] {local_task_job.py:164} INFO - Task exited with return code 0
[2022-10-27T13:02:18.129+0000] {local_task_job.py:273} INFO - 0 downstream tasks scheduled from follow-on schedule check
