[2022-10-27T12:58:33.989+0000] {taskinstance.py:1165} INFO - Dependencies all met for <TaskInstance: tutorial.templated scheduled__2017-08-17T00:00:00+00:00 [queued]>
[2022-10-27T12:58:33.999+0000] {taskinstance.py:1165} INFO - Dependencies all met for <TaskInstance: tutorial.templated scheduled__2017-08-17T00:00:00+00:00 [queued]>
[2022-10-27T12:58:33.999+0000] {taskinstance.py:1362} INFO - 
--------------------------------------------------------------------------------
[2022-10-27T12:58:33.999+0000] {taskinstance.py:1363} INFO - Starting attempt 1 of 2
[2022-10-27T12:58:34.000+0000] {taskinstance.py:1364} INFO - 
--------------------------------------------------------------------------------
[2022-10-27T12:58:34.014+0000] {taskinstance.py:1383} INFO - Executing <Task(BashOperator): templated> on 2017-08-17 00:00:00+00:00
[2022-10-27T12:58:34.019+0000] {standard_task_runner.py:55} INFO - Started process 8836 to run task
[2022-10-27T12:58:34.022+0000] {standard_task_runner.py:82} INFO - Running: ['***', 'tasks', 'run', 'tutorial', 'templated', 'scheduled__2017-08-17T00:00:00+00:00', '--job-id', '2521', '--raw', '--subdir', 'DAGS_FOLDER/tuto.py', '--cfg-path', '/tmp/tmprj3iq1la']
[2022-10-27T12:58:34.024+0000] {standard_task_runner.py:83} INFO - Job 2521: Subtask templated
[2022-10-27T12:58:34.043+0000] {logging_mixin.py:120} WARNING - /home/***/.local/lib/python3.7/site-packages/***/configuration.py:545 DeprecationWarning: The sql_alchemy_conn option in [core] has been moved to the sql_alchemy_conn option in [database] - the old setting has been used, but please update your config.
[2022-10-27T12:58:34.098+0000] {task_command.py:376} INFO - Running <TaskInstance: tutorial.templated scheduled__2017-08-17T00:00:00+00:00 [running]> on host e60030a57919
[2022-10-27T12:58:34.214+0000] {taskinstance.py:1592} INFO - Exporting the following env vars:
AIRFLOW_CTX_DAG_EMAIL=***@***.com
AIRFLOW_CTX_DAG_OWNER=***
AIRFLOW_CTX_DAG_ID=tutorial
AIRFLOW_CTX_TASK_ID=templated
AIRFLOW_CTX_EXECUTION_DATE=2017-08-17T00:00:00+00:00
AIRFLOW_CTX_TRY_NUMBER=1
AIRFLOW_CTX_DAG_RUN_ID=scheduled__2017-08-17T00:00:00+00:00
[2022-10-27T12:58:34.216+0000] {subprocess.py:63} INFO - Tmp dir root location: 
 /tmp
[2022-10-27T12:58:34.217+0000] {subprocess.py:75} INFO - Running command: ['/bin/bash', '-c', '\n    \n        echo "2017-08-17"\n        echo "2017-08-24"\n        echo "Parameter I passed in"\n    \n        echo "2017-08-17"\n        echo "2017-08-24"\n        echo "Parameter I passed in"\n    \n        echo "2017-08-17"\n        echo "2017-08-24"\n        echo "Parameter I passed in"\n    \n        echo "2017-08-17"\n        echo "2017-08-24"\n        echo "Parameter I passed in"\n    \n        echo "2017-08-17"\n        echo "2017-08-24"\n        echo "Parameter I passed in"\n    ']
[2022-10-27T12:58:34.230+0000] {subprocess.py:86} INFO - Output:
[2022-10-27T12:58:34.231+0000] {subprocess.py:93} INFO - 2017-08-17
[2022-10-27T12:58:34.231+0000] {subprocess.py:93} INFO - 2017-08-24
[2022-10-27T12:58:34.231+0000] {subprocess.py:93} INFO - Parameter I passed in
[2022-10-27T12:58:34.232+0000] {subprocess.py:93} INFO - 2017-08-17
[2022-10-27T12:58:34.232+0000] {subprocess.py:93} INFO - 2017-08-24
[2022-10-27T12:58:34.232+0000] {subprocess.py:93} INFO - Parameter I passed in
[2022-10-27T12:58:34.232+0000] {subprocess.py:93} INFO - 2017-08-17
[2022-10-27T12:58:34.232+0000] {subprocess.py:93} INFO - 2017-08-24
[2022-10-27T12:58:34.232+0000] {subprocess.py:93} INFO - Parameter I passed in
[2022-10-27T12:58:34.232+0000] {subprocess.py:93} INFO - 2017-08-17
[2022-10-27T12:58:34.232+0000] {subprocess.py:93} INFO - 2017-08-24
[2022-10-27T12:58:34.232+0000] {subprocess.py:93} INFO - Parameter I passed in
[2022-10-27T12:58:34.233+0000] {subprocess.py:93} INFO - 2017-08-17
[2022-10-27T12:58:34.233+0000] {subprocess.py:93} INFO - 2017-08-24
[2022-10-27T12:58:34.233+0000] {subprocess.py:93} INFO - Parameter I passed in
[2022-10-27T12:58:34.233+0000] {subprocess.py:97} INFO - Command exited with return code 0
[2022-10-27T12:58:34.257+0000] {taskinstance.py:1406} INFO - Marking task as SUCCESS. dag_id=tutorial, task_id=templated, execution_date=20170817T000000, start_date=20221027T125833, end_date=20221027T125834
[2022-10-27T12:58:34.274+0000] {local_task_job.py:164} INFO - Task exited with return code 0
[2022-10-27T12:58:34.298+0000] {local_task_job.py:273} INFO - 0 downstream tasks scheduled from follow-on schedule check
