[2022-10-27T13:04:13.057+0000] {taskinstance.py:1165} INFO - Dependencies all met for <TaskInstance: tutorial.sleep scheduled__2018-06-24T00:00:00+00:00 [queued]>
[2022-10-27T13:04:13.079+0000] {taskinstance.py:1165} INFO - Dependencies all met for <TaskInstance: tutorial.sleep scheduled__2018-06-24T00:00:00+00:00 [queued]>
[2022-10-27T13:04:13.080+0000] {taskinstance.py:1362} INFO - 
--------------------------------------------------------------------------------
[2022-10-27T13:04:13.080+0000] {taskinstance.py:1363} INFO - Starting attempt 1 of 4
[2022-10-27T13:04:13.080+0000] {taskinstance.py:1364} INFO - 
--------------------------------------------------------------------------------
[2022-10-27T13:04:13.109+0000] {taskinstance.py:1383} INFO - Executing <Task(BashOperator): sleep> on 2018-06-24 00:00:00+00:00
[2022-10-27T13:04:13.120+0000] {standard_task_runner.py:55} INFO - Started process 12048 to run task
[2022-10-27T13:04:13.136+0000] {standard_task_runner.py:82} INFO - Running: ['***', 'tasks', 'run', 'tutorial', 'sleep', 'scheduled__2018-06-24T00:00:00+00:00', '--job-id', '3451', '--raw', '--subdir', 'DAGS_FOLDER/tuto.py', '--cfg-path', '/tmp/tmphts6tqe4']
[2022-10-27T13:04:13.139+0000] {standard_task_runner.py:83} INFO - Job 3451: Subtask sleep
[2022-10-27T13:04:13.186+0000] {logging_mixin.py:120} WARNING - /home/***/.local/lib/python3.7/site-packages/***/configuration.py:545 DeprecationWarning: The sql_alchemy_conn option in [core] has been moved to the sql_alchemy_conn option in [database] - the old setting has been used, but please update your config.
[2022-10-27T13:04:13.280+0000] {task_command.py:376} INFO - Running <TaskInstance: tutorial.sleep scheduled__2018-06-24T00:00:00+00:00 [running]> on host e60030a57919
[2022-10-27T13:04:13.398+0000] {taskinstance.py:1592} INFO - Exporting the following env vars:
AIRFLOW_CTX_DAG_EMAIL=***@***.com
AIRFLOW_CTX_DAG_OWNER=***
AIRFLOW_CTX_DAG_ID=tutorial
AIRFLOW_CTX_TASK_ID=sleep
AIRFLOW_CTX_EXECUTION_DATE=2018-06-24T00:00:00+00:00
AIRFLOW_CTX_TRY_NUMBER=1
AIRFLOW_CTX_DAG_RUN_ID=scheduled__2018-06-24T00:00:00+00:00
[2022-10-27T13:04:13.400+0000] {subprocess.py:63} INFO - Tmp dir root location: 
 /tmp
[2022-10-27T13:04:13.401+0000] {subprocess.py:75} INFO - Running command: ['/bin/bash', '-c', 'sleep 5']
[2022-10-27T13:04:13.417+0000] {subprocess.py:86} INFO - Output:
[2022-10-27T13:04:18.421+0000] {subprocess.py:97} INFO - Command exited with return code 0
[2022-10-27T13:04:18.472+0000] {taskinstance.py:1406} INFO - Marking task as SUCCESS. dag_id=tutorial, task_id=sleep, execution_date=20180624T000000, start_date=20221027T130413, end_date=20221027T130418
[2022-10-27T13:04:18.508+0000] {local_task_job.py:164} INFO - Task exited with return code 0
[2022-10-27T13:04:18.536+0000] {local_task_job.py:273} INFO - 0 downstream tasks scheduled from follow-on schedule check
