[2023-05-10T10:51:19.172+0000] {taskinstance.py:1165} INFO - Dependencies all met for <TaskInstance: extr_proc_aug_pipl.extract_text scheduled__2022-12-29T21:30:00+00:00 [queued]>
[2023-05-10T10:51:19.203+0000] {taskinstance.py:1165} INFO - Dependencies all met for <TaskInstance: extr_proc_aug_pipl.extract_text scheduled__2022-12-29T21:30:00+00:00 [queued]>
[2023-05-10T10:51:19.203+0000] {taskinstance.py:1362} INFO - 
--------------------------------------------------------------------------------
[2023-05-10T10:51:19.203+0000] {taskinstance.py:1363} INFO - Starting attempt 1 of 2
[2023-05-10T10:51:19.204+0000] {taskinstance.py:1364} INFO - 
--------------------------------------------------------------------------------
[2023-05-10T10:51:19.596+0000] {taskinstance.py:1383} INFO - Executing <Task(BashOperator): extract_text> on 2022-12-29 21:30:00+00:00
[2023-05-10T10:51:19.609+0000] {standard_task_runner.py:55} INFO - Started process 3028 to run task
[2023-05-10T10:51:19.616+0000] {standard_task_runner.py:82} INFO - Running: ['***', 'tasks', 'run', 'extr_proc_aug_pipl', 'extract_text', 'scheduled__2022-12-29T21:30:00+00:00', '--job-id', '6280', '--raw', '--subdir', 'DAGS_FOLDER/extr_processing_augmentation.py', '--cfg-path', '/tmp/tmpdocyu7y9']
[2023-05-10T10:51:19.621+0000] {standard_task_runner.py:83} INFO - Job 6280: Subtask extract_text
[2023-05-10T10:51:19.658+0000] {logging_mixin.py:120} WARNING - /home/***/.local/lib/python3.7/site-packages/***/configuration.py:545 DeprecationWarning: The sql_alchemy_conn option in [core] has been moved to the sql_alchemy_conn option in [database] - the old setting has been used, but please update your config.
[2023-05-10T10:51:19.909+0000] {task_command.py:376} INFO - Running <TaskInstance: extr_proc_aug_pipl.extract_text scheduled__2022-12-29T21:30:00+00:00 [running]> on host 0961b7a3874f
[2023-05-10T10:51:20.476+0000] {taskinstance.py:1592} INFO - Exporting the following env vars:
AIRFLOW_CTX_DAG_EMAIL=***@***.com
AIRFLOW_CTX_DAG_OWNER=***
AIRFLOW_CTX_DAG_ID=extr_proc_aug_pipl
AIRFLOW_CTX_TASK_ID=extract_text
AIRFLOW_CTX_EXECUTION_DATE=2022-12-29T21:30:00+00:00
AIRFLOW_CTX_TRY_NUMBER=1
AIRFLOW_CTX_DAG_RUN_ID=scheduled__2022-12-29T21:30:00+00:00
[2023-05-10T10:51:20.478+0000] {subprocess.py:63} INFO - Tmp dir root location: 
 /tmp
[2023-05-10T10:51:20.479+0000] {subprocess.py:75} INFO - Running command: ['/bin/bash', '-c', 'date']
[2023-05-10T10:51:20.501+0000] {subprocess.py:86} INFO - Output:
[2023-05-10T10:51:20.512+0000] {subprocess.py:93} INFO - Wed May 10 10:51:20 UTC 2023
[2023-05-10T10:51:20.513+0000] {subprocess.py:97} INFO - Command exited with return code 0
[2023-05-10T10:51:20.582+0000] {taskinstance.py:1406} INFO - Marking task as SUCCESS. dag_id=extr_proc_aug_pipl, task_id=extract_text, execution_date=20221229T213000, start_date=20230510T105119, end_date=20230510T105120
[2023-05-10T10:51:21.089+0000] {local_task_job.py:164} INFO - Task exited with return code 0
[2023-05-10T10:51:21.193+0000] {local_task_job.py:273} INFO - 1 downstream tasks scheduled from follow-on schedule check
