[2022-10-27T12:51:00.414+0000] {taskinstance.py:1165} INFO - Dependencies all met for <TaskInstance: tutorial.sleep scheduled__2016-06-11T00:00:00+00:00 [queued]>
[2022-10-27T12:51:00.426+0000] {taskinstance.py:1165} INFO - Dependencies all met for <TaskInstance: tutorial.sleep scheduled__2016-06-11T00:00:00+00:00 [queued]>
[2022-10-27T12:51:00.427+0000] {taskinstance.py:1362} INFO - 
--------------------------------------------------------------------------------
[2022-10-27T12:51:00.427+0000] {taskinstance.py:1363} INFO - Starting attempt 1 of 4
[2022-10-27T12:51:00.427+0000] {taskinstance.py:1364} INFO - 
--------------------------------------------------------------------------------
[2022-10-27T12:51:00.452+0000] {taskinstance.py:1383} INFO - Executing <Task(BashOperator): sleep> on 2016-06-11 00:00:00+00:00
[2022-10-27T12:51:00.485+0000] {standard_task_runner.py:55} INFO - Started process 4384 to run task
[2022-10-27T12:51:00.494+0000] {standard_task_runner.py:82} INFO - Running: ['***', 'tasks', 'run', 'tutorial', 'sleep', 'scheduled__2016-06-11T00:00:00+00:00', '--job-id', '1225', '--raw', '--subdir', 'DAGS_FOLDER/tuto.py', '--cfg-path', '/tmp/tmpeallu7jc']
[2022-10-27T12:51:00.497+0000] {standard_task_runner.py:83} INFO - Job 1225: Subtask sleep
[2022-10-27T12:51:00.528+0000] {logging_mixin.py:120} WARNING - /home/***/.local/lib/python3.7/site-packages/***/configuration.py:545 DeprecationWarning: The sql_alchemy_conn option in [core] has been moved to the sql_alchemy_conn option in [database] - the old setting has been used, but please update your config.
[2022-10-27T12:51:00.609+0000] {task_command.py:376} INFO - Running <TaskInstance: tutorial.sleep scheduled__2016-06-11T00:00:00+00:00 [running]> on host e60030a57919
[2022-10-27T12:51:00.746+0000] {taskinstance.py:1592} INFO - Exporting the following env vars:
AIRFLOW_CTX_DAG_EMAIL=***@***.com
AIRFLOW_CTX_DAG_OWNER=***
AIRFLOW_CTX_DAG_ID=tutorial
AIRFLOW_CTX_TASK_ID=sleep
AIRFLOW_CTX_EXECUTION_DATE=2016-06-11T00:00:00+00:00
AIRFLOW_CTX_TRY_NUMBER=1
AIRFLOW_CTX_DAG_RUN_ID=scheduled__2016-06-11T00:00:00+00:00
[2022-10-27T12:51:00.747+0000] {subprocess.py:63} INFO - Tmp dir root location: 
 /tmp
[2022-10-27T12:51:00.748+0000] {subprocess.py:75} INFO - Running command: ['/bin/bash', '-c', 'sleep 5']
[2022-10-27T12:51:00.766+0000] {subprocess.py:86} INFO - Output:
[2022-10-27T12:51:05.770+0000] {subprocess.py:97} INFO - Command exited with return code 0
[2022-10-27T12:51:05.795+0000] {taskinstance.py:1406} INFO - Marking task as SUCCESS. dag_id=tutorial, task_id=sleep, execution_date=20160611T000000, start_date=20221027T125100, end_date=20221027T125105
[2022-10-27T12:51:05.845+0000] {local_task_job.py:164} INFO - Task exited with return code 0
[2022-10-27T12:51:05.861+0000] {local_task_job.py:273} INFO - 0 downstream tasks scheduled from follow-on schedule check
