[2022-10-27T12:52:38.327+0000] {taskinstance.py:1165} INFO - Dependencies all met for <TaskInstance: tutorial.sleep scheduled__2016-09-16T00:00:00+00:00 [queued]>
[2022-10-27T12:52:38.338+0000] {taskinstance.py:1165} INFO - Dependencies all met for <TaskInstance: tutorial.sleep scheduled__2016-09-16T00:00:00+00:00 [queued]>
[2022-10-27T12:52:38.338+0000] {taskinstance.py:1362} INFO - 
--------------------------------------------------------------------------------
[2022-10-27T12:52:38.338+0000] {taskinstance.py:1363} INFO - Starting attempt 1 of 4
[2022-10-27T12:52:38.338+0000] {taskinstance.py:1364} INFO - 
--------------------------------------------------------------------------------
[2022-10-27T12:52:38.356+0000] {taskinstance.py:1383} INFO - Executing <Task(BashOperator): sleep> on 2016-09-16 00:00:00+00:00
[2022-10-27T12:52:38.362+0000] {standard_task_runner.py:55} INFO - Started process 5362 to run task
[2022-10-27T12:52:38.366+0000] {standard_task_runner.py:82} INFO - Running: ['***', 'tasks', 'run', 'tutorial', 'sleep', 'scheduled__2016-09-16T00:00:00+00:00', '--job-id', '1513', '--raw', '--subdir', 'DAGS_FOLDER/tuto.py', '--cfg-path', '/tmp/tmp53_9r4oe']
[2022-10-27T12:52:38.368+0000] {standard_task_runner.py:83} INFO - Job 1513: Subtask sleep
[2022-10-27T12:52:38.384+0000] {logging_mixin.py:120} WARNING - /home/***/.local/lib/python3.7/site-packages/***/configuration.py:545 DeprecationWarning: The sql_alchemy_conn option in [core] has been moved to the sql_alchemy_conn option in [database] - the old setting has been used, but please update your config.
[2022-10-27T12:52:38.452+0000] {task_command.py:376} INFO - Running <TaskInstance: tutorial.sleep scheduled__2016-09-16T00:00:00+00:00 [running]> on host e60030a57919
[2022-10-27T12:52:38.533+0000] {taskinstance.py:1592} INFO - Exporting the following env vars:
AIRFLOW_CTX_DAG_EMAIL=***@***.com
AIRFLOW_CTX_DAG_OWNER=***
AIRFLOW_CTX_DAG_ID=tutorial
AIRFLOW_CTX_TASK_ID=sleep
AIRFLOW_CTX_EXECUTION_DATE=2016-09-16T00:00:00+00:00
AIRFLOW_CTX_TRY_NUMBER=1
AIRFLOW_CTX_DAG_RUN_ID=scheduled__2016-09-16T00:00:00+00:00
[2022-10-27T12:52:38.534+0000] {subprocess.py:63} INFO - Tmp dir root location: 
 /tmp
[2022-10-27T12:52:38.535+0000] {subprocess.py:75} INFO - Running command: ['/bin/bash', '-c', 'sleep 5']
[2022-10-27T12:52:38.552+0000] {subprocess.py:86} INFO - Output:
[2022-10-27T12:52:43.557+0000] {subprocess.py:97} INFO - Command exited with return code 0
[2022-10-27T12:52:43.579+0000] {taskinstance.py:1406} INFO - Marking task as SUCCESS. dag_id=tutorial, task_id=sleep, execution_date=20160916T000000, start_date=20221027T125238, end_date=20221027T125243
[2022-10-27T12:52:43.598+0000] {local_task_job.py:164} INFO - Task exited with return code 0
[2022-10-27T12:52:43.613+0000] {local_task_job.py:273} INFO - 0 downstream tasks scheduled from follow-on schedule check
