[2022-10-27T12:44:06.772+0000] {taskinstance.py:1165} INFO - Dependencies all met for <TaskInstance: tutorial2.print_date scheduled__2015-06-10T00:00:00+00:00 [queued]>
[2022-10-27T12:44:06.789+0000] {taskinstance.py:1165} INFO - Dependencies all met for <TaskInstance: tutorial2.print_date scheduled__2015-06-10T00:00:00+00:00 [queued]>
[2022-10-27T12:44:06.789+0000] {taskinstance.py:1362} INFO - 
--------------------------------------------------------------------------------
[2022-10-27T12:44:06.789+0000] {taskinstance.py:1363} INFO - Starting attempt 1 of 2
[2022-10-27T12:44:06.789+0000] {taskinstance.py:1364} INFO - 
--------------------------------------------------------------------------------
[2022-10-27T12:44:06.815+0000] {taskinstance.py:1383} INFO - Executing <Task(BashOperator): print_date> on 2015-06-10 00:00:00+00:00
[2022-10-27T12:44:06.823+0000] {standard_task_runner.py:55} INFO - Started process 261 to run task
[2022-10-27T12:44:06.841+0000] {standard_task_runner.py:82} INFO - Running: ['***', 'tasks', 'run', 'tutorial2', 'print_date', 'scheduled__2015-06-10T00:00:00+00:00', '--job-id', '27', '--raw', '--subdir', 'DAGS_FOLDER/hello-world.py', '--cfg-path', '/tmp/tmp3dvf2fuf']
[2022-10-27T12:44:06.863+0000] {standard_task_runner.py:83} INFO - Job 27: Subtask print_date
[2022-10-27T12:44:07.176+0000] {logging_mixin.py:120} WARNING - /home/***/.local/lib/python3.7/site-packages/***/configuration.py:545 DeprecationWarning: The sql_alchemy_conn option in [core] has been moved to the sql_alchemy_conn option in [database] - the old setting has been used, but please update your config.
[2022-10-27T12:44:07.405+0000] {task_command.py:376} INFO - Running <TaskInstance: tutorial2.print_date scheduled__2015-06-10T00:00:00+00:00 [running]> on host e60030a57919
[2022-10-27T12:44:07.543+0000] {taskinstance.py:1592} INFO - Exporting the following env vars:
AIRFLOW_CTX_DAG_EMAIL=***@***.com
AIRFLOW_CTX_DAG_OWNER=***
AIRFLOW_CTX_DAG_ID=tutorial2
AIRFLOW_CTX_TASK_ID=print_date
AIRFLOW_CTX_EXECUTION_DATE=2015-06-10T00:00:00+00:00
AIRFLOW_CTX_TRY_NUMBER=1
AIRFLOW_CTX_DAG_RUN_ID=scheduled__2015-06-10T00:00:00+00:00
[2022-10-27T12:44:07.544+0000] {subprocess.py:63} INFO - Tmp dir root location: 
 /tmp
[2022-10-27T12:44:07.546+0000] {subprocess.py:75} INFO - Running command: ['/bin/bash', '-c', 'date']
[2022-10-27T12:44:07.570+0000] {subprocess.py:86} INFO - Output:
[2022-10-27T12:44:07.575+0000] {subprocess.py:93} INFO - Thu Oct 27 12:44:07 UTC 2022
[2022-10-27T12:44:07.576+0000] {subprocess.py:97} INFO - Command exited with return code 0
[2022-10-27T12:44:07.618+0000] {taskinstance.py:1406} INFO - Marking task as SUCCESS. dag_id=tutorial2, task_id=print_date, execution_date=20150610T000000, start_date=20221027T124406, end_date=20221027T124407
[2022-10-27T12:44:07.660+0000] {local_task_job.py:164} INFO - Task exited with return code 0
[2022-10-27T12:44:07.691+0000] {local_task_job.py:273} INFO - 0 downstream tasks scheduled from follow-on schedule check
