[2022-10-27T12:44:53.368+0000] {taskinstance.py:1165} INFO - Dependencies all met for <TaskInstance: tutorial.print_date manual__2022-10-27T12:44:51.096512+00:00 [queued]>
[2022-10-27T12:44:53.390+0000] {taskinstance.py:1165} INFO - Dependencies all met for <TaskInstance: tutorial.print_date manual__2022-10-27T12:44:51.096512+00:00 [queued]>
[2022-10-27T12:44:53.390+0000] {taskinstance.py:1362} INFO - 
--------------------------------------------------------------------------------
[2022-10-27T12:44:53.390+0000] {taskinstance.py:1363} INFO - Starting attempt 1 of 2
[2022-10-27T12:44:53.391+0000] {taskinstance.py:1364} INFO - 
--------------------------------------------------------------------------------
[2022-10-27T12:44:53.431+0000] {taskinstance.py:1383} INFO - Executing <Task(BashOperator): print_date> on 2022-10-27 12:44:51.096512+00:00
[2022-10-27T12:44:53.442+0000] {standard_task_runner.py:55} INFO - Started process 595 to run task
[2022-10-27T12:44:53.456+0000] {standard_task_runner.py:82} INFO - Running: ['***', 'tasks', 'run', 'tutorial', 'print_date', 'manual__2022-10-27T12:44:51.096512+00:00', '--job-id', '116', '--raw', '--subdir', 'DAGS_FOLDER/tuto.py', '--cfg-path', '/tmp/tmpa39aoa1l']
[2022-10-27T12:44:53.460+0000] {standard_task_runner.py:83} INFO - Job 116: Subtask print_date
[2022-10-27T12:44:53.701+0000] {task_command.py:376} INFO - Running <TaskInstance: tutorial.print_date manual__2022-10-27T12:44:51.096512+00:00 [running]> on host e60030a57919
[2022-10-27T12:44:53.960+0000] {taskinstance.py:1592} INFO - Exporting the following env vars:
AIRFLOW_CTX_DAG_EMAIL=***@***.com
AIRFLOW_CTX_DAG_OWNER=***
AIRFLOW_CTX_DAG_ID=tutorial
AIRFLOW_CTX_TASK_ID=print_date
AIRFLOW_CTX_EXECUTION_DATE=2022-10-27T12:44:51.096512+00:00
AIRFLOW_CTX_TRY_NUMBER=1
AIRFLOW_CTX_DAG_RUN_ID=manual__2022-10-27T12:44:51.096512+00:00
[2022-10-27T12:44:53.962+0000] {subprocess.py:63} INFO - Tmp dir root location: 
 /tmp
[2022-10-27T12:44:53.963+0000] {subprocess.py:75} INFO - Running command: ['/bin/bash', '-c', 'date']
[2022-10-27T12:44:54.004+0000] {subprocess.py:86} INFO - Output:
[2022-10-27T12:44:54.019+0000] {subprocess.py:93} INFO - Thu Oct 27 12:44:54 UTC 2022
[2022-10-27T12:44:54.020+0000] {subprocess.py:97} INFO - Command exited with return code 0
[2022-10-27T12:44:54.094+0000] {taskinstance.py:1406} INFO - Marking task as SUCCESS. dag_id=tutorial, task_id=print_date, execution_date=20221027T124451, start_date=20221027T124453, end_date=20221027T124454
[2022-10-27T12:44:54.190+0000] {local_task_job.py:164} INFO - Task exited with return code 0
[2022-10-27T12:44:54.247+0000] {local_task_job.py:273} INFO - 2 downstream tasks scheduled from follow-on schedule check
