[2022-10-27T12:50:33.649+0000] {taskinstance.py:1165} INFO - Dependencies all met for <TaskInstance: tutorial.templated scheduled__2016-05-16T00:00:00+00:00 [queued]>
[2022-10-27T12:50:33.662+0000] {taskinstance.py:1165} INFO - Dependencies all met for <TaskInstance: tutorial.templated scheduled__2016-05-16T00:00:00+00:00 [queued]>
[2022-10-27T12:50:33.662+0000] {taskinstance.py:1362} INFO - 
--------------------------------------------------------------------------------
[2022-10-27T12:50:33.663+0000] {taskinstance.py:1363} INFO - Starting attempt 1 of 2
[2022-10-27T12:50:33.663+0000] {taskinstance.py:1364} INFO - 
--------------------------------------------------------------------------------
[2022-10-27T12:50:33.684+0000] {taskinstance.py:1383} INFO - Executing <Task(BashOperator): templated> on 2016-05-16 00:00:00+00:00
[2022-10-27T12:50:33.689+0000] {standard_task_runner.py:55} INFO - Started process 4103 to run task
[2022-10-27T12:50:33.693+0000] {standard_task_runner.py:82} INFO - Running: ['***', 'tasks', 'run', 'tutorial', 'templated', 'scheduled__2016-05-16T00:00:00+00:00', '--job-id', '1146', '--raw', '--subdir', 'DAGS_FOLDER/tuto.py', '--cfg-path', '/tmp/tmpe2y33idd']
[2022-10-27T12:50:33.695+0000] {standard_task_runner.py:83} INFO - Job 1146: Subtask templated
[2022-10-27T12:50:33.714+0000] {logging_mixin.py:120} WARNING - /home/***/.local/lib/python3.7/site-packages/***/configuration.py:545 DeprecationWarning: The sql_alchemy_conn option in [core] has been moved to the sql_alchemy_conn option in [database] - the old setting has been used, but please update your config.
[2022-10-27T12:50:33.830+0000] {task_command.py:376} INFO - Running <TaskInstance: tutorial.templated scheduled__2016-05-16T00:00:00+00:00 [running]> on host e60030a57919
[2022-10-27T12:50:33.949+0000] {taskinstance.py:1592} INFO - Exporting the following env vars:
AIRFLOW_CTX_DAG_EMAIL=***@***.com
AIRFLOW_CTX_DAG_OWNER=***
AIRFLOW_CTX_DAG_ID=tutorial
AIRFLOW_CTX_TASK_ID=templated
AIRFLOW_CTX_EXECUTION_DATE=2016-05-16T00:00:00+00:00
AIRFLOW_CTX_TRY_NUMBER=1
AIRFLOW_CTX_DAG_RUN_ID=scheduled__2016-05-16T00:00:00+00:00
[2022-10-27T12:50:33.950+0000] {subprocess.py:63} INFO - Tmp dir root location: 
 /tmp
[2022-10-27T12:50:33.951+0000] {subprocess.py:75} INFO - Running command: ['/bin/bash', '-c', '\n    \n        echo "2016-05-16"\n        echo "2016-05-23"\n        echo "Parameter I passed in"\n    \n        echo "2016-05-16"\n        echo "2016-05-23"\n        echo "Parameter I passed in"\n    \n        echo "2016-05-16"\n        echo "2016-05-23"\n        echo "Parameter I passed in"\n    \n        echo "2016-05-16"\n        echo "2016-05-23"\n        echo "Parameter I passed in"\n    \n        echo "2016-05-16"\n        echo "2016-05-23"\n        echo "Parameter I passed in"\n    ']
[2022-10-27T12:50:33.962+0000] {subprocess.py:86} INFO - Output:
[2022-10-27T12:50:33.964+0000] {subprocess.py:93} INFO - 2016-05-16
[2022-10-27T12:50:33.964+0000] {subprocess.py:93} INFO - 2016-05-23
[2022-10-27T12:50:33.964+0000] {subprocess.py:93} INFO - Parameter I passed in
[2022-10-27T12:50:33.964+0000] {subprocess.py:93} INFO - 2016-05-16
[2022-10-27T12:50:33.964+0000] {subprocess.py:93} INFO - 2016-05-23
[2022-10-27T12:50:33.964+0000] {subprocess.py:93} INFO - Parameter I passed in
[2022-10-27T12:50:33.964+0000] {subprocess.py:93} INFO - 2016-05-16
[2022-10-27T12:50:33.964+0000] {subprocess.py:93} INFO - 2016-05-23
[2022-10-27T12:50:33.965+0000] {subprocess.py:93} INFO - Parameter I passed in
[2022-10-27T12:50:33.965+0000] {subprocess.py:93} INFO - 2016-05-16
[2022-10-27T12:50:33.965+0000] {subprocess.py:93} INFO - 2016-05-23
[2022-10-27T12:50:33.965+0000] {subprocess.py:93} INFO - Parameter I passed in
[2022-10-27T12:50:33.965+0000] {subprocess.py:93} INFO - 2016-05-16
[2022-10-27T12:50:33.965+0000] {subprocess.py:93} INFO - 2016-05-23
[2022-10-27T12:50:33.965+0000] {subprocess.py:93} INFO - Parameter I passed in
[2022-10-27T12:50:33.965+0000] {subprocess.py:97} INFO - Command exited with return code 0
[2022-10-27T12:50:33.988+0000] {taskinstance.py:1406} INFO - Marking task as SUCCESS. dag_id=tutorial, task_id=templated, execution_date=20160516T000000, start_date=20221027T125033, end_date=20221027T125033
[2022-10-27T12:50:34.025+0000] {local_task_job.py:164} INFO - Task exited with return code 0
[2022-10-27T12:50:34.043+0000] {local_task_job.py:273} INFO - 0 downstream tasks scheduled from follow-on schedule check
