[2023-05-10T10:45:53.780+0000] {taskinstance.py:1165} INFO - Dependencies all met for <TaskInstance: extr_proc_aug_pipl.merge_text_n_data scheduled__2022-12-26T01:30:00+00:00 [queued]>
[2023-05-10T10:45:53.807+0000] {taskinstance.py:1165} INFO - Dependencies all met for <TaskInstance: extr_proc_aug_pipl.merge_text_n_data scheduled__2022-12-26T01:30:00+00:00 [queued]>
[2023-05-10T10:45:53.807+0000] {taskinstance.py:1362} INFO - 
--------------------------------------------------------------------------------
[2023-05-10T10:45:53.807+0000] {taskinstance.py:1363} INFO - Starting attempt 1 of 4
[2023-05-10T10:45:53.807+0000] {taskinstance.py:1364} INFO - 
--------------------------------------------------------------------------------
[2023-05-10T10:45:53.944+0000] {taskinstance.py:1383} INFO - Executing <Task(BashOperator): merge_text_n_data> on 2022-12-26 01:30:00+00:00
[2023-05-10T10:45:53.953+0000] {standard_task_runner.py:55} INFO - Started process 709 to run task
[2023-05-10T10:45:53.959+0000] {standard_task_runner.py:82} INFO - Running: ['***', 'tasks', 'run', 'extr_proc_aug_pipl', 'merge_text_n_data', 'scheduled__2022-12-26T01:30:00+00:00', '--job-id', '5611', '--raw', '--subdir', 'DAGS_FOLDER/extr_processing_augmentation.py', '--cfg-path', '/tmp/tmpb5eyt483']
[2023-05-10T10:45:53.964+0000] {standard_task_runner.py:83} INFO - Job 5611: Subtask merge_text_n_data
[2023-05-10T10:45:54.001+0000] {logging_mixin.py:120} WARNING - /home/***/.local/lib/python3.7/site-packages/***/configuration.py:545 DeprecationWarning: The sql_alchemy_conn option in [core] has been moved to the sql_alchemy_conn option in [database] - the old setting has been used, but please update your config.
[2023-05-10T10:45:54.122+0000] {task_command.py:376} INFO - Running <TaskInstance: extr_proc_aug_pipl.merge_text_n_data scheduled__2022-12-26T01:30:00+00:00 [running]> on host 0961b7a3874f
[2023-05-10T10:45:54.301+0000] {taskinstance.py:1592} INFO - Exporting the following env vars:
AIRFLOW_CTX_DAG_EMAIL=***@***.com
AIRFLOW_CTX_DAG_OWNER=***
AIRFLOW_CTX_DAG_ID=extr_proc_aug_pipl
AIRFLOW_CTX_TASK_ID=merge_text_n_data
AIRFLOW_CTX_EXECUTION_DATE=2022-12-26T01:30:00+00:00
AIRFLOW_CTX_TRY_NUMBER=1
AIRFLOW_CTX_DAG_RUN_ID=scheduled__2022-12-26T01:30:00+00:00
[2023-05-10T10:45:54.304+0000] {subprocess.py:63} INFO - Tmp dir root location: 
 /tmp
[2023-05-10T10:45:54.306+0000] {subprocess.py:75} INFO - Running command: ['/bin/bash', '-c', 'sleep 5']
[2023-05-10T10:45:54.326+0000] {subprocess.py:86} INFO - Output:
[2023-05-10T10:45:59.335+0000] {subprocess.py:97} INFO - Command exited with return code 0
[2023-05-10T10:45:59.371+0000] {taskinstance.py:1406} INFO - Marking task as SUCCESS. dag_id=extr_proc_aug_pipl, task_id=merge_text_n_data, execution_date=20221226T013000, start_date=20230510T104553, end_date=20230510T104559
[2023-05-10T10:45:59.417+0000] {local_task_job.py:164} INFO - Task exited with return code 0
[2023-05-10T10:45:59.440+0000] {local_task_job.py:273} INFO - 0 downstream tasks scheduled from follow-on schedule check
