[2022-10-27T13:03:03.611+0000] {taskinstance.py:1165} INFO - Dependencies all met for <TaskInstance: tutorial.templated scheduled__2018-04-23T00:00:00+00:00 [queued]>
[2022-10-27T13:03:03.642+0000] {taskinstance.py:1165} INFO - Dependencies all met for <TaskInstance: tutorial.templated scheduled__2018-04-23T00:00:00+00:00 [queued]>
[2022-10-27T13:03:03.644+0000] {taskinstance.py:1362} INFO - 
--------------------------------------------------------------------------------
[2022-10-27T13:03:03.645+0000] {taskinstance.py:1363} INFO - Starting attempt 1 of 2
[2022-10-27T13:03:03.646+0000] {taskinstance.py:1364} INFO - 
--------------------------------------------------------------------------------
[2022-10-27T13:03:03.686+0000] {taskinstance.py:1383} INFO - Executing <Task(BashOperator): templated> on 2018-04-23 00:00:00+00:00
[2022-10-27T13:03:03.704+0000] {standard_task_runner.py:55} INFO - Started process 11422 to run task
[2022-10-27T13:03:03.713+0000] {standard_task_runner.py:82} INFO - Running: ['***', 'tasks', 'run', 'tutorial', 'templated', 'scheduled__2018-04-23T00:00:00+00:00', '--job-id', '3271', '--raw', '--subdir', 'DAGS_FOLDER/tuto.py', '--cfg-path', '/tmp/tmpe81i7ht3']
[2022-10-27T13:03:03.718+0000] {standard_task_runner.py:83} INFO - Job 3271: Subtask templated
[2022-10-27T13:03:03.743+0000] {logging_mixin.py:120} WARNING - /home/***/.local/lib/python3.7/site-packages/***/configuration.py:545 DeprecationWarning: The sql_alchemy_conn option in [core] has been moved to the sql_alchemy_conn option in [database] - the old setting has been used, but please update your config.
[2022-10-27T13:03:03.817+0000] {task_command.py:376} INFO - Running <TaskInstance: tutorial.templated scheduled__2018-04-23T00:00:00+00:00 [running]> on host e60030a57919
[2022-10-27T13:03:03.947+0000] {taskinstance.py:1592} INFO - Exporting the following env vars:
AIRFLOW_CTX_DAG_EMAIL=***@***.com
AIRFLOW_CTX_DAG_OWNER=***
AIRFLOW_CTX_DAG_ID=tutorial
AIRFLOW_CTX_TASK_ID=templated
AIRFLOW_CTX_EXECUTION_DATE=2018-04-23T00:00:00+00:00
AIRFLOW_CTX_TRY_NUMBER=1
AIRFLOW_CTX_DAG_RUN_ID=scheduled__2018-04-23T00:00:00+00:00
[2022-10-27T13:03:03.950+0000] {subprocess.py:63} INFO - Tmp dir root location: 
 /tmp
[2022-10-27T13:03:03.951+0000] {subprocess.py:75} INFO - Running command: ['/bin/bash', '-c', '\n    \n        echo "2018-04-23"\n        echo "2018-04-30"\n        echo "Parameter I passed in"\n    \n        echo "2018-04-23"\n        echo "2018-04-30"\n        echo "Parameter I passed in"\n    \n        echo "2018-04-23"\n        echo "2018-04-30"\n        echo "Parameter I passed in"\n    \n        echo "2018-04-23"\n        echo "2018-04-30"\n        echo "Parameter I passed in"\n    \n        echo "2018-04-23"\n        echo "2018-04-30"\n        echo "Parameter I passed in"\n    ']
[2022-10-27T13:03:03.978+0000] {subprocess.py:86} INFO - Output:
[2022-10-27T13:03:03.981+0000] {subprocess.py:93} INFO - 2018-04-23
[2022-10-27T13:03:03.981+0000] {subprocess.py:93} INFO - 2018-04-30
[2022-10-27T13:03:03.981+0000] {subprocess.py:93} INFO - Parameter I passed in
[2022-10-27T13:03:03.981+0000] {subprocess.py:93} INFO - 2018-04-23
[2022-10-27T13:03:03.981+0000] {subprocess.py:93} INFO - 2018-04-30
[2022-10-27T13:03:03.981+0000] {subprocess.py:93} INFO - Parameter I passed in
[2022-10-27T13:03:03.981+0000] {subprocess.py:93} INFO - 2018-04-23
[2022-10-27T13:03:03.981+0000] {subprocess.py:93} INFO - 2018-04-30
[2022-10-27T13:03:03.982+0000] {subprocess.py:93} INFO - Parameter I passed in
[2022-10-27T13:03:03.982+0000] {subprocess.py:93} INFO - 2018-04-23
[2022-10-27T13:03:03.982+0000] {subprocess.py:93} INFO - 2018-04-30
[2022-10-27T13:03:03.982+0000] {subprocess.py:93} INFO - Parameter I passed in
[2022-10-27T13:03:03.982+0000] {subprocess.py:93} INFO - 2018-04-23
[2022-10-27T13:03:03.982+0000] {subprocess.py:93} INFO - 2018-04-30
[2022-10-27T13:03:03.983+0000] {subprocess.py:93} INFO - Parameter I passed in
[2022-10-27T13:03:03.984+0000] {subprocess.py:97} INFO - Command exited with return code 0
[2022-10-27T13:03:04.030+0000] {taskinstance.py:1406} INFO - Marking task as SUCCESS. dag_id=tutorial, task_id=templated, execution_date=20180423T000000, start_date=20221027T130303, end_date=20221027T130304
[2022-10-27T13:03:04.084+0000] {local_task_job.py:164} INFO - Task exited with return code 0
[2022-10-27T13:03:04.126+0000] {local_task_job.py:273} INFO - 0 downstream tasks scheduled from follow-on schedule check
