[2022-10-27T13:01:33.868+0000] {taskinstance.py:1165} INFO - Dependencies all met for <TaskInstance: tutorial.sleep scheduled__2018-01-29T00:00:00+00:00 [queued]>
[2022-10-27T13:01:33.894+0000] {taskinstance.py:1165} INFO - Dependencies all met for <TaskInstance: tutorial.sleep scheduled__2018-01-29T00:00:00+00:00 [queued]>
[2022-10-27T13:01:33.895+0000] {taskinstance.py:1362} INFO - 
--------------------------------------------------------------------------------
[2022-10-27T13:01:33.895+0000] {taskinstance.py:1363} INFO - Starting attempt 1 of 4
[2022-10-27T13:01:33.895+0000] {taskinstance.py:1364} INFO - 
--------------------------------------------------------------------------------
[2022-10-27T13:01:33.926+0000] {taskinstance.py:1383} INFO - Executing <Task(BashOperator): sleep> on 2018-01-29 00:00:00+00:00
[2022-10-27T13:01:33.968+0000] {standard_task_runner.py:55} INFO - Started process 10561 to run task
[2022-10-27T13:01:33.989+0000] {standard_task_runner.py:82} INFO - Running: ['***', 'tasks', 'run', 'tutorial', 'sleep', 'scheduled__2018-01-29T00:00:00+00:00', '--job-id', '3021', '--raw', '--subdir', 'DAGS_FOLDER/tuto.py', '--cfg-path', '/tmp/tmpije63g6c']
[2022-10-27T13:01:33.998+0000] {standard_task_runner.py:83} INFO - Job 3021: Subtask sleep
[2022-10-27T13:01:34.054+0000] {logging_mixin.py:120} WARNING - /home/***/.local/lib/python3.7/site-packages/***/configuration.py:545 DeprecationWarning: The sql_alchemy_conn option in [core] has been moved to the sql_alchemy_conn option in [database] - the old setting has been used, but please update your config.
[2022-10-27T13:01:34.224+0000] {task_command.py:376} INFO - Running <TaskInstance: tutorial.sleep scheduled__2018-01-29T00:00:00+00:00 [running]> on host e60030a57919
[2022-10-27T13:01:34.502+0000] {taskinstance.py:1592} INFO - Exporting the following env vars:
AIRFLOW_CTX_DAG_EMAIL=***@***.com
AIRFLOW_CTX_DAG_OWNER=***
AIRFLOW_CTX_DAG_ID=tutorial
AIRFLOW_CTX_TASK_ID=sleep
AIRFLOW_CTX_EXECUTION_DATE=2018-01-29T00:00:00+00:00
AIRFLOW_CTX_TRY_NUMBER=1
AIRFLOW_CTX_DAG_RUN_ID=scheduled__2018-01-29T00:00:00+00:00
[2022-10-27T13:01:34.505+0000] {subprocess.py:63} INFO - Tmp dir root location: 
 /tmp
[2022-10-27T13:01:34.506+0000] {subprocess.py:75} INFO - Running command: ['/bin/bash', '-c', 'sleep 5']
[2022-10-27T13:01:34.542+0000] {subprocess.py:86} INFO - Output:
[2022-10-27T13:01:39.558+0000] {subprocess.py:97} INFO - Command exited with return code 0
[2022-10-27T13:01:39.632+0000] {taskinstance.py:1406} INFO - Marking task as SUCCESS. dag_id=tutorial, task_id=sleep, execution_date=20180129T000000, start_date=20221027T130133, end_date=20221027T130139
[2022-10-27T13:01:39.737+0000] {local_task_job.py:164} INFO - Task exited with return code 0
[2022-10-27T13:01:39.907+0000] {local_task_job.py:273} INFO - 0 downstream tasks scheduled from follow-on schedule check
