[2022-10-27T12:38:53.761+0000] {processor.py:154} INFO - Started process (PID=177) to work on /opt/airflow/dags/sample.py
[2022-10-27T12:38:53.762+0000] {processor.py:756} INFO - Processing file /opt/airflow/dags/sample.py for tasks to queue
[2022-10-27T12:38:53.763+0000] {logging_mixin.py:120} INFO - [2022-10-27T12:38:53.763+0000] {dagbag.py:537} INFO - Filling up the DagBag from /opt/airflow/dags/sample.py
[2022-10-27T12:38:53.815+0000] {processor.py:766} INFO - DAG(s) dict_keys(['my_simple_dag']) retrieved from /opt/airflow/dags/sample.py
[2022-10-27T12:38:53.897+0000] {logging_mixin.py:120} INFO - [2022-10-27T12:38:53.897+0000] {dag.py:2585} INFO - Sync 1 DAGs
[2022-10-27T12:38:53.935+0000] {logging_mixin.py:120} INFO - [2022-10-27T12:38:53.935+0000] {dag.py:3340} INFO - Setting next_dagrun for my_simple_dag to 2022-10-27T12:20:00+00:00, run_after=2022-10-27T12:30:00+00:00
[2022-10-27T12:38:53.965+0000] {processor.py:176} INFO - Processing /opt/airflow/dags/sample.py took 0.212 seconds
[2022-10-27T12:39:24.101+0000] {processor.py:154} INFO - Started process (PID=216) to work on /opt/airflow/dags/sample.py
[2022-10-27T12:39:24.103+0000] {processor.py:756} INFO - Processing file /opt/airflow/dags/sample.py for tasks to queue
[2022-10-27T12:39:24.103+0000] {logging_mixin.py:120} INFO - [2022-10-27T12:39:24.103+0000] {dagbag.py:537} INFO - Filling up the DagBag from /opt/airflow/dags/sample.py
[2022-10-27T12:39:24.123+0000] {processor.py:766} INFO - DAG(s) dict_keys(['my_simple_dag']) retrieved from /opt/airflow/dags/sample.py
[2022-10-27T12:39:24.169+0000] {logging_mixin.py:120} INFO - [2022-10-27T12:39:24.169+0000] {dag.py:2585} INFO - Sync 1 DAGs
[2022-10-27T12:39:24.203+0000] {logging_mixin.py:120} INFO - [2022-10-27T12:39:24.202+0000] {dag.py:3340} INFO - Setting next_dagrun for my_simple_dag to 2022-10-27T12:20:00+00:00, run_after=2022-10-27T12:30:00+00:00
[2022-10-27T12:39:24.242+0000] {processor.py:176} INFO - Processing /opt/airflow/dags/sample.py took 0.144 seconds
[2022-10-27T12:39:54.351+0000] {processor.py:154} INFO - Started process (PID=253) to work on /opt/airflow/dags/sample.py
[2022-10-27T12:39:54.352+0000] {processor.py:756} INFO - Processing file /opt/airflow/dags/sample.py for tasks to queue
[2022-10-27T12:39:54.353+0000] {logging_mixin.py:120} INFO - [2022-10-27T12:39:54.353+0000] {dagbag.py:537} INFO - Filling up the DagBag from /opt/airflow/dags/sample.py
[2022-10-27T12:39:54.369+0000] {processor.py:766} INFO - DAG(s) dict_keys(['my_simple_dag']) retrieved from /opt/airflow/dags/sample.py
[2022-10-27T12:39:54.407+0000] {logging_mixin.py:120} INFO - [2022-10-27T12:39:54.407+0000] {dag.py:2585} INFO - Sync 1 DAGs
[2022-10-27T12:39:54.431+0000] {logging_mixin.py:120} INFO - [2022-10-27T12:39:54.431+0000] {dag.py:3340} INFO - Setting next_dagrun for my_simple_dag to 2022-10-27T12:20:00+00:00, run_after=2022-10-27T12:30:00+00:00
[2022-10-27T12:39:54.450+0000] {processor.py:176} INFO - Processing /opt/airflow/dags/sample.py took 0.101 seconds
[2022-10-27T12:40:24.590+0000] {processor.py:154} INFO - Started process (PID=281) to work on /opt/airflow/dags/sample.py
[2022-10-27T12:40:24.590+0000] {processor.py:756} INFO - Processing file /opt/airflow/dags/sample.py for tasks to queue
[2022-10-27T12:40:24.591+0000] {logging_mixin.py:120} INFO - [2022-10-27T12:40:24.591+0000] {dagbag.py:537} INFO - Filling up the DagBag from /opt/airflow/dags/sample.py
[2022-10-27T12:40:24.609+0000] {processor.py:766} INFO - DAG(s) dict_keys(['my_simple_dag']) retrieved from /opt/airflow/dags/sample.py
[2022-10-27T12:40:24.647+0000] {logging_mixin.py:120} INFO - [2022-10-27T12:40:24.647+0000] {dag.py:2585} INFO - Sync 1 DAGs
[2022-10-27T12:40:24.673+0000] {logging_mixin.py:120} INFO - [2022-10-27T12:40:24.673+0000] {dag.py:3340} INFO - Setting next_dagrun for my_simple_dag to 2022-10-27T12:30:00+00:00, run_after=2022-10-27T12:40:00+00:00
[2022-10-27T12:40:24.692+0000] {processor.py:176} INFO - Processing /opt/airflow/dags/sample.py took 0.105 seconds
[2022-10-27T12:40:54.823+0000] {processor.py:154} INFO - Started process (PID=318) to work on /opt/airflow/dags/sample.py
[2022-10-27T12:40:54.824+0000] {processor.py:756} INFO - Processing file /opt/airflow/dags/sample.py for tasks to queue
[2022-10-27T12:40:54.824+0000] {logging_mixin.py:120} INFO - [2022-10-27T12:40:54.824+0000] {dagbag.py:537} INFO - Filling up the DagBag from /opt/airflow/dags/sample.py
[2022-10-27T12:40:54.840+0000] {processor.py:766} INFO - DAG(s) dict_keys(['my_simple_dag']) retrieved from /opt/airflow/dags/sample.py
[2022-10-27T12:40:54.874+0000] {logging_mixin.py:120} INFO - [2022-10-27T12:40:54.874+0000] {dag.py:2585} INFO - Sync 1 DAGs
[2022-10-27T12:40:54.898+0000] {logging_mixin.py:120} INFO - [2022-10-27T12:40:54.898+0000] {dag.py:3340} INFO - Setting next_dagrun for my_simple_dag to 2022-10-27T12:30:00+00:00, run_after=2022-10-27T12:40:00+00:00
[2022-10-27T12:40:54.920+0000] {processor.py:176} INFO - Processing /opt/airflow/dags/sample.py took 0.100 seconds
[2022-10-27T12:43:43.810+0000] {processor.py:154} INFO - Started process (PID=182) to work on /opt/airflow/dags/sample.py
[2022-10-27T12:43:43.811+0000] {processor.py:756} INFO - Processing file /opt/airflow/dags/sample.py for tasks to queue
[2022-10-27T12:43:43.811+0000] {logging_mixin.py:120} INFO - [2022-10-27T12:43:43.811+0000] {dagbag.py:537} INFO - Filling up the DagBag from /opt/airflow/dags/sample.py
[2022-10-27T12:43:44.060+0000] {processor.py:766} INFO - DAG(s) dict_keys(['my_simple_dag']) retrieved from /opt/airflow/dags/sample.py
[2022-10-27T12:43:44.111+0000] {logging_mixin.py:120} INFO - [2022-10-27T12:43:44.110+0000] {dag.py:2585} INFO - Sync 1 DAGs
[2022-10-27T12:43:44.161+0000] {logging_mixin.py:120} INFO - [2022-10-27T12:43:44.161+0000] {dag.py:3340} INFO - Setting next_dagrun for my_simple_dag to 2022-10-27T12:30:00+00:00, run_after=2022-10-27T12:40:00+00:00
[2022-10-27T12:43:44.188+0000] {processor.py:176} INFO - Processing /opt/airflow/dags/sample.py took 0.382 seconds
[2022-10-27T12:44:14.806+0000] {processor.py:154} INFO - Started process (PID=313) to work on /opt/airflow/dags/sample.py
[2022-10-27T12:44:14.808+0000] {processor.py:756} INFO - Processing file /opt/airflow/dags/sample.py for tasks to queue
[2022-10-27T12:44:14.809+0000] {logging_mixin.py:120} INFO - [2022-10-27T12:44:14.809+0000] {dagbag.py:537} INFO - Filling up the DagBag from /opt/airflow/dags/sample.py
[2022-10-27T12:44:14.973+0000] {processor.py:766} INFO - DAG(s) dict_keys(['my_simple_dag']) retrieved from /opt/airflow/dags/sample.py
[2022-10-27T12:44:15.012+0000] {logging_mixin.py:120} INFO - [2022-10-27T12:44:15.012+0000] {dag.py:2585} INFO - Sync 1 DAGs
[2022-10-27T12:44:15.040+0000] {logging_mixin.py:120} INFO - [2022-10-27T12:44:15.039+0000] {dag.py:3340} INFO - Setting next_dagrun for my_simple_dag to 2022-10-27T12:30:00+00:00, run_after=2022-10-27T12:40:00+00:00
[2022-10-27T12:44:15.067+0000] {processor.py:176} INFO - Processing /opt/airflow/dags/sample.py took 0.263 seconds
[2022-10-27T12:44:45.656+0000] {processor.py:154} INFO - Started process (PID=509) to work on /opt/airflow/dags/sample.py
[2022-10-27T12:44:45.658+0000] {processor.py:756} INFO - Processing file /opt/airflow/dags/sample.py for tasks to queue
[2022-10-27T12:44:45.659+0000] {logging_mixin.py:120} INFO - [2022-10-27T12:44:45.659+0000] {dagbag.py:537} INFO - Filling up the DagBag from /opt/airflow/dags/sample.py
[2022-10-27T12:44:45.701+0000] {processor.py:766} INFO - DAG(s) dict_keys(['my_simple_dag']) retrieved from /opt/airflow/dags/sample.py
[2022-10-27T12:44:45.773+0000] {logging_mixin.py:120} INFO - [2022-10-27T12:44:45.773+0000] {dag.py:2585} INFO - Sync 1 DAGs
[2022-10-27T12:44:45.816+0000] {logging_mixin.py:120} INFO - [2022-10-27T12:44:45.816+0000] {dag.py:3340} INFO - Setting next_dagrun for my_simple_dag to 2022-10-27T12:30:00+00:00, run_after=2022-10-27T12:40:00+00:00
[2022-10-27T12:44:45.847+0000] {processor.py:176} INFO - Processing /opt/airflow/dags/sample.py took 0.198 seconds
[2022-10-27T12:45:16.071+0000] {processor.py:154} INFO - Started process (PID=801) to work on /opt/airflow/dags/sample.py
[2022-10-27T12:45:16.072+0000] {processor.py:756} INFO - Processing file /opt/airflow/dags/sample.py for tasks to queue
[2022-10-27T12:45:16.073+0000] {logging_mixin.py:120} INFO - [2022-10-27T12:45:16.072+0000] {dagbag.py:537} INFO - Filling up the DagBag from /opt/airflow/dags/sample.py
[2022-10-27T12:45:16.092+0000] {processor.py:766} INFO - DAG(s) dict_keys(['my_simple_dag']) retrieved from /opt/airflow/dags/sample.py
[2022-10-27T12:45:16.133+0000] {logging_mixin.py:120} INFO - [2022-10-27T12:45:16.132+0000] {dag.py:2585} INFO - Sync 1 DAGs
[2022-10-27T12:45:16.163+0000] {logging_mixin.py:120} INFO - [2022-10-27T12:45:16.163+0000] {dag.py:3340} INFO - Setting next_dagrun for my_simple_dag to 2022-10-27T12:30:00+00:00, run_after=2022-10-27T12:40:00+00:00
[2022-10-27T12:45:16.181+0000] {processor.py:176} INFO - Processing /opt/airflow/dags/sample.py took 0.114 seconds
[2022-10-27T12:45:46.453+0000] {processor.py:154} INFO - Started process (PID=1122) to work on /opt/airflow/dags/sample.py
[2022-10-27T12:45:46.455+0000] {processor.py:756} INFO - Processing file /opt/airflow/dags/sample.py for tasks to queue
[2022-10-27T12:45:46.456+0000] {logging_mixin.py:120} INFO - [2022-10-27T12:45:46.456+0000] {dagbag.py:537} INFO - Filling up the DagBag from /opt/airflow/dags/sample.py
[2022-10-27T12:45:46.491+0000] {processor.py:766} INFO - DAG(s) dict_keys(['my_simple_dag']) retrieved from /opt/airflow/dags/sample.py
[2022-10-27T12:45:46.569+0000] {logging_mixin.py:120} INFO - [2022-10-27T12:45:46.568+0000] {dag.py:2585} INFO - Sync 1 DAGs
[2022-10-27T12:45:46.611+0000] {logging_mixin.py:120} INFO - [2022-10-27T12:45:46.611+0000] {dag.py:3340} INFO - Setting next_dagrun for my_simple_dag to 2022-10-27T12:30:00+00:00, run_after=2022-10-27T12:40:00+00:00
[2022-10-27T12:45:46.652+0000] {processor.py:176} INFO - Processing /opt/airflow/dags/sample.py took 0.205 seconds
[2022-10-27T12:46:17.222+0000] {processor.py:154} INFO - Started process (PID=1400) to work on /opt/airflow/dags/sample.py
[2022-10-27T12:46:17.232+0000] {processor.py:756} INFO - Processing file /opt/airflow/dags/sample.py for tasks to queue
[2022-10-27T12:46:17.233+0000] {logging_mixin.py:120} INFO - [2022-10-27T12:46:17.233+0000] {dagbag.py:537} INFO - Filling up the DagBag from /opt/airflow/dags/sample.py
[2022-10-27T12:46:17.300+0000] {processor.py:766} INFO - DAG(s) dict_keys(['my_simple_dag']) retrieved from /opt/airflow/dags/sample.py
[2022-10-27T12:46:17.395+0000] {logging_mixin.py:120} INFO - [2022-10-27T12:46:17.395+0000] {dag.py:2585} INFO - Sync 1 DAGs
[2022-10-27T12:46:17.476+0000] {logging_mixin.py:120} INFO - [2022-10-27T12:46:17.476+0000] {dag.py:3340} INFO - Setting next_dagrun for my_simple_dag to 2022-10-27T12:30:00+00:00, run_after=2022-10-27T12:40:00+00:00
[2022-10-27T12:46:17.539+0000] {processor.py:176} INFO - Processing /opt/airflow/dags/sample.py took 0.326 seconds
[2022-10-27T12:46:48.019+0000] {processor.py:154} INFO - Started process (PID=1719) to work on /opt/airflow/dags/sample.py
[2022-10-27T12:46:48.026+0000] {processor.py:756} INFO - Processing file /opt/airflow/dags/sample.py for tasks to queue
[2022-10-27T12:46:48.027+0000] {logging_mixin.py:120} INFO - [2022-10-27T12:46:48.027+0000] {dagbag.py:537} INFO - Filling up the DagBag from /opt/airflow/dags/sample.py
[2022-10-27T12:46:48.061+0000] {processor.py:766} INFO - DAG(s) dict_keys(['my_simple_dag']) retrieved from /opt/airflow/dags/sample.py
[2022-10-27T12:46:48.226+0000] {logging_mixin.py:120} INFO - [2022-10-27T12:46:48.222+0000] {dag.py:2585} INFO - Sync 1 DAGs
[2022-10-27T12:46:48.314+0000] {logging_mixin.py:120} INFO - [2022-10-27T12:46:48.313+0000] {dag.py:3340} INFO - Setting next_dagrun for my_simple_dag to 2022-10-27T12:30:00+00:00, run_after=2022-10-27T12:40:00+00:00
[2022-10-27T12:46:48.354+0000] {processor.py:176} INFO - Processing /opt/airflow/dags/sample.py took 0.341 seconds
[2022-10-27T12:47:18.497+0000] {processor.py:154} INFO - Started process (PID=2056) to work on /opt/airflow/dags/sample.py
[2022-10-27T12:47:18.499+0000] {processor.py:756} INFO - Processing file /opt/airflow/dags/sample.py for tasks to queue
[2022-10-27T12:47:18.500+0000] {logging_mixin.py:120} INFO - [2022-10-27T12:47:18.500+0000] {dagbag.py:537} INFO - Filling up the DagBag from /opt/airflow/dags/sample.py
[2022-10-27T12:47:18.529+0000] {processor.py:766} INFO - DAG(s) dict_keys(['my_simple_dag']) retrieved from /opt/airflow/dags/sample.py
[2022-10-27T12:47:18.606+0000] {logging_mixin.py:120} INFO - [2022-10-27T12:47:18.605+0000] {dag.py:2585} INFO - Sync 1 DAGs
[2022-10-27T12:47:18.677+0000] {logging_mixin.py:120} INFO - [2022-10-27T12:47:18.676+0000] {dag.py:3340} INFO - Setting next_dagrun for my_simple_dag to 2022-10-27T12:30:00+00:00, run_after=2022-10-27T12:40:00+00:00
[2022-10-27T12:47:18.718+0000] {processor.py:176} INFO - Processing /opt/airflow/dags/sample.py took 0.227 seconds
[2022-10-27T12:47:49.290+0000] {processor.py:154} INFO - Started process (PID=2371) to work on /opt/airflow/dags/sample.py
[2022-10-27T12:47:49.294+0000] {processor.py:756} INFO - Processing file /opt/airflow/dags/sample.py for tasks to queue
[2022-10-27T12:47:49.295+0000] {logging_mixin.py:120} INFO - [2022-10-27T12:47:49.295+0000] {dagbag.py:537} INFO - Filling up the DagBag from /opt/airflow/dags/sample.py
[2022-10-27T12:47:49.331+0000] {processor.py:766} INFO - DAG(s) dict_keys(['my_simple_dag']) retrieved from /opt/airflow/dags/sample.py
[2022-10-27T12:47:49.419+0000] {logging_mixin.py:120} INFO - [2022-10-27T12:47:49.419+0000] {dag.py:2585} INFO - Sync 1 DAGs
[2022-10-27T12:47:49.478+0000] {logging_mixin.py:120} INFO - [2022-10-27T12:47:49.478+0000] {dag.py:3340} INFO - Setting next_dagrun for my_simple_dag to 2022-10-27T12:30:00+00:00, run_after=2022-10-27T12:40:00+00:00
[2022-10-27T12:47:49.563+0000] {processor.py:176} INFO - Processing /opt/airflow/dags/sample.py took 0.277 seconds
[2022-10-27T12:48:19.816+0000] {processor.py:154} INFO - Started process (PID=2676) to work on /opt/airflow/dags/sample.py
[2022-10-27T12:48:19.818+0000] {processor.py:756} INFO - Processing file /opt/airflow/dags/sample.py for tasks to queue
[2022-10-27T12:48:19.819+0000] {logging_mixin.py:120} INFO - [2022-10-27T12:48:19.819+0000] {dagbag.py:537} INFO - Filling up the DagBag from /opt/airflow/dags/sample.py
[2022-10-27T12:48:19.864+0000] {processor.py:766} INFO - DAG(s) dict_keys(['my_simple_dag']) retrieved from /opt/airflow/dags/sample.py
[2022-10-27T12:48:19.988+0000] {logging_mixin.py:120} INFO - [2022-10-27T12:48:19.988+0000] {dag.py:2585} INFO - Sync 1 DAGs
[2022-10-27T12:48:20.054+0000] {logging_mixin.py:120} INFO - [2022-10-27T12:48:20.053+0000] {dag.py:3340} INFO - Setting next_dagrun for my_simple_dag to 2022-10-27T12:30:00+00:00, run_after=2022-10-27T12:40:00+00:00
[2022-10-27T12:48:20.093+0000] {processor.py:176} INFO - Processing /opt/airflow/dags/sample.py took 0.288 seconds
[2022-10-27T12:48:50.317+0000] {processor.py:154} INFO - Started process (PID=2979) to work on /opt/airflow/dags/sample.py
[2022-10-27T12:48:50.318+0000] {processor.py:756} INFO - Processing file /opt/airflow/dags/sample.py for tasks to queue
[2022-10-27T12:48:50.319+0000] {logging_mixin.py:120} INFO - [2022-10-27T12:48:50.319+0000] {dagbag.py:537} INFO - Filling up the DagBag from /opt/airflow/dags/sample.py
[2022-10-27T12:48:50.338+0000] {processor.py:766} INFO - DAG(s) dict_keys(['my_simple_dag']) retrieved from /opt/airflow/dags/sample.py
[2022-10-27T12:48:50.373+0000] {logging_mixin.py:120} INFO - [2022-10-27T12:48:50.373+0000] {dag.py:2585} INFO - Sync 1 DAGs
[2022-10-27T12:48:50.396+0000] {logging_mixin.py:120} INFO - [2022-10-27T12:48:50.396+0000] {dag.py:3340} INFO - Setting next_dagrun for my_simple_dag to 2022-10-27T12:30:00+00:00, run_after=2022-10-27T12:40:00+00:00
[2022-10-27T12:48:50.413+0000] {processor.py:176} INFO - Processing /opt/airflow/dags/sample.py took 0.099 seconds
[2022-10-27T12:49:20.615+0000] {processor.py:154} INFO - Started process (PID=3300) to work on /opt/airflow/dags/sample.py
[2022-10-27T12:49:20.619+0000] {processor.py:756} INFO - Processing file /opt/airflow/dags/sample.py for tasks to queue
[2022-10-27T12:49:20.619+0000] {logging_mixin.py:120} INFO - [2022-10-27T12:49:20.619+0000] {dagbag.py:537} INFO - Filling up the DagBag from /opt/airflow/dags/sample.py
[2022-10-27T12:49:20.636+0000] {processor.py:766} INFO - DAG(s) dict_keys(['my_simple_dag']) retrieved from /opt/airflow/dags/sample.py
[2022-10-27T12:49:20.673+0000] {logging_mixin.py:120} INFO - [2022-10-27T12:49:20.673+0000] {dag.py:2585} INFO - Sync 1 DAGs
[2022-10-27T12:49:20.698+0000] {logging_mixin.py:120} INFO - [2022-10-27T12:49:20.698+0000] {dag.py:3340} INFO - Setting next_dagrun for my_simple_dag to 2022-10-27T12:30:00+00:00, run_after=2022-10-27T12:40:00+00:00
[2022-10-27T12:49:20.732+0000] {processor.py:176} INFO - Processing /opt/airflow/dags/sample.py took 0.120 seconds
[2022-10-27T12:49:50.944+0000] {processor.py:154} INFO - Started process (PID=3630) to work on /opt/airflow/dags/sample.py
[2022-10-27T12:49:50.947+0000] {processor.py:756} INFO - Processing file /opt/airflow/dags/sample.py for tasks to queue
[2022-10-27T12:49:50.948+0000] {logging_mixin.py:120} INFO - [2022-10-27T12:49:50.948+0000] {dagbag.py:537} INFO - Filling up the DagBag from /opt/airflow/dags/sample.py
[2022-10-27T12:49:50.965+0000] {processor.py:766} INFO - DAG(s) dict_keys(['my_simple_dag']) retrieved from /opt/airflow/dags/sample.py
[2022-10-27T12:49:50.999+0000] {logging_mixin.py:120} INFO - [2022-10-27T12:49:50.999+0000] {dag.py:2585} INFO - Sync 1 DAGs
[2022-10-27T12:49:51.023+0000] {logging_mixin.py:120} INFO - [2022-10-27T12:49:51.022+0000] {dag.py:3340} INFO - Setting next_dagrun for my_simple_dag to 2022-10-27T12:30:00+00:00, run_after=2022-10-27T12:40:00+00:00
[2022-10-27T12:49:51.045+0000] {processor.py:176} INFO - Processing /opt/airflow/dags/sample.py took 0.103 seconds
[2022-10-27T12:50:21.293+0000] {processor.py:154} INFO - Started process (PID=3951) to work on /opt/airflow/dags/sample.py
[2022-10-27T12:50:21.294+0000] {processor.py:756} INFO - Processing file /opt/airflow/dags/sample.py for tasks to queue
[2022-10-27T12:50:21.295+0000] {logging_mixin.py:120} INFO - [2022-10-27T12:50:21.295+0000] {dagbag.py:537} INFO - Filling up the DagBag from /opt/airflow/dags/sample.py
[2022-10-27T12:50:21.312+0000] {processor.py:766} INFO - DAG(s) dict_keys(['my_simple_dag']) retrieved from /opt/airflow/dags/sample.py
[2022-10-27T12:50:21.348+0000] {logging_mixin.py:120} INFO - [2022-10-27T12:50:21.348+0000] {dag.py:2585} INFO - Sync 1 DAGs
[2022-10-27T12:50:21.373+0000] {logging_mixin.py:120} INFO - [2022-10-27T12:50:21.373+0000] {dag.py:3340} INFO - Setting next_dagrun for my_simple_dag to 2022-10-27T12:40:00+00:00, run_after=2022-10-27T12:50:00+00:00
[2022-10-27T12:50:21.391+0000] {processor.py:176} INFO - Processing /opt/airflow/dags/sample.py took 0.101 seconds
[2022-10-27T12:50:51.597+0000] {processor.py:154} INFO - Started process (PID=4281) to work on /opt/airflow/dags/sample.py
[2022-10-27T12:50:51.598+0000] {processor.py:756} INFO - Processing file /opt/airflow/dags/sample.py for tasks to queue
[2022-10-27T12:50:51.599+0000] {logging_mixin.py:120} INFO - [2022-10-27T12:50:51.598+0000] {dagbag.py:537} INFO - Filling up the DagBag from /opt/airflow/dags/sample.py
[2022-10-27T12:50:51.617+0000] {processor.py:766} INFO - DAG(s) dict_keys(['my_simple_dag']) retrieved from /opt/airflow/dags/sample.py
[2022-10-27T12:50:51.653+0000] {logging_mixin.py:120} INFO - [2022-10-27T12:50:51.653+0000] {dag.py:2585} INFO - Sync 1 DAGs
[2022-10-27T12:50:51.676+0000] {logging_mixin.py:120} INFO - [2022-10-27T12:50:51.676+0000] {dag.py:3340} INFO - Setting next_dagrun for my_simple_dag to 2022-10-27T12:40:00+00:00, run_after=2022-10-27T12:50:00+00:00
[2022-10-27T12:50:51.696+0000] {processor.py:176} INFO - Processing /opt/airflow/dags/sample.py took 0.103 seconds
[2022-10-27T12:51:21.880+0000] {processor.py:154} INFO - Started process (PID=4593) to work on /opt/airflow/dags/sample.py
[2022-10-27T12:51:21.881+0000] {processor.py:756} INFO - Processing file /opt/airflow/dags/sample.py for tasks to queue
[2022-10-27T12:51:21.882+0000] {logging_mixin.py:120} INFO - [2022-10-27T12:51:21.882+0000] {dagbag.py:537} INFO - Filling up the DagBag from /opt/airflow/dags/sample.py
[2022-10-27T12:51:21.902+0000] {processor.py:766} INFO - DAG(s) dict_keys(['my_simple_dag']) retrieved from /opt/airflow/dags/sample.py
[2022-10-27T12:51:21.937+0000] {logging_mixin.py:120} INFO - [2022-10-27T12:51:21.937+0000] {dag.py:2585} INFO - Sync 1 DAGs
[2022-10-27T12:51:21.961+0000] {logging_mixin.py:120} INFO - [2022-10-27T12:51:21.961+0000] {dag.py:3340} INFO - Setting next_dagrun for my_simple_dag to 2022-10-27T12:40:00+00:00, run_after=2022-10-27T12:50:00+00:00
[2022-10-27T12:51:21.984+0000] {processor.py:176} INFO - Processing /opt/airflow/dags/sample.py took 0.107 seconds
[2022-10-27T12:51:52.179+0000] {processor.py:154} INFO - Started process (PID=4896) to work on /opt/airflow/dags/sample.py
[2022-10-27T12:51:52.180+0000] {processor.py:756} INFO - Processing file /opt/airflow/dags/sample.py for tasks to queue
[2022-10-27T12:51:52.180+0000] {logging_mixin.py:120} INFO - [2022-10-27T12:51:52.180+0000] {dagbag.py:537} INFO - Filling up the DagBag from /opt/airflow/dags/sample.py
[2022-10-27T12:51:52.197+0000] {processor.py:766} INFO - DAG(s) dict_keys(['my_simple_dag']) retrieved from /opt/airflow/dags/sample.py
[2022-10-27T12:51:52.230+0000] {logging_mixin.py:120} INFO - [2022-10-27T12:51:52.230+0000] {dag.py:2585} INFO - Sync 1 DAGs
[2022-10-27T12:51:52.259+0000] {logging_mixin.py:120} INFO - [2022-10-27T12:51:52.259+0000] {dag.py:3340} INFO - Setting next_dagrun for my_simple_dag to 2022-10-27T12:40:00+00:00, run_after=2022-10-27T12:50:00+00:00
[2022-10-27T12:51:52.275+0000] {processor.py:176} INFO - Processing /opt/airflow/dags/sample.py took 0.099 seconds
[2022-10-27T12:52:22.541+0000] {processor.py:154} INFO - Started process (PID=5199) to work on /opt/airflow/dags/sample.py
[2022-10-27T12:52:22.542+0000] {processor.py:756} INFO - Processing file /opt/airflow/dags/sample.py for tasks to queue
[2022-10-27T12:52:22.543+0000] {logging_mixin.py:120} INFO - [2022-10-27T12:52:22.543+0000] {dagbag.py:537} INFO - Filling up the DagBag from /opt/airflow/dags/sample.py
[2022-10-27T12:52:22.560+0000] {processor.py:766} INFO - DAG(s) dict_keys(['my_simple_dag']) retrieved from /opt/airflow/dags/sample.py
[2022-10-27T12:52:22.595+0000] {logging_mixin.py:120} INFO - [2022-10-27T12:52:22.595+0000] {dag.py:2585} INFO - Sync 1 DAGs
[2022-10-27T12:52:22.619+0000] {logging_mixin.py:120} INFO - [2022-10-27T12:52:22.619+0000] {dag.py:3340} INFO - Setting next_dagrun for my_simple_dag to 2022-10-27T12:40:00+00:00, run_after=2022-10-27T12:50:00+00:00
[2022-10-27T12:52:22.636+0000] {processor.py:176} INFO - Processing /opt/airflow/dags/sample.py took 0.098 seconds
[2022-10-27T12:52:53.157+0000] {processor.py:154} INFO - Started process (PID=5478) to work on /opt/airflow/dags/sample.py
[2022-10-27T12:52:53.161+0000] {processor.py:756} INFO - Processing file /opt/airflow/dags/sample.py for tasks to queue
[2022-10-27T12:52:53.163+0000] {logging_mixin.py:120} INFO - [2022-10-27T12:52:53.163+0000] {dagbag.py:537} INFO - Filling up the DagBag from /opt/airflow/dags/sample.py
[2022-10-27T12:52:53.223+0000] {processor.py:766} INFO - DAG(s) dict_keys(['my_simple_dag']) retrieved from /opt/airflow/dags/sample.py
[2022-10-27T12:52:53.298+0000] {logging_mixin.py:120} INFO - [2022-10-27T12:52:53.297+0000] {dag.py:2585} INFO - Sync 1 DAGs
[2022-10-27T12:52:53.348+0000] {logging_mixin.py:120} INFO - [2022-10-27T12:52:53.347+0000] {dag.py:3340} INFO - Setting next_dagrun for my_simple_dag to 2022-10-27T12:40:00+00:00, run_after=2022-10-27T12:50:00+00:00
[2022-10-27T12:52:53.402+0000] {processor.py:176} INFO - Processing /opt/airflow/dags/sample.py took 0.252 seconds
[2022-10-27T12:53:23.807+0000] {processor.py:154} INFO - Started process (PID=5772) to work on /opt/airflow/dags/sample.py
[2022-10-27T12:53:23.817+0000] {processor.py:756} INFO - Processing file /opt/airflow/dags/sample.py for tasks to queue
[2022-10-27T12:53:23.820+0000] {logging_mixin.py:120} INFO - [2022-10-27T12:53:23.819+0000] {dagbag.py:537} INFO - Filling up the DagBag from /opt/airflow/dags/sample.py
[2022-10-27T12:53:23.919+0000] {processor.py:766} INFO - DAG(s) dict_keys(['my_simple_dag']) retrieved from /opt/airflow/dags/sample.py
[2022-10-27T12:53:24.069+0000] {logging_mixin.py:120} INFO - [2022-10-27T12:53:24.069+0000] {dag.py:2585} INFO - Sync 1 DAGs
[2022-10-27T12:53:24.148+0000] {logging_mixin.py:120} INFO - [2022-10-27T12:53:24.148+0000] {dag.py:3340} INFO - Setting next_dagrun for my_simple_dag to 2022-10-27T12:40:00+00:00, run_after=2022-10-27T12:50:00+00:00
[2022-10-27T12:53:24.211+0000] {processor.py:176} INFO - Processing /opt/airflow/dags/sample.py took 0.413 seconds
[2022-10-27T12:53:55.294+0000] {processor.py:154} INFO - Started process (PID=6049) to work on /opt/airflow/dags/sample.py
[2022-10-27T12:53:55.295+0000] {processor.py:756} INFO - Processing file /opt/airflow/dags/sample.py for tasks to queue
[2022-10-27T12:53:55.296+0000] {logging_mixin.py:120} INFO - [2022-10-27T12:53:55.296+0000] {dagbag.py:537} INFO - Filling up the DagBag from /opt/airflow/dags/sample.py
[2022-10-27T12:53:55.342+0000] {processor.py:766} INFO - DAG(s) dict_keys(['my_simple_dag']) retrieved from /opt/airflow/dags/sample.py
[2022-10-27T12:53:55.463+0000] {logging_mixin.py:120} INFO - [2022-10-27T12:53:55.462+0000] {dag.py:2585} INFO - Sync 1 DAGs
[2022-10-27T12:53:55.537+0000] {logging_mixin.py:120} INFO - [2022-10-27T12:53:55.536+0000] {dag.py:3340} INFO - Setting next_dagrun for my_simple_dag to 2022-10-27T12:40:00+00:00, run_after=2022-10-27T12:50:00+00:00
[2022-10-27T12:53:55.579+0000] {processor.py:176} INFO - Processing /opt/airflow/dags/sample.py took 0.292 seconds
[2022-10-27T12:54:26.496+0000] {processor.py:154} INFO - Started process (PID=6376) to work on /opt/airflow/dags/sample.py
[2022-10-27T12:54:26.498+0000] {processor.py:756} INFO - Processing file /opt/airflow/dags/sample.py for tasks to queue
[2022-10-27T12:54:26.499+0000] {logging_mixin.py:120} INFO - [2022-10-27T12:54:26.499+0000] {dagbag.py:537} INFO - Filling up the DagBag from /opt/airflow/dags/sample.py
[2022-10-27T12:54:26.519+0000] {processor.py:766} INFO - DAG(s) dict_keys(['my_simple_dag']) retrieved from /opt/airflow/dags/sample.py
[2022-10-27T12:54:26.567+0000] {logging_mixin.py:120} INFO - [2022-10-27T12:54:26.567+0000] {dag.py:2585} INFO - Sync 1 DAGs
[2022-10-27T12:54:26.594+0000] {logging_mixin.py:120} INFO - [2022-10-27T12:54:26.594+0000] {dag.py:3340} INFO - Setting next_dagrun for my_simple_dag to 2022-10-27T12:40:00+00:00, run_after=2022-10-27T12:50:00+00:00
[2022-10-27T12:54:26.614+0000] {processor.py:176} INFO - Processing /opt/airflow/dags/sample.py took 0.122 seconds
[2022-10-27T12:54:56.838+0000] {processor.py:154} INFO - Started process (PID=6694) to work on /opt/airflow/dags/sample.py
[2022-10-27T12:54:56.839+0000] {processor.py:756} INFO - Processing file /opt/airflow/dags/sample.py for tasks to queue
[2022-10-27T12:54:56.839+0000] {logging_mixin.py:120} INFO - [2022-10-27T12:54:56.839+0000] {dagbag.py:537} INFO - Filling up the DagBag from /opt/airflow/dags/sample.py
[2022-10-27T12:54:56.859+0000] {processor.py:766} INFO - DAG(s) dict_keys(['my_simple_dag']) retrieved from /opt/airflow/dags/sample.py
[2022-10-27T12:54:56.896+0000] {logging_mixin.py:120} INFO - [2022-10-27T12:54:56.896+0000] {dag.py:2585} INFO - Sync 1 DAGs
[2022-10-27T12:54:56.925+0000] {logging_mixin.py:120} INFO - [2022-10-27T12:54:56.925+0000] {dag.py:3340} INFO - Setting next_dagrun for my_simple_dag to 2022-10-27T12:40:00+00:00, run_after=2022-10-27T12:50:00+00:00
[2022-10-27T12:54:56.944+0000] {processor.py:176} INFO - Processing /opt/airflow/dags/sample.py took 0.110 seconds
[2022-10-27T12:55:27.443+0000] {processor.py:154} INFO - Started process (PID=7018) to work on /opt/airflow/dags/sample.py
[2022-10-27T12:55:27.445+0000] {processor.py:756} INFO - Processing file /opt/airflow/dags/sample.py for tasks to queue
[2022-10-27T12:55:27.446+0000] {logging_mixin.py:120} INFO - [2022-10-27T12:55:27.446+0000] {dagbag.py:537} INFO - Filling up the DagBag from /opt/airflow/dags/sample.py
[2022-10-27T12:55:27.476+0000] {processor.py:766} INFO - DAG(s) dict_keys(['my_simple_dag']) retrieved from /opt/airflow/dags/sample.py
[2022-10-27T12:55:27.535+0000] {logging_mixin.py:120} INFO - [2022-10-27T12:55:27.534+0000] {dag.py:2585} INFO - Sync 1 DAGs
[2022-10-27T12:55:27.572+0000] {logging_mixin.py:120} INFO - [2022-10-27T12:55:27.571+0000] {dag.py:3340} INFO - Setting next_dagrun for my_simple_dag to 2022-10-27T12:40:00+00:00, run_after=2022-10-27T12:50:00+00:00
[2022-10-27T12:55:27.593+0000] {processor.py:176} INFO - Processing /opt/airflow/dags/sample.py took 0.155 seconds
[2022-10-27T12:55:58.148+0000] {processor.py:154} INFO - Started process (PID=7308) to work on /opt/airflow/dags/sample.py
[2022-10-27T12:55:58.149+0000] {processor.py:756} INFO - Processing file /opt/airflow/dags/sample.py for tasks to queue
[2022-10-27T12:55:58.150+0000] {logging_mixin.py:120} INFO - [2022-10-27T12:55:58.150+0000] {dagbag.py:537} INFO - Filling up the DagBag from /opt/airflow/dags/sample.py
[2022-10-27T12:55:58.182+0000] {processor.py:766} INFO - DAG(s) dict_keys(['my_simple_dag']) retrieved from /opt/airflow/dags/sample.py
[2022-10-27T12:55:58.253+0000] {logging_mixin.py:120} INFO - [2022-10-27T12:55:58.252+0000] {dag.py:2585} INFO - Sync 1 DAGs
[2022-10-27T12:55:58.323+0000] {logging_mixin.py:120} INFO - [2022-10-27T12:55:58.323+0000] {dag.py:3340} INFO - Setting next_dagrun for my_simple_dag to 2022-10-27T12:40:00+00:00, run_after=2022-10-27T12:50:00+00:00
[2022-10-27T12:55:58.365+0000] {processor.py:176} INFO - Processing /opt/airflow/dags/sample.py took 0.222 seconds
[2022-10-27T12:56:28.668+0000] {processor.py:154} INFO - Started process (PID=7580) to work on /opt/airflow/dags/sample.py
[2022-10-27T12:56:28.671+0000] {processor.py:756} INFO - Processing file /opt/airflow/dags/sample.py for tasks to queue
[2022-10-27T12:56:28.672+0000] {logging_mixin.py:120} INFO - [2022-10-27T12:56:28.672+0000] {dagbag.py:537} INFO - Filling up the DagBag from /opt/airflow/dags/sample.py
[2022-10-27T12:56:28.721+0000] {processor.py:766} INFO - DAG(s) dict_keys(['my_simple_dag']) retrieved from /opt/airflow/dags/sample.py
[2022-10-27T12:56:28.811+0000] {logging_mixin.py:120} INFO - [2022-10-27T12:56:28.810+0000] {dag.py:2585} INFO - Sync 1 DAGs
[2022-10-27T12:56:28.890+0000] {logging_mixin.py:120} INFO - [2022-10-27T12:56:28.890+0000] {dag.py:3340} INFO - Setting next_dagrun for my_simple_dag to 2022-10-27T12:40:00+00:00, run_after=2022-10-27T12:50:00+00:00
[2022-10-27T12:56:29.004+0000] {processor.py:176} INFO - Processing /opt/airflow/dags/sample.py took 0.341 seconds
[2022-10-27T12:57:00.005+0000] {processor.py:154} INFO - Started process (PID=7903) to work on /opt/airflow/dags/sample.py
[2022-10-27T12:57:00.009+0000] {processor.py:756} INFO - Processing file /opt/airflow/dags/sample.py for tasks to queue
[2022-10-27T12:57:00.010+0000] {logging_mixin.py:120} INFO - [2022-10-27T12:57:00.010+0000] {dagbag.py:537} INFO - Filling up the DagBag from /opt/airflow/dags/sample.py
[2022-10-27T12:57:00.066+0000] {processor.py:766} INFO - DAG(s) dict_keys(['my_simple_dag']) retrieved from /opt/airflow/dags/sample.py
[2022-10-27T12:57:00.156+0000] {logging_mixin.py:120} INFO - [2022-10-27T12:57:00.155+0000] {dag.py:2585} INFO - Sync 1 DAGs
[2022-10-27T12:57:00.235+0000] {logging_mixin.py:120} INFO - [2022-10-27T12:57:00.235+0000] {dag.py:3340} INFO - Setting next_dagrun for my_simple_dag to 2022-10-27T12:40:00+00:00, run_after=2022-10-27T12:50:00+00:00
[2022-10-27T12:57:00.285+0000] {processor.py:176} INFO - Processing /opt/airflow/dags/sample.py took 0.288 seconds
[2022-10-27T12:57:30.423+0000] {processor.py:154} INFO - Started process (PID=8197) to work on /opt/airflow/dags/sample.py
[2022-10-27T12:57:30.424+0000] {processor.py:756} INFO - Processing file /opt/airflow/dags/sample.py for tasks to queue
[2022-10-27T12:57:30.425+0000] {logging_mixin.py:120} INFO - [2022-10-27T12:57:30.425+0000] {dagbag.py:537} INFO - Filling up the DagBag from /opt/airflow/dags/sample.py
[2022-10-27T12:57:30.446+0000] {processor.py:766} INFO - DAG(s) dict_keys(['my_simple_dag']) retrieved from /opt/airflow/dags/sample.py
[2022-10-27T12:57:30.483+0000] {logging_mixin.py:120} INFO - [2022-10-27T12:57:30.483+0000] {dag.py:2585} INFO - Sync 1 DAGs
[2022-10-27T12:57:30.507+0000] {logging_mixin.py:120} INFO - [2022-10-27T12:57:30.507+0000] {dag.py:3340} INFO - Setting next_dagrun for my_simple_dag to 2022-10-27T12:40:00+00:00, run_after=2022-10-27T12:50:00+00:00
[2022-10-27T12:57:30.525+0000] {processor.py:176} INFO - Processing /opt/airflow/dags/sample.py took 0.105 seconds
[2022-10-27T12:58:00.728+0000] {processor.py:154} INFO - Started process (PID=8501) to work on /opt/airflow/dags/sample.py
[2022-10-27T12:58:00.729+0000] {processor.py:756} INFO - Processing file /opt/airflow/dags/sample.py for tasks to queue
[2022-10-27T12:58:00.730+0000] {logging_mixin.py:120} INFO - [2022-10-27T12:58:00.730+0000] {dagbag.py:537} INFO - Filling up the DagBag from /opt/airflow/dags/sample.py
[2022-10-27T12:58:00.754+0000] {processor.py:766} INFO - DAG(s) dict_keys(['my_simple_dag']) retrieved from /opt/airflow/dags/sample.py
[2022-10-27T12:58:00.808+0000] {logging_mixin.py:120} INFO - [2022-10-27T12:58:00.808+0000] {dag.py:2585} INFO - Sync 1 DAGs
[2022-10-27T12:58:00.845+0000] {logging_mixin.py:120} INFO - [2022-10-27T12:58:00.845+0000] {dag.py:3340} INFO - Setting next_dagrun for my_simple_dag to 2022-10-27T12:40:00+00:00, run_after=2022-10-27T12:50:00+00:00
[2022-10-27T12:58:00.869+0000] {processor.py:176} INFO - Processing /opt/airflow/dags/sample.py took 0.144 seconds
[2022-10-27T12:58:31.055+0000] {processor.py:154} INFO - Started process (PID=8795) to work on /opt/airflow/dags/sample.py
[2022-10-27T12:58:31.057+0000] {processor.py:756} INFO - Processing file /opt/airflow/dags/sample.py for tasks to queue
[2022-10-27T12:58:31.059+0000] {logging_mixin.py:120} INFO - [2022-10-27T12:58:31.058+0000] {dagbag.py:537} INFO - Filling up the DagBag from /opt/airflow/dags/sample.py
[2022-10-27T12:58:31.094+0000] {processor.py:766} INFO - DAG(s) dict_keys(['my_simple_dag']) retrieved from /opt/airflow/dags/sample.py
[2022-10-27T12:58:31.214+0000] {logging_mixin.py:120} INFO - [2022-10-27T12:58:31.212+0000] {dag.py:2585} INFO - Sync 1 DAGs
[2022-10-27T12:58:31.299+0000] {logging_mixin.py:120} INFO - [2022-10-27T12:58:31.298+0000] {dag.py:3340} INFO - Setting next_dagrun for my_simple_dag to 2022-10-27T12:40:00+00:00, run_after=2022-10-27T12:50:00+00:00
[2022-10-27T12:58:31.369+0000] {processor.py:176} INFO - Processing /opt/airflow/dags/sample.py took 0.319 seconds
[2022-10-27T12:59:01.646+0000] {processor.py:154} INFO - Started process (PID=9080) to work on /opt/airflow/dags/sample.py
[2022-10-27T12:59:01.664+0000] {processor.py:756} INFO - Processing file /opt/airflow/dags/sample.py for tasks to queue
[2022-10-27T12:59:01.665+0000] {logging_mixin.py:120} INFO - [2022-10-27T12:59:01.665+0000] {dagbag.py:537} INFO - Filling up the DagBag from /opt/airflow/dags/sample.py
[2022-10-27T12:59:01.711+0000] {processor.py:766} INFO - DAG(s) dict_keys(['my_simple_dag']) retrieved from /opt/airflow/dags/sample.py
[2022-10-27T12:59:01.891+0000] {logging_mixin.py:120} INFO - [2022-10-27T12:59:01.890+0000] {dag.py:2585} INFO - Sync 1 DAGs
[2022-10-27T12:59:01.945+0000] {logging_mixin.py:120} INFO - [2022-10-27T12:59:01.945+0000] {dag.py:3340} INFO - Setting next_dagrun for my_simple_dag to 2022-10-27T12:40:00+00:00, run_after=2022-10-27T12:50:00+00:00
[2022-10-27T12:59:01.978+0000] {processor.py:176} INFO - Processing /opt/airflow/dags/sample.py took 0.338 seconds
[2022-10-27T12:59:32.074+0000] {processor.py:154} INFO - Started process (PID=9409) to work on /opt/airflow/dags/sample.py
[2022-10-27T12:59:32.076+0000] {processor.py:756} INFO - Processing file /opt/airflow/dags/sample.py for tasks to queue
[2022-10-27T12:59:32.078+0000] {logging_mixin.py:120} INFO - [2022-10-27T12:59:32.077+0000] {dagbag.py:537} INFO - Filling up the DagBag from /opt/airflow/dags/sample.py
[2022-10-27T12:59:32.116+0000] {processor.py:766} INFO - DAG(s) dict_keys(['my_simple_dag']) retrieved from /opt/airflow/dags/sample.py
[2022-10-27T12:59:32.185+0000] {logging_mixin.py:120} INFO - [2022-10-27T12:59:32.185+0000] {dag.py:2585} INFO - Sync 1 DAGs
[2022-10-27T12:59:32.243+0000] {logging_mixin.py:120} INFO - [2022-10-27T12:59:32.243+0000] {dag.py:3340} INFO - Setting next_dagrun for my_simple_dag to 2022-10-27T12:40:00+00:00, run_after=2022-10-27T12:50:00+00:00
[2022-10-27T12:59:32.289+0000] {processor.py:176} INFO - Processing /opt/airflow/dags/sample.py took 0.221 seconds
[2022-10-27T13:00:02.345+0000] {processor.py:154} INFO - Started process (PID=9695) to work on /opt/airflow/dags/sample.py
[2022-10-27T13:00:02.346+0000] {processor.py:756} INFO - Processing file /opt/airflow/dags/sample.py for tasks to queue
[2022-10-27T13:00:02.346+0000] {logging_mixin.py:120} INFO - [2022-10-27T13:00:02.346+0000] {dagbag.py:537} INFO - Filling up the DagBag from /opt/airflow/dags/sample.py
[2022-10-27T13:00:02.362+0000] {processor.py:766} INFO - DAG(s) dict_keys(['my_simple_dag']) retrieved from /opt/airflow/dags/sample.py
[2022-10-27T13:00:02.397+0000] {logging_mixin.py:120} INFO - [2022-10-27T13:00:02.397+0000] {dag.py:2585} INFO - Sync 1 DAGs
[2022-10-27T13:00:02.423+0000] {logging_mixin.py:120} INFO - [2022-10-27T13:00:02.423+0000] {dag.py:3340} INFO - Setting next_dagrun for my_simple_dag to 2022-10-27T12:50:00+00:00, run_after=2022-10-27T13:00:00+00:00
[2022-10-27T13:00:02.441+0000] {processor.py:176} INFO - Processing /opt/airflow/dags/sample.py took 0.100 seconds
[2022-10-27T13:00:32.921+0000] {processor.py:154} INFO - Started process (PID=10008) to work on /opt/airflow/dags/sample.py
[2022-10-27T13:00:32.922+0000] {processor.py:756} INFO - Processing file /opt/airflow/dags/sample.py for tasks to queue
[2022-10-27T13:00:32.923+0000] {logging_mixin.py:120} INFO - [2022-10-27T13:00:32.923+0000] {dagbag.py:537} INFO - Filling up the DagBag from /opt/airflow/dags/sample.py
[2022-10-27T13:00:32.946+0000] {processor.py:766} INFO - DAG(s) dict_keys(['my_simple_dag']) retrieved from /opt/airflow/dags/sample.py
[2022-10-27T13:00:32.989+0000] {logging_mixin.py:120} INFO - [2022-10-27T13:00:32.989+0000] {dag.py:2585} INFO - Sync 1 DAGs
[2022-10-27T13:00:33.019+0000] {logging_mixin.py:120} INFO - [2022-10-27T13:00:33.019+0000] {dag.py:3340} INFO - Setting next_dagrun for my_simple_dag to 2022-10-27T12:50:00+00:00, run_after=2022-10-27T13:00:00+00:00
[2022-10-27T13:00:33.041+0000] {processor.py:176} INFO - Processing /opt/airflow/dags/sample.py took 0.124 seconds
[2022-10-27T13:01:03.490+0000] {processor.py:154} INFO - Started process (PID=10322) to work on /opt/airflow/dags/sample.py
[2022-10-27T13:01:03.492+0000] {processor.py:756} INFO - Processing file /opt/airflow/dags/sample.py for tasks to queue
[2022-10-27T13:01:03.494+0000] {logging_mixin.py:120} INFO - [2022-10-27T13:01:03.493+0000] {dagbag.py:537} INFO - Filling up the DagBag from /opt/airflow/dags/sample.py
[2022-10-27T13:01:03.534+0000] {processor.py:766} INFO - DAG(s) dict_keys(['my_simple_dag']) retrieved from /opt/airflow/dags/sample.py
[2022-10-27T13:01:03.641+0000] {logging_mixin.py:120} INFO - [2022-10-27T13:01:03.640+0000] {dag.py:2585} INFO - Sync 1 DAGs
[2022-10-27T13:01:03.715+0000] {logging_mixin.py:120} INFO - [2022-10-27T13:01:03.714+0000] {dag.py:3340} INFO - Setting next_dagrun for my_simple_dag to 2022-10-27T12:50:00+00:00, run_after=2022-10-27T13:00:00+00:00
[2022-10-27T13:01:03.772+0000] {processor.py:176} INFO - Processing /opt/airflow/dags/sample.py took 0.288 seconds
[2022-10-27T13:01:33.855+0000] {processor.py:154} INFO - Started process (PID=10558) to work on /opt/airflow/dags/sample.py
[2022-10-27T13:01:33.858+0000] {processor.py:756} INFO - Processing file /opt/airflow/dags/sample.py for tasks to queue
[2022-10-27T13:01:33.860+0000] {logging_mixin.py:120} INFO - [2022-10-27T13:01:33.860+0000] {dagbag.py:537} INFO - Filling up the DagBag from /opt/airflow/dags/sample.py
[2022-10-27T13:01:33.901+0000] {processor.py:766} INFO - DAG(s) dict_keys(['my_simple_dag']) retrieved from /opt/airflow/dags/sample.py
[2022-10-27T13:01:34.046+0000] {logging_mixin.py:120} INFO - [2022-10-27T13:01:34.046+0000] {dag.py:2585} INFO - Sync 1 DAGs
[2022-10-27T13:01:34.104+0000] {logging_mixin.py:120} INFO - [2022-10-27T13:01:34.104+0000] {dag.py:3340} INFO - Setting next_dagrun for my_simple_dag to 2022-10-27T12:50:00+00:00, run_after=2022-10-27T13:00:00+00:00
[2022-10-27T13:01:34.195+0000] {processor.py:176} INFO - Processing /opt/airflow/dags/sample.py took 0.346 seconds
[2022-10-27T13:02:05.182+0000] {processor.py:154} INFO - Started process (PID=10881) to work on /opt/airflow/dags/sample.py
[2022-10-27T13:02:05.183+0000] {processor.py:756} INFO - Processing file /opt/airflow/dags/sample.py for tasks to queue
[2022-10-27T13:02:05.183+0000] {logging_mixin.py:120} INFO - [2022-10-27T13:02:05.183+0000] {dagbag.py:537} INFO - Filling up the DagBag from /opt/airflow/dags/sample.py
[2022-10-27T13:02:05.204+0000] {processor.py:766} INFO - DAG(s) dict_keys(['my_simple_dag']) retrieved from /opt/airflow/dags/sample.py
[2022-10-27T13:02:05.246+0000] {logging_mixin.py:120} INFO - [2022-10-27T13:02:05.246+0000] {dag.py:2585} INFO - Sync 1 DAGs
[2022-10-27T13:02:05.276+0000] {logging_mixin.py:120} INFO - [2022-10-27T13:02:05.276+0000] {dag.py:3340} INFO - Setting next_dagrun for my_simple_dag to 2022-10-27T12:50:00+00:00, run_after=2022-10-27T13:00:00+00:00
[2022-10-27T13:02:05.298+0000] {processor.py:176} INFO - Processing /opt/airflow/dags/sample.py took 0.120 seconds
[2022-10-27T13:02:35.473+0000] {processor.py:154} INFO - Started process (PID=11175) to work on /opt/airflow/dags/sample.py
[2022-10-27T13:02:35.474+0000] {processor.py:756} INFO - Processing file /opt/airflow/dags/sample.py for tasks to queue
[2022-10-27T13:02:35.475+0000] {logging_mixin.py:120} INFO - [2022-10-27T13:02:35.475+0000] {dagbag.py:537} INFO - Filling up the DagBag from /opt/airflow/dags/sample.py
[2022-10-27T13:02:35.492+0000] {processor.py:766} INFO - DAG(s) dict_keys(['my_simple_dag']) retrieved from /opt/airflow/dags/sample.py
[2022-10-27T13:02:35.525+0000] {logging_mixin.py:120} INFO - [2022-10-27T13:02:35.525+0000] {dag.py:2585} INFO - Sync 1 DAGs
[2022-10-27T13:02:35.549+0000] {logging_mixin.py:120} INFO - [2022-10-27T13:02:35.549+0000] {dag.py:3340} INFO - Setting next_dagrun for my_simple_dag to 2022-10-27T12:50:00+00:00, run_after=2022-10-27T13:00:00+00:00
[2022-10-27T13:02:35.566+0000] {processor.py:176} INFO - Processing /opt/airflow/dags/sample.py took 0.096 seconds
[2022-10-27T13:03:05.951+0000] {processor.py:154} INFO - Started process (PID=11441) to work on /opt/airflow/dags/sample.py
[2022-10-27T13:03:05.964+0000] {processor.py:756} INFO - Processing file /opt/airflow/dags/sample.py for tasks to queue
[2022-10-27T13:03:05.973+0000] {logging_mixin.py:120} INFO - [2022-10-27T13:03:05.972+0000] {dagbag.py:537} INFO - Filling up the DagBag from /opt/airflow/dags/sample.py
[2022-10-27T13:03:06.087+0000] {processor.py:766} INFO - DAG(s) dict_keys(['my_simple_dag']) retrieved from /opt/airflow/dags/sample.py
[2022-10-27T13:03:06.232+0000] {logging_mixin.py:120} INFO - [2022-10-27T13:03:06.231+0000] {dag.py:2585} INFO - Sync 1 DAGs
[2022-10-27T13:03:06.284+0000] {logging_mixin.py:120} INFO - [2022-10-27T13:03:06.284+0000] {dag.py:3340} INFO - Setting next_dagrun for my_simple_dag to 2022-10-27T12:50:00+00:00, run_after=2022-10-27T13:00:00+00:00
[2022-10-27T13:03:06.308+0000] {processor.py:176} INFO - Processing /opt/airflow/dags/sample.py took 0.430 seconds
[2022-10-27T13:03:36.673+0000] {processor.py:154} INFO - Started process (PID=11693) to work on /opt/airflow/dags/sample.py
[2022-10-27T13:03:36.674+0000] {processor.py:756} INFO - Processing file /opt/airflow/dags/sample.py for tasks to queue
[2022-10-27T13:03:36.674+0000] {logging_mixin.py:120} INFO - [2022-10-27T13:03:36.674+0000] {dagbag.py:537} INFO - Filling up the DagBag from /opt/airflow/dags/sample.py
[2022-10-27T13:03:36.692+0000] {processor.py:766} INFO - DAG(s) dict_keys(['my_simple_dag']) retrieved from /opt/airflow/dags/sample.py
[2022-10-27T13:03:36.731+0000] {logging_mixin.py:120} INFO - [2022-10-27T13:03:36.731+0000] {dag.py:2585} INFO - Sync 1 DAGs
[2022-10-27T13:03:36.760+0000] {logging_mixin.py:120} INFO - [2022-10-27T13:03:36.760+0000] {dag.py:3340} INFO - Setting next_dagrun for my_simple_dag to 2022-10-27T12:50:00+00:00, run_after=2022-10-27T13:00:00+00:00
[2022-10-27T13:03:36.776+0000] {processor.py:176} INFO - Processing /opt/airflow/dags/sample.py took 0.106 seconds
[2022-10-27T13:04:06.985+0000] {processor.py:154} INFO - Started process (PID=11996) to work on /opt/airflow/dags/sample.py
[2022-10-27T13:04:06.986+0000] {processor.py:756} INFO - Processing file /opt/airflow/dags/sample.py for tasks to queue
[2022-10-27T13:04:06.987+0000] {logging_mixin.py:120} INFO - [2022-10-27T13:04:06.987+0000] {dagbag.py:537} INFO - Filling up the DagBag from /opt/airflow/dags/sample.py
[2022-10-27T13:04:07.007+0000] {processor.py:766} INFO - DAG(s) dict_keys(['my_simple_dag']) retrieved from /opt/airflow/dags/sample.py
[2022-10-27T13:04:07.044+0000] {logging_mixin.py:120} INFO - [2022-10-27T13:04:07.044+0000] {dag.py:2585} INFO - Sync 1 DAGs
[2022-10-27T13:04:07.068+0000] {logging_mixin.py:120} INFO - [2022-10-27T13:04:07.068+0000] {dag.py:3340} INFO - Setting next_dagrun for my_simple_dag to 2022-10-27T12:50:00+00:00, run_after=2022-10-27T13:00:00+00:00
[2022-10-27T13:04:07.085+0000] {processor.py:176} INFO - Processing /opt/airflow/dags/sample.py took 0.102 seconds
[2022-10-27T13:04:37.320+0000] {processor.py:154} INFO - Started process (PID=12226) to work on /opt/airflow/dags/sample.py
[2022-10-27T13:04:37.323+0000] {processor.py:756} INFO - Processing file /opt/airflow/dags/sample.py for tasks to queue
[2022-10-27T13:04:37.325+0000] {logging_mixin.py:120} INFO - [2022-10-27T13:04:37.324+0000] {dagbag.py:537} INFO - Filling up the DagBag from /opt/airflow/dags/sample.py
[2022-10-27T13:04:37.383+0000] {processor.py:766} INFO - DAG(s) dict_keys(['my_simple_dag']) retrieved from /opt/airflow/dags/sample.py
[2022-10-27T13:04:37.468+0000] {logging_mixin.py:120} INFO - [2022-10-27T13:04:37.467+0000] {dag.py:2585} INFO - Sync 1 DAGs
[2022-10-27T13:04:37.520+0000] {logging_mixin.py:120} INFO - [2022-10-27T13:04:37.520+0000] {dag.py:3340} INFO - Setting next_dagrun for my_simple_dag to 2022-10-27T12:50:00+00:00, run_after=2022-10-27T13:00:00+00:00
[2022-10-27T13:04:37.589+0000] {processor.py:176} INFO - Processing /opt/airflow/dags/sample.py took 0.277 seconds
[2022-10-27T13:05:07.693+0000] {processor.py:154} INFO - Started process (PID=12520) to work on /opt/airflow/dags/sample.py
[2022-10-27T13:05:07.695+0000] {processor.py:756} INFO - Processing file /opt/airflow/dags/sample.py for tasks to queue
[2022-10-27T13:05:07.696+0000] {logging_mixin.py:120} INFO - [2022-10-27T13:05:07.696+0000] {dagbag.py:537} INFO - Filling up the DagBag from /opt/airflow/dags/sample.py
[2022-10-27T13:05:07.724+0000] {processor.py:766} INFO - DAG(s) dict_keys(['my_simple_dag']) retrieved from /opt/airflow/dags/sample.py
[2022-10-27T13:05:07.778+0000] {logging_mixin.py:120} INFO - [2022-10-27T13:05:07.778+0000] {dag.py:2585} INFO - Sync 1 DAGs
[2022-10-27T13:05:07.829+0000] {logging_mixin.py:120} INFO - [2022-10-27T13:05:07.829+0000] {dag.py:3340} INFO - Setting next_dagrun for my_simple_dag to 2022-10-27T12:50:00+00:00, run_after=2022-10-27T13:00:00+00:00
[2022-10-27T13:05:07.854+0000] {processor.py:176} INFO - Processing /opt/airflow/dags/sample.py took 0.165 seconds
[2022-10-27T13:05:38.144+0000] {processor.py:154} INFO - Started process (PID=12817) to work on /opt/airflow/dags/sample.py
[2022-10-27T13:05:38.190+0000] {processor.py:756} INFO - Processing file /opt/airflow/dags/sample.py for tasks to queue
[2022-10-27T13:05:38.191+0000] {logging_mixin.py:120} INFO - [2022-10-27T13:05:38.190+0000] {dagbag.py:537} INFO - Filling up the DagBag from /opt/airflow/dags/sample.py
[2022-10-27T13:05:38.233+0000] {processor.py:766} INFO - DAG(s) dict_keys(['my_simple_dag']) retrieved from /opt/airflow/dags/sample.py
[2022-10-27T13:05:38.271+0000] {logging_mixin.py:120} INFO - [2022-10-27T13:05:38.271+0000] {dag.py:2585} INFO - Sync 1 DAGs
[2022-10-27T13:05:38.305+0000] {logging_mixin.py:120} INFO - [2022-10-27T13:05:38.304+0000] {dag.py:3340} INFO - Setting next_dagrun for my_simple_dag to 2022-10-27T12:50:00+00:00, run_after=2022-10-27T13:00:00+00:00
[2022-10-27T13:05:38.341+0000] {processor.py:176} INFO - Processing /opt/airflow/dags/sample.py took 0.201 seconds
[2022-10-27T13:06:09.034+0000] {processor.py:154} INFO - Started process (PID=13137) to work on /opt/airflow/dags/sample.py
[2022-10-27T13:06:09.035+0000] {processor.py:756} INFO - Processing file /opt/airflow/dags/sample.py for tasks to queue
[2022-10-27T13:06:09.036+0000] {logging_mixin.py:120} INFO - [2022-10-27T13:06:09.036+0000] {dagbag.py:537} INFO - Filling up the DagBag from /opt/airflow/dags/sample.py
[2022-10-27T13:06:09.082+0000] {processor.py:766} INFO - DAG(s) dict_keys(['my_simple_dag']) retrieved from /opt/airflow/dags/sample.py
[2022-10-27T13:06:09.164+0000] {logging_mixin.py:120} INFO - [2022-10-27T13:06:09.164+0000] {dag.py:2585} INFO - Sync 1 DAGs
[2022-10-27T13:06:09.228+0000] {logging_mixin.py:120} INFO - [2022-10-27T13:06:09.227+0000] {dag.py:3340} INFO - Setting next_dagrun for my_simple_dag to 2022-10-27T12:50:00+00:00, run_after=2022-10-27T13:00:00+00:00
[2022-10-27T13:06:09.264+0000] {processor.py:176} INFO - Processing /opt/airflow/dags/sample.py took 0.235 seconds
[2022-10-27T13:06:39.554+0000] {processor.py:154} INFO - Started process (PID=13377) to work on /opt/airflow/dags/sample.py
[2022-10-27T13:06:39.574+0000] {processor.py:756} INFO - Processing file /opt/airflow/dags/sample.py for tasks to queue
[2022-10-27T13:06:39.575+0000] {logging_mixin.py:120} INFO - [2022-10-27T13:06:39.575+0000] {dagbag.py:537} INFO - Filling up the DagBag from /opt/airflow/dags/sample.py
[2022-10-27T13:06:39.603+0000] {processor.py:766} INFO - DAG(s) dict_keys(['my_simple_dag']) retrieved from /opt/airflow/dags/sample.py
[2022-10-27T13:06:39.656+0000] {logging_mixin.py:120} INFO - [2022-10-27T13:06:39.656+0000] {dag.py:2585} INFO - Sync 1 DAGs
[2022-10-27T13:06:39.689+0000] {logging_mixin.py:120} INFO - [2022-10-27T13:06:39.689+0000] {dag.py:3340} INFO - Setting next_dagrun for my_simple_dag to 2022-10-27T12:50:00+00:00, run_after=2022-10-27T13:00:00+00:00
[2022-10-27T13:06:39.786+0000] {processor.py:176} INFO - Processing /opt/airflow/dags/sample.py took 0.241 seconds
[2022-10-27T13:07:09.836+0000] {processor.py:154} INFO - Started process (PID=13708) to work on /opt/airflow/dags/sample.py
[2022-10-27T13:07:09.837+0000] {processor.py:756} INFO - Processing file /opt/airflow/dags/sample.py for tasks to queue
[2022-10-27T13:07:09.837+0000] {logging_mixin.py:120} INFO - [2022-10-27T13:07:09.837+0000] {dagbag.py:537} INFO - Filling up the DagBag from /opt/airflow/dags/sample.py
[2022-10-27T13:07:09.855+0000] {processor.py:766} INFO - DAG(s) dict_keys(['my_simple_dag']) retrieved from /opt/airflow/dags/sample.py
[2022-10-27T13:07:09.891+0000] {logging_mixin.py:120} INFO - [2022-10-27T13:07:09.890+0000] {dag.py:2585} INFO - Sync 1 DAGs
[2022-10-27T13:07:09.913+0000] {logging_mixin.py:120} INFO - [2022-10-27T13:07:09.913+0000] {dag.py:3340} INFO - Setting next_dagrun for my_simple_dag to 2022-10-27T12:50:00+00:00, run_after=2022-10-27T13:00:00+00:00
[2022-10-27T13:07:09.929+0000] {processor.py:176} INFO - Processing /opt/airflow/dags/sample.py took 0.096 seconds
[2022-10-27T13:07:40.192+0000] {processor.py:154} INFO - Started process (PID=14023) to work on /opt/airflow/dags/sample.py
[2022-10-27T13:07:40.194+0000] {processor.py:756} INFO - Processing file /opt/airflow/dags/sample.py for tasks to queue
[2022-10-27T13:07:40.196+0000] {logging_mixin.py:120} INFO - [2022-10-27T13:07:40.196+0000] {dagbag.py:537} INFO - Filling up the DagBag from /opt/airflow/dags/sample.py
[2022-10-27T13:07:40.241+0000] {processor.py:766} INFO - DAG(s) dict_keys(['my_simple_dag']) retrieved from /opt/airflow/dags/sample.py
[2022-10-27T13:07:40.397+0000] {logging_mixin.py:120} INFO - [2022-10-27T13:07:40.395+0000] {dag.py:2585} INFO - Sync 1 DAGs
[2022-10-27T13:07:40.461+0000] {logging_mixin.py:120} INFO - [2022-10-27T13:07:40.461+0000] {dag.py:3340} INFO - Setting next_dagrun for my_simple_dag to 2022-10-27T12:50:00+00:00, run_after=2022-10-27T13:00:00+00:00
[2022-10-27T13:07:40.485+0000] {processor.py:176} INFO - Processing /opt/airflow/dags/sample.py took 0.301 seconds
[2022-10-27T13:08:10.929+0000] {processor.py:154} INFO - Started process (PID=14346) to work on /opt/airflow/dags/sample.py
[2022-10-27T13:08:10.930+0000] {processor.py:756} INFO - Processing file /opt/airflow/dags/sample.py for tasks to queue
[2022-10-27T13:08:10.931+0000] {logging_mixin.py:120} INFO - [2022-10-27T13:08:10.931+0000] {dagbag.py:537} INFO - Filling up the DagBag from /opt/airflow/dags/sample.py
[2022-10-27T13:08:10.949+0000] {processor.py:766} INFO - DAG(s) dict_keys(['my_simple_dag']) retrieved from /opt/airflow/dags/sample.py
[2022-10-27T13:08:10.987+0000] {logging_mixin.py:120} INFO - [2022-10-27T13:08:10.987+0000] {dag.py:2585} INFO - Sync 1 DAGs
[2022-10-27T13:08:11.011+0000] {logging_mixin.py:120} INFO - [2022-10-27T13:08:11.011+0000] {dag.py:3340} INFO - Setting next_dagrun for my_simple_dag to 2022-10-27T12:50:00+00:00, run_after=2022-10-27T13:00:00+00:00
[2022-10-27T13:08:11.029+0000] {processor.py:176} INFO - Processing /opt/airflow/dags/sample.py took 0.102 seconds
[2022-10-27T13:08:41.670+0000] {processor.py:154} INFO - Started process (PID=14664) to work on /opt/airflow/dags/sample.py
[2022-10-27T13:08:41.671+0000] {processor.py:756} INFO - Processing file /opt/airflow/dags/sample.py for tasks to queue
[2022-10-27T13:08:41.672+0000] {logging_mixin.py:120} INFO - [2022-10-27T13:08:41.672+0000] {dagbag.py:537} INFO - Filling up the DagBag from /opt/airflow/dags/sample.py
[2022-10-27T13:08:41.692+0000] {processor.py:766} INFO - DAG(s) dict_keys(['my_simple_dag']) retrieved from /opt/airflow/dags/sample.py
[2022-10-27T13:08:41.728+0000] {logging_mixin.py:120} INFO - [2022-10-27T13:08:41.728+0000] {dag.py:2585} INFO - Sync 1 DAGs
[2022-10-27T13:08:41.753+0000] {logging_mixin.py:120} INFO - [2022-10-27T13:08:41.753+0000] {dag.py:3340} INFO - Setting next_dagrun for my_simple_dag to 2022-10-27T12:50:00+00:00, run_after=2022-10-27T13:00:00+00:00
[2022-10-27T13:08:41.769+0000] {processor.py:176} INFO - Processing /opt/airflow/dags/sample.py took 0.102 seconds
[2022-10-27T13:09:12.016+0000] {processor.py:154} INFO - Started process (PID=14923) to work on /opt/airflow/dags/sample.py
[2022-10-27T13:09:12.017+0000] {processor.py:756} INFO - Processing file /opt/airflow/dags/sample.py for tasks to queue
[2022-10-27T13:09:12.019+0000] {logging_mixin.py:120} INFO - [2022-10-27T13:09:12.018+0000] {dagbag.py:537} INFO - Filling up the DagBag from /opt/airflow/dags/sample.py
[2022-10-27T13:09:12.052+0000] {processor.py:766} INFO - DAG(s) dict_keys(['my_simple_dag']) retrieved from /opt/airflow/dags/sample.py
[2022-10-27T13:09:12.133+0000] {logging_mixin.py:120} INFO - [2022-10-27T13:09:12.132+0000] {dag.py:2585} INFO - Sync 1 DAGs
[2022-10-27T13:09:12.188+0000] {logging_mixin.py:120} INFO - [2022-10-27T13:09:12.188+0000] {dag.py:3340} INFO - Setting next_dagrun for my_simple_dag to 2022-10-27T12:50:00+00:00, run_after=2022-10-27T13:00:00+00:00
[2022-10-27T13:09:12.235+0000] {processor.py:176} INFO - Processing /opt/airflow/dags/sample.py took 0.225 seconds
[2022-10-27T13:09:42.408+0000] {processor.py:154} INFO - Started process (PID=15239) to work on /opt/airflow/dags/sample.py
[2022-10-27T13:09:42.420+0000] {processor.py:756} INFO - Processing file /opt/airflow/dags/sample.py for tasks to queue
[2022-10-27T13:09:42.421+0000] {logging_mixin.py:120} INFO - [2022-10-27T13:09:42.421+0000] {dagbag.py:537} INFO - Filling up the DagBag from /opt/airflow/dags/sample.py
[2022-10-27T13:09:42.458+0000] {processor.py:766} INFO - DAG(s) dict_keys(['my_simple_dag']) retrieved from /opt/airflow/dags/sample.py
[2022-10-27T13:09:42.537+0000] {logging_mixin.py:120} INFO - [2022-10-27T13:09:42.536+0000] {dag.py:2585} INFO - Sync 1 DAGs
[2022-10-27T13:09:42.612+0000] {logging_mixin.py:120} INFO - [2022-10-27T13:09:42.612+0000] {dag.py:3340} INFO - Setting next_dagrun for my_simple_dag to 2022-10-27T12:50:00+00:00, run_after=2022-10-27T13:00:00+00:00
[2022-10-27T13:09:42.660+0000] {processor.py:176} INFO - Processing /opt/airflow/dags/sample.py took 0.258 seconds
[2022-10-27T13:10:12.803+0000] {processor.py:154} INFO - Started process (PID=15524) to work on /opt/airflow/dags/sample.py
[2022-10-27T13:10:12.805+0000] {processor.py:756} INFO - Processing file /opt/airflow/dags/sample.py for tasks to queue
[2022-10-27T13:10:12.805+0000] {logging_mixin.py:120} INFO - [2022-10-27T13:10:12.805+0000] {dagbag.py:537} INFO - Filling up the DagBag from /opt/airflow/dags/sample.py
[2022-10-27T13:10:12.830+0000] {processor.py:766} INFO - DAG(s) dict_keys(['my_simple_dag']) retrieved from /opt/airflow/dags/sample.py
[2022-10-27T13:10:12.869+0000] {logging_mixin.py:120} INFO - [2022-10-27T13:10:12.869+0000] {dag.py:2585} INFO - Sync 1 DAGs
[2022-10-27T13:10:12.896+0000] {logging_mixin.py:120} INFO - [2022-10-27T13:10:12.896+0000] {dag.py:3340} INFO - Setting next_dagrun for my_simple_dag to 2022-10-27T13:00:00+00:00, run_after=2022-10-27T13:10:00+00:00
[2022-10-27T13:10:12.914+0000] {processor.py:176} INFO - Processing /opt/airflow/dags/sample.py took 0.114 seconds
