[2023-05-10T10:52:18.573+0000] {taskinstance.py:1165} INFO - Dependencies all met for <TaskInstance: extr_proc_aug_pipl.processing_text scheduled__2022-12-30T12:30:00+00:00 [queued]>
[2023-05-10T10:52:18.600+0000] {taskinstance.py:1165} INFO - Dependencies all met for <TaskInstance: extr_proc_aug_pipl.processing_text scheduled__2022-12-30T12:30:00+00:00 [queued]>
[2023-05-10T10:52:18.600+0000] {taskinstance.py:1362} INFO - 
--------------------------------------------------------------------------------
[2023-05-10T10:52:18.601+0000] {taskinstance.py:1363} INFO - Starting attempt 1 of 4
[2023-05-10T10:52:18.601+0000] {taskinstance.py:1364} INFO - 
--------------------------------------------------------------------------------
[2023-05-10T10:52:18.647+0000] {taskinstance.py:1383} INFO - Executing <Task(BashOperator): processing_text> on 2022-12-30 12:30:00+00:00
[2023-05-10T10:52:18.659+0000] {standard_task_runner.py:55} INFO - Started process 3510 to run task
[2023-05-10T10:52:18.677+0000] {standard_task_runner.py:82} INFO - Running: ['***', 'tasks', 'run', 'extr_proc_aug_pipl', 'processing_text', 'scheduled__2022-12-30T12:30:00+00:00', '--job-id', '6419', '--raw', '--subdir', 'DAGS_FOLDER/extr_processing_augmentation.py', '--cfg-path', '/tmp/tmplv9alkd9']
[2023-05-10T10:52:18.681+0000] {standard_task_runner.py:83} INFO - Job 6419: Subtask processing_text
[2023-05-10T10:52:18.725+0000] {logging_mixin.py:120} WARNING - /home/***/.local/lib/python3.7/site-packages/***/configuration.py:545 DeprecationWarning: The sql_alchemy_conn option in [core] has been moved to the sql_alchemy_conn option in [database] - the old setting has been used, but please update your config.
[2023-05-10T10:52:18.895+0000] {task_command.py:376} INFO - Running <TaskInstance: extr_proc_aug_pipl.processing_text scheduled__2022-12-30T12:30:00+00:00 [running]> on host 0961b7a3874f
[2023-05-10T10:52:19.148+0000] {taskinstance.py:1592} INFO - Exporting the following env vars:
AIRFLOW_CTX_DAG_EMAIL=***@***.com
AIRFLOW_CTX_DAG_OWNER=***
AIRFLOW_CTX_DAG_ID=extr_proc_aug_pipl
AIRFLOW_CTX_TASK_ID=processing_text
AIRFLOW_CTX_EXECUTION_DATE=2022-12-30T12:30:00+00:00
AIRFLOW_CTX_TRY_NUMBER=1
AIRFLOW_CTX_DAG_RUN_ID=scheduled__2022-12-30T12:30:00+00:00
[2023-05-10T10:52:19.149+0000] {subprocess.py:63} INFO - Tmp dir root location: 
 /tmp
[2023-05-10T10:52:19.151+0000] {subprocess.py:75} INFO - Running command: ['/bin/bash', '-c', 'sleep 5']
[2023-05-10T10:52:19.170+0000] {subprocess.py:86} INFO - Output:
[2023-05-10T10:52:24.176+0000] {subprocess.py:97} INFO - Command exited with return code 0
[2023-05-10T10:52:24.339+0000] {taskinstance.py:1406} INFO - Marking task as SUCCESS. dag_id=extr_proc_aug_pipl, task_id=processing_text, execution_date=20221230T123000, start_date=20230510T105218, end_date=20230510T105224
[2023-05-10T10:52:24.436+0000] {local_task_job.py:164} INFO - Task exited with return code 0
[2023-05-10T10:52:24.596+0000] {local_task_job.py:273} INFO - 1 downstream tasks scheduled from follow-on schedule check
