[2022-10-27T12:50:11.838+0000] {taskinstance.py:1165} INFO - Dependencies all met for <TaskInstance: tutorial.print_date scheduled__2016-04-26T00:00:00+00:00 [queued]>
[2022-10-27T12:50:11.877+0000] {taskinstance.py:1165} INFO - Dependencies all met for <TaskInstance: tutorial.print_date scheduled__2016-04-26T00:00:00+00:00 [queued]>
[2022-10-27T12:50:11.878+0000] {taskinstance.py:1362} INFO - 
--------------------------------------------------------------------------------
[2022-10-27T12:50:11.878+0000] {taskinstance.py:1363} INFO - Starting attempt 1 of 2
[2022-10-27T12:50:11.879+0000] {taskinstance.py:1364} INFO - 
--------------------------------------------------------------------------------
[2022-10-27T12:50:11.934+0000] {taskinstance.py:1383} INFO - Executing <Task(BashOperator): print_date> on 2016-04-26 00:00:00+00:00
[2022-10-27T12:50:11.949+0000] {standard_task_runner.py:55} INFO - Started process 3850 to run task
[2022-10-27T12:50:11.977+0000] {standard_task_runner.py:82} INFO - Running: ['***', 'tasks', 'run', 'tutorial', 'print_date', 'scheduled__2016-04-26T00:00:00+00:00', '--job-id', '1072', '--raw', '--subdir', 'DAGS_FOLDER/tuto.py', '--cfg-path', '/tmp/tmpd07m0kq6']
[2022-10-27T12:50:11.980+0000] {standard_task_runner.py:83} INFO - Job 1072: Subtask print_date
[2022-10-27T12:50:12.032+0000] {logging_mixin.py:120} WARNING - /home/***/.local/lib/python3.7/site-packages/***/configuration.py:545 DeprecationWarning: The sql_alchemy_conn option in [core] has been moved to the sql_alchemy_conn option in [database] - the old setting has been used, but please update your config.
[2022-10-27T12:50:12.239+0000] {task_command.py:376} INFO - Running <TaskInstance: tutorial.print_date scheduled__2016-04-26T00:00:00+00:00 [running]> on host e60030a57919
[2022-10-27T12:50:12.448+0000] {taskinstance.py:1592} INFO - Exporting the following env vars:
AIRFLOW_CTX_DAG_EMAIL=***@***.com
AIRFLOW_CTX_DAG_OWNER=***
AIRFLOW_CTX_DAG_ID=tutorial
AIRFLOW_CTX_TASK_ID=print_date
AIRFLOW_CTX_EXECUTION_DATE=2016-04-26T00:00:00+00:00
AIRFLOW_CTX_TRY_NUMBER=1
AIRFLOW_CTX_DAG_RUN_ID=scheduled__2016-04-26T00:00:00+00:00
[2022-10-27T12:50:12.450+0000] {subprocess.py:63} INFO - Tmp dir root location: 
 /tmp
[2022-10-27T12:50:12.451+0000] {subprocess.py:75} INFO - Running command: ['/bin/bash', '-c', 'date']
[2022-10-27T12:50:12.474+0000] {subprocess.py:86} INFO - Output:
[2022-10-27T12:50:12.481+0000] {subprocess.py:93} INFO - Thu Oct 27 12:50:12 UTC 2022
[2022-10-27T12:50:12.482+0000] {subprocess.py:97} INFO - Command exited with return code 0
[2022-10-27T12:50:12.530+0000] {taskinstance.py:1406} INFO - Marking task as SUCCESS. dag_id=tutorial, task_id=print_date, execution_date=20160426T000000, start_date=20221027T125011, end_date=20221027T125012
[2022-10-27T12:50:12.579+0000] {local_task_job.py:164} INFO - Task exited with return code 0
[2022-10-27T12:50:12.606+0000] {local_task_job.py:273} INFO - 2 downstream tasks scheduled from follow-on schedule check
