[2022-10-27T12:56:35.261+0000] {taskinstance.py:1165} INFO - Dependencies all met for <TaskInstance: tutorial.templated scheduled__2017-05-01T00:00:00+00:00 [queued]>
[2022-10-27T12:56:35.275+0000] {taskinstance.py:1165} INFO - Dependencies all met for <TaskInstance: tutorial.templated scheduled__2017-05-01T00:00:00+00:00 [queued]>
[2022-10-27T12:56:35.275+0000] {taskinstance.py:1362} INFO - 
--------------------------------------------------------------------------------
[2022-10-27T12:56:35.275+0000] {taskinstance.py:1363} INFO - Starting attempt 1 of 2
[2022-10-27T12:56:35.275+0000] {taskinstance.py:1364} INFO - 
--------------------------------------------------------------------------------
[2022-10-27T12:56:35.334+0000] {taskinstance.py:1383} INFO - Executing <Task(BashOperator): templated> on 2017-05-01 00:00:00+00:00
[2022-10-27T12:56:35.345+0000] {standard_task_runner.py:55} INFO - Started process 7707 to run task
[2022-10-27T12:56:35.350+0000] {standard_task_runner.py:82} INFO - Running: ['***', 'tasks', 'run', 'tutorial', 'templated', 'scheduled__2017-05-01T00:00:00+00:00', '--job-id', '2191', '--raw', '--subdir', 'DAGS_FOLDER/tuto.py', '--cfg-path', '/tmp/tmp91qf7zd7']
[2022-10-27T12:56:35.352+0000] {standard_task_runner.py:83} INFO - Job 2191: Subtask templated
[2022-10-27T12:56:35.378+0000] {logging_mixin.py:120} WARNING - /home/***/.local/lib/python3.7/site-packages/***/configuration.py:545 DeprecationWarning: The sql_alchemy_conn option in [core] has been moved to the sql_alchemy_conn option in [database] - the old setting has been used, but please update your config.
[2022-10-27T12:56:35.437+0000] {task_command.py:376} INFO - Running <TaskInstance: tutorial.templated scheduled__2017-05-01T00:00:00+00:00 [running]> on host e60030a57919
[2022-10-27T12:56:35.529+0000] {taskinstance.py:1592} INFO - Exporting the following env vars:
AIRFLOW_CTX_DAG_EMAIL=***@***.com
AIRFLOW_CTX_DAG_OWNER=***
AIRFLOW_CTX_DAG_ID=tutorial
AIRFLOW_CTX_TASK_ID=templated
AIRFLOW_CTX_EXECUTION_DATE=2017-05-01T00:00:00+00:00
AIRFLOW_CTX_TRY_NUMBER=1
AIRFLOW_CTX_DAG_RUN_ID=scheduled__2017-05-01T00:00:00+00:00
[2022-10-27T12:56:35.530+0000] {subprocess.py:63} INFO - Tmp dir root location: 
 /tmp
[2022-10-27T12:56:35.531+0000] {subprocess.py:75} INFO - Running command: ['/bin/bash', '-c', '\n    \n        echo "2017-05-01"\n        echo "2017-05-08"\n        echo "Parameter I passed in"\n    \n        echo "2017-05-01"\n        echo "2017-05-08"\n        echo "Parameter I passed in"\n    \n        echo "2017-05-01"\n        echo "2017-05-08"\n        echo "Parameter I passed in"\n    \n        echo "2017-05-01"\n        echo "2017-05-08"\n        echo "Parameter I passed in"\n    \n        echo "2017-05-01"\n        echo "2017-05-08"\n        echo "Parameter I passed in"\n    ']
[2022-10-27T12:56:35.540+0000] {subprocess.py:86} INFO - Output:
[2022-10-27T12:56:35.542+0000] {subprocess.py:93} INFO - 2017-05-01
[2022-10-27T12:56:35.542+0000] {subprocess.py:93} INFO - 2017-05-08
[2022-10-27T12:56:35.542+0000] {subprocess.py:93} INFO - Parameter I passed in
[2022-10-27T12:56:35.542+0000] {subprocess.py:93} INFO - 2017-05-01
[2022-10-27T12:56:35.542+0000] {subprocess.py:93} INFO - 2017-05-08
[2022-10-27T12:56:35.542+0000] {subprocess.py:93} INFO - Parameter I passed in
[2022-10-27T12:56:35.542+0000] {subprocess.py:93} INFO - 2017-05-01
[2022-10-27T12:56:35.542+0000] {subprocess.py:93} INFO - 2017-05-08
[2022-10-27T12:56:35.543+0000] {subprocess.py:93} INFO - Parameter I passed in
[2022-10-27T12:56:35.543+0000] {subprocess.py:93} INFO - 2017-05-01
[2022-10-27T12:56:35.543+0000] {subprocess.py:93} INFO - 2017-05-08
[2022-10-27T12:56:35.543+0000] {subprocess.py:93} INFO - Parameter I passed in
[2022-10-27T12:56:35.543+0000] {subprocess.py:93} INFO - 2017-05-01
[2022-10-27T12:56:35.543+0000] {subprocess.py:93} INFO - 2017-05-08
[2022-10-27T12:56:35.543+0000] {subprocess.py:93} INFO - Parameter I passed in
[2022-10-27T12:56:35.543+0000] {subprocess.py:97} INFO - Command exited with return code 0
[2022-10-27T12:56:35.566+0000] {taskinstance.py:1406} INFO - Marking task as SUCCESS. dag_id=tutorial, task_id=templated, execution_date=20170501T000000, start_date=20221027T125635, end_date=20221027T125635
[2022-10-27T12:56:35.601+0000] {local_task_job.py:164} INFO - Task exited with return code 0
[2022-10-27T12:56:35.619+0000] {local_task_job.py:273} INFO - 0 downstream tasks scheduled from follow-on schedule check
