[2022-10-27T12:57:58.970+0000] {taskinstance.py:1165} INFO - Dependencies all met for <TaskInstance: tutorial.sleep scheduled__2017-07-15T00:00:00+00:00 [queued]>
[2022-10-27T12:57:58.982+0000] {taskinstance.py:1165} INFO - Dependencies all met for <TaskInstance: tutorial.sleep scheduled__2017-07-15T00:00:00+00:00 [queued]>
[2022-10-27T12:57:58.983+0000] {taskinstance.py:1362} INFO - 
--------------------------------------------------------------------------------
[2022-10-27T12:57:58.983+0000] {taskinstance.py:1363} INFO - Starting attempt 1 of 4
[2022-10-27T12:57:58.983+0000] {taskinstance.py:1364} INFO - 
--------------------------------------------------------------------------------
[2022-10-27T12:57:59.003+0000] {taskinstance.py:1383} INFO - Executing <Task(BashOperator): sleep> on 2017-07-15 00:00:00+00:00
[2022-10-27T12:57:59.009+0000] {standard_task_runner.py:55} INFO - Started process 8491 to run task
[2022-10-27T12:57:59.013+0000] {standard_task_runner.py:82} INFO - Running: ['***', 'tasks', 'run', 'tutorial', 'sleep', 'scheduled__2017-07-15T00:00:00+00:00', '--job-id', '2423', '--raw', '--subdir', 'DAGS_FOLDER/tuto.py', '--cfg-path', '/tmp/tmpv7n1g_hv']
[2022-10-27T12:57:59.015+0000] {standard_task_runner.py:83} INFO - Job 2423: Subtask sleep
[2022-10-27T12:57:59.032+0000] {logging_mixin.py:120} WARNING - /home/***/.local/lib/python3.7/site-packages/***/configuration.py:545 DeprecationWarning: The sql_alchemy_conn option in [core] has been moved to the sql_alchemy_conn option in [database] - the old setting has been used, but please update your config.
[2022-10-27T12:57:59.081+0000] {task_command.py:376} INFO - Running <TaskInstance: tutorial.sleep scheduled__2017-07-15T00:00:00+00:00 [running]> on host e60030a57919
[2022-10-27T12:57:59.149+0000] {taskinstance.py:1592} INFO - Exporting the following env vars:
AIRFLOW_CTX_DAG_EMAIL=***@***.com
AIRFLOW_CTX_DAG_OWNER=***
AIRFLOW_CTX_DAG_ID=tutorial
AIRFLOW_CTX_TASK_ID=sleep
AIRFLOW_CTX_EXECUTION_DATE=2017-07-15T00:00:00+00:00
AIRFLOW_CTX_TRY_NUMBER=1
AIRFLOW_CTX_DAG_RUN_ID=scheduled__2017-07-15T00:00:00+00:00
[2022-10-27T12:57:59.150+0000] {subprocess.py:63} INFO - Tmp dir root location: 
 /tmp
[2022-10-27T12:57:59.151+0000] {subprocess.py:75} INFO - Running command: ['/bin/bash', '-c', 'sleep 5']
[2022-10-27T12:57:59.161+0000] {subprocess.py:86} INFO - Output:
[2022-10-27T12:58:04.164+0000] {subprocess.py:97} INFO - Command exited with return code 0
[2022-10-27T12:58:04.185+0000] {taskinstance.py:1406} INFO - Marking task as SUCCESS. dag_id=tutorial, task_id=sleep, execution_date=20170715T000000, start_date=20221027T125758, end_date=20221027T125804
[2022-10-27T12:58:04.206+0000] {local_task_job.py:164} INFO - Task exited with return code 0
[2022-10-27T12:58:04.221+0000] {local_task_job.py:273} INFO - 0 downstream tasks scheduled from follow-on schedule check
