[2022-12-24T17:59:11.305+0000] {taskinstance.py:1165} INFO - Dependencies all met for <TaskInstance: extr_proc_aug_pipl.processing_text scheduled__2022-12-24T09:30:00+00:00 [queued]>
[2022-12-24T17:59:11.348+0000] {taskinstance.py:1165} INFO - Dependencies all met for <TaskInstance: extr_proc_aug_pipl.processing_text scheduled__2022-12-24T09:30:00+00:00 [queued]>
[2022-12-24T17:59:11.349+0000] {taskinstance.py:1362} INFO - 
--------------------------------------------------------------------------------
[2022-12-24T17:59:11.349+0000] {taskinstance.py:1363} INFO - Starting attempt 1 of 4
[2022-12-24T17:59:11.350+0000] {taskinstance.py:1364} INFO - 
--------------------------------------------------------------------------------
[2022-12-24T17:59:11.454+0000] {taskinstance.py:1383} INFO - Executing <Task(BashOperator): processing_text> on 2022-12-24 09:30:00+00:00
[2022-12-24T17:59:11.480+0000] {standard_task_runner.py:55} INFO - Started process 271 to run task
[2022-12-24T17:59:11.509+0000] {standard_task_runner.py:82} INFO - Running: ['***', 'tasks', 'run', 'extr_proc_aug_pipl', 'processing_text', 'scheduled__2022-12-24T09:30:00+00:00', '--job-id', '5295', '--raw', '--subdir', 'DAGS_FOLDER/extr_processing_augmentation.py', '--cfg-path', '/tmp/tmpx1_qxk84']
[2022-12-24T17:59:11.523+0000] {standard_task_runner.py:83} INFO - Job 5295: Subtask processing_text
[2022-12-24T17:59:11.662+0000] {logging_mixin.py:120} WARNING - /home/***/.local/lib/python3.7/site-packages/***/configuration.py:545 DeprecationWarning: The sql_alchemy_conn option in [core] has been moved to the sql_alchemy_conn option in [database] - the old setting has been used, but please update your config.
[2022-12-24T17:59:11.913+0000] {task_command.py:376} INFO - Running <TaskInstance: extr_proc_aug_pipl.processing_text scheduled__2022-12-24T09:30:00+00:00 [running]> on host 0961b7a3874f
[2022-12-24T17:59:12.231+0000] {taskinstance.py:1592} INFO - Exporting the following env vars:
AIRFLOW_CTX_DAG_EMAIL=***@***.com
AIRFLOW_CTX_DAG_OWNER=***
AIRFLOW_CTX_DAG_ID=extr_proc_aug_pipl
AIRFLOW_CTX_TASK_ID=processing_text
AIRFLOW_CTX_EXECUTION_DATE=2022-12-24T09:30:00+00:00
AIRFLOW_CTX_TRY_NUMBER=1
AIRFLOW_CTX_DAG_RUN_ID=scheduled__2022-12-24T09:30:00+00:00
[2022-12-24T17:59:12.233+0000] {subprocess.py:63} INFO - Tmp dir root location: 
 /tmp
[2022-12-24T17:59:12.235+0000] {subprocess.py:75} INFO - Running command: ['/bin/bash', '-c', 'sleep 5']
[2022-12-24T17:59:12.251+0000] {subprocess.py:86} INFO - Output:
[2022-12-24T17:59:17.257+0000] {subprocess.py:97} INFO - Command exited with return code 0
[2022-12-24T17:59:17.384+0000] {taskinstance.py:1406} INFO - Marking task as SUCCESS. dag_id=extr_proc_aug_pipl, task_id=processing_text, execution_date=20221224T093000, start_date=20221224T175911, end_date=20221224T175917
[2022-12-24T17:59:17.513+0000] {local_task_job.py:164} INFO - Task exited with return code 0
[2022-12-24T17:59:17.667+0000] {local_task_job.py:273} INFO - 1 downstream tasks scheduled from follow-on schedule check
