[2023-05-10T10:53:46.322+0000] {taskinstance.py:1165} INFO - Dependencies all met for <TaskInstance: extr_proc_aug_pipl.processing_data scheduled__2022-12-31T07:30:00+00:00 [queued]>
[2023-05-10T10:53:46.361+0000] {taskinstance.py:1165} INFO - Dependencies all met for <TaskInstance: extr_proc_aug_pipl.processing_data scheduled__2022-12-31T07:30:00+00:00 [queued]>
[2023-05-10T10:53:46.362+0000] {taskinstance.py:1362} INFO - 
--------------------------------------------------------------------------------
[2023-05-10T10:53:46.363+0000] {taskinstance.py:1363} INFO - Starting attempt 1 of 4
[2023-05-10T10:53:46.367+0000] {taskinstance.py:1364} INFO - 
--------------------------------------------------------------------------------
[2023-05-10T10:53:46.431+0000] {taskinstance.py:1383} INFO - Executing <Task(BashOperator): processing_data> on 2022-12-31 07:30:00+00:00
[2023-05-10T10:53:46.442+0000] {standard_task_runner.py:55} INFO - Started process 4167 to run task
[2023-05-10T10:53:46.486+0000] {standard_task_runner.py:82} INFO - Running: ['***', 'tasks', 'run', 'extr_proc_aug_pipl', 'processing_data', 'scheduled__2022-12-31T07:30:00+00:00', '--job-id', '6609', '--raw', '--subdir', 'DAGS_FOLDER/extr_processing_augmentation.py', '--cfg-path', '/tmp/tmpcs09eat7']
[2023-05-10T10:53:46.491+0000] {standard_task_runner.py:83} INFO - Job 6609: Subtask processing_data
[2023-05-10T10:53:46.560+0000] {logging_mixin.py:120} WARNING - /home/***/.local/lib/python3.7/site-packages/***/configuration.py:545 DeprecationWarning: The sql_alchemy_conn option in [core] has been moved to the sql_alchemy_conn option in [database] - the old setting has been used, but please update your config.
[2023-05-10T10:53:46.784+0000] {task_command.py:376} INFO - Running <TaskInstance: extr_proc_aug_pipl.processing_data scheduled__2022-12-31T07:30:00+00:00 [running]> on host 0961b7a3874f
[2023-05-10T10:53:47.205+0000] {taskinstance.py:1592} INFO - Exporting the following env vars:
AIRFLOW_CTX_DAG_EMAIL=***@***.com
AIRFLOW_CTX_DAG_OWNER=***
AIRFLOW_CTX_DAG_ID=extr_proc_aug_pipl
AIRFLOW_CTX_TASK_ID=processing_data
AIRFLOW_CTX_EXECUTION_DATE=2022-12-31T07:30:00+00:00
AIRFLOW_CTX_TRY_NUMBER=1
AIRFLOW_CTX_DAG_RUN_ID=scheduled__2022-12-31T07:30:00+00:00
[2023-05-10T10:53:47.207+0000] {subprocess.py:63} INFO - Tmp dir root location: 
 /tmp
[2023-05-10T10:53:47.227+0000] {subprocess.py:75} INFO - Running command: ['/bin/bash', '-c', 'sleep 5']
[2023-05-10T10:53:47.294+0000] {subprocess.py:86} INFO - Output:
[2023-05-10T10:53:52.306+0000] {subprocess.py:97} INFO - Command exited with return code 0
[2023-05-10T10:53:52.337+0000] {taskinstance.py:1406} INFO - Marking task as SUCCESS. dag_id=extr_proc_aug_pipl, task_id=processing_data, execution_date=20221231T073000, start_date=20230510T105346, end_date=20230510T105352
[2023-05-10T10:53:52.390+0000] {local_task_job.py:164} INFO - Task exited with return code 0
[2023-05-10T10:53:52.428+0000] {local_task_job.py:273} INFO - 0 downstream tasks scheduled from follow-on schedule check
