[2022-10-27T13:03:42.291+0000] {taskinstance.py:1165} INFO - Dependencies all met for <TaskInstance: tutorial.sleep scheduled__2018-05-28T00:00:00+00:00 [queued]>
[2022-10-27T13:03:42.312+0000] {taskinstance.py:1165} INFO - Dependencies all met for <TaskInstance: tutorial.sleep scheduled__2018-05-28T00:00:00+00:00 [queued]>
[2022-10-27T13:03:42.312+0000] {taskinstance.py:1362} INFO - 
--------------------------------------------------------------------------------
[2022-10-27T13:03:42.313+0000] {taskinstance.py:1363} INFO - Starting attempt 1 of 4
[2022-10-27T13:03:42.313+0000] {taskinstance.py:1364} INFO - 
--------------------------------------------------------------------------------
[2022-10-27T13:03:42.413+0000] {taskinstance.py:1383} INFO - Executing <Task(BashOperator): sleep> on 2018-05-28 00:00:00+00:00
[2022-10-27T13:03:42.432+0000] {standard_task_runner.py:55} INFO - Started process 11782 to run task
[2022-10-27T13:03:42.438+0000] {standard_task_runner.py:82} INFO - Running: ['***', 'tasks', 'run', 'tutorial', 'sleep', 'scheduled__2018-05-28T00:00:00+00:00', '--job-id', '3375', '--raw', '--subdir', 'DAGS_FOLDER/tuto.py', '--cfg-path', '/tmp/tmp89x_ax64']
[2022-10-27T13:03:42.441+0000] {standard_task_runner.py:83} INFO - Job 3375: Subtask sleep
[2022-10-27T13:03:42.495+0000] {logging_mixin.py:120} WARNING - /home/***/.local/lib/python3.7/site-packages/***/configuration.py:545 DeprecationWarning: The sql_alchemy_conn option in [core] has been moved to the sql_alchemy_conn option in [database] - the old setting has been used, but please update your config.
[2022-10-27T13:03:42.650+0000] {task_command.py:376} INFO - Running <TaskInstance: tutorial.sleep scheduled__2018-05-28T00:00:00+00:00 [running]> on host e60030a57919
[2022-10-27T13:03:42.849+0000] {taskinstance.py:1592} INFO - Exporting the following env vars:
AIRFLOW_CTX_DAG_EMAIL=***@***.com
AIRFLOW_CTX_DAG_OWNER=***
AIRFLOW_CTX_DAG_ID=tutorial
AIRFLOW_CTX_TASK_ID=sleep
AIRFLOW_CTX_EXECUTION_DATE=2018-05-28T00:00:00+00:00
AIRFLOW_CTX_TRY_NUMBER=1
AIRFLOW_CTX_DAG_RUN_ID=scheduled__2018-05-28T00:00:00+00:00
[2022-10-27T13:03:42.851+0000] {subprocess.py:63} INFO - Tmp dir root location: 
 /tmp
[2022-10-27T13:03:42.852+0000] {subprocess.py:75} INFO - Running command: ['/bin/bash', '-c', 'sleep 5']
[2022-10-27T13:03:42.956+0000] {subprocess.py:86} INFO - Output:
[2022-10-27T13:03:47.962+0000] {subprocess.py:97} INFO - Command exited with return code 0
[2022-10-27T13:03:47.987+0000] {taskinstance.py:1406} INFO - Marking task as SUCCESS. dag_id=tutorial, task_id=sleep, execution_date=20180528T000000, start_date=20221027T130342, end_date=20221027T130347
[2022-10-27T13:03:48.010+0000] {local_task_job.py:164} INFO - Task exited with return code 0
[2022-10-27T13:03:48.028+0000] {local_task_job.py:273} INFO - 0 downstream tasks scheduled from follow-on schedule check
