[2022-10-27T12:59:01.034+0000] {taskinstance.py:1165} INFO - Dependencies all met for <TaskInstance: tutorial.templated scheduled__2017-09-06T00:00:00+00:00 [queued]>
[2022-10-27T12:59:01.072+0000] {taskinstance.py:1165} INFO - Dependencies all met for <TaskInstance: tutorial.templated scheduled__2017-09-06T00:00:00+00:00 [queued]>
[2022-10-27T12:59:01.072+0000] {taskinstance.py:1362} INFO - 
--------------------------------------------------------------------------------
[2022-10-27T12:59:01.073+0000] {taskinstance.py:1363} INFO - Starting attempt 1 of 2
[2022-10-27T12:59:01.073+0000] {taskinstance.py:1364} INFO - 
--------------------------------------------------------------------------------
[2022-10-27T12:59:01.218+0000] {taskinstance.py:1383} INFO - Executing <Task(BashOperator): templated> on 2017-09-06 00:00:00+00:00
[2022-10-27T12:59:01.229+0000] {standard_task_runner.py:55} INFO - Started process 9063 to run task
[2022-10-27T12:59:01.238+0000] {standard_task_runner.py:82} INFO - Running: ['***', 'tasks', 'run', 'tutorial', 'templated', 'scheduled__2017-09-06T00:00:00+00:00', '--job-id', '2584', '--raw', '--subdir', 'DAGS_FOLDER/tuto.py', '--cfg-path', '/tmp/tmpbkl14oml']
[2022-10-27T12:59:01.251+0000] {standard_task_runner.py:83} INFO - Job 2584: Subtask templated
[2022-10-27T12:59:01.317+0000] {logging_mixin.py:120} WARNING - /home/***/.local/lib/python3.7/site-packages/***/configuration.py:545 DeprecationWarning: The sql_alchemy_conn option in [core] has been moved to the sql_alchemy_conn option in [database] - the old setting has been used, but please update your config.
[2022-10-27T12:59:01.493+0000] {task_command.py:376} INFO - Running <TaskInstance: tutorial.templated scheduled__2017-09-06T00:00:00+00:00 [running]> on host e60030a57919
[2022-10-27T12:59:01.779+0000] {taskinstance.py:1592} INFO - Exporting the following env vars:
AIRFLOW_CTX_DAG_EMAIL=***@***.com
AIRFLOW_CTX_DAG_OWNER=***
AIRFLOW_CTX_DAG_ID=tutorial
AIRFLOW_CTX_TASK_ID=templated
AIRFLOW_CTX_EXECUTION_DATE=2017-09-06T00:00:00+00:00
AIRFLOW_CTX_TRY_NUMBER=1
AIRFLOW_CTX_DAG_RUN_ID=scheduled__2017-09-06T00:00:00+00:00
[2022-10-27T12:59:01.793+0000] {subprocess.py:63} INFO - Tmp dir root location: 
 /tmp
[2022-10-27T12:59:01.795+0000] {subprocess.py:75} INFO - Running command: ['/bin/bash', '-c', '\n    \n        echo "2017-09-06"\n        echo "2017-09-13"\n        echo "Parameter I passed in"\n    \n        echo "2017-09-06"\n        echo "2017-09-13"\n        echo "Parameter I passed in"\n    \n        echo "2017-09-06"\n        echo "2017-09-13"\n        echo "Parameter I passed in"\n    \n        echo "2017-09-06"\n        echo "2017-09-13"\n        echo "Parameter I passed in"\n    \n        echo "2017-09-06"\n        echo "2017-09-13"\n        echo "Parameter I passed in"\n    ']
[2022-10-27T12:59:01.826+0000] {subprocess.py:86} INFO - Output:
[2022-10-27T12:59:01.831+0000] {subprocess.py:93} INFO - 2017-09-06
[2022-10-27T12:59:01.832+0000] {subprocess.py:93} INFO - 2017-09-13
[2022-10-27T12:59:01.833+0000] {subprocess.py:93} INFO - Parameter I passed in
[2022-10-27T12:59:01.833+0000] {subprocess.py:93} INFO - 2017-09-06
[2022-10-27T12:59:01.833+0000] {subprocess.py:93} INFO - 2017-09-13
[2022-10-27T12:59:01.833+0000] {subprocess.py:93} INFO - Parameter I passed in
[2022-10-27T12:59:01.834+0000] {subprocess.py:93} INFO - 2017-09-06
[2022-10-27T12:59:01.834+0000] {subprocess.py:93} INFO - 2017-09-13
[2022-10-27T12:59:01.834+0000] {subprocess.py:93} INFO - Parameter I passed in
[2022-10-27T12:59:01.834+0000] {subprocess.py:93} INFO - 2017-09-06
[2022-10-27T12:59:01.834+0000] {subprocess.py:93} INFO - 2017-09-13
[2022-10-27T12:59:01.834+0000] {subprocess.py:93} INFO - Parameter I passed in
[2022-10-27T12:59:01.835+0000] {subprocess.py:93} INFO - 2017-09-06
[2022-10-27T12:59:01.835+0000] {subprocess.py:93} INFO - 2017-09-13
[2022-10-27T12:59:01.835+0000] {subprocess.py:93} INFO - Parameter I passed in
[2022-10-27T12:59:01.837+0000] {subprocess.py:97} INFO - Command exited with return code 0
[2022-10-27T12:59:01.900+0000] {taskinstance.py:1406} INFO - Marking task as SUCCESS. dag_id=tutorial, task_id=templated, execution_date=20170906T000000, start_date=20221027T125901, end_date=20221027T125901
[2022-10-27T12:59:02.055+0000] {local_task_job.py:164} INFO - Task exited with return code 0
[2022-10-27T12:59:02.096+0000] {local_task_job.py:273} INFO - 0 downstream tasks scheduled from follow-on schedule check
