[2022-10-27T12:44:02.294+0000] {taskinstance.py:1165} INFO - Dependencies all met for <TaskInstance: tutorial2.sleep manual__2022-10-27T12:44:00.229185+00:00 [queued]>
[2022-10-27T12:44:02.319+0000] {taskinstance.py:1165} INFO - Dependencies all met for <TaskInstance: tutorial2.sleep manual__2022-10-27T12:44:00.229185+00:00 [queued]>
[2022-10-27T12:44:02.320+0000] {taskinstance.py:1362} INFO - 
--------------------------------------------------------------------------------
[2022-10-27T12:44:02.321+0000] {taskinstance.py:1363} INFO - Starting attempt 1 of 4
[2022-10-27T12:44:02.321+0000] {taskinstance.py:1364} INFO - 
--------------------------------------------------------------------------------
[2022-10-27T12:44:02.395+0000] {taskinstance.py:1383} INFO - Executing <Task(BashOperator): sleep> on 2022-10-27 12:44:00.229185+00:00
[2022-10-27T12:44:02.416+0000] {standard_task_runner.py:55} INFO - Started process 225 to run task
[2022-10-27T12:44:02.437+0000] {standard_task_runner.py:82} INFO - Running: ['***', 'tasks', 'run', 'tutorial2', 'sleep', 'manual__2022-10-27T12:44:00.229185+00:00', '--job-id', '12', '--raw', '--subdir', 'DAGS_FOLDER/hello-world.py', '--cfg-path', '/tmp/tmpgkp945bo']
[2022-10-27T12:44:02.446+0000] {standard_task_runner.py:83} INFO - Job 12: Subtask sleep
[2022-10-27T12:44:02.883+0000] {task_command.py:376} INFO - Running <TaskInstance: tutorial2.sleep manual__2022-10-27T12:44:00.229185+00:00 [running]> on host e60030a57919
[2022-10-27T12:44:04.356+0000] {taskinstance.py:1592} INFO - Exporting the following env vars:
AIRFLOW_CTX_DAG_EMAIL=***@***.com
AIRFLOW_CTX_DAG_OWNER=***
AIRFLOW_CTX_DAG_ID=tutorial2
AIRFLOW_CTX_TASK_ID=sleep
AIRFLOW_CTX_EXECUTION_DATE=2022-10-27T12:44:00.229185+00:00
AIRFLOW_CTX_TRY_NUMBER=1
AIRFLOW_CTX_DAG_RUN_ID=manual__2022-10-27T12:44:00.229185+00:00
[2022-10-27T12:44:04.365+0000] {subprocess.py:63} INFO - Tmp dir root location: 
 /tmp
[2022-10-27T12:44:04.367+0000] {subprocess.py:75} INFO - Running command: ['/bin/bash', '-c', 'sleep 5']
[2022-10-27T12:44:04.506+0000] {subprocess.py:86} INFO - Output:
[2022-10-27T12:44:09.630+0000] {subprocess.py:97} INFO - Command exited with return code 0
[2022-10-27T12:44:09.660+0000] {taskinstance.py:1406} INFO - Marking task as SUCCESS. dag_id=tutorial2, task_id=sleep, execution_date=20221027T124400, start_date=20221027T124402, end_date=20221027T124409
[2022-10-27T12:44:09.726+0000] {local_task_job.py:164} INFO - Task exited with return code 0
[2022-10-27T12:44:09.747+0000] {local_task_job.py:273} INFO - 0 downstream tasks scheduled from follow-on schedule check
