[2022-11-12T08:27:11.905+0000] {taskinstance.py:1165} INFO - Dependencies all met for <TaskInstance: push_qoute.sleep scheduled__2022-10-30T00:00:00+00:00 [queued]>
[2022-11-12T08:27:12.007+0000] {taskinstance.py:1165} INFO - Dependencies all met for <TaskInstance: push_qoute.sleep scheduled__2022-10-30T00:00:00+00:00 [queued]>
[2022-11-12T08:27:12.007+0000] {taskinstance.py:1362} INFO - 
--------------------------------------------------------------------------------
[2022-11-12T08:27:12.014+0000] {taskinstance.py:1363} INFO - Starting attempt 1 of 4
[2022-11-12T08:27:12.014+0000] {taskinstance.py:1364} INFO - 
--------------------------------------------------------------------------------
[2022-11-12T08:27:12.089+0000] {taskinstance.py:1383} INFO - Executing <Task(BashOperator): sleep> on 2022-10-30 00:00:00+00:00
[2022-11-12T08:27:12.130+0000] {standard_task_runner.py:55} INFO - Started process 8953 to run task
[2022-11-12T08:27:12.244+0000] {standard_task_runner.py:82} INFO - Running: ['***', 'tasks', 'run', 'push_qoute', 'sleep', 'scheduled__2022-10-30T00:00:00+00:00', '--job-id', '4676', '--raw', '--subdir', 'DAGS_FOLDER/push_qoute.py', '--cfg-path', '/tmp/tmpy2_v9ktx']
[2022-11-12T08:27:12.275+0000] {standard_task_runner.py:83} INFO - Job 4676: Subtask sleep
[2022-11-12T08:27:12.612+0000] {logging_mixin.py:120} WARNING - /home/***/.local/lib/python3.7/site-packages/***/configuration.py:545 DeprecationWarning: The sql_alchemy_conn option in [core] has been moved to the sql_alchemy_conn option in [database] - the old setting has been used, but please update your config.
[2022-11-12T08:27:12.922+0000] {task_command.py:376} INFO - Running <TaskInstance: push_qoute.sleep scheduled__2022-10-30T00:00:00+00:00 [running]> on host ed3e98310717
[2022-11-12T08:27:13.164+0000] {taskinstance.py:1592} INFO - Exporting the following env vars:
AIRFLOW_CTX_DAG_EMAIL=***@***.com
AIRFLOW_CTX_DAG_OWNER=***
AIRFLOW_CTX_DAG_ID=push_qoute
AIRFLOW_CTX_TASK_ID=sleep
AIRFLOW_CTX_EXECUTION_DATE=2022-10-30T00:00:00+00:00
AIRFLOW_CTX_TRY_NUMBER=1
AIRFLOW_CTX_DAG_RUN_ID=scheduled__2022-10-30T00:00:00+00:00
[2022-11-12T08:27:13.166+0000] {subprocess.py:63} INFO - Tmp dir root location: 
 /tmp
[2022-11-12T08:27:13.167+0000] {subprocess.py:75} INFO - Running command: ['/bin/bash', '-c', 'sleep 5']
[2022-11-12T08:27:13.201+0000] {subprocess.py:86} INFO - Output:
[2022-11-12T08:27:18.207+0000] {subprocess.py:97} INFO - Command exited with return code 0
[2022-11-12T08:27:18.235+0000] {taskinstance.py:1406} INFO - Marking task as SUCCESS. dag_id=push_qoute, task_id=sleep, execution_date=20221030T000000, start_date=20221112T082711, end_date=20221112T082718
[2022-11-12T08:27:18.263+0000] {local_task_job.py:164} INFO - Task exited with return code 0
[2022-11-12T08:27:18.284+0000] {local_task_job.py:273} INFO - 0 downstream tasks scheduled from follow-on schedule check
