[2023-05-10T10:52:10.421+0000] {taskinstance.py:1165} INFO - Dependencies all met for <TaskInstance: extr_proc_aug_pipl.extract_text scheduled__2022-12-30T06:30:00+00:00 [queued]>
[2023-05-10T10:52:10.502+0000] {taskinstance.py:1165} INFO - Dependencies all met for <TaskInstance: extr_proc_aug_pipl.extract_text scheduled__2022-12-30T06:30:00+00:00 [queued]>
[2023-05-10T10:52:10.503+0000] {taskinstance.py:1362} INFO - 
--------------------------------------------------------------------------------
[2023-05-10T10:52:10.503+0000] {taskinstance.py:1363} INFO - Starting attempt 1 of 2
[2023-05-10T10:52:10.503+0000] {taskinstance.py:1364} INFO - 
--------------------------------------------------------------------------------
[2023-05-10T10:52:10.592+0000] {taskinstance.py:1383} INFO - Executing <Task(BashOperator): extract_text> on 2022-12-30 06:30:00+00:00
[2023-05-10T10:52:10.605+0000] {standard_task_runner.py:55} INFO - Started process 3409 to run task
[2023-05-10T10:52:10.621+0000] {standard_task_runner.py:82} INFO - Running: ['***', 'tasks', 'run', 'extr_proc_aug_pipl', 'extract_text', 'scheduled__2022-12-30T06:30:00+00:00', '--job-id', '6388', '--raw', '--subdir', 'DAGS_FOLDER/extr_processing_augmentation.py', '--cfg-path', '/tmp/tmpto68vlvb']
[2023-05-10T10:52:10.625+0000] {standard_task_runner.py:83} INFO - Job 6388: Subtask extract_text
[2023-05-10T10:52:10.689+0000] {logging_mixin.py:120} WARNING - /home/***/.local/lib/python3.7/site-packages/***/configuration.py:545 DeprecationWarning: The sql_alchemy_conn option in [core] has been moved to the sql_alchemy_conn option in [database] - the old setting has been used, but please update your config.
[2023-05-10T10:52:10.949+0000] {task_command.py:376} INFO - Running <TaskInstance: extr_proc_aug_pipl.extract_text scheduled__2022-12-30T06:30:00+00:00 [running]> on host 0961b7a3874f
[2023-05-10T10:52:11.356+0000] {taskinstance.py:1592} INFO - Exporting the following env vars:
AIRFLOW_CTX_DAG_EMAIL=***@***.com
AIRFLOW_CTX_DAG_OWNER=***
AIRFLOW_CTX_DAG_ID=extr_proc_aug_pipl
AIRFLOW_CTX_TASK_ID=extract_text
AIRFLOW_CTX_EXECUTION_DATE=2022-12-30T06:30:00+00:00
AIRFLOW_CTX_TRY_NUMBER=1
AIRFLOW_CTX_DAG_RUN_ID=scheduled__2022-12-30T06:30:00+00:00
[2023-05-10T10:52:11.360+0000] {subprocess.py:63} INFO - Tmp dir root location: 
 /tmp
[2023-05-10T10:52:11.361+0000] {subprocess.py:75} INFO - Running command: ['/bin/bash', '-c', 'date']
[2023-05-10T10:52:11.387+0000] {subprocess.py:86} INFO - Output:
[2023-05-10T10:52:11.394+0000] {subprocess.py:93} INFO - Wed May 10 10:52:11 UTC 2023
[2023-05-10T10:52:11.395+0000] {subprocess.py:97} INFO - Command exited with return code 0
[2023-05-10T10:52:11.533+0000] {taskinstance.py:1406} INFO - Marking task as SUCCESS. dag_id=extr_proc_aug_pipl, task_id=extract_text, execution_date=20221230T063000, start_date=20230510T105210, end_date=20230510T105211
[2023-05-10T10:52:11.880+0000] {local_task_job.py:164} INFO - Task exited with return code 0
[2023-05-10T10:52:12.476+0000] {local_task_job.py:273} INFO - 0 downstream tasks scheduled from follow-on schedule check
