[2022-12-16T16:55:48.426+0000] {processor.py:154} INFO - Started process (PID=173) to work on /opt/airflow/dags/extr_processing_augmentation.py
[2022-12-16T16:55:48.428+0000] {processor.py:756} INFO - Processing file /opt/airflow/dags/extr_processing_augmentation.py for tasks to queue
[2022-12-16T16:55:48.429+0000] {logging_mixin.py:120} INFO - [2022-12-16T16:55:48.428+0000] {dagbag.py:537} INFO - Filling up the DagBag from /opt/airflow/dags/extr_processing_augmentation.py
[2022-12-16T16:55:48.476+0000] {processor.py:766} INFO - DAG(s) dict_keys(['extr_proc_aug_pipl']) retrieved from /opt/airflow/dags/extr_processing_augmentation.py
[2022-12-16T16:55:48.763+0000] {logging_mixin.py:120} INFO - [2022-12-16T16:55:48.763+0000] {dag.py:2585} INFO - Sync 1 DAGs
[2022-12-16T16:55:48.802+0000] {logging_mixin.py:120} INFO - [2022-12-16T16:55:48.801+0000] {dag.py:3340} INFO - Setting next_dagrun for extr_proc_aug_pipl to 2022-12-16T00:00:00+00:00, run_after=2022-12-17T00:00:00+00:00
[2022-12-16T16:55:48.830+0000] {processor.py:176} INFO - Processing /opt/airflow/dags/extr_processing_augmentation.py took 0.410 seconds
[2022-12-16T16:59:40.185+0000] {processor.py:154} INFO - Started process (PID=173) to work on /opt/airflow/dags/extr_processing_augmentation.py
[2022-12-16T16:59:40.187+0000] {processor.py:756} INFO - Processing file /opt/airflow/dags/extr_processing_augmentation.py for tasks to queue
[2022-12-16T16:59:40.187+0000] {logging_mixin.py:120} INFO - [2022-12-16T16:59:40.187+0000] {dagbag.py:537} INFO - Filling up the DagBag from /opt/airflow/dags/extr_processing_augmentation.py
[2022-12-16T16:59:40.210+0000] {processor.py:766} INFO - DAG(s) dict_keys(['extr_proc_aug_pipl']) retrieved from /opt/airflow/dags/extr_processing_augmentation.py
[2022-12-16T16:59:40.410+0000] {logging_mixin.py:120} INFO - [2022-12-16T16:59:40.409+0000] {dag.py:2585} INFO - Sync 1 DAGs
[2022-12-16T16:59:40.434+0000] {logging_mixin.py:120} INFO - [2022-12-16T16:59:40.434+0000] {dag.py:3340} INFO - Setting next_dagrun for extr_proc_aug_pipl to 2022-12-16T00:00:00+00:00, run_after=2022-12-17T00:00:00+00:00
[2022-12-16T16:59:40.451+0000] {processor.py:176} INFO - Processing /opt/airflow/dags/extr_processing_augmentation.py took 0.270 seconds
[2022-12-16T17:00:10.582+0000] {processor.py:154} INFO - Started process (PID=211) to work on /opt/airflow/dags/extr_processing_augmentation.py
[2022-12-16T17:00:10.622+0000] {processor.py:756} INFO - Processing file /opt/airflow/dags/extr_processing_augmentation.py for tasks to queue
[2022-12-16T17:00:10.624+0000] {logging_mixin.py:120} INFO - [2022-12-16T17:00:10.623+0000] {dagbag.py:537} INFO - Filling up the DagBag from /opt/airflow/dags/extr_processing_augmentation.py
[2022-12-16T17:00:10.851+0000] {processor.py:766} INFO - DAG(s) dict_keys(['extr_proc_aug_pipl']) retrieved from /opt/airflow/dags/extr_processing_augmentation.py
[2022-12-16T17:00:10.885+0000] {logging_mixin.py:120} INFO - [2022-12-16T17:00:10.885+0000] {dag.py:2585} INFO - Sync 1 DAGs
[2022-12-16T17:00:10.910+0000] {logging_mixin.py:120} INFO - [2022-12-16T17:00:10.910+0000] {dag.py:3340} INFO - Setting next_dagrun for extr_proc_aug_pipl to 2022-12-16T00:00:00+00:00, run_after=2022-12-17T00:00:00+00:00
[2022-12-16T17:00:10.925+0000] {processor.py:176} INFO - Processing /opt/airflow/dags/extr_processing_augmentation.py took 0.349 seconds
[2022-12-16T17:00:41.203+0000] {processor.py:154} INFO - Started process (PID=239) to work on /opt/airflow/dags/extr_processing_augmentation.py
[2022-12-16T17:00:41.204+0000] {processor.py:756} INFO - Processing file /opt/airflow/dags/extr_processing_augmentation.py for tasks to queue
[2022-12-16T17:00:41.205+0000] {logging_mixin.py:120} INFO - [2022-12-16T17:00:41.205+0000] {dagbag.py:537} INFO - Filling up the DagBag from /opt/airflow/dags/extr_processing_augmentation.py
[2022-12-16T17:00:41.221+0000] {processor.py:766} INFO - DAG(s) dict_keys(['extr_proc_aug_pipl']) retrieved from /opt/airflow/dags/extr_processing_augmentation.py
[2022-12-16T17:00:41.261+0000] {logging_mixin.py:120} INFO - [2022-12-16T17:00:41.261+0000] {dag.py:2585} INFO - Sync 1 DAGs
[2022-12-16T17:00:41.287+0000] {logging_mixin.py:120} INFO - [2022-12-16T17:00:41.287+0000] {dag.py:3340} INFO - Setting next_dagrun for extr_proc_aug_pipl to 2022-12-16T00:00:00+00:00, run_after=2022-12-17T00:00:00+00:00
[2022-12-16T17:00:41.308+0000] {processor.py:176} INFO - Processing /opt/airflow/dags/extr_processing_augmentation.py took 0.109 seconds
