[2022-12-16T16:55:48.432+0000] {processor.py:154} INFO - Started process (PID=176) to work on /opt/airflow/dags/tuto.py
[2022-12-16T16:55:48.434+0000] {processor.py:756} INFO - Processing file /opt/airflow/dags/tuto.py for tasks to queue
[2022-12-16T16:55:48.435+0000] {logging_mixin.py:120} INFO - [2022-12-16T16:55:48.435+0000] {dagbag.py:537} INFO - Filling up the DagBag from /opt/airflow/dags/tuto.py
[2022-12-16T16:55:48.476+0000] {processor.py:766} INFO - DAG(s) dict_keys(['tutorial']) retrieved from /opt/airflow/dags/tuto.py
[2022-12-16T16:55:48.763+0000] {logging_mixin.py:120} INFO - [2022-12-16T16:55:48.762+0000] {dag.py:2585} INFO - Sync 1 DAGs
[2022-12-16T16:55:48.802+0000] {logging_mixin.py:120} INFO - [2022-12-16T16:55:48.802+0000] {dag.py:3340} INFO - Setting next_dagrun for tutorial to 2019-07-27T00:00:00+00:00, run_after=2019-07-28T00:00:00+00:00
[2022-12-16T16:55:48.832+0000] {processor.py:176} INFO - Processing /opt/airflow/dags/tuto.py took 0.404 seconds
[2022-12-16T16:59:40.188+0000] {processor.py:154} INFO - Started process (PID=176) to work on /opt/airflow/dags/tuto.py
[2022-12-16T16:59:40.189+0000] {processor.py:756} INFO - Processing file /opt/airflow/dags/tuto.py for tasks to queue
[2022-12-16T16:59:40.190+0000] {logging_mixin.py:120} INFO - [2022-12-16T16:59:40.190+0000] {dagbag.py:537} INFO - Filling up the DagBag from /opt/airflow/dags/tuto.py
[2022-12-16T16:59:40.209+0000] {processor.py:766} INFO - DAG(s) dict_keys(['tutorial']) retrieved from /opt/airflow/dags/tuto.py
[2022-12-16T16:59:40.379+0000] {logging_mixin.py:120} INFO - [2022-12-16T16:59:40.379+0000] {dag.py:2585} INFO - Sync 1 DAGs
[2022-12-16T16:59:40.421+0000] {logging_mixin.py:120} INFO - [2022-12-16T16:59:40.421+0000] {dag.py:3340} INFO - Setting next_dagrun for tutorial to 2019-07-27T00:00:00+00:00, run_after=2019-07-28T00:00:00+00:00
[2022-12-16T16:59:40.437+0000] {processor.py:176} INFO - Processing /opt/airflow/dags/tuto.py took 0.252 seconds
[2022-12-16T17:00:10.586+0000] {processor.py:154} INFO - Started process (PID=214) to work on /opt/airflow/dags/tuto.py
[2022-12-16T17:00:10.615+0000] {processor.py:756} INFO - Processing file /opt/airflow/dags/tuto.py for tasks to queue
[2022-12-16T17:00:10.615+0000] {logging_mixin.py:120} INFO - [2022-12-16T17:00:10.615+0000] {dagbag.py:537} INFO - Filling up the DagBag from /opt/airflow/dags/tuto.py
[2022-12-16T17:00:10.844+0000] {processor.py:766} INFO - DAG(s) dict_keys(['tutorial']) retrieved from /opt/airflow/dags/tuto.py
[2022-12-16T17:00:10.880+0000] {logging_mixin.py:120} INFO - [2022-12-16T17:00:10.880+0000] {dag.py:2585} INFO - Sync 1 DAGs
[2022-12-16T17:00:10.906+0000] {logging_mixin.py:120} INFO - [2022-12-16T17:00:10.906+0000] {dag.py:3340} INFO - Setting next_dagrun for tutorial to 2019-07-27T00:00:00+00:00, run_after=2019-07-28T00:00:00+00:00
[2022-12-16T17:00:10.921+0000] {processor.py:176} INFO - Processing /opt/airflow/dags/tuto.py took 0.339 seconds
[2022-12-16T17:00:41.207+0000] {processor.py:154} INFO - Started process (PID=242) to work on /opt/airflow/dags/tuto.py
[2022-12-16T17:00:41.209+0000] {processor.py:756} INFO - Processing file /opt/airflow/dags/tuto.py for tasks to queue
[2022-12-16T17:00:41.209+0000] {logging_mixin.py:120} INFO - [2022-12-16T17:00:41.209+0000] {dagbag.py:537} INFO - Filling up the DagBag from /opt/airflow/dags/tuto.py
[2022-12-16T17:00:41.224+0000] {processor.py:766} INFO - DAG(s) dict_keys(['tutorial']) retrieved from /opt/airflow/dags/tuto.py
[2022-12-16T17:00:41.266+0000] {logging_mixin.py:120} INFO - [2022-12-16T17:00:41.266+0000] {dag.py:2585} INFO - Sync 1 DAGs
[2022-12-16T17:00:41.293+0000] {logging_mixin.py:120} INFO - [2022-12-16T17:00:41.293+0000] {dag.py:3340} INFO - Setting next_dagrun for tutorial to 2019-07-27T00:00:00+00:00, run_after=2019-07-28T00:00:00+00:00
[2022-12-16T17:00:41.315+0000] {processor.py:176} INFO - Processing /opt/airflow/dags/tuto.py took 0.111 seconds
