[2023-04-11T12:28:03.244+0000] {taskinstance.py:1165} INFO - Dependencies all met for <TaskInstance: extr_proc_aug_pipl.processing_text scheduled__2022-12-25T03:30:00+00:00 [queued]>
[2023-04-11T12:28:03.261+0000] {taskinstance.py:1165} INFO - Dependencies all met for <TaskInstance: extr_proc_aug_pipl.processing_text scheduled__2022-12-25T03:30:00+00:00 [queued]>
[2023-04-11T12:28:03.261+0000] {taskinstance.py:1362} INFO - 
--------------------------------------------------------------------------------
[2023-04-11T12:28:03.261+0000] {taskinstance.py:1363} INFO - Starting attempt 1 of 4
[2023-04-11T12:28:03.261+0000] {taskinstance.py:1364} INFO - 
--------------------------------------------------------------------------------
[2023-04-11T12:28:03.276+0000] {taskinstance.py:1383} INFO - Executing <Task(BashOperator): processing_text> on 2022-12-25 03:30:00+00:00
[2023-04-11T12:28:03.281+0000] {standard_task_runner.py:55} INFO - Started process 296 to run task
[2023-04-11T12:28:03.284+0000] {standard_task_runner.py:82} INFO - Running: ['***', 'tasks', 'run', 'extr_proc_aug_pipl', 'processing_text', 'scheduled__2022-12-25T03:30:00+00:00', '--job-id', '5383', '--raw', '--subdir', 'DAGS_FOLDER/extr_processing_augmentation.py', '--cfg-path', '/tmp/tmpflndq5it']
[2023-04-11T12:28:03.286+0000] {standard_task_runner.py:83} INFO - Job 5383: Subtask processing_text
[2023-04-11T12:28:03.304+0000] {logging_mixin.py:120} WARNING - /home/***/.local/lib/python3.7/site-packages/***/configuration.py:545 DeprecationWarning: The sql_alchemy_conn option in [core] has been moved to the sql_alchemy_conn option in [database] - the old setting has been used, but please update your config.
[2023-04-11T12:28:03.367+0000] {task_command.py:376} INFO - Running <TaskInstance: extr_proc_aug_pipl.processing_text scheduled__2022-12-25T03:30:00+00:00 [running]> on host 0961b7a3874f
[2023-04-11T12:28:03.458+0000] {taskinstance.py:1592} INFO - Exporting the following env vars:
AIRFLOW_CTX_DAG_EMAIL=***@***.com
AIRFLOW_CTX_DAG_OWNER=***
AIRFLOW_CTX_DAG_ID=extr_proc_aug_pipl
AIRFLOW_CTX_TASK_ID=processing_text
AIRFLOW_CTX_EXECUTION_DATE=2022-12-25T03:30:00+00:00
AIRFLOW_CTX_TRY_NUMBER=1
AIRFLOW_CTX_DAG_RUN_ID=scheduled__2022-12-25T03:30:00+00:00
[2023-04-11T12:28:03.459+0000] {subprocess.py:63} INFO - Tmp dir root location: 
 /tmp
[2023-04-11T12:28:03.459+0000] {subprocess.py:75} INFO - Running command: ['/bin/bash', '-c', 'sleep 5']
[2023-04-11T12:28:03.470+0000] {subprocess.py:86} INFO - Output:
[2023-04-11T12:28:08.474+0000] {subprocess.py:97} INFO - Command exited with return code 0
[2023-04-11T12:28:08.546+0000] {taskinstance.py:1406} INFO - Marking task as SUCCESS. dag_id=extr_proc_aug_pipl, task_id=processing_text, execution_date=20221225T033000, start_date=20230411T122803, end_date=20230411T122808
[2023-04-11T12:28:08.618+0000] {local_task_job.py:164} INFO - Task exited with return code 0
[2023-04-11T12:28:08.690+0000] {local_task_job.py:273} INFO - 1 downstream tasks scheduled from follow-on schedule check
