[2022-10-27T12:54:44.947+0000] {taskinstance.py:1165} INFO - Dependencies all met for <TaskInstance: tutorial.templated scheduled__2017-01-07T00:00:00+00:00 [queued]>
[2022-10-27T12:54:44.971+0000] {taskinstance.py:1165} INFO - Dependencies all met for <TaskInstance: tutorial.templated scheduled__2017-01-07T00:00:00+00:00 [queued]>
[2022-10-27T12:54:44.972+0000] {taskinstance.py:1362} INFO - 
--------------------------------------------------------------------------------
[2022-10-27T12:54:44.972+0000] {taskinstance.py:1363} INFO - Starting attempt 1 of 2
[2022-10-27T12:54:44.973+0000] {taskinstance.py:1364} INFO - 
--------------------------------------------------------------------------------
[2022-10-27T12:54:45.003+0000] {taskinstance.py:1383} INFO - Executing <Task(BashOperator): templated> on 2017-01-07 00:00:00+00:00
[2022-10-27T12:54:45.015+0000] {standard_task_runner.py:55} INFO - Started process 6560 to run task
[2022-10-27T12:54:45.024+0000] {standard_task_runner.py:82} INFO - Running: ['***', 'tasks', 'run', 'tutorial', 'templated', 'scheduled__2017-01-07T00:00:00+00:00', '--job-id', '1858', '--raw', '--subdir', 'DAGS_FOLDER/tuto.py', '--cfg-path', '/tmp/tmpr1kl_w3q']
[2022-10-27T12:54:45.047+0000] {standard_task_runner.py:83} INFO - Job 1858: Subtask templated
[2022-10-27T12:54:45.090+0000] {logging_mixin.py:120} WARNING - /home/***/.local/lib/python3.7/site-packages/***/configuration.py:545 DeprecationWarning: The sql_alchemy_conn option in [core] has been moved to the sql_alchemy_conn option in [database] - the old setting has been used, but please update your config.
[2022-10-27T12:54:45.284+0000] {task_command.py:376} INFO - Running <TaskInstance: tutorial.templated scheduled__2017-01-07T00:00:00+00:00 [running]> on host e60030a57919
[2022-10-27T12:54:45.717+0000] {taskinstance.py:1592} INFO - Exporting the following env vars:
AIRFLOW_CTX_DAG_EMAIL=***@***.com
AIRFLOW_CTX_DAG_OWNER=***
AIRFLOW_CTX_DAG_ID=tutorial
AIRFLOW_CTX_TASK_ID=templated
AIRFLOW_CTX_EXECUTION_DATE=2017-01-07T00:00:00+00:00
AIRFLOW_CTX_TRY_NUMBER=1
AIRFLOW_CTX_DAG_RUN_ID=scheduled__2017-01-07T00:00:00+00:00
[2022-10-27T12:54:45.719+0000] {subprocess.py:63} INFO - Tmp dir root location: 
 /tmp
[2022-10-27T12:54:45.720+0000] {subprocess.py:75} INFO - Running command: ['/bin/bash', '-c', '\n    \n        echo "2017-01-07"\n        echo "2017-01-14"\n        echo "Parameter I passed in"\n    \n        echo "2017-01-07"\n        echo "2017-01-14"\n        echo "Parameter I passed in"\n    \n        echo "2017-01-07"\n        echo "2017-01-14"\n        echo "Parameter I passed in"\n    \n        echo "2017-01-07"\n        echo "2017-01-14"\n        echo "Parameter I passed in"\n    \n        echo "2017-01-07"\n        echo "2017-01-14"\n        echo "Parameter I passed in"\n    ']
[2022-10-27T12:54:45.762+0000] {subprocess.py:86} INFO - Output:
[2022-10-27T12:54:45.764+0000] {subprocess.py:93} INFO - 2017-01-07
[2022-10-27T12:54:45.766+0000] {subprocess.py:93} INFO - 2017-01-14
[2022-10-27T12:54:45.767+0000] {subprocess.py:93} INFO - Parameter I passed in
[2022-10-27T12:54:45.767+0000] {subprocess.py:93} INFO - 2017-01-07
[2022-10-27T12:54:45.767+0000] {subprocess.py:93} INFO - 2017-01-14
[2022-10-27T12:54:45.768+0000] {subprocess.py:93} INFO - Parameter I passed in
[2022-10-27T12:54:45.768+0000] {subprocess.py:93} INFO - 2017-01-07
[2022-10-27T12:54:45.768+0000] {subprocess.py:93} INFO - 2017-01-14
[2022-10-27T12:54:45.768+0000] {subprocess.py:93} INFO - Parameter I passed in
[2022-10-27T12:54:45.768+0000] {subprocess.py:93} INFO - 2017-01-07
[2022-10-27T12:54:45.768+0000] {subprocess.py:93} INFO - 2017-01-14
[2022-10-27T12:54:45.769+0000] {subprocess.py:93} INFO - Parameter I passed in
[2022-10-27T12:54:45.769+0000] {subprocess.py:93} INFO - 2017-01-07
[2022-10-27T12:54:45.769+0000] {subprocess.py:93} INFO - 2017-01-14
[2022-10-27T12:54:45.769+0000] {subprocess.py:93} INFO - Parameter I passed in
[2022-10-27T12:54:45.770+0000] {subprocess.py:97} INFO - Command exited with return code 0
[2022-10-27T12:54:45.852+0000] {taskinstance.py:1406} INFO - Marking task as SUCCESS. dag_id=tutorial, task_id=templated, execution_date=20170107T000000, start_date=20221027T125444, end_date=20221027T125445
[2022-10-27T12:54:45.917+0000] {local_task_job.py:164} INFO - Task exited with return code 0
[2022-10-27T12:54:45.993+0000] {local_task_job.py:273} INFO - 0 downstream tasks scheduled from follow-on schedule check
