[2023-04-11T12:28:17.035+0000] {taskinstance.py:1165} INFO - Dependencies all met for <TaskInstance: extr_proc_aug_pipl.train_bert_text scheduled__2022-12-25T03:30:00+00:00 [queued]>
[2023-04-11T12:28:17.047+0000] {taskinstance.py:1165} INFO - Dependencies all met for <TaskInstance: extr_proc_aug_pipl.train_bert_text scheduled__2022-12-25T03:30:00+00:00 [queued]>
[2023-04-11T12:28:17.047+0000] {taskinstance.py:1362} INFO - 
--------------------------------------------------------------------------------
[2023-04-11T12:28:17.047+0000] {taskinstance.py:1363} INFO - Starting attempt 1 of 4
[2023-04-11T12:28:17.047+0000] {taskinstance.py:1364} INFO - 
--------------------------------------------------------------------------------
[2023-04-11T12:28:17.064+0000] {taskinstance.py:1383} INFO - Executing <Task(BashOperator): train_bert_text> on 2022-12-25 03:30:00+00:00
[2023-04-11T12:28:17.068+0000] {standard_task_runner.py:55} INFO - Started process 424 to run task
[2023-04-11T12:28:17.071+0000] {standard_task_runner.py:82} INFO - Running: ['***', 'tasks', 'run', 'extr_proc_aug_pipl', 'train_bert_text', 'scheduled__2022-12-25T03:30:00+00:00', '--job-id', '5422', '--raw', '--subdir', 'DAGS_FOLDER/extr_processing_augmentation.py', '--cfg-path', '/tmp/tmpi2tlfm1k']
[2023-04-11T12:28:17.072+0000] {standard_task_runner.py:83} INFO - Job 5422: Subtask train_bert_text
[2023-04-11T12:28:17.085+0000] {logging_mixin.py:120} WARNING - /home/***/.local/lib/python3.7/site-packages/***/configuration.py:545 DeprecationWarning: The sql_alchemy_conn option in [core] has been moved to the sql_alchemy_conn option in [database] - the old setting has been used, but please update your config.
[2023-04-11T12:28:17.132+0000] {task_command.py:376} INFO - Running <TaskInstance: extr_proc_aug_pipl.train_bert_text scheduled__2022-12-25T03:30:00+00:00 [running]> on host 0961b7a3874f
[2023-04-11T12:28:17.199+0000] {taskinstance.py:1592} INFO - Exporting the following env vars:
AIRFLOW_CTX_DAG_EMAIL=***@***.com
AIRFLOW_CTX_DAG_OWNER=***
AIRFLOW_CTX_DAG_ID=extr_proc_aug_pipl
AIRFLOW_CTX_TASK_ID=train_bert_text
AIRFLOW_CTX_EXECUTION_DATE=2022-12-25T03:30:00+00:00
AIRFLOW_CTX_TRY_NUMBER=1
AIRFLOW_CTX_DAG_RUN_ID=scheduled__2022-12-25T03:30:00+00:00
[2023-04-11T12:28:17.199+0000] {subprocess.py:63} INFO - Tmp dir root location: 
 /tmp
[2023-04-11T12:28:17.200+0000] {subprocess.py:75} INFO - Running command: ['/bin/bash', '-c', 'sleep 5']
[2023-04-11T12:28:17.207+0000] {subprocess.py:86} INFO - Output:
[2023-04-11T12:28:22.210+0000] {subprocess.py:97} INFO - Command exited with return code 0
[2023-04-11T12:28:22.236+0000] {taskinstance.py:1406} INFO - Marking task as SUCCESS. dag_id=extr_proc_aug_pipl, task_id=train_bert_text, execution_date=20221225T033000, start_date=20230411T122817, end_date=20230411T122822
[2023-04-11T12:28:22.268+0000] {local_task_job.py:164} INFO - Task exited with return code 0
[2023-04-11T12:28:22.296+0000] {local_task_job.py:273} INFO - 1 downstream tasks scheduled from follow-on schedule check
