[2022-10-27T12:53:23.012+0000] {taskinstance.py:1165} INFO - Dependencies all met for <TaskInstance: tutorial.templated scheduled__2016-10-22T00:00:00+00:00 [queued]>
[2022-10-27T12:53:23.040+0000] {taskinstance.py:1165} INFO - Dependencies all met for <TaskInstance: tutorial.templated scheduled__2016-10-22T00:00:00+00:00 [queued]>
[2022-10-27T12:53:23.041+0000] {taskinstance.py:1362} INFO - 
--------------------------------------------------------------------------------
[2022-10-27T12:53:23.041+0000] {taskinstance.py:1363} INFO - Starting attempt 1 of 2
[2022-10-27T12:53:23.041+0000] {taskinstance.py:1364} INFO - 
--------------------------------------------------------------------------------
[2022-10-27T12:53:23.100+0000] {taskinstance.py:1383} INFO - Executing <Task(BashOperator): templated> on 2016-10-22 00:00:00+00:00
[2022-10-27T12:53:23.120+0000] {standard_task_runner.py:55} INFO - Started process 5745 to run task
[2022-10-27T12:53:23.131+0000] {standard_task_runner.py:82} INFO - Running: ['***', 'tasks', 'run', 'tutorial', 'templated', 'scheduled__2016-10-22T00:00:00+00:00', '--job-id', '1624', '--raw', '--subdir', 'DAGS_FOLDER/tuto.py', '--cfg-path', '/tmp/tmp83uat1h4']
[2022-10-27T12:53:23.148+0000] {standard_task_runner.py:83} INFO - Job 1624: Subtask templated
[2022-10-27T12:53:23.277+0000] {logging_mixin.py:120} WARNING - /home/***/.local/lib/python3.7/site-packages/***/configuration.py:545 DeprecationWarning: The sql_alchemy_conn option in [core] has been moved to the sql_alchemy_conn option in [database] - the old setting has been used, but please update your config.
[2022-10-27T12:53:23.427+0000] {task_command.py:376} INFO - Running <TaskInstance: tutorial.templated scheduled__2016-10-22T00:00:00+00:00 [running]> on host e60030a57919
[2022-10-27T12:53:23.733+0000] {taskinstance.py:1592} INFO - Exporting the following env vars:
AIRFLOW_CTX_DAG_EMAIL=***@***.com
AIRFLOW_CTX_DAG_OWNER=***
AIRFLOW_CTX_DAG_ID=tutorial
AIRFLOW_CTX_TASK_ID=templated
AIRFLOW_CTX_EXECUTION_DATE=2016-10-22T00:00:00+00:00
AIRFLOW_CTX_TRY_NUMBER=1
AIRFLOW_CTX_DAG_RUN_ID=scheduled__2016-10-22T00:00:00+00:00
[2022-10-27T12:53:23.734+0000] {subprocess.py:63} INFO - Tmp dir root location: 
 /tmp
[2022-10-27T12:53:23.735+0000] {subprocess.py:75} INFO - Running command: ['/bin/bash', '-c', '\n    \n        echo "2016-10-22"\n        echo "2016-10-29"\n        echo "Parameter I passed in"\n    \n        echo "2016-10-22"\n        echo "2016-10-29"\n        echo "Parameter I passed in"\n    \n        echo "2016-10-22"\n        echo "2016-10-29"\n        echo "Parameter I passed in"\n    \n        echo "2016-10-22"\n        echo "2016-10-29"\n        echo "Parameter I passed in"\n    \n        echo "2016-10-22"\n        echo "2016-10-29"\n        echo "Parameter I passed in"\n    ']
[2022-10-27T12:53:23.761+0000] {subprocess.py:86} INFO - Output:
[2022-10-27T12:53:23.764+0000] {subprocess.py:93} INFO - 2016-10-22
[2022-10-27T12:53:23.765+0000] {subprocess.py:93} INFO - 2016-10-29
[2022-10-27T12:53:23.765+0000] {subprocess.py:93} INFO - Parameter I passed in
[2022-10-27T12:53:23.765+0000] {subprocess.py:93} INFO - 2016-10-22
[2022-10-27T12:53:23.766+0000] {subprocess.py:93} INFO - 2016-10-29
[2022-10-27T12:53:23.766+0000] {subprocess.py:93} INFO - Parameter I passed in
[2022-10-27T12:53:23.766+0000] {subprocess.py:93} INFO - 2016-10-22
[2022-10-27T12:53:23.766+0000] {subprocess.py:93} INFO - 2016-10-29
[2022-10-27T12:53:23.766+0000] {subprocess.py:93} INFO - Parameter I passed in
[2022-10-27T12:53:23.766+0000] {subprocess.py:93} INFO - 2016-10-22
[2022-10-27T12:53:23.767+0000] {subprocess.py:93} INFO - 2016-10-29
[2022-10-27T12:53:23.767+0000] {subprocess.py:93} INFO - Parameter I passed in
[2022-10-27T12:53:23.767+0000] {subprocess.py:93} INFO - 2016-10-22
[2022-10-27T12:53:23.767+0000] {subprocess.py:93} INFO - 2016-10-29
[2022-10-27T12:53:23.767+0000] {subprocess.py:93} INFO - Parameter I passed in
[2022-10-27T12:53:23.768+0000] {subprocess.py:97} INFO - Command exited with return code 0
[2022-10-27T12:53:23.852+0000] {taskinstance.py:1406} INFO - Marking task as SUCCESS. dag_id=tutorial, task_id=templated, execution_date=20161022T000000, start_date=20221027T125323, end_date=20221027T125323
[2022-10-27T12:53:23.996+0000] {local_task_job.py:164} INFO - Task exited with return code 0
[2022-10-27T12:53:24.192+0000] {local_task_job.py:273} INFO - 0 downstream tasks scheduled from follow-on schedule check
