[2022-11-13T12:53:52.261+0000] {taskinstance.py:1165} INFO - Dependencies all met for <TaskInstance: extr_proc_aug_pipl.processing_data scheduled__2022-11-04T00:00:00+00:00 [queued]>
[2022-11-13T12:53:52.291+0000] {taskinstance.py:1165} INFO - Dependencies all met for <TaskInstance: extr_proc_aug_pipl.processing_data scheduled__2022-11-04T00:00:00+00:00 [queued]>
[2022-11-13T12:53:52.292+0000] {taskinstance.py:1362} INFO - 
--------------------------------------------------------------------------------
[2022-11-13T12:53:52.292+0000] {taskinstance.py:1363} INFO - Starting attempt 1 of 4
[2022-11-13T12:53:52.292+0000] {taskinstance.py:1364} INFO - 
--------------------------------------------------------------------------------
[2022-11-13T12:53:52.531+0000] {taskinstance.py:1383} INFO - Executing <Task(BashOperator): processing_data> on 2022-11-04 00:00:00+00:00
[2022-11-13T12:53:52.570+0000] {standard_task_runner.py:55} INFO - Started process 2020 to run task
[2022-11-13T12:53:52.805+0000] {standard_task_runner.py:82} INFO - Running: ['***', 'tasks', 'run', 'extr_proc_aug_pipl', 'processing_data', 'scheduled__2022-11-04T00:00:00+00:00', '--job-id', '4748', '--raw', '--subdir', 'DAGS_FOLDER/extr_processing_augmentation.py', '--cfg-path', '/tmp/tmp57h9f9xu']
[2022-11-13T12:53:52.960+0000] {standard_task_runner.py:83} INFO - Job 4748: Subtask processing_data
[2022-11-13T12:53:53.584+0000] {logging_mixin.py:120} WARNING - /home/***/.local/lib/python3.7/site-packages/***/configuration.py:545 DeprecationWarning: The sql_alchemy_conn option in [core] has been moved to the sql_alchemy_conn option in [database] - the old setting has been used, but please update your config.
[2022-11-13T12:53:53.820+0000] {task_command.py:376} INFO - Running <TaskInstance: extr_proc_aug_pipl.processing_data scheduled__2022-11-04T00:00:00+00:00 [running]> on host ed3e98310717
[2022-11-13T12:53:54.386+0000] {taskinstance.py:1592} INFO - Exporting the following env vars:
AIRFLOW_CTX_DAG_EMAIL=***@***.com
AIRFLOW_CTX_DAG_OWNER=***
AIRFLOW_CTX_DAG_ID=extr_proc_aug_pipl
AIRFLOW_CTX_TASK_ID=processing_data
AIRFLOW_CTX_EXECUTION_DATE=2022-11-04T00:00:00+00:00
AIRFLOW_CTX_TRY_NUMBER=1
AIRFLOW_CTX_DAG_RUN_ID=scheduled__2022-11-04T00:00:00+00:00
[2022-11-13T12:53:54.393+0000] {subprocess.py:63} INFO - Tmp dir root location: 
 /tmp
[2022-11-13T12:53:54.398+0000] {subprocess.py:75} INFO - Running command: ['/bin/bash', '-c', 'sleep 5']
[2022-11-13T12:53:54.426+0000] {subprocess.py:86} INFO - Output:
[2022-11-13T12:53:59.430+0000] {subprocess.py:97} INFO - Command exited with return code 0
[2022-11-13T12:53:59.776+0000] {taskinstance.py:1406} INFO - Marking task as SUCCESS. dag_id=extr_proc_aug_pipl, task_id=processing_data, execution_date=20221104T000000, start_date=20221113T125352, end_date=20221113T125359
[2022-11-13T12:53:59.863+0000] {local_task_job.py:164} INFO - Task exited with return code 0
[2022-11-13T12:54:01.181+0000] {local_task_job.py:273} INFO - 0 downstream tasks scheduled from follow-on schedule check
