[2022-10-27T12:47:39.107+0000] {taskinstance.py:1165} INFO - Dependencies all met for <TaskInstance: tutorial.templated scheduled__2015-11-21T00:00:00+00:00 [queued]>
[2022-10-27T12:47:39.119+0000] {taskinstance.py:1165} INFO - Dependencies all met for <TaskInstance: tutorial.templated scheduled__2015-11-21T00:00:00+00:00 [queued]>
[2022-10-27T12:47:39.120+0000] {taskinstance.py:1362} INFO - 
--------------------------------------------------------------------------------
[2022-10-27T12:47:39.120+0000] {taskinstance.py:1363} INFO - Starting attempt 1 of 2
[2022-10-27T12:47:39.120+0000] {taskinstance.py:1364} INFO - 
--------------------------------------------------------------------------------
[2022-10-27T12:47:39.136+0000] {taskinstance.py:1383} INFO - Executing <Task(BashOperator): templated> on 2015-11-21 00:00:00+00:00
[2022-10-27T12:47:39.142+0000] {standard_task_runner.py:55} INFO - Started process 2293 to run task
[2022-10-27T12:47:39.145+0000] {standard_task_runner.py:82} INFO - Running: ['***', 'tasks', 'run', 'tutorial', 'templated', 'scheduled__2015-11-21T00:00:00+00:00', '--job-id', '615', '--raw', '--subdir', 'DAGS_FOLDER/tuto.py', '--cfg-path', '/tmp/tmp4ur7u61f']
[2022-10-27T12:47:39.148+0000] {standard_task_runner.py:83} INFO - Job 615: Subtask templated
[2022-10-27T12:47:39.164+0000] {logging_mixin.py:120} WARNING - /home/***/.local/lib/python3.7/site-packages/***/configuration.py:545 DeprecationWarning: The sql_alchemy_conn option in [core] has been moved to the sql_alchemy_conn option in [database] - the old setting has been used, but please update your config.
[2022-10-27T12:47:39.235+0000] {task_command.py:376} INFO - Running <TaskInstance: tutorial.templated scheduled__2015-11-21T00:00:00+00:00 [running]> on host e60030a57919
[2022-10-27T12:47:39.319+0000] {taskinstance.py:1592} INFO - Exporting the following env vars:
AIRFLOW_CTX_DAG_EMAIL=***@***.com
AIRFLOW_CTX_DAG_OWNER=***
AIRFLOW_CTX_DAG_ID=tutorial
AIRFLOW_CTX_TASK_ID=templated
AIRFLOW_CTX_EXECUTION_DATE=2015-11-21T00:00:00+00:00
AIRFLOW_CTX_TRY_NUMBER=1
AIRFLOW_CTX_DAG_RUN_ID=scheduled__2015-11-21T00:00:00+00:00
[2022-10-27T12:47:39.320+0000] {subprocess.py:63} INFO - Tmp dir root location: 
 /tmp
[2022-10-27T12:47:39.321+0000] {subprocess.py:75} INFO - Running command: ['/bin/bash', '-c', '\n    \n        echo "2015-11-21"\n        echo "2015-11-28"\n        echo "Parameter I passed in"\n    \n        echo "2015-11-21"\n        echo "2015-11-28"\n        echo "Parameter I passed in"\n    \n        echo "2015-11-21"\n        echo "2015-11-28"\n        echo "Parameter I passed in"\n    \n        echo "2015-11-21"\n        echo "2015-11-28"\n        echo "Parameter I passed in"\n    \n        echo "2015-11-21"\n        echo "2015-11-28"\n        echo "Parameter I passed in"\n    ']
[2022-10-27T12:47:39.330+0000] {subprocess.py:86} INFO - Output:
[2022-10-27T12:47:39.332+0000] {subprocess.py:93} INFO - 2015-11-21
[2022-10-27T12:47:39.332+0000] {subprocess.py:93} INFO - 2015-11-28
[2022-10-27T12:47:39.332+0000] {subprocess.py:93} INFO - Parameter I passed in
[2022-10-27T12:47:39.332+0000] {subprocess.py:93} INFO - 2015-11-21
[2022-10-27T12:47:39.332+0000] {subprocess.py:93} INFO - 2015-11-28
[2022-10-27T12:47:39.332+0000] {subprocess.py:93} INFO - Parameter I passed in
[2022-10-27T12:47:39.333+0000] {subprocess.py:93} INFO - 2015-11-21
[2022-10-27T12:47:39.333+0000] {subprocess.py:93} INFO - 2015-11-28
[2022-10-27T12:47:39.333+0000] {subprocess.py:93} INFO - Parameter I passed in
[2022-10-27T12:47:39.333+0000] {subprocess.py:93} INFO - 2015-11-21
[2022-10-27T12:47:39.333+0000] {subprocess.py:93} INFO - 2015-11-28
[2022-10-27T12:47:39.333+0000] {subprocess.py:93} INFO - Parameter I passed in
[2022-10-27T12:47:39.333+0000] {subprocess.py:93} INFO - 2015-11-21
[2022-10-27T12:47:39.333+0000] {subprocess.py:93} INFO - 2015-11-28
[2022-10-27T12:47:39.333+0000] {subprocess.py:93} INFO - Parameter I passed in
[2022-10-27T12:47:39.334+0000] {subprocess.py:97} INFO - Command exited with return code 0
[2022-10-27T12:47:39.357+0000] {taskinstance.py:1406} INFO - Marking task as SUCCESS. dag_id=tutorial, task_id=templated, execution_date=20151121T000000, start_date=20221027T124739, end_date=20221027T124739
[2022-10-27T12:47:39.398+0000] {local_task_job.py:164} INFO - Task exited with return code 0
[2022-10-27T12:47:39.415+0000] {local_task_job.py:273} INFO - 0 downstream tasks scheduled from follow-on schedule check
