[2023-05-10T10:52:00.951+0000] {taskinstance.py:1165} INFO - Dependencies all met for <TaskInstance: extr_proc_aug_pipl.merge_text_n_data scheduled__2022-12-29T21:30:00+00:00 [queued]>
[2023-05-10T10:52:00.984+0000] {taskinstance.py:1165} INFO - Dependencies all met for <TaskInstance: extr_proc_aug_pipl.merge_text_n_data scheduled__2022-12-29T21:30:00+00:00 [queued]>
[2023-05-10T10:52:00.984+0000] {taskinstance.py:1362} INFO - 
--------------------------------------------------------------------------------
[2023-05-10T10:52:00.985+0000] {taskinstance.py:1363} INFO - Starting attempt 1 of 4
[2023-05-10T10:52:00.985+0000] {taskinstance.py:1364} INFO - 
--------------------------------------------------------------------------------
[2023-05-10T10:52:01.032+0000] {taskinstance.py:1383} INFO - Executing <Task(BashOperator): merge_text_n_data> on 2022-12-29 21:30:00+00:00
[2023-05-10T10:52:01.041+0000] {standard_task_runner.py:55} INFO - Started process 3362 to run task
[2023-05-10T10:52:01.049+0000] {standard_task_runner.py:82} INFO - Running: ['***', 'tasks', 'run', 'extr_proc_aug_pipl', 'merge_text_n_data', 'scheduled__2022-12-29T21:30:00+00:00', '--job-id', '6377', '--raw', '--subdir', 'DAGS_FOLDER/extr_processing_augmentation.py', '--cfg-path', '/tmp/tmpdgle7aca']
[2023-05-10T10:52:01.054+0000] {standard_task_runner.py:83} INFO - Job 6377: Subtask merge_text_n_data
[2023-05-10T10:52:01.092+0000] {logging_mixin.py:120} WARNING - /home/***/.local/lib/python3.7/site-packages/***/configuration.py:545 DeprecationWarning: The sql_alchemy_conn option in [core] has been moved to the sql_alchemy_conn option in [database] - the old setting has been used, but please update your config.
[2023-05-10T10:52:01.316+0000] {task_command.py:376} INFO - Running <TaskInstance: extr_proc_aug_pipl.merge_text_n_data scheduled__2022-12-29T21:30:00+00:00 [running]> on host 0961b7a3874f
[2023-05-10T10:52:01.551+0000] {taskinstance.py:1592} INFO - Exporting the following env vars:
AIRFLOW_CTX_DAG_EMAIL=***@***.com
AIRFLOW_CTX_DAG_OWNER=***
AIRFLOW_CTX_DAG_ID=extr_proc_aug_pipl
AIRFLOW_CTX_TASK_ID=merge_text_n_data
AIRFLOW_CTX_EXECUTION_DATE=2022-12-29T21:30:00+00:00
AIRFLOW_CTX_TRY_NUMBER=1
AIRFLOW_CTX_DAG_RUN_ID=scheduled__2022-12-29T21:30:00+00:00
[2023-05-10T10:52:01.554+0000] {subprocess.py:63} INFO - Tmp dir root location: 
 /tmp
[2023-05-10T10:52:01.555+0000] {subprocess.py:75} INFO - Running command: ['/bin/bash', '-c', 'sleep 5']
[2023-05-10T10:52:01.602+0000] {subprocess.py:86} INFO - Output:
[2023-05-10T10:52:06.608+0000] {subprocess.py:97} INFO - Command exited with return code 0
[2023-05-10T10:52:06.676+0000] {taskinstance.py:1406} INFO - Marking task as SUCCESS. dag_id=extr_proc_aug_pipl, task_id=merge_text_n_data, execution_date=20221229T213000, start_date=20230510T105200, end_date=20230510T105206
[2023-05-10T10:52:06.757+0000] {local_task_job.py:164} INFO - Task exited with return code 0
[2023-05-10T10:52:06.867+0000] {local_task_job.py:273} INFO - 0 downstream tasks scheduled from follow-on schedule check
