[2022-10-27T12:55:22.904+0000] {taskinstance.py:1165} INFO - Dependencies all met for <TaskInstance: tutorial.sleep scheduled__2017-02-14T00:00:00+00:00 [queued]>
[2022-10-27T12:55:22.932+0000] {taskinstance.py:1165} INFO - Dependencies all met for <TaskInstance: tutorial.sleep scheduled__2017-02-14T00:00:00+00:00 [queued]>
[2022-10-27T12:55:22.933+0000] {taskinstance.py:1362} INFO - 
--------------------------------------------------------------------------------
[2022-10-27T12:55:22.933+0000] {taskinstance.py:1363} INFO - Starting attempt 1 of 4
[2022-10-27T12:55:22.933+0000] {taskinstance.py:1364} INFO - 
--------------------------------------------------------------------------------
[2022-10-27T12:55:23.067+0000] {taskinstance.py:1383} INFO - Executing <Task(BashOperator): sleep> on 2017-02-14 00:00:00+00:00
[2022-10-27T12:55:23.085+0000] {standard_task_runner.py:55} INFO - Started process 6923 to run task
[2022-10-27T12:55:23.093+0000] {standard_task_runner.py:82} INFO - Running: ['***', 'tasks', 'run', 'tutorial', 'sleep', 'scheduled__2017-02-14T00:00:00+00:00', '--job-id', '1966', '--raw', '--subdir', 'DAGS_FOLDER/tuto.py', '--cfg-path', '/tmp/tmp33cf5vfb']
[2022-10-27T12:55:23.097+0000] {standard_task_runner.py:83} INFO - Job 1966: Subtask sleep
[2022-10-27T12:55:23.146+0000] {logging_mixin.py:120} WARNING - /home/***/.local/lib/python3.7/site-packages/***/configuration.py:545 DeprecationWarning: The sql_alchemy_conn option in [core] has been moved to the sql_alchemy_conn option in [database] - the old setting has been used, but please update your config.
[2022-10-27T12:55:23.414+0000] {task_command.py:376} INFO - Running <TaskInstance: tutorial.sleep scheduled__2017-02-14T00:00:00+00:00 [running]> on host e60030a57919
[2022-10-27T12:55:23.774+0000] {taskinstance.py:1592} INFO - Exporting the following env vars:
AIRFLOW_CTX_DAG_EMAIL=***@***.com
AIRFLOW_CTX_DAG_OWNER=***
AIRFLOW_CTX_DAG_ID=tutorial
AIRFLOW_CTX_TASK_ID=sleep
AIRFLOW_CTX_EXECUTION_DATE=2017-02-14T00:00:00+00:00
AIRFLOW_CTX_TRY_NUMBER=1
AIRFLOW_CTX_DAG_RUN_ID=scheduled__2017-02-14T00:00:00+00:00
[2022-10-27T12:55:23.776+0000] {subprocess.py:63} INFO - Tmp dir root location: 
 /tmp
[2022-10-27T12:55:23.777+0000] {subprocess.py:75} INFO - Running command: ['/bin/bash', '-c', 'sleep 5']
[2022-10-27T12:55:23.808+0000] {subprocess.py:86} INFO - Output:
[2022-10-27T12:55:28.815+0000] {subprocess.py:97} INFO - Command exited with return code 0
[2022-10-27T12:55:28.851+0000] {taskinstance.py:1406} INFO - Marking task as SUCCESS. dag_id=tutorial, task_id=sleep, execution_date=20170214T000000, start_date=20221027T125522, end_date=20221027T125528
[2022-10-27T12:55:28.910+0000] {local_task_job.py:164} INFO - Task exited with return code 0
[2022-10-27T12:55:28.931+0000] {local_task_job.py:273} INFO - 0 downstream tasks scheduled from follow-on schedule check
