[2022-10-27T12:53:44.146+0000] {taskinstance.py:1165} INFO - Dependencies all met for <TaskInstance: tutorial.templated scheduled__2016-11-15T00:00:00+00:00 [queued]>
[2022-10-27T12:53:44.160+0000] {taskinstance.py:1165} INFO - Dependencies all met for <TaskInstance: tutorial.templated scheduled__2016-11-15T00:00:00+00:00 [queued]>
[2022-10-27T12:53:44.161+0000] {taskinstance.py:1362} INFO - 
--------------------------------------------------------------------------------
[2022-10-27T12:53:44.161+0000] {taskinstance.py:1363} INFO - Starting attempt 1 of 2
[2022-10-27T12:53:44.161+0000] {taskinstance.py:1364} INFO - 
--------------------------------------------------------------------------------
[2022-10-27T12:53:44.201+0000] {taskinstance.py:1383} INFO - Executing <Task(BashOperator): templated> on 2016-11-15 00:00:00+00:00
[2022-10-27T12:53:44.207+0000] {standard_task_runner.py:55} INFO - Started process 5995 to run task
[2022-10-27T12:53:44.211+0000] {standard_task_runner.py:82} INFO - Running: ['***', 'tasks', 'run', 'tutorial', 'templated', 'scheduled__2016-11-15T00:00:00+00:00', '--job-id', '1697', '--raw', '--subdir', 'DAGS_FOLDER/tuto.py', '--cfg-path', '/tmp/tmp_4vmdhxu']
[2022-10-27T12:53:44.214+0000] {standard_task_runner.py:83} INFO - Job 1697: Subtask templated
[2022-10-27T12:53:44.231+0000] {logging_mixin.py:120} WARNING - /home/***/.local/lib/python3.7/site-packages/***/configuration.py:545 DeprecationWarning: The sql_alchemy_conn option in [core] has been moved to the sql_alchemy_conn option in [database] - the old setting has been used, but please update your config.
[2022-10-27T12:53:44.310+0000] {task_command.py:376} INFO - Running <TaskInstance: tutorial.templated scheduled__2016-11-15T00:00:00+00:00 [running]> on host e60030a57919
[2022-10-27T12:53:44.409+0000] {taskinstance.py:1592} INFO - Exporting the following env vars:
AIRFLOW_CTX_DAG_EMAIL=***@***.com
AIRFLOW_CTX_DAG_OWNER=***
AIRFLOW_CTX_DAG_ID=tutorial
AIRFLOW_CTX_TASK_ID=templated
AIRFLOW_CTX_EXECUTION_DATE=2016-11-15T00:00:00+00:00
AIRFLOW_CTX_TRY_NUMBER=1
AIRFLOW_CTX_DAG_RUN_ID=scheduled__2016-11-15T00:00:00+00:00
[2022-10-27T12:53:44.410+0000] {subprocess.py:63} INFO - Tmp dir root location: 
 /tmp
[2022-10-27T12:53:44.411+0000] {subprocess.py:75} INFO - Running command: ['/bin/bash', '-c', '\n    \n        echo "2016-11-15"\n        echo "2016-11-22"\n        echo "Parameter I passed in"\n    \n        echo "2016-11-15"\n        echo "2016-11-22"\n        echo "Parameter I passed in"\n    \n        echo "2016-11-15"\n        echo "2016-11-22"\n        echo "Parameter I passed in"\n    \n        echo "2016-11-15"\n        echo "2016-11-22"\n        echo "Parameter I passed in"\n    \n        echo "2016-11-15"\n        echo "2016-11-22"\n        echo "Parameter I passed in"\n    ']
[2022-10-27T12:53:44.426+0000] {subprocess.py:86} INFO - Output:
[2022-10-27T12:53:44.428+0000] {subprocess.py:93} INFO - 2016-11-15
[2022-10-27T12:53:44.428+0000] {subprocess.py:93} INFO - 2016-11-22
[2022-10-27T12:53:44.428+0000] {subprocess.py:93} INFO - Parameter I passed in
[2022-10-27T12:53:44.428+0000] {subprocess.py:93} INFO - 2016-11-15
[2022-10-27T12:53:44.428+0000] {subprocess.py:93} INFO - 2016-11-22
[2022-10-27T12:53:44.428+0000] {subprocess.py:93} INFO - Parameter I passed in
[2022-10-27T12:53:44.429+0000] {subprocess.py:93} INFO - 2016-11-15
[2022-10-27T12:53:44.429+0000] {subprocess.py:93} INFO - 2016-11-22
[2022-10-27T12:53:44.429+0000] {subprocess.py:93} INFO - Parameter I passed in
[2022-10-27T12:53:44.429+0000] {subprocess.py:93} INFO - 2016-11-15
[2022-10-27T12:53:44.429+0000] {subprocess.py:93} INFO - 2016-11-22
[2022-10-27T12:53:44.429+0000] {subprocess.py:93} INFO - Parameter I passed in
[2022-10-27T12:53:44.429+0000] {subprocess.py:93} INFO - 2016-11-15
[2022-10-27T12:53:44.429+0000] {subprocess.py:93} INFO - 2016-11-22
[2022-10-27T12:53:44.429+0000] {subprocess.py:93} INFO - Parameter I passed in
[2022-10-27T12:53:44.430+0000] {subprocess.py:97} INFO - Command exited with return code 0
[2022-10-27T12:53:44.468+0000] {taskinstance.py:1406} INFO - Marking task as SUCCESS. dag_id=tutorial, task_id=templated, execution_date=20161115T000000, start_date=20221027T125344, end_date=20221027T125344
[2022-10-27T12:53:44.503+0000] {local_task_job.py:164} INFO - Task exited with return code 0
[2022-10-27T12:53:44.524+0000] {local_task_job.py:273} INFO - 0 downstream tasks scheduled from follow-on schedule check
