[2023-05-10T10:53:30.650+0000] {taskinstance.py:1165} INFO - Dependencies all met for <TaskInstance: extr_proc_aug_pipl.train_bert_text scheduled__2022-12-30T22:30:00+00:00 [queued]>
[2023-05-10T10:53:30.720+0000] {taskinstance.py:1165} INFO - Dependencies all met for <TaskInstance: extr_proc_aug_pipl.train_bert_text scheduled__2022-12-30T22:30:00+00:00 [queued]>
[2023-05-10T10:53:30.721+0000] {taskinstance.py:1362} INFO - 
--------------------------------------------------------------------------------
[2023-05-10T10:53:30.721+0000] {taskinstance.py:1363} INFO - Starting attempt 1 of 4
[2023-05-10T10:53:30.721+0000] {taskinstance.py:1364} INFO - 
--------------------------------------------------------------------------------
[2023-05-10T10:53:31.264+0000] {taskinstance.py:1383} INFO - Executing <Task(BashOperator): train_bert_text> on 2022-12-30 22:30:00+00:00
[2023-05-10T10:53:31.284+0000] {standard_task_runner.py:55} INFO - Started process 4068 to run task
[2023-05-10T10:53:31.300+0000] {standard_task_runner.py:82} INFO - Running: ['***', 'tasks', 'run', 'extr_proc_aug_pipl', 'train_bert_text', 'scheduled__2022-12-30T22:30:00+00:00', '--job-id', '6579', '--raw', '--subdir', 'DAGS_FOLDER/extr_processing_augmentation.py', '--cfg-path', '/tmp/tmp_3tb4d3j']
[2023-05-10T10:53:31.303+0000] {standard_task_runner.py:83} INFO - Job 6579: Subtask train_bert_text
[2023-05-10T10:53:31.389+0000] {logging_mixin.py:120} WARNING - /home/***/.local/lib/python3.7/site-packages/***/configuration.py:545 DeprecationWarning: The sql_alchemy_conn option in [core] has been moved to the sql_alchemy_conn option in [database] - the old setting has been used, but please update your config.
[2023-05-10T10:53:31.684+0000] {task_command.py:376} INFO - Running <TaskInstance: extr_proc_aug_pipl.train_bert_text scheduled__2022-12-30T22:30:00+00:00 [running]> on host 0961b7a3874f
[2023-05-10T10:53:32.017+0000] {taskinstance.py:1592} INFO - Exporting the following env vars:
AIRFLOW_CTX_DAG_EMAIL=***@***.com
AIRFLOW_CTX_DAG_OWNER=***
AIRFLOW_CTX_DAG_ID=extr_proc_aug_pipl
AIRFLOW_CTX_TASK_ID=train_bert_text
AIRFLOW_CTX_EXECUTION_DATE=2022-12-30T22:30:00+00:00
AIRFLOW_CTX_TRY_NUMBER=1
AIRFLOW_CTX_DAG_RUN_ID=scheduled__2022-12-30T22:30:00+00:00
[2023-05-10T10:53:32.020+0000] {subprocess.py:63} INFO - Tmp dir root location: 
 /tmp
[2023-05-10T10:53:32.022+0000] {subprocess.py:75} INFO - Running command: ['/bin/bash', '-c', 'sleep 5']
[2023-05-10T10:53:32.056+0000] {subprocess.py:86} INFO - Output:
[2023-05-10T10:53:37.061+0000] {subprocess.py:97} INFO - Command exited with return code 0
[2023-05-10T10:53:37.107+0000] {taskinstance.py:1406} INFO - Marking task as SUCCESS. dag_id=extr_proc_aug_pipl, task_id=train_bert_text, execution_date=20221230T223000, start_date=20230510T105330, end_date=20230510T105337
[2023-05-10T10:53:37.227+0000] {local_task_job.py:164} INFO - Task exited with return code 0
[2023-05-10T10:53:37.290+0000] {local_task_job.py:273} INFO - 1 downstream tasks scheduled from follow-on schedule check
