[2022-11-13T12:53:19.215+0000] {taskinstance.py:1165} INFO - Dependencies all met for <TaskInstance: extr_proc_aug_pipl.processing_text scheduled__2022-11-02T00:00:00+00:00 [queued]>
[2022-11-13T12:53:19.242+0000] {taskinstance.py:1165} INFO - Dependencies all met for <TaskInstance: extr_proc_aug_pipl.processing_text scheduled__2022-11-02T00:00:00+00:00 [queued]>
[2022-11-13T12:53:19.243+0000] {taskinstance.py:1362} INFO - 
--------------------------------------------------------------------------------
[2022-11-13T12:53:19.243+0000] {taskinstance.py:1363} INFO - Starting attempt 1 of 4
[2022-11-13T12:53:19.243+0000] {taskinstance.py:1364} INFO - 
--------------------------------------------------------------------------------
[2022-11-13T12:53:19.289+0000] {taskinstance.py:1383} INFO - Executing <Task(BashOperator): processing_text> on 2022-11-02 00:00:00+00:00
[2022-11-13T12:53:19.305+0000] {standard_task_runner.py:55} INFO - Started process 1877 to run task
[2022-11-13T12:53:19.312+0000] {standard_task_runner.py:82} INFO - Running: ['***', 'tasks', 'run', 'extr_proc_aug_pipl', 'processing_text', 'scheduled__2022-11-02T00:00:00+00:00', '--job-id', '4723', '--raw', '--subdir', 'DAGS_FOLDER/extr_processing_augmentation.py', '--cfg-path', '/tmp/tmpjeakdz2l']
[2022-11-13T12:53:19.316+0000] {standard_task_runner.py:83} INFO - Job 4723: Subtask processing_text
[2022-11-13T12:53:19.349+0000] {logging_mixin.py:120} WARNING - /home/***/.local/lib/python3.7/site-packages/***/configuration.py:545 DeprecationWarning: The sql_alchemy_conn option in [core] has been moved to the sql_alchemy_conn option in [database] - the old setting has been used, but please update your config.
[2022-11-13T12:53:19.459+0000] {task_command.py:376} INFO - Running <TaskInstance: extr_proc_aug_pipl.processing_text scheduled__2022-11-02T00:00:00+00:00 [running]> on host ed3e98310717
[2022-11-13T12:53:19.607+0000] {taskinstance.py:1592} INFO - Exporting the following env vars:
AIRFLOW_CTX_DAG_EMAIL=***@***.com
AIRFLOW_CTX_DAG_OWNER=***
AIRFLOW_CTX_DAG_ID=extr_proc_aug_pipl
AIRFLOW_CTX_TASK_ID=processing_text
AIRFLOW_CTX_EXECUTION_DATE=2022-11-02T00:00:00+00:00
AIRFLOW_CTX_TRY_NUMBER=1
AIRFLOW_CTX_DAG_RUN_ID=scheduled__2022-11-02T00:00:00+00:00
[2022-11-13T12:53:19.609+0000] {subprocess.py:63} INFO - Tmp dir root location: 
 /tmp
[2022-11-13T12:53:19.613+0000] {subprocess.py:75} INFO - Running command: ['/bin/bash', '-c', 'sleep 5']
[2022-11-13T12:53:19.635+0000] {subprocess.py:86} INFO - Output:
[2022-11-13T12:53:24.639+0000] {subprocess.py:97} INFO - Command exited with return code 0
[2022-11-13T12:53:24.697+0000] {taskinstance.py:1406} INFO - Marking task as SUCCESS. dag_id=extr_proc_aug_pipl, task_id=processing_text, execution_date=20221102T000000, start_date=20221113T125319, end_date=20221113T125324
[2022-11-13T12:53:24.771+0000] {local_task_job.py:164} INFO - Task exited with return code 0
[2022-11-13T12:53:24.834+0000] {local_task_job.py:273} INFO - 1 downstream tasks scheduled from follow-on schedule check
