[2022-10-27T12:46:48.265+0000] {taskinstance.py:1165} INFO - Dependencies all met for <TaskInstance: tutorial.print_date scheduled__2015-10-01T00:00:00+00:00 [queued]>
[2022-10-27T12:46:48.288+0000] {taskinstance.py:1165} INFO - Dependencies all met for <TaskInstance: tutorial.print_date scheduled__2015-10-01T00:00:00+00:00 [queued]>
[2022-10-27T12:46:48.290+0000] {taskinstance.py:1362} INFO - 
--------------------------------------------------------------------------------
[2022-10-27T12:46:48.291+0000] {taskinstance.py:1363} INFO - Starting attempt 1 of 2
[2022-10-27T12:46:48.291+0000] {taskinstance.py:1364} INFO - 
--------------------------------------------------------------------------------
[2022-10-27T12:46:48.372+0000] {taskinstance.py:1383} INFO - Executing <Task(BashOperator): print_date> on 2015-10-01 00:00:00+00:00
[2022-10-27T12:46:48.381+0000] {standard_task_runner.py:55} INFO - Started process 1727 to run task
[2022-10-27T12:46:48.398+0000] {standard_task_runner.py:82} INFO - Running: ['***', 'tasks', 'run', 'tutorial', 'print_date', 'scheduled__2015-10-01T00:00:00+00:00', '--job-id', '443', '--raw', '--subdir', 'DAGS_FOLDER/tuto.py', '--cfg-path', '/tmp/tmpm8ud78z_']
[2022-10-27T12:46:48.401+0000] {standard_task_runner.py:83} INFO - Job 443: Subtask print_date
[2022-10-27T12:46:48.468+0000] {logging_mixin.py:120} WARNING - /home/***/.local/lib/python3.7/site-packages/***/configuration.py:545 DeprecationWarning: The sql_alchemy_conn option in [core] has been moved to the sql_alchemy_conn option in [database] - the old setting has been used, but please update your config.
[2022-10-27T12:46:48.618+0000] {task_command.py:376} INFO - Running <TaskInstance: tutorial.print_date scheduled__2015-10-01T00:00:00+00:00 [running]> on host e60030a57919
[2022-10-27T12:46:48.767+0000] {taskinstance.py:1592} INFO - Exporting the following env vars:
AIRFLOW_CTX_DAG_EMAIL=***@***.com
AIRFLOW_CTX_DAG_OWNER=***
AIRFLOW_CTX_DAG_ID=tutorial
AIRFLOW_CTX_TASK_ID=print_date
AIRFLOW_CTX_EXECUTION_DATE=2015-10-01T00:00:00+00:00
AIRFLOW_CTX_TRY_NUMBER=1
AIRFLOW_CTX_DAG_RUN_ID=scheduled__2015-10-01T00:00:00+00:00
[2022-10-27T12:46:48.769+0000] {subprocess.py:63} INFO - Tmp dir root location: 
 /tmp
[2022-10-27T12:46:48.770+0000] {subprocess.py:75} INFO - Running command: ['/bin/bash', '-c', 'date']
[2022-10-27T12:46:48.791+0000] {subprocess.py:86} INFO - Output:
[2022-10-27T12:46:48.796+0000] {subprocess.py:93} INFO - Thu Oct 27 12:46:48 UTC 2022
[2022-10-27T12:46:48.797+0000] {subprocess.py:97} INFO - Command exited with return code 0
[2022-10-27T12:46:48.856+0000] {taskinstance.py:1406} INFO - Marking task as SUCCESS. dag_id=tutorial, task_id=print_date, execution_date=20151001T000000, start_date=20221027T124648, end_date=20221027T124648
[2022-10-27T12:46:48.937+0000] {local_task_job.py:164} INFO - Task exited with return code 0
[2022-10-27T12:46:49.000+0000] {local_task_job.py:273} INFO - 2 downstream tasks scheduled from follow-on schedule check
