[2022-10-27T13:11:24.918+0000] {taskinstance.py:1165} INFO - Dependencies all met for <TaskInstance: tutorial.templated scheduled__2019-06-29T00:00:00+00:00 [queued]>
[2022-10-27T13:11:24.940+0000] {taskinstance.py:1165} INFO - Dependencies all met for <TaskInstance: tutorial.templated scheduled__2019-06-29T00:00:00+00:00 [queued]>
[2022-10-27T13:11:24.940+0000] {taskinstance.py:1362} INFO - 
--------------------------------------------------------------------------------
[2022-10-27T13:11:24.941+0000] {taskinstance.py:1363} INFO - Starting attempt 1 of 2
[2022-10-27T13:11:24.941+0000] {taskinstance.py:1364} INFO - 
--------------------------------------------------------------------------------
[2022-10-27T13:11:25.019+0000] {taskinstance.py:1383} INFO - Executing <Task(BashOperator): templated> on 2019-06-29 00:00:00+00:00
[2022-10-27T13:11:25.031+0000] {standard_task_runner.py:55} INFO - Started process 275 to run task
[2022-10-27T13:11:25.045+0000] {standard_task_runner.py:82} INFO - Running: ['***', 'tasks', 'run', 'tutorial', 'templated', 'scheduled__2019-06-29T00:00:00+00:00', '--job-id', '4570', '--raw', '--subdir', 'DAGS_FOLDER/tuto.py', '--cfg-path', '/tmp/tmprs81xpsm']
[2022-10-27T13:11:25.050+0000] {standard_task_runner.py:83} INFO - Job 4570: Subtask templated
[2022-10-27T13:11:25.091+0000] {logging_mixin.py:120} WARNING - /home/***/.local/lib/python3.7/site-packages/***/configuration.py:545 DeprecationWarning: The sql_alchemy_conn option in [core] has been moved to the sql_alchemy_conn option in [database] - the old setting has been used, but please update your config.
[2022-10-27T13:11:25.253+0000] {task_command.py:376} INFO - Running <TaskInstance: tutorial.templated scheduled__2019-06-29T00:00:00+00:00 [running]> on host ed3e98310717
[2022-10-27T13:11:25.401+0000] {taskinstance.py:1592} INFO - Exporting the following env vars:
AIRFLOW_CTX_DAG_EMAIL=***@***.com
AIRFLOW_CTX_DAG_OWNER=***
AIRFLOW_CTX_DAG_ID=tutorial
AIRFLOW_CTX_TASK_ID=templated
AIRFLOW_CTX_EXECUTION_DATE=2019-06-29T00:00:00+00:00
AIRFLOW_CTX_TRY_NUMBER=1
AIRFLOW_CTX_DAG_RUN_ID=scheduled__2019-06-29T00:00:00+00:00
[2022-10-27T13:11:25.403+0000] {subprocess.py:63} INFO - Tmp dir root location: 
 /tmp
[2022-10-27T13:11:25.404+0000] {subprocess.py:75} INFO - Running command: ['/bin/bash', '-c', '\n    \n        echo "2019-06-29"\n        echo "2019-07-06"\n        echo "Parameter I passed in"\n    \n        echo "2019-06-29"\n        echo "2019-07-06"\n        echo "Parameter I passed in"\n    \n        echo "2019-06-29"\n        echo "2019-07-06"\n        echo "Parameter I passed in"\n    \n        echo "2019-06-29"\n        echo "2019-07-06"\n        echo "Parameter I passed in"\n    \n        echo "2019-06-29"\n        echo "2019-07-06"\n        echo "Parameter I passed in"\n    ']
[2022-10-27T13:11:25.424+0000] {subprocess.py:86} INFO - Output:
[2022-10-27T13:11:25.427+0000] {subprocess.py:93} INFO - 2019-06-29
[2022-10-27T13:11:25.427+0000] {subprocess.py:93} INFO - 2019-07-06
[2022-10-27T13:11:25.428+0000] {subprocess.py:93} INFO - Parameter I passed in
[2022-10-27T13:11:25.428+0000] {subprocess.py:93} INFO - 2019-06-29
[2022-10-27T13:11:25.428+0000] {subprocess.py:93} INFO - 2019-07-06
[2022-10-27T13:11:25.428+0000] {subprocess.py:93} INFO - Parameter I passed in
[2022-10-27T13:11:25.428+0000] {subprocess.py:93} INFO - 2019-06-29
[2022-10-27T13:11:25.428+0000] {subprocess.py:93} INFO - 2019-07-06
[2022-10-27T13:11:25.429+0000] {subprocess.py:93} INFO - Parameter I passed in
[2022-10-27T13:11:25.429+0000] {subprocess.py:93} INFO - 2019-06-29
[2022-10-27T13:11:25.429+0000] {subprocess.py:93} INFO - 2019-07-06
[2022-10-27T13:11:25.429+0000] {subprocess.py:93} INFO - Parameter I passed in
[2022-10-27T13:11:25.429+0000] {subprocess.py:93} INFO - 2019-06-29
[2022-10-27T13:11:25.429+0000] {subprocess.py:93} INFO - 2019-07-06
[2022-10-27T13:11:25.430+0000] {subprocess.py:93} INFO - Parameter I passed in
[2022-10-27T13:11:25.430+0000] {subprocess.py:97} INFO - Command exited with return code 0
[2022-10-27T13:11:25.490+0000] {taskinstance.py:1406} INFO - Marking task as SUCCESS. dag_id=tutorial, task_id=templated, execution_date=20190629T000000, start_date=20221027T131124, end_date=20221027T131125
[2022-10-27T13:11:25.535+0000] {local_task_job.py:164} INFO - Task exited with return code 0
[2022-10-27T13:11:25.598+0000] {local_task_job.py:273} INFO - 0 downstream tasks scheduled from follow-on schedule check
