[2022-12-24T18:30:29.403+0000] {taskinstance.py:1165} INFO - Dependencies all met for <TaskInstance: extr_proc_aug_pipl.merge_text_n_data scheduled__2022-12-24T17:30:00+00:00 [queued]>
[2022-12-24T18:30:29.431+0000] {taskinstance.py:1165} INFO - Dependencies all met for <TaskInstance: extr_proc_aug_pipl.merge_text_n_data scheduled__2022-12-24T17:30:00+00:00 [queued]>
[2022-12-24T18:30:29.432+0000] {taskinstance.py:1362} INFO - 
--------------------------------------------------------------------------------
[2022-12-24T18:30:29.432+0000] {taskinstance.py:1363} INFO - Starting attempt 1 of 4
[2022-12-24T18:30:29.432+0000] {taskinstance.py:1364} INFO - 
--------------------------------------------------------------------------------
[2022-12-24T18:30:29.465+0000] {taskinstance.py:1383} INFO - Executing <Task(BashOperator): merge_text_n_data> on 2022-12-24 17:30:00+00:00
[2022-12-24T18:30:29.476+0000] {standard_task_runner.py:55} INFO - Started process 2422 to run task
[2022-12-24T18:30:29.479+0000] {standard_task_runner.py:82} INFO - Running: ['***', 'tasks', 'run', 'extr_proc_aug_pipl', 'merge_text_n_data', 'scheduled__2022-12-24T17:30:00+00:00', '--job-id', '5337', '--raw', '--subdir', 'DAGS_FOLDER/extr_processing_augmentation.py', '--cfg-path', '/tmp/tmp2w9haqul']
[2022-12-24T18:30:29.483+0000] {standard_task_runner.py:83} INFO - Job 5337: Subtask merge_text_n_data
[2022-12-24T18:30:29.507+0000] {logging_mixin.py:120} WARNING - /home/***/.local/lib/python3.7/site-packages/***/configuration.py:545 DeprecationWarning: The sql_alchemy_conn option in [core] has been moved to the sql_alchemy_conn option in [database] - the old setting has been used, but please update your config.
[2022-12-24T18:30:29.608+0000] {task_command.py:376} INFO - Running <TaskInstance: extr_proc_aug_pipl.merge_text_n_data scheduled__2022-12-24T17:30:00+00:00 [running]> on host 0961b7a3874f
[2022-12-24T18:30:29.745+0000] {taskinstance.py:1592} INFO - Exporting the following env vars:
AIRFLOW_CTX_DAG_EMAIL=***@***.com
AIRFLOW_CTX_DAG_OWNER=***
AIRFLOW_CTX_DAG_ID=extr_proc_aug_pipl
AIRFLOW_CTX_TASK_ID=merge_text_n_data
AIRFLOW_CTX_EXECUTION_DATE=2022-12-24T17:30:00+00:00
AIRFLOW_CTX_TRY_NUMBER=1
AIRFLOW_CTX_DAG_RUN_ID=scheduled__2022-12-24T17:30:00+00:00
[2022-12-24T18:30:29.749+0000] {subprocess.py:63} INFO - Tmp dir root location: 
 /tmp
[2022-12-24T18:30:29.751+0000] {subprocess.py:75} INFO - Running command: ['/bin/bash', '-c', 'sleep 5']
[2022-12-24T18:30:29.765+0000] {subprocess.py:86} INFO - Output:
[2022-12-24T18:30:34.770+0000] {subprocess.py:97} INFO - Command exited with return code 0
[2022-12-24T18:30:34.804+0000] {taskinstance.py:1406} INFO - Marking task as SUCCESS. dag_id=extr_proc_aug_pipl, task_id=merge_text_n_data, execution_date=20221224T173000, start_date=20221224T183029, end_date=20221224T183034
[2022-12-24T18:30:34.843+0000] {local_task_job.py:164} INFO - Task exited with return code 0
[2022-12-24T18:30:34.865+0000] {local_task_job.py:273} INFO - 0 downstream tasks scheduled from follow-on schedule check
