[2022-11-12T08:27:13.215+0000] {taskinstance.py:1165} INFO - Dependencies all met for <TaskInstance: text_processing.get_data scheduled__2022-11-10T00:00:00+00:00 [queued]>
[2022-11-12T08:27:13.249+0000] {taskinstance.py:1165} INFO - Dependencies all met for <TaskInstance: text_processing.get_data scheduled__2022-11-10T00:00:00+00:00 [queued]>
[2022-11-12T08:27:13.249+0000] {taskinstance.py:1362} INFO - 
--------------------------------------------------------------------------------
[2022-11-12T08:27:13.250+0000] {taskinstance.py:1363} INFO - Starting attempt 1 of 2
[2022-11-12T08:27:13.250+0000] {taskinstance.py:1364} INFO - 
--------------------------------------------------------------------------------
[2022-11-12T08:27:13.276+0000] {taskinstance.py:1383} INFO - Executing <Task(BashOperator): get_data> on 2022-11-10 00:00:00+00:00
[2022-11-12T08:27:13.287+0000] {standard_task_runner.py:55} INFO - Started process 8970 to run task
[2022-11-12T08:27:13.292+0000] {standard_task_runner.py:82} INFO - Running: ['***', 'tasks', 'run', 'text_processing', 'get_data', 'scheduled__2022-11-10T00:00:00+00:00', '--job-id', '4681', '--raw', '--subdir', 'DAGS_FOLDER/text_processing.py', '--cfg-path', '/tmp/tmpaf30a4yz']
[2022-11-12T08:27:13.295+0000] {standard_task_runner.py:83} INFO - Job 4681: Subtask get_data
[2022-11-12T08:27:13.322+0000] {logging_mixin.py:120} WARNING - /home/***/.local/lib/python3.7/site-packages/***/configuration.py:545 DeprecationWarning: The sql_alchemy_conn option in [core] has been moved to the sql_alchemy_conn option in [database] - the old setting has been used, but please update your config.
[2022-11-12T08:27:13.424+0000] {task_command.py:376} INFO - Running <TaskInstance: text_processing.get_data scheduled__2022-11-10T00:00:00+00:00 [running]> on host ed3e98310717
[2022-11-12T08:27:13.530+0000] {taskinstance.py:1592} INFO - Exporting the following env vars:
AIRFLOW_CTX_DAG_EMAIL=***@***.com
AIRFLOW_CTX_DAG_OWNER=***
AIRFLOW_CTX_DAG_ID=text_processing
AIRFLOW_CTX_TASK_ID=get_data
AIRFLOW_CTX_EXECUTION_DATE=2022-11-10T00:00:00+00:00
AIRFLOW_CTX_TRY_NUMBER=1
AIRFLOW_CTX_DAG_RUN_ID=scheduled__2022-11-10T00:00:00+00:00
[2022-11-12T08:27:13.532+0000] {subprocess.py:63} INFO - Tmp dir root location: 
 /tmp
[2022-11-12T08:27:13.533+0000] {subprocess.py:75} INFO - Running command: ['/bin/bash', '-c', 'date']
[2022-11-12T08:27:13.553+0000] {subprocess.py:86} INFO - Output:
[2022-11-12T08:27:13.556+0000] {subprocess.py:93} INFO - Sat Nov 12 08:27:13 UTC 2022
[2022-11-12T08:27:13.557+0000] {subprocess.py:97} INFO - Command exited with return code 0
[2022-11-12T08:27:13.596+0000] {taskinstance.py:1406} INFO - Marking task as SUCCESS. dag_id=text_processing, task_id=get_data, execution_date=20221110T000000, start_date=20221112T082713, end_date=20221112T082713
[2022-11-12T08:27:13.628+0000] {local_task_job.py:164} INFO - Task exited with return code 0
[2022-11-12T08:27:13.669+0000] {local_task_job.py:273} INFO - 1 downstream tasks scheduled from follow-on schedule check
