[2023-05-10T10:48:10.933+0000] {taskinstance.py:1165} INFO - Dependencies all met for <TaskInstance: extr_proc_aug_pipl.extract_text scheduled__2022-12-27T19:30:00+00:00 [queued]>
[2023-05-10T10:48:11.041+0000] {taskinstance.py:1165} INFO - Dependencies all met for <TaskInstance: extr_proc_aug_pipl.extract_text scheduled__2022-12-27T19:30:00+00:00 [queued]>
[2023-05-10T10:48:11.042+0000] {taskinstance.py:1362} INFO - 
--------------------------------------------------------------------------------
[2023-05-10T10:48:11.042+0000] {taskinstance.py:1363} INFO - Starting attempt 1 of 2
[2023-05-10T10:48:11.043+0000] {taskinstance.py:1364} INFO - 
--------------------------------------------------------------------------------
[2023-05-10T10:48:11.542+0000] {taskinstance.py:1383} INFO - Executing <Task(BashOperator): extract_text> on 2022-12-27 19:30:00+00:00
[2023-05-10T10:48:11.595+0000] {standard_task_runner.py:55} INFO - Started process 1675 to run task
[2023-05-10T10:48:11.614+0000] {standard_task_runner.py:82} INFO - Running: ['***', 'tasks', 'run', 'extr_proc_aug_pipl', 'extract_text', 'scheduled__2022-12-27T19:30:00+00:00', '--job-id', '5888', '--raw', '--subdir', 'DAGS_FOLDER/extr_processing_augmentation.py', '--cfg-path', '/tmp/tmpn8cbv11n']
[2023-05-10T10:48:11.618+0000] {standard_task_runner.py:83} INFO - Job 5888: Subtask extract_text
[2023-05-10T10:48:11.757+0000] {logging_mixin.py:120} WARNING - /home/***/.local/lib/python3.7/site-packages/***/configuration.py:545 DeprecationWarning: The sql_alchemy_conn option in [core] has been moved to the sql_alchemy_conn option in [database] - the old setting has been used, but please update your config.
[2023-05-10T10:48:12.095+0000] {task_command.py:376} INFO - Running <TaskInstance: extr_proc_aug_pipl.extract_text scheduled__2022-12-27T19:30:00+00:00 [running]> on host 0961b7a3874f
[2023-05-10T10:48:12.493+0000] {taskinstance.py:1592} INFO - Exporting the following env vars:
AIRFLOW_CTX_DAG_EMAIL=***@***.com
AIRFLOW_CTX_DAG_OWNER=***
AIRFLOW_CTX_DAG_ID=extr_proc_aug_pipl
AIRFLOW_CTX_TASK_ID=extract_text
AIRFLOW_CTX_EXECUTION_DATE=2022-12-27T19:30:00+00:00
AIRFLOW_CTX_TRY_NUMBER=1
AIRFLOW_CTX_DAG_RUN_ID=scheduled__2022-12-27T19:30:00+00:00
[2023-05-10T10:48:12.495+0000] {subprocess.py:63} INFO - Tmp dir root location: 
 /tmp
[2023-05-10T10:48:12.497+0000] {subprocess.py:75} INFO - Running command: ['/bin/bash', '-c', 'date']
[2023-05-10T10:48:12.529+0000] {subprocess.py:86} INFO - Output:
[2023-05-10T10:48:12.537+0000] {subprocess.py:93} INFO - Wed May 10 10:48:12 UTC 2023
[2023-05-10T10:48:12.537+0000] {subprocess.py:97} INFO - Command exited with return code 0
[2023-05-10T10:48:12.620+0000] {taskinstance.py:1406} INFO - Marking task as SUCCESS. dag_id=extr_proc_aug_pipl, task_id=extract_text, execution_date=20221227T193000, start_date=20230510T104810, end_date=20230510T104812
[2023-05-10T10:48:12.764+0000] {local_task_job.py:164} INFO - Task exited with return code 0
[2023-05-10T10:48:12.957+0000] {local_task_job.py:273} INFO - 1 downstream tasks scheduled from follow-on schedule check
