[2022-12-16T16:55:49.462+0000] {taskinstance.py:1165} INFO - Dependencies all met for <TaskInstance: extr_proc_aug_pipl.extract_text scheduled__2022-12-15T00:00:00+00:00 [queued]>
[2022-12-16T16:55:49.476+0000] {taskinstance.py:1165} INFO - Dependencies all met for <TaskInstance: extr_proc_aug_pipl.extract_text scheduled__2022-12-15T00:00:00+00:00 [queued]>
[2022-12-16T16:55:49.476+0000] {taskinstance.py:1362} INFO - 
--------------------------------------------------------------------------------
[2022-12-16T16:55:49.476+0000] {taskinstance.py:1363} INFO - Starting attempt 1 of 2
[2022-12-16T16:55:49.476+0000] {taskinstance.py:1364} INFO - 
--------------------------------------------------------------------------------
[2022-12-16T16:55:49.498+0000] {taskinstance.py:1383} INFO - Executing <Task(BashOperator): extract_text> on 2022-12-15 00:00:00+00:00
[2022-12-16T16:55:49.502+0000] {standard_task_runner.py:55} INFO - Started process 186 to run task
[2022-12-16T16:55:49.507+0000] {standard_task_runner.py:82} INFO - Running: ['***', 'tasks', 'run', 'extr_proc_aug_pipl', 'extract_text', 'scheduled__2022-12-15T00:00:00+00:00', '--job-id', '5093', '--raw', '--subdir', 'DAGS_FOLDER/extr_processing_augmentation.py', '--cfg-path', '/tmp/tmp6jf8jqfy']
[2022-12-16T16:55:49.510+0000] {standard_task_runner.py:83} INFO - Job 5093: Subtask extract_text
[2022-12-16T16:55:49.530+0000] {logging_mixin.py:120} WARNING - /home/***/.local/lib/python3.7/site-packages/***/configuration.py:545 DeprecationWarning: The sql_alchemy_conn option in [core] has been moved to the sql_alchemy_conn option in [database] - the old setting has been used, but please update your config.
[2022-12-16T16:55:49.598+0000] {task_command.py:376} INFO - Running <TaskInstance: extr_proc_aug_pipl.extract_text scheduled__2022-12-15T00:00:00+00:00 [running]> on host ed3e98310717
[2022-12-16T16:55:49.730+0000] {taskinstance.py:1592} INFO - Exporting the following env vars:
AIRFLOW_CTX_DAG_EMAIL=***@***.com
AIRFLOW_CTX_DAG_OWNER=***
AIRFLOW_CTX_DAG_ID=extr_proc_aug_pipl
AIRFLOW_CTX_TASK_ID=extract_text
AIRFLOW_CTX_EXECUTION_DATE=2022-12-15T00:00:00+00:00
AIRFLOW_CTX_TRY_NUMBER=1
AIRFLOW_CTX_DAG_RUN_ID=scheduled__2022-12-15T00:00:00+00:00
[2022-12-16T16:55:49.731+0000] {subprocess.py:63} INFO - Tmp dir root location: 
 /tmp
[2022-12-16T16:55:49.732+0000] {subprocess.py:75} INFO - Running command: ['/bin/bash', '-c', 'date']
[2022-12-16T16:55:49.742+0000] {subprocess.py:86} INFO - Output:
[2022-12-16T16:55:49.746+0000] {subprocess.py:93} INFO - Fri Dec 16 16:55:49 UTC 2022
[2022-12-16T16:55:49.746+0000] {subprocess.py:97} INFO - Command exited with return code 0
[2022-12-16T16:55:49.789+0000] {taskinstance.py:1406} INFO - Marking task as SUCCESS. dag_id=extr_proc_aug_pipl, task_id=extract_text, execution_date=20221215T000000, start_date=20221216T165549, end_date=20221216T165549
[2022-12-16T16:55:49.839+0000] {local_task_job.py:164} INFO - Task exited with return code 0
[2022-12-16T16:55:49.885+0000] {local_task_job.py:273} INFO - 1 downstream tasks scheduled from follow-on schedule check
