[2023-05-10T10:49:18.742+0000] {taskinstance.py:1165} INFO - Dependencies all met for <TaskInstance: extr_proc_aug_pipl.extract_data scheduled__2022-12-28T10:30:00+00:00 [queued]>
[2023-05-10T10:49:18.770+0000] {taskinstance.py:1165} INFO - Dependencies all met for <TaskInstance: extr_proc_aug_pipl.extract_data scheduled__2022-12-28T10:30:00+00:00 [queued]>
[2023-05-10T10:49:18.770+0000] {taskinstance.py:1362} INFO - 
--------------------------------------------------------------------------------
[2023-05-10T10:49:18.770+0000] {taskinstance.py:1363} INFO - Starting attempt 1 of 2
[2023-05-10T10:49:18.770+0000] {taskinstance.py:1364} INFO - 
--------------------------------------------------------------------------------
[2023-05-10T10:49:18.962+0000] {taskinstance.py:1383} INFO - Executing <Task(BashOperator): extract_data> on 2022-12-28 10:30:00+00:00
[2023-05-10T10:49:18.969+0000] {standard_task_runner.py:55} INFO - Started process 2104 to run task
[2023-05-10T10:49:18.983+0000] {standard_task_runner.py:82} INFO - Running: ['***', 'tasks', 'run', 'extr_proc_aug_pipl', 'extract_data', 'scheduled__2022-12-28T10:30:00+00:00', '--job-id', '6011', '--raw', '--subdir', 'DAGS_FOLDER/extr_processing_augmentation.py', '--cfg-path', '/tmp/tmpwg4len68']
[2023-05-10T10:49:18.986+0000] {standard_task_runner.py:83} INFO - Job 6011: Subtask extract_data
[2023-05-10T10:49:19.149+0000] {logging_mixin.py:120} WARNING - /home/***/.local/lib/python3.7/site-packages/***/configuration.py:545 DeprecationWarning: The sql_alchemy_conn option in [core] has been moved to the sql_alchemy_conn option in [database] - the old setting has been used, but please update your config.
[2023-05-10T10:49:19.421+0000] {task_command.py:376} INFO - Running <TaskInstance: extr_proc_aug_pipl.extract_data scheduled__2022-12-28T10:30:00+00:00 [running]> on host 0961b7a3874f
[2023-05-10T10:49:19.772+0000] {taskinstance.py:1592} INFO - Exporting the following env vars:
AIRFLOW_CTX_DAG_EMAIL=***@***.com
AIRFLOW_CTX_DAG_OWNER=***
AIRFLOW_CTX_DAG_ID=extr_proc_aug_pipl
AIRFLOW_CTX_TASK_ID=extract_data
AIRFLOW_CTX_EXECUTION_DATE=2022-12-28T10:30:00+00:00
AIRFLOW_CTX_TRY_NUMBER=1
AIRFLOW_CTX_DAG_RUN_ID=scheduled__2022-12-28T10:30:00+00:00
[2023-05-10T10:49:19.773+0000] {subprocess.py:63} INFO - Tmp dir root location: 
 /tmp
[2023-05-10T10:49:19.775+0000] {subprocess.py:75} INFO - Running command: ['/bin/bash', '-c', 'date']
[2023-05-10T10:49:19.800+0000] {subprocess.py:86} INFO - Output:
[2023-05-10T10:49:19.809+0000] {subprocess.py:93} INFO - Wed May 10 10:49:19 UTC 2023
[2023-05-10T10:49:19.810+0000] {subprocess.py:97} INFO - Command exited with return code 0
[2023-05-10T10:49:20.076+0000] {taskinstance.py:1406} INFO - Marking task as SUCCESS. dag_id=extr_proc_aug_pipl, task_id=extract_data, execution_date=20221228T103000, start_date=20230510T104918, end_date=20230510T104920
[2023-05-10T10:49:20.170+0000] {local_task_job.py:164} INFO - Task exited with return code 0
[2023-05-10T10:49:20.607+0000] {local_task_job.py:273} INFO - 1 downstream tasks scheduled from follow-on schedule check
